Executing ... 
 14:01:41 | >>> Warming up ...
 00:00:00 | >>> Warmup finished - starting simulation ...
 Realtime |   ETA    |  Sim.Time  | Progress | #Orders | #Bundles | Inv. | Distance | #Coll. |   Memory    
 00:00:00 |   n/a    | 0.00:00:00 |  0.00%   |    0    |    0     | 60%  |    0     |   0    | 130.57MB  
 00:00:00 | Cannot generate further orders - suspending generation for now
 00:00:00 | Cannot generate further orders - suspending generation for now
 00:00:00 | Cannot generate further orders - suspending generation for now
 00:00:00 | Cannot generate further orders - suspending generation for now
 00:00:00 | Cannot generate further orders - suspending generation for now
 00:00:00 | Cannot generate further orders - suspending generation for now
 00:00:00 | Cannot generate further orders - suspending generation for now
 00:00:00 | Cannot generate further orders - suspending generation for now
 00:00:00 | Cannot generate further orders - suspending generation for now
 00:00:00 | Cannot generate further orders - suspending generation for now
 00:00:00 | Cannot generate further orders - suspending generation for now
 00:00:00 | Cannot generate further orders - suspending generation for now
 00:00:00 | Cannot generate further orders - suspending generation for now
 00:00:00 | 00:00:00 | 0.00:30:00 | 100.00%  |   486   |    0     | 15%  |   5048   |   0    | 133.83MB  
 00:00:00 | >>> Simulation finished - writing results ...
 00:00:01 | >>> Results written
Simulation finished.
>>> Timings
StatTimingPathPlanningAverage: 8.09247232472324E-05
StatTimingPathPlanningOverall: 0.06579179999999994
StatTimingPathPlanningCount: 813
StatTimingTaskAllocationAverage: 0.001675739814814815
StatTimingTaskAllocationOverall: 0.36195980000000005
StatTimingTaskAllocationCount: 216
StatTimingItemStorageAverage: 8.781593406593442E-07
StatTimingItemStorageOverall: 0.0006393000000000026
StatTimingItemStorageCount: 728
StatTimingPodStorageAverage: 0.0013603446601941742
StatTimingPodStorageOverall: 0.14011549999999995
StatTimingPodStorageCount: 103
StatTimingReplenishmentBatchingAverage: 7.850000000000001E-06
StatTimingReplenishmentBatchingOverall: 1.5700000000000002E-05
StatTimingReplenishmentBatchingCount: 2
StatTimingOrderBatchingAverage: 8.112074263764406E-05
StatTimingOrderBatchingOverall: 0.0633553
StatTimingOrderBatchingCount: 781
>>> Overall
StatOverallBundlesPlaced: 0
StatOverallItemsOrdered: 631
StatOverallOrdersPlaced: 407
StatOverallBundlesRejected: 0
StatOverallOrdersRejected: 0
StatOverallBundlesHandled: 0
StatOverallItemsHandled: 742
StatOverallLinesHandled: 704
StatOverallOrdersHandled: 486
StatOverallCollisions: 0
StatOverallDistanceTraveled: 5048.447263888878
StatOverallDistanceEstimated: 4930
StatOverallAssignedTasks: 216
StatMaxMemoryUsed: 136,0859375
StatRealTimeUsed: 0.9695893
StatAverageTurnoverTime: 409.4432888541511
StatMedianTurnoverTime: 272.8156493469682
StatLowerQuartileTurnoverTime: 116.19388888888896
StatUpperQuartileTurnoverTime: 524.7774964035395
StatAverageThroughputTime: 91.57487640884149
StatMedianThroughputTime: 25.066760458079557
StatLowerQuartileThroughputTime: 15.791204902523873
StatUpperQuartileThroughputTime: 77.03722222222223

Marked tag finished after 1 tries!
.Fin. - SUCCESS
<<< Welcome to the RAWSimO CLI >>>
The time is: 06/07/2024 14:01:42
Starting RAWSimO wrapper with the following arguments:
Instance: ..\..\..\..\Material\Instances\0.Weighted30min Demand separate\Dc\Weighted2.xinst
Setting: ..\..\..\..\Material\Instances\0.Weighted30min Demand separate\Dc\Weighted2.xsett
ControlConfig: ..\..\..\..\Material\Instances\0.Weighted30min Demand separate\Dc\Weighted2.xconf
StatisticsDir: ..\..\..\..\Material\Instances\0.Weighted30min Demand separate\Dc
Seed: 2
Additionally the following tag was passed: [[1, 6.087, 1]]
Adding handler for unhandled exceptions ...
Initializing ... 
Instance recognized!
Parsing setting config ...
Parsing control config ...
Parsing instance ...
StatisticsFolder: Weighted2-Dc_[[1, 6.087, 1]]_1.csv-2
Done!
