Executing ... 
 15:39:34 | >>> Warming up ...
 00:00:00 | >>> Warmup finished - starting simulation ...
 Realtime |   ETA    |  Sim.Time  | Progress | #Orders | #Bundles | Inv. | Distance | #Coll. |   Memory    
 00:00:00 |   n/a    | 0.00:00:00 |  0.00%   |    0    |    0     | 83%  |    0     |   0    |  75.12MB  
 00:00:00 | Reactivating bundle generation paused by inventory+reserved+backlog level (currently at: 0.6491666666666667)
 00:00:00 | Cannot generate further orders - suspending generation for now
 00:00:00 | Cannot generate further orders - suspending generation for now
 00:00:00 | Cannot generate further orders - suspending generation for now
 00:00:00 | 00:00:00 | 0.00:30:00 | 100.00%  |   330   |    0     | 40%  |   2098   |   0    |  73.10MB  
 00:00:00 | >>> Simulation finished - writing results ...
 00:00:00 | >>> Results written
Simulation finished.
>>> Timings
StatTimingPathPlanningAverage: 9.828437499999992E-05
StatTimingPathPlanningOverall: 0.040886299999999966
StatTimingPathPlanningCount: 416
StatTimingTaskAllocationAverage: 0.0009666008264462811
StatTimingTaskAllocationOverall: 0.23391740000000003
StatTimingTaskAllocationCount: 242
StatTimingItemStorageAverage: 1.4386847195357818E-06
StatTimingItemStorageOverall: 0.0007437999999999992
StatTimingItemStorageCount: 517
StatTimingPodStorageAverage: 0.0017856976744186044
StatTimingPodStorageOverall: 0.07678499999999999
StatTimingPodStorageCount: 43
StatTimingReplenishmentBatchingAverage: 7.975E-06
StatTimingReplenishmentBatchingOverall: 3.19E-05
StatTimingReplenishmentBatchingCount: 4
StatTimingOrderBatchingAverage: 0.00016338045977011494
StatTimingOrderBatchingOverall: 0.0994987
StatTimingOrderBatchingCount: 609
>>> Overall
StatOverallBundlesPlaced: 180
StatOverallItemsOrdered: 571
StatOverallOrdersPlaced: 361
StatOverallBundlesRejected: 0
StatOverallOrdersRejected: 0
StatOverallBundlesHandled: 0
StatOverallItemsHandled: 519
StatOverallLinesHandled: 485
StatOverallOrdersHandled: 330
StatOverallCollisions: 0
StatOverallDistanceTraveled: 2097.9496678681235
StatOverallDistanceEstimated: 2076
StatOverallAssignedTasks: 242
StatMaxMemoryUsed: 75,55078125
StatRealTimeUsed: 0.8894759
StatAverageTurnoverTime: 574.5234465274849
StatMedianTurnoverTime: 451.38343431767134
StatLowerQuartileTurnoverTime: 211.93842712474623
StatUpperQuartileTurnoverTime: 866.3146464131215
StatAverageThroughputTime: 162.18152566236964
StatMedianThroughputTime: 101.72129869393848
StatLowerQuartileThroughputTime: 61.06287156919046
StatUpperQuartileThroughputTime: 222.5334271247467

Marked tag finished after 1 tries!
.Fin. - SUCCESS
<<< Welcome to the RAWSimO CLI >>>
The time is: 06/03/2024 15:39:35
Starting RAWSimO wrapper with the following arguments:
Instance: ..\..\..\..\Material\Instances\0.Weighted30min\WeightedScenario.xinst
Setting: ..\..\..\..\Material\Instances\0.Weighted30min\WeightedScenario.xsett
ControlConfig: ..\..\..\..\Material\Instances\0.Weighted30min\WeightedScenario.xconf
StatisticsDir: ..\..\..\..\Material\Instances\0.Weighted30min
Seed: 2
Additionally the following tag was passed: Dewlow
Adding handler for unhandled exceptions ...
Initializing ... 
Instance recognized!
Parsing setting config ...
Parsing control config ...
Parsing instance ...
StatisticsFolder: WeightedScenario-De_wlow_1.csv-2
Done!
