Executing ... 
 09:42:12 | >>> Warming up ...
 00:00:00 | >>> Warmup finished - starting simulation ...
 Realtime |   ETA    |  Sim.Time  | Progress | #Orders | #Bundles | Inv. | Distance | #Coll. |   Memory    
 00:00:00 |   n/a    | 0.00:00:00 |  0.00%   |    0    |    0     | 60%  |    0     |   0    |  96.46MB  
 00:00:01 | Cannot generate further orders - suspending generation for now
 00:00:01 | Cannot generate further orders - suspending generation for now
 00:00:01 | Cannot generate further orders - suspending generation for now
 00:00:01 | Cannot generate further orders - suspending generation for now
 00:00:01 | Cannot generate further orders - suspending generation for now
 00:00:01 | Cannot generate further orders - suspending generation for now
 00:00:01 | 00:00:00 | 0.00:30:00 | 100.00%  |   470   |    0     | 18%  |   5095   |   0    |  93.85MB  
 00:00:01 | >>> Simulation finished - writing results ...
 00:00:01 | >>> Results written
Simulation finished.
>>> Timings
StatTimingPathPlanningAverage: 0.00012449461444308444
StatTimingPathPlanningOverall: 0.1017121
StatTimingPathPlanningCount: 817
StatTimingTaskAllocationAverage: 0.002709048803827752
StatTimingTaskAllocationOverall: 0.5661912000000002
StatTimingTaskAllocationCount: 209
StatTimingItemStorageAverage: 1.3498554913294772E-06
StatTimingItemStorageOverall: 0.0009340999999999981
StatTimingItemStorageCount: 692
StatTimingPodStorageAverage: 0.002918432000000001
StatTimingPodStorageOverall: 0.29184320000000014
StatTimingPodStorageCount: 100
StatTimingReplenishmentBatchingAverage: 7.5500000000000006E-06
StatTimingReplenishmentBatchingOverall: 1.5100000000000001E-05
StatTimingReplenishmentBatchingCount: 2
StatTimingOrderBatchingAverage: 0.00014162209595959595
StatTimingOrderBatchingOverall: 0.11216469999999999
StatTimingOrderBatchingCount: 792
>>> Overall
StatOverallBundlesPlaced: 0
StatOverallItemsOrdered: 667
StatOverallOrdersPlaced: 421
StatOverallBundlesRejected: 0
StatOverallOrdersRejected: 0
StatOverallBundlesHandled: 0
StatOverallItemsHandled: 707
StatOverallLinesHandled: 666
StatOverallOrdersHandled: 470
StatOverallCollisions: 0
StatOverallDistanceTraveled: 5094.507088728006
StatOverallDistanceEstimated: 4917
StatOverallAssignedTasks: 209
StatMaxMemoryUsed: 96,46484375
StatRealTimeUsed: 1.4393014
StatAverageTurnoverTime: 489.39815892566776
StatMedianTurnoverTime: 341.88231601363526
StatLowerQuartileTurnoverTime: 169.8088888888889
StatUpperQuartileTurnoverTime: 700
StatAverageThroughputTime: 97.60607217993663
StatMedianThroughputTime: 20.395555555555575
StatLowerQuartileThroughputTime: 12.92398268030206
StatUpperQuartileThroughputTime: 86.61611111111102

Marked tag finished after 1 tries!
.Fin. - SUCCESS
<<< Welcome to the RAWSimO CLI >>>
The time is: 06/13/2024 09:42:14
Starting RAWSimO wrapper with the following arguments:
Instance: ..\..\..\..\Material\Instances\0.Weighted30min Demand separate\Db\Weighted2.xinst
Setting: ..\..\..\..\Material\Instances\0.Weighted30min Demand separate\Db\Weighted2.xsett
ControlConfig: ..\..\..\..\Material\Instances\0.Weighted30min Demand separate\Db\Weighted2.xconf
StatisticsDir: ..\..\..\..\Material\Instances\0.Weighted30min Demand separate\Db
Seed: 2
Additionally the following tag was passed: 1, 0.059, 0.30400000000000005, 0.118, 0.465, 0.558
Adding handler for unhandled exceptions ...
Initializing ... 
Instance recognized!
Parsing setting config ...
Parsing control config ...
Parsing instance ...
StatisticsFolder: Weighted2-Db_[[1, 0.059, 0.30400000000000005]]_2_[0.118, 0.465, 0.558].csv-2
Done!
