Executing ... 
 20:00:40 | >>> Warming up ...
 00:00:00 | >>> Warmup finished - starting simulation ...
 Realtime |   ETA    |  Sim.Time  | Progress | #Orders | #Bundles | Inv. | Distance | #Coll. |   Memory    
 00:00:00 |   n/a    | 0.00:00:00 |  0.00%   |    0    |    0     | 60%  |    0     |   0    |  85.07MB  
 00:00:01 | Cannot generate further orders - suspending generation for now
 00:00:01 | Cannot generate further orders - suspending generation for now
 00:00:01 | Cannot generate further orders - suspending generation for now
 00:00:01 | Cannot generate further orders - suspending generation for now
 00:00:01 | Cannot generate further orders - suspending generation for now
 00:00:01 | Cannot generate further orders - suspending generation for now
 00:00:01 | Cannot generate further orders - suspending generation for now
 00:00:01 | Cannot generate further orders - suspending generation for now
 00:00:01 | Cannot generate further orders - suspending generation for now
 00:00:01 | Cannot generate further orders - suspending generation for now
 00:00:01 | Cannot generate further orders - suspending generation for now
 00:00:01 | 00:00:00 | 0.00:30:00 | 100.00%  |   489   |    0     | 13%  |   4943   |   0    |  83.55MB  
 00:00:01 | >>> Simulation finished - writing results ...
 00:00:01 | >>> Results written
Simulation finished.
>>> Timings
StatTimingPathPlanningAverage: 0.00012694257178526853
StatTimingPathPlanningOverall: 0.10168100000000009
StatTimingPathPlanningCount: 801
StatTimingTaskAllocationAverage: 0.0024322289999999984
StatTimingTaskAllocationOverall: 0.48644579999999965
StatTimingTaskAllocationCount: 200
StatTimingItemStorageAverage: 1.4124183006535932E-06
StatTimingItemStorageOverall: 0.0010804999999999988
StatTimingItemStorageCount: 765
StatTimingPodStorageAverage: 0.0021096822916666664
StatTimingPodStorageOverall: 0.20252949999999997
StatTimingPodStorageCount: 96
StatTimingReplenishmentBatchingAverage: 1.815E-05
StatTimingReplenishmentBatchingOverall: 3.63E-05
StatTimingReplenishmentBatchingCount: 2
StatTimingOrderBatchingAverage: 0.0001468561097256858
StatTimingOrderBatchingOverall: 0.11777860000000001
StatTimingOrderBatchingCount: 802
>>> Overall
StatOverallBundlesPlaced: 0
StatOverallItemsOrdered: 651
StatOverallOrdersPlaced: 401
StatOverallBundlesRejected: 0
StatOverallOrdersRejected: 0
StatOverallBundlesHandled: 0
StatOverallItemsHandled: 780
StatOverallLinesHandled: 729
StatOverallOrdersHandled: 489
StatOverallCollisions: 0
StatOverallDistanceTraveled: 4943.440333487638
StatOverallDistanceEstimated: 4822
StatOverallAssignedTasks: 200
StatMaxMemoryUsed: 85,06640625
StatRealTimeUsed: 1.3460746
StatAverageTurnoverTime: 459.75890854215754
StatMedianTurnoverTime: 330.88870849898456
StatLowerQuartileTurnoverTime: 154.2994444444445
StatUpperQuartileTurnoverTime: 621.195836929794
StatAverageThroughputTime: 97.38463834957771
StatMedianThroughputTime: 29.00722222222248
StatLowerQuartileThroughputTime: 19.278333333333876
StatUpperQuartileThroughputTime: 97.68888888888893

Marked tag finished after 1 tries!
.Fin. - SUCCESS
<<< Welcome to the RAWSimO CLI >>>
The time is: 06/11/2024 20:00:41
Starting RAWSimO wrapper with the following arguments:
Instance: ..\..\..\..\Material\Instances\0.Weighted30min Demand separate\Df\Weighted2.xinst
Setting: ..\..\..\..\Material\Instances\0.Weighted30min Demand separate\Df\Weighted2.xsett
ControlConfig: ..\..\..\..\Material\Instances\0.Weighted30min Demand separate\Df\Weighted2.xconf
StatisticsDir: ..\..\..\..\Material\Instances\0.Weighted30min Demand separate\Df
Seed: 1
Additionally the following tag was passed: [[1, 0.436, 0.068]]
Adding handler for unhandled exceptions ...
Initializing ... 
Instance recognized!
Parsing setting config ...
Parsing control config ...
Parsing instance ...
StatisticsFolder: Weighted2-Df_[[1, 0.436, 0.068]]_2.csv-1
Done!
