Executing ... 
 09:39:47 | >>> Warming up ...
 00:00:00 | >>> Warmup finished - starting simulation ...
 Realtime |   ETA    |  Sim.Time  | Progress | #Orders | #Bundles | Inv. | Distance | #Coll. |   Memory    
 00:00:00 |   n/a    | 0.00:00:00 |  0.00%   |    0    |    0     | 60%  |    0     |   0    |  78.82MB  
 00:00:00 | Cannot generate further orders - suspending generation for now
 00:00:00 | Cannot generate further orders - suspending generation for now
 00:00:01 | Cannot generate further orders - suspending generation for now
 00:00:01 | Cannot generate further orders - suspending generation for now
 00:00:01 | Cannot generate further orders - suspending generation for now
 00:00:01 | Cannot generate further orders - suspending generation for now
 00:00:01 | Cannot generate further orders - suspending generation for now
 00:00:01 | 00:00:00 | 0.00:30:00 | 100.00%  |   474   |    0     | 17%  |   5247   |   0    |  74.80MB  
 00:00:01 | >>> Simulation finished - writing results ...
 00:00:01 | >>> Results written
Simulation finished.
>>> Timings
StatTimingPathPlanningAverage: 9.704111498257844E-05
StatTimingPathPlanningOverall: 0.08355240000000004
StatTimingPathPlanningCount: 861
StatTimingTaskAllocationAverage: 0.001955653917050691
StatTimingTaskAllocationOverall: 0.42437689999999995
StatTimingTaskAllocationCount: 217
StatTimingItemStorageAverage: 9.835007173601177E-07
StatTimingItemStorageOverall: 0.000685500000000002
StatTimingItemStorageCount: 697
StatTimingPodStorageAverage: 0.0016365864077669912
StatTimingPodStorageOverall: 0.1685684000000001
StatTimingPodStorageCount: 103
StatTimingReplenishmentBatchingAverage: 7.2999999999999996E-06
StatTimingReplenishmentBatchingOverall: 1.4599999999999999E-05
StatTimingReplenishmentBatchingCount: 2
StatTimingOrderBatchingAverage: 0.00010308573248407644
StatTimingOrderBatchingOverall: 0.0809223
StatTimingOrderBatchingCount: 785
>>> Overall
StatOverallBundlesPlaced: 0
StatOverallItemsOrdered: 644
StatOverallOrdersPlaced: 415
StatOverallBundlesRejected: 0
StatOverallOrdersRejected: 0
StatOverallBundlesHandled: 0
StatOverallItemsHandled: 716
StatOverallLinesHandled: 676
StatOverallOrdersHandled: 474
StatOverallCollisions: 0
StatOverallDistanceTraveled: 5246.82543490086
StatOverallDistanceEstimated: 5080
StatOverallAssignedTasks: 217
StatMaxMemoryUsed: 78,39453125
StatRealTimeUsed: 1.1367476
StatAverageTurnoverTime: 468.47022586799
StatMedianTurnoverTime: 336.8345454287787
StatLowerQuartileTurnoverTime: 145.2332323489992
StatUpperQuartileTurnoverTime: 688.4394444444455
StatAverageThroughputTime: 92.83200569496643
StatMedianThroughputTime: 20.602316013635118
StatLowerQuartileThroughputTime: 12.880555555555574
StatUpperQuartileThroughputTime: 80.76879509747778

Marked tag finished after 1 tries!
.Fin. - SUCCESS
<<< Welcome to the RAWSimO CLI >>>
The time is: 06/13/2024 09:39:48
Starting RAWSimO wrapper with the following arguments:
Instance: ..\..\..\..\Material\Instances\0.Weighted30min Demand separate\Da\Weighted2.xinst
Setting: ..\..\..\..\Material\Instances\0.Weighted30min Demand separate\Da\Weighted2.xsett
ControlConfig: ..\..\..\..\Material\Instances\0.Weighted30min Demand separate\Da\Weighted2.xconf
StatisticsDir: ..\..\..\..\Material\Instances\0.Weighted30min Demand separate\Da
Seed: 3
Additionally the following tag was passed: 1, 4.0312, 0.71, 0.224, 0.1, 0.312
Adding handler for unhandled exceptions ...
Initializing ... 
Instance recognized!
Parsing setting config ...
Parsing control config ...
Parsing instance ...
StatisticsFolder: Weighted2-Da_[[1, 4.0312, 0.71]]_3_[0.224, 0.1, 0.312].csv-3
Done!
