<<< Welcome to the RAWSimO CLI >>>
The time is: 06/13/2024 09:36:25
Starting RAWSimO wrapper with the following arguments:
Instance: ..\..\..\..\Material\Instances\0.Weighted30min Demand separate\Da\Weighted2.xinst
Setting: ..\..\..\..\Material\Instances\0.Weighted30min Demand separate\Da\Weighted2.xsett
ControlConfig: ..\..\..\..\Material\Instances\0.Weighted30min Demand separate\Da\Weighted2.xconf
StatisticsDir: ..\..\..\..\Material\Instances\0.Weighted30min Demand separate\Da
Seed: 1
Additionally the following tag was passed: 1, 0.052, 0.052, 0.098, 0.7, 0.353
Adding handler for unhandled exceptions ...
Initializing ... 
Instance recognized!
Parsing setting config ...
Parsing control config ...
Parsing instance ...
StatisticsFolder: Weighted2-Da_[[1, 0.052, 0.052]]_1_[0.098, 0.7, 0.353].csv-1
Done!
Executing ... 
 09:36:26 | >>> Warming up ...
 00:00:00 | >>> Warmup finished - starting simulation ...
 Realtime |   ETA    |  Sim.Time  | Progress | #Orders | #Bundles | Inv. | Distance | #Coll. |   Memory    
 00:00:00 |   n/a    | 0.00:00:00 |  0.00%   |    0    |    0     | 60%  |    0     |   0    |  61.06MB  
 00:00:01 | Cannot generate further orders - suspending generation for now
 00:00:01 | Cannot generate further orders - suspending generation for now
 00:00:01 | Cannot generate further orders - suspending generation for now
 00:00:01 | Cannot generate further orders - suspending generation for now
 00:00:01 | Cannot generate further orders - suspending generation for now
 00:00:01 | Cannot generate further orders - suspending generation for now
 00:00:01 | Cannot generate further orders - suspending generation for now
 00:00:01 | Cannot generate further orders - suspending generation for now
 00:00:01 | Cannot generate further orders - suspending generation for now
 00:00:01 | 00:00:00 | 0.00:30:00 | 100.00%  |   472   |    0     | 16%  |   4938   |   0    |  66.47MB  
 00:00:01 | >>> Simulation finished - writing results ...
 00:00:01 | >>> Results written
Simulation finished.
>>> Timings
StatTimingPathPlanningAverage: 0.00011753744239631316
StatTimingPathPlanningOverall: 0.10202249999999982
StatTimingPathPlanningCount: 868
StatTimingTaskAllocationAverage: 0.0020502512195121956
StatTimingTaskAllocationOverall: 0.4203015000000001
StatTimingTaskAllocationCount: 205
StatTimingItemStorageAverage: 3.0241184767277712E-06
StatTimingItemStorageOverall: 0.00214409999999999
StatTimingItemStorageCount: 709
StatTimingPodStorageAverage: 0.001568472448979591
StatTimingPodStorageOverall: 0.1537102999999999
StatTimingPodStorageCount: 98
StatTimingReplenishmentBatchingAverage: 0.0022773999999999997
StatTimingReplenishmentBatchingOverall: 0.0045547999999999995
StatTimingReplenishmentBatchingCount: 2
StatTimingOrderBatchingAverage: 9.896325224071708E-05
StatTimingOrderBatchingOverall: 0.07729030000000003
StatTimingOrderBatchingCount: 781
>>> Overall
StatOverallBundlesPlaced: 0
StatOverallItemsOrdered: 667
StatOverallOrdersPlaced: 421
StatOverallBundlesRejected: 0
StatOverallOrdersRejected: 0
StatOverallBundlesHandled: 0
StatOverallItemsHandled: 731
StatOverallLinesHandled: 689
StatOverallOrdersHandled: 472
StatOverallCollisions: 0
StatOverallDistanceTraveled: 4937.869494068257
StatOverallDistanceEstimated: 4830
StatOverallAssignedTasks: 205
StatMaxMemoryUsed: 69,28125
StatRealTimeUsed: 1.2290277
StatAverageTurnoverTime: 447.04976290527605
StatMedianTurnoverTime: 278.244819610097
StatLowerQuartileTurnoverTime: 117.64898268030356
StatUpperQuartileTurnoverTime: 648.6554689570684
StatAverageThroughputTime: 97.67249152773519
StatMedianThroughputTime: 20.764999999999986
StatLowerQuartileThroughputTime: 13.188333333333276
StatUpperQuartileThroughputTime: 81.29157287525402

Marked tag finished after 1 tries!
.Fin. - SUCCESS
<<< Welcome to the RAWSimO CLI >>>
The time is: 06/13/2024 09:36:27
Starting RAWSimO wrapper with the following arguments:
Instance: ..\..\..\..\Material\Instances\0.Weighted30min Demand separate\Da\Weighted2.xinst
Setting: ..\..\..\..\Material\Instances\0.Weighted30min Demand separate\Da\Weighted2.xsett
ControlConfig: ..\..\..\..\Material\Instances\0.Weighted30min Demand separate\Da\Weighted2.xconf
StatisticsDir: ..\..\..\..\Material\Instances\0.Weighted30min Demand separate\Da
Seed: 2
Additionally the following tag was passed: 1, 0.052, 0.052, 0.098, 0.7, 0.353
Adding handler for unhandled exceptions ...
Initializing ... 
Instance recognized!
Parsing setting config ...
Parsing control config ...
Parsing instance ...
StatisticsFolder: Weighted2-Da_[[1, 0.052, 0.052]]_1_[0.098, 0.7, 0.353].csv-2
Done!
