Executing ... 
 19:26:09 | >>> Warming up ...
 00:00:00 | >>> Warmup finished - starting simulation ...
 Realtime |   ETA    |  Sim.Time  | Progress | #Orders | #Bundles | Inv. | Distance | #Coll. |   Memory    
 00:00:00 |   n/a    | 0.00:00:00 |  0.00%   |    0    |    0     | 60%  |    0     |   0    | 143.50MB  
 00:00:00 | Cannot generate further orders - suspending generation for now
 00:00:00 | Cannot generate further orders - suspending generation for now
 00:00:00 | Cannot generate further orders - suspending generation for now
 00:00:00 | Cannot generate further orders - suspending generation for now
 00:00:00 | Cannot generate further orders - suspending generation for now
 00:00:00 | Cannot generate further orders - suspending generation for now
 00:00:00 | Cannot generate further orders - suspending generation for now
 00:00:00 | Cannot generate further orders - suspending generation for now
 00:00:00 | 00:00:00 | 0.00:30:00 | 100.00%  |   485   |    0     | 15%  |   5108   |   0    | 141.27MB  
 00:00:00 | >>> Simulation finished - writing results ...
 00:00:00 | >>> Results written
Simulation finished.
>>> Timings
StatTimingPathPlanningAverage: 8.033390804597701E-05
StatTimingPathPlanningOverall: 0.0698905
StatTimingPathPlanningCount: 870
StatTimingTaskAllocationAverage: 0.00163211826923077
StatTimingTaskAllocationOverall: 0.33948060000000013
StatTimingTaskAllocationCount: 208
StatTimingItemStorageAverage: 8.320163487738477E-07
StatTimingItemStorageOverall: 0.0006107000000000042
StatTimingItemStorageCount: 734
StatTimingPodStorageAverage: 0.0014554490000000006
StatTimingPodStorageOverall: 0.14554490000000006
StatTimingPodStorageCount: 100
StatTimingReplenishmentBatchingAverage: 6.6E-06
StatTimingReplenishmentBatchingOverall: 1.32E-05
StatTimingReplenishmentBatchingCount: 2
StatTimingOrderBatchingAverage: 7.961113831089355E-05
StatTimingOrderBatchingOverall: 0.06504230000000003
StatTimingOrderBatchingCount: 817
>>> Overall
StatOverallBundlesPlaced: 0
StatOverallItemsOrdered: 667
StatOverallOrdersPlaced: 423
StatOverallBundlesRejected: 0
StatOverallOrdersRejected: 0
StatOverallBundlesHandled: 0
StatOverallItemsHandled: 741
StatOverallLinesHandled: 693
StatOverallOrdersHandled: 485
StatOverallCollisions: 0
StatOverallDistanceTraveled: 5107.545284035996
StatOverallDistanceEstimated: 4960
StatOverallAssignedTasks: 208
StatMaxMemoryUsed: 143,5
StatRealTimeUsed: 0.8932228
StatAverageTurnoverTime: 431.55161438480275
StatMedianTurnoverTime: 292.8055627484767
StatLowerQuartileTurnoverTime: 114.95453823585729
StatUpperQuartileTurnoverTime: 625.6864862767628
StatAverageThroughputTime: 95.68872099342474
StatMedianThroughputTime: 21.36388888888885
StatLowerQuartileThroughputTime: 12.862871569190645
StatUpperQuartileThroughputTime: 81.02925686161825

Marked tag finished after 1 tries!
.Fin. - SUCCESS
<<< Welcome to the RAWSimO CLI >>>
The time is: 06/25/2024 19:26:10
Starting RAWSimO wrapper with the following arguments:
Instance: ..\..\..\..\Material\Instances\10.Weighted30min Demand Gall\Dr\Weighted2.xinst
Setting: ..\..\..\..\Material\Instances\10.Weighted30min Demand Gall\Dr\Weighted2.xsett
ControlConfig: ..\..\..\..\Material\Instances\10.Weighted30min Demand Gall\Dr\Weighted2.xconf
StatisticsDir: ..\..\..\..\Material\Instances\10.Weighted30min Demand Gall\Dr
Seed: 1
Additionally the following tag was passed: 1, 0.7327272727272728, 1.0, 0.185, 0.252, 1.0
Adding handler for unhandled exceptions ...
Initializing ... 
Instance recognized!
Parsing setting config ...
Parsing control config ...
Parsing instance ...
StatisticsFolder: Weighted2-Dr_[[1, 0.7327272727272728, 1.0]]_2_[0.185, 0.252, 1.0].csv-1
Done!
