Executing ... 
 19:26:47 | >>> Warming up ...
 00:00:00 | >>> Warmup finished - starting simulation ...
 Realtime |   ETA    |  Sim.Time  | Progress | #Orders | #Bundles | Inv. | Distance | #Coll. |   Memory    
 00:00:00 |   n/a    | 0.00:00:00 |  0.00%   |    0    |    0     | 60%  |    0     |   0    | 136.97MB  
 00:00:00 | Cannot generate further orders - suspending generation for now
 00:00:00 | Cannot generate further orders - suspending generation for now
 00:00:00 | Cannot generate further orders - suspending generation for now
 00:00:00 | Cannot generate further orders - suspending generation for now
 00:00:00 | Cannot generate further orders - suspending generation for now
 00:00:00 | Cannot generate further orders - suspending generation for now
 00:00:00 | Cannot generate further orders - suspending generation for now
 00:00:00 | Cannot generate further orders - suspending generation for now
 00:00:00 | Cannot generate further orders - suspending generation for now
 00:00:01 | Cannot generate further orders - suspending generation for now
 00:00:01 | 00:00:00 | 0.00:30:00 | 100.00%  |   461   |    0     | 17%  |   5223   |   0    | 139.67MB  
 00:00:01 | >>> Simulation finished - writing results ...
 00:00:01 | >>> Results written
Simulation finished.
>>> Timings
StatTimingPathPlanningAverage: 0.00011368305084745762
StatTimingPathPlanningOverall: 0.09390219999999999
StatTimingPathPlanningCount: 826
StatTimingTaskAllocationAverage: 0.0018048753424657542
StatTimingTaskAllocationOverall: 0.39526770000000017
StatTimingTaskAllocationCount: 219
StatTimingItemStorageAverage: 1.0230547550432288E-06
StatTimingItemStorageOverall: 0.0007100000000000008
StatTimingItemStorageCount: 694
StatTimingPodStorageAverage: 0.0015720249999999992
StatTimingPodStorageOverall: 0.16349059999999993
StatTimingPodStorageCount: 104
StatTimingReplenishmentBatchingAverage: 7.4E-06
StatTimingReplenishmentBatchingOverall: 1.48E-05
StatTimingReplenishmentBatchingCount: 2
StatTimingOrderBatchingAverage: 9.92727882037534E-05
StatTimingOrderBatchingOverall: 0.07405750000000004
StatTimingOrderBatchingCount: 746
>>> Overall
StatOverallBundlesPlaced: 0
StatOverallItemsOrdered: 662
StatOverallOrdersPlaced: 415
StatOverallBundlesRejected: 0
StatOverallOrdersRejected: 0
StatOverallBundlesHandled: 0
StatOverallItemsHandled: 722
StatOverallLinesHandled: 681
StatOverallOrdersHandled: 461
StatOverallCollisions: 0
StatOverallDistanceTraveled: 5223.383749418501
StatOverallDistanceEstimated: 5076
StatOverallAssignedTasks: 219
StatMaxMemoryUsed: 142,40625
StatRealTimeUsed: 1.0244056
StatAverageTurnoverTime: 468.6572521648077
StatMedianTurnoverTime: 331.1207431383811
StatLowerQuartileTurnoverTime: 153.3819480409049
StatUpperQuartileTurnoverTime: 683.9894516373663
StatAverageThroughputTime: 107.7624162886133
StatMedianThroughputTime: 25.096572875253685
StatLowerQuartileThroughputTime: 16.732222222222276
StatUpperQuartileThroughputTime: 92.0578715691912

Marked tag finished after 1 tries!
.Fin. - SUCCESS
<<< Welcome to the RAWSimO CLI >>>
The time is: 06/25/2024 19:26:48
Starting RAWSimO wrapper with the following arguments:
Instance: ..\..\..\..\Material\Instances\10.Weighted30min Demand Gall\Dr\Weighted2.xinst
Setting: ..\..\..\..\Material\Instances\10.Weighted30min Demand Gall\Dr\Weighted2.xsett
ControlConfig: ..\..\..\..\Material\Instances\10.Weighted30min Demand Gall\Dr\Weighted2.xconf
StatisticsDir: ..\..\..\..\Material\Instances\10.Weighted30min Demand Gall\Dr
Seed: 4
Additionally the following tag was passed: 1, 1.021818181818182, 1.0, 0.201, 0.195, 1.0
Adding handler for unhandled exceptions ...
Initializing ... 
Instance recognized!
Parsing setting config ...
Parsing control config ...
Parsing instance ...
StatisticsFolder: Weighted2-Dr_[[1, 1.021818181818182, 1.0]]_1_[0.201, 0.195, 1.0].csv-4
Done!
