Executing ... 
 14:00:19 | >>> Warming up ...
 00:00:00 | >>> Warmup finished - starting simulation ...
 Realtime |   ETA    |  Sim.Time  | Progress | #Orders | #Bundles | Inv. | Distance | #Coll. |   Memory    
 00:00:00 |   n/a    | 0.00:00:00 |  0.00%   |    0    |    0     | 60%  |    0     |   0    | 114.25MB  
 00:00:00 | Cannot generate further orders - suspending generation for now
 00:00:00 | Cannot generate further orders - suspending generation for now
 00:00:00 | Cannot generate further orders - suspending generation for now
 00:00:00 | Cannot generate further orders - suspending generation for now
 00:00:00 | Cannot generate further orders - suspending generation for now
 00:00:00 | Cannot generate further orders - suspending generation for now
 00:00:00 | Cannot generate further orders - suspending generation for now
 00:00:00 | 00:00:00 | 0.00:30:00 | 100.00%  |   460   |    0     | 18%  |   5145   |   0    | 109.32MB  
 00:00:00 | >>> Simulation finished - writing results ...
 00:00:01 | >>> Results written
Simulation finished.
>>> Timings
StatTimingPathPlanningAverage: 9.063424170616111E-05
StatTimingPathPlanningOverall: 0.07649529999999997
StatTimingPathPlanningCount: 844
StatTimingTaskAllocationAverage: 0.001724664186046512
StatTimingTaskAllocationOverall: 0.3708028000000001
StatTimingTaskAllocationCount: 215
StatTimingItemStorageAverage: 9.076923076923129E-07
StatTimingItemStorageOverall: 0.0006136000000000035
StatTimingItemStorageCount: 676
StatTimingPodStorageAverage: 0.001458145631067962
StatTimingPodStorageOverall: 0.1501890000000001
StatTimingPodStorageCount: 103
StatTimingReplenishmentBatchingAverage: 1.09E-05
StatTimingReplenishmentBatchingOverall: 2.18E-05
StatTimingReplenishmentBatchingCount: 2
StatTimingOrderBatchingAverage: 7.472470892626137E-05
StatTimingOrderBatchingOverall: 0.05776220000000004
StatTimingOrderBatchingCount: 773
>>> Overall
StatOverallBundlesPlaced: 0
StatOverallItemsOrdered: 667
StatOverallOrdersPlaced: 421
StatOverallBundlesRejected: 0
StatOverallOrdersRejected: 0
StatOverallBundlesHandled: 0
StatOverallItemsHandled: 698
StatOverallLinesHandled: 655
StatOverallOrdersHandled: 460
StatOverallCollisions: 0
StatOverallDistanceTraveled: 5144.871360579212
StatOverallDistanceEstimated: 4978
StatOverallAssignedTasks: 215
StatMaxMemoryUsed: 114,24609375
StatRealTimeUsed: 0.9810276
StatAverageTurnoverTime: 470.03856545178905
StatMedianTurnoverTime: 322.33805915201685
StatLowerQuartileTurnoverTime: 121.53444444444447
StatUpperQuartileTurnoverTime: 702.4417676510013
StatAverageThroughputTime: 102.72633656307674
StatMedianThroughputTime: 21.033333333333985
StatLowerQuartileThroughputTime: 12.917871569190652
StatUpperQuartileThroughputTime: 84.60759738787533

Marked tag finished after 1 tries!
.Fin. - SUCCESS
<<< Welcome to the RAWSimO CLI >>>
The time is: 06/07/2024 14:00:20
Starting RAWSimO wrapper with the following arguments:
Instance: ..\..\..\..\Material\Instances\0.Weighted30min Demand separate\Db\Weighted2.xinst
Setting: ..\..\..\..\Material\Instances\0.Weighted30min Demand separate\Db\Weighted2.xsett
ControlConfig: ..\..\..\..\Material\Instances\0.Weighted30min Demand separate\Db\Weighted2.xconf
StatisticsDir: ..\..\..\..\Material\Instances\0.Weighted30min Demand separate\Db
Seed: 2
Additionally the following tag was passed: [[1, 0.059, 1]]
Adding handler for unhandled exceptions ...
Initializing ... 
Instance recognized!
Parsing setting config ...
Parsing control config ...
Parsing instance ...
StatisticsFolder: Weighted2-Db_[[1, 0.059, 1]]_1.csv-2
Done!
