Executing ... 
 13:45:11 | >>> Warming up ...
 00:00:00 | >>> Warmup finished - starting simulation ...
 Realtime |   ETA    |  Sim.Time  | Progress | #Orders | #Bundles | Inv. | Distance | #Coll. |   Memory    
 00:00:00 |   n/a    | 0.00:00:00 |  0.00%   |    0    |    0     | 60%  |    0     |   0    |  83.29MB  
 00:00:00 | Cannot generate further orders - suspending generation for now
 00:00:01 | Cannot generate further orders - suspending generation for now
 00:00:01 | Cannot generate further orders - suspending generation for now
 00:00:01 | Cannot generate further orders - suspending generation for now
 00:00:01 | Cannot generate further orders - suspending generation for now
 00:00:01 | Cannot generate further orders - suspending generation for now
 00:00:01 | Cannot generate further orders - suspending generation for now
 00:00:01 | Cannot generate further orders - suspending generation for now
 00:00:01 | Cannot generate further orders - suspending generation for now
 00:00:01 | 00:00:00 | 0.00:30:00 | 100.00%  |   459   |    0     | 18%  |   5149   |   0    |  86.98MB  
 00:00:01 | >>> Simulation finished - writing results ...
 00:00:01 | >>> Results written
Simulation finished.
>>> Timings
StatTimingPathPlanningAverage: 0.00011628811659192812
StatTimingPathPlanningOverall: 0.10372899999999989
StatTimingPathPlanningCount: 892
StatTimingTaskAllocationAverage: 0.0021771471698113208
StatTimingTaskAllocationOverall: 0.4615552
StatTimingTaskAllocationCount: 212
StatTimingItemStorageAverage: 1.5541176470588186E-06
StatTimingItemStorageOverall: 0.0010567999999999966
StatTimingItemStorageCount: 680
StatTimingPodStorageAverage: 0.0017979485436893205
StatTimingPodStorageOverall: 0.1851887
StatTimingPodStorageCount: 103
StatTimingReplenishmentBatchingAverage: 2.84E-05
StatTimingReplenishmentBatchingOverall: 5.68E-05
StatTimingReplenishmentBatchingCount: 2
StatTimingOrderBatchingAverage: 0.00010569081500646832
StatTimingOrderBatchingOverall: 0.08169900000000001
StatTimingOrderBatchingCount: 773
>>> Overall
StatOverallBundlesPlaced: 0
StatOverallItemsOrdered: 667
StatOverallOrdersPlaced: 425
StatOverallBundlesRejected: 0
StatOverallOrdersRejected: 0
StatOverallBundlesHandled: 0
StatOverallItemsHandled: 696
StatOverallLinesHandled: 654
StatOverallOrdersHandled: 459
StatOverallCollisions: 0
StatOverallDistanceTraveled: 5149.400790430558
StatOverallDistanceEstimated: 4970
StatOverallAssignedTasks: 212
StatMaxMemoryUsed: 86,98046875
StatRealTimeUsed: 1.2195794
StatAverageTurnoverTime: 424.1640301212843
StatMedianTurnoverTime: 287.17833333333334
StatLowerQuartileTurnoverTime: 127.70064934696813
StatUpperQuartileTurnoverTime: 577.208888888889
StatAverageThroughputTime: 98.1602581045728
StatMedianThroughputTime: 21.403607514650503
StatLowerQuartileThroughputTime: 13.148795097473567
StatUpperQuartileThroughputTime: 84.50490620858568

Marked tag finished after 1 tries!
.Fin. - SUCCESS
<<< Welcome to the RAWSimO CLI >>>
The time is: 06/07/2024 13:45:12
Starting RAWSimO wrapper with the following arguments:
Instance: ..\..\..\..\Material\Instances\0.Weighted30min Demand separate\Dd\Weighted2.xinst
Setting: ..\..\..\..\Material\Instances\0.Weighted30min Demand separate\Dd\Weighted2.xsett
ControlConfig: ..\..\..\..\Material\Instances\0.Weighted30min Demand separate\Dd\Weighted2.xconf
StatisticsDir: ..\..\..\..\Material\Instances\0.Weighted30min Demand separate\Dd
Seed: 2
Additionally the following tag was passed: wr
Adding handler for unhandled exceptions ...
Initializing ... 
Instance recognized!
Parsing setting config ...
Parsing control config ...
Parsing instance ...
StatisticsFolder: Weighted2-Dd_wr_2.csv-2
Done!
