Executing ... 
 16:21:56 | >>> Warming up ...
 00:00:00 | >>> Warmup finished - starting simulation ...
 Realtime |   ETA    |  Sim.Time  | Progress | #Orders | #Bundles | Inv. | Distance | #Coll. |   Memory    
 00:00:00 |   n/a    | 0.00:00:00 |  0.00%   |    0    |    0     | 60%  |    0     |   0    |  91.53MB  
 00:00:00 | Cannot generate further orders - suspending generation for now
 00:00:00 | Cannot generate further orders - suspending generation for now
 00:00:01 | Cannot generate further orders - suspending generation for now
 00:00:01 | Cannot generate further orders - suspending generation for now
 00:00:01 | Cannot generate further orders - suspending generation for now
 00:00:01 | Cannot generate further orders - suspending generation for now
 00:00:01 | Cannot generate further orders - suspending generation for now
 00:00:01 | Cannot generate further orders - suspending generation for now
 00:00:01 | 00:00:00 | 0.00:30:00 | 100.00%  |   472   |    0     | 17%  |   5133   |   0    |  87.34MB  
 00:00:01 | >>> Simulation finished - writing results ...
 00:00:01 | >>> Results written
Simulation finished.
>>> Timings
StatTimingPathPlanningAverage: 0.00011488154205607478
StatTimingPathPlanningOverall: 0.09833860000000001
StatTimingPathPlanningCount: 856
StatTimingTaskAllocationAverage: 0.0020544301886792466
StatTimingTaskAllocationOverall: 0.43553920000000024
StatTimingTaskAllocationCount: 212
StatTimingItemStorageAverage: 1.236390101892291E-06
StatTimingItemStorageOverall: 0.000849400000000004
StatTimingItemStorageCount: 687
StatTimingPodStorageAverage: 0.00169360099009901
StatTimingPodStorageOverall: 0.1710537
StatTimingPodStorageCount: 101
StatTimingReplenishmentBatchingAverage: 7E-06
StatTimingReplenishmentBatchingOverall: 1.4E-05
StatTimingReplenishmentBatchingCount: 2
StatTimingOrderBatchingAverage: 0.0001092330808080808
StatTimingOrderBatchingOverall: 0.0865126
StatTimingOrderBatchingCount: 792
>>> Overall
StatOverallBundlesPlaced: 0
StatOverallItemsOrdered: 658
StatOverallOrdersPlaced: 424
StatOverallBundlesRejected: 0
StatOverallOrdersRejected: 0
StatOverallBundlesHandled: 0
StatOverallItemsHandled: 708
StatOverallLinesHandled: 667
StatOverallOrdersHandled: 472
StatOverallCollisions: 0
StatOverallDistanceTraveled: 5133.444887402411
StatOverallDistanceEstimated: 5042
StatOverallAssignedTasks: 212
StatMaxMemoryUsed: 92,1640625
StatRealTimeUsed: 1.2073191
StatAverageTurnoverTime: 442.0732743365507
StatMedianTurnoverTime: 252.37528137423865
StatLowerQuartileTurnoverTime: 112.60111111111121
StatUpperQuartileTurnoverTime: 617.189256861619
StatAverageThroughputTime: 81.9500377550182
StatMedianThroughputTime: 20.60888888888894
StatLowerQuartileThroughputTime: 12.392777777777837
StatUpperQuartileThroughputTime: 78.4454617641428

Marked tag finished after 1 tries!
.Fin. - SUCCESS
<<< Welcome to the RAWSimO CLI >>>
The time is: 06/21/2024 16:21:57
Starting RAWSimO wrapper with the following arguments:
Instance: ..\..\..\..\Material\Instances\01.Weighted30min Demand Gall\Dr\Weighted2.xinst
Setting: ..\..\..\..\Material\Instances\01.Weighted30min Demand Gall\Dr\Weighted2.xsett
ControlConfig: ..\..\..\..\Material\Instances\01.Weighted30min Demand Gall\Dr\Weighted2.xconf
StatisticsDir: ..\..\..\..\Material\Instances\01.Weighted30min Demand Gall\Dr
Seed: 3
Additionally the following tag was passed: 1, 1, 1, 0.2, 0.2, 1.0
Adding handler for unhandled exceptions ...
Initializing ... 
Instance recognized!
Parsing setting config ...
Parsing control config ...
Parsing instance ...
StatisticsFolder: Weighted2-Dr_[[1, 1, 1]]_3_[0.2, 0.2, 1.0].csv-3
Done!
