Executing ... 
 19:27:37 | >>> Warming up ...
 00:00:00 | >>> Warmup finished - starting simulation ...
 Realtime |   ETA    |  Sim.Time  | Progress | #Orders | #Bundles | Inv. | Distance | #Coll. |   Memory    
 00:00:00 |   n/a    | 0.00:00:00 |  0.00%   |    0    |    0     | 60%  |    0     |   0    | 100.91MB  
 00:00:00 | Cannot generate further orders - suspending generation for now
 00:00:00 | Cannot generate further orders - suspending generation for now
 00:00:00 | Cannot generate further orders - suspending generation for now
 00:00:00 | Cannot generate further orders - suspending generation for now
 00:00:00 | Cannot generate further orders - suspending generation for now
 00:00:00 | Cannot generate further orders - suspending generation for now
 00:00:00 | Cannot generate further orders - suspending generation for now
 00:00:00 | Cannot generate further orders - suspending generation for now
 00:00:00 | 00:00:00 | 0.00:30:00 | 100.00%  |   469   |    0     | 17%  |   5067   |   0    | 104.50MB  
 00:00:00 | >>> Simulation finished - writing results ...
 00:00:00 | >>> Results written
Simulation finished.
>>> Timings
StatTimingPathPlanningAverage: 7.925270108043216E-05
StatTimingPathPlanningOverall: 0.06601749999999999
StatTimingPathPlanningCount: 833
StatTimingTaskAllocationAverage: 0.0015671954128440365
StatTimingTaskAllocationOverall: 0.34164859999999997
StatTimingTaskAllocationCount: 218
StatTimingItemStorageAverage: 8.670940170940219E-07
StatTimingItemStorageOverall: 0.0006087000000000034
StatTimingItemStorageCount: 702
StatTimingPodStorageAverage: 0.0013634836538461543
StatTimingPodStorageOverall: 0.14180230000000005
StatTimingPodStorageCount: 104
StatTimingReplenishmentBatchingAverage: 7.850000000000001E-06
StatTimingReplenishmentBatchingOverall: 1.5700000000000002E-05
StatTimingReplenishmentBatchingCount: 2
StatTimingOrderBatchingAverage: 7.64255512321659E-05
StatTimingOrderBatchingOverall: 0.05892409999999991
StatTimingOrderBatchingCount: 771
>>> Overall
StatOverallBundlesPlaced: 0
StatOverallItemsOrdered: 643
StatOverallOrdersPlaced: 409
StatOverallBundlesRejected: 0
StatOverallOrdersRejected: 0
StatOverallBundlesHandled: 0
StatOverallItemsHandled: 718
StatOverallLinesHandled: 671
StatOverallOrdersHandled: 469
StatOverallCollisions: 0
StatOverallDistanceTraveled: 5066.924291488105
StatOverallDistanceEstimated: 4962
StatOverallAssignedTasks: 218
StatMaxMemoryUsed: 106,5546875
StatRealTimeUsed: 0.8850546
StatAverageTurnoverTime: 465.2230930972263
StatMedianTurnoverTime: 306.1788888888886
StatLowerQuartileTurnoverTime: 150.66944444444445
StatUpperQuartileTurnoverTime: 663.4875035964606
StatAverageThroughputTime: 91.54403303813841
StatMedianThroughputTime: 20.667683986364807
StatLowerQuartileThroughputTime: 14.76444444444462
StatUpperQuartileThroughputTime: 72.34036797273018

Marked tag finished after 1 tries!
.Fin. - SUCCESS
<<< Welcome to the RAWSimO CLI >>>
The time is: 06/25/2024 19:27:38
Starting RAWSimO wrapper with the following arguments:
Instance: ..\..\..\..\Material\Instances\10.Weighted30min Demand Gall\Dr\Weighted2.xinst
Setting: ..\..\..\..\Material\Instances\10.Weighted30min Demand Gall\Dr\Weighted2.xsett
ControlConfig: ..\..\..\..\Material\Instances\10.Weighted30min Demand Gall\Dr\Weighted2.xconf
StatisticsDir: ..\..\..\..\Material\Instances\10.Weighted30min Demand Gall\Dr
Seed: 6
Additionally the following tag was passed: 1, 1.310909090909091, 1.0, 0.211, 0.162, 1.0
Adding handler for unhandled exceptions ...
Initializing ... 
Instance recognized!
Parsing setting config ...
Parsing control config ...
Parsing instance ...
StatisticsFolder: Weighted2-Dr_[[1, 1.310909090909091, 1.0]]_2_[0.211, 0.162, 1.0].csv-6
Done!
