Executing ... 
 09:53:17 | >>> Warming up ...
 00:00:00 | >>> Warmup finished - starting simulation ...
 Realtime |   ETA    |  Sim.Time  | Progress | #Orders | #Bundles | Inv. | Distance | #Coll. |   Memory    
 00:00:00 |   n/a    | 0.00:00:00 |  0.00%   |    0    |    0     | 60%  |    0     |   0    | 144.25MB  
 00:00:00 | Cannot generate further orders - suspending generation for now
 00:00:00 | Cannot generate further orders - suspending generation for now
 00:00:00 | Cannot generate further orders - suspending generation for now
 00:00:00 | Cannot generate further orders - suspending generation for now
 00:00:00 | Cannot generate further orders - suspending generation for now
 00:00:00 | Cannot generate further orders - suspending generation for now
 00:00:00 | Cannot generate further orders - suspending generation for now
 00:00:00 | Cannot generate further orders - suspending generation for now
 00:00:00 | Cannot generate further orders - suspending generation for now
 00:00:00 | Cannot generate further orders - suspending generation for now
 00:00:00 | Cannot generate further orders - suspending generation for now
 00:00:00 | Cannot generate further orders - suspending generation for now
 00:00:00 | 00:00:00 | 0.00:30:00 | 100.00%  |   515   |    0     | 12%  |   4724   |   0    | 139.45MB  
 00:00:00 | >>> Simulation finished - writing results ...
 00:00:01 | >>> Results written
Simulation finished.
>>> Timings
StatTimingPathPlanningAverage: 7.938685208596712E-05
StatTimingPathPlanningOverall: 0.06279499999999999
StatTimingPathPlanningCount: 791
StatTimingTaskAllocationAverage: 0.0018883489898989909
StatTimingTaskAllocationOverall: 0.3738931000000002
StatTimingTaskAllocationCount: 198
StatTimingItemStorageAverage: 8.416666666666702E-07
StatTimingItemStorageOverall: 0.0006565000000000028
StatTimingItemStorageCount: 780
StatTimingPodStorageAverage: 0.0015640147368421052
StatTimingPodStorageOverall: 0.1485814
StatTimingPodStorageCount: 95
StatTimingReplenishmentBatchingAverage: 7.15E-06
StatTimingReplenishmentBatchingOverall: 1.43E-05
StatTimingReplenishmentBatchingCount: 2
StatTimingOrderBatchingAverage: 7.444722891566262E-05
StatTimingOrderBatchingOverall: 0.06179119999999998
StatTimingOrderBatchingCount: 830
>>> Overall
StatOverallBundlesPlaced: 0
StatOverallItemsOrdered: 667
StatOverallOrdersPlaced: 425
StatOverallBundlesRejected: 0
StatOverallOrdersRejected: 0
StatOverallBundlesHandled: 0
StatOverallItemsHandled: 800
StatOverallLinesHandled: 757
StatOverallOrdersHandled: 515
StatOverallCollisions: 0
StatOverallDistanceTraveled: 4723.531060760617
StatOverallDistanceEstimated: 4568
StatOverallAssignedTasks: 198
StatMaxMemoryUsed: 144,24609375
StatRealTimeUsed: 0.957748
StatAverageTurnoverTime: 415.9899914406038
StatMedianTurnoverTime: 276.44001438584274
StatLowerQuartileTurnoverTime: 101.25953823585729
StatUpperQuartileTurnoverTime: 588.5637084989855
StatAverageThroughputTime: 84.53326597274243
StatMedianThroughputTime: 27.12500000000007
StatLowerQuartileThroughputTime: 16.393333333333658
StatUpperQuartileThroughputTime: 66.77722222222269

Marked tag finished after 1 tries!
.Fin. - SUCCESS
<<< Welcome to the RAWSimO CLI >>>
The time is: 06/13/2024 09:53:18
Starting RAWSimO wrapper with the following arguments:
Instance: ..\..\..\..\Material\Instances\0.Weighted30min Demand separate\Dc\Weighted2.xinst
Setting: ..\..\..\..\Material\Instances\0.Weighted30min Demand separate\Dc\Weighted2.xsett
ControlConfig: ..\..\..\..\Material\Instances\0.Weighted30min Demand separate\Dc\Weighted2.xconf
StatisticsDir: ..\..\..\..\Material\Instances\0.Weighted30min Demand separate\Dc
Seed: 2
Additionally the following tag was passed: 1, 6.087, 0.7, 0.217, 0.143, 0.333
Adding handler for unhandled exceptions ...
Initializing ... 
Instance recognized!
Parsing setting config ...
Parsing control config ...
Parsing instance ...
StatisticsFolder: Weighted2-Dc_[[1, 6.087, 0.7]]_1_[0.217, 0.143, 0.333].csv-2
Done!
