Executing ... 
 10:02:32 | >>> Warming up ...
 00:00:00 | >>> Warmup finished - starting simulation ...
 Realtime |   ETA    |  Sim.Time  | Progress | #Orders | #Bundles | Inv. | Distance | #Coll. |   Memory    
 00:00:00 |   n/a    | 0.00:00:00 |  0.00%   |    0    |    0     | 60%  |    0     |   0    | 111.13MB  
 00:00:00 | Cannot generate further orders - suspending generation for now
 00:00:00 | Cannot generate further orders - suspending generation for now
 00:00:00 | Cannot generate further orders - suspending generation for now
 00:00:00 | Cannot generate further orders - suspending generation for now
 00:00:00 | Cannot generate further orders - suspending generation for now
 00:00:00 | Cannot generate further orders - suspending generation for now
 00:00:00 | Cannot generate further orders - suspending generation for now
 00:00:00 | Cannot generate further orders - suspending generation for now
 00:00:00 | Cannot generate further orders - suspending generation for now
 00:00:01 | Cannot generate further orders - suspending generation for now
 00:00:01 | Cannot generate further orders - suspending generation for now
 00:00:01 | 00:00:00 | 0.00:30:00 | 100.00%  |   512   |    0     | 12%  |   4755   |   0    | 106.39MB  
 00:00:01 | >>> Simulation finished - writing results ...
 00:00:01 | >>> Results written
Simulation finished.
>>> Timings
StatTimingPathPlanningAverage: 9.329370179948595E-05
StatTimingPathPlanningOverall: 0.07258250000000006
StatTimingPathPlanningCount: 778
StatTimingTaskAllocationAverage: 0.002019526732673266
StatTimingTaskAllocationOverall: 0.4079443999999997
StatTimingTaskAllocationCount: 202
StatTimingItemStorageAverage: 9.499999999999999E-07
StatTimingItemStorageOverall: 0.0007447999999999999
StatTimingItemStorageCount: 784
StatTimingPodStorageAverage: 0.0017471531249999995
StatTimingPodStorageOverall: 0.16772669999999995
StatTimingPodStorageCount: 96
StatTimingReplenishmentBatchingAverage: 9.05E-06
StatTimingReplenishmentBatchingOverall: 1.81E-05
StatTimingReplenishmentBatchingCount: 2
StatTimingOrderBatchingAverage: 9.211562115621156E-05
StatTimingOrderBatchingOverall: 0.07489
StatTimingOrderBatchingCount: 813
>>> Overall
StatOverallBundlesPlaced: 0
StatOverallItemsOrdered: 663
StatOverallOrdersPlaced: 416
StatOverallBundlesRejected: 0
StatOverallOrdersRejected: 0
StatOverallBundlesHandled: 0
StatOverallItemsHandled: 800
StatOverallLinesHandled: 759
StatOverallOrdersHandled: 512
StatOverallCollisions: 0
StatOverallDistanceTraveled: 4755.345157355672
StatOverallDistanceEstimated: 4730
StatOverallAssignedTasks: 202
StatMaxMemoryUsed: 111,17578125
StatRealTimeUsed: 1.0667864
StatAverageTurnoverTime: 462.08114828057114
StatMedianTurnoverTime: 299.9277777777779
StatLowerQuartileTurnoverTime: 137.553333333335
StatUpperQuartileTurnoverTime: 638.8846248343492
StatAverageThroughputTime: 85.04841730624806
StatMedianThroughputTime: 28.043701306063156
StatLowerQuartileThroughputTime: 16.88888888888893
StatUpperQuartileThroughputTime: 88.42573594545951

Marked tag finished after 1 tries!
.Fin. - SUCCESS
<<< Welcome to the RAWSimO CLI >>>
The time is: 06/13/2024 10:02:33
Starting RAWSimO wrapper with the following arguments:
Instance: ..\..\..\..\Material\Instances\0.Weighted30min Demand separate\Df\Weighted2.xinst
Setting: ..\..\..\..\Material\Instances\0.Weighted30min Demand separate\Df\Weighted2.xsett
ControlConfig: ..\..\..\..\Material\Instances\0.Weighted30min Demand separate\Df\Weighted2.xconf
StatisticsDir: ..\..\..\..\Material\Instances\0.Weighted30min Demand separate\Df
Seed: 1
Additionally the following tag was passed: 1, 1, 1, 0.182, 0.5, 1.0
Adding handler for unhandled exceptions ...
Initializing ... 
Instance recognized!
Parsing setting config ...
Parsing control config ...
Parsing instance ...
StatisticsFolder: Weighted2-Df_[[1, 1, 1]]_1_[0.182, 0.5, 1.0].csv-1
Done!
