Executing ... 
 16:21:36 | >>> Warming up ...
 00:00:00 | >>> Warmup finished - starting simulation ...
 Realtime |   ETA    |  Sim.Time  | Progress | #Orders | #Bundles | Inv. | Distance | #Coll. |   Memory    
 00:00:00 |   n/a    | 0.00:00:00 |  0.00%   |    0    |    0     | 60%  |    0     |   0    |  91.55MB  
 00:00:00 | Cannot generate further orders - suspending generation for now
 00:00:00 | Cannot generate further orders - suspending generation for now
 00:00:01 | Cannot generate further orders - suspending generation for now
 00:00:01 | Cannot generate further orders - suspending generation for now
 00:00:01 | Cannot generate further orders - suspending generation for now
 00:00:01 | Cannot generate further orders - suspending generation for now
 00:00:01 | Cannot generate further orders - suspending generation for now
 00:00:01 | Cannot generate further orders - suspending generation for now
 00:00:01 | 00:00:00 | 0.00:30:00 | 100.00%  |   477   |    0     | 18%  |   5044   |   0    |  87.86MB  
 00:00:01 | >>> Simulation finished - writing results ...
 00:00:01 | >>> Results written
Simulation finished.
>>> Timings
StatTimingPathPlanningAverage: 0.00010473973589435777
StatTimingPathPlanningOverall: 0.08724820000000003
StatTimingPathPlanningCount: 833
StatTimingTaskAllocationAverage: 0.0022645898058252394
StatTimingTaskAllocationOverall: 0.4665054999999993
StatTimingTaskAllocationCount: 206
StatTimingItemStorageAverage: 1.1206095791001439E-06
StatTimingItemStorageOverall: 0.0007720999999999991
StatTimingItemStorageCount: 689
StatTimingPodStorageAverage: 0.0018819050000000012
StatTimingPodStorageOverall: 0.18819050000000012
StatTimingPodStorageCount: 100
StatTimingReplenishmentBatchingAverage: 1.01E-05
StatTimingReplenishmentBatchingOverall: 2.02E-05
StatTimingReplenishmentBatchingCount: 2
StatTimingOrderBatchingAverage: 0.0001025614702154626
StatTimingOrderBatchingOverall: 0.08092099999999999
StatTimingOrderBatchingCount: 789
>>> Overall
StatOverallBundlesPlaced: 0
StatOverallItemsOrdered: 667
StatOverallOrdersPlaced: 431
StatOverallBundlesRejected: 0
StatOverallOrdersRejected: 0
StatOverallBundlesHandled: 0
StatOverallItemsHandled: 707
StatOverallLinesHandled: 670
StatOverallOrdersHandled: 477
StatOverallCollisions: 0
StatOverallDistanceTraveled: 5044.242204853056
StatOverallDistanceEstimated: 4912
StatOverallAssignedTasks: 206
StatMaxMemoryUsed: 91,6640625
StatRealTimeUsed: 1.1374955
StatAverageTurnoverTime: 421.07321837937525
StatMedianTurnoverTime: 255.65204183231913
StatLowerQuartileTurnoverTime: 122.16222222222228
StatUpperQuartileTurnoverTime: 591.8814862767672
StatAverageThroughputTime: 93.37508155585145
StatMedianThroughputTime: 19.838888888888903
StatLowerQuartileThroughputTime: 12.840000000000003
StatUpperQuartileThroughputTime: 79.85481241717389

Marked tag finished after 1 tries!
.Fin. - SUCCESS
<<< Welcome to the RAWSimO CLI >>>
The time is: 06/21/2024 16:21:37
Starting RAWSimO wrapper with the following arguments:
Instance: ..\..\..\..\Material\Instances\01.Weighted30min Demand Gall\Dr\Weighted2.xinst
Setting: ..\..\..\..\Material\Instances\01.Weighted30min Demand Gall\Dr\Weighted2.xsett
ControlConfig: ..\..\..\..\Material\Instances\01.Weighted30min Demand Gall\Dr\Weighted2.xconf
StatisticsDir: ..\..\..\..\Material\Instances\01.Weighted30min Demand Gall\Dr
Seed: 3
Additionally the following tag was passed: 1, 0.9185714285714286, 1.0, 0.196, 0.214, 1.0
Adding handler for unhandled exceptions ...
Initializing ... 
Instance recognized!
Parsing setting config ...
Parsing control config ...
Parsing instance ...
StatisticsFolder: Weighted2-Dr_[[1, 0.9185714285714286, 1.0]]_2_[0.196, 0.214, 1.0].csv-3
Done!
