Executing ... 
 09:51:10 | >>> Warming up ...
 00:00:00 | >>> Warmup finished - starting simulation ...
 Realtime |   ETA    |  Sim.Time  | Progress | #Orders | #Bundles | Inv. | Distance | #Coll. |   Memory    
 00:00:00 |   n/a    | 0.00:00:00 |  0.00%   |    0    |    0     | 60%  |    0     |   0    | 145.51MB  
 00:00:00 | Cannot generate further orders - suspending generation for now
 00:00:00 | Cannot generate further orders - suspending generation for now
 00:00:00 | Cannot generate further orders - suspending generation for now
 00:00:00 | Cannot generate further orders - suspending generation for now
 00:00:00 | Cannot generate further orders - suspending generation for now
 00:00:00 | Cannot generate further orders - suspending generation for now
 00:00:01 | Cannot generate further orders - suspending generation for now
 00:00:01 | Cannot generate further orders - suspending generation for now
 00:00:01 | Cannot generate further orders - suspending generation for now
 00:00:01 | Cannot generate further orders - suspending generation for now
 00:00:01 | Cannot generate further orders - suspending generation for now
 00:00:01 | 00:00:00 | 0.00:30:00 | 100.00%  |   464   |    0     | 18%  |   5280   |   0    | 140.21MB  
 00:00:01 | >>> Simulation finished - writing results ...
 00:00:01 | >>> Results written
Simulation finished.
>>> Timings
StatTimingPathPlanningAverage: 9.810385925085124E-05
StatTimingPathPlanningOverall: 0.08642949999999994
StatTimingPathPlanningCount: 881
StatTimingTaskAllocationAverage: 0.001934352995391705
StatTimingTaskAllocationOverall: 0.4197546
StatTimingTaskAllocationCount: 217
StatTimingItemStorageAverage: 1.0874277456647423E-06
StatTimingItemStorageOverall: 0.0007525000000000016
StatTimingItemStorageCount: 692
StatTimingPodStorageAverage: 0.0015217971153846136
StatTimingPodStorageOverall: 0.15826689999999982
StatTimingPodStorageCount: 104
StatTimingReplenishmentBatchingAverage: 7.85E-06
StatTimingReplenishmentBatchingOverall: 1.57E-05
StatTimingReplenishmentBatchingCount: 2
StatTimingOrderBatchingAverage: 9.904815789473677E-05
StatTimingOrderBatchingOverall: 0.07527659999999994
StatTimingOrderBatchingCount: 760
>>> Overall
StatOverallBundlesPlaced: 0
StatOverallItemsOrdered: 635
StatOverallOrdersPlaced: 407
StatOverallBundlesRejected: 0
StatOverallOrdersRejected: 0
StatOverallBundlesHandled: 0
StatOverallItemsHandled: 704
StatOverallLinesHandled: 664
StatOverallOrdersHandled: 464
StatOverallCollisions: 0
StatOverallDistanceTraveled: 5279.8685605403725
StatOverallDistanceEstimated: 5082
StatOverallAssignedTasks: 217
StatMaxMemoryUsed: 145,5078125
StatRealTimeUsed: 1.1037093
StatAverageTurnoverTime: 437.36609101657416
StatMedianTurnoverTime: 268.9851875828258
StatLowerQuartileTurnoverTime: 118.42833333333385
StatUpperQuartileTurnoverTime: 635.9715800681777
StatAverageThroughputTime: 93.25010690356821
StatMedianThroughputTime: 20.556760458079452
StatLowerQuartileThroughputTime: 12.707777777777665
StatUpperQuartileThroughputTime: 86.24796536060398

Marked tag finished after 1 tries!
.Fin. - SUCCESS
<<< Welcome to the RAWSimO CLI >>>
The time is: 06/13/2024 09:51:11
Starting RAWSimO wrapper with the following arguments:
Instance: ..\..\..\..\Material\Instances\0.Weighted30min Demand separate\Dc\Weighted2.xinst
Setting: ..\..\..\..\Material\Instances\0.Weighted30min Demand separate\Dc\Weighted2.xsett
ControlConfig: ..\..\..\..\Material\Instances\0.Weighted30min Demand separate\Dc\Weighted2.xconf
StatisticsDir: ..\..\..\..\Material\Instances\0.Weighted30min Demand separate\Dc
Seed: 2
Additionally the following tag was passed: 1, 3.6754, 0.27199999999999996, 0.146, 0.143, 0.538
Adding handler for unhandled exceptions ...
Initializing ... 
Instance recognized!
Parsing setting config ...
Parsing control config ...
Parsing instance ...
StatisticsFolder: Weighted2-Dc_[[1, 3.6754, 0.27199999999999996]]_2_[0.146, 0.143, 0.538].csv-2
Done!
