Executing ... 
 09:40:52 | >>> Warming up ...
 00:00:00 | >>> Warmup finished - starting simulation ...
 Realtime |   ETA    |  Sim.Time  | Progress | #Orders | #Bundles | Inv. | Distance | #Coll. |   Memory    
 00:00:00 |   n/a    | 0.00:00:00 |  0.00%   |    0    |    0     | 60%  |    0     |   0    |  71.10MB  
 00:00:00 | Cannot generate further orders - suspending generation for now
 00:00:00 | Cannot generate further orders - suspending generation for now
 00:00:00 | Cannot generate further orders - suspending generation for now
 00:00:00 | Cannot generate further orders - suspending generation for now
 00:00:01 | Cannot generate further orders - suspending generation for now
 00:00:01 | Cannot generate further orders - suspending generation for now
 00:00:01 | Cannot generate further orders - suspending generation for now
 00:00:01 | Cannot generate further orders - suspending generation for now
 00:00:01 | Cannot generate further orders - suspending generation for now
 00:00:01 | Cannot generate further orders - suspending generation for now
 00:00:01 | 00:00:00 | 0.00:30:00 | 100.00%  |   495   |    0     | 15%  |   5192   |   0    |  72.27MB  
 00:00:01 | >>> Simulation finished - writing results ...
 00:00:01 | >>> Results written
Simulation finished.
>>> Timings
StatTimingPathPlanningAverage: 0.00010508789731051351
StatTimingPathPlanningOverall: 0.08596190000000005
StatTimingPathPlanningCount: 818
StatTimingTaskAllocationAverage: 0.002105708490566037
StatTimingTaskAllocationOverall: 0.44641019999999987
StatTimingTaskAllocationCount: 212
StatTimingItemStorageAverage: 1.0572022160664813E-06
StatTimingItemStorageOverall: 0.0007632999999999995
StatTimingItemStorageCount: 722
StatTimingPodStorageAverage: 0.0019162544554455435
StatTimingPodStorageOverall: 0.1935416999999999
StatTimingPodStorageCount: 101
StatTimingReplenishmentBatchingAverage: 7.75E-06
StatTimingReplenishmentBatchingOverall: 1.55E-05
StatTimingReplenishmentBatchingCount: 2
StatTimingOrderBatchingAverage: 0.00010566522292993634
StatTimingOrderBatchingOverall: 0.08294720000000003
StatTimingOrderBatchingCount: 785
>>> Overall
StatOverallBundlesPlaced: 0
StatOverallItemsOrdered: 639
StatOverallOrdersPlaced: 414
StatOverallBundlesRejected: 0
StatOverallOrdersRejected: 0
StatOverallBundlesHandled: 0
StatOverallItemsHandled: 746
StatOverallLinesHandled: 709
StatOverallOrdersHandled: 495
StatOverallCollisions: 0
StatOverallDistanceTraveled: 5192.1702256887575
StatOverallDistanceEstimated: 5071
StatOverallAssignedTasks: 212
StatMaxMemoryUsed: 75,66015625
StatRealTimeUsed: 1.1477807
StatAverageTurnoverTime: 472.3930159987262
StatMedianTurnoverTime: 343.46500000000003
StatLowerQuartileTurnoverTime: 129.2098124171738
StatUpperQuartileTurnoverTime: 693.7616666666665
StatAverageThroughputTime: 87.05556112248958
StatMedianThroughputTime: 24.446111111111122
StatLowerQuartileThroughputTime: 16.147777777778174
StatUpperQuartileThroughputTime: 80.38861470757297

Marked tag finished after 1 tries!
.Fin. - SUCCESS
<<< Welcome to the RAWSimO CLI >>>
The time is: 06/13/2024 09:40:53
Starting RAWSimO wrapper with the following arguments:
Instance: ..\..\..\..\Material\Instances\0.Weighted30min Demand separate\Da\Weighted2.xinst
Setting: ..\..\..\..\Material\Instances\0.Weighted30min Demand separate\Da\Weighted2.xsett
ControlConfig: ..\..\..\..\Material\Instances\0.Weighted30min Demand separate\Da\Weighted2.xconf
StatisticsDir: ..\..\..\..\Material\Instances\0.Weighted30min Demand separate\Da
Seed: 3
Additionally the following tag was passed: 1, 8.0104, 0.052, 0.209, 0.1, 0.341
Adding handler for unhandled exceptions ...
Initializing ... 
Instance recognized!
Parsing setting config ...
Parsing control config ...
Parsing instance ...
StatisticsFolder: Weighted2-Da_[[1, 8.0104, 0.052]]_1_[0.209, 0.1, 0.341].csv-3
Done!
