Executing ... 
 19:22:31 | >>> Warming up ...
 00:00:00 | >>> Warmup finished - starting simulation ...
 Realtime |   ETA    |  Sim.Time  | Progress | #Orders | #Bundles | Inv. | Distance | #Coll. |   Memory    
 00:00:00 |   n/a    | 0.00:00:00 |  0.00%   |    0    |    0     | 60%  |    0     |   0    | 114.32MB  
 00:00:00 | Cannot generate further orders - suspending generation for now
 00:00:00 | Cannot generate further orders - suspending generation for now
 00:00:00 | Cannot generate further orders - suspending generation for now
 00:00:00 | Cannot generate further orders - suspending generation for now
 00:00:00 | Cannot generate further orders - suspending generation for now
 00:00:00 | Cannot generate further orders - suspending generation for now
 00:00:00 | Cannot generate further orders - suspending generation for now
 00:00:00 | Cannot generate further orders - suspending generation for now
 00:00:00 | Cannot generate further orders - suspending generation for now
 00:00:00 | Cannot generate further orders - suspending generation for now
 00:00:00 | Cannot generate further orders - suspending generation for now
 00:00:00 | 00:00:00 | 0.00:30:00 | 100.00%  |   488   |    0     | 14%  |   4893   |   0    | 109.60MB  
 00:00:00 | >>> Simulation finished - writing results ...
 00:00:01 | >>> Results written
Simulation finished.
>>> Timings
StatTimingPathPlanningAverage: 8.674554579673781E-05
StatTimingPathPlanningOverall: 0.06913620000000004
StatTimingPathPlanningCount: 797
StatTimingTaskAllocationAverage: 0.0018511857868020313
StatTimingTaskAllocationOverall: 0.36468360000000016
StatTimingTaskAllocationCount: 197
StatTimingItemStorageAverage: 8.95896032831743E-07
StatTimingItemStorageOverall: 0.0006549000000000042
StatTimingItemStorageCount: 731
StatTimingPodStorageAverage: 0.0015489989361702125
StatTimingPodStorageOverall: 0.14560589999999998
StatTimingPodStorageCount: 94
StatTimingReplenishmentBatchingAverage: 7.1E-06
StatTimingReplenishmentBatchingOverall: 1.42E-05
StatTimingReplenishmentBatchingCount: 2
StatTimingOrderBatchingAverage: 9.241198979591833E-05
StatTimingOrderBatchingOverall: 0.07245099999999997
StatTimingOrderBatchingCount: 784
>>> Overall
StatOverallBundlesPlaced: 0
StatOverallItemsOrdered: 653
StatOverallOrdersPlaced: 417
StatOverallBundlesRejected: 0
StatOverallOrdersRejected: 0
StatOverallBundlesHandled: 0
StatOverallItemsHandled: 758
StatOverallLinesHandled: 710
StatOverallOrdersHandled: 488
StatOverallCollisions: 0
StatOverallDistanceTraveled: 4892.681883718006
StatOverallDistanceEstimated: 4745
StatOverallAssignedTasks: 197
StatMaxMemoryUsed: 112,796875
StatRealTimeUsed: 0.9466728
StatAverageTurnoverTime: 449.6384674439106
StatMedianTurnoverTime: 300.4523160136346
StatLowerQuartileTurnoverTime: 136.15222222222232
StatUpperQuartileTurnoverTime: 655.441111111111
StatAverageThroughputTime: 94.0398691680027
StatMedianThroughputTime: 27.497777777777856
StatLowerQuartileThroughputTime: 16.483888888888714
StatUpperQuartileThroughputTime: 81.42055555555538

Marked tag finished after 1 tries!
.Fin. - SUCCESS
<<< Welcome to the RAWSimO CLI >>>
The time is: 06/25/2024 19:22:32
Starting RAWSimO wrapper with the following arguments:
Instance: ..\..\..\..\Material\Instances\10.Weighted30min Demand Gall\Dp\Weighted2.xinst
Setting: ..\..\..\..\Material\Instances\10.Weighted30min Demand Gall\Dp\Weighted2.xsett
ControlConfig: ..\..\..\..\Material\Instances\10.Weighted30min Demand Gall\Dp\Weighted2.xconf
StatisticsDir: ..\..\..\..\Material\Instances\10.Weighted30min Demand Gall\Dp
Seed: 1
Additionally the following tag was passed: 1, 0.73, 1.0, 0.189, 0.26, 1.0
Adding handler for unhandled exceptions ...
Initializing ... 
Instance recognized!
Parsing setting config ...
Parsing control config ...
Parsing instance ...
StatisticsFolder: Weighted2-Dp_[[1, 0.73, 1.0]]_1_[0.189, 0.26, 1.0].csv-1
Done!
