Executing ... 
 21:30:21 | >>> Warming up ...
 00:00:00 | >>> Warmup finished - starting simulation ...
 Realtime |   ETA    |  Sim.Time  | Progress | #Orders | #Bundles | Inv. | Distance | #Coll. |   Memory    
 00:00:00 |   n/a    | 0.00:00:00 |  0.00%   |    0    |    0     | 60%  |    0     |   0    |  87.55MB  
 00:00:01 | Cannot generate further orders - suspending generation for now
 00:00:01 | Cannot generate further orders - suspending generation for now
 00:00:01 | Cannot generate further orders - suspending generation for now
 00:00:01 | Cannot generate further orders - suspending generation for now
 00:00:01 | Cannot generate further orders - suspending generation for now
 00:00:01 | Cannot generate further orders - suspending generation for now
 00:00:01 | Cannot generate further orders - suspending generation for now
 00:00:01 | Cannot generate further orders - suspending generation for now
 00:00:01 | 00:00:00 | 0.00:30:00 | 100.00%  |   474   |    0     | 18%  |   5004   |   0    |  62.08MB  
 00:00:01 | >>> Simulation finished - writing results ...
 00:00:01 | >>> Results written
Simulation finished.
>>> Timings
StatTimingPathPlanningAverage: 0.00010575541022592164
StatTimingPathPlanningOverall: 0.0889403000000001
StatTimingPathPlanningCount: 841
StatTimingTaskAllocationAverage: 0.0022849617924528298
StatTimingTaskAllocationOverall: 0.48441189999999995
StatTimingTaskAllocationCount: 212
StatTimingItemStorageAverage: 1.237391304347823E-06
StatTimingItemStorageOverall: 0.000853799999999998
StatTimingItemStorageCount: 690
StatTimingPodStorageAverage: 0.0017702069306930696
StatTimingPodStorageOverall: 0.17879090000000003
StatTimingPodStorageCount: 101
StatTimingReplenishmentBatchingAverage: 7.7E-06
StatTimingReplenishmentBatchingOverall: 1.54E-05
StatTimingReplenishmentBatchingCount: 2
StatTimingOrderBatchingAverage: 0.0001068245110821381
StatTimingOrderBatchingOverall: 0.08193439999999992
StatTimingOrderBatchingCount: 767
>>> Overall
StatOverallBundlesPlaced: 0
StatOverallItemsOrdered: 633
StatOverallOrdersPlaced: 411
StatOverallBundlesRejected: 0
StatOverallOrdersRejected: 0
StatOverallBundlesHandled: 0
StatOverallItemsHandled: 707
StatOverallLinesHandled: 670
StatOverallOrdersHandled: 474
StatOverallCollisions: 0
StatOverallDistanceTraveled: 5004.1510348716465
StatOverallDistanceEstimated: 4940
StatOverallAssignedTasks: 212
StatMaxMemoryUsed: 87,55078125
StatRealTimeUsed: 1.2772696
StatAverageTurnoverTime: 471.7094040397989
StatMedianTurnoverTime: 330.52148627676365
StatLowerQuartileTurnoverTime: 137.88120490252436
StatUpperQuartileTurnoverTime: 669.8903823585732
StatAverageThroughputTime: 95.69184159225054
StatMedianThroughputTime: 20.556392485350216
StatLowerQuartileThroughputTime: 12.791666666666742
StatUpperQuartileThroughputTime: 75.56120490252397

Marked tag finished after 1 tries!
.Fin. - SUCCESS
<<< Welcome to the RAWSimO CLI >>>
The time is: 06/12/2024 21:30:23
Starting RAWSimO wrapper with the following arguments:
Instance: ..\..\..\..\Material\Instances\0.Weighted30min Demand separate\Da\Weighted2.xinst
Setting: ..\..\..\..\Material\Instances\0.Weighted30min Demand separate\Da\Weighted2.xsett
ControlConfig: ..\..\..\..\Material\Instances\0.Weighted30min Demand separate\Da\Weighted2.xconf
StatisticsDir: ..\..\..\..\Material\Instances\0.Weighted30min Demand separate\Da
Seed: 3
Additionally the following tag was passed: 1, 7.513, 0.29874999999999996, 0.14, 0.1, 0.466
Adding handler for unhandled exceptions ...
Initializing ... 
Instance recognized!
Parsing setting config ...
Parsing control config ...
Parsing instance ...
StatisticsFolder: Weighted2-Da_[[1, 7.513, 0.29874999999999996]]_1_[0.14, 0.1, 0.466].csv-3
Done!
