Executing ... 
 09:48:50 | >>> Warming up ...
 00:00:00 | >>> Warmup finished - starting simulation ...
 Realtime |   ETA    |  Sim.Time  | Progress | #Orders | #Bundles | Inv. | Distance | #Coll. |   Memory    
 00:00:00 |   n/a    | 0.00:00:00 |  0.00%   |    0    |    0     | 60%  |    0     |   0    | 148.67MB  
 00:00:00 | Cannot generate further orders - suspending generation for now
 00:00:00 | Cannot generate further orders - suspending generation for now
 00:00:01 | Cannot generate further orders - suspending generation for now
 00:00:01 | Cannot generate further orders - suspending generation for now
 00:00:01 | Cannot generate further orders - suspending generation for now
 00:00:01 | Cannot generate further orders - suspending generation for now
 00:00:01 | Cannot generate further orders - suspending generation for now
 00:00:01 | Cannot generate further orders - suspending generation for now
 00:00:01 | Cannot generate further orders - suspending generation for now
 00:00:01 | Cannot generate further orders - suspending generation for now
 00:00:01 | Cannot generate further orders - suspending generation for now
 00:00:01 | 00:00:00 | 0.00:30:00 | 100.00%  |   490   |    0     | 13%  |   4956   |   0    | 143.94MB  
 00:00:01 | >>> Simulation finished - writing results ...
 00:00:01 | >>> Results written
Simulation finished.
>>> Timings
StatTimingPathPlanningAverage: 0.000138766985645933
StatTimingPathPlanningOverall: 0.11600919999999998
StatTimingPathPlanningCount: 836
StatTimingTaskAllocationAverage: 0.0023990680412371134
StatTimingTaskAllocationOverall: 0.4654192
StatTimingTaskAllocationCount: 194
StatTimingItemStorageAverage: 1.238391699092085E-06
StatTimingItemStorageOverall: 0.0009547999999999974
StatTimingItemStorageCount: 771
StatTimingPodStorageAverage: 0.0019361914893617027
StatTimingPodStorageOverall: 0.18200200000000005
StatTimingPodStorageCount: 94
StatTimingReplenishmentBatchingAverage: 8.7E-06
StatTimingReplenishmentBatchingOverall: 1.74E-05
StatTimingReplenishmentBatchingCount: 2
StatTimingOrderBatchingAverage: 0.00011568044554455424
StatTimingOrderBatchingOverall: 0.09346979999999983
StatTimingOrderBatchingCount: 808
>>> Overall
StatOverallBundlesPlaced: 0
StatOverallItemsOrdered: 647
StatOverallOrdersPlaced: 405
StatOverallBundlesRejected: 0
StatOverallOrdersRejected: 0
StatOverallBundlesHandled: 0
StatOverallItemsHandled: 780
StatOverallLinesHandled: 741
StatOverallOrdersHandled: 490
StatOverallCollisions: 0
StatOverallDistanceTraveled: 4956.060136263094
StatOverallDistanceEstimated: 4734
StatOverallAssignedTasks: 194
StatMaxMemoryUsed: 148,671875
StatRealTimeUsed: 1.3022578
StatAverageTurnoverTime: 453.233270222357
StatMedianTurnoverTime: 302.3262986939387
StatLowerQuartileTurnoverTime: 137.29592352828536
StatUpperQuartileTurnoverTime: 648.3512049025263
StatAverageThroughputTime: 86.83869580634087
StatMedianThroughputTime: 32.265274181312634
StatLowerQuartileThroughputTime: 17.609444444444193
StatUpperQuartileThroughputTime: 87.34592352828577

Marked tag finished after 1 tries!
.Fin. - SUCCESS
<<< Welcome to the RAWSimO CLI >>>
The time is: 06/13/2024 09:48:51
Starting RAWSimO wrapper with the following arguments:
Instance: ..\..\..\..\Material\Instances\0.Weighted30min Demand separate\Dc\Weighted2.xinst
Setting: ..\..\..\..\Material\Instances\0.Weighted30min Demand separate\Dc\Weighted2.xsett
ControlConfig: ..\..\..\..\Material\Instances\0.Weighted30min Demand separate\Dc\Weighted2.xconf
StatisticsDir: ..\..\..\..\Material\Instances\0.Weighted30min Demand separate\Dc
Seed: 1
Additionally the following tag was passed: 1, 1, 1, 0.21, 0.214, 0.333
Adding handler for unhandled exceptions ...
Initializing ... 
Instance recognized!
Parsing setting config ...
Parsing control config ...
Parsing instance ...
StatisticsFolder: Weighted2-Dc_[[1, 1, 1]]_1_[0.21, 0.214, 0.333].csv-1
Done!
