Executing ... 
 09:50:44 | >>> Warming up ...
 00:00:00 | >>> Warmup finished - starting simulation ...
 Realtime |   ETA    |  Sim.Time  | Progress | #Orders | #Bundles | Inv. | Distance | #Coll. |   Memory    
 00:00:00 |   n/a    | 0.00:00:00 |  0.00%   |    0    |    0     | 60%  |    0     |   0    | 107.50MB  
 00:00:00 | Cannot generate further orders - suspending generation for now
 00:00:00 | Cannot generate further orders - suspending generation for now
 00:00:00 | Cannot generate further orders - suspending generation for now
 00:00:00 | Cannot generate further orders - suspending generation for now
 00:00:01 | Cannot generate further orders - suspending generation for now
 00:00:01 | Cannot generate further orders - suspending generation for now
 00:00:01 | Cannot generate further orders - suspending generation for now
 00:00:01 | Cannot generate further orders - suspending generation for now
 00:00:01 | Cannot generate further orders - suspending generation for now
 00:00:01 | Cannot generate further orders - suspending generation for now
 00:00:01 | Cannot generate further orders - suspending generation for now
 00:00:01 | Cannot generate further orders - suspending generation for now
 00:00:01 | 00:00:00 | 0.00:30:00 | 100.00%  |   506   |    0     | 13%  |   4788   |   0    | 104.94MB  
 00:00:01 | >>> Simulation finished - writing results ...
 00:00:01 | >>> Results written
Simulation finished.
>>> Timings
StatTimingPathPlanningAverage: 0.00012752846803377562
StatTimingPathPlanningOverall: 0.1057211
StatTimingPathPlanningCount: 829
StatTimingTaskAllocationAverage: 0.0022521538071065984
StatTimingTaskAllocationOverall: 0.4436742999999999
StatTimingTaskAllocationCount: 197
StatTimingItemStorageAverage: 1.164879356568366E-06
StatTimingItemStorageOverall: 0.0008690000000000011
StatTimingItemStorageCount: 746
StatTimingPodStorageAverage: 0.0018836797872340421
StatTimingPodStorageOverall: 0.17706589999999997
StatTimingPodStorageCount: 94
StatTimingReplenishmentBatchingAverage: 7.8E-06
StatTimingReplenishmentBatchingOverall: 1.56E-05
StatTimingReplenishmentBatchingCount: 2
StatTimingOrderBatchingAverage: 0.00010294869888475846
StatTimingOrderBatchingOverall: 0.08307960000000007
StatTimingOrderBatchingCount: 807
>>> Overall
StatOverallBundlesPlaced: 0
StatOverallItemsOrdered: 636
StatOverallOrdersPlaced: 413
StatOverallBundlesRejected: 0
StatOverallOrdersRejected: 0
StatOverallBundlesHandled: 0
StatOverallItemsHandled: 779
StatOverallLinesHandled: 740
StatOverallOrdersHandled: 506
StatOverallCollisions: 0
StatOverallDistanceTraveled: 4788.387220833327
StatOverallDistanceEstimated: 4669
StatOverallAssignedTasks: 197
StatMaxMemoryUsed: 107,1484375
StatRealTimeUsed: 1.2548756
StatAverageTurnoverTime: 437.6429292888269
StatMedianTurnoverTime: 249.02370849898435
StatLowerQuartileTurnoverTime: 97.88647908384105
StatUpperQuartileTurnoverTime: 681.6500000000003
StatAverageThroughputTime: 80.49376438623725
StatMedianThroughputTime: 26.68666666666671
StatLowerQuartileThroughputTime: 16.48601731969893
StatUpperQuartileThroughputTime: 63.735000000000014

Marked tag finished after 1 tries!
.Fin. - SUCCESS
<<< Welcome to the RAWSimO CLI >>>
The time is: 06/13/2024 09:50:46
Starting RAWSimO wrapper with the following arguments:
Instance: ..\..\..\..\Material\Instances\0.Weighted30min Demand separate\Dc\Weighted2.xinst
Setting: ..\..\..\..\Material\Instances\0.Weighted30min Demand separate\Dc\Weighted2.xsett
ControlConfig: ..\..\..\..\Material\Instances\0.Weighted30min Demand separate\Dc\Weighted2.xconf
StatisticsDir: ..\..\..\..\Material\Instances\0.Weighted30min Demand separate\Dc
Seed: 3
Additionally the following tag was passed: 1, 2.4696, 0.7, 0.217, 0.143, 0.333
Adding handler for unhandled exceptions ...
Initializing ... 
Instance recognized!
Parsing setting config ...
Parsing control config ...
Parsing instance ...
StatisticsFolder: Weighted2-Dc_[[1, 2.4696, 0.7]]_2_[0.217, 0.143, 0.333].csv-3
Done!
