Executing ... 
 09:46:49 | >>> Warming up ...
 00:00:00 | >>> Warmup finished - starting simulation ...
 Realtime |   ETA    |  Sim.Time  | Progress | #Orders | #Bundles | Inv. | Distance | #Coll. |   Memory    
 00:00:00 |   n/a    | 0.00:00:00 |  0.00%   |    0    |    0     | 60%  |    0     |   0    |  88.94MB  
 00:00:00 | Cannot generate further orders - suspending generation for now
 00:00:00 | Cannot generate further orders - suspending generation for now
 00:00:00 | Cannot generate further orders - suspending generation for now
 00:00:00 | Cannot generate further orders - suspending generation for now
 00:00:00 | Cannot generate further orders - suspending generation for now
 00:00:01 | Cannot generate further orders - suspending generation for now
 00:00:01 | Cannot generate further orders - suspending generation for now
 00:00:01 | Cannot generate further orders - suspending generation for now
 00:00:01 | Cannot generate further orders - suspending generation for now
 00:00:01 | Cannot generate further orders - suspending generation for now
 00:00:01 | 00:00:00 | 0.00:30:00 | 100.00%  |   485   |    0     | 14%  |   5162   |   0    |  91.57MB  
 00:00:01 | >>> Simulation finished - writing results ...
 00:00:01 | >>> Results written
Simulation finished.
>>> Timings
StatTimingPathPlanningAverage: 9.139556354916064E-05
StatTimingPathPlanningOverall: 0.07622389999999997
StatTimingPathPlanningCount: 834
StatTimingTaskAllocationAverage: 0.0018751655813953466
StatTimingTaskAllocationOverall: 0.40316059999999954
StatTimingTaskAllocationCount: 215
StatTimingItemStorageAverage: 9.683089214380846E-07
StatTimingItemStorageOverall: 0.0007272000000000015
StatTimingItemStorageCount: 751
StatTimingPodStorageAverage: 0.0015028417475728155
StatTimingPodStorageOverall: 0.1547927
StatTimingPodStorageCount: 103
StatTimingReplenishmentBatchingAverage: 7.95E-06
StatTimingReplenishmentBatchingOverall: 1.59E-05
StatTimingReplenishmentBatchingCount: 2
StatTimingOrderBatchingAverage: 9.264466750313667E-05
StatTimingOrderBatchingOverall: 0.07383779999999993
StatTimingOrderBatchingCount: 797
>>> Overall
StatOverallBundlesPlaced: 0
StatOverallItemsOrdered: 665
StatOverallOrdersPlaced: 417
StatOverallBundlesRejected: 0
StatOverallOrdersRejected: 0
StatOverallBundlesHandled: 0
StatOverallItemsHandled: 760
StatOverallLinesHandled: 719
StatOverallOrdersHandled: 485
StatOverallCollisions: 0
StatOverallDistanceTraveled: 5161.568938713728
StatOverallDistanceEstimated: 5078
StatOverallAssignedTasks: 215
StatMaxMemoryUsed: 92,16015625
StatRealTimeUsed: 1.1020691
StatAverageTurnoverTime: 459.8270990176881
StatMedianTurnoverTime: 303.069170263127
StatLowerQuartileTurnoverTime: 129.55574313838133
StatUpperQuartileTurnoverTime: 663.7381529434294
StatAverageThroughputTime: 92.99321103208507
StatMedianThroughputTime: 24.321940847983683
StatLowerQuartileThroughputTime: 16.2195382358575
StatUpperQuartileThroughputTime: 85.96676045808022

Marked tag finished after 1 tries!
.Fin. - SUCCESS
<<< Welcome to the RAWSimO CLI >>>
The time is: 06/13/2024 09:46:50
Starting RAWSimO wrapper with the following arguments:
Instance: ..\..\..\..\Material\Instances\0.Weighted30min Demand separate\Db\Weighted2.xinst
Setting: ..\..\..\..\Material\Instances\0.Weighted30min Demand separate\Db\Weighted2.xsett
ControlConfig: ..\..\..\..\Material\Instances\0.Weighted30min Demand separate\Db\Weighted2.xconf
StatisticsDir: ..\..\..\..\Material\Instances\0.Weighted30min Demand separate\Db
Seed: 1
Additionally the following tag was passed: 1, 1.0478, 0.794, 0.229, 0.22, 0.333
Adding handler for unhandled exceptions ...
Initializing ... 
Instance recognized!
Parsing setting config ...
Parsing control config ...
Parsing instance ...
StatisticsFolder: Weighted2-Db_[[1, 1.0478, 0.794]]_2_[0.229, 0.22, 0.333].csv-1
Done!
