Executing ... 
 10:02:05 | >>> Warming up ...
 00:00:00 | >>> Warmup finished - starting simulation ...
 Realtime |   ETA    |  Sim.Time  | Progress | #Orders | #Bundles | Inv. | Distance | #Coll. |   Memory    
 00:00:00 |   n/a    | 0.00:00:00 |  0.00%   |    0    |    0     | 60%  |    0     |   0    | 114.28MB  
 00:00:00 | Cannot generate further orders - suspending generation for now
 00:00:00 | Cannot generate further orders - suspending generation for now
 00:00:00 | Cannot generate further orders - suspending generation for now
 00:00:00 | Cannot generate further orders - suspending generation for now
 00:00:00 | Cannot generate further orders - suspending generation for now
 00:00:00 | Cannot generate further orders - suspending generation for now
 00:00:01 | Cannot generate further orders - suspending generation for now
 00:00:01 | Cannot generate further orders - suspending generation for now
 00:00:01 | Cannot generate further orders - suspending generation for now
 00:00:01 | Cannot generate further orders - suspending generation for now
 00:00:01 | Cannot generate further orders - suspending generation for now
 00:00:01 | 00:00:00 | 0.00:30:00 | 100.00%  |   489   |    0     | 15%  |   4882   |   0    | 111.28MB  
 00:00:01 | >>> Simulation finished - writing results ...
 00:00:01 | >>> Results written
Simulation finished.
>>> Timings
StatTimingPathPlanningAverage: 0.0001005149685534591
StatTimingPathPlanningOverall: 0.07990939999999998
StatTimingPathPlanningCount: 795
StatTimingTaskAllocationAverage: 0.002109895098039216
StatTimingTaskAllocationOverall: 0.4304186000000001
StatTimingTaskAllocationCount: 204
StatTimingItemStorageAverage: 1.061569688768607E-06
StatTimingItemStorageOverall: 0.0007845000000000006
StatTimingItemStorageCount: 739
StatTimingPodStorageAverage: 0.001881471134020619
StatTimingPodStorageOverall: 0.18250270000000005
StatTimingPodStorageCount: 97
StatTimingReplenishmentBatchingAverage: 7.45E-06
StatTimingReplenishmentBatchingOverall: 1.49E-05
StatTimingReplenishmentBatchingCount: 2
StatTimingOrderBatchingAverage: 0.00010036939546599493
StatTimingOrderBatchingOverall: 0.07969329999999997
StatTimingOrderBatchingCount: 794
>>> Overall
StatOverallBundlesPlaced: 0
StatOverallItemsOrdered: 654
StatOverallOrdersPlaced: 416
StatOverallBundlesRejected: 0
StatOverallOrdersRejected: 0
StatOverallBundlesHandled: 0
StatOverallItemsHandled: 755
StatOverallLinesHandled: 712
StatOverallOrdersHandled: 489
StatOverallCollisions: 0
StatOverallDistanceTraveled: 4881.735963231056
StatOverallDistanceEstimated: 4763
StatOverallAssignedTasks: 204
StatMaxMemoryUsed: 114,27734375
StatRealTimeUsed: 1.1265114
StatAverageTurnoverTime: 460.96741591990417
StatMedianTurnoverTime: 322.09898268030173
StatLowerQuartileTurnoverTime: 142.22555555555567
StatUpperQuartileTurnoverTime: 663.5763996782716
StatAverageThroughputTime: 92.06044417077676
StatMedianThroughputTime: 27.321111111111236
StatLowerQuartileThroughputTime: 16.678333333333356
StatUpperQuartileThroughputTime: 87.97277777777754

Marked tag finished after 1 tries!
.Fin. - SUCCESS
<<< Welcome to the RAWSimO CLI >>>
The time is: 06/13/2024 10:02:07
Starting RAWSimO wrapper with the following arguments:
Instance: ..\..\..\..\Material\Instances\0.Weighted30min Demand separate\Df\Weighted2.xinst
Setting: ..\..\..\..\Material\Instances\0.Weighted30min Demand separate\Df\Weighted2.xsett
ControlConfig: ..\..\..\..\Material\Instances\0.Weighted30min Demand separate\Df\Weighted2.xconf
StatisticsDir: ..\..\..\..\Material\Instances\0.Weighted30min Demand separate\Df
Seed: 2
Additionally the following tag was passed: 1, 0.33333333333333337, 0.068, 0.178, 0.538, 1.0
Adding handler for unhandled exceptions ...
Initializing ... 
Instance recognized!
Parsing setting config ...
Parsing control config ...
Parsing instance ...
StatisticsFolder: Weighted2-Df_[[1, 0.33333333333333337, 0.068]]_1_[0.178, 0.538, 1.0].csv-2
Done!
