Executing ... 
 15:39:44 | >>> Warming up ...
 00:00:00 | >>> Warmup finished - starting simulation ...
 Realtime |   ETA    |  Sim.Time  | Progress | #Orders | #Bundles | Inv. | Distance | #Coll. |   Memory    
 00:00:00 |   n/a    | 0.00:00:00 |  0.00%   |    0    |    0     | 83%  |    0     |   0    |  74.51MB  
 00:00:00 | Reactivating bundle generation paused by inventory+reserved+backlog level (currently at: 0.6491666666666667)
 00:00:00 | 00:00:00 | 0.00:30:00 | 100.00%  |   346   |    0     | 40%  |   2104   |   0    |  73.43MB  
 00:00:00 | >>> Simulation finished - writing results ...
 00:00:00 | >>> Results written
Simulation finished.
>>> Timings
StatTimingPathPlanningAverage: 7.661290322580649E-05
StatTimingPathPlanningOverall: 0.033250000000000016
StatTimingPathPlanningCount: 434
StatTimingTaskAllocationAverage: 0.0021418064814814814
StatTimingTaskAllocationOverall: 0.2313151
StatTimingTaskAllocationCount: 108
StatTimingItemStorageAverage: 1.154858299595141E-06
StatTimingItemStorageOverall: 0.0005704999999999996
StatTimingItemStorageCount: 494
StatTimingPodStorageAverage: 0.0020165044444444445
StatTimingPodStorageOverall: 0.0907427
StatTimingPodStorageCount: 45
StatTimingReplenishmentBatchingAverage: 8.025E-06
StatTimingReplenishmentBatchingOverall: 3.21E-05
StatTimingReplenishmentBatchingCount: 4
StatTimingOrderBatchingAverage: 9.609984202211691E-05
StatTimingOrderBatchingOverall: 0.0608312
StatTimingOrderBatchingCount: 633
>>> Overall
StatOverallBundlesPlaced: 180
StatOverallItemsOrdered: 593
StatOverallOrdersPlaced: 380
StatOverallBundlesRejected: 0
StatOverallOrdersRejected: 0
StatOverallBundlesHandled: 0
StatOverallItemsHandled: 517
StatOverallLinesHandled: 484
StatOverallOrdersHandled: 346
StatOverallCollisions: 0
StatOverallDistanceTraveled: 2103.507710194598
StatOverallDistanceEstimated: 2026
StatOverallAssignedTasks: 108
StatMaxMemoryUsed: 74,51171875
StatRealTimeUsed: 0.771969
StatAverageTurnoverTime: 500.22938100916247
StatMedianTurnoverTime: 385.3611111111144
StatLowerQuartileTurnoverTime: 189.11611111111108
StatUpperQuartileTurnoverTime: 712.3732395419228
StatAverageThroughputTime: 148.00055100885447
StatMedianThroughputTime: 81.00222222221896
StatLowerQuartileThroughputTime: 50.771666666666675
StatUpperQuartileThroughputTime: 195.48685424949485

Marked tag finished after 1 tries!
.Fin. - SUCCESS
<<< Welcome to the RAWSimO CLI >>>
The time is: 06/03/2024 15:39:45
Starting RAWSimO wrapper with the following arguments:
Instance: ..\..\..\..\Material\Instances\0.Weighted30min\WeightedScenario.xinst
Setting: ..\..\..\..\Material\Instances\0.Weighted30min\WeightedScenario.xsett
ControlConfig: ..\..\..\..\Material\Instances\0.Weighted30min\WeightedScenario.xconf
StatisticsDir: ..\..\..\..\Material\Instances\0.Weighted30min
Seed: 1
Additionally the following tag was passed: Dfwlow
Adding handler for unhandled exceptions ...
Initializing ... 
Instance recognized!
Parsing setting config ...
Parsing control config ...
Parsing instance ...
StatisticsFolder: WeightedScenario-Df_wlow_1.csv-1
Done!
