Executing ... 
 13:59:31 | >>> Warming up ...
 00:00:00 | >>> Warmup finished - starting simulation ...
 Realtime |   ETA    |  Sim.Time  | Progress | #Orders | #Bundles | Inv. | Distance | #Coll. |   Memory    
 00:00:00 |   n/a    | 0.00:00:00 |  0.00%   |    0    |    0     | 60%  |    0     |   0    |  80.08MB  
 00:00:00 | Cannot generate further orders - suspending generation for now
 00:00:00 | Cannot generate further orders - suspending generation for now
 00:00:00 | Cannot generate further orders - suspending generation for now
 00:00:00 | Cannot generate further orders - suspending generation for now
 00:00:00 | Cannot generate further orders - suspending generation for now
 00:00:00 | Cannot generate further orders - suspending generation for now
 00:00:00 | Cannot generate further orders - suspending generation for now
 00:00:00 | Cannot generate further orders - suspending generation for now
 00:00:00 | Cannot generate further orders - suspending generation for now
 00:00:00 | Cannot generate further orders - suspending generation for now
 00:00:00 | 00:00:00 | 0.00:30:00 | 100.00%  |   477   |    0     | 16%  |   5065   |   0    |  84.32MB  
 00:00:00 | >>> Simulation finished - writing results ...
 00:00:01 | >>> Results written
Simulation finished.
>>> Timings
StatTimingPathPlanningAverage: 9.632667436489597E-05
StatTimingPathPlanningOverall: 0.08341889999999991
StatTimingPathPlanningCount: 866
StatTimingTaskAllocationAverage: 0.00167949068627451
StatTimingTaskAllocationOverall: 0.34261610000000003
StatTimingTaskAllocationCount: 204
StatTimingItemStorageAverage: 9.429184549356264E-07
StatTimingItemStorageOverall: 0.0006591000000000028
StatTimingItemStorageCount: 699
StatTimingPodStorageAverage: 0.0014314618556701035
StatTimingPodStorageOverall: 0.13885180000000005
StatTimingPodStorageCount: 97
StatTimingReplenishmentBatchingAverage: 8.25E-06
StatTimingReplenishmentBatchingOverall: 1.65E-05
StatTimingReplenishmentBatchingCount: 2
StatTimingOrderBatchingAverage: 8.232360570687423E-05
StatTimingOrderBatchingOverall: 0.06347150000000003
StatTimingOrderBatchingCount: 771
>>> Overall
StatOverallBundlesPlaced: 0
StatOverallItemsOrdered: 661
StatOverallOrdersPlaced: 422
StatOverallBundlesRejected: 0
StatOverallOrdersRejected: 0
StatOverallBundlesHandled: 0
StatOverallItemsHandled: 725
StatOverallLinesHandled: 685
StatOverallOrdersHandled: 477
StatOverallCollisions: 0
StatOverallDistanceTraveled: 5065.332270370353
StatOverallDistanceEstimated: 4850
StatOverallAssignedTasks: 204
StatMaxMemoryUsed: 87,6015625
StatRealTimeUsed: 0.9696808
StatAverageTurnoverTime: 454.9610693000554
StatMedianTurnoverTime: 295.24583692979377
StatLowerQuartileTurnoverTime: 143.9561111111112
StatUpperQuartileTurnoverTime: 638.7264862767619
StatAverageThroughputTime: 93.25123216253628
StatMedianThroughputTime: 21.26676045807949
StatLowerQuartileThroughputTime: 12.916666666666629
StatUpperQuartileThroughputTime: 76.61415587728357

Marked tag finished after 1 tries!
.Fin. - SUCCESS
<<< Welcome to the RAWSimO CLI >>>
The time is: 06/07/2024 13:59:32
Starting RAWSimO wrapper with the following arguments:
Instance: ..\..\..\..\Material\Instances\0.Weighted30min Demand separate\Da\Weighted2.xinst
Setting: ..\..\..\..\Material\Instances\0.Weighted30min Demand separate\Da\Weighted2.xsett
ControlConfig: ..\..\..\..\Material\Instances\0.Weighted30min Demand separate\Da\Weighted2.xconf
StatisticsDir: ..\..\..\..\Material\Instances\0.Weighted30min Demand separate\Da
Seed: 2
Additionally the following tag was passed: [[1, 0.052, 4]]
Adding handler for unhandled exceptions ...
Initializing ... 
Instance recognized!
Parsing setting config ...
Parsing control config ...
Parsing instance ...
StatisticsFolder: Weighted2-Da_[[1, 0.052, 4]]_1.csv-2
Done!
