Executing ... 
 09:55:20 | >>> Warming up ...
 00:00:00 | >>> Warmup finished - starting simulation ...
 Realtime |   ETA    |  Sim.Time  | Progress | #Orders | #Bundles | Inv. | Distance | #Coll. |   Memory    
 00:00:00 |   n/a    | 0.00:00:00 |  0.00%   |    0    |    0     | 60%  |    0     |   0    | 106.83MB  
 00:00:01 | Cannot generate further orders - suspending generation for now
 00:00:01 | Cannot generate further orders - suspending generation for now
 00:00:01 | Cannot generate further orders - suspending generation for now
 00:00:01 | Cannot generate further orders - suspending generation for now
 00:00:01 | Cannot generate further orders - suspending generation for now
 00:00:01 | Cannot generate further orders - suspending generation for now
 00:00:01 | Cannot generate further orders - suspending generation for now
 00:00:01 | Cannot generate further orders - suspending generation for now
 00:00:01 | Cannot generate further orders - suspending generation for now
 00:00:01 | 00:00:00 | 0.00:30:00 | 100.00%  |   491   |    0     | 15%  |   4914   |   0    | 104.03MB  
 00:00:01 | >>> Simulation finished - writing results ...
 00:00:01 | >>> Results written
Simulation finished.
>>> Timings
StatTimingPathPlanningAverage: 0.00017102200488997542
StatTimingPathPlanningOverall: 0.13989599999999988
StatTimingPathPlanningCount: 818
StatTimingTaskAllocationAverage: 0.00321564487804878
StatTimingTaskAllocationOverall: 0.6592071999999999
StatTimingTaskAllocationCount: 205
StatTimingItemStorageAverage: 1.986896551724137E-06
StatTimingItemStorageOverall: 0.001440499999999999
StatTimingItemStorageCount: 725
StatTimingPodStorageAverage: 0.0027935587628865983
StatTimingPodStorageOverall: 0.2709752
StatTimingPodStorageCount: 97
StatTimingReplenishmentBatchingAverage: 1.13E-05
StatTimingReplenishmentBatchingOverall: 2.26E-05
StatTimingReplenishmentBatchingCount: 2
StatTimingOrderBatchingAverage: 0.00015528230198019806
StatTimingOrderBatchingOverall: 0.12546810000000003
StatTimingOrderBatchingCount: 808
>>> Overall
StatOverallBundlesPlaced: 0
StatOverallItemsOrdered: 667
StatOverallOrdersPlaced: 422
StatOverallBundlesRejected: 0
StatOverallOrdersRejected: 0
StatOverallBundlesHandled: 0
StatOverallItemsHandled: 756
StatOverallLinesHandled: 714
StatOverallOrdersHandled: 491
StatOverallCollisions: 0
StatOverallDistanceTraveled: 4913.951223405236
StatOverallDistanceEstimated: 4756
StatOverallAssignedTasks: 205
StatMaxMemoryUsed: 106,83203125
StatRealTimeUsed: 1.6896138
StatAverageTurnoverTime: 456.0559021967681
StatMedianTurnoverTime: 310.3984271247481
StatLowerQuartileTurnoverTime: 129.82574313838154
StatUpperQuartileTurnoverTime: 625.7273160136353
StatAverageThroughputTime: 90.56967432486361
StatMedianThroughputTime: 24.60388888888889
StatLowerQuartileThroughputTime: 16.069538235857408
StatUpperQuartileThroughputTime: 85.99888888889018

Marked tag finished after 1 tries!
.Fin. - SUCCESS
<<< Welcome to the RAWSimO CLI >>>
The time is: 06/13/2024 09:55:22
Starting RAWSimO wrapper with the following arguments:
Instance: ..\..\..\..\Material\Instances\0.Weighted30min Demand separate\Dd\Weighted2.xinst
Setting: ..\..\..\..\Material\Instances\0.Weighted30min Demand separate\Dd\Weighted2.xsett
ControlConfig: ..\..\..\..\Material\Instances\0.Weighted30min Demand separate\Dd\Weighted2.xconf
StatisticsDir: ..\..\..\..\Material\Instances\0.Weighted30min Demand separate\Dd
Seed: 2
Additionally the following tag was passed: 1, 0.198, 0.3766666666666667, 0.143, 0.717, 0.5
Adding handler for unhandled exceptions ...
Initializing ... 
Instance recognized!
Parsing setting config ...
Parsing control config ...
Parsing instance ...
StatisticsFolder: Weighted2-Dd_[[1, 0.198, 0.3766666666666667]]_2_[0.143, 0.717, 0.5].csv-2
Done!
