Executing ... 
 18:14:36 | >>> Warming up ...
 00:00:00 | >>> Warmup finished - starting simulation ...
 Realtime |   ETA    |  Sim.Time  | Progress | #Orders | #Bundles | Inv. | Distance | #Coll. |   Memory    
 00:00:00 |   n/a    | 0.00:00:00 |  0.00%   |    0    |    0     | 60%  |    0     |   0    |  77.42MB  
 00:00:00 | Cannot generate further orders - suspending generation for now
 00:00:00 | Cannot generate further orders - suspending generation for now
 00:00:01 | Cannot generate further orders - suspending generation for now
 00:00:01 | Cannot generate further orders - suspending generation for now
 00:00:01 | Cannot generate further orders - suspending generation for now
 00:00:01 | Cannot generate further orders - suspending generation for now
 00:00:01 | Cannot generate further orders - suspending generation for now
 00:00:01 | Cannot generate further orders - suspending generation for now
 00:00:01 | Cannot generate further orders - suspending generation for now
 00:00:01 | Cannot generate further orders - suspending generation for now
 00:00:01 | Cannot generate further orders - suspending generation for now
 00:00:01 | 00:00:00 | 0.00:30:00 | 100.00%  |   503   |    0     | 13%  |   4868   |   0    |  73.43MB  
 00:00:01 | >>> Simulation finished - writing results ...
 00:00:01 | >>> Results written
Simulation finished.
>>> Timings
StatTimingPathPlanningAverage: 0.00016271813664596257
StatTimingPathPlanningOverall: 0.13098809999999986
StatTimingPathPlanningCount: 805
StatTimingTaskAllocationAverage: 0.002168398500000002
StatTimingTaskAllocationOverall: 0.4336797000000004
StatTimingTaskAllocationCount: 200
StatTimingItemStorageAverage: 1.254057591623041E-06
StatTimingItemStorageOverall: 0.0009581000000000034
StatTimingItemStorageCount: 764
StatTimingPodStorageAverage: 0.001752295833333333
StatTimingPodStorageOverall: 0.16822039999999996
StatTimingPodStorageCount: 96
StatTimingReplenishmentBatchingAverage: 1.115E-05
StatTimingReplenishmentBatchingOverall: 2.23E-05
StatTimingReplenishmentBatchingCount: 2
StatTimingOrderBatchingAverage: 0.00013341437346437335
StatTimingOrderBatchingOverall: 0.10859929999999991
StatTimingOrderBatchingCount: 814
>>> Overall
StatOverallBundlesPlaced: 0
StatOverallItemsOrdered: 660
StatOverallOrdersPlaced: 419
StatOverallBundlesRejected: 0
StatOverallOrdersRejected: 0
StatOverallBundlesHandled: 0
StatOverallItemsHandled: 787
StatOverallLinesHandled: 745
StatOverallOrdersHandled: 503
StatOverallCollisions: 0
StatOverallDistanceTraveled: 4868.1512677469045
StatOverallDistanceEstimated: 4729
StatOverallAssignedTasks: 200
StatMaxMemoryUsed: 77,41796875
StatRealTimeUsed: 1.3360299
StatAverageTurnoverTime: 438.0455296960446
StatMedianTurnoverTime: 263.9823160136351
StatLowerQuartileTurnoverTime: 136.51833333333377
StatUpperQuartileTurnoverTime: 604.8213924853497
StatAverageThroughputTime: 86.59420978563617
StatMedianThroughputTime: 28.595281374238603
StatLowerQuartileThroughputTime: 16.5235209161591
StatUpperQuartileThroughputTime: 86.84888888888878

Marked tag finished after 1 tries!
.Fin. - SUCCESS
<<< Welcome to the RAWSimO CLI >>>
The time is: 06/07/2024 18:14:37
Starting RAWSimO wrapper with the following arguments:
Instance: ..\..\..\..\Material\Instances\0.Weighted30min Demand separate\Df\Weighted2.xinst
Setting: ..\..\..\..\Material\Instances\0.Weighted30min Demand separate\Df\Weighted2.xsett
ControlConfig: ..\..\..\..\Material\Instances\0.Weighted30min Demand separate\Df\Weighted2.xconf
StatisticsDir: ..\..\..\..\Material\Instances\0.Weighted30min Demand separate\Df
Seed: 2
Additionally the following tag was passed: [[1, 2, 1]]
Adding handler for unhandled exceptions ...
Initializing ... 
Instance recognized!
Parsing setting config ...
Parsing control config ...
Parsing instance ...
StatisticsFolder: Weighted2-Df_[[1, 2, 1]]_1.csv-2
Done!
