Executing ... 
 09:58:45 | >>> Warming up ...
 00:00:00 | >>> Warmup finished - starting simulation ...
 Realtime |   ETA    |  Sim.Time  | Progress | #Orders | #Bundles | Inv. | Distance | #Coll. |   Memory    
 00:00:00 |   n/a    | 0.00:00:00 |  0.00%   |    0    |    0     | 60%  |    0     |   0    | 109.90MB  
 00:00:00 | Cannot generate further orders - suspending generation for now
 00:00:00 | Cannot generate further orders - suspending generation for now
 00:00:00 | Cannot generate further orders - suspending generation for now
 00:00:00 | Cannot generate further orders - suspending generation for now
 00:00:00 | Cannot generate further orders - suspending generation for now
 00:00:00 | Cannot generate further orders - suspending generation for now
 00:00:01 | Cannot generate further orders - suspending generation for now
 00:00:01 | Cannot generate further orders - suspending generation for now
 00:00:01 | 00:00:00 | 0.00:30:00 | 100.00%  |   478   |    0     | 16%  |   5065   |   0    | 105.16MB  
 00:00:01 | >>> Simulation finished - writing results ...
 00:00:01 | >>> Results written
Simulation finished.
>>> Timings
StatTimingPathPlanningAverage: 9.377627737226275E-05
StatTimingPathPlanningOverall: 0.07708409999999997
StatTimingPathPlanningCount: 822
StatTimingTaskAllocationAverage: 0.001837597652582159
StatTimingTaskAllocationOverall: 0.3914082999999999
StatTimingTaskAllocationCount: 213
StatTimingItemStorageAverage: 9.534458509142114E-07
StatTimingItemStorageOverall: 0.0006779000000000043
StatTimingItemStorageCount: 711
StatTimingPodStorageAverage: 0.001808093137254902
StatTimingPodStorageOverall: 0.18442550000000002
StatTimingPodStorageCount: 102
StatTimingReplenishmentBatchingAverage: 8.15E-06
StatTimingReplenishmentBatchingOverall: 1.63E-05
StatTimingReplenishmentBatchingCount: 2
StatTimingOrderBatchingAverage: 9.897254408060445E-05
StatTimingOrderBatchingOverall: 0.07858419999999994
StatTimingOrderBatchingCount: 794
>>> Overall
StatOverallBundlesPlaced: 0
StatOverallItemsOrdered: 664
StatOverallOrdersPlaced: 422
StatOverallBundlesRejected: 0
StatOverallOrdersRejected: 0
StatOverallBundlesHandled: 0
StatOverallItemsHandled: 738
StatOverallLinesHandled: 699
StatOverallOrdersHandled: 478
StatOverallCollisions: 0
StatOverallDistanceTraveled: 5065.3248020010815
StatOverallDistanceEstimated: 4964
StatOverallAssignedTasks: 213
StatMaxMemoryUsed: 108,484375
StatRealTimeUsed: 1.0888153
StatAverageTurnoverTime: 465.5854547835274
StatMedianTurnoverTime: 353.0888888888885
StatLowerQuartileTurnoverTime: 185.91722222222234
StatUpperQuartileTurnoverTime: 652.5151875828321
StatAverageThroughputTime: 87.5063561942205
StatMedianThroughputTime: 21.81898268030193
StatLowerQuartileThroughputTime: 12.894444444444844
StatUpperQuartileThroughputTime: 86.24000000000342

Marked tag finished after 1 tries!
.Fin. - SUCCESS
<<< Welcome to the RAWSimO CLI >>>
The time is: 06/13/2024 09:58:46
Starting RAWSimO wrapper with the following arguments:
Instance: ..\..\..\..\Material\Instances\0.Weighted30min Demand separate\Dd\Weighted2.xinst
Setting: ..\..\..\..\Material\Instances\0.Weighted30min Demand separate\Dd\Weighted2.xsett
ControlConfig: ..\..\..\..\Material\Instances\0.Weighted30min Demand separate\Dd\Weighted2.xconf
StatisticsDir: ..\..\..\..\Material\Instances\0.Weighted30min Demand separate\Dd
Seed: 2
Additionally the following tag was passed: 1, 0.79, 0.21333333333333337, 0.17, 0.333, 0.8
Adding handler for unhandled exceptions ...
Initializing ... 
Instance recognized!
Parsing setting config ...
Parsing control config ...
Parsing instance ...
StatisticsFolder: Weighted2-Dd_[[1, 0.79, 0.21333333333333337]]_3_[0.17, 0.333, 0.8].csv-2
Done!
