Executing ... 
 19:10:29 | >>> Warming up ...
 00:00:00 | >>> Warmup finished - starting simulation ...
 Realtime |   ETA    |  Sim.Time  | Progress | #Orders | #Bundles | Inv. | Distance | #Coll. |   Memory    
 00:00:00 |   n/a    | 0.00:00:00 |  0.00%   |    0    |    0     | 60%  |    0     |   0    |  83.69MB  
 00:00:00 | Cannot generate further orders - suspending generation for now
 00:00:00 | Cannot generate further orders - suspending generation for now
 00:00:00 | Cannot generate further orders - suspending generation for now
 00:00:00 | Cannot generate further orders - suspending generation for now
 00:00:00 | Cannot generate further orders - suspending generation for now
 00:00:00 | Cannot generate further orders - suspending generation for now
 00:00:00 | Cannot generate further orders - suspending generation for now
 00:00:00 | Cannot generate further orders - suspending generation for now
 00:00:01 | Cannot generate further orders - suspending generation for now
 00:00:01 | 00:00:00 | 0.00:30:00 | 100.00%  |   478   |    0     | 17%  |   5073   |   0    |  83.35MB  
 00:00:01 | >>> Simulation finished - writing results ...
 00:00:01 | >>> Results written
Simulation finished.
>>> Timings
StatTimingPathPlanningAverage: 8.410190249702737E-05
StatTimingPathPlanningOverall: 0.07072970000000002
StatTimingPathPlanningCount: 841
StatTimingTaskAllocationAverage: 0.0018100222222222232
StatTimingTaskAllocationOverall: 0.3909648000000002
StatTimingTaskAllocationCount: 216
StatTimingItemStorageAverage: 1.0047277936962787E-06
StatTimingItemStorageOverall: 0.0007013000000000025
StatTimingItemStorageCount: 698
StatTimingPodStorageAverage: 0.0016542572815533977
StatTimingPodStorageOverall: 0.17038849999999997
StatTimingPodStorageCount: 103
StatTimingReplenishmentBatchingAverage: 8.4E-06
StatTimingReplenishmentBatchingOverall: 1.68E-05
StatTimingReplenishmentBatchingCount: 2
StatTimingOrderBatchingAverage: 8.589625322997412E-05
StatTimingOrderBatchingOverall: 0.06648369999999997
StatTimingOrderBatchingCount: 774
>>> Overall
StatOverallBundlesPlaced: 0
StatOverallItemsOrdered: 620
StatOverallOrdersPlaced: 402
StatOverallBundlesRejected: 0
StatOverallOrdersRejected: 0
StatOverallBundlesHandled: 0
StatOverallItemsHandled: 720
StatOverallLinesHandled: 685
StatOverallOrdersHandled: 478
StatOverallCollisions: 0
StatOverallDistanceTraveled: 5073.2083870354745
StatOverallDistanceEstimated: 4973
StatOverallAssignedTasks: 216
StatMaxMemoryUsed: 83,3515625
StatRealTimeUsed: 1.0178153
StatAverageTurnoverTime: 472.3710240140348
StatMedianTurnoverTime: 343.2518542494921
StatLowerQuartileTurnoverTime: 134.19268398636473
StatUpperQuartileTurnoverTime: 705.1042640545401
StatAverageThroughputTime: 90.16515204290806
StatMedianThroughputTime: 20.78360751465084
StatLowerQuartileThroughputTime: 12.914444444444257
StatUpperQuartileThroughputTime: 80.743982680302

Marked tag finished after 1 tries!
.Fin. - SUCCESS
<<< Welcome to the RAWSimO CLI >>>
The time is: 06/12/2024 19:10:30
Starting RAWSimO wrapper with the following arguments:
Instance: ..\..\..\..\Material\Instances\0.Weighted30min Demand separate\Da\Weighted2.xinst
Setting: ..\..\..\..\Material\Instances\0.Weighted30min Demand separate\Da\Weighted2.xsett
ControlConfig: ..\..\..\..\Material\Instances\0.Weighted30min Demand separate\Da\Weighted2.xconf
StatisticsDir: ..\..\..\..\Material\Instances\0.Weighted30min Demand separate\Da
Seed: 1
Additionally the following tag was passed: [[1, 10.0, 0.7922499999999999]]
Adding handler for unhandled exceptions ...
Initializing ... 
Instance recognized!
Parsing setting config ...
Parsing control config ...
Parsing instance ...
StatisticsFolder: Weighted2-Da_[[1, 10.0, 0.7922499999999999]]_1.csv-1
Done!
