Executing ... 
 09:25:28 | >>> Warming up ...
 00:00:00 | >>> Warmup finished - starting simulation ...
 Realtime |   ETA    |  Sim.Time  | Progress | #Orders | #Bundles | Inv. | Distance | #Coll. |   Memory    
 00:00:00 |   n/a    | 0.00:00:00 |  0.00%   |    0    |    0     | 60%  |    0     |   0    |  80.87MB  
 00:00:00 | Cannot generate further orders - suspending generation for now
 00:00:00 | Cannot generate further orders - suspending generation for now
 00:00:00 | Cannot generate further orders - suspending generation for now
 00:00:00 | Cannot generate further orders - suspending generation for now
 00:00:01 | Cannot generate further orders - suspending generation for now
 00:00:01 | Cannot generate further orders - suspending generation for now
 00:00:01 | Cannot generate further orders - suspending generation for now
 00:00:01 | Cannot generate further orders - suspending generation for now
 00:00:01 | Cannot generate further orders - suspending generation for now
 00:00:01 | 00:00:00 | 0.00:30:00 | 100.00%  |   480   |    0     | 16%  |   5361   |   0    |  84.10MB  
 00:00:01 | >>> Simulation finished - writing results ...
 00:00:01 | >>> Results written
Simulation finished.
>>> Timings
StatTimingPathPlanningAverage: 9.273110328638493E-05
StatTimingPathPlanningOverall: 0.07900689999999996
StatTimingPathPlanningCount: 852
StatTimingTaskAllocationAverage: 0.0019116824884792625
StatTimingTaskAllocationOverall: 0.41483509999999996
StatTimingTaskAllocationCount: 217
StatTimingItemStorageAverage: 1.3405027932960823E-06
StatTimingItemStorageOverall: 0.0009597999999999949
StatTimingItemStorageCount: 716
StatTimingPodStorageAverage: 0.0016154708737864088
StatTimingPodStorageOverall: 0.1663935000000001
StatTimingPodStorageCount: 103
StatTimingReplenishmentBatchingAverage: 8.95E-06
StatTimingReplenishmentBatchingOverall: 1.79E-05
StatTimingReplenishmentBatchingCount: 2
StatTimingOrderBatchingAverage: 0.00013778873056994811
StatTimingOrderBatchingOverall: 0.10637289999999995
StatTimingOrderBatchingCount: 772
>>> Overall
StatOverallBundlesPlaced: 0
StatOverallItemsOrdered: 642
StatOverallOrdersPlaced: 417
StatOverallBundlesRejected: 0
StatOverallOrdersRejected: 0
StatOverallBundlesHandled: 0
StatOverallItemsHandled: 735
StatOverallLinesHandled: 697
StatOverallOrdersHandled: 480
StatOverallCollisions: 0
StatOverallDistanceTraveled: 5360.656768916091
StatOverallDistanceEstimated: 5238
StatOverallAssignedTasks: 217
StatMaxMemoryUsed: 85,2109375
StatRealTimeUsed: 1.1360779
StatAverageTurnoverTime: 472.27126190788294
StatMedianTurnoverTime: 337.8386147075736
StatLowerQuartileTurnoverTime: 107.76722222222219
StatUpperQuartileTurnoverTime: 733.7148990156655
StatAverageThroughputTime: 82.29448582521044
StatMedianThroughputTime: 24.13601731969834
StatLowerQuartileThroughputTime: 15.81666666666706
StatUpperQuartileThroughputTime: 73.70815294342925

Marked tag finished after 1 tries!
.Fin. - SUCCESS
<<< Welcome to the RAWSimO CLI >>>
The time is: 06/13/2024 09:25:29
Starting RAWSimO wrapper with the following arguments:
Instance: ..\..\..\..\Material\Instances\0.Weighted30min Demand separate\Da\Weighted2.xinst
Setting: ..\..\..\..\Material\Instances\0.Weighted30min Demand separate\Da\Weighted2.xsett
ControlConfig: ..\..\..\..\Material\Instances\0.Weighted30min Demand separate\Da\Weighted2.xconf
StatisticsDir: ..\..\..\..\Material\Instances\0.Weighted30min Demand separate\Da
Seed: 3
Additionally the following tag was passed: 1, 10.0, 1.039, 0.259, 0.1, 0.25
Adding handler for unhandled exceptions ...
Initializing ... 
Instance recognized!
Parsing setting config ...
Parsing control config ...
Parsing instance ...
StatisticsFolder: Weighted2-Da_[[1, 10.0, 1.039]]_1_[0.259, 0.1, 0.25].csv-3
Done!
