Executing ... 
 09:56:46 | >>> Warming up ...
 00:00:00 | >>> Warmup finished - starting simulation ...
 Realtime |   ETA    |  Sim.Time  | Progress | #Orders | #Bundles | Inv. | Distance | #Coll. |   Memory    
 00:00:00 |   n/a    | 0.00:00:00 |  0.00%   |    0    |    0     | 60%  |    0     |   0    | 106.83MB  
 00:00:00 | Cannot generate further orders - suspending generation for now
 00:00:00 | Cannot generate further orders - suspending generation for now
 00:00:00 | Cannot generate further orders - suspending generation for now
 00:00:00 | Cannot generate further orders - suspending generation for now
 00:00:00 | Cannot generate further orders - suspending generation for now
 00:00:00 | Cannot generate further orders - suspending generation for now
 00:00:00 | Cannot generate further orders - suspending generation for now
 00:00:00 | Cannot generate further orders - suspending generation for now
 00:00:00 | Cannot generate further orders - suspending generation for now
 00:00:00 | Cannot generate further orders - suspending generation for now
 00:00:00 | 00:00:00 | 0.00:30:00 | 100.00%  |   519   |    0     | 12%  |   4982   |   0    | 103.50MB  
 00:00:00 | >>> Simulation finished - writing results ...
 00:00:01 | >>> Results written
Simulation finished.
>>> Timings
StatTimingPathPlanningAverage: 8.331822721598006E-05
StatTimingPathPlanningOverall: 0.06673790000000003
StatTimingPathPlanningCount: 801
StatTimingTaskAllocationAverage: 0.0018052522388059716
StatTimingTaskAllocationOverall: 0.3628557000000003
StatTimingTaskAllocationCount: 201
StatTimingItemStorageAverage: 8.685788787483732E-07
StatTimingItemStorageOverall: 0.0006662000000000022
StatTimingItemStorageCount: 767
StatTimingPodStorageAverage: 0.0017483520833333347
StatTimingPodStorageOverall: 0.16784180000000012
StatTimingPodStorageCount: 96
StatTimingReplenishmentBatchingAverage: 7.9E-06
StatTimingReplenishmentBatchingOverall: 1.58E-05
StatTimingReplenishmentBatchingCount: 2
StatTimingOrderBatchingAverage: 8.445035971223026E-05
StatTimingOrderBatchingOverall: 0.07043160000000004
StatTimingOrderBatchingCount: 834
>>> Overall
StatOverallBundlesPlaced: 0
StatOverallItemsOrdered: 667
StatOverallOrdersPlaced: 429
StatOverallBundlesRejected: 0
StatOverallOrdersRejected: 0
StatOverallBundlesHandled: 0
StatOverallItemsHandled: 792
StatOverallLinesHandled: 751
StatOverallOrdersHandled: 519
StatOverallCollisions: 0
StatOverallDistanceTraveled: 4982.057578019553
StatOverallDistanceEstimated: 4887
StatOverallAssignedTasks: 201
StatMaxMemoryUsed: 106,83203125
StatRealTimeUsed: 0.9725467
StatAverageTurnoverTime: 459.19577539711145
StatMedianTurnoverTime: 313.5438022903976
StatLowerQuartileTurnoverTime: 136.58500000000072
StatUpperQuartileTurnoverTime: 621.9626911792863
StatAverageThroughputTime: 96.26010559718875
StatMedianThroughputTime: 25.42453823585737
StatLowerQuartileThroughputTime: 16.696854249492617
StatUpperQuartileThroughputTime: 92.34277777777784

Marked tag finished after 1 tries!
.Fin. - SUCCESS
<<< Welcome to the RAWSimO CLI >>>
The time is: 06/13/2024 09:56:47
Starting RAWSimO wrapper with the following arguments:
Instance: ..\..\..\..\Material\Instances\0.Weighted30min Demand separate\Dd\Weighted2.xinst
Setting: ..\..\..\..\Material\Instances\0.Weighted30min Demand separate\Dd\Weighted2.xsett
ControlConfig: ..\..\..\..\Material\Instances\0.Weighted30min Demand separate\Dd\Weighted2.xconf
StatisticsDir: ..\..\..\..\Material\Instances\0.Weighted30min Demand separate\Dd
Seed: 3
Additionally the following tag was passed: 1, 0.346, 0.54, 0.175, 0.5, 0.5
Adding handler for unhandled exceptions ...
Initializing ... 
Instance recognized!
Parsing setting config ...
Parsing control config ...
Parsing instance ...
StatisticsFolder: Weighted2-Dd_[[1, 0.346, 0.54]]_2_[0.175, 0.5, 0.5].csv-3
Done!
