Executing ... 
 09:24:11 | >>> Warming up ...
 00:00:00 | >>> Warmup finished - starting simulation ...
 Realtime |   ETA    |  Sim.Time  | Progress | #Orders | #Bundles | Inv. | Distance | #Coll. |   Memory    
 00:00:00 |   n/a    | 0.00:00:00 |  0.00%   |    0    |    0     | 60%  |    0     |   0    | 112.58MB  
 00:00:00 | Cannot generate further orders - suspending generation for now
 00:00:00 | Cannot generate further orders - suspending generation for now
 00:00:00 | Cannot generate further orders - suspending generation for now
 00:00:00 | Cannot generate further orders - suspending generation for now
 00:00:00 | Cannot generate further orders - suspending generation for now
 00:00:00 | Cannot generate further orders - suspending generation for now
 00:00:01 | Cannot generate further orders - suspending generation for now
 00:00:01 | Cannot generate further orders - suspending generation for now
 00:00:01 | 00:00:00 | 0.00:30:00 | 100.00%  |   476   |    0     | 17%  |   5118   |   0    |  73.21MB  
 00:00:01 | >>> Simulation finished - writing results ...
 00:00:01 | >>> Results written
Simulation finished.
>>> Timings
StatTimingPathPlanningAverage: 0.00010357995365005796
StatTimingPathPlanningOverall: 0.08938950000000002
StatTimingPathPlanningCount: 863
StatTimingTaskAllocationAverage: 0.0018151967441860462
StatTimingTaskAllocationOverall: 0.39026729999999993
StatTimingTaskAllocationCount: 215
StatTimingItemStorageAverage: 1.2435825105782746E-06
StatTimingItemStorageOverall: 0.0008816999999999967
StatTimingItemStorageCount: 709
StatTimingPodStorageAverage: 0.0016099438095238082
StatTimingPodStorageOverall: 0.16904409999999986
StatTimingPodStorageCount: 105
StatTimingReplenishmentBatchingAverage: 8.7E-06
StatTimingReplenishmentBatchingOverall: 1.74E-05
StatTimingReplenishmentBatchingCount: 2
StatTimingOrderBatchingAverage: 9.072791293213825E-05
StatTimingOrderBatchingOverall: 0.07085849999999998
StatTimingOrderBatchingCount: 781
>>> Overall
StatOverallBundlesPlaced: 0
StatOverallItemsOrdered: 661
StatOverallOrdersPlaced: 431
StatOverallBundlesRejected: 0
StatOverallOrdersRejected: 0
StatOverallBundlesHandled: 0
StatOverallItemsHandled: 718
StatOverallLinesHandled: 679
StatOverallOrdersHandled: 476
StatOverallCollisions: 0
StatOverallDistanceTraveled: 5118.459069984399
StatOverallDistanceEstimated: 4994
StatOverallAssignedTasks: 215
StatMaxMemoryUsed: 112,578125
StatRealTimeUsed: 1.0863394
StatAverageTurnoverTime: 458.60148866135336
StatMedianTurnoverTime: 291.14398268030516
StatLowerQuartileTurnoverTime: 110.50691207628938
StatUpperQuartileTurnoverTime: 678.5273232065643
StatAverageThroughputTime: 98.6950752526822
StatMedianThroughputTime: 20.643333333333658
StatLowerQuartileThroughputTime: 12.502777777777737
StatUpperQuartileThroughputTime: 81.4213996782712

Marked tag finished after 1 tries!
.Fin. - SUCCESS
<<< Welcome to the RAWSimO CLI >>>
The time is: 06/13/2024 09:24:12
Starting RAWSimO wrapper with the following arguments:
Instance: ..\..\..\..\Material\Instances\0.Weighted30min Demand separate\Da\Weighted2.xinst
Setting: ..\..\..\..\Material\Instances\0.Weighted30min Demand separate\Da\Weighted2.xsett
ControlConfig: ..\..\..\..\Material\Instances\0.Weighted30min Demand separate\Da\Weighted2.xconf
StatisticsDir: ..\..\..\..\Material\Instances\0.Weighted30min Demand separate\Da
Seed: 3
Additionally the following tag was passed: 1, 0.052, 0.29874999999999996, 0.086, 0.99, 0.284
Adding handler for unhandled exceptions ...
Initializing ... 
Instance recognized!
Parsing setting config ...
Parsing control config ...
Parsing instance ...
StatisticsFolder: Weighted2-Da_[[1, 0.052, 0.29874999999999996]]_1_[0.086, 0.99, 0.284].csv-3
Done!
