Executing ... 
 09:24:47 | >>> Warming up ...
 00:00:00 | >>> Warmup finished - starting simulation ...
 Realtime |   ETA    |  Sim.Time  | Progress | #Orders | #Bundles | Inv. | Distance | #Coll. |   Memory    
 00:00:00 |   n/a    | 0.00:00:00 |  0.00%   |    0    |    0     | 60%  |    0     |   0    |  78.52MB  
 00:00:01 | Cannot generate further orders - suspending generation for now
 00:00:01 | Cannot generate further orders - suspending generation for now
 00:00:01 | Cannot generate further orders - suspending generation for now
 00:00:01 | Cannot generate further orders - suspending generation for now
 00:00:01 | Cannot generate further orders - suspending generation for now
 00:00:01 | Cannot generate further orders - suspending generation for now
 00:00:01 | Cannot generate further orders - suspending generation for now
 00:00:01 | Cannot generate further orders - suspending generation for now
 00:00:01 | Cannot generate further orders - suspending generation for now
 00:00:01 | 00:00:00 | 0.00:30:00 | 100.00%  |   477   |    0     | 14%  |   5095   |   0    |  74.62MB  
 00:00:01 | >>> Simulation finished - writing results ...
 00:00:01 | >>> Results written
Simulation finished.
>>> Timings
StatTimingPathPlanningAverage: 0.00016945921855921855
StatTimingPathPlanningOverall: 0.1387871
StatTimingPathPlanningCount: 819
StatTimingTaskAllocationAverage: 0.0021614487684729062
StatTimingTaskAllocationOverall: 0.43877409999999994
StatTimingTaskAllocationCount: 203
StatTimingItemStorageAverage: 1.5843373493975957E-06
StatTimingItemStorageOverall: 0.001183500000000004
StatTimingItemStorageCount: 747
StatTimingPodStorageAverage: 0.0019628927835051557
StatTimingPodStorageOverall: 0.1904006000000001
StatTimingPodStorageCount: 97
StatTimingReplenishmentBatchingAverage: 1.16E-05
StatTimingReplenishmentBatchingOverall: 2.32E-05
StatTimingReplenishmentBatchingCount: 2
StatTimingOrderBatchingAverage: 0.0001594608418367347
StatTimingOrderBatchingOverall: 0.1250173
StatTimingOrderBatchingCount: 784
>>> Overall
StatOverallBundlesPlaced: 0
StatOverallItemsOrdered: 655
StatOverallOrdersPlaced: 410
StatOverallBundlesRejected: 0
StatOverallOrdersRejected: 0
StatOverallBundlesHandled: 0
StatOverallItemsHandled: 768
StatOverallLinesHandled: 727
StatOverallOrdersHandled: 477
StatOverallCollisions: 0
StatOverallDistanceTraveled: 5095.07269645061
StatOverallDistanceEstimated: 4920
StatOverallAssignedTasks: 203
StatMaxMemoryUsed: 78,80078125
StatRealTimeUsed: 1.4170859
StatAverageTurnoverTime: 505.7048625104431
StatMedianTurnoverTime: 318.0562986939367
StatLowerQuartileTurnoverTime: 127.24777777777842
StatUpperQuartileTurnoverTime: 776.289653606055
StatAverageThroughputTime: 97.06191964376443
StatMedianThroughputTime: 24.509906208587267
StatLowerQuartileThroughputTime: 16.22555555555573
StatUpperQuartileThroughputTime: 80.25676045807973

Marked tag finished after 1 tries!
.Fin. - SUCCESS
<<< Welcome to the RAWSimO CLI >>>
The time is: 06/13/2024 09:24:49
Starting RAWSimO wrapper with the following arguments:
Instance: ..\..\..\..\Material\Instances\0.Weighted30min Demand separate\Da\Weighted2.xinst
Setting: ..\..\..\..\Material\Instances\0.Weighted30min Demand separate\Da\Weighted2.xsett
ControlConfig: ..\..\..\..\Material\Instances\0.Weighted30min Demand separate\Da\Weighted2.xconf
StatisticsDir: ..\..\..\..\Material\Instances\0.Weighted30min Demand separate\Da
Seed: 1
Additionally the following tag was passed: 1, 1, 1, 0.236, 0.23, 0.25
Adding handler for unhandled exceptions ...
Initializing ... 
Instance recognized!
Parsing setting config ...
Parsing control config ...
Parsing instance ...
StatisticsFolder: Weighted2-Da_[[1, 1, 1]]_2_[0.236, 0.23, 0.25].csv-1
Done!
