Executing ... 
 09:58:48 | >>> Warming up ...
 00:00:00 | >>> Warmup finished - starting simulation ...
 Realtime |   ETA    |  Sim.Time  | Progress | #Orders | #Bundles | Inv. | Distance | #Coll. |   Memory    
 00:00:00 |   n/a    | 0.00:00:00 |  0.00%   |    0    |    0     | 60%  |    0     |   0    | 109.47MB  
 00:00:00 | Cannot generate further orders - suspending generation for now
 00:00:00 | Cannot generate further orders - suspending generation for now
 00:00:00 | Cannot generate further orders - suspending generation for now
 00:00:00 | Cannot generate further orders - suspending generation for now
 00:00:00 | Cannot generate further orders - suspending generation for now
 00:00:00 | Cannot generate further orders - suspending generation for now
 00:00:00 | Cannot generate further orders - suspending generation for now
 00:00:00 | Cannot generate further orders - suspending generation for now
 00:00:00 | Cannot generate further orders - suspending generation for now
 00:00:01 | Cannot generate further orders - suspending generation for now
 00:00:01 | Cannot generate further orders - suspending generation for now
 00:00:01 | 00:00:00 | 0.00:30:00 | 100.00%  |   492   |    0     | 14%  |   4973   |   0    | 104.60MB  
 00:00:01 | >>> Simulation finished - writing results ...
 00:00:01 | >>> Results written
Simulation finished.
>>> Timings
StatTimingPathPlanningAverage: 9.742153110047862E-05
StatTimingPathPlanningOverall: 0.08144440000000013
StatTimingPathPlanningCount: 836
StatTimingTaskAllocationAverage: 0.001876240758293838
StatTimingTaskAllocationOverall: 0.3958867999999998
StatTimingTaskAllocationCount: 211
StatTimingItemStorageAverage: 9.550802139037476E-07
StatTimingItemStorageOverall: 0.0007144000000000033
StatTimingItemStorageCount: 748
StatTimingPodStorageAverage: 0.0016178356435643559
StatTimingPodStorageOverall: 0.16340139999999995
StatTimingPodStorageCount: 101
StatTimingReplenishmentBatchingAverage: 7.45E-06
StatTimingReplenishmentBatchingOverall: 1.49E-05
StatTimingReplenishmentBatchingCount: 2
StatTimingOrderBatchingAverage: 9.203868159203985E-05
StatTimingOrderBatchingOverall: 0.07399910000000004
StatTimingOrderBatchingCount: 804
>>> Overall
StatOverallBundlesPlaced: 0
StatOverallItemsOrdered: 666
StatOverallOrdersPlaced: 418
StatOverallBundlesRejected: 0
StatOverallOrdersRejected: 0
StatOverallBundlesHandled: 0
StatOverallItemsHandled: 772
StatOverallLinesHandled: 734
StatOverallOrdersHandled: 492
StatOverallCollisions: 0
StatOverallDistanceTraveled: 4973.371049796243
StatOverallDistanceEstimated: 4889
StatOverallAssignedTasks: 211
StatMaxMemoryUsed: 109,6640625
StatRealTimeUsed: 1.1072025
StatAverageTurnoverTime: 444.5739966403675
StatMedianTurnoverTime: 299.28870849898567
StatLowerQuartileTurnoverTime: 146.83685424949294
StatUpperQuartileTurnoverTime: 673.070836929795
StatAverageThroughputTime: 94.44203205018881
StatMedianThroughputTime: 26.90277777777777
StatLowerQuartileThroughputTime: 16.380656539893153
StatUpperQuartileThroughputTime: 94.18444444444515

Marked tag finished after 1 tries!
.Fin. - SUCCESS
<<< Welcome to the RAWSimO CLI >>>
The time is: 06/13/2024 09:58:49
Starting RAWSimO wrapper with the following arguments:
Instance: ..\..\..\..\Material\Instances\0.Weighted30min Demand separate\Dd\Weighted2.xinst
Setting: ..\..\..\..\Material\Instances\0.Weighted30min Demand separate\Dd\Weighted2.xsett
ControlConfig: ..\..\..\..\Material\Instances\0.Weighted30min Demand separate\Dd\Weighted2.xconf
StatisticsDir: ..\..\..\..\Material\Instances\0.Weighted30min Demand separate\Dd
Seed: 1
Additionally the following tag was passed: 1, 0.79, 0.3766666666666667, 0.198, 0.333, 0.525
Adding handler for unhandled exceptions ...
Initializing ... 
Instance recognized!
Parsing setting config ...
Parsing control config ...
Parsing instance ...
StatisticsFolder: Weighted2-Dd_[[1, 0.79, 0.3766666666666667]]_1_[0.198, 0.333, 0.525].csv-1
Done!
