Executing ... 
 19:10:20 | >>> Warming up ...
 00:00:00 | >>> Warmup finished - starting simulation ...
 Realtime |   ETA    |  Sim.Time  | Progress | #Orders | #Bundles | Inv. | Distance | #Coll. |   Memory    
 00:00:00 |   n/a    | 0.00:00:00 |  0.00%   |    0    |    0     | 60%  |    0     |   0    | 104.27MB  
 00:00:00 | Cannot generate further orders - suspending generation for now
 00:00:00 | Cannot generate further orders - suspending generation for now
 00:00:00 | Cannot generate further orders - suspending generation for now
 00:00:01 | Cannot generate further orders - suspending generation for now
 00:00:01 | Cannot generate further orders - suspending generation for now
 00:00:01 | Cannot generate further orders - suspending generation for now
 00:00:01 | Cannot generate further orders - suspending generation for now
 00:00:01 | Cannot generate further orders - suspending generation for now
 00:00:01 | 00:00:00 | 0.00:30:00 | 100.00%  |   471   |    0     | 16%  |   5220   |   0    | 107.80MB  
 00:00:01 | >>> Simulation finished - writing results ...
 00:00:01 | >>> Results written
Simulation finished.
>>> Timings
StatTimingPathPlanningAverage: 0.00010159657210401892
StatTimingPathPlanningOverall: 0.0859507
StatTimingPathPlanningCount: 846
StatTimingTaskAllocationAverage: 0.001903810900473934
StatTimingTaskAllocationOverall: 0.40170410000000006
StatTimingTaskAllocationCount: 211
StatTimingItemStorageAverage: 1.1137535816618954E-06
StatTimingItemStorageOverall: 0.000777400000000003
StatTimingItemStorageCount: 698
StatTimingPodStorageAverage: 0.0016080475247524757
StatTimingPodStorageOverall: 0.16241280000000005
StatTimingPodStorageCount: 101
StatTimingReplenishmentBatchingAverage: 1.145E-05
StatTimingReplenishmentBatchingOverall: 2.29E-05
StatTimingReplenishmentBatchingCount: 2
StatTimingOrderBatchingAverage: 0.0001118313299232738
StatTimingOrderBatchingOverall: 0.0874521000000001
StatTimingOrderBatchingCount: 782
>>> Overall
StatOverallBundlesPlaced: 0
StatOverallItemsOrdered: 658
StatOverallOrdersPlaced: 426
StatOverallBundlesRejected: 0
StatOverallOrdersRejected: 0
StatOverallBundlesHandled: 0
StatOverallItemsHandled: 729
StatOverallLinesHandled: 691
StatOverallOrdersHandled: 471
StatOverallCollisions: 0
StatOverallDistanceTraveled: 5219.98414581011
StatOverallDistanceEstimated: 5046
StatOverallAssignedTasks: 211
StatMaxMemoryUsed: 110,69921875
StatRealTimeUsed: 1.1437446
StatAverageTurnoverTime: 490.0509350665388
StatMedianTurnoverTime: 338.6857359454589
StatLowerQuartileTurnoverTime: 155.5072222222226
StatUpperQuartileTurnoverTime: 660.707409805048
StatAverageThroughputTime: 106.76683898339354
StatMedianThroughputTime: 24.687777777777796
StatLowerQuartileThroughputTime: 16.499999999999886
StatUpperQuartileThroughputTime: 92.97555555555755

Marked tag finished after 1 tries!
.Fin. - SUCCESS
<<< Welcome to the RAWSimO CLI >>>
The time is: 06/12/2024 19:10:21
Starting RAWSimO wrapper with the following arguments:
Instance: ..\..\..\..\Material\Instances\0.Weighted30min Demand separate\Da\Weighted2.xinst
Setting: ..\..\..\..\Material\Instances\0.Weighted30min Demand separate\Da\Weighted2.xsett
ControlConfig: ..\..\..\..\Material\Instances\0.Weighted30min Demand separate\Da\Weighted2.xconf
StatisticsDir: ..\..\..\..\Material\Instances\0.Weighted30min Demand separate\Da
Seed: 1
Additionally the following tag was passed: [[1, 10.0, 0.29874999999999996]]
Adding handler for unhandled exceptions ...
Initializing ... 
Instance recognized!
Parsing setting config ...
Parsing control config ...
Parsing instance ...
StatisticsFolder: Weighted2-Da_[[1, 10.0, 0.29874999999999996]]_2.csv-1
Done!
