Executing ... 
 09:56:57 | >>> Warming up ...
 00:00:00 | >>> Warmup finished - starting simulation ...
 Realtime |   ETA    |  Sim.Time  | Progress | #Orders | #Bundles | Inv. | Distance | #Coll. |   Memory    
 00:00:00 |   n/a    | 0.00:00:00 |  0.00%   |    0    |    0     | 60%  |    0     |   0    | 107.54MB  
 00:00:00 | Cannot generate further orders - suspending generation for now
 00:00:00 | Cannot generate further orders - suspending generation for now
 00:00:00 | Cannot generate further orders - suspending generation for now
 00:00:00 | Cannot generate further orders - suspending generation for now
 00:00:00 | Cannot generate further orders - suspending generation for now
 00:00:00 | Cannot generate further orders - suspending generation for now
 00:00:00 | Cannot generate further orders - suspending generation for now
 00:00:00 | Cannot generate further orders - suspending generation for now
 00:00:00 | Cannot generate further orders - suspending generation for now
 00:00:00 | Cannot generate further orders - suspending generation for now
 00:00:00 | 00:00:00 | 0.00:30:00 | 100.00%  |   486   |    0     | 14%  |   5114   |   0    | 104.70MB  
 00:00:00 | >>> Simulation finished - writing results ...
 00:00:01 | >>> Results written
Simulation finished.
>>> Timings
StatTimingPathPlanningAverage: 8.420072463768106E-05
StatTimingPathPlanningOverall: 0.06971819999999992
StatTimingPathPlanningCount: 828
StatTimingTaskAllocationAverage: 0.0017228961904761923
StatTimingTaskAllocationOverall: 0.3618082000000004
StatTimingTaskAllocationCount: 210
StatTimingItemStorageAverage: 8.691994572591637E-07
StatTimingItemStorageOverall: 0.0006406000000000036
StatTimingItemStorageCount: 737
StatTimingPodStorageAverage: 0.0015016419999999996
StatTimingPodStorageOverall: 0.15016419999999997
StatTimingPodStorageCount: 100
StatTimingReplenishmentBatchingAverage: 7.7E-06
StatTimingReplenishmentBatchingOverall: 1.54E-05
StatTimingReplenishmentBatchingCount: 2
StatTimingOrderBatchingAverage: 8.285913705583755E-05
StatTimingOrderBatchingOverall: 0.06529299999999999
StatTimingOrderBatchingCount: 788
>>> Overall
StatOverallBundlesPlaced: 0
StatOverallItemsOrdered: 649
StatOverallOrdersPlaced: 411
StatOverallBundlesRejected: 0
StatOverallOrdersRejected: 0
StatOverallBundlesHandled: 0
StatOverallItemsHandled: 762
StatOverallLinesHandled: 720
StatOverallOrdersHandled: 486
StatOverallCollisions: 0
StatOverallDistanceTraveled: 5114.062525772613
StatOverallDistanceEstimated: 4968
StatOverallAssignedTasks: 210
StatMaxMemoryUsed: 107,54296875
StatRealTimeUsed: 0.9716433
StatAverageTurnoverTime: 473.5501574607555
StatMedianTurnoverTime: 353.95398268030164
StatLowerQuartileTurnoverTime: 169.13500000000008
StatUpperQuartileTurnoverTime: 659.7400071929252
StatAverageThroughputTime: 102.78433439368759
StatMedianThroughputTime: 24.43500000000006
StatLowerQuartileThroughputTime: 16.1650937914128
StatUpperQuartileThroughputTime: 83.65536797273762

Marked tag finished after 1 tries!
.Fin. - SUCCESS
<<< Welcome to the RAWSimO CLI >>>
The time is: 06/13/2024 09:56:58
Starting RAWSimO wrapper with the following arguments:
Instance: ..\..\..\..\Material\Instances\0.Weighted30min Demand separate\Dd\Weighted2.xinst
Setting: ..\..\..\..\Material\Instances\0.Weighted30min Demand separate\Dd\Weighted2.xsett
ControlConfig: ..\..\..\..\Material\Instances\0.Weighted30min Demand separate\Dd\Weighted2.xconf
StatisticsDir: ..\..\..\..\Material\Instances\0.Weighted30min Demand separate\Dd
Seed: 2
Additionally the following tag was passed: 1, 0.49399999999999994, 0.05, 0.15, 0.333, 1.0
Adding handler for unhandled exceptions ...
Initializing ... 
Instance recognized!
Parsing setting config ...
Parsing control config ...
Parsing instance ...
StatisticsFolder: Weighted2-Dd_[[1, 0.49399999999999994, 0.05]]_2_[0.15, 0.333, 1.0].csv-2
Done!
