Executing ... 
 19:25:24 | >>> Warming up ...
 00:00:00 | >>> Warmup finished - starting simulation ...
 Realtime |   ETA    |  Sim.Time  | Progress | #Orders | #Bundles | Inv. | Distance | #Coll. |   Memory    
 00:00:00 |   n/a    | 0.00:00:00 |  0.00%   |    0    |    0     | 60%  |    0     |   0    | 145.20MB  
 00:00:00 | Cannot generate further orders - suspending generation for now
 00:00:00 | Cannot generate further orders - suspending generation for now
 00:00:00 | Cannot generate further orders - suspending generation for now
 00:00:00 | Cannot generate further orders - suspending generation for now
 00:00:00 | Cannot generate further orders - suspending generation for now
 00:00:00 | Cannot generate further orders - suspending generation for now
 00:00:00 | Cannot generate further orders - suspending generation for now
 00:00:00 | Cannot generate further orders - suspending generation for now
 00:00:00 | Cannot generate further orders - suspending generation for now
 00:00:01 | 00:00:00 | 0.00:30:00 | 100.00%  |   473   |    0     | 16%  |   5166   |   0    | 140.89MB  
 00:00:01 | >>> Simulation finished - writing results ...
 00:00:01 | >>> Results written
Simulation finished.
>>> Timings
StatTimingPathPlanningAverage: 9.263944174757288E-05
StatTimingPathPlanningOverall: 0.07633490000000005
StatTimingPathPlanningCount: 824
StatTimingTaskAllocationAverage: 0.0019056714953271014
StatTimingTaskAllocationOverall: 0.4078136999999997
StatTimingTaskAllocationCount: 214
StatTimingItemStorageAverage: 9.777934936350773E-07
StatTimingItemStorageOverall: 0.0006912999999999997
StatTimingItemStorageCount: 707
StatTimingPodStorageAverage: 0.0015441823529411768
StatTimingPodStorageOverall: 0.15750660000000002
StatTimingPodStorageCount: 102
StatTimingReplenishmentBatchingAverage: 8.85E-06
StatTimingReplenishmentBatchingOverall: 1.77E-05
StatTimingReplenishmentBatchingCount: 2
StatTimingOrderBatchingAverage: 9.746149732620328E-05
StatTimingOrderBatchingOverall: 0.07290120000000005
StatTimingOrderBatchingCount: 748
>>> Overall
StatOverallBundlesPlaced: 0
StatOverallItemsOrdered: 659
StatOverallOrdersPlaced: 412
StatOverallBundlesRejected: 0
StatOverallOrdersRejected: 0
StatOverallBundlesHandled: 0
StatOverallItemsHandled: 739
StatOverallLinesHandled: 697
StatOverallOrdersHandled: 473
StatOverallCollisions: 0
StatOverallDistanceTraveled: 5166.023695915116
StatOverallDistanceEstimated: 4981
StatOverallAssignedTasks: 214
StatMaxMemoryUsed: 145,19921875
StatRealTimeUsed: 1.0139397
StatAverageTurnoverTime: 476.8545285974557
StatMedianTurnoverTime: 326.4499999999998
StatLowerQuartileTurnoverTime: 153.21944444444455
StatUpperQuartileTurnoverTime: 703.7616666666667
StatAverageThroughputTime: 101.85046212611532
StatMedianThroughputTime: 24.525649346968294
StatLowerQuartileThroughputTime: 15.616760458079625
StatUpperQuartileThroughputTime: 83.64888888889004

Marked tag finished after 1 tries!
.Fin. - SUCCESS
<<< Welcome to the RAWSimO CLI >>>
The time is: 06/25/2024 19:25:25
Starting RAWSimO wrapper with the following arguments:
Instance: ..\..\..\..\Material\Instances\10.Weighted30min Demand Gall\Dr\Weighted2.xinst
Setting: ..\..\..\..\Material\Instances\10.Weighted30min Demand Gall\Dr\Weighted2.xsett
ControlConfig: ..\..\..\..\Material\Instances\10.Weighted30min Demand Gall\Dr\Weighted2.xconf
StatisticsDir: ..\..\..\..\Material\Instances\10.Weighted30min Demand Gall\Dr
Seed: 4
Additionally the following tag was passed: 1, 0.4436363636363637, 1.0, 0.157, 0.352, 1.0
Adding handler for unhandled exceptions ...
Initializing ... 
Instance recognized!
Parsing setting config ...
Parsing control config ...
Parsing instance ...
StatisticsFolder: Weighted2-Dr_[[1, 0.4436363636363637, 1.0]]_1_[0.157, 0.352, 1.0].csv-4
Done!
