Executing ... 
 19:11:30 | >>> Warming up ...
 00:00:00 | >>> Warmup finished - starting simulation ...
 Realtime |   ETA    |  Sim.Time  | Progress | #Orders | #Bundles | Inv. | Distance | #Coll. |   Memory    
 00:00:00 |   n/a    | 0.00:00:00 |  0.00%   |    0    |    0     | 60%  |    0     |   0    | 111.73MB  
 00:00:00 | Cannot generate further orders - suspending generation for now
 00:00:01 | Cannot generate further orders - suspending generation for now
 00:00:01 | Cannot generate further orders - suspending generation for now
 00:00:01 | Cannot generate further orders - suspending generation for now
 00:00:01 | Cannot generate further orders - suspending generation for now
 00:00:01 | Cannot generate further orders - suspending generation for now
 00:00:01 | 00:00:00 | 0.00:30:00 | 100.00%  |   428   |    0     | 21%  |   5208   |   0    | 109.77MB  
 00:00:01 | >>> Simulation finished - writing results ...
 00:00:01 | >>> Results written
Simulation finished.
>>> Timings
StatTimingPathPlanningAverage: 9.520966666666658E-05
StatTimingPathPlanningOverall: 0.08568869999999992
StatTimingPathPlanningCount: 900
StatTimingTaskAllocationAverage: 0.0020933274881516596
StatTimingTaskAllocationOverall: 0.44169210000000014
StatTimingTaskAllocationCount: 211
StatTimingItemStorageAverage: 1.245819935691316E-06
StatTimingItemStorageOverall: 0.0007748999999999986
StatTimingItemStorageCount: 622
StatTimingPodStorageAverage: 0.001971850495049505
StatTimingPodStorageOverall: 0.19915690000000003
StatTimingPodStorageCount: 101
StatTimingReplenishmentBatchingAverage: 9.100000000000001E-06
StatTimingReplenishmentBatchingOverall: 1.8200000000000002E-05
StatTimingReplenishmentBatchingCount: 2
StatTimingOrderBatchingAverage: 0.00010397565698478566
StatTimingOrderBatchingOverall: 0.07517440000000003
StatTimingOrderBatchingCount: 723
>>> Overall
StatOverallBundlesPlaced: 0
StatOverallItemsOrdered: 633
StatOverallOrdersPlaced: 402
StatOverallBundlesRejected: 0
StatOverallOrdersRejected: 0
StatOverallBundlesHandled: 0
StatOverallItemsHandled: 643
StatOverallLinesHandled: 607
StatOverallOrdersHandled: 428
StatOverallCollisions: 0
StatOverallDistanceTraveled: 5207.923246479302
StatOverallDistanceEstimated: 5023
StatOverallAssignedTasks: 211
StatMaxMemoryUsed: 111,7265625
StatRealTimeUsed: 1.1206283
StatAverageTurnoverTime: 473.12923842589475
StatMedianTurnoverTime: 343.9445742004653
StatLowerQuartileTurnoverTime: 152.4572150292995
StatUpperQuartileTurnoverTime: 682.5606853115764
StatAverageThroughputTime: 105.2571775838032
StatMedianThroughputTime: 20.0870418323193
StatLowerQuartileThroughputTime: 12.668888888888887
StatUpperQuartileThroughputTime: 83.47176045807987

Marked tag finished after 1 tries!
.Fin. - SUCCESS
<<< Welcome to the RAWSimO CLI >>>
The time is: 06/12/2024 19:11:32
Starting RAWSimO wrapper with the following arguments:
Instance: ..\..\..\..\Material\Instances\0.Weighted30min Demand separate\Da\Weighted2.xinst
Setting: ..\..\..\..\Material\Instances\0.Weighted30min Demand separate\Da\Weighted2.xsett
ControlConfig: ..\..\..\..\Material\Instances\0.Weighted30min Demand separate\Da\Weighted2.xconf
StatisticsDir: ..\..\..\..\Material\Instances\0.Weighted30min Demand separate\Da
Seed: 2
Additionally the following tag was passed: [[1, 5.026, 0.7922499999999999]]
Adding handler for unhandled exceptions ...
Initializing ... 
Instance recognized!
Parsing setting config ...
Parsing control config ...
Parsing instance ...
StatisticsFolder: Weighted2-Da_[[1, 5.026, 0.7922499999999999]]_1.csv-2
Done!
