Executing ... 
 21:29:43 | >>> Warming up ...
 00:00:00 | >>> Warmup finished - starting simulation ...
 Realtime |   ETA    |  Sim.Time  | Progress | #Orders | #Bundles | Inv. | Distance | #Coll. |   Memory    
 00:00:00 |   n/a    | 0.00:00:00 |  0.00%   |    0    |    0     | 60%  |    0     |   0    |  79.05MB  
 00:00:01 | Cannot generate further orders - suspending generation for now
 00:00:01 | Cannot generate further orders - suspending generation for now
 00:00:01 | Cannot generate further orders - suspending generation for now
 00:00:01 | Cannot generate further orders - suspending generation for now
 00:00:01 | Cannot generate further orders - suspending generation for now
 00:00:01 | Cannot generate further orders - suspending generation for now
 00:00:01 | Cannot generate further orders - suspending generation for now
 00:00:01 | 00:00:00 | 0.00:30:00 | 100.00%  |   453   |    0     | 18%  |   5166   |   0    |  74.59MB  
 00:00:01 | >>> Simulation finished - writing results ...
 00:00:01 | >>> Results written
Simulation finished.
>>> Timings
StatTimingPathPlanningAverage: 0.00011696820682068213
StatTimingPathPlanningOverall: 0.10632410000000006
StatTimingPathPlanningCount: 909
StatTimingTaskAllocationAverage: 0.002154554672897199
StatTimingTaskAllocationOverall: 0.46107470000000056
StatTimingTaskAllocationCount: 214
StatTimingItemStorageAverage: 1.1147102526003005E-06
StatTimingItemStorageOverall: 0.0007502000000000022
StatTimingItemStorageCount: 673
StatTimingPodStorageAverage: 0.0016499737864077665
StatTimingPodStorageOverall: 0.16994729999999994
StatTimingPodStorageCount: 103
StatTimingReplenishmentBatchingAverage: 7.6E-06
StatTimingReplenishmentBatchingOverall: 1.52E-05
StatTimingReplenishmentBatchingCount: 2
StatTimingOrderBatchingAverage: 0.0001169854712041885
StatTimingOrderBatchingOverall: 0.08937690000000001
StatTimingOrderBatchingCount: 764
>>> Overall
StatOverallBundlesPlaced: 0
StatOverallItemsOrdered: 655
StatOverallOrdersPlaced: 414
StatOverallBundlesRejected: 0
StatOverallOrdersRejected: 0
StatOverallBundlesHandled: 0
StatOverallItemsHandled: 692
StatOverallLinesHandled: 650
StatOverallOrdersHandled: 453
StatOverallCollisions: 0
StatOverallDistanceTraveled: 5166.426007855594
StatOverallDistanceEstimated: 4994
StatOverallAssignedTasks: 214
StatMaxMemoryUsed: 78,3671875
StatRealTimeUsed: 1.235552
StatAverageTurnoverTime: 438.86485586761984
StatMedianTurnoverTime: 300.19951665709004
StatLowerQuartileTurnoverTime: 109.51722222222232
StatUpperQuartileTurnoverTime: 624.6028787621124
StatAverageThroughputTime: 93.17981740065873
StatMedianThroughputTime: 20.683888888889214
StatLowerQuartileThroughputTime: 12.836760458079539
StatUpperQuartileThroughputTime: 78.86083692979446

Marked tag finished after 1 tries!
.Fin. - SUCCESS
<<< Welcome to the RAWSimO CLI >>>
The time is: 06/12/2024 21:29:44
Starting RAWSimO wrapper with the following arguments:
Instance: ..\..\..\..\Material\Instances\0.Weighted30min Demand separate\Da\Weighted2.xinst
Setting: ..\..\..\..\Material\Instances\0.Weighted30min Demand separate\Da\Weighted2.xsett
ControlConfig: ..\..\..\..\Material\Instances\0.Weighted30min Demand separate\Da\Weighted2.xconf
StatisticsDir: ..\..\..\..\Material\Instances\0.Weighted30min Demand separate\Da
Seed: 2
Additionally the following tag was passed: 1, 5.026, 0.7922499999999999, 0.234, 0.1, 0.294
Adding handler for unhandled exceptions ...
Initializing ... 
Instance recognized!
Parsing setting config ...
Parsing control config ...
Parsing instance ...
StatisticsFolder: Weighted2-Da_[[1, 5.026, 0.7922499999999999]]_1_[0.234, 0.1, 0.294].csv-2
Done!
