Executing ... 
 21:26:53 | >>> Warming up ...
 00:00:00 | >>> Warmup finished - starting simulation ...
 Realtime |   ETA    |  Sim.Time  | Progress | #Orders | #Bundles | Inv. | Distance | #Coll. |   Memory    
 00:00:00 |   n/a    | 0.00:00:00 |  0.00%   |    0    |    0     | 60%  |    0     |   0    |  76.20MB  
 00:00:00 | Cannot generate further orders - suspending generation for now
 00:00:00 | Cannot generate further orders - suspending generation for now
 00:00:00 | Cannot generate further orders - suspending generation for now
 00:00:01 | Cannot generate further orders - suspending generation for now
 00:00:01 | Cannot generate further orders - suspending generation for now
 00:00:01 | Cannot generate further orders - suspending generation for now
 00:00:01 | Cannot generate further orders - suspending generation for now
 00:00:01 | Cannot generate further orders - suspending generation for now
 00:00:01 | Cannot generate further orders - suspending generation for now
 00:00:01 | Cannot generate further orders - suspending generation for now
 00:00:01 | Cannot generate further orders - suspending generation for now
 00:00:01 | 00:00:00 | 0.00:30:00 | 100.00%  |   460   |    0     | 16%  |   5302   |   0    |  74.01MB  
 00:00:01 | >>> Simulation finished - writing results ...
 00:00:01 | >>> Results written
Simulation finished.
>>> Timings
StatTimingPathPlanningAverage: 9.692948113207548E-05
StatTimingPathPlanningOverall: 0.08219620000000001
StatTimingPathPlanningCount: 848
StatTimingTaskAllocationAverage: 0.0021439884792626724
StatTimingTaskAllocationOverall: 0.4652454999999999
StatTimingTaskAllocationCount: 217
StatTimingItemStorageAverage: 1.1919034090909095E-06
StatTimingItemStorageOverall: 0.0008391000000000003
StatTimingItemStorageCount: 704
StatTimingPodStorageAverage: 0.0020420855769230787
StatTimingPodStorageOverall: 0.21237690000000017
StatTimingPodStorageCount: 104
StatTimingReplenishmentBatchingAverage: 9.450000000000001E-06
StatTimingReplenishmentBatchingOverall: 1.8900000000000002E-05
StatTimingReplenishmentBatchingCount: 2
StatTimingOrderBatchingAverage: 0.00011905802968960867
StatTimingOrderBatchingOverall: 0.08822200000000002
StatTimingOrderBatchingCount: 741
>>> Overall
StatOverallBundlesPlaced: 0
StatOverallItemsOrdered: 627
StatOverallOrdersPlaced: 384
StatOverallBundlesRejected: 0
StatOverallOrdersRejected: 0
StatOverallBundlesHandled: 0
StatOverallItemsHandled: 724
StatOverallLinesHandled: 673
StatOverallOrdersHandled: 460
StatOverallCollisions: 0
StatOverallDistanceTraveled: 5301.706220191776
StatOverallDistanceEstimated: 5159
StatOverallAssignedTasks: 217
StatMaxMemoryUsed: 76,203125
StatRealTimeUsed: 1.1791743
StatAverageTurnoverTime: 473.0125519136499
StatMedianTurnoverTime: 333.51611111111197
StatLowerQuartileTurnoverTime: 144.76055555555564
StatUpperQuartileTurnoverTime: 673.5045382358587
StatAverageThroughputTime: 95.63768161350346
StatMedianThroughputTime: 24.267316013635124
StatLowerQuartileThroughputTime: 16.565555555555477
StatUpperQuartileThroughputTime: 74.86157287525339

Marked tag finished after 1 tries!
.Fin. - SUCCESS
<<< Welcome to the RAWSimO CLI >>>
The time is: 06/12/2024 21:26:54
Starting RAWSimO wrapper with the following arguments:
Instance: ..\..\..\..\Material\Instances\0.Weighted30min Demand separate\Da\Weighted2.xinst
Setting: ..\..\..\..\Material\Instances\0.Weighted30min Demand separate\Da\Weighted2.xsett
ControlConfig: ..\..\..\..\Material\Instances\0.Weighted30min Demand separate\Da\Weighted2.xconf
StatisticsDir: ..\..\..\..\Material\Instances\0.Weighted30min Demand separate\Da
Seed: 1
Additionally the following tag was passed: 1, 1, 1, 0.236, 0.23, 0.25
Adding handler for unhandled exceptions ...
Initializing ... 
Instance recognized!
Parsing setting config ...
Parsing control config ...
Parsing instance ...
StatisticsFolder: Weighted2-Da_[[1, 1, 1]]_1_[0.236, 0.23, 0.25].csv-1
Done!
