Executing ... 
 09:56:26 | >>> Warming up ...
 00:00:00 | >>> Warmup finished - starting simulation ...
 Realtime |   ETA    |  Sim.Time  | Progress | #Orders | #Bundles | Inv. | Distance | #Coll. |   Memory    
 00:00:00 |   n/a    | 0.00:00:00 |  0.00%   |    0    |    0     | 60%  |    0     |   0    | 107.50MB  
 00:00:00 | Cannot generate further orders - suspending generation for now
 00:00:00 | Cannot generate further orders - suspending generation for now
 00:00:00 | Cannot generate further orders - suspending generation for now
 00:00:00 | Cannot generate further orders - suspending generation for now
 00:00:00 | Cannot generate further orders - suspending generation for now
 00:00:00 | Cannot generate further orders - suspending generation for now
 00:00:00 | Cannot generate further orders - suspending generation for now
 00:00:01 | Cannot generate further orders - suspending generation for now
 00:00:01 | Cannot generate further orders - suspending generation for now
 00:00:01 | Cannot generate further orders - suspending generation for now
 00:00:01 | 00:00:00 | 0.00:30:00 | 100.00%  |   482   |    0     | 17%  |   5123   |   0    | 104.28MB  
 00:00:01 | >>> Simulation finished - writing results ...
 00:00:01 | >>> Results written
Simulation finished.
>>> Timings
StatTimingPathPlanningAverage: 9.538691037735857E-05
StatTimingPathPlanningOverall: 0.08088810000000006
StatTimingPathPlanningCount: 848
StatTimingTaskAllocationAverage: 0.001781431308411214
StatTimingTaskAllocationOverall: 0.3812262999999998
StatTimingTaskAllocationCount: 214
StatTimingItemStorageAverage: 9.251412429378573E-07
StatTimingItemStorageOverall: 0.0006550000000000029
StatTimingItemStorageCount: 708
StatTimingPodStorageAverage: 0.0014414504854368933
StatTimingPodStorageOverall: 0.1484694
StatTimingPodStorageCount: 103
StatTimingReplenishmentBatchingAverage: 1.145E-05
StatTimingReplenishmentBatchingOverall: 2.29E-05
StatTimingReplenishmentBatchingCount: 2
StatTimingOrderBatchingAverage: 7.973270676691732E-05
StatTimingOrderBatchingOverall: 0.06362670000000002
StatTimingOrderBatchingCount: 798
>>> Overall
StatOverallBundlesPlaced: 0
StatOverallItemsOrdered: 643
StatOverallOrdersPlaced: 415
StatOverallBundlesRejected: 0
StatOverallOrdersRejected: 0
StatOverallBundlesHandled: 0
StatOverallItemsHandled: 716
StatOverallLinesHandled: 678
StatOverallOrdersHandled: 482
StatOverallCollisions: 0
StatOverallDistanceTraveled: 5123.151533950611
StatOverallDistanceEstimated: 5080
StatOverallAssignedTasks: 214
StatMaxMemoryUsed: 106,890625
StatRealTimeUsed: 1.0874112
StatAverageTurnoverTime: 434.8845854145149
StatMedianTurnoverTime: 277.36759019495184
StatLowerQuartileTurnoverTime: 141.75564934696826
StatUpperQuartileTurnoverTime: 556.7550937914126
StatAverageThroughputTime: 88.80505613146873
StatMedianThroughputTime: 20.5172222222223
StatLowerQuartileThroughputTime: 12.902777777777814
StatUpperQuartileThroughputTime: 82.31250359646094

Marked tag finished after 1 tries!
.Fin. - SUCCESS
<<< Welcome to the RAWSimO CLI >>>
The time is: 06/13/2024 09:56:27
Starting RAWSimO wrapper with the following arguments:
Instance: ..\..\..\..\Material\Instances\0.Weighted30min Demand separate\Dd\Weighted2.xinst
Setting: ..\..\..\..\Material\Instances\0.Weighted30min Demand separate\Dd\Weighted2.xsett
ControlConfig: ..\..\..\..\Material\Instances\0.Weighted30min Demand separate\Dd\Weighted2.xconf
StatisticsDir: ..\..\..\..\Material\Instances\0.Weighted30min Demand separate\Dd
Seed: 3
Additionally the following tag was passed: 1, 0.346, 0.21333333333333337, 0.158, 0.458, 0.737
Adding handler for unhandled exceptions ...
Initializing ... 
Instance recognized!
Parsing setting config ...
Parsing control config ...
Parsing instance ...
StatisticsFolder: Weighted2-Dd_[[1, 0.346, 0.21333333333333337]]_3_[0.158, 0.458, 0.737].csv-3
Done!
