Executing ... 
 18:14:10 | >>> Warming up ...
 00:00:00 | >>> Warmup finished - starting simulation ...
 Realtime |   ETA    |  Sim.Time  | Progress | #Orders | #Bundles | Inv. | Distance | #Coll. |   Memory    
 00:00:00 |   n/a    | 0.00:00:00 |  0.00%   |    0    |    0     | 60%  |    0     |   0    |  77.09MB  
 00:00:00 | Cannot generate further orders - suspending generation for now
 00:00:00 | Cannot generate further orders - suspending generation for now
 00:00:00 | Cannot generate further orders - suspending generation for now
 00:00:00 | Cannot generate further orders - suspending generation for now
 00:00:00 | Cannot generate further orders - suspending generation for now
 00:00:00 | Cannot generate further orders - suspending generation for now
 00:00:00 | Cannot generate further orders - suspending generation for now
 00:00:01 | Cannot generate further orders - suspending generation for now
 00:00:01 | Cannot generate further orders - suspending generation for now
 00:00:01 | Cannot generate further orders - suspending generation for now
 00:00:01 | Cannot generate further orders - suspending generation for now
 00:00:01 | 00:00:00 | 0.00:30:00 | 100.00%  |   493   |    0     | 14%  |   4948   |   0    |  73.67MB  
 00:00:01 | >>> Simulation finished - writing results ...
 00:00:01 | >>> Results written
Simulation finished.
>>> Timings
StatTimingPathPlanningAverage: 0.00011604575645756443
StatTimingPathPlanningOverall: 0.09434519999999988
StatTimingPathPlanningCount: 813
StatTimingTaskAllocationAverage: 0.0021069232673267342
StatTimingTaskAllocationOverall: 0.4255985000000003
StatTimingTaskAllocationCount: 202
StatTimingItemStorageAverage: 9.804845222072731E-07
StatTimingItemStorageOverall: 0.000728500000000004
StatTimingItemStorageCount: 743
StatTimingPodStorageAverage: 0.0015540391752577312
StatTimingPodStorageOverall: 0.15074179999999993
StatTimingPodStorageCount: 97
StatTimingReplenishmentBatchingAverage: 1.1249999999999999E-05
StatTimingReplenishmentBatchingOverall: 2.2499999999999998E-05
StatTimingReplenishmentBatchingCount: 2
StatTimingOrderBatchingAverage: 8.660868454661553E-05
StatTimingOrderBatchingOverall: 0.06781459999999996
StatTimingOrderBatchingCount: 783
>>> Overall
StatOverallBundlesPlaced: 0
StatOverallItemsOrdered: 650
StatOverallOrdersPlaced: 413
StatOverallBundlesRejected: 0
StatOverallOrdersRejected: 0
StatOverallBundlesHandled: 0
StatOverallItemsHandled: 771
StatOverallLinesHandled: 729
StatOverallOrdersHandled: 493
StatOverallCollisions: 0
StatOverallDistanceTraveled: 4947.68811448267
StatOverallDistanceEstimated: 4852
StatOverallAssignedTasks: 202
StatMaxMemoryUsed: 77,7265625
StatRealTimeUsed: 1.1551527
StatAverageTurnoverTime: 482.7917132065709
StatMedianTurnoverTime: 331.66731601363534
StatLowerQuartileTurnoverTime: 144.2500000000001
StatUpperQuartileTurnoverTime: 696.1903751656511
StatAverageThroughputTime: 95.43124576515214
StatMedianThroughputTime: 27.106666666666683
StatLowerQuartileThroughputTime: 16.18499999999966
StatUpperQuartileThroughputTime: 97.94898268030238

Marked tag finished after 1 tries!
.Fin. - SUCCESS
<<< Welcome to the RAWSimO CLI >>>
The time is: 06/07/2024 18:14:11
Starting RAWSimO wrapper with the following arguments:
Instance: ..\..\..\..\Material\Instances\0.Weighted30min Demand separate\Df\Weighted2.xinst
Setting: ..\..\..\..\Material\Instances\0.Weighted30min Demand separate\Df\Weighted2.xsett
ControlConfig: ..\..\..\..\Material\Instances\0.Weighted30min Demand separate\Df\Weighted2.xconf
StatisticsDir: ..\..\..\..\Material\Instances\0.Weighted30min Demand separate\Df
Seed: 2
Additionally the following tag was passed: [[1, 0.068, 1]]
Adding handler for unhandled exceptions ...
Initializing ... 
Instance recognized!
Parsing setting config ...
Parsing control config ...
Parsing instance ...
StatisticsFolder: Weighted2-Df_[[1, 0.068, 1]]_1.csv-2
Done!
