Executing ... 
 09:48:34 | >>> Warming up ...
 00:00:00 | >>> Warmup finished - starting simulation ...
 Realtime |   ETA    |  Sim.Time  | Progress | #Orders | #Bundles | Inv. | Distance | #Coll. |   Memory    
 00:00:00 |   n/a    | 0.00:00:00 |  0.00%   |    0    |    0     | 60%  |    0     |   0    | 146.43MB  
 00:00:00 | Cannot generate further orders - suspending generation for now
 00:00:01 | Cannot generate further orders - suspending generation for now
 00:00:01 | Cannot generate further orders - suspending generation for now
 00:00:01 | Cannot generate further orders - suspending generation for now
 00:00:01 | Cannot generate further orders - suspending generation for now
 00:00:01 | Cannot generate further orders - suspending generation for now
 00:00:01 | Cannot generate further orders - suspending generation for now
 00:00:01 | Cannot generate further orders - suspending generation for now
 00:00:01 | Cannot generate further orders - suspending generation for now
 00:00:01 | Cannot generate further orders - suspending generation for now
 00:00:01 | Cannot generate further orders - suspending generation for now
 00:00:01 | Cannot generate further orders - suspending generation for now
 00:00:01 | 00:00:00 | 0.00:30:00 | 100.00%  |   497   |    0     | 14%  |   4934   |   0    | 144.56MB  
 00:00:01 | >>> Simulation finished - writing results ...
 00:00:01 | >>> Results written
Simulation finished.
>>> Timings
StatTimingPathPlanningAverage: 0.00012635388349514556
StatTimingPathPlanningOverall: 0.10411559999999995
StatTimingPathPlanningCount: 824
StatTimingTaskAllocationAverage: 0.0025774845410628
StatTimingTaskAllocationOverall: 0.5335392999999996
StatTimingTaskAllocationCount: 207
StatTimingItemStorageAverage: 1.2442077230359524E-06
StatTimingItemStorageOverall: 0.0009344000000000002
StatTimingItemStorageCount: 751
StatTimingPodStorageAverage: 0.0024630632653061205
StatTimingPodStorageOverall: 0.24138019999999982
StatTimingPodStorageCount: 98
StatTimingReplenishmentBatchingAverage: 7.75E-06
StatTimingReplenishmentBatchingOverall: 1.55E-05
StatTimingReplenishmentBatchingCount: 2
StatTimingOrderBatchingAverage: 0.0001293775380710661
StatTimingOrderBatchingOverall: 0.1019495000000001
StatTimingOrderBatchingCount: 788
>>> Overall
StatOverallBundlesPlaced: 0
StatOverallItemsOrdered: 637
StatOverallOrdersPlaced: 409
StatOverallBundlesRejected: 0
StatOverallOrdersRejected: 0
StatOverallBundlesHandled: 0
StatOverallItemsHandled: 771
StatOverallLinesHandled: 730
StatOverallOrdersHandled: 497
StatOverallCollisions: 0
StatOverallDistanceTraveled: 4933.882770584841
StatOverallDistanceEstimated: 4768
StatOverallAssignedTasks: 207
StatMaxMemoryUsed: 147,98046875
StatRealTimeUsed: 1.3401778
StatAverageTurnoverTime: 453.38101011216526
StatMedianTurnoverTime: 273.7534271247491
StatLowerQuartileTurnoverTime: 119.97000000000025
StatUpperQuartileTurnoverTime: 680.4644444444444
StatAverageThroughputTime: 80.43404831544719
StatMedianThroughputTime: 24.220555555555563
StatLowerQuartileThroughputTime: 15.714444444444439
StatUpperQuartileThroughputTime: 71.27064934696875

Marked tag finished after 1 tries!
.Fin. - SUCCESS
<<< Welcome to the RAWSimO CLI >>>
The time is: 06/13/2024 09:48:35
Starting RAWSimO wrapper with the following arguments:
Instance: ..\..\..\..\Material\Instances\0.Weighted30min Demand separate\Dc\Weighted2.xinst
Setting: ..\..\..\..\Material\Instances\0.Weighted30min Demand separate\Dc\Weighted2.xsett
ControlConfig: ..\..\..\..\Material\Instances\0.Weighted30min Demand separate\Dc\Weighted2.xconf
StatisticsDir: ..\..\..\..\Material\Instances\0.Weighted30min Demand separate\Dc
Seed: 2
Additionally the following tag was passed: 1, 0.058, 0.48599999999999993, 0.13, 1.0, 0.333
Adding handler for unhandled exceptions ...
Initializing ... 
Instance recognized!
Parsing setting config ...
Parsing control config ...
Parsing instance ...
StatisticsFolder: Weighted2-Dc_[[1, 0.058, 0.48599999999999993]]_3_[0.13, 1.0, 0.333].csv-2
Done!
