Executing ... 
 19:09:59 | >>> Warming up ...
 00:00:00 | >>> Warmup finished - starting simulation ...
 Realtime |   ETA    |  Sim.Time  | Progress | #Orders | #Bundles | Inv. | Distance | #Coll. |   Memory    
 00:00:00 |   n/a    | 0.00:00:00 |  0.00%   |    0    |    0     | 60%  |    0     |   0    |  84.79MB  
 00:00:00 | Cannot generate further orders - suspending generation for now
 00:00:00 | Cannot generate further orders - suspending generation for now
 00:00:00 | Cannot generate further orders - suspending generation for now
 00:00:00 | Cannot generate further orders - suspending generation for now
 00:00:00 | Cannot generate further orders - suspending generation for now
 00:00:01 | Cannot generate further orders - suspending generation for now
 00:00:01 | Cannot generate further orders - suspending generation for now
 00:00:01 | Cannot generate further orders - suspending generation for now
 00:00:01 | Cannot generate further orders - suspending generation for now
 00:00:01 | 00:00:00 | 0.00:30:00 | 100.00%  |   464   |    0     | 18%  |   5319   |   0    |  83.62MB  
 00:00:01 | >>> Simulation finished - writing results ...
 00:00:01 | >>> Results written
Simulation finished.
>>> Timings
StatTimingPathPlanningAverage: 0.00010580653669724768
StatTimingPathPlanningOverall: 0.09226329999999998
StatTimingPathPlanningCount: 872
StatTimingTaskAllocationAverage: 0.0017736742081447948
StatTimingTaskAllocationOverall: 0.39198199999999966
StatTimingTaskAllocationCount: 221
StatTimingItemStorageAverage: 1.1745350500715337E-06
StatTimingItemStorageOverall: 0.000821000000000002
StatTimingItemStorageCount: 699
StatTimingPodStorageAverage: 0.001500961320754717
StatTimingPodStorageOverall: 0.1591019
StatTimingPodStorageCount: 106
StatTimingReplenishmentBatchingAverage: 9.450000000000001E-06
StatTimingReplenishmentBatchingOverall: 1.8900000000000002E-05
StatTimingReplenishmentBatchingCount: 2
StatTimingOrderBatchingAverage: 0.000104048552631579
StatTimingOrderBatchingOverall: 0.07907690000000003
StatTimingOrderBatchingCount: 760
>>> Overall
StatOverallBundlesPlaced: 0
StatOverallItemsOrdered: 663
StatOverallOrdersPlaced: 423
StatOverallBundlesRejected: 0
StatOverallOrdersRejected: 0
StatOverallBundlesHandled: 0
StatOverallItemsHandled: 705
StatOverallLinesHandled: 664
StatOverallOrdersHandled: 464
StatOverallCollisions: 0
StatOverallDistanceTraveled: 5318.763179424211
StatOverallDistanceEstimated: 5230
StatOverallAssignedTasks: 221
StatMaxMemoryUsed: 84,71484375
StatRealTimeUsed: 1.1183167
StatAverageTurnoverTime: 446.62473431575313
StatMedianTurnoverTime: 264.7050937914129
StatLowerQuartileTurnoverTime: 125.04287156919068
StatUpperQuartileTurnoverTime: 685.2297186257632
StatAverageThroughputTime: 86.59453337212972
StatMedianThroughputTime: 20.561666666666696
StatLowerQuartileThroughputTime: 12.553888888889105
StatUpperQuartileThroughputTime: 74.42101731969828

Marked tag finished after 1 tries!
.Fin. - SUCCESS
<<< Welcome to the RAWSimO CLI >>>
The time is: 06/12/2024 19:10:00
Starting RAWSimO wrapper with the following arguments:
Instance: ..\..\..\..\Material\Instances\0.Weighted30min Demand separate\Da\Weighted2.xinst
Setting: ..\..\..\..\Material\Instances\0.Weighted30min Demand separate\Da\Weighted2.xsett
ControlConfig: ..\..\..\..\Material\Instances\0.Weighted30min Demand separate\Da\Weighted2.xconf
StatisticsDir: ..\..\..\..\Material\Instances\0.Weighted30min Demand separate\Da
Seed: 2
Additionally the following tag was passed: [[1, 0.052, 0.7922499999999999]]
Adding handler for unhandled exceptions ...
Initializing ... 
Instance recognized!
Parsing setting config ...
Parsing control config ...
Parsing instance ...
StatisticsFolder: Weighted2-Da_[[1, 0.052, 0.7922499999999999]]_2.csv-2
Done!
