Executing ... 
 09:50:05 | >>> Warming up ...
 00:00:00 | >>> Warmup finished - starting simulation ...
 Realtime |   ETA    |  Sim.Time  | Progress | #Orders | #Bundles | Inv. | Distance | #Coll. |   Memory    
 00:00:00 |   n/a    | 0.00:00:00 |  0.00%   |    0    |    0     | 60%  |    0     |   0    | 144.28MB  
 00:00:00 | Cannot generate further orders - suspending generation for now
 00:00:00 | Cannot generate further orders - suspending generation for now
 00:00:00 | Cannot generate further orders - suspending generation for now
 00:00:00 | Cannot generate further orders - suspending generation for now
 00:00:00 | Cannot generate further orders - suspending generation for now
 00:00:00 | Cannot generate further orders - suspending generation for now
 00:00:00 | Cannot generate further orders - suspending generation for now
 00:00:00 | Cannot generate further orders - suspending generation for now
 00:00:00 | Cannot generate further orders - suspending generation for now
 00:00:00 | Cannot generate further orders - suspending generation for now
 00:00:01 | Cannot generate further orders - suspending generation for now
 00:00:01 | Cannot generate further orders - suspending generation for now
 00:00:01 | 00:00:00 | 0.00:30:00 | 100.00%  |   499   |    0     | 13%  |   4975   |   0    | 139.55MB  
 00:00:01 | >>> Simulation finished - writing results ...
 00:00:01 | >>> Results written
Simulation finished.
>>> Timings
StatTimingPathPlanningAverage: 9.432554479418884E-05
StatTimingPathPlanningOverall: 0.07791289999999998
StatTimingPathPlanningCount: 826
StatTimingTaskAllocationAverage: 0.0018711547619047616
StatTimingTaskAllocationOverall: 0.3929424999999999
StatTimingTaskAllocationCount: 210
StatTimingItemStorageAverage: 9.485372340425566E-07
StatTimingItemStorageOverall: 0.0007133000000000025
StatTimingItemStorageCount: 752
StatTimingPodStorageAverage: 0.0016345920792079217
StatTimingPodStorageOverall: 0.1650938000000001
StatTimingPodStorageCount: 101
StatTimingReplenishmentBatchingAverage: 1.01E-05
StatTimingReplenishmentBatchingOverall: 2.02E-05
StatTimingReplenishmentBatchingCount: 2
StatTimingOrderBatchingAverage: 9.306074168797951E-05
StatTimingOrderBatchingOverall: 0.07277349999999998
StatTimingOrderBatchingCount: 782
>>> Overall
StatOverallBundlesPlaced: 0
StatOverallItemsOrdered: 644
StatOverallOrdersPlaced: 404
StatOverallBundlesRejected: 0
StatOverallOrdersRejected: 0
StatOverallBundlesHandled: 0
StatOverallItemsHandled: 780
StatOverallLinesHandled: 740
StatOverallOrdersHandled: 499
StatOverallCollisions: 0
StatOverallDistanceTraveled: 4974.807139409991
StatOverallDistanceEstimated: 4860
StatOverallAssignedTasks: 210
StatMaxMemoryUsed: 144,28125
StatRealTimeUsed: 1.0759071
StatAverageTurnoverTime: 455.2708043349638
StatMedianTurnoverTime: 258.66268398636566
StatLowerQuartileTurnoverTime: 105.92277777777775
StatUpperQuartileTurnoverTime: 686.7445382358576
StatAverageThroughputTime: 94.5318154053713
StatMedianThroughputTime: 26.197777777778356
StatLowerQuartileThroughputTime: 14.392777777778065
StatUpperQuartileThroughputTime: 86.53944444444483

Marked tag finished after 1 tries!
.Fin. - SUCCESS
<<< Welcome to the RAWSimO CLI >>>
The time is: 06/13/2024 09:50:06
Starting RAWSimO wrapper with the following arguments:
Instance: ..\..\..\..\Material\Instances\0.Weighted30min Demand separate\Dc\Weighted2.xinst
Setting: ..\..\..\..\Material\Instances\0.Weighted30min Demand separate\Dc\Weighted2.xsett
ControlConfig: ..\..\..\..\Material\Instances\0.Weighted30min Demand separate\Dc\Weighted2.xconf
StatisticsDir: ..\..\..\..\Material\Instances\0.Weighted30min Demand separate\Dc
Seed: 1
Additionally the following tag was passed: 1, 2.4696, 0.058, 0.078, 0.171, 0.725
Adding handler for unhandled exceptions ...
Initializing ... 
Instance recognized!
Parsing setting config ...
Parsing control config ...
Parsing instance ...
StatisticsFolder: Weighted2-Dc_[[1, 2.4696, 0.058]]_3_[0.078, 0.171, 0.725].csv-1
Done!
