Executing ... 
 19:20:31 | >>> Warming up ...
 00:00:00 | >>> Warmup finished - starting simulation ...
 Realtime |   ETA    |  Sim.Time  | Progress | #Orders | #Bundles | Inv. | Distance | #Coll. |   Memory    
 00:00:00 |   n/a    | 0.00:00:00 |  0.00%   |    0    |    0     | 60%  |    0     |   0    |  91.14MB  
 00:00:00 | Cannot generate further orders - suspending generation for now
 00:00:00 | Cannot generate further orders - suspending generation for now
 00:00:00 | Cannot generate further orders - suspending generation for now
 00:00:00 | Cannot generate further orders - suspending generation for now
 00:00:00 | Cannot generate further orders - suspending generation for now
 00:00:00 | Cannot generate further orders - suspending generation for now
 00:00:00 | Cannot generate further orders - suspending generation for now
 00:00:00 | Cannot generate further orders - suspending generation for now
 00:00:00 | Cannot generate further orders - suspending generation for now
 00:00:00 | Cannot generate further orders - suspending generation for now
 00:00:00 | 00:00:00 | 0.00:30:00 | 100.00%  |   490   |    0     | 14%  |   4970   |   0    |  88.53MB  
 00:00:00 | >>> Simulation finished - writing results ...
 00:00:01 | >>> Results written
Simulation finished.
>>> Timings
StatTimingPathPlanningAverage: 8.438030480656514E-05
StatTimingPathPlanningOverall: 0.07197640000000007
StatTimingPathPlanningCount: 853
StatTimingTaskAllocationAverage: 0.0017640381642512082
StatTimingTaskAllocationOverall: 0.3651559000000001
StatTimingTaskAllocationCount: 207
StatTimingItemStorageAverage: 9.84239130434785E-07
StatTimingItemStorageOverall: 0.0007244000000000018
StatTimingItemStorageCount: 736
StatTimingPodStorageAverage: 0.0015546070707070701
StatTimingPodStorageOverall: 0.15390609999999993
StatTimingPodStorageCount: 99
StatTimingReplenishmentBatchingAverage: 8.5E-06
StatTimingReplenishmentBatchingOverall: 1.7E-05
StatTimingReplenishmentBatchingCount: 2
StatTimingOrderBatchingAverage: 8.450701754385962E-05
StatTimingOrderBatchingOverall: 0.06743659999999997
StatTimingOrderBatchingCount: 798
>>> Overall
StatOverallBundlesPlaced: 0
StatOverallItemsOrdered: 660
StatOverallOrdersPlaced: 408
StatOverallBundlesRejected: 0
StatOverallOrdersRejected: 0
StatOverallBundlesHandled: 0
StatOverallItemsHandled: 769
StatOverallLinesHandled: 715
StatOverallOrdersHandled: 490
StatOverallCollisions: 0
StatOverallDistanceTraveled: 4970.312564493767
StatOverallDistanceEstimated: 4861
StatOverallAssignedTasks: 207
StatMaxMemoryUsed: 92,06640625
StatRealTimeUsed: 0.945779
StatAverageTurnoverTime: 466.0995649628993
StatMedianTurnoverTime: 350.5095382358577
StatLowerQuartileTurnoverTime: 189.27490620858669
StatUpperQuartileTurnoverTime: 640.6241630702082
StatAverageThroughputTime: 93.87817738568539
StatMedianThroughputTime: 24.487871569190474
StatLowerQuartileThroughputTime: 16.02712843080849
StatUpperQuartileThroughputTime: 81.38676045807983

Marked tag finished after 1 tries!
.Fin. - SUCCESS
<<< Welcome to the RAWSimO CLI >>>
The time is: 06/25/2024 19:20:32
Starting RAWSimO wrapper with the following arguments:
Instance: ..\..\..\..\Material\Instances\10.Weighted30min Demand Gall\Dp\Weighted2.xinst
Setting: ..\..\..\..\Material\Instances\10.Weighted30min Demand Gall\Dp\Weighted2.xsett
ControlConfig: ..\..\..\..\Material\Instances\10.Weighted30min Demand Gall\Dp\Weighted2.xconf
StatisticsDir: ..\..\..\..\Material\Instances\10.Weighted30min Demand Gall\Dp
Seed: 5
Additionally the following tag was passed: 1, 0.19, 1.0, 0.12, 0.627, 1.0
Adding handler for unhandled exceptions ...
Initializing ... 
Instance recognized!
Parsing setting config ...
Parsing control config ...
Parsing instance ...
StatisticsFolder: Weighted2-Dp_[[1, 0.19, 1.0]]_3_[0.12, 0.627, 1.0].csv-5
Done!
