Executing ... 
 16:47:49 | >>> Warming up ...
 00:00:00 | >>> Warmup finished - starting simulation ...
 Realtime |   ETA    |  Sim.Time  | Progress | #Orders | #Bundles | Inv. | Distance | #Coll. |   Memory    
 00:00:00 |   n/a    | 0.00:00:00 |  0.00%   |    0    |    0     | 60%  |    0     |   0    |  93.11MB  
 00:00:00 | Cannot generate further orders - suspending generation for now
 00:00:00 | Cannot generate further orders - suspending generation for now
 00:00:00 | Cannot generate further orders - suspending generation for now
 00:00:00 | Cannot generate further orders - suspending generation for now
 00:00:00 | Cannot generate further orders - suspending generation for now
 00:00:00 | Cannot generate further orders - suspending generation for now
 00:00:00 | Cannot generate further orders - suspending generation for now
 00:00:01 | Cannot generate further orders - suspending generation for now
 00:00:01 | 00:00:00 | 0.00:30:00 | 100.00%  |   446   |    0     | 19%  |   5083   |   0    |  95.49MB  
 00:00:01 | >>> Simulation finished - writing results ...
 00:00:01 | >>> Results written
Simulation finished.
>>> Timings
StatTimingPathPlanningAverage: 0.00010260724137931038
StatTimingPathPlanningOverall: 0.08926830000000004
StatTimingPathPlanningCount: 870
StatTimingTaskAllocationAverage: 0.0019669014084507047
StatTimingTaskAllocationOverall: 0.4189500000000001
StatTimingTaskAllocationCount: 213
StatTimingItemStorageAverage: 9.373676248108957E-07
StatTimingItemStorageOverall: 0.000619600000000002
StatTimingItemStorageCount: 661
StatTimingPodStorageAverage: 0.0016538708737864087
StatTimingPodStorageOverall: 0.1703487000000001
StatTimingPodStorageCount: 103
StatTimingReplenishmentBatchingAverage: 7.899999999999999E-06
StatTimingReplenishmentBatchingOverall: 1.5799999999999998E-05
StatTimingReplenishmentBatchingCount: 2
StatTimingOrderBatchingAverage: 8.678899456521752E-05
StatTimingOrderBatchingOverall: 0.06387670000000009
StatTimingOrderBatchingCount: 736
>>> Overall
StatOverallBundlesPlaced: 0
StatOverallItemsOrdered: 626
StatOverallOrdersPlaced: 406
StatOverallBundlesRejected: 0
StatOverallOrdersRejected: 0
StatOverallBundlesHandled: 0
StatOverallItemsHandled: 685
StatOverallLinesHandled: 647
StatOverallOrdersHandled: 446
StatOverallCollisions: 0
StatOverallDistanceTraveled: 5083.069368266679
StatOverallDistanceEstimated: 4982
StatOverallAssignedTasks: 213
StatMaxMemoryUsed: 99,52734375
StatRealTimeUsed: 1.0309871
StatAverageTurnoverTime: 471.91302111924443
StatMedianTurnoverTime: 292.3758369297973
StatLowerQuartileTurnoverTime: 116.49323954192045
StatUpperQuartileTurnoverTime: 715.0007431383834
StatAverageThroughputTime: 91.38735724391069
StatMedianThroughputTime: 20.90370849898909
StatLowerQuartileThroughputTime: 13.012222222222192
StatUpperQuartileThroughputTime: 78.85611111111112

Marked tag finished after 1 tries!
.Fin. - SUCCESS
<<< Welcome to the RAWSimO CLI >>>
The time is: 06/03/2024 16:47:50
Starting RAWSimO wrapper with the following arguments:
Instance: ..\..\..\..\Material\Instances\0.Weighted30min\Weighted2.xinst
Setting: ..\..\..\..\Material\Instances\0.Weighted30min\Weighted2.xsett
ControlConfig: ..\..\..\..\Material\Instances\0.Weighted30min\Weighted2.xconf
StatisticsDir: ..\..\..\..\Material\Instances\0.Weighted30min
Seed: 1
Additionally the following tag was passed: Dawlow
Adding handler for unhandled exceptions ...
Initializing ... 
Instance recognized!
Parsing setting config ...
Parsing control config ...
Parsing instance ...
StatisticsFolder: Weighted2-Da_wlow_1.csv-1
Done!
