Executing ... 
 18:20:18 | >>> Warming up ...
 00:00:00 | >>> Warmup finished - starting simulation ...
 Realtime |   ETA    |  Sim.Time  | Progress | #Orders | #Bundles | Inv. | Distance | #Coll. |   Memory    
 00:00:00 |   n/a    | 0.00:00:00 |  0.00%   |    0    |    0     | 60%  |    0     |   0    |  70.73MB  
 00:00:00 | Cannot generate further orders - suspending generation for now
 00:00:00 | Cannot generate further orders - suspending generation for now
 00:00:00 | Cannot generate further orders - suspending generation for now
 00:00:00 | Cannot generate further orders - suspending generation for now
 00:00:00 | Cannot generate further orders - suspending generation for now
 00:00:00 | Cannot generate further orders - suspending generation for now
 00:00:00 | Cannot generate further orders - suspending generation for now
 00:00:00 | Cannot generate further orders - suspending generation for now
 00:00:00 | Cannot generate further orders - suspending generation for now
 00:00:01 | 00:00:00 | 0.00:30:00 | 100.00%  |   445   |    0     | 21%  |   5320   |   0    |  74.19MB  
 00:00:01 | >>> Simulation finished - writing results ...
 00:00:01 | >>> Results written
Simulation finished.
>>> Timings
StatTimingPathPlanningAverage: 8.253674832962149E-05
StatTimingPathPlanningOverall: 0.0741180000000001
StatTimingPathPlanningCount: 898
StatTimingTaskAllocationAverage: 0.0017413383259911885
StatTimingTaskAllocationOverall: 0.3952837999999998
StatTimingTaskAllocationCount: 227
StatTimingItemStorageAverage: 9.360937500000069E-07
StatTimingItemStorageOverall: 0.0005991000000000044
StatTimingItemStorageCount: 640
StatTimingPodStorageAverage: 0.001599993577981651
StatTimingPodStorageOverall: 0.17439929999999995
StatTimingPodStorageCount: 109
StatTimingReplenishmentBatchingAverage: 9.7E-06
StatTimingReplenishmentBatchingOverall: 1.94E-05
StatTimingReplenishmentBatchingCount: 2
StatTimingOrderBatchingAverage: 8.36315290933694E-05
StatTimingOrderBatchingOverall: 0.06180369999999999
StatTimingOrderBatchingCount: 739
>>> Overall
StatOverallBundlesPlaced: 0
StatOverallItemsOrdered: 610
StatOverallOrdersPlaced: 394
StatOverallBundlesRejected: 0
StatOverallOrdersRejected: 0
StatOverallBundlesHandled: 0
StatOverallItemsHandled: 655
StatOverallLinesHandled: 615
StatOverallOrdersHandled: 445
StatOverallCollisions: 0
StatOverallDistanceTraveled: 5319.814289719087
StatOverallDistanceEstimated: 5148
StatOverallAssignedTasks: 227
StatMaxMemoryUsed: 76,5078125
StatRealTimeUsed: 1.0038037
StatAverageTurnoverTime: 440.733498241125
StatMedianTurnoverTime: 265.09629869393825
StatLowerQuartileTurnoverTime: 106.46564934696848
StatUpperQuartileTurnoverTime: 586.1135209161592
StatAverageThroughputTime: 101.864768179469
StatMedianThroughputTime: 17.397316013635077
StatLowerQuartileThroughputTime: 12.506111111111295
StatUpperQuartileThroughputTime: 75.31101731969818

Marked tag finished after 1 tries!
.Fin. - SUCCESS
<<< Welcome to the RAWSimO CLI >>>
The time is: 06/05/2024 18:20:19
Starting RAWSimO wrapper with the following arguments:
Instance: ..\..\..\..\Material\Instances\0.Weighted30min Demand separate\Dc\Weighted2.xinst
Setting: ..\..\..\..\Material\Instances\0.Weighted30min Demand separate\Dc\Weighted2.xsett
ControlConfig: ..\..\..\..\Material\Instances\0.Weighted30min Demand separate\Dc\Weighted2.xconf
StatisticsDir: ..\..\..\..\Material\Instances\0.Weighted30min Demand separate\Dc
Seed: 1
Additionally the following tag was passed: wlow
Adding handler for unhandled exceptions ...
Initializing ... 
Instance recognized!
Parsing setting config ...
Parsing control config ...
Parsing instance ...
StatisticsFolder: Weighted2-Dc_wlow_2.csv-1
Done!
