Executing ... 
 19:59:37 | >>> Warming up ...
 00:00:00 | >>> Warmup finished - starting simulation ...
 Realtime |   ETA    |  Sim.Time  | Progress | #Orders | #Bundles | Inv. | Distance | #Coll. |   Memory    
 00:00:00 |   n/a    | 0.00:00:00 |  0.00%   |    0    |    0     | 60%  |    0     |   0    | 111.55MB  
 00:00:00 | Cannot generate further orders - suspending generation for now
 00:00:00 | Cannot generate further orders - suspending generation for now
 00:00:00 | Cannot generate further orders - suspending generation for now
 00:00:00 | Cannot generate further orders - suspending generation for now
 00:00:00 | Cannot generate further orders - suspending generation for now
 00:00:01 | Cannot generate further orders - suspending generation for now
 00:00:01 | Cannot generate further orders - suspending generation for now
 00:00:01 | Cannot generate further orders - suspending generation for now
 00:00:01 | Cannot generate further orders - suspending generation for now
 00:00:01 | Cannot generate further orders - suspending generation for now
 00:00:01 | Cannot generate further orders - suspending generation for now
 00:00:01 | 00:00:00 | 0.00:30:00 | 100.00%  |   491   |    0     | 13%  |   4917   |   0    |  62.49MB  
 00:00:01 | >>> Simulation finished - writing results ...
 00:00:01 | >>> Results written
Simulation finished.
>>> Timings
StatTimingPathPlanningAverage: 9.676083231334146E-05
StatTimingPathPlanningOverall: 0.07905359999999997
StatTimingPathPlanningCount: 817
StatTimingTaskAllocationAverage: 0.0021024413793103445
StatTimingTaskAllocationOverall: 0.4267955999999999
StatTimingTaskAllocationCount: 203
StatTimingItemStorageAverage: 1.0650523560209424E-06
StatTimingItemStorageOverall: 0.0008137
StatTimingItemStorageCount: 764
StatTimingPodStorageAverage: 0.0019485848484848498
StatTimingPodStorageOverall: 0.19290990000000013
StatTimingPodStorageCount: 99
StatTimingReplenishmentBatchingAverage: 7.450000000000001E-06
StatTimingReplenishmentBatchingOverall: 1.4900000000000001E-05
StatTimingReplenishmentBatchingCount: 2
StatTimingOrderBatchingAverage: 9.832942675159245E-05
StatTimingOrderBatchingOverall: 0.07718860000000008
StatTimingOrderBatchingCount: 785
>>> Overall
StatOverallBundlesPlaced: 0
StatOverallItemsOrdered: 651
StatOverallOrdersPlaced: 401
StatOverallBundlesRejected: 0
StatOverallOrdersRejected: 0
StatOverallBundlesHandled: 0
StatOverallItemsHandled: 776
StatOverallLinesHandled: 726
StatOverallOrdersHandled: 491
StatOverallCollisions: 0
StatOverallDistanceTraveled: 4917.411302692602
StatOverallDistanceEstimated: 4734
StatOverallAssignedTasks: 203
StatMaxMemoryUsed: 111,5546875
StatRealTimeUsed: 1.1395825
StatAverageTurnoverTime: 458.9333033389635
StatMedianTurnoverTime: 315.28101731969787
StatLowerQuartileTurnoverTime: 149.90518758282533
StatUpperQuartileTurnoverTime: 628.3535209161589
StatAverageThroughputTime: 98.83617544246408
StatMedianThroughputTime: 24.70073594545994
StatLowerQuartileThroughputTime: 15.986666666666906
StatUpperQuartileThroughputTime: 88.29796536060485

Marked tag finished after 1 tries!
.Fin. - SUCCESS
<<< Welcome to the RAWSimO CLI >>>
The time is: 06/11/2024 19:59:38
Starting RAWSimO wrapper with the following arguments:
Instance: ..\..\..\..\Material\Instances\0.Weighted30min Demand separate\Df\Weighted2.xinst
Setting: ..\..\..\..\Material\Instances\0.Weighted30min Demand separate\Df\Weighted2.xsett
ControlConfig: ..\..\..\..\Material\Instances\0.Weighted30min Demand separate\Df\Weighted2.xconf
StatisticsDir: ..\..\..\..\Material\Instances\0.Weighted30min Demand separate\Df
Seed: 1
Additionally the following tag was passed: [[1, 0.1602857142857143, 0.068]]
Adding handler for unhandled exceptions ...
Initializing ... 
Instance recognized!
Parsing setting config ...
Parsing control config ...
Parsing instance ...
StatisticsFolder: Weighted2-Df_[[1, 0.1602857142857143, 0.068]]_2.csv-1
Done!
