Executing ... 
 09:40:46 | >>> Warming up ...
 00:00:00 | >>> Warmup finished - starting simulation ...
 Realtime |   ETA    |  Sim.Time  | Progress | #Orders | #Bundles | Inv. | Distance | #Coll. |   Memory    
 00:00:00 |   n/a    | 0.00:00:00 |  0.00%   |    0    |    0     | 60%  |    0     |   0    |  94.98MB  
 00:00:00 | Cannot generate further orders - suspending generation for now
 00:00:00 | Cannot generate further orders - suspending generation for now
 00:00:00 | Cannot generate further orders - suspending generation for now
 00:00:00 | Cannot generate further orders - suspending generation for now
 00:00:00 | Cannot generate further orders - suspending generation for now
 00:00:01 | Cannot generate further orders - suspending generation for now
 00:00:01 | Cannot generate further orders - suspending generation for now
 00:00:01 | Cannot generate further orders - suspending generation for now
 00:00:01 | Cannot generate further orders - suspending generation for now
 00:00:01 | Cannot generate further orders - suspending generation for now
 00:00:01 | Cannot generate further orders - suspending generation for now
 00:00:01 | 00:00:00 | 0.00:30:00 | 100.00%  |   489   |    0     | 15%  |   5046   |   0    |  94.47MB  
 00:00:01 | >>> Simulation finished - writing results ...
 00:00:01 | >>> Results written
Simulation finished.
>>> Timings
StatTimingPathPlanningAverage: 0.00012802051282051287
StatTimingPathPlanningOverall: 0.10984160000000004
StatTimingPathPlanningCount: 858
StatTimingTaskAllocationAverage: 0.0018678263414634146
StatTimingTaskAllocationOverall: 0.3829044
StatTimingTaskAllocationCount: 205
StatTimingItemStorageAverage: 1.031621621621626E-06
StatTimingItemStorageOverall: 0.0007634000000000033
StatTimingItemStorageCount: 740
StatTimingPodStorageAverage: 0.0016895234693877546
StatTimingPodStorageOverall: 0.16557329999999995
StatTimingPodStorageCount: 98
StatTimingReplenishmentBatchingAverage: 7.5E-06
StatTimingReplenishmentBatchingOverall: 1.5E-05
StatTimingReplenishmentBatchingCount: 2
StatTimingOrderBatchingAverage: 0.00012466390306122463
StatTimingOrderBatchingOverall: 0.0977365000000001
StatTimingOrderBatchingCount: 784
>>> Overall
StatOverallBundlesPlaced: 0
StatOverallItemsOrdered: 656
StatOverallOrdersPlaced: 417
StatOverallBundlesRejected: 0
StatOverallOrdersRejected: 0
StatOverallBundlesHandled: 0
StatOverallItemsHandled: 750
StatOverallLinesHandled: 708
StatOverallOrdersHandled: 489
StatOverallCollisions: 0
StatOverallDistanceTraveled: 5046.0822078364
StatOverallDistanceEstimated: 4959
StatOverallAssignedTasks: 205
StatMaxMemoryUsed: 95,71875
StatRealTimeUsed: 1.1639477
StatAverageTurnoverTime: 457.327641338103
StatMedianTurnoverTime: 267.5311111111111
StatLowerQuartileTurnoverTime: 98.13064934696848
StatUpperQuartileTurnoverTime: 737.7229653606042
StatAverageThroughputTime: 87.03607031428174
StatMedianThroughputTime: 24.4283333333334
StatLowerQuartileThroughputTime: 16.145548362631644
StatUpperQuartileThroughputTime: 69.15111111111139

Marked tag finished after 1 tries!
.Fin. - SUCCESS
<<< Welcome to the RAWSimO CLI >>>
The time is: 06/13/2024 09:40:47
Starting RAWSimO wrapper with the following arguments:
Instance: ..\..\..\..\Material\Instances\0.Weighted30min Demand separate\Da\Weighted2.xinst
Setting: ..\..\..\..\Material\Instances\0.Weighted30min Demand separate\Da\Weighted2.xsett
ControlConfig: ..\..\..\..\Material\Instances\0.Weighted30min Demand separate\Da\Weighted2.xconf
StatisticsDir: ..\..\..\..\Material\Instances\0.Weighted30min Demand separate\Da
Seed: 2
Additionally the following tag was passed: 1, 6.0207999999999995, 1.039, 0.259, 0.1, 0.25
Adding handler for unhandled exceptions ...
Initializing ... 
Instance recognized!
Parsing setting config ...
Parsing control config ...
Parsing instance ...
StatisticsFolder: Weighted2-Da_[[1, 6.0207999999999995, 1.039]]_3_[0.259, 0.1, 0.25].csv-2
Done!
