Executing ... 
 09:24:32 | >>> Warming up ...
 00:00:00 | >>> Warmup finished - starting simulation ...
 Realtime |   ETA    |  Sim.Time  | Progress | #Orders | #Bundles | Inv. | Distance | #Coll. |   Memory    
 00:00:00 |   n/a    | 0.00:00:00 |  0.00%   |    0    |    0     | 60%  |    0     |   0    |  78.63MB  
 00:00:00 | Cannot generate further orders - suspending generation for now
 00:00:00 | Cannot generate further orders - suspending generation for now
 00:00:00 | Cannot generate further orders - suspending generation for now
 00:00:00 | Cannot generate further orders - suspending generation for now
 00:00:00 | Cannot generate further orders - suspending generation for now
 00:00:00 | Cannot generate further orders - suspending generation for now
 00:00:00 | Cannot generate further orders - suspending generation for now
 00:00:00 | Cannot generate further orders - suspending generation for now
 00:00:01 | Cannot generate further orders - suspending generation for now
 00:00:01 | 00:00:00 | 0.00:30:00 | 100.00%  |   481   |    0     | 16%  |   5030   |   0    |  74.69MB  
 00:00:01 | >>> Simulation finished - writing results ...
 00:00:01 | >>> Results written
Simulation finished.
>>> Timings
StatTimingPathPlanningAverage: 0.00010238792497069168
StatTimingPathPlanningOverall: 0.08733690000000001
StatTimingPathPlanningCount: 853
StatTimingTaskAllocationAverage: 0.0016931225490196093
StatTimingTaskAllocationOverall: 0.3453970000000003
StatTimingTaskAllocationCount: 204
StatTimingItemStorageAverage: 9.57101024890195E-07
StatTimingItemStorageOverall: 0.0006537000000000033
StatTimingItemStorageCount: 683
StatTimingPodStorageAverage: 0.0014392608247422677
StatTimingPodStorageOverall: 0.13960829999999996
StatTimingPodStorageCount: 97
StatTimingReplenishmentBatchingAverage: 1.055E-05
StatTimingReplenishmentBatchingOverall: 2.11E-05
StatTimingReplenishmentBatchingCount: 2
StatTimingOrderBatchingAverage: 8.993648293963262E-05
StatTimingOrderBatchingOverall: 0.06853160000000005
StatTimingOrderBatchingCount: 762
>>> Overall
StatOverallBundlesPlaced: 0
StatOverallItemsOrdered: 638
StatOverallOrdersPlaced: 413
StatOverallBundlesRejected: 0
StatOverallOrdersRejected: 0
StatOverallBundlesHandled: 0
StatOverallItemsHandled: 725
StatOverallLinesHandled: 689
StatOverallOrdersHandled: 481
StatOverallCollisions: 0
StatOverallDistanceTraveled: 5030.062795988952
StatOverallDistanceEstimated: 4847
StatOverallAssignedTasks: 204
StatMaxMemoryUsed: 78,5390625
StatRealTimeUsed: 1.0308134
StatAverageTurnoverTime: 455.96537288356774
StatMedianTurnoverTime: 266.06111111111113
StatLowerQuartileTurnoverTime: 105.05417026312875
StatUpperQuartileTurnoverTime: 653.7517604580795
StatAverageThroughputTime: 97.28327445759363
StatMedianThroughputTime: 25.032777777777852
StatLowerQuartileThroughputTime: 15.936666666666838
StatUpperQuartileThroughputTime: 86.17166666666799

Marked tag finished after 1 tries!
.Fin. - SUCCESS
<<< Welcome to the RAWSimO CLI >>>
The time is: 06/13/2024 09:24:33
Starting RAWSimO wrapper with the following arguments:
Instance: ..\..\..\..\Material\Instances\0.Weighted30min Demand separate\Da\Weighted2.xinst
Setting: ..\..\..\..\Material\Instances\0.Weighted30min Demand separate\Da\Weighted2.xsett
ControlConfig: ..\..\..\..\Material\Instances\0.Weighted30min Demand separate\Da\Weighted2.xconf
StatisticsDir: ..\..\..\..\Material\Instances\0.Weighted30min Demand separate\Da
Seed: 3
Additionally the following tag was passed: 1, 0.052, 0.7922499999999999, 0.103, 1.0, 0.25
Adding handler for unhandled exceptions ...
Initializing ... 
Instance recognized!
Parsing setting config ...
Parsing control config ...
Parsing instance ...
StatisticsFolder: Weighted2-Da_[[1, 0.052, 0.7922499999999999]]_2_[0.103, 1.0, 0.25].csv-3
Done!
