Executing ... 
 21:28:35 | >>> Warming up ...
 00:00:00 | >>> Warmup finished - starting simulation ...
 Realtime |   ETA    |  Sim.Time  | Progress | #Orders | #Bundles | Inv. | Distance | #Coll. |   Memory    
 00:00:00 |   n/a    | 0.00:00:00 |  0.00%   |    0    |    0     | 60%  |    0     |   0    |  78.30MB  
 00:00:01 | Cannot generate further orders - suspending generation for now
 00:00:01 | Cannot generate further orders - suspending generation for now
 00:00:01 | Cannot generate further orders - suspending generation for now
 00:00:01 | Cannot generate further orders - suspending generation for now
 00:00:01 | Cannot generate further orders - suspending generation for now
 00:00:01 | Cannot generate further orders - suspending generation for now
 00:00:01 | Cannot generate further orders - suspending generation for now
 00:00:01 | Cannot generate further orders - suspending generation for now
 00:00:01 | 00:00:00 | 0.00:30:00 | 100.00%  |   465   |    0     | 18%  |   5127   |   0    |  72.79MB  
 00:00:01 | >>> Simulation finished - writing results ...
 00:00:01 | >>> Results written
Simulation finished.
>>> Timings
StatTimingPathPlanningAverage: 0.0001133097949886106
StatTimingPathPlanningOverall: 0.0994860000000001
StatTimingPathPlanningCount: 878
StatTimingTaskAllocationAverage: 0.0022331469767441865
StatTimingTaskAllocationOverall: 0.48012660000000007
StatTimingTaskAllocationCount: 215
StatTimingItemStorageAverage: 1.4119335347432014E-06
StatTimingItemStorageOverall: 0.0009346999999999994
StatTimingItemStorageCount: 662
StatTimingPodStorageAverage: 0.0020112509615384617
StatTimingPodStorageOverall: 0.2091701
StatTimingPodStorageCount: 104
StatTimingReplenishmentBatchingAverage: 8.65E-06
StatTimingReplenishmentBatchingOverall: 1.73E-05
StatTimingReplenishmentBatchingCount: 2
StatTimingOrderBatchingAverage: 0.00011091934210526314
StatTimingOrderBatchingOverall: 0.08429869999999999
StatTimingOrderBatchingCount: 760
>>> Overall
StatOverallBundlesPlaced: 0
StatOverallItemsOrdered: 631
StatOverallOrdersPlaced: 410
StatOverallBundlesRejected: 0
StatOverallOrdersRejected: 0
StatOverallBundlesHandled: 0
StatOverallItemsHandled: 694
StatOverallLinesHandled: 655
StatOverallOrdersHandled: 465
StatOverallCollisions: 0
StatOverallDistanceTraveled: 5127.091496064403
StatOverallDistanceEstimated: 4897
StatOverallAssignedTasks: 215
StatMaxMemoryUsed: 77,90625
StatRealTimeUsed: 1.2938075
StatAverageTurnoverTime: 442.5115871991419
StatMedianTurnoverTime: 256.7227849707001
StatLowerQuartileTurnoverTime: 117.07555555555655
StatUpperQuartileTurnoverTime: 648.1453535868869
StatAverageThroughputTime: 91.35337364461734
StatMedianThroughputTime: 19.625555555555593
StatLowerQuartileThroughputTime: 12.740093791412846
StatUpperQuartileThroughputTime: 76.41000000000008

Marked tag finished after 1 tries!
.Fin. - SUCCESS
<<< Welcome to the RAWSimO CLI >>>
The time is: 06/12/2024 21:28:36
Starting RAWSimO wrapper with the following arguments:
Instance: ..\..\..\..\Material\Instances\0.Weighted30min Demand separate\Da\Weighted2.xinst
Setting: ..\..\..\..\Material\Instances\0.Weighted30min Demand separate\Da\Weighted2.xsett
ControlConfig: ..\..\..\..\Material\Instances\0.Weighted30min Demand separate\Da\Weighted2.xconf
StatisticsDir: ..\..\..\..\Material\Instances\0.Weighted30min Demand separate\Da
Seed: 3
Additionally the following tag was passed: 1, 2.539, 0.5455, 0.198, 0.1, 0.359
Adding handler for unhandled exceptions ...
Initializing ... 
Instance recognized!
Parsing setting config ...
Parsing control config ...
Parsing instance ...
StatisticsFolder: Weighted2-Da_[[1, 2.539, 0.5455]]_1_[0.198, 0.1, 0.359].csv-3
Done!
