Executing ... 
 09:40:18 | >>> Warming up ...
 00:00:00 | >>> Warmup finished - starting simulation ...
 Realtime |   ETA    |  Sim.Time  | Progress | #Orders | #Bundles | Inv. | Distance | #Coll. |   Memory    
 00:00:00 |   n/a    | 0.00:00:00 |  0.00%   |    0    |    0     | 60%  |    0     |   0    | 107.59MB  
 00:00:00 | Cannot generate further orders - suspending generation for now
 00:00:00 | Cannot generate further orders - suspending generation for now
 00:00:00 | Cannot generate further orders - suspending generation for now
 00:00:01 | Cannot generate further orders - suspending generation for now
 00:00:01 | Cannot generate further orders - suspending generation for now
 00:00:01 | Cannot generate further orders - suspending generation for now
 00:00:01 | Cannot generate further orders - suspending generation for now
 00:00:01 | Cannot generate further orders - suspending generation for now
 00:00:01 | Cannot generate further orders - suspending generation for now
 00:00:01 | 00:00:00 | 0.00:30:00 | 100.00%  |   485   |    0     | 15%  |   5106   |   0    | 108.50MB  
 00:00:01 | >>> Simulation finished - writing results ...
 00:00:01 | >>> Results written
Simulation finished.
>>> Timings
StatTimingPathPlanningAverage: 0.0001058041816009557
StatTimingPathPlanningOverall: 0.08855809999999992
StatTimingPathPlanningCount: 837
StatTimingTaskAllocationAverage: 0.0020540114832535887
StatTimingTaskAllocationOverall: 0.42928840000000007
StatTimingTaskAllocationCount: 209
StatTimingItemStorageAverage: 1.100555555555557E-06
StatTimingItemStorageOverall: 0.000792400000000001
StatTimingItemStorageCount: 720
StatTimingPodStorageAverage: 0.0018667789999999988
StatTimingPodStorageOverall: 0.18667789999999987
StatTimingPodStorageCount: 100
StatTimingReplenishmentBatchingAverage: 7.95E-06
StatTimingReplenishmentBatchingOverall: 1.59E-05
StatTimingReplenishmentBatchingCount: 2
StatTimingOrderBatchingAverage: 0.00010406598202824126
StatTimingOrderBatchingOverall: 0.08106739999999994
StatTimingOrderBatchingCount: 779
>>> Overall
StatOverallBundlesPlaced: 0
StatOverallItemsOrdered: 638
StatOverallOrdersPlaced: 405
StatOverallBundlesRejected: 0
StatOverallOrdersRejected: 0
StatOverallBundlesHandled: 0
StatOverallItemsHandled: 742
StatOverallLinesHandled: 702
StatOverallOrdersHandled: 485
StatOverallCollisions: 0
StatOverallDistanceTraveled: 5105.53853765431
StatOverallDistanceEstimated: 5057
StatOverallAssignedTasks: 209
StatMaxMemoryUsed: 108,5
StatRealTimeUsed: 1.1769198
StatAverageTurnoverTime: 478.9970358483651
StatMedianTurnoverTime: 314.64593072120806
StatLowerQuartileTurnoverTime: 126.30231601363562
StatUpperQuartileTurnoverTime: 667.5375251752258
StatAverageThroughputTime: 96.69855390057484
StatMedianThroughputTime: 24.978333333333183
StatLowerQuartileThroughputTime: 16.52555555555682
StatUpperQuartileThroughputTime: 78.22666666666782

Marked tag finished after 1 tries!
.Fin. - SUCCESS
<<< Welcome to the RAWSimO CLI >>>
The time is: 06/13/2024 09:40:19
Starting RAWSimO wrapper with the following arguments:
Instance: ..\..\..\..\Material\Instances\0.Weighted30min Demand separate\Da\Weighted2.xinst
Setting: ..\..\..\..\Material\Instances\0.Weighted30min Demand separate\Da\Weighted2.xsett
ControlConfig: ..\..\..\..\Material\Instances\0.Weighted30min Demand separate\Da\Weighted2.xconf
StatisticsDir: ..\..\..\..\Material\Instances\0.Weighted30min Demand separate\Da
Seed: 2
Additionally the following tag was passed: 1, 6.0207999999999995, 0.38099999999999995, 0.162, 0.1, 0.425
Adding handler for unhandled exceptions ...
Initializing ... 
Instance recognized!
Parsing setting config ...
Parsing control config ...
Parsing instance ...
StatisticsFolder: Weighted2-Da_[[1, 6.0207999999999995, 0.38099999999999995]]_2_[0.162, 0.1, 0.425].csv-2
Done!
