Executing ... 
 09:53:12 | >>> Warming up ...
 00:00:00 | >>> Warmup finished - starting simulation ...
 Realtime |   ETA    |  Sim.Time  | Progress | #Orders | #Bundles | Inv. | Distance | #Coll. |   Memory    
 00:00:00 |   n/a    | 0.00:00:00 |  0.00%   |    0    |    0     | 60%  |    0     |   0    | 125.21MB  
 00:00:00 | Cannot generate further orders - suspending generation for now
 00:00:00 | Cannot generate further orders - suspending generation for now
 00:00:00 | Cannot generate further orders - suspending generation for now
 00:00:00 | Cannot generate further orders - suspending generation for now
 00:00:00 | Cannot generate further orders - suspending generation for now
 00:00:00 | Cannot generate further orders - suspending generation for now
 00:00:00 | Cannot generate further orders - suspending generation for now
 00:00:00 | Cannot generate further orders - suspending generation for now
 00:00:00 | Cannot generate further orders - suspending generation for now
 00:00:00 | Cannot generate further orders - suspending generation for now
 00:00:00 | Cannot generate further orders - suspending generation for now
 00:00:00 | Cannot generate further orders - suspending generation for now
 00:00:00 | Cannot generate further orders - suspending generation for now
 00:00:00 | 00:00:00 | 0.00:30:00 | 100.00%  |   484   |    0     | 14%  |   4980   |   0    | 126.91MB  
 00:00:00 | >>> Simulation finished - writing results ...
 00:00:01 | >>> Results written
Simulation finished.
>>> Timings
StatTimingPathPlanningAverage: 8.642831541218637E-05
StatTimingPathPlanningOverall: 0.07234049999999999
StatTimingPathPlanningCount: 837
StatTimingTaskAllocationAverage: 0.0016166221698113209
StatTimingTaskAllocationOverall: 0.3427239
StatTimingTaskAllocationCount: 212
StatTimingItemStorageAverage: 8.859097127223018E-07
StatTimingItemStorageOverall: 0.0006476000000000026
StatTimingItemStorageCount: 731
StatTimingPodStorageAverage: 0.001415291089108911
StatTimingPodStorageOverall: 0.1429444
StatTimingPodStorageCount: 101
StatTimingReplenishmentBatchingAverage: 8.1E-06
StatTimingReplenishmentBatchingOverall: 1.62E-05
StatTimingReplenishmentBatchingCount: 2
StatTimingOrderBatchingAverage: 9.029540078843635E-05
StatTimingOrderBatchingOverall: 0.06871480000000006
StatTimingOrderBatchingCount: 761
>>> Overall
StatOverallBundlesPlaced: 0
StatOverallItemsOrdered: 622
StatOverallOrdersPlaced: 388
StatOverallBundlesRejected: 0
StatOverallOrdersRejected: 0
StatOverallBundlesHandled: 0
StatOverallItemsHandled: 763
StatOverallLinesHandled: 727
StatOverallOrdersHandled: 484
StatOverallCollisions: 0
StatOverallDistanceTraveled: 4980.230244317215
StatOverallDistanceEstimated: 4839
StatOverallAssignedTasks: 212
StatMaxMemoryUsed: 128,91796875
StatRealTimeUsed: 0.9688507
StatAverageTurnoverTime: 452.2344241638291
StatMedianTurnoverTime: 285.99120490252346
StatLowerQuartileTurnoverTime: 120.14666666666668
StatUpperQuartileTurnoverTime: 607.7687950974764
StatAverageThroughputTime: 90.1697683731017
StatMedianThroughputTime: 29.831659473745503
StatLowerQuartileThroughputTime: 17.00277777777785
StatUpperQuartileThroughputTime: 85.7914790838409

Marked tag finished after 1 tries!
.Fin. - SUCCESS
<<< Welcome to the RAWSimO CLI >>>
The time is: 06/13/2024 09:53:13
Starting RAWSimO wrapper with the following arguments:
Instance: ..\..\..\..\Material\Instances\0.Weighted30min Demand separate\Dc\Weighted2.xinst
Setting: ..\..\..\..\Material\Instances\0.Weighted30min Demand separate\Dc\Weighted2.xsett
ControlConfig: ..\..\..\..\Material\Instances\0.Weighted30min Demand separate\Dc\Weighted2.xconf
StatisticsDir: ..\..\..\..\Material\Instances\0.Weighted30min Demand separate\Dc
Seed: 1
Additionally the following tag was passed: 1, 6.087, 0.48599999999999993, 0.194, 0.143, 0.4
Adding handler for unhandled exceptions ...
Initializing ... 
Instance recognized!
Parsing setting config ...
Parsing control config ...
Parsing instance ...
StatisticsFolder: Weighted2-Dc_[[1, 6.087, 0.48599999999999993]]_3_[0.194, 0.143, 0.4].csv-1
Done!
