Executing ... 
 09:50:35 | >>> Warming up ...
 00:00:00 | >>> Warmup finished - starting simulation ...
 Realtime |   ETA    |  Sim.Time  | Progress | #Orders | #Bundles | Inv. | Distance | #Coll. |   Memory    
 00:00:00 |   n/a    | 0.00:00:00 |  0.00%   |    0    |    0     | 60%  |    0     |   0    | 144.72MB  
 00:00:00 | Cannot generate further orders - suspending generation for now
 00:00:00 | Cannot generate further orders - suspending generation for now
 00:00:01 | Cannot generate further orders - suspending generation for now
 00:00:01 | Cannot generate further orders - suspending generation for now
 00:00:01 | Cannot generate further orders - suspending generation for now
 00:00:01 | Cannot generate further orders - suspending generation for now
 00:00:01 | Cannot generate further orders - suspending generation for now
 00:00:01 | Cannot generate further orders - suspending generation for now
 00:00:01 | Cannot generate further orders - suspending generation for now
 00:00:01 | Cannot generate further orders - suspending generation for now
 00:00:01 | Cannot generate further orders - suspending generation for now
 00:00:01 | 00:00:00 | 0.00:30:00 | 100.00%  |   526   |    0     | 12%  |   4769   |   0    | 140.23MB  
 00:00:01 | >>> Simulation finished - writing results ...
 00:00:01 | >>> Results written
Simulation finished.
>>> Timings
StatTimingPathPlanningAverage: 0.00011668440721649492
StatTimingPathPlanningOverall: 0.09054710000000006
StatTimingPathPlanningCount: 776
StatTimingTaskAllocationAverage: 0.0023961268041237127
StatTimingTaskAllocationOverall: 0.4648486000000003
StatTimingTaskAllocationCount: 194
StatTimingItemStorageAverage: 1.1699363057324805E-06
StatTimingItemStorageOverall: 0.0009183999999999972
StatTimingItemStorageCount: 785
StatTimingPodStorageAverage: 0.001804398924731183
StatTimingPodStorageOverall: 0.16780910000000002
StatTimingPodStorageCount: 93
StatTimingReplenishmentBatchingAverage: 1.19E-05
StatTimingReplenishmentBatchingOverall: 2.38E-05
StatTimingReplenishmentBatchingCount: 2
StatTimingOrderBatchingAverage: 0.00011214478672985776
StatTimingOrderBatchingOverall: 0.09465019999999995
StatTimingOrderBatchingCount: 844
>>> Overall
StatOverallBundlesPlaced: 0
StatOverallItemsOrdered: 652
StatOverallOrdersPlaced: 425
StatOverallBundlesRejected: 0
StatOverallOrdersRejected: 0
StatOverallBundlesHandled: 0
StatOverallItemsHandled: 805
StatOverallLinesHandled: 766
StatOverallOrdersHandled: 526
StatOverallCollisions: 0
StatOverallDistanceTraveled: 4769.070860652765
StatOverallDistanceEstimated: 4616
StatOverallAssignedTasks: 194
StatMaxMemoryUsed: 145,0703125
StatRealTimeUsed: 1.2649161
StatAverageTurnoverTime: 460.875073946385
StatMedianTurnoverTime: 306.61935065303146
StatLowerQuartileTurnoverTime: 116.20240980504802
StatUpperQuartileTurnoverTime: 650.1557431383808
StatAverageThroughputTime: 86.40038297117079
StatMedianThroughputTime: 25.15222222222218
StatLowerQuartileThroughputTime: 14.976111111111209
StatUpperQuartileThroughputTime: 73.14722222222213

Marked tag finished after 1 tries!
.Fin. - SUCCESS
<<< Welcome to the RAWSimO CLI >>>
The time is: 06/13/2024 09:50:36
Starting RAWSimO wrapper with the following arguments:
Instance: ..\..\..\..\Material\Instances\0.Weighted30min Demand separate\Dc\Weighted2.xinst
Setting: ..\..\..\..\Material\Instances\0.Weighted30min Demand separate\Dc\Weighted2.xsett
ControlConfig: ..\..\..\..\Material\Instances\0.Weighted30min Demand separate\Dc\Weighted2.xconf
StatisticsDir: ..\..\..\..\Material\Instances\0.Weighted30min Demand separate\Dc
Seed: 3
Additionally the following tag was passed: 1, 2.4696, 0.48599999999999993, 0.194, 0.143, 0.4
Adding handler for unhandled exceptions ...
Initializing ... 
Instance recognized!
Parsing setting config ...
Parsing control config ...
Parsing instance ...
StatisticsFolder: Weighted2-Dc_[[1, 2.4696, 0.48599999999999993]]_3_[0.194, 0.143, 0.4].csv-3
Done!
