Executing ... 
 13:46:57 | >>> Warming up ...
 00:00:00 | >>> Warmup finished - starting simulation ...
 Realtime |   ETA    |  Sim.Time  | Progress | #Orders | #Bundles | Inv. | Distance | #Coll. |   Memory    
 00:00:00 |   n/a    | 0.00:00:00 |  0.00%   |    0    |    0     | 60%  |    0     |   0    |  91.64MB  
 00:00:00 | Cannot generate further orders - suspending generation for now
 00:00:00 | Cannot generate further orders - suspending generation for now
 00:00:00 | Cannot generate further orders - suspending generation for now
 00:00:00 | Cannot generate further orders - suspending generation for now
 00:00:00 | Cannot generate further orders - suspending generation for now
 00:00:00 | Cannot generate further orders - suspending generation for now
 00:00:00 | Cannot generate further orders - suspending generation for now
 00:00:00 | Cannot generate further orders - suspending generation for now
 00:00:00 | Cannot generate further orders - suspending generation for now
 00:00:00 | Cannot generate further orders - suspending generation for now
 00:00:00 | Cannot generate further orders - suspending generation for now
 00:00:00 | Cannot generate further orders - suspending generation for now
 00:00:00 | Cannot generate further orders - suspending generation for now
 00:00:00 | Cannot generate further orders - suspending generation for now
 00:00:00 | Cannot generate further orders - suspending generation for now
 00:00:00 | Pausing order generation due to inventory level (currently at: 0.08928571428571429)
 00:00:01 | 00:00:00 | 0.00:30:00 | 100.00%  |   545   |    0     |  9%  |   4636   |   0    |  64.48MB  
 00:00:01 | >>> Simulation finished - writing results ...
 00:00:01 | >>> Results written
Simulation finished.
>>> Timings
StatTimingPathPlanningAverage: 9.697550744248984E-05
StatTimingPathPlanningOverall: 0.07166489999999999
StatTimingPathPlanningCount: 739
StatTimingTaskAllocationAverage: 0.001976235078534032
StatTimingTaskAllocationOverall: 0.3774609000000001
StatTimingTaskAllocationCount: 191
StatTimingItemStorageAverage: 9.491885143570553E-07
StatTimingItemStorageOverall: 0.0007603000000000013
StatTimingItemStorageCount: 801
StatTimingPodStorageAverage: 0.0018732560439560432
StatTimingPodStorageOverall: 0.17046629999999993
StatTimingPodStorageCount: 91
StatTimingReplenishmentBatchingAverage: 1.585E-05
StatTimingReplenishmentBatchingOverall: 3.17E-05
StatTimingReplenishmentBatchingCount: 2
StatTimingOrderBatchingAverage: 8.914687915006646E-05
StatTimingOrderBatchingOverall: 0.06712760000000004
StatTimingOrderBatchingCount: 753
>>> Overall
StatOverallBundlesPlaced: 0
StatOverallItemsOrdered: 608
StatOverallOrdersPlaced: 396
StatOverallBundlesRejected: 0
StatOverallOrdersRejected: 0
StatOverallBundlesHandled: 0
StatOverallItemsHandled: 858
StatOverallLinesHandled: 818
StatOverallOrdersHandled: 545
StatOverallCollisions: 0
StatOverallDistanceTraveled: 4636.435143684233
StatOverallDistanceEstimated: 4562
StatOverallAssignedTasks: 191
StatMaxMemoryUsed: 91,5703125
StatRealTimeUsed: 1.0014512
StatAverageTurnoverTime: 463.35204168382387
StatMedianTurnoverTime: 332.8790764717151
StatLowerQuartileTurnoverTime: 117.89444444444453
StatUpperQuartileTurnoverTime: 678.1955627484772
StatAverageThroughputTime: 88.89386022350259
StatMedianThroughputTime: 34.39120490252395
StatLowerQuartileThroughputTime: 21.515555555555466
StatUpperQuartileThroughputTime: 87.19731601363503

Marked tag finished after 1 tries!
.Fin. - SUCCESS
<<< Welcome to the RAWSimO CLI >>>
The time is: 06/07/2024 13:46:58
Starting RAWSimO wrapper with the following arguments:
Instance: ..\..\..\..\Material\Instances\0.Weighted30min Demand separate\De\Weighted2.xinst
Setting: ..\..\..\..\Material\Instances\0.Weighted30min Demand separate\De\Weighted2.xsett
ControlConfig: ..\..\..\..\Material\Instances\0.Weighted30min Demand separate\De\Weighted2.xconf
StatisticsDir: ..\..\..\..\Material\Instances\0.Weighted30min Demand separate\De
Seed: 1
Additionally the following tag was passed: [[1, 4.186, 0.698]]
Adding handler for unhandled exceptions ...
Initializing ... 
Instance recognized!
Parsing setting config ...
Parsing control config ...
Parsing instance ...
StatisticsFolder: Weighted2-De_[[1, 4.186, 0.698]]_1.csv-1
Done!
