Executing ... 
 19:21:02 | >>> Warming up ...
 00:00:00 | >>> Warmup finished - starting simulation ...
 Realtime |   ETA    |  Sim.Time  | Progress | #Orders | #Bundles | Inv. | Distance | #Coll. |   Memory    
 00:00:00 |   n/a    | 0.00:00:00 |  0.00%   |    0    |    0     | 60%  |    0     |   0    | 110.98MB  
 00:00:00 | Cannot generate further orders - suspending generation for now
 00:00:00 | Cannot generate further orders - suspending generation for now
 00:00:00 | Cannot generate further orders - suspending generation for now
 00:00:00 | Cannot generate further orders - suspending generation for now
 00:00:00 | Cannot generate further orders - suspending generation for now
 00:00:00 | Cannot generate further orders - suspending generation for now
 00:00:00 | Cannot generate further orders - suspending generation for now
 00:00:00 | Cannot generate further orders - suspending generation for now
 00:00:00 | Cannot generate further orders - suspending generation for now
 00:00:00 | 00:00:00 | 0.00:30:00 | 100.00%  |   478   |    0     | 16%  |   5046   |   0    | 108.50MB  
 00:00:00 | >>> Simulation finished - writing results ...
 00:00:00 | >>> Results written
Simulation finished.
>>> Timings
StatTimingPathPlanningAverage: 8.912642857142858E-05
StatTimingPathPlanningOverall: 0.07486620000000001
StatTimingPathPlanningCount: 840
StatTimingTaskAllocationAverage: 0.0017048555023923444
StatTimingTaskAllocationOverall: 0.3563148
StatTimingTaskAllocationCount: 209
StatTimingItemStorageAverage: 8.819580419580449E-07
StatTimingItemStorageOverall: 0.0006306000000000021
StatTimingItemStorageCount: 715
StatTimingPodStorageAverage: 0.001439939603960396
StatTimingPodStorageOverall: 0.14543389999999998
StatTimingPodStorageCount: 101
StatTimingReplenishmentBatchingAverage: 7.4E-06
StatTimingReplenishmentBatchingOverall: 1.48E-05
StatTimingReplenishmentBatchingCount: 2
StatTimingOrderBatchingAverage: 7.602670886075954E-05
StatTimingOrderBatchingOverall: 0.06006110000000004
StatTimingOrderBatchingCount: 790
>>> Overall
StatOverallBundlesPlaced: 0
StatOverallItemsOrdered: 642
StatOverallOrdersPlaced: 415
StatOverallBundlesRejected: 0
StatOverallOrdersRejected: 0
StatOverallBundlesHandled: 0
StatOverallItemsHandled: 732
StatOverallLinesHandled: 692
StatOverallOrdersHandled: 478
StatOverallCollisions: 0
StatOverallDistanceTraveled: 5046.260328516945
StatOverallDistanceEstimated: 4926
StatOverallAssignedTasks: 209
StatMaxMemoryUsed: 110,9765625
StatRealTimeUsed: 0.9075673
StatAverageTurnoverTime: 460.7387045022123
StatMedianTurnoverTime: 337.7372294151434
StatLowerQuartileTurnoverTime: 174.4872438009865
StatUpperQuartileTurnoverTime: 621.3100937914156
StatAverageThroughputTime: 87.81386556192675
StatMedianThroughputTime: 24.04194804090531
StatLowerQuartileThroughputTime: 14.96388888888896
StatUpperQuartileThroughputTime: 81.3590764717147

Marked tag finished after 1 tries!
.Fin. - SUCCESS
<<< Welcome to the RAWSimO CLI >>>
The time is: 06/25/2024 19:21:03
Starting RAWSimO wrapper with the following arguments:
Instance: ..\..\..\..\Material\Instances\10.Weighted30min Demand Gall\Dp\Weighted2.xinst
Setting: ..\..\..\..\Material\Instances\10.Weighted30min Demand Gall\Dp\Weighted2.xsett
ControlConfig: ..\..\..\..\Material\Instances\10.Weighted30min Demand Gall\Dp\Weighted2.xconf
StatisticsDir: ..\..\..\..\Material\Instances\10.Weighted30min Demand Gall\Dp
Seed: 3
Additionally the following tag was passed: 1, 0.37, 1.0, 0.158, 0.427, 1.0
Adding handler for unhandled exceptions ...
Initializing ... 
Instance recognized!
Parsing setting config ...
Parsing control config ...
Parsing instance ...
StatisticsFolder: Weighted2-Dp_[[1, 0.37, 1.0]]_1_[0.158, 0.427, 1.0].csv-3
Done!
