Executing ... 
 14:01:46 | >>> Warming up ...
 00:00:00 | >>> Warmup finished - starting simulation ...
 Realtime |   ETA    |  Sim.Time  | Progress | #Orders | #Bundles | Inv. | Distance | #Coll. |   Memory    
 00:00:00 |   n/a    | 0.00:00:00 |  0.00%   |    0    |    0     | 60%  |    0     |   0    |  95.80MB  
 00:00:00 | Cannot generate further orders - suspending generation for now
 00:00:00 | Cannot generate further orders - suspending generation for now
 00:00:00 | Cannot generate further orders - suspending generation for now
 00:00:00 | Cannot generate further orders - suspending generation for now
 00:00:00 | Cannot generate further orders - suspending generation for now
 00:00:00 | Cannot generate further orders - suspending generation for now
 00:00:00 | Cannot generate further orders - suspending generation for now
 00:00:00 | Cannot generate further orders - suspending generation for now
 00:00:00 | Cannot generate further orders - suspending generation for now
 00:00:00 | Cannot generate further orders - suspending generation for now
 00:00:00 | Cannot generate further orders - suspending generation for now
 00:00:00 | Cannot generate further orders - suspending generation for now
 00:00:00 | Cannot generate further orders - suspending generation for now
 00:00:00 | 00:00:00 | 0.00:30:00 | 100.00%  |   526   |    0     | 11%  |   4807   |   0    |  99.20MB  
 00:00:00 | >>> Simulation finished - writing results ...
 00:00:01 | >>> Results written
Simulation finished.
>>> Timings
StatTimingPathPlanningAverage: 8.48376146788991E-05
StatTimingPathPlanningOverall: 0.06473110000000001
StatTimingPathPlanningCount: 763
StatTimingTaskAllocationAverage: 0.001705251231527094
StatTimingTaskAllocationOverall: 0.3461660000000001
StatTimingTaskAllocationCount: 203
StatTimingItemStorageAverage: 9.206982543640925E-07
StatTimingItemStorageOverall: 0.0007384000000000022
StatTimingItemStorageCount: 802
StatTimingPodStorageAverage: 0.0016171288659793824
StatTimingPodStorageOverall: 0.1568615000000001
StatTimingPodStorageCount: 97
StatTimingReplenishmentBatchingAverage: 7.75E-06
StatTimingReplenishmentBatchingOverall: 1.55E-05
StatTimingReplenishmentBatchingCount: 2
StatTimingOrderBatchingAverage: 7.785510948905119E-05
StatTimingOrderBatchingOverall: 0.06399690000000008
StatTimingOrderBatchingCount: 822
>>> Overall
StatOverallBundlesPlaced: 0
StatOverallItemsOrdered: 638
StatOverallOrdersPlaced: 407
StatOverallBundlesRejected: 0
StatOverallOrdersRejected: 0
StatOverallBundlesHandled: 0
StatOverallItemsHandled: 821
StatOverallLinesHandled: 782
StatOverallOrdersHandled: 526
StatOverallCollisions: 0
StatOverallDistanceTraveled: 4806.806398932479
StatOverallDistanceEstimated: 4803
StatOverallAssignedTasks: 203
StatMaxMemoryUsed: 101,5078125
StatRealTimeUsed: 0.9723954
StatAverageTurnoverTime: 477.74691665317425
StatMedianTurnoverTime: 318.0249999999999
StatLowerQuartileTurnoverTime: 111.05453823585742
StatUpperQuartileTurnoverTime: 722.5468470565705
StatAverageThroughputTime: 88.75745932987586
StatMedianThroughputTime: 25.38222222222231
StatLowerQuartileThroughputTime: 16.13768398636506
StatUpperQuartileThroughputTime: 69.86435065303161

Marked tag finished after 1 tries!
.Fin. - SUCCESS
<<< Welcome to the RAWSimO CLI >>>
The time is: 06/07/2024 14:01:47
Starting RAWSimO wrapper with the following arguments:
Instance: ..\..\..\..\Material\Instances\0.Weighted30min Demand separate\Dc\Weighted2.xinst
Setting: ..\..\..\..\Material\Instances\0.Weighted30min Demand separate\Dc\Weighted2.xsett
ControlConfig: ..\..\..\..\Material\Instances\0.Weighted30min Demand separate\Dc\Weighted2.xconf
StatisticsDir: ..\..\..\..\Material\Instances\0.Weighted30min Demand separate\Dc
Seed: 2
Additionally the following tag was passed: [[1, 6.087, 2.609]]
Adding handler for unhandled exceptions ...
Initializing ... 
Instance recognized!
Parsing setting config ...
Parsing control config ...
Parsing instance ...
StatisticsFolder: Weighted2-Dc_[[1, 6.087, 2.609]]_1.csv-2
Done!
