Executing ... 
 19:27:56 | >>> Warming up ...
 00:00:00 | >>> Warmup finished - starting simulation ...
 Realtime |   ETA    |  Sim.Time  | Progress | #Orders | #Bundles | Inv. | Distance | #Coll. |   Memory    
 00:00:00 |   n/a    | 0.00:00:00 |  0.00%   |    0    |    0     | 60%  |    0     |   0    |  89.20MB  
 00:00:00 | Cannot generate further orders - suspending generation for now
 00:00:00 | Cannot generate further orders - suspending generation for now
 00:00:00 | Cannot generate further orders - suspending generation for now
 00:00:00 | Cannot generate further orders - suspending generation for now
 00:00:00 | Cannot generate further orders - suspending generation for now
 00:00:00 | Cannot generate further orders - suspending generation for now
 00:00:00 | Cannot generate further orders - suspending generation for now
 00:00:00 | Cannot generate further orders - suspending generation for now
 00:00:00 | Cannot generate further orders - suspending generation for now
 00:00:00 | 00:00:00 | 0.00:30:00 | 100.00%  |   480   |    0     | 16%  |   4977   |   0    |  90.69MB  
 00:00:00 | >>> Simulation finished - writing results ...
 00:00:00 | >>> Results written
Simulation finished.
>>> Timings
StatTimingPathPlanningAverage: 8.420706401766009E-05
StatTimingPathPlanningOverall: 0.07629160000000004
StatTimingPathPlanningCount: 906
StatTimingTaskAllocationAverage: 0.0016136221153846145
StatTimingTaskAllocationOverall: 0.3356333999999998
StatTimingTaskAllocationCount: 208
StatTimingItemStorageAverage: 9.172366621067056E-07
StatTimingItemStorageOverall: 0.0006705000000000018
StatTimingItemStorageCount: 731
StatTimingPodStorageAverage: 0.001406740594059406
StatTimingPodStorageOverall: 0.1420808
StatTimingPodStorageCount: 101
StatTimingReplenishmentBatchingAverage: 7.75E-06
StatTimingReplenishmentBatchingOverall: 1.55E-05
StatTimingReplenishmentBatchingCount: 2
StatTimingOrderBatchingAverage: 7.613712499999994E-05
StatTimingOrderBatchingOverall: 0.06090969999999995
StatTimingOrderBatchingCount: 800
>>> Overall
StatOverallBundlesPlaced: 0
StatOverallItemsOrdered: 663
StatOverallOrdersPlaced: 414
StatOverallBundlesRejected: 0
StatOverallOrdersRejected: 0
StatOverallBundlesHandled: 0
StatOverallItemsHandled: 736
StatOverallLinesHandled: 695
StatOverallOrdersHandled: 480
StatOverallCollisions: 0
StatOverallDistanceTraveled: 4976.93190097253
StatOverallDistanceEstimated: 4866
StatOverallAssignedTasks: 208
StatMaxMemoryUsed: 93,03515625
StatRealTimeUsed: 0.8896324
StatAverageTurnoverTime: 463.9280155072972
StatMedianTurnoverTime: 327.6592568616187
StatLowerQuartileTurnoverTime: 170.87722222222226
StatUpperQuartileTurnoverTime: 696.7527777777791
StatAverageThroughputTime: 90.6358612010227
StatMedianThroughputTime: 21.512316013635086
StatLowerQuartileThroughputTime: 13.146666666666647
StatUpperQuartileThroughputTime: 81.47000000000025

Marked tag finished after 1 tries!
.Fin. - SUCCESS
<<< Welcome to the RAWSimO CLI >>>
The time is: 06/25/2024 19:27:57
Starting RAWSimO wrapper with the following arguments:
Instance: ..\..\..\..\Material\Instances\10.Weighted30min Demand Gall\Dr\Weighted2.xinst
Setting: ..\..\..\..\Material\Instances\10.Weighted30min Demand Gall\Dr\Weighted2.xsett
ControlConfig: ..\..\..\..\Material\Instances\10.Weighted30min Demand Gall\Dr\Weighted2.xconf
StatisticsDir: ..\..\..\..\Material\Instances\10.Weighted30min Demand Gall\Dr
Seed: 4
Additionally the following tag was passed: 1, 1.4554545454545456, 1.0, 0.215, 0.148, 1.0
Adding handler for unhandled exceptions ...
Initializing ... 
Instance recognized!
Parsing setting config ...
Parsing control config ...
Parsing instance ...
StatisticsFolder: Weighted2-Dr_[[1, 1.4554545454545456, 1.0]]_2_[0.215, 0.148, 1.0].csv-4
Done!
