Executing ... 
 10:01:07 | >>> Warming up ...
 00:00:00 | >>> Warmup finished - starting simulation ...
 Realtime |   ETA    |  Sim.Time  | Progress | #Orders | #Bundles | Inv. | Distance | #Coll. |   Memory    
 00:00:00 |   n/a    | 0.00:00:00 |  0.00%   |    0    |    0     | 60%  |    0     |   0    |  73.27MB  
 00:00:00 | Cannot generate further orders - suspending generation for now
 00:00:00 | Cannot generate further orders - suspending generation for now
 00:00:00 | Cannot generate further orders - suspending generation for now
 00:00:00 | Cannot generate further orders - suspending generation for now
 00:00:00 | Cannot generate further orders - suspending generation for now
 00:00:01 | Cannot generate further orders - suspending generation for now
 00:00:01 | Cannot generate further orders - suspending generation for now
 00:00:01 | Cannot generate further orders - suspending generation for now
 00:00:01 | Cannot generate further orders - suspending generation for now
 00:00:01 | Cannot generate further orders - suspending generation for now
 00:00:01 | Cannot generate further orders - suspending generation for now
 00:00:01 | 00:00:00 | 0.00:30:00 | 100.00%  |   480   |    0     | 15%  |   5005   |   0    |  74.93MB  
 00:00:01 | >>> Simulation finished - writing results ...
 00:00:01 | >>> Results written
Simulation finished.
>>> Timings
StatTimingPathPlanningAverage: 9.634059775840595E-05
StatTimingPathPlanningOverall: 0.07736149999999999
StatTimingPathPlanningCount: 803
StatTimingTaskAllocationAverage: 0.0020656495145631067
StatTimingTaskAllocationOverall: 0.4255238
StatTimingTaskAllocationCount: 206
StatTimingItemStorageAverage: 1.2079276773296252E-06
StatTimingItemStorageOverall: 0.0008685000000000006
StatTimingItemStorageCount: 719
StatTimingPodStorageAverage: 0.001718692857142858
StatTimingPodStorageOverall: 0.16843190000000008
StatTimingPodStorageCount: 98
StatTimingReplenishmentBatchingAverage: 8E-06
StatTimingReplenishmentBatchingOverall: 1.6E-05
StatTimingReplenishmentBatchingCount: 2
StatTimingOrderBatchingAverage: 0.0001153279279279278
StatTimingOrderBatchingOverall: 0.0896097999999999
StatTimingOrderBatchingCount: 777
>>> Overall
StatOverallBundlesPlaced: 0
StatOverallItemsOrdered: 667
StatOverallOrdersPlaced: 417
StatOverallBundlesRejected: 0
StatOverallOrdersRejected: 0
StatOverallBundlesHandled: 0
StatOverallItemsHandled: 741
StatOverallLinesHandled: 703
StatOverallOrdersHandled: 480
StatOverallCollisions: 0
StatOverallDistanceTraveled: 5005.005698446306
StatOverallDistanceEstimated: 4852
StatOverallAssignedTasks: 206
StatMaxMemoryUsed: 75,39453125
StatRealTimeUsed: 1.153273
StatAverageTurnoverTime: 439.6587538391787
StatMedianTurnoverTime: 320.25204183231904
StatLowerQuartileTurnoverTime: 142.29777777777778
StatUpperQuartileTurnoverTime: 580.7321356237321
StatAverageThroughputTime: 103.0252324117485
StatMedianThroughputTime: 27.105649346968164
StatLowerQuartileThroughputTime: 15.777222222222179
StatUpperQuartileThroughputTime: 94.19509379141357

Marked tag finished after 1 tries!
.Fin. - SUCCESS
<<< Welcome to the RAWSimO CLI >>>
The time is: 06/13/2024 10:01:09
Starting RAWSimO wrapper with the following arguments:
Instance: ..\..\..\..\Material\Instances\0.Weighted30min Demand separate\Df\Weighted2.xinst
Setting: ..\..\..\..\Material\Instances\0.Weighted30min Demand separate\Df\Weighted2.xsett
ControlConfig: ..\..\..\..\Material\Instances\0.Weighted30min Demand separate\Df\Weighted2.xconf
StatisticsDir: ..\..\..\..\Material\Instances\0.Weighted30min Demand separate\Df
Seed: 1
Additionally the following tag was passed: 1, 0.14666666666666667, 0.068, 0.14, 0.962, 1.0
Adding handler for unhandled exceptions ...
Initializing ... 
Instance recognized!
Parsing setting config ...
Parsing control config ...
Parsing instance ...
StatisticsFolder: Weighted2-Df_[[1, 0.14666666666666667, 0.068]]_1_[0.14, 0.962, 1.0].csv-1
Done!
