Executing ... 
 19:59:49 | >>> Warming up ...
 00:00:00 | >>> Warmup finished - starting simulation ...
 Realtime |   ETA    |  Sim.Time  | Progress | #Orders | #Bundles | Inv. | Distance | #Coll. |   Memory    
 00:00:00 |   n/a    | 0.00:00:00 |  0.00%   |    0    |    0     | 60%  |    0     |   0    |  93.50MB  
 00:00:00 | Cannot generate further orders - suspending generation for now
 00:00:00 | Cannot generate further orders - suspending generation for now
 00:00:00 | Cannot generate further orders - suspending generation for now
 00:00:00 | Cannot generate further orders - suspending generation for now
 00:00:00 | Cannot generate further orders - suspending generation for now
 00:00:01 | Cannot generate further orders - suspending generation for now
 00:00:01 | Cannot generate further orders - suspending generation for now
 00:00:01 | Cannot generate further orders - suspending generation for now
 00:00:01 | Cannot generate further orders - suspending generation for now
 00:00:01 | Cannot generate further orders - suspending generation for now
 00:00:01 | Cannot generate further orders - suspending generation for now
 00:00:01 | 00:00:00 | 0.00:30:00 | 100.00%  |   517   |    0     | 12%  |   4906   |   0    |  95.09MB  
 00:00:01 | >>> Simulation finished - writing results ...
 00:00:01 | >>> Results written
Simulation finished.
>>> Timings
StatTimingPathPlanningAverage: 0.00011481347607052884
StatTimingPathPlanningOverall: 0.09116189999999989
StatTimingPathPlanningCount: 794
StatTimingTaskAllocationAverage: 0.0019863590243902446
StatTimingTaskAllocationOverall: 0.4072036000000001
StatTimingTaskAllocationCount: 205
StatTimingItemStorageAverage: 1.1511169513797656E-06
StatTimingItemStorageOverall: 0.0008760000000000016
StatTimingItemStorageCount: 761
StatTimingPodStorageAverage: 0.0016105704081632662
StatTimingPodStorageOverall: 0.15783590000000008
StatTimingPodStorageCount: 98
StatTimingReplenishmentBatchingAverage: 9.7E-06
StatTimingReplenishmentBatchingOverall: 1.94E-05
StatTimingReplenishmentBatchingCount: 2
StatTimingOrderBatchingAverage: 9.969467162329621E-05
StatTimingOrderBatchingOverall: 0.08045360000000004
StatTimingOrderBatchingCount: 807
>>> Overall
StatOverallBundlesPlaced: 0
StatOverallItemsOrdered: 667
StatOverallOrdersPlaced: 425
StatOverallBundlesRejected: 0
StatOverallOrdersRejected: 0
StatOverallBundlesHandled: 0
StatOverallItemsHandled: 803
StatOverallLinesHandled: 761
StatOverallOrdersHandled: 517
StatOverallCollisions: 0
StatOverallDistanceTraveled: 4905.651256635793
StatOverallDistanceEstimated: 4781
StatOverallAssignedTasks: 205
StatMaxMemoryUsed: 98,546875
StatRealTimeUsed: 1.1263953
StatAverageTurnoverTime: 456.66835918229515
StatMedianTurnoverTime: 370.7464790838409
StatLowerQuartileTurnoverTime: 174.28342712474645
StatUpperQuartileTurnoverTime: 632.8341702631328
StatAverageThroughputTime: 94.87521637869469
StatMedianThroughputTime: 24.945555555555984
StatLowerQuartileThroughputTime: 13.00666666666666
StatUpperQuartileThroughputTime: 85.9218542494923

Marked tag finished after 1 tries!
.Fin. - SUCCESS
<<< Welcome to the RAWSimO CLI >>>
The time is: 06/11/2024 19:59:50
Starting RAWSimO wrapper with the following arguments:
Instance: ..\..\..\..\Material\Instances\0.Weighted30min Demand separate\Df\Weighted2.xinst
Setting: ..\..\..\..\Material\Instances\0.Weighted30min Demand separate\Df\Weighted2.xsett
ControlConfig: ..\..\..\..\Material\Instances\0.Weighted30min Demand separate\Df\Weighted2.xconf
StatisticsDir: ..\..\..\..\Material\Instances\0.Weighted30min Demand separate\Df
Seed: 2
Additionally the following tag was passed: [[1, 0.2154285714285714, 0.068]]
Adding handler for unhandled exceptions ...
Initializing ... 
Instance recognized!
Parsing setting config ...
Parsing control config ...
Parsing instance ...
StatisticsFolder: Weighted2-Df_[[1, 0.2154285714285714, 0.068]]_2.csv-2
Done!
