Executing ... 
 14:00:57 | >>> Warming up ...
 00:00:00 | >>> Warmup finished - starting simulation ...
 Realtime |   ETA    |  Sim.Time  | Progress | #Orders | #Bundles | Inv. | Distance | #Coll. |   Memory    
 00:00:00 |   n/a    | 0.00:00:00 |  0.00%   |    0    |    0     | 60%  |    0     |   0    |  94.52MB  
 00:00:00 | Cannot generate further orders - suspending generation for now
 00:00:00 | Cannot generate further orders - suspending generation for now
 00:00:00 | Cannot generate further orders - suspending generation for now
 00:00:00 | Cannot generate further orders - suspending generation for now
 00:00:00 | Cannot generate further orders - suspending generation for now
 00:00:00 | Cannot generate further orders - suspending generation for now
 00:00:00 | 00:00:00 | 0.00:30:00 | 100.00%  |   451   |    0     | 19%  |   5284   |   0    |  97.46MB  
 00:00:00 | >>> Simulation finished - writing results ...
 00:00:01 | >>> Results written
Simulation finished.
>>> Timings
StatTimingPathPlanningAverage: 8.845853379152351E-05
StatTimingPathPlanningOverall: 0.07722430000000002
StatTimingPathPlanningCount: 873
StatTimingTaskAllocationAverage: 0.0015619171296296292
StatTimingTaskAllocationOverall: 0.3373740999999999
StatTimingTaskAllocationCount: 216
StatTimingItemStorageAverage: 1.0104321907600621E-06
StatTimingItemStorageOverall: 0.0006780000000000017
StatTimingItemStorageCount: 671
StatTimingPodStorageAverage: 0.0014220375000000003
StatTimingPodStorageOverall: 0.14789190000000002
StatTimingPodStorageCount: 104
StatTimingReplenishmentBatchingAverage: 9.05E-06
StatTimingReplenishmentBatchingOverall: 1.81E-05
StatTimingReplenishmentBatchingCount: 2
StatTimingOrderBatchingAverage: 9.236927152317881E-05
StatTimingOrderBatchingOverall: 0.0697388
StatTimingOrderBatchingCount: 755
>>> Overall
StatOverallBundlesPlaced: 0
StatOverallItemsOrdered: 647
StatOverallOrdersPlaced: 418
StatOverallBundlesRejected: 0
StatOverallOrdersRejected: 0
StatOverallBundlesHandled: 0
StatOverallItemsHandled: 688
StatOverallLinesHandled: 652
StatOverallOrdersHandled: 451
StatOverallCollisions: 0
StatOverallDistanceTraveled: 5284.222796198078
StatOverallDistanceEstimated: 5099
StatOverallAssignedTasks: 216
StatMaxMemoryUsed: 99,921875
StatRealTimeUsed: 0.9786881
StatAverageTurnoverTime: 494.82462630006285
StatMedianTurnoverTime: 328.9137084989848
StatLowerQuartileTurnoverTime: 144.8109307212094
StatUpperQuartileTurnoverTime: 763.5825973878735
StatAverageThroughputTime: 101.22701597042442
StatMedianThroughputTime: 21.114632027271
StatLowerQuartileThroughputTime: 12.761666666666684
StatUpperQuartileThroughputTime: 79.74000000000008

Marked tag finished after 1 tries!
.Fin. - SUCCESS
<<< Welcome to the RAWSimO CLI >>>
The time is: 06/07/2024 14:00:58
Starting RAWSimO wrapper with the following arguments:
Instance: ..\..\..\..\Material\Instances\0.Weighted30min Demand separate\Dc\Weighted2.xinst
Setting: ..\..\..\..\Material\Instances\0.Weighted30min Demand separate\Dc\Weighted2.xsett
ControlConfig: ..\..\..\..\Material\Instances\0.Weighted30min Demand separate\Dc\Weighted2.xconf
StatisticsDir: ..\..\..\..\Material\Instances\0.Weighted30min Demand separate\Dc
Seed: 1
Additionally the following tag was passed: wmin
Adding handler for unhandled exceptions ...
Initializing ... 
Instance recognized!
Parsing setting config ...
Parsing control config ...
Parsing instance ...
StatisticsFolder: Weighted2-Dc_wmin_1.csv-1
Done!
