Executing ... 
 09:43:29 | >>> Warming up ...
 00:00:00 | >>> Warmup finished - starting simulation ...
 Realtime |   ETA    |  Sim.Time  | Progress | #Orders | #Bundles | Inv. | Distance | #Coll. |   Memory    
 00:00:00 |   n/a    | 0.00:00:00 |  0.00%   |    0    |    0     | 60%  |    0     |   0    | 105.17MB  
 00:00:01 | Cannot generate further orders - suspending generation for now
 00:00:01 | Cannot generate further orders - suspending generation for now
 00:00:01 | Cannot generate further orders - suspending generation for now
 00:00:01 | Cannot generate further orders - suspending generation for now
 00:00:01 | Cannot generate further orders - suspending generation for now
 00:00:01 | Cannot generate further orders - suspending generation for now
 00:00:01 | Cannot generate further orders - suspending generation for now
 00:00:01 | Cannot generate further orders - suspending generation for now
 00:00:01 | 00:00:00 | 0.00:30:00 | 100.00%  |   474   |    0     | 18%  |   5092   |   0    |  70.08MB  
 00:00:01 | >>> Simulation finished - writing results ...
 00:00:01 | >>> Results written
Simulation finished.
>>> Timings
StatTimingPathPlanningAverage: 0.00012711185860889404
StatTimingPathPlanningOverall: 0.11147710000000007
StatTimingPathPlanningCount: 877
StatTimingTaskAllocationAverage: 0.002188285844748859
StatTimingTaskAllocationOverall: 0.47923460000000007
StatTimingTaskAllocationCount: 219
StatTimingItemStorageAverage: 1.4287187039764369E-06
StatTimingItemStorageOverall: 0.0009701000000000006
StatTimingItemStorageCount: 679
StatTimingPodStorageAverage: 0.0019406857142857136
StatTimingPodStorageOverall: 0.20377199999999993
StatTimingPodStorageCount: 105
StatTimingReplenishmentBatchingAverage: 8.3E-06
StatTimingReplenishmentBatchingOverall: 1.66E-05
StatTimingReplenishmentBatchingCount: 2
StatTimingOrderBatchingAverage: 0.00013227809278350516
StatTimingOrderBatchingOverall: 0.1026478
StatTimingOrderBatchingCount: 776
>>> Overall
StatOverallBundlesPlaced: 0
StatOverallItemsOrdered: 660
StatOverallOrdersPlaced: 427
StatOverallBundlesRejected: 0
StatOverallOrdersRejected: 0
StatOverallBundlesHandled: 0
StatOverallItemsHandled: 703
StatOverallLinesHandled: 667
StatOverallOrdersHandled: 474
StatOverallCollisions: 0
StatOverallDistanceTraveled: 5091.752992483969
StatOverallDistanceEstimated: 4928
StatOverallAssignedTasks: 219
StatMaxMemoryUsed: 105,16796875
StatRealTimeUsed: 1.3477701
StatAverageTurnoverTime: 442.7138769112621
StatMedianTurnoverTime: 302.1137084989847
StatLowerQuartileTurnoverTime: 115.4477777777779
StatUpperQuartileTurnoverTime: 612.7444516373718
StatAverageThroughputTime: 89.32522744343142
StatMedianThroughputTime: 20.05749640353838
StatLowerQuartileThroughputTime: 12.642777777778065
StatUpperQuartileThroughputTime: 71.46231601363593

Marked tag finished after 1 tries!
.Fin. - SUCCESS
<<< Welcome to the RAWSimO CLI >>>
The time is: 06/13/2024 09:43:30
Starting RAWSimO wrapper with the following arguments:
Instance: ..\..\..\..\Material\Instances\0.Weighted30min Demand separate\Db\Weighted2.xinst
Setting: ..\..\..\..\Material\Instances\0.Weighted30min Demand separate\Db\Weighted2.xsett
ControlConfig: ..\..\..\..\Material\Instances\0.Weighted30min Demand separate\Db\Weighted2.xconf
StatisticsDir: ..\..\..\..\Material\Instances\0.Weighted30min Demand separate\Db
Seed: 3
Additionally the following tag was passed: 1, 0.3062, 0.549, 0.15, 0.49, 0.333
Adding handler for unhandled exceptions ...
Initializing ... 
Instance recognized!
Parsing setting config ...
Parsing control config ...
Parsing instance ...
StatisticsFolder: Weighted2-Db_[[1, 0.3062, 0.549]]_2_[0.15, 0.49, 0.333].csv-3
Done!
