Executing ... 
 19:26:40 | >>> Warming up ...
 00:00:00 | >>> Warmup finished - starting simulation ...
 Realtime |   ETA    |  Sim.Time  | Progress | #Orders | #Bundles | Inv. | Distance | #Coll. |   Memory    
 00:00:00 |   n/a    | 0.00:00:00 |  0.00%   |    0    |    0     | 60%  |    0     |   0    | 107.04MB  
 00:00:00 | Cannot generate further orders - suspending generation for now
 00:00:00 | Cannot generate further orders - suspending generation for now
 00:00:00 | Cannot generate further orders - suspending generation for now
 00:00:00 | Cannot generate further orders - suspending generation for now
 00:00:00 | Cannot generate further orders - suspending generation for now
 00:00:00 | Cannot generate further orders - suspending generation for now
 00:00:00 | Cannot generate further orders - suspending generation for now
 00:00:00 | Cannot generate further orders - suspending generation for now
 00:00:00 | Cannot generate further orders - suspending generation for now
 00:00:00 | Cannot generate further orders - suspending generation for now
 00:00:00 | 00:00:00 | 0.00:30:00 | 100.00%  |   478   |    0     | 15%  |   5083   |   0    | 104.54MB  
 00:00:00 | >>> Simulation finished - writing results ...
 00:00:00 | >>> Results written
Simulation finished.
>>> Timings
StatTimingPathPlanningAverage: 9.01840229885058E-05
StatTimingPathPlanningOverall: 0.07846010000000005
StatTimingPathPlanningCount: 870
StatTimingTaskAllocationAverage: 0.0016849849514563116
StatTimingTaskAllocationOverall: 0.34710690000000016
StatTimingTaskAllocationCount: 206
StatTimingItemStorageAverage: 8.834019204389609E-07
StatTimingItemStorageOverall: 0.0006440000000000025
StatTimingItemStorageCount: 729
StatTimingPodStorageAverage: 0.0015159510204081638
StatTimingPodStorageOverall: 0.14856320000000006
StatTimingPodStorageCount: 98
StatTimingReplenishmentBatchingAverage: 7.2E-06
StatTimingReplenishmentBatchingOverall: 1.44E-05
StatTimingReplenishmentBatchingCount: 2
StatTimingOrderBatchingAverage: 8.292007672634266E-05
StatTimingOrderBatchingOverall: 0.06484349999999996
StatTimingOrderBatchingCount: 782
>>> Overall
StatOverallBundlesPlaced: 0
StatOverallItemsOrdered: 655
StatOverallOrdersPlaced: 410
StatOverallBundlesRejected: 0
StatOverallOrdersRejected: 0
StatOverallBundlesHandled: 0
StatOverallItemsHandled: 751
StatOverallLinesHandled: 711
StatOverallOrdersHandled: 478
StatOverallCollisions: 0
StatOverallDistanceTraveled: 5083.334765473691
StatOverallDistanceEstimated: 4897
StatOverallAssignedTasks: 206
StatMaxMemoryUsed: 107,03515625
StatRealTimeUsed: 0.9104015
StatAverageTurnoverTime: 465.24858247560815
StatMedianTurnoverTime: 349.85953823585675
StatLowerQuartileTurnoverTime: 134.2006493469685
StatUpperQuartileTurnoverTime: 649.5589826803025
StatAverageThroughputTime: 87.87072086593533
StatMedianThroughputTime: 28.142777777777837
StatLowerQuartileThroughputTime: 18.300649346968612
StatUpperQuartileThroughputTime: 96.1171284308084

Marked tag finished after 1 tries!
.Fin. - SUCCESS
<<< Welcome to the RAWSimO CLI >>>
The time is: 06/25/2024 19:26:41
Starting RAWSimO wrapper with the following arguments:
Instance: ..\..\..\..\Material\Instances\10.Weighted30min Demand Gall\Dr\Weighted2.xinst
Setting: ..\..\..\..\Material\Instances\10.Weighted30min Demand Gall\Dr\Weighted2.xsett
ControlConfig: ..\..\..\..\Material\Instances\10.Weighted30min Demand Gall\Dr\Weighted2.xconf
StatisticsDir: ..\..\..\..\Material\Instances\10.Weighted30min Demand Gall\Dr
Seed: 4
Additionally the following tag was passed: 1, 0.8772727272727274, 1.0, 0.195, 0.219, 1.0
Adding handler for unhandled exceptions ...
Initializing ... 
Instance recognized!
Parsing setting config ...
Parsing control config ...
Parsing instance ...
StatisticsFolder: Weighted2-Dr_[[1, 0.8772727272727274, 1.0]]_3_[0.195, 0.219, 1.0].csv-4
Done!
