Executing ... 
 09:37:50 | >>> Warming up ...
 00:00:00 | >>> Warmup finished - starting simulation ...
 Realtime |   ETA    |  Sim.Time  | Progress | #Orders | #Bundles | Inv. | Distance | #Coll. |   Memory    
 00:00:00 |   n/a    | 0.00:00:00 |  0.00%   |    0    |    0     | 60%  |    0     |   0    |  79.98MB  
 00:00:00 | Cannot generate further orders - suspending generation for now
 00:00:00 | Cannot generate further orders - suspending generation for now
 00:00:00 | Cannot generate further orders - suspending generation for now
 00:00:01 | Cannot generate further orders - suspending generation for now
 00:00:01 | Cannot generate further orders - suspending generation for now
 00:00:01 | Cannot generate further orders - suspending generation for now
 00:00:01 | Cannot generate further orders - suspending generation for now
 00:00:01 | Cannot generate further orders - suspending generation for now
 00:00:01 | 00:00:00 | 0.00:30:00 | 100.00%  |   473   |    0     | 16%  |   5018   |   0    |  75.15MB  
 00:00:01 | >>> Simulation finished - writing results ...
 00:00:01 | >>> Results written
Simulation finished.
>>> Timings
StatTimingPathPlanningAverage: 9.68159509202454E-05
StatTimingPathPlanningOverall: 0.078905
StatTimingPathPlanningCount: 815
StatTimingTaskAllocationAverage: 0.0018090262135922323
StatTimingTaskAllocationOverall: 0.37265939999999986
StatTimingTaskAllocationCount: 206
StatTimingItemStorageAverage: 9.528219971056489E-07
StatTimingItemStorageOverall: 0.0006584000000000034
StatTimingItemStorageCount: 691
StatTimingPodStorageAverage: 0.0016443438775510198
StatTimingPodStorageOverall: 0.16114569999999995
StatTimingPodStorageCount: 98
StatTimingReplenishmentBatchingAverage: 7.850000000000001E-06
StatTimingReplenishmentBatchingOverall: 1.5700000000000002E-05
StatTimingReplenishmentBatchingCount: 2
StatTimingOrderBatchingAverage: 0.00012662771241830063
StatTimingOrderBatchingOverall: 0.09687019999999999
StatTimingOrderBatchingCount: 765
>>> Overall
StatOverallBundlesPlaced: 0
StatOverallItemsOrdered: 667
StatOverallOrdersPlaced: 422
StatOverallBundlesRejected: 0
StatOverallOrdersRejected: 0
StatOverallBundlesHandled: 0
StatOverallItemsHandled: 729
StatOverallLinesHandled: 690
StatOverallOrdersHandled: 473
StatOverallCollisions: 0
StatOverallDistanceTraveled: 5018.289145577428
StatOverallDistanceEstimated: 4852
StatOverallAssignedTasks: 206
StatMaxMemoryUsed: 78,54296875
StatRealTimeUsed: 1.1358838
StatAverageTurnoverTime: 451.94985261134633
StatMedianTurnoverTime: 273.2847258186865
StatLowerQuartileTurnoverTime: 98.55676045808127
StatUpperQuartileTurnoverTime: 676.7145454287785
StatAverageThroughputTime: 85.10602657373101
StatMedianThroughputTime: 20.883888888889032
StatLowerQuartileThroughputTime: 13.086111111111222
StatUpperQuartileThroughputTime: 71.76166666666643

Marked tag finished after 1 tries!
.Fin. - SUCCESS
<<< Welcome to the RAWSimO CLI >>>
The time is: 06/13/2024 09:37:51
Starting RAWSimO wrapper with the following arguments:
Instance: ..\..\..\..\Material\Instances\0.Weighted30min Demand separate\Da\Weighted2.xinst
Setting: ..\..\..\..\Material\Instances\0.Weighted30min Demand separate\Da\Weighted2.xsett
ControlConfig: ..\..\..\..\Material\Instances\0.Weighted30min Demand separate\Da\Weighted2.xconf
StatisticsDir: ..\..\..\..\Material\Instances\0.Weighted30min Demand separate\Da
Seed: 2
Additionally the following tag was passed: 1, 10.0, 0.38099999999999995, 0.162, 0.1, 0.425
Adding handler for unhandled exceptions ...
Initializing ... 
Instance recognized!
Parsing setting config ...
Parsing control config ...
Parsing instance ...
StatisticsFolder: Weighted2-Da_[[1, 10.0, 0.38099999999999995]]_2_[0.162, 0.1, 0.425].csv-2
Done!
