Executing ... 
 14:01:35 | >>> Warming up ...
 00:00:00 | >>> Warmup finished - starting simulation ...
 Realtime |   ETA    |  Sim.Time  | Progress | #Orders | #Bundles | Inv. | Distance | #Coll. |   Memory    
 00:00:00 |   n/a    | 0.00:00:00 |  0.00%   |    0    |    0     | 60%  |    0     |   0    | 102.34MB  
 00:00:00 | Cannot generate further orders - suspending generation for now
 00:00:00 | Cannot generate further orders - suspending generation for now
 00:00:00 | Cannot generate further orders - suspending generation for now
 00:00:00 | Cannot generate further orders - suspending generation for now
 00:00:00 | Cannot generate further orders - suspending generation for now
 00:00:00 | Cannot generate further orders - suspending generation for now
 00:00:00 | Cannot generate further orders - suspending generation for now
 00:00:00 | Cannot generate further orders - suspending generation for now
 00:00:00 | Cannot generate further orders - suspending generation for now
 00:00:01 | Cannot generate further orders - suspending generation for now
 00:00:01 | 00:00:00 | 0.00:30:00 | 100.00%  |   499   |    0     | 15%  |   4985   |   0    |  99.59MB  
 00:00:01 | >>> Simulation finished - writing results ...
 00:00:01 | >>> Results written
Simulation finished.
>>> Timings
StatTimingPathPlanningAverage: 0.00010109695193434931
StatTimingPathPlanningOverall: 0.08623569999999996
StatTimingPathPlanningCount: 853
StatTimingTaskAllocationAverage: 0.001845070351758794
StatTimingTaskAllocationOverall: 0.367169
StatTimingTaskAllocationCount: 199
StatTimingItemStorageAverage: 1.0162758620689682E-06
StatTimingItemStorageOverall: 0.000736800000000002
StatTimingItemStorageCount: 725
StatTimingPodStorageAverage: 0.0015761421052631586
StatTimingPodStorageOverall: 0.14973350000000007
StatTimingPodStorageCount: 95
StatTimingReplenishmentBatchingAverage: 8.45E-06
StatTimingReplenishmentBatchingOverall: 1.69E-05
StatTimingReplenishmentBatchingCount: 2
StatTimingOrderBatchingAverage: 8.906342072409496E-05
StatTimingOrderBatchingOverall: 0.07133980000000006
StatTimingOrderBatchingCount: 801
>>> Overall
StatOverallBundlesPlaced: 0
StatOverallItemsOrdered: 639
StatOverallOrdersPlaced: 414
StatOverallBundlesRejected: 0
StatOverallOrdersRejected: 0
StatOverallBundlesHandled: 0
StatOverallItemsHandled: 754
StatOverallLinesHandled: 715
StatOverallOrdersHandled: 499
StatOverallCollisions: 0
StatOverallDistanceTraveled: 4984.8854112719455
StatOverallDistanceEstimated: 4811
StatOverallAssignedTasks: 199
StatMaxMemoryUsed: 102,3359375
StatRealTimeUsed: 1.0207027
StatAverageTurnoverTime: 450.26187282041263
StatMedianTurnoverTime: 270.5083261404114
StatLowerQuartileTurnoverTime: 110.4261111111112
StatUpperQuartileTurnoverTime: 619.9988888888934
StatAverageThroughputTime: 85.67778179698504
StatMedianThroughputTime: 25.153333333333876
StatLowerQuartileThroughputTime: 16.058333333333337
StatUpperQuartileThroughputTime: 77.62379509747711

Marked tag finished after 1 tries!
.Fin. - SUCCESS
<<< Welcome to the RAWSimO CLI >>>
The time is: 06/07/2024 14:01:36
Starting RAWSimO wrapper with the following arguments:
Instance: ..\..\..\..\Material\Instances\0.Weighted30min Demand separate\Dc\Weighted2.xinst
Setting: ..\..\..\..\Material\Instances\0.Weighted30min Demand separate\Dc\Weighted2.xsett
ControlConfig: ..\..\..\..\Material\Instances\0.Weighted30min Demand separate\Dc\Weighted2.xconf
StatisticsDir: ..\..\..\..\Material\Instances\0.Weighted30min Demand separate\Dc
Seed: 1
Additionally the following tag was passed: [[1, 6.087, 0.058]]
Adding handler for unhandled exceptions ...
Initializing ... 
Instance recognized!
Parsing setting config ...
Parsing control config ...
Parsing instance ...
StatisticsFolder: Weighted2-Dc_[[1, 6.087, 0.058]]_1.csv-1
Done!
