Executing ... 
 15:39:19 | >>> Warming up ...
 00:00:00 | >>> Warmup finished - starting simulation ...
 Realtime |   ETA    |  Sim.Time  | Progress | #Orders | #Bundles | Inv. | Distance | #Coll. |   Memory    
 00:00:00 |   n/a    | 0.00:00:00 |  0.00%   |    0    |    0     | 83%  |    0     |   0    |  74.25MB  
 00:00:00 | Reactivating bundle generation paused by inventory+reserved+backlog level (currently at: 0.6491666666666667)
 00:00:00 | Cannot generate further orders - suspending generation for now
 00:00:00 | 00:00:00 | 0.00:30:00 | 100.00%  |   354   |    0     | 40%  |   3032   |   0    |  72.76MB  
 00:00:00 | >>> Simulation finished - writing results ...
 00:00:00 | >>> Results written
Simulation finished.
>>> Timings
StatTimingPathPlanningAverage: 9.375365025466897E-05
StatTimingPathPlanningOverall: 0.055220900000000024
StatTimingPathPlanningCount: 589
StatTimingTaskAllocationAverage: 0.0015322346405228764
StatTimingTaskAllocationOverall: 0.23443190000000008
StatTimingTaskAllocationCount: 153
StatTimingItemStorageAverage: 1.146078431372549E-06
StatTimingItemStorageOverall: 0.0005845
StatTimingItemStorageCount: 510
StatTimingPodStorageAverage: 0.0012180376811594203
StatTimingPodStorageOverall: 0.0840446
StatTimingPodStorageCount: 69
StatTimingReplenishmentBatchingAverage: 6.325E-06
StatTimingReplenishmentBatchingOverall: 2.53E-05
StatTimingReplenishmentBatchingCount: 4
StatTimingOrderBatchingAverage: 0.00010112561349693257
StatTimingOrderBatchingOverall: 0.06593390000000003
StatTimingOrderBatchingCount: 652
>>> Overall
StatOverallBundlesPlaced: 180
StatOverallItemsOrdered: 612
StatOverallOrdersPlaced: 382
StatOverallBundlesRejected: 0
StatOverallOrdersRejected: 0
StatOverallBundlesHandled: 0
StatOverallItemsHandled: 519
StatOverallLinesHandled: 483
StatOverallOrdersHandled: 354
StatOverallCollisions: 0
StatOverallDistanceTraveled: 3031.8256863929187
StatOverallDistanceEstimated: 3012
StatOverallAssignedTasks: 153
StatMaxMemoryUsed: 74,24609375
StatRealTimeUsed: 0.8591215
StatAverageTurnoverTime: 518.3771222883731
StatMedianTurnoverTime: 426.5076911792873
StatLowerQuartileTurnoverTime: 174.02721502930024
StatUpperQuartileTurnoverTime: 717.3204617641437
StatAverageThroughputTime: 127.99540793275847
StatMedianThroughputTime: 60.58852091615904
StatLowerQuartileThroughputTime: 40.58444444444444
StatUpperQuartileThroughputTime: 112.29601731969808

Marked tag finished after 1 tries!
.Fin. - SUCCESS
<<< Welcome to the RAWSimO CLI >>>
The time is: 06/03/2024 15:39:19
Starting RAWSimO wrapper with the following arguments:
Instance: ..\..\..\..\Material\Instances\0.Weighted30min\WeightedScenario.xinst
Setting: ..\..\..\..\Material\Instances\0.Weighted30min\WeightedScenario.xsett
ControlConfig: ..\..\..\..\Material\Instances\0.Weighted30min\WeightedScenario.xconf
StatisticsDir: ..\..\..\..\Material\Instances\0.Weighted30min
Seed: 2
Additionally the following tag was passed: Dcwlow
Adding handler for unhandled exceptions ...
Initializing ... 
Instance recognized!
Parsing setting config ...
Parsing control config ...
Parsing instance ...
StatisticsFolder: WeightedScenario-Dc_wlow_2.csv-2
Done!
