Executing ... 
 16:20:36 | >>> Warming up ...
 00:00:00 | >>> Warmup finished - starting simulation ...
 Realtime |   ETA    |  Sim.Time  | Progress | #Orders | #Bundles | Inv. | Distance | #Coll. |   Memory    
 00:00:00 |   n/a    | 0.00:00:00 |  0.00%   |    0    |    0     | 60%  |    0     |   0    |  88.90MB  
 00:00:01 | Cannot generate further orders - suspending generation for now
 00:00:01 | Cannot generate further orders - suspending generation for now
 00:00:01 | Cannot generate further orders - suspending generation for now
 00:00:01 | Cannot generate further orders - suspending generation for now
 00:00:01 | Cannot generate further orders - suspending generation for now
 00:00:01 | Cannot generate further orders - suspending generation for now
 00:00:01 | Cannot generate further orders - suspending generation for now
 00:00:01 | Cannot generate further orders - suspending generation for now
 00:00:01 | Cannot generate further orders - suspending generation for now
 00:00:01 | 00:00:00 | 0.00:30:00 | 100.00%  |   491   |    0     | 15%  |   5127   |   0    |  86.54MB  
 00:00:01 | >>> Simulation finished - writing results ...
 00:00:01 | >>> Results written
Simulation finished.
>>> Timings
StatTimingPathPlanningAverage: 0.0001551098984771572
StatTimingPathPlanningOverall: 0.12222659999999988
StatTimingPathPlanningCount: 788
StatTimingTaskAllocationAverage: 0.003164023943661972
StatTimingTaskAllocationOverall: 0.6739371000000001
StatTimingTaskAllocationCount: 213
StatTimingItemStorageAverage: 1.8065006915629295E-06
StatTimingItemStorageOverall: 0.001306099999999998
StatTimingItemStorageCount: 723
StatTimingPodStorageAverage: 0.002728779611650483
StatTimingPodStorageOverall: 0.28106429999999977
StatTimingPodStorageCount: 103
StatTimingReplenishmentBatchingAverage: 8.1E-06
StatTimingReplenishmentBatchingOverall: 1.62E-05
StatTimingReplenishmentBatchingCount: 2
StatTimingOrderBatchingAverage: 0.00022653705583756367
StatTimingOrderBatchingOverall: 0.17851120000000018
StatTimingOrderBatchingCount: 788
>>> Overall
StatOverallBundlesPlaced: 0
StatOverallItemsOrdered: 667
StatOverallOrdersPlaced: 429
StatOverallBundlesRejected: 0
StatOverallOrdersRejected: 0
StatOverallBundlesHandled: 0
StatOverallItemsHandled: 754
StatOverallLinesHandled: 715
StatOverallOrdersHandled: 491
StatOverallCollisions: 0
StatOverallDistanceTraveled: 5126.953174731586
StatOverallDistanceEstimated: 4975
StatOverallAssignedTasks: 213
StatMaxMemoryUsed: 88,8984375
StatRealTimeUsed: 1.7632012
StatAverageTurnoverTime: 464.39284878794723
StatMedianTurnoverTime: 354.77472581868403
StatLowerQuartileTurnoverTime: 161.4437013060625
StatUpperQuartileTurnoverTime: 651.3717676510045
StatAverageThroughputTime: 99.13512761970269
StatMedianThroughputTime: 27.29814575050682
StatLowerQuartileThroughputTime: 16.768333333333658
StatUpperQuartileThroughputTime: 88.19500000000016

Marked tag finished after 1 tries!
.Fin. - SUCCESS
<<< Welcome to the RAWSimO CLI >>>
The time is: 06/21/2024 16:20:38
Starting RAWSimO wrapper with the following arguments:
Instance: ..\..\..\..\Material\Instances\01.Weighted30min Demand Gall\Dr\Weighted2.xinst
Setting: ..\..\..\..\Material\Instances\01.Weighted30min Demand Gall\Dr\Weighted2.xsett
ControlConfig: ..\..\..\..\Material\Instances\01.Weighted30min Demand Gall\Dr\Weighted2.xconf
StatisticsDir: ..\..\..\..\Material\Instances\01.Weighted30min Demand Gall\Dr
Seed: 3
Additionally the following tag was passed: 1, 0.01, 1.0, 0.118, 0.49, 1.0
Adding handler for unhandled exceptions ...
Initializing ... 
Instance recognized!
Parsing setting config ...
Parsing control config ...
Parsing instance ...
StatisticsFolder: Weighted2-Dr_[[1, 0.01, 1.0]]_3_[0.118, 0.49, 1.0].csv-3
Done!
