Executing ... 
 21:29:18 | >>> Warming up ...
 00:00:00 | >>> Warmup finished - starting simulation ...
 Realtime |   ETA    |  Sim.Time  | Progress | #Orders | #Bundles | Inv. | Distance | #Coll. |   Memory    
 00:00:00 |   n/a    | 0.00:00:00 |  0.00%   |    0    |    0     | 60%  |    0     |   0    |  78.55MB  
 00:00:00 | Cannot generate further orders - suspending generation for now
 00:00:00 | Cannot generate further orders - suspending generation for now
 00:00:00 | Cannot generate further orders - suspending generation for now
 00:00:00 | Cannot generate further orders - suspending generation for now
 00:00:00 | Cannot generate further orders - suspending generation for now
 00:00:00 | Cannot generate further orders - suspending generation for now
 00:00:01 | Cannot generate further orders - suspending generation for now
 00:00:01 | Cannot generate further orders - suspending generation for now
 00:00:01 | Cannot generate further orders - suspending generation for now
 00:00:01 | Cannot generate further orders - suspending generation for now
 00:00:01 | 00:00:00 | 0.00:30:00 | 100.00%  |   466   |    0     | 16%  |   5159   |   0    |  74.87MB  
 00:00:01 | >>> Simulation finished - writing results ...
 00:00:01 | >>> Results written
Simulation finished.
>>> Timings
StatTimingPathPlanningAverage: 9.032068965517252E-05
StatTimingPathPlanningOverall: 0.07595970000000009
StatTimingPathPlanningCount: 841
StatTimingTaskAllocationAverage: 0.0019837826484018256
StatTimingTaskAllocationOverall: 0.4344483999999998
StatTimingTaskAllocationCount: 219
StatTimingItemStorageAverage: 1.107627118644069E-06
StatTimingItemStorageOverall: 0.0007842000000000008
StatTimingItemStorageCount: 708
StatTimingPodStorageAverage: 0.0016987638095238087
StatTimingPodStorageOverall: 0.17837019999999992
StatTimingPodStorageCount: 105
StatTimingReplenishmentBatchingAverage: 7.85E-06
StatTimingReplenishmentBatchingOverall: 1.57E-05
StatTimingReplenishmentBatchingCount: 2
StatTimingOrderBatchingAverage: 9.54218406593407E-05
StatTimingOrderBatchingOverall: 0.06946710000000003
StatTimingOrderBatchingCount: 728
>>> Overall
StatOverallBundlesPlaced: 0
StatOverallItemsOrdered: 638
StatOverallOrdersPlaced: 394
StatOverallBundlesRejected: 0
StatOverallOrdersRejected: 0
StatOverallBundlesHandled: 0
StatOverallItemsHandled: 729
StatOverallLinesHandled: 680
StatOverallOrdersHandled: 466
StatOverallCollisions: 0
StatOverallDistanceTraveled: 5158.629101570772
StatOverallDistanceEstimated: 5026
StatOverallAssignedTasks: 219
StatMaxMemoryUsed: 78,546875
StatRealTimeUsed: 1.0966089
StatAverageTurnoverTime: 454.2098030965275
StatMedianTurnoverTime: 310.6378715691906
StatLowerQuartileTurnoverTime: 120.62564934696849
StatUpperQuartileTurnoverTime: 642.7296392201915
StatAverageThroughputTime: 103.34903422755468
StatMedianThroughputTime: 23.337222222222124
StatLowerQuartileThroughputTime: 13.29777777777781
StatUpperQuartileThroughputTime: 79.59712843080888

Marked tag finished after 1 tries!
.Fin. - SUCCESS
<<< Welcome to the RAWSimO CLI >>>
The time is: 06/12/2024 21:29:19
Starting RAWSimO wrapper with the following arguments:
Instance: ..\..\..\..\Material\Instances\0.Weighted30min Demand separate\Da\Weighted2.xinst
Setting: ..\..\..\..\Material\Instances\0.Weighted30min Demand separate\Da\Weighted2.xsett
ControlConfig: ..\..\..\..\Material\Instances\0.Weighted30min Demand separate\Da\Weighted2.xconf
StatisticsDir: ..\..\..\..\Material\Instances\0.Weighted30min Demand separate\Da
Seed: 1
Additionally the following tag was passed: 1, 5.026, 0.29874999999999996, 0.14, 0.1, 0.466
Adding handler for unhandled exceptions ...
Initializing ... 
Instance recognized!
Parsing setting config ...
Parsing control config ...
Parsing instance ...
StatisticsFolder: Weighted2-Da_[[1, 5.026, 0.29874999999999996]]_1_[0.14, 0.1, 0.466].csv-1
Done!
