Executing ... 
 18:20:43 | >>> Warming up ...
 00:00:00 | >>> Warmup finished - starting simulation ...
 Realtime |   ETA    |  Sim.Time  | Progress | #Orders | #Bundles | Inv. | Distance | #Coll. |   Memory    
 00:00:00 |   n/a    | 0.00:00:00 |  0.00%   |    0    |    0     | 60%  |    0     |   0    | 113.12MB  
 00:00:00 | Cannot generate further orders - suspending generation for now
 00:00:00 | Cannot generate further orders - suspending generation for now
 00:00:00 | Cannot generate further orders - suspending generation for now
 00:00:00 | Cannot generate further orders - suspending generation for now
 00:00:00 | Cannot generate further orders - suspending generation for now
 00:00:00 | Cannot generate further orders - suspending generation for now
 00:00:00 | Cannot generate further orders - suspending generation for now
 00:00:00 | Cannot generate further orders - suspending generation for now
 00:00:00 | Cannot generate further orders - suspending generation for now
 00:00:00 | Cannot generate further orders - suspending generation for now
 00:00:00 | Cannot generate further orders - suspending generation for now
 00:00:00 | Cannot generate further orders - suspending generation for now
 00:00:00 | Cannot generate further orders - suspending generation for now
 00:00:00 | 00:00:00 | 0.00:30:00 | 100.00%  |   534   |    0     | 10%  |   4759   |   0    | 108.71MB  
 00:00:00 | >>> Simulation finished - writing results ...
 00:00:01 | >>> Results written
Simulation finished.
>>> Timings
StatTimingPathPlanningAverage: 9.239987325728757E-05
StatTimingPathPlanningOverall: 0.0729034999999999
StatTimingPathPlanningCount: 789
StatTimingTaskAllocationAverage: 0.001873086010362695
StatTimingTaskAllocationOverall: 0.36150560000000015
StatTimingTaskAllocationCount: 193
StatTimingItemStorageAverage: 1.3797047970479578E-06
StatTimingItemStorageOverall: 0.0011216999999999896
StatTimingItemStorageCount: 813
StatTimingPodStorageAverage: 0.0016162880434782616
StatTimingPodStorageOverall: 0.14869850000000007
StatTimingPodStorageCount: 92
StatTimingReplenishmentBatchingAverage: 1.745E-05
StatTimingReplenishmentBatchingOverall: 3.49E-05
StatTimingReplenishmentBatchingCount: 2
StatTimingOrderBatchingAverage: 8.739415971394537E-05
StatTimingOrderBatchingOverall: 0.07332370000000016
StatTimingOrderBatchingCount: 839
>>> Overall
StatOverallBundlesPlaced: 0
StatOverallItemsOrdered: 636
StatOverallOrdersPlaced: 413
StatOverallBundlesRejected: 0
StatOverallOrdersRejected: 0
StatOverallBundlesHandled: 0
StatOverallItemsHandled: 831
StatOverallLinesHandled: 790
StatOverallOrdersHandled: 534
StatOverallCollisions: 0
StatOverallDistanceTraveled: 4758.642222022913
StatOverallDistanceEstimated: 4587
StatOverallAssignedTasks: 193
StatMaxMemoryUsed: 111,953125
StatRealTimeUsed: 0.9944687
StatAverageTurnoverTime: 461.14690027177977
StatMedianTurnoverTime: 324.2375035964608
StatLowerQuartileTurnoverTime: 146.74805915201645
StatUpperQuartileTurnoverTime: 658.913427124746
StatAverageThroughputTime: 89.93274718799913
StatMedianThroughputTime: 30.993701306062917
StatLowerQuartileThroughputTime: 20.232777777777784
StatUpperQuartileThroughputTime: 81.67231601363596

Marked tag finished after 1 tries!
.Fin. - SUCCESS
<<< Welcome to the RAWSimO CLI >>>
The time is: 06/05/2024 18:20:44
Starting RAWSimO wrapper with the following arguments:
Instance: ..\..\..\..\Material\Instances\0.Weighted30min Demand separate\Df\Weighted2.xinst
Setting: ..\..\..\..\Material\Instances\0.Weighted30min Demand separate\Df\Weighted2.xsett
ControlConfig: ..\..\..\..\Material\Instances\0.Weighted30min Demand separate\Df\Weighted2.xconf
StatisticsDir: ..\..\..\..\Material\Instances\0.Weighted30min Demand separate\Df
Seed: 1
Additionally the following tag was passed: whigh
Adding handler for unhandled exceptions ...
Initializing ... 
Instance recognized!
Parsing setting config ...
Parsing control config ...
Parsing instance ...
StatisticsFolder: Weighted2-Df_whigh_2.csv-1
Done!
