Executing ... 
 16:21:49 | >>> Warming up ...
 00:00:00 | >>> Warmup finished - starting simulation ...
 Realtime |   ETA    |  Sim.Time  | Progress | #Orders | #Bundles | Inv. | Distance | #Coll. |   Memory    
 00:00:00 |   n/a    | 0.00:00:00 |  0.00%   |    0    |    0     | 60%  |    0     |   0    |  92.08MB  
 00:00:01 | Cannot generate further orders - suspending generation for now
 00:00:01 | Cannot generate further orders - suspending generation for now
 00:00:01 | Cannot generate further orders - suspending generation for now
 00:00:01 | Cannot generate further orders - suspending generation for now
 00:00:01 | Cannot generate further orders - suspending generation for now
 00:00:01 | Cannot generate further orders - suspending generation for now
 00:00:01 | Cannot generate further orders - suspending generation for now
 00:00:01 | Cannot generate further orders - suspending generation for now
 00:00:01 | Cannot generate further orders - suspending generation for now
 00:00:01 | Cannot generate further orders - suspending generation for now
 00:00:01 | 00:00:00 | 0.00:30:00 | 100.00%  |   477   |    0     | 15%  |   5097   |   0    |  87.13MB  
 00:00:01 | >>> Simulation finished - writing results ...
 00:00:01 | >>> Results written
Simulation finished.
>>> Timings
StatTimingPathPlanningAverage: 0.00014235484988452666
StatTimingPathPlanningOverall: 0.12327930000000008
StatTimingPathPlanningCount: 866
StatTimingTaskAllocationAverage: 0.0025929845794392535
StatTimingTaskAllocationOverall: 0.5548987000000003
StatTimingTaskAllocationCount: 214
StatTimingItemStorageAverage: 1.375238095238093E-06
StatTimingItemStorageOverall: 0.0010107999999999983
StatTimingItemStorageCount: 735
StatTimingPodStorageAverage: 0.0021114718446601944
StatTimingPodStorageOverall: 0.21748160000000002
StatTimingPodStorageCount: 103
StatTimingReplenishmentBatchingAverage: 9.05E-06
StatTimingReplenishmentBatchingOverall: 1.81E-05
StatTimingReplenishmentBatchingCount: 2
StatTimingOrderBatchingAverage: 0.00012995540025412966
StatTimingOrderBatchingOverall: 0.10227490000000004
StatTimingOrderBatchingCount: 787
>>> Overall
StatOverallBundlesPlaced: 0
StatOverallItemsOrdered: 649
StatOverallOrdersPlaced: 411
StatOverallBundlesRejected: 0
StatOverallOrdersRejected: 0
StatOverallBundlesHandled: 0
StatOverallItemsHandled: 749
StatOverallLinesHandled: 708
StatOverallOrdersHandled: 477
StatOverallCollisions: 0
StatOverallDistanceTraveled: 5096.731062802601
StatOverallDistanceEstimated: 4949
StatOverallAssignedTasks: 214
StatMaxMemoryUsed: 92,08203125
StatRealTimeUsed: 1.3724484
StatAverageTurnoverTime: 459.4102549332738
StatMedianTurnoverTime: 253.4467604580797
StatLowerQuartileTurnoverTime: 120.86694084798393
StatUpperQuartileTurnoverTime: 690.0485209161591
StatAverageThroughputTime: 97.72916636845726
StatMedianThroughputTime: 28.079906208587317
StatLowerQuartileThroughputTime: 16.857958167682114
StatUpperQuartileThroughputTime: 84.15740980504893

Marked tag finished after 1 tries!
.Fin. - SUCCESS
<<< Welcome to the RAWSimO CLI >>>
The time is: 06/21/2024 16:21:51
Starting RAWSimO wrapper with the following arguments:
Instance: ..\..\..\..\Material\Instances\01.Weighted30min Demand Gall\Dr\Weighted2.xinst
Setting: ..\..\..\..\Material\Instances\01.Weighted30min Demand Gall\Dr\Weighted2.xsett
ControlConfig: ..\..\..\..\Material\Instances\01.Weighted30min Demand Gall\Dr\Weighted2.xconf
StatisticsDir: ..\..\..\..\Material\Instances\01.Weighted30min Demand Gall\Dr
Seed: 2
Additionally the following tag was passed: 1, 1, 1, 0.2, 0.2, 1.0
Adding handler for unhandled exceptions ...
Initializing ... 
Instance recognized!
Parsing setting config ...
Parsing control config ...
Parsing instance ...
StatisticsFolder: Weighted2-Dr_[[1, 1, 1]]_2_[0.2, 0.2, 1.0].csv-2
Done!
