Executing ... 
 09:40:49 | >>> Warming up ...
 00:00:00 | >>> Warmup finished - starting simulation ...
 Realtime |   ETA    |  Sim.Time  | Progress | #Orders | #Bundles | Inv. | Distance | #Coll. |   Memory    
 00:00:00 |   n/a    | 0.00:00:00 |  0.00%   |    0    |    0     | 60%  |    0     |   0    |  83.63MB  
 00:00:00 | Cannot generate further orders - suspending generation for now
 00:00:00 | Cannot generate further orders - suspending generation for now
 00:00:00 | Cannot generate further orders - suspending generation for now
 00:00:01 | Cannot generate further orders - suspending generation for now
 00:00:01 | Cannot generate further orders - suspending generation for now
 00:00:01 | Cannot generate further orders - suspending generation for now
 00:00:01 | Cannot generate further orders - suspending generation for now
 00:00:01 | Cannot generate further orders - suspending generation for now
 00:00:01 | 00:00:00 | 0.00:30:00 | 100.00%  |   474   |    0     | 15%  |   5013   |   0    |  85.26MB  
 00:00:01 | >>> Simulation finished - writing results ...
 00:00:01 | >>> Results written
Simulation finished.
>>> Timings
StatTimingPathPlanningAverage: 9.681263157894728E-05
StatTimingPathPlanningOverall: 0.08277479999999993
StatTimingPathPlanningCount: 855
StatTimingTaskAllocationAverage: 0.0020229234741784047
StatTimingTaskAllocationOverall: 0.4308827000000002
StatTimingTaskAllocationCount: 213
StatTimingItemStorageAverage: 1.0835180055401655E-06
StatTimingItemStorageOverall: 0.0007822999999999994
StatTimingItemStorageCount: 722
StatTimingPodStorageAverage: 0.0015805801980198024
StatTimingPodStorageOverall: 0.15963860000000005
StatTimingPodStorageCount: 101
StatTimingReplenishmentBatchingAverage: 7.5E-06
StatTimingReplenishmentBatchingOverall: 1.5E-05
StatTimingReplenishmentBatchingCount: 2
StatTimingOrderBatchingAverage: 9.584580725907373E-05
StatTimingOrderBatchingOverall: 0.07658079999999991
StatTimingOrderBatchingCount: 799
>>> Overall
StatOverallBundlesPlaced: 0
StatOverallItemsOrdered: 667
StatOverallOrdersPlaced: 414
StatOverallBundlesRejected: 0
StatOverallOrdersRejected: 0
StatOverallBundlesHandled: 0
StatOverallItemsHandled: 741
StatOverallLinesHandled: 704
StatOverallOrdersHandled: 474
StatOverallCollisions: 0
StatOverallDistanceTraveled: 5012.789167675209
StatOverallDistanceEstimated: 4956
StatOverallAssignedTasks: 213
StatMaxMemoryUsed: 85,26171875
StatRealTimeUsed: 1.1344961
StatAverageTurnoverTime: 451.4138262649962
StatMedianTurnoverTime: 302.90296536060646
StatLowerQuartileTurnoverTime: 139.44383134551765
StatUpperQuartileTurnoverTime: 649.5024169979691
StatAverageThroughputTime: 86.58234547221966
StatMedianThroughputTime: 20.603520916159027
StatLowerQuartileThroughputTime: 13.127316013634527
StatUpperQuartileThroughputTime: 74.0212986939382

Marked tag finished after 1 tries!
.Fin. - SUCCESS
<<< Welcome to the RAWSimO CLI >>>
The time is: 06/13/2024 09:40:50
Starting RAWSimO wrapper with the following arguments:
Instance: ..\..\..\..\Material\Instances\0.Weighted30min Demand separate\Da\Weighted2.xinst
Setting: ..\..\..\..\Material\Instances\0.Weighted30min Demand separate\Da\Weighted2.xsett
ControlConfig: ..\..\..\..\Material\Instances\0.Weighted30min Demand separate\Da\Weighted2.xconf
StatisticsDir: ..\..\..\..\Material\Instances\0.Weighted30min Demand separate\Da
Seed: 1
Additionally the following tag was passed: 1, 8.0104, 0.052, 0.209, 0.1, 0.341
Adding handler for unhandled exceptions ...
Initializing ... 
Instance recognized!
Parsing setting config ...
Parsing control config ...
Parsing instance ...
StatisticsFolder: Weighted2-Da_[[1, 8.0104, 0.052]]_1_[0.209, 0.1, 0.341].csv-1
Done!
