Executing ... 
 19:09:53 | >>> Warming up ...
 00:00:00 | >>> Warmup finished - starting simulation ...
 Realtime |   ETA    |  Sim.Time  | Progress | #Orders | #Bundles | Inv. | Distance | #Coll. |   Memory    
 00:00:00 |   n/a    | 0.00:00:00 |  0.00%   |    0    |    0     | 60%  |    0     |   0    | 101.54MB  
 00:00:00 | Cannot generate further orders - suspending generation for now
 00:00:00 | Cannot generate further orders - suspending generation for now
 00:00:00 | Cannot generate further orders - suspending generation for now
 00:00:00 | Cannot generate further orders - suspending generation for now
 00:00:00 | Cannot generate further orders - suspending generation for now
 00:00:01 | Cannot generate further orders - suspending generation for now
 00:00:01 | Cannot generate further orders - suspending generation for now
 00:00:01 | Cannot generate further orders - suspending generation for now
 00:00:01 | 00:00:00 | 0.00:30:00 | 100.00%  |   468   |    0     | 18%  |   5201   |   0    |  96.62MB  
 00:00:01 | >>> Simulation finished - writing results ...
 00:00:01 | >>> Results written
Simulation finished.
>>> Timings
StatTimingPathPlanningAverage: 9.102790432801842E-05
StatTimingPathPlanningOverall: 0.07992250000000017
StatTimingPathPlanningCount: 878
StatTimingTaskAllocationAverage: 0.0017856100917431187
StatTimingTaskAllocationOverall: 0.38926299999999986
StatTimingTaskAllocationCount: 218
StatTimingItemStorageAverage: 1.0794160583941615E-06
StatTimingItemStorageOverall: 0.0007394000000000006
StatTimingItemStorageCount: 685
StatTimingPodStorageAverage: 0.0015271504854368946
StatTimingPodStorageOverall: 0.15729650000000014
StatTimingPodStorageCount: 103
StatTimingReplenishmentBatchingAverage: 7E-06
StatTimingReplenishmentBatchingOverall: 1.4E-05
StatTimingReplenishmentBatchingCount: 2
StatTimingOrderBatchingAverage: 9.920231065468537E-05
StatTimingOrderBatchingOverall: 0.0772785999999999
StatTimingOrderBatchingCount: 779
>>> Overall
StatOverallBundlesPlaced: 0
StatOverallItemsOrdered: 667
StatOverallOrdersPlaced: 422
StatOverallBundlesRejected: 0
StatOverallOrdersRejected: 0
StatOverallBundlesHandled: 0
StatOverallItemsHandled: 703
StatOverallLinesHandled: 663
StatOverallOrdersHandled: 468
StatOverallCollisions: 0
StatOverallDistanceTraveled: 5201.178398494746
StatOverallDistanceEstimated: 5074
StatOverallAssignedTasks: 218
StatMaxMemoryUsed: 100,296875
StatRealTimeUsed: 1.0607277
StatAverageTurnoverTime: 430.79632732373227
StatMedianTurnoverTime: 254.88000000000216
StatLowerQuartileTurnoverTime: 100.98898268030189
StatUpperQuartileTurnoverTime: 660
StatAverageThroughputTime: 97.44365040543408
StatMedianThroughputTime: 20.169538235857203
StatLowerQuartileThroughputTime: 12.464444444444553
StatUpperQuartileThroughputTime: 79.63564934696888

Marked tag finished after 1 tries!
.Fin. - SUCCESS
<<< Welcome to the RAWSimO CLI >>>
The time is: 06/12/2024 19:09:54
Starting RAWSimO wrapper with the following arguments:
Instance: ..\..\..\..\Material\Instances\0.Weighted30min Demand separate\Da\Weighted2.xinst
Setting: ..\..\..\..\Material\Instances\0.Weighted30min Demand separate\Da\Weighted2.xsett
ControlConfig: ..\..\..\..\Material\Instances\0.Weighted30min Demand separate\Da\Weighted2.xconf
StatisticsDir: ..\..\..\..\Material\Instances\0.Weighted30min Demand separate\Da
Seed: 2
Additionally the following tag was passed: [[1, 0.052, 0.5455]]
Adding handler for unhandled exceptions ...
Initializing ... 
Instance recognized!
Parsing setting config ...
Parsing control config ...
Parsing instance ...
StatisticsFolder: Weighted2-Da_[[1, 0.052, 0.5455]]_2.csv-2
Done!
