Executing ... 
 09:43:04 | >>> Warming up ...
 00:00:00 | >>> Warmup finished - starting simulation ...
 Realtime |   ETA    |  Sim.Time  | Progress | #Orders | #Bundles | Inv. | Distance | #Coll. |   Memory    
 00:00:00 |   n/a    | 0.00:00:00 |  0.00%   |    0    |    0     | 60%  |    0     |   0    | 145.66MB  
 00:00:01 | Cannot generate further orders - suspending generation for now
 00:00:01 | Cannot generate further orders - suspending generation for now
 00:00:01 | Cannot generate further orders - suspending generation for now
 00:00:01 | Cannot generate further orders - suspending generation for now
 00:00:01 | Cannot generate further orders - suspending generation for now
 00:00:01 | 00:00:00 | 0.00:30:00 | 100.00%  |   434   |    0     | 21%  |   5379   |   0    | 143.17MB  
 00:00:01 | >>> Simulation finished - writing results ...
 00:00:01 | >>> Results written
Simulation finished.
>>> Timings
StatTimingPathPlanningAverage: 0.00013813496583143514
StatTimingPathPlanningOverall: 0.12128250000000004
StatTimingPathPlanningCount: 878
StatTimingTaskAllocationAverage: 0.0021413537117903926
StatTimingTaskAllocationOverall: 0.4903699999999999
StatTimingTaskAllocationCount: 229
StatTimingItemStorageAverage: 1.6454687499999986E-06
StatTimingItemStorageOverall: 0.001053099999999999
StatTimingItemStorageCount: 640
StatTimingPodStorageAverage: 0.001678159090909092
StatTimingPodStorageOverall: 0.1845975000000001
StatTimingPodStorageCount: 110
StatTimingReplenishmentBatchingAverage: 8.750000000000001E-06
StatTimingReplenishmentBatchingOverall: 1.7500000000000002E-05
StatTimingReplenishmentBatchingCount: 2
StatTimingOrderBatchingAverage: 0.00013997454068241443
StatTimingOrderBatchingOverall: 0.1066605999999998
StatTimingOrderBatchingCount: 762
>>> Overall
StatOverallBundlesPlaced: 0
StatOverallItemsOrdered: 653
StatOverallOrdersPlaced: 419
StatOverallBundlesRejected: 0
StatOverallOrdersRejected: 0
StatOverallBundlesHandled: 0
StatOverallItemsHandled: 650
StatOverallLinesHandled: 612
StatOverallOrdersHandled: 434
StatOverallCollisions: 0
StatOverallDistanceTraveled: 5379.201705246896
StatOverallDistanceEstimated: 5185
StatOverallAssignedTasks: 229
StatMaxMemoryUsed: 145,65625
StatRealTimeUsed: 1.3926263
StatAverageTurnoverTime: 461.07863459484815
StatMedianTurnoverTime: 314.01814575050696
StatLowerQuartileTurnoverTime: 143.51620490252446
StatUpperQuartileTurnoverTime: 659.0692640545446
StatAverageThroughputTime: 98.39403995382365
StatMedianThroughputTime: 16.756204902524132
StatLowerQuartileThroughputTime: 12.029444444444152
StatUpperQuartileThroughputTime: 79.2056493469687

Marked tag finished after 1 tries!
.Fin. - SUCCESS
<<< Welcome to the RAWSimO CLI >>>
The time is: 06/13/2024 09:43:06
Starting RAWSimO wrapper with the following arguments:
Instance: ..\..\..\..\Material\Instances\0.Weighted30min Demand separate\Db\Weighted2.xinst
Setting: ..\..\..\..\Material\Instances\0.Weighted30min Demand separate\Db\Weighted2.xsett
ControlConfig: ..\..\..\..\Material\Instances\0.Weighted30min Demand separate\Db\Weighted2.xconf
StatisticsDir: ..\..\..\..\Material\Instances\0.Weighted30min Demand separate\Db
Seed: 3
Additionally the following tag was passed: 1, 0.3062, 0.059, 0.09, 0.295, 1.0
Adding handler for unhandled exceptions ...
Initializing ... 
Instance recognized!
Parsing setting config ...
Parsing control config ...
Parsing instance ...
StatisticsFolder: Weighted2-Db_[[1, 0.3062, 0.059]]_3_[0.09, 0.295, 1.0].csv-3
Done!
