Executing ... 
 16:32:22 | >>> Warming up ...
 00:00:00 | >>> Warmup finished - starting simulation ...
 Realtime |   ETA    |  Sim.Time  | Progress | #Orders | #Bundles | Inv. | Distance | #Coll. |   Memory    
 00:00:00 |   n/a    | 0.00:00:00 |  0.00%   |    0    |    0     | 83%  |    0     |   0    |  88.86MB  
 00:00:00 | Reactivating bundle generation paused by inventory+reserved+backlog level (currently at: 0.6491666666666667)
 00:00:00 | 00:00:00 | 0.00:30:00 | 100.00%  |   345   |    0     | 40%  |   3182   |   0    |  87.09MB  
 00:00:00 | >>> Simulation finished - writing results ...
 00:00:00 | >>> Results written
Simulation finished.
>>> Timings
StatTimingPathPlanningAverage: 8.110633561643839E-05
StatTimingPathPlanningOverall: 0.047366100000000015
StatTimingPathPlanningCount: 584
StatTimingTaskAllocationAverage: 0.0012508664429530204
StatTimingTaskAllocationOverall: 0.18637910000000005
StatTimingTaskAllocationCount: 149
StatTimingItemStorageAverage: 1.0184890656063666E-06
StatTimingItemStorageOverall: 0.0005123000000000024
StatTimingItemStorageCount: 503
StatTimingPodStorageAverage: 0.0011509384615384615
StatTimingPodStorageOverall: 0.074811
StatTimingPodStorageCount: 65
StatTimingReplenishmentBatchingAverage: 7.25E-06
StatTimingReplenishmentBatchingOverall: 2.9E-05
StatTimingReplenishmentBatchingCount: 4
StatTimingOrderBatchingAverage: 8.829157392686809E-05
StatTimingOrderBatchingOverall: 0.055535400000000026
StatTimingOrderBatchingCount: 629
>>> Overall
StatOverallBundlesPlaced: 180
StatOverallItemsOrdered: 601
StatOverallOrdersPlaced: 378
StatOverallBundlesRejected: 0
StatOverallOrdersRejected: 0
StatOverallBundlesHandled: 0
StatOverallItemsHandled: 517
StatOverallLinesHandled: 484
StatOverallOrdersHandled: 345
StatOverallCollisions: 0
StatOverallDistanceTraveled: 3181.516308852575
StatOverallDistanceEstimated: 3120
StatOverallAssignedTasks: 149
StatMaxMemoryUsed: 90,1640625
StatRealTimeUsed: 0.7367166
StatAverageTurnoverTime: 517.0417958214423
StatMedianTurnoverTime: 413.4211111111109
StatLowerQuartileTurnoverTime: 152.5141630702057
StatUpperQuartileTurnoverTime: 752.0312986939373
StatAverageThroughputTime: 127.14481466722846
StatMedianThroughputTime: 60.4699134015093
StatLowerQuartileThroughputTime: 40.877316013635095
StatUpperQuartileThroughputTime: 131.83000719292454

Marked tag finished after 1 tries!
.Fin. - SUCCESS
<<< Welcome to the RAWSimO CLI >>>
The time is: 06/03/2024 16:32:23
Starting RAWSimO wrapper with the following arguments:
Instance: ..\..\..\..\Material\Instances\0.Weighted30min\Weighted2.xinst
Setting: ..\..\..\..\Material\Instances\0.Weighted30min\WeightedScenario.xsett
ControlConfig: ..\..\..\..\Material\Instances\0.Weighted30min\WeightedScenario.xconf
StatisticsDir: ..\..\..\..\Material\Instances\0.Weighted30min
Seed: 2
Additionally the following tag was passed: Ddwhigh
Adding handler for unhandled exceptions ...
Initializing ... 
Instance recognized!
Parsing setting config ...
Parsing control config ...
Parsing instance ...
StatisticsFolder: WeightedScenario-Dd_whigh_1.csv-2
Done!
