Executing ... 
 09:53:07 | >>> Warming up ...
 00:00:00 | >>> Warmup finished - starting simulation ...
 Realtime |   ETA    |  Sim.Time  | Progress | #Orders | #Bundles | Inv. | Distance | #Coll. |   Memory    
 00:00:00 |   n/a    | 0.00:00:00 |  0.00%   |    0    |    0     | 60%  |    0     |   0    |  94.70MB  
 00:00:00 | Cannot generate further orders - suspending generation for now
 00:00:00 | Cannot generate further orders - suspending generation for now
 00:00:00 | Cannot generate further orders - suspending generation for now
 00:00:00 | Cannot generate further orders - suspending generation for now
 00:00:00 | Cannot generate further orders - suspending generation for now
 00:00:00 | Cannot generate further orders - suspending generation for now
 00:00:00 | Cannot generate further orders - suspending generation for now
 00:00:00 | Cannot generate further orders - suspending generation for now
 00:00:00 | Cannot generate further orders - suspending generation for now
 00:00:00 | Cannot generate further orders - suspending generation for now
 00:00:00 | Cannot generate further orders - suspending generation for now
 00:00:01 | Cannot generate further orders - suspending generation for now
 00:00:01 | Cannot generate further orders - suspending generation for now
 00:00:01 | 00:00:00 | 0.00:30:00 | 100.00%  |   515   |    0     | 13%  |   4840   |   0    |  93.39MB  
 00:00:01 | >>> Simulation finished - writing results ...
 00:00:01 | >>> Results written
Simulation finished.
>>> Timings
StatTimingPathPlanningAverage: 9.99417982989064E-05
StatTimingPathPlanningOverall: 0.08225209999999997
StatTimingPathPlanningCount: 823
StatTimingTaskAllocationAverage: 0.0019081553921568633
StatTimingTaskAllocationOverall: 0.3892637000000001
StatTimingTaskAllocationCount: 204
StatTimingItemStorageAverage: 9.260416666666673E-07
StatTimingItemStorageOverall: 0.0007112000000000005
StatTimingItemStorageCount: 768
StatTimingPodStorageAverage: 0.00168739381443299
StatTimingPodStorageOverall: 0.16367720000000002
StatTimingPodStorageCount: 97
StatTimingReplenishmentBatchingAverage: 7.5E-06
StatTimingReplenishmentBatchingOverall: 1.5E-05
StatTimingReplenishmentBatchingCount: 2
StatTimingOrderBatchingAverage: 8.081833952912012E-05
StatTimingOrderBatchingOverall: 0.06522039999999994
StatTimingOrderBatchingCount: 807
>>> Overall
StatOverallBundlesPlaced: 0
StatOverallItemsOrdered: 627
StatOverallOrdersPlaced: 409
StatOverallBundlesRejected: 0
StatOverallOrdersRejected: 0
StatOverallBundlesHandled: 0
StatOverallItemsHandled: 788
StatOverallLinesHandled: 749
StatOverallOrdersHandled: 515
StatOverallCollisions: 0
StatOverallDistanceTraveled: 4839.929764385135
StatOverallDistanceEstimated: 4728
StatOverallAssignedTasks: 204
StatMaxMemoryUsed: 95,05078125
StatRealTimeUsed: 1.0463507
StatAverageTurnoverTime: 434.6947989629893
StatMedianTurnoverTime: 248.07787156919056
StatLowerQuartileTurnoverTime: 87.39083692979418
StatUpperQuartileTurnoverTime: 671.0516666666668
StatAverageThroughputTime: 94.22669563594346
StatMedianThroughputTime: 26.74222222222221
StatLowerQuartileThroughputTime: 14.798427124746468
StatUpperQuartileThroughputTime: 74.83092352828544

Marked tag finished after 1 tries!
.Fin. - SUCCESS
<<< Welcome to the RAWSimO CLI >>>
The time is: 06/13/2024 09:53:09
Starting RAWSimO wrapper with the following arguments:
Instance: ..\..\..\..\Material\Instances\0.Weighted30min Demand separate\Dc\Weighted2.xinst
Setting: ..\..\..\..\Material\Instances\0.Weighted30min Demand separate\Dc\Weighted2.xsett
ControlConfig: ..\..\..\..\Material\Instances\0.Weighted30min Demand separate\Dc\Weighted2.xconf
StatisticsDir: ..\..\..\..\Material\Instances\0.Weighted30min Demand separate\Dc
Seed: 3
Additionally the following tag was passed: 1, 6.087, 0.48599999999999993, 0.194, 0.143, 0.4
Adding handler for unhandled exceptions ...
Initializing ... 
Instance recognized!
Parsing setting config ...
Parsing control config ...
Parsing instance ...
StatisticsFolder: Weighted2-Dc_[[1, 6.087, 0.48599999999999993]]_1_[0.194, 0.143, 0.4].csv-3
Done!
