Executing ... 
 18:19:59 | >>> Warming up ...
 00:00:00 | >>> Warmup finished - starting simulation ...
 Realtime |   ETA    |  Sim.Time  | Progress | #Orders | #Bundles | Inv. | Distance | #Coll. |   Memory    
 00:00:00 |   n/a    | 0.00:00:00 |  0.00%   |    0    |    0     | 60%  |    0     |   0    | 104.40MB  
 00:00:00 | Cannot generate further orders - suspending generation for now
 00:00:00 | Cannot generate further orders - suspending generation for now
 00:00:00 | Cannot generate further orders - suspending generation for now
 00:00:00 | Cannot generate further orders - suspending generation for now
 00:00:00 | 00:00:00 | 0.00:30:00 | 100.00%  |   415   |    0     | 23%  |   5481   |   0    | 107.68MB  
 00:00:00 | >>> Simulation finished - writing results ...
 00:00:01 | >>> Results written
Simulation finished.
>>> Timings
StatTimingPathPlanningAverage: 8.19033513513514E-05
StatTimingPathPlanningOverall: 0.07576060000000005
StatTimingPathPlanningCount: 925
StatTimingTaskAllocationAverage: 0.0015021372881355926
StatTimingTaskAllocationOverall: 0.35450439999999983
StatTimingTaskAllocationCount: 236
StatTimingItemStorageAverage: 1.0367986798679893E-06
StatTimingItemStorageOverall: 0.0006283000000000016
StatTimingItemStorageCount: 606
StatTimingPodStorageAverage: 0.0013723807017543858
StatTimingPodStorageOverall: 0.1564514
StatTimingPodStorageCount: 114
StatTimingReplenishmentBatchingAverage: 2.05E-05
StatTimingReplenishmentBatchingOverall: 4.1E-05
StatTimingReplenishmentBatchingCount: 2
StatTimingOrderBatchingAverage: 8.247071129707116E-05
StatTimingOrderBatchingOverall: 0.05913150000000002
StatTimingOrderBatchingCount: 717
>>> Overall
StatOverallBundlesPlaced: 0
StatOverallItemsOrdered: 631
StatOverallOrdersPlaced: 408
StatOverallBundlesRejected: 0
StatOverallOrdersRejected: 0
StatOverallBundlesHandled: 0
StatOverallItemsHandled: 621
StatOverallLinesHandled: 585
StatOverallOrdersHandled: 415
StatOverallCollisions: 0
StatOverallDistanceTraveled: 5481.286277932082
StatOverallDistanceEstimated: 5298
StatOverallAssignedTasks: 236
StatMaxMemoryUsed: 110,0078125
StatRealTimeUsed: 0.961076
StatAverageTurnoverTime: 540.3008766653244
StatMedianTurnoverTime: 386.14129869393605
StatLowerQuartileTurnoverTime: 155.28092352828583
StatUpperQuartileTurnoverTime: 890.0012049025258
StatAverageThroughputTime: 101.23326313020448
StatMedianThroughputTime: 20.402222222222207
StatLowerQuartileThroughputTime: 12.597222222222399
StatUpperQuartileThroughputTime: 81.74388888888888

Marked tag finished after 1 tries!
.Fin. - SUCCESS
<<< Welcome to the RAWSimO CLI >>>
The time is: 06/05/2024 18:20:00
Starting RAWSimO wrapper with the following arguments:
Instance: ..\..\..\..\Material\Instances\0.Weighted30min Demand separate\Da\Weighted2.xinst
Setting: ..\..\..\..\Material\Instances\0.Weighted30min Demand separate\Da\Weighted2.xsett
ControlConfig: ..\..\..\..\Material\Instances\0.Weighted30min Demand separate\Da\Weighted2.xconf
StatisticsDir: ..\..\..\..\Material\Instances\0.Weighted30min Demand separate\Da
Seed: 1
Additionally the following tag was passed: wlow
Adding handler for unhandled exceptions ...
Initializing ... 
Instance recognized!
Parsing setting config ...
Parsing control config ...
Parsing instance ...
StatisticsFolder: Weighted2-Da_wlow_2.csv-1
Done!
