Executing ... 
 21:30:05 | >>> Warming up ...
 00:00:00 | >>> Warmup finished - starting simulation ...
 Realtime |   ETA    |  Sim.Time  | Progress | #Orders | #Bundles | Inv. | Distance | #Coll. |   Memory    
 00:00:00 |   n/a    | 0.00:00:00 |  0.00%   |    0    |    0     | 60%  |    0     |   0    |  75.82MB  
 00:00:01 | Cannot generate further orders - suspending generation for now
 00:00:01 | Cannot generate further orders - suspending generation for now
 00:00:01 | Cannot generate further orders - suspending generation for now
 00:00:01 | Cannot generate further orders - suspending generation for now
 00:00:01 | Cannot generate further orders - suspending generation for now
 00:00:01 | Cannot generate further orders - suspending generation for now
 00:00:01 | Cannot generate further orders - suspending generation for now
 00:00:01 | Cannot generate further orders - suspending generation for now
 00:00:01 | 00:00:00 | 0.00:30:00 | 100.00%  |   452   |    0     | 18%  |   5176   |   0    |  74.50MB  
 00:00:01 | >>> Simulation finished - writing results ...
 00:00:01 | >>> Results written
Simulation finished.
>>> Timings
StatTimingPathPlanningAverage: 0.00013098124280782507
StatTimingPathPlanningOverall: 0.11382269999999998
StatTimingPathPlanningCount: 869
StatTimingTaskAllocationAverage: 0.002084593518518519
StatTimingTaskAllocationOverall: 0.4502722000000001
StatTimingTaskAllocationCount: 216
StatTimingItemStorageAverage: 1.3155619596541785E-06
StatTimingItemStorageOverall: 0.0009129999999999999
StatTimingItemStorageCount: 694
StatTimingPodStorageAverage: 0.001704916504854369
StatTimingPodStorageOverall: 0.1756064
StatTimingPodStorageCount: 103
StatTimingReplenishmentBatchingAverage: 7.8E-06
StatTimingReplenishmentBatchingOverall: 1.56E-05
StatTimingReplenishmentBatchingCount: 2
StatTimingOrderBatchingAverage: 0.00012093407894736859
StatTimingOrderBatchingOverall: 0.09190990000000013
StatTimingOrderBatchingCount: 760
>>> Overall
StatOverallBundlesPlaced: 0
StatOverallItemsOrdered: 667
StatOverallOrdersPlaced: 409
StatOverallBundlesRejected: 0
StatOverallOrdersRejected: 0
StatOverallBundlesHandled: 0
StatOverallItemsHandled: 704
StatOverallLinesHandled: 658
StatOverallOrdersHandled: 452
StatOverallCollisions: 0
StatOverallDistanceTraveled: 5176.1395386463655
StatOverallDistanceEstimated: 5012
StatOverallAssignedTasks: 216
StatMaxMemoryUsed: 75,6953125
StatRealTimeUsed: 1.3085154
StatAverageTurnoverTime: 430.62255505261027
StatMedianTurnoverTime: 292.1350937914176
StatLowerQuartileTurnoverTime: 104.11898268030183
StatUpperQuartileTurnoverTime: 649.7292640545409
StatAverageThroughputTime: 90.71481825219136
StatMedianThroughputTime: 20.6572222222228
StatLowerQuartileThroughputTime: 12.878333333333558
StatUpperQuartileThroughputTime: 71.1745382358573

Marked tag finished after 1 tries!
.Fin. - SUCCESS
<<< Welcome to the RAWSimO CLI >>>
The time is: 06/12/2024 21:30:06
Starting RAWSimO wrapper with the following arguments:
Instance: ..\..\..\..\Material\Instances\0.Weighted30min Demand separate\Da\Weighted2.xinst
Setting: ..\..\..\..\Material\Instances\0.Weighted30min Demand separate\Da\Weighted2.xsett
ControlConfig: ..\..\..\..\Material\Instances\0.Weighted30min Demand separate\Da\Weighted2.xconf
StatisticsDir: ..\..\..\..\Material\Instances\0.Weighted30min Demand separate\Da
Seed: 1
Additionally the following tag was passed: 1, 7.513, 0.052, 0.102, 0.11, 0.531
Adding handler for unhandled exceptions ...
Initializing ... 
Instance recognized!
Parsing setting config ...
Parsing control config ...
Parsing instance ...
StatisticsFolder: Weighted2-Da_[[1, 7.513, 0.052]]_1_[0.102, 0.11, 0.531].csv-1
Done!
