Executing ... 
 19:23:43 | >>> Warming up ...
 00:00:00 | >>> Warmup finished - starting simulation ...
 Realtime |   ETA    |  Sim.Time  | Progress | #Orders | #Bundles | Inv. | Distance | #Coll. |   Memory    
 00:00:00 |   n/a    | 0.00:00:00 |  0.00%   |    0    |    0     | 60%  |    0     |   0    | 106.57MB  
 00:00:00 | Cannot generate further orders - suspending generation for now
 00:00:00 | Cannot generate further orders - suspending generation for now
 00:00:00 | Cannot generate further orders - suspending generation for now
 00:00:00 | Cannot generate further orders - suspending generation for now
 00:00:00 | Cannot generate further orders - suspending generation for now
 00:00:00 | Cannot generate further orders - suspending generation for now
 00:00:00 | Cannot generate further orders - suspending generation for now
 00:00:01 | Cannot generate further orders - suspending generation for now
 00:00:01 | Cannot generate further orders - suspending generation for now
 00:00:01 | 00:00:00 | 0.00:30:00 | 100.00%  |   483   |    0     | 15%  |   4953   |   0    | 109.59MB  
 00:00:01 | >>> Simulation finished - writing results ...
 00:00:01 | >>> Results written
Simulation finished.
>>> Timings
StatTimingPathPlanningAverage: 9.385401197604787E-05
StatTimingPathPlanningOverall: 0.07836809999999997
StatTimingPathPlanningCount: 835
StatTimingTaskAllocationAverage: 0.0019014632558139529
StatTimingTaskAllocationOverall: 0.40881459999999986
StatTimingTaskAllocationCount: 215
StatTimingItemStorageAverage: 1.1197010869565206E-06
StatTimingItemStorageOverall: 0.0008240999999999992
StatTimingItemStorageCount: 736
StatTimingPodStorageAverage: 0.0017393184466019426
StatTimingPodStorageOverall: 0.17914980000000008
StatTimingPodStorageCount: 103
StatTimingReplenishmentBatchingAverage: 7.2E-06
StatTimingReplenishmentBatchingOverall: 1.44E-05
StatTimingReplenishmentBatchingCount: 2
StatTimingOrderBatchingAverage: 9.913282828282831E-05
StatTimingOrderBatchingOverall: 0.07851320000000002
StatTimingOrderBatchingCount: 792
>>> Overall
StatOverallBundlesPlaced: 0
StatOverallItemsOrdered: 660
StatOverallOrdersPlaced: 422
StatOverallBundlesRejected: 0
StatOverallOrdersRejected: 0
StatOverallBundlesHandled: 0
StatOverallItemsHandled: 754
StatOverallLinesHandled: 710
StatOverallOrdersHandled: 483
StatOverallCollisions: 0
StatOverallDistanceTraveled: 4952.864765886811
StatOverallDistanceEstimated: 4864
StatOverallAssignedTasks: 215
StatMaxMemoryUsed: 110,4609375
StatRealTimeUsed: 1.0481985
StatAverageTurnoverTime: 476.36355166284704
StatMedianTurnoverTime: 328.22546176414266
StatLowerQuartileTurnoverTime: 142.29852091615885
StatUpperQuartileTurnoverTime: 695.8476839863653
StatAverageThroughputTime: 98.98603449382192
StatMedianThroughputTime: 25.488333333332548
StatLowerQuartileThroughputTime: 15.923888888884449
StatUpperQuartileThroughputTime: 85.29120490252365

Marked tag finished after 1 tries!
.Fin. - SUCCESS
<<< Welcome to the RAWSimO CLI >>>
The time is: 06/25/2024 19:23:44
Starting RAWSimO wrapper with the following arguments:
Instance: ..\..\..\..\Material\Instances\10.Weighted30min Demand Gall\Dp\Weighted2.xinst
Setting: ..\..\..\..\Material\Instances\10.Weighted30min Demand Gall\Dp\Weighted2.xsett
ControlConfig: ..\..\..\..\Material\Instances\10.Weighted30min Demand Gall\Dp\Weighted2.xconf
StatisticsDir: ..\..\..\..\Material\Instances\10.Weighted30min Demand Gall\Dp
Seed: 6
Additionally the following tag was passed: 1, 0.9099999999999999, 1.0, 0.198, 0.213, 1.0
Adding handler for unhandled exceptions ...
Initializing ... 
Instance recognized!
Parsing setting config ...
Parsing control config ...
Parsing instance ...
StatisticsFolder: Weighted2-Dp_[[1, 0.9099999999999999, 1.0]]_3_[0.198, 0.213, 1.0].csv-6
Done!
