Executing ... 
 09:44:43 | >>> Warming up ...
 00:00:00 | >>> Warmup finished - starting simulation ...
 Realtime |   ETA    |  Sim.Time  | Progress | #Orders | #Bundles | Inv. | Distance | #Coll. |   Memory    
 00:00:00 |   n/a    | 0.00:00:00 |  0.00%   |    0    |    0     | 60%  |    0     |   0    |  89.16MB  
 00:00:01 | Cannot generate further orders - suspending generation for now
 00:00:01 | Cannot generate further orders - suspending generation for now
 00:00:01 | Cannot generate further orders - suspending generation for now
 00:00:01 | Cannot generate further orders - suspending generation for now
 00:00:01 | Cannot generate further orders - suspending generation for now
 00:00:01 | Cannot generate further orders - suspending generation for now
 00:00:01 | 00:00:00 | 0.00:30:00 | 100.00%  |   457   |    0     | 18%  |   5051   |   0    |  86.00MB  
 00:00:01 | >>> Simulation finished - writing results ...
 00:00:01 | >>> Results written
Simulation finished.
>>> Timings
StatTimingPathPlanningAverage: 0.00014616547756041422
StatTimingPathPlanningOverall: 0.12701779999999996
StatTimingPathPlanningCount: 869
StatTimingTaskAllocationAverage: 0.0026216345794392534
StatTimingTaskAllocationOverall: 0.5610298000000002
StatTimingTaskAllocationCount: 214
StatTimingItemStorageAverage: 1.492261904761903E-06
StatTimingItemStorageOverall: 0.0010027999999999988
StatTimingItemStorageCount: 672
StatTimingPodStorageAverage: 0.002257057281553398
StatTimingPodStorageOverall: 0.23247690000000001
StatTimingPodStorageCount: 103
StatTimingReplenishmentBatchingAverage: 8.55E-06
StatTimingReplenishmentBatchingOverall: 1.71E-05
StatTimingReplenishmentBatchingCount: 2
StatTimingOrderBatchingAverage: 0.00012455000000000002
StatTimingOrderBatchingOverall: 0.09515620000000001
StatTimingOrderBatchingCount: 764
>>> Overall
StatOverallBundlesPlaced: 0
StatOverallItemsOrdered: 667
StatOverallOrdersPlaced: 421
StatOverallBundlesRejected: 0
StatOverallOrdersRejected: 0
StatOverallBundlesHandled: 0
StatOverallItemsHandled: 692
StatOverallLinesHandled: 651
StatOverallOrdersHandled: 457
StatOverallCollisions: 0
StatOverallDistanceTraveled: 5051.2578659949295
StatOverallDistanceEstimated: 4851
StatOverallAssignedTasks: 214
StatMaxMemoryUsed: 89,21875
StatRealTimeUsed: 1.4772497
StatAverageTurnoverTime: 469.45382506294834
StatMedianTurnoverTime: 366.9840692787929
StatLowerQuartileTurnoverTime: 136.5018542494925
StatUpperQuartileTurnoverTime: 632.5886147075727
StatAverageThroughputTime: 96.98486341765523
StatMedianThroughputTime: 17.88222222222248
StatLowerQuartileThroughputTime: 12.928888888888878
StatUpperQuartileThroughputTime: 78.77629869393729

Marked tag finished after 1 tries!
.Fin. - SUCCESS
<<< Welcome to the RAWSimO CLI >>>
The time is: 06/13/2024 09:44:44
Starting RAWSimO wrapper with the following arguments:
Instance: ..\..\..\..\Material\Instances\0.Weighted30min Demand separate\Db\Weighted2.xinst
Setting: ..\..\..\..\Material\Instances\0.Weighted30min Demand separate\Db\Weighted2.xsett
ControlConfig: ..\..\..\..\Material\Instances\0.Weighted30min Demand separate\Db\Weighted2.xconf
StatisticsDir: ..\..\..\..\Material\Instances\0.Weighted30min Demand separate\Db
Seed: 2
Additionally the following tag was passed: 1, 0.5534, 0.794, 0.193, 0.345, 0.333
Adding handler for unhandled exceptions ...
Initializing ... 
Instance recognized!
Parsing setting config ...
Parsing control config ...
Parsing instance ...
StatisticsFolder: Weighted2-Db_[[1, 0.5534, 0.794]]_2_[0.193, 0.345, 0.333].csv-2
Done!
