Executing ... 
 19:20:32 | >>> Warming up ...
 00:00:00 | >>> Warmup finished - starting simulation ...
 Realtime |   ETA    |  Sim.Time  | Progress | #Orders | #Bundles | Inv. | Distance | #Coll. |   Memory    
 00:00:00 |   n/a    | 0.00:00:00 |  0.00%   |    0    |    0     | 60%  |    0     |   0    |  93.11MB  
 00:00:00 | Cannot generate further orders - suspending generation for now
 00:00:00 | Cannot generate further orders - suspending generation for now
 00:00:00 | Cannot generate further orders - suspending generation for now
 00:00:00 | Cannot generate further orders - suspending generation for now
 00:00:00 | Cannot generate further orders - suspending generation for now
 00:00:00 | Cannot generate further orders - suspending generation for now
 00:00:00 | Cannot generate further orders - suspending generation for now
 00:00:00 | Cannot generate further orders - suspending generation for now
 00:00:00 | Cannot generate further orders - suspending generation for now
 00:00:00 | Cannot generate further orders - suspending generation for now
 00:00:00 | 00:00:00 | 0.00:30:00 | 100.00%  |   487   |    0     | 16%  |   4930   |   0    |  97.12MB  
 00:00:00 | >>> Simulation finished - writing results ...
 00:00:00 | >>> Results written
Simulation finished.
>>> Timings
StatTimingPathPlanningAverage: 9.998311377245507E-05
StatTimingPathPlanningOverall: 0.08348589999999999
StatTimingPathPlanningCount: 835
StatTimingTaskAllocationAverage: 0.001665038647342994
StatTimingTaskAllocationOverall: 0.3446629999999998
StatTimingTaskAllocationCount: 207
StatTimingItemStorageAverage: 9.07456140350882E-07
StatTimingItemStorageOverall: 0.0006207000000000033
StatTimingItemStorageCount: 684
StatTimingPodStorageAverage: 0.0014695757575757587
StatTimingPodStorageOverall: 0.14548800000000012
StatTimingPodStorageCount: 99
StatTimingReplenishmentBatchingAverage: 1.14E-05
StatTimingReplenishmentBatchingOverall: 2.28E-05
StatTimingReplenishmentBatchingCount: 2
StatTimingOrderBatchingAverage: 8.839792207792205E-05
StatTimingOrderBatchingOverall: 0.06806639999999997
StatTimingOrderBatchingCount: 770
>>> Overall
StatOverallBundlesPlaced: 0
StatOverallItemsOrdered: 667
StatOverallOrdersPlaced: 426
StatOverallBundlesRejected: 0
StatOverallOrdersRejected: 0
StatOverallBundlesHandled: 0
StatOverallItemsHandled: 735
StatOverallLinesHandled: 687
StatOverallOrdersHandled: 487
StatOverallCollisions: 0
StatOverallDistanceTraveled: 4930.189697658003
StatOverallDistanceEstimated: 4795
StatOverallAssignedTasks: 207
StatMaxMemoryUsed: 97,125
StatRealTimeUsed: 0.9296951
StatAverageTurnoverTime: 449.7054784364834
StatMedianTurnoverTime: 323.56463202727286
StatLowerQuartileTurnoverTime: 169.11111111111165
StatUpperQuartileTurnoverTime: 552.9244444444446
StatAverageThroughputTime: 96.02114493503419
StatMedianThroughputTime: 24.076111111111686
StatLowerQuartileThroughputTime: 14.59148627676143
StatUpperQuartileThroughputTime: 82.05277777777803

Marked tag finished after 1 tries!
.Fin. - SUCCESS
<<< Welcome to the RAWSimO CLI >>>
The time is: 06/25/2024 19:20:33
Starting RAWSimO wrapper with the following arguments:
Instance: ..\..\..\..\Material\Instances\10.Weighted30min Demand Gall\Dp\Weighted2.xinst
Setting: ..\..\..\..\Material\Instances\10.Weighted30min Demand Gall\Dp\Weighted2.xsett
ControlConfig: ..\..\..\..\Material\Instances\10.Weighted30min Demand Gall\Dp\Weighted2.xconf
StatisticsDir: ..\..\..\..\Material\Instances\10.Weighted30min Demand Gall\Dp
Seed: 6
Additionally the following tag was passed: 1, 0.19, 1.0, 0.12, 0.627, 1.0
Adding handler for unhandled exceptions ...
Initializing ... 
Instance recognized!
Parsing setting config ...
Parsing control config ...
Parsing instance ...
StatisticsFolder: Weighted2-Dp_[[1, 0.19, 1.0]]_3_[0.12, 0.627, 1.0].csv-6
Done!
