Executing ... 
 13:59:33 | >>> Warming up ...
 00:00:00 | >>> Warmup finished - starting simulation ...
 Realtime |   ETA    |  Sim.Time  | Progress | #Orders | #Bundles | Inv. | Distance | #Coll. |   Memory    
 00:00:00 |   n/a    | 0.00:00:00 |  0.00%   |    0    |    0     | 60%  |    0     |   0    |  89.89MB  
 00:00:00 | Cannot generate further orders - suspending generation for now
 00:00:00 | Cannot generate further orders - suspending generation for now
 00:00:00 | Cannot generate further orders - suspending generation for now
 00:00:00 | Cannot generate further orders - suspending generation for now
 00:00:00 | Cannot generate further orders - suspending generation for now
 00:00:00 | Cannot generate further orders - suspending generation for now
 00:00:00 | Cannot generate further orders - suspending generation for now
 00:00:00 | Cannot generate further orders - suspending generation for now
 00:00:00 | Cannot generate further orders - suspending generation for now
 00:00:00 | Cannot generate further orders - suspending generation for now
 00:00:00 | Cannot generate further orders - suspending generation for now
 00:00:00 | 00:00:00 | 0.00:30:00 | 100.00%  |   473   |    0     | 18%  |   5034   |   0    |  88.02MB  
 00:00:00 | >>> Simulation finished - writing results ...
 00:00:01 | >>> Results written
Simulation finished.
>>> Timings
StatTimingPathPlanningAverage: 9.318890200708384E-05
StatTimingPathPlanningOverall: 0.07893100000000002
StatTimingPathPlanningCount: 847
StatTimingTaskAllocationAverage: 0.0015841747572815537
StatTimingTaskAllocationOverall: 0.3263400000000001
StatTimingTaskAllocationCount: 206
StatTimingItemStorageAverage: 1.07324364723468E-06
StatTimingItemStorageOverall: 0.000718000000000001
StatTimingItemStorageCount: 669
StatTimingPodStorageAverage: 0.0015231010204081632
StatTimingPodStorageOverall: 0.1492639
StatTimingPodStorageCount: 98
StatTimingReplenishmentBatchingAverage: 9.35E-06
StatTimingReplenishmentBatchingOverall: 1.87E-05
StatTimingReplenishmentBatchingCount: 2
StatTimingOrderBatchingAverage: 8.438602442333792E-05
StatTimingOrderBatchingOverall: 0.062192500000000046
StatTimingOrderBatchingCount: 737
>>> Overall
StatOverallBundlesPlaced: 0
StatOverallItemsOrdered: 643
StatOverallOrdersPlaced: 420
StatOverallBundlesRejected: 0
StatOverallOrdersRejected: 0
StatOverallBundlesHandled: 0
StatOverallItemsHandled: 702
StatOverallLinesHandled: 665
StatOverallOrdersHandled: 473
StatOverallCollisions: 0
StatOverallDistanceTraveled: 5034.005338888886
StatOverallDistanceEstimated: 4777
StatOverallAssignedTasks: 206
StatMaxMemoryUsed: 91,39453125
StatRealTimeUsed: 0.9450671
StatAverageTurnoverTime: 437.9085520677707
StatMedianTurnoverTime: 291.8524098050475
StatLowerQuartileTurnoverTime: 123.33093072120869
StatUpperQuartileTurnoverTime: 615.2602813742385
StatAverageThroughputTime: 89.50892017376836
StatMedianThroughputTime: 20.05500000000029
StatLowerQuartileThroughputTime: 12.70147908384115
StatUpperQuartileThroughputTime: 77.41833333333341

Marked tag finished after 1 tries!
.Fin. - SUCCESS
<<< Welcome to the RAWSimO CLI >>>
The time is: 06/07/2024 13:59:34
Starting RAWSimO wrapper with the following arguments:
Instance: ..\..\..\..\Material\Instances\0.Weighted30min Demand separate\Da\Weighted2.xinst
Setting: ..\..\..\..\Material\Instances\0.Weighted30min Demand separate\Da\Weighted2.xsett
ControlConfig: ..\..\..\..\Material\Instances\0.Weighted30min Demand separate\Da\Weighted2.xconf
StatisticsDir: ..\..\..\..\Material\Instances\0.Weighted30min Demand separate\Da
Seed: 1
Additionally the following tag was passed: [[1, 0.052, 4]]
Adding handler for unhandled exceptions ...
Initializing ... 
Instance recognized!
Parsing setting config ...
Parsing control config ...
Parsing instance ...
StatisticsFolder: Weighted2-Da_[[1, 0.052, 4]]_2.csv-1
Done!
