Executing ... 
 09:48:06 | >>> Warming up ...
 00:00:00 | >>> Warmup finished - starting simulation ...
 Realtime |   ETA    |  Sim.Time  | Progress | #Orders | #Bundles | Inv. | Distance | #Coll. |   Memory    
 00:00:00 |   n/a    | 0.00:00:00 |  0.00%   |    0    |    0     | 60%  |    0     |   0    |  92.45MB  
 00:00:00 | Cannot generate further orders - suspending generation for now
 00:00:00 | Cannot generate further orders - suspending generation for now
 00:00:00 | Cannot generate further orders - suspending generation for now
 00:00:00 | Cannot generate further orders - suspending generation for now
 00:00:00 | Cannot generate further orders - suspending generation for now
 00:00:00 | Cannot generate further orders - suspending generation for now
 00:00:00 | Cannot generate further orders - suspending generation for now
 00:00:00 | Cannot generate further orders - suspending generation for now
 00:00:00 | Cannot generate further orders - suspending generation for now
 00:00:00 | Cannot generate further orders - suspending generation for now
 00:00:01 | Cannot generate further orders - suspending generation for now
 00:00:01 | Cannot generate further orders - suspending generation for now
 00:00:01 | Cannot generate further orders - suspending generation for now
 00:00:01 | 00:00:00 | 0.00:30:00 | 100.00%  |   501   |    0     | 13%  |   4969   |   0    |  92.37MB  
 00:00:01 | >>> Simulation finished - writing results ...
 00:00:01 | >>> Results written
Simulation finished.
>>> Timings
StatTimingPathPlanningAverage: 9.35555555555555E-05
StatTimingPathPlanningOverall: 0.07746399999999996
StatTimingPathPlanningCount: 828
StatTimingTaskAllocationAverage: 0.0018333948356807515
StatTimingTaskAllocationOverall: 0.39051310000000006
StatTimingTaskAllocationCount: 213
StatTimingItemStorageAverage: 1.0207397622192888E-06
StatTimingItemStorageOverall: 0.0007727000000000017
StatTimingItemStorageCount: 757
StatTimingPodStorageAverage: 0.0015494892156862746
StatTimingPodStorageOverall: 0.15804790000000002
StatTimingPodStorageCount: 102
StatTimingReplenishmentBatchingAverage: 8.25E-06
StatTimingReplenishmentBatchingOverall: 1.65E-05
StatTimingReplenishmentBatchingCount: 2
StatTimingOrderBatchingAverage: 0.00010492282051282044
StatTimingOrderBatchingOverall: 0.08183979999999995
StatTimingOrderBatchingCount: 780
>>> Overall
StatOverallBundlesPlaced: 0
StatOverallItemsOrdered: 661
StatOverallOrdersPlaced: 416
StatOverallBundlesRejected: 0
StatOverallOrdersRejected: 0
StatOverallBundlesHandled: 0
StatOverallItemsHandled: 775
StatOverallLinesHandled: 734
StatOverallOrdersHandled: 501
StatOverallCollisions: 0
StatOverallDistanceTraveled: 4969.1714381787315
StatOverallDistanceEstimated: 4881
StatOverallAssignedTasks: 213
StatMaxMemoryUsed: 92,37109375
StatRealTimeUsed: 1.0635109
StatAverageTurnoverTime: 441.39652074651923
StatMedianTurnoverTime: 275.17185424949236
StatLowerQuartileTurnoverTime: 116.69203463939618
StatUpperQuartileTurnoverTime: 632.7530663449398
StatAverageThroughputTime: 91.18080977926958
StatMedianThroughputTime: 25.072308820713488
StatLowerQuartileThroughputTime: 15.99222222222221
StatUpperQuartileThroughputTime: 77.90546176414256

Marked tag finished after 1 tries!
.Fin. - SUCCESS
<<< Welcome to the RAWSimO CLI >>>
The time is: 06/13/2024 09:48:07
Starting RAWSimO wrapper with the following arguments:
Instance: ..\..\..\..\Material\Instances\0.Weighted30min Demand separate\Dc\Weighted2.xinst
Setting: ..\..\..\..\Material\Instances\0.Weighted30min Demand separate\Dc\Weighted2.xsett
ControlConfig: ..\..\..\..\Material\Instances\0.Weighted30min Demand separate\Dc\Weighted2.xconf
StatisticsDir: ..\..\..\..\Material\Instances\0.Weighted30min Demand separate\Dc
Seed: 1
Additionally the following tag was passed: 1, 0.058, 0.058, 0.084, 0.229, 0.692
Adding handler for unhandled exceptions ...
Initializing ... 
Instance recognized!
Parsing setting config ...
Parsing control config ...
Parsing instance ...
StatisticsFolder: Weighted2-Dc_[[1, 0.058, 0.058]]_3_[0.084, 0.229, 0.692].csv-1
Done!
