Executing ... 
 19:25:33 | >>> Warming up ...
 00:00:00 | >>> Warmup finished - starting simulation ...
 Realtime |   ETA    |  Sim.Time  | Progress | #Orders | #Bundles | Inv. | Distance | #Coll. |   Memory    
 00:00:00 |   n/a    | 0.00:00:00 |  0.00%   |    0    |    0     | 60%  |    0     |   0    | 145.93MB  
 00:00:00 | Cannot generate further orders - suspending generation for now
 00:00:00 | Cannot generate further orders - suspending generation for now
 00:00:00 | Cannot generate further orders - suspending generation for now
 00:00:00 | Cannot generate further orders - suspending generation for now
 00:00:00 | Cannot generate further orders - suspending generation for now
 00:00:00 | Cannot generate further orders - suspending generation for now
 00:00:00 | Cannot generate further orders - suspending generation for now
 00:00:00 | Cannot generate further orders - suspending generation for now
 00:00:00 | Cannot generate further orders - suspending generation for now
 00:00:00 | 00:00:00 | 0.00:30:00 | 100.00%  |   496   |    0     | 15%  |   4903   |   0    | 140.80MB  
 00:00:00 | >>> Simulation finished - writing results ...
 00:00:00 | >>> Results written
Simulation finished.
>>> Timings
StatTimingPathPlanningAverage: 8.237828220858897E-05
StatTimingPathPlanningOverall: 0.06713830000000001
StatTimingPathPlanningCount: 815
StatTimingTaskAllocationAverage: 0.001683727962085308
StatTimingTaskAllocationOverall: 0.3552666
StatTimingTaskAllocationCount: 211
StatTimingItemStorageAverage: 8.801379310344866E-07
StatTimingItemStorageOverall: 0.0006381000000000028
StatTimingItemStorageCount: 725
StatTimingPodStorageAverage: 0.0014232217821782181
StatTimingPodStorageOverall: 0.14374540000000002
StatTimingPodStorageCount: 101
StatTimingReplenishmentBatchingAverage: 7.1E-06
StatTimingReplenishmentBatchingOverall: 1.42E-05
StatTimingReplenishmentBatchingCount: 2
StatTimingOrderBatchingAverage: 0.00011171319796954319
StatTimingOrderBatchingOverall: 0.08803000000000004
StatTimingOrderBatchingCount: 788
>>> Overall
StatOverallBundlesPlaced: 0
StatOverallItemsOrdered: 667
StatOverallOrdersPlaced: 425
StatOverallBundlesRejected: 0
StatOverallOrdersRejected: 0
StatOverallBundlesHandled: 0
StatOverallItemsHandled: 755
StatOverallLinesHandled: 709
StatOverallOrdersHandled: 496
StatOverallCollisions: 0
StatOverallDistanceTraveled: 4903.310956056473
StatOverallDistanceEstimated: 4775
StatOverallAssignedTasks: 211
StatMaxMemoryUsed: 144,57421875
StatRealTimeUsed: 0.9259669
StatAverageTurnoverTime: 478.80193260529165
StatMedianTurnoverTime: 371.14231601363485
StatLowerQuartileTurnoverTime: 133.8011111111112
StatUpperQuartileTurnoverTime: 678.1882467348477
StatAverageThroughputTime: 94.52361232983881
StatMedianThroughputTime: 20.839999999999918
StatLowerQuartileThroughputTime: 13.897409805048483
StatUpperQuartileThroughputTime: 75.11777777777777

Marked tag finished after 1 tries!
.Fin. - SUCCESS
<<< Welcome to the RAWSimO CLI >>>
The time is: 06/25/2024 19:25:34
Starting RAWSimO wrapper with the following arguments:
Instance: ..\..\..\..\Material\Instances\10.Weighted30min Demand Gall\Dr\Weighted2.xinst
Setting: ..\..\..\..\Material\Instances\10.Weighted30min Demand Gall\Dr\Weighted2.xsett
ControlConfig: ..\..\..\..\Material\Instances\10.Weighted30min Demand Gall\Dr\Weighted2.xconf
StatisticsDir: ..\..\..\..\Material\Instances\10.Weighted30min Demand Gall\Dr
Seed: 6
Additionally the following tag was passed: 1, 0.4436363636363637, 1.0, 0.157, 0.352, 1.0
Adding handler for unhandled exceptions ...
Initializing ... 
Instance recognized!
Parsing setting config ...
Parsing control config ...
Parsing instance ...
StatisticsFolder: Weighted2-Dr_[[1, 0.4436363636363637, 1.0]]_2_[0.157, 0.352, 1.0].csv-6
Done!
