Executing ... 
 19:10:07 | >>> Warming up ...
 00:00:00 | >>> Warmup finished - starting simulation ...
 Realtime |   ETA    |  Sim.Time  | Progress | #Orders | #Bundles | Inv. | Distance | #Coll. |   Memory    
 00:00:00 |   n/a    | 0.00:00:00 |  0.00%   |    0    |    0     | 60%  |    0     |   0    |  81.74MB  
 00:00:00 | Cannot generate further orders - suspending generation for now
 00:00:00 | Cannot generate further orders - suspending generation for now
 00:00:00 | Cannot generate further orders - suspending generation for now
 00:00:00 | Cannot generate further orders - suspending generation for now
 00:00:00 | Cannot generate further orders - suspending generation for now
 00:00:00 | Cannot generate further orders - suspending generation for now
 00:00:00 | Cannot generate further orders - suspending generation for now
 00:00:00 | Cannot generate further orders - suspending generation for now
 00:00:00 | Cannot generate further orders - suspending generation for now
 00:00:01 | Cannot generate further orders - suspending generation for now
 00:00:01 | 00:00:00 | 0.00:30:00 | 100.00%  |   457   |    0     | 18%  |   5118   |   0    |  84.00MB  
 00:00:01 | >>> Simulation finished - writing results ...
 00:00:01 | >>> Results written
Simulation finished.
>>> Timings
StatTimingPathPlanningAverage: 9.589028901734099E-05
StatTimingPathPlanningOverall: 0.08294509999999995
StatTimingPathPlanningCount: 865
StatTimingTaskAllocationAverage: 0.001759443333333333
StatTimingTaskAllocationOverall: 0.36948309999999995
StatTimingTaskAllocationCount: 210
StatTimingItemStorageAverage: 1.0190546528803588E-06
StatTimingItemStorageOverall: 0.0006899000000000029
StatTimingItemStorageCount: 677
StatTimingPodStorageAverage: 0.0014542194174757288
StatTimingPodStorageOverall: 0.14978460000000007
StatTimingPodStorageCount: 103
StatTimingReplenishmentBatchingAverage: 7.9E-06
StatTimingReplenishmentBatchingOverall: 1.58E-05
StatTimingReplenishmentBatchingCount: 2
StatTimingOrderBatchingAverage: 0.0001261948207171316
StatTimingOrderBatchingOverall: 0.09502470000000009
StatTimingOrderBatchingCount: 753
>>> Overall
StatOverallBundlesPlaced: 0
StatOverallItemsOrdered: 634
StatOverallOrdersPlaced: 406
StatOverallBundlesRejected: 0
StatOverallOrdersRejected: 0
StatOverallBundlesHandled: 0
StatOverallItemsHandled: 693
StatOverallLinesHandled: 652
StatOverallOrdersHandled: 457
StatOverallCollisions: 0
StatOverallDistanceTraveled: 5118.28327717037
StatOverallDistanceEstimated: 4889
StatOverallAssignedTasks: 210
StatMaxMemoryUsed: 87,98046875
StatRealTimeUsed: 1.0683054
StatAverageTurnoverTime: 449.47921208541925
StatMedianTurnoverTime: 294.9291702631282
StatLowerQuartileTurnoverTime: 119.04176045807961
StatUpperQuartileTurnoverTime: 643.3532467348423
StatAverageThroughputTime: 92.15623890612319
StatMedianThroughputTime: 21.09740980504796
StatLowerQuartileThroughputTime: 12.960836929794084
StatUpperQuartileThroughputTime: 82.42629869393863

Marked tag finished after 1 tries!
.Fin. - SUCCESS
<<< Welcome to the RAWSimO CLI >>>
The time is: 06/12/2024 19:10:08
Starting RAWSimO wrapper with the following arguments:
Instance: ..\..\..\..\Material\Instances\0.Weighted30min Demand separate\Da\Weighted2.xinst
Setting: ..\..\..\..\Material\Instances\0.Weighted30min Demand separate\Da\Weighted2.xsett
ControlConfig: ..\..\..\..\Material\Instances\0.Weighted30min Demand separate\Da\Weighted2.xconf
StatisticsDir: ..\..\..\..\Material\Instances\0.Weighted30min Demand separate\Da
Seed: 2
Additionally the following tag was passed: [[1, 1, 1]]
Adding handler for unhandled exceptions ...
Initializing ... 
Instance recognized!
Parsing setting config ...
Parsing control config ...
Parsing instance ...
StatisticsFolder: Weighted2-Da_[[1, 1, 1]]_1.csv-2
Done!
