Executing ... 
 16:48:03 | >>> Warming up ...
 00:00:00 | >>> Warmup finished - starting simulation ...
 Realtime |   ETA    |  Sim.Time  | Progress | #Orders | #Bundles | Inv. | Distance | #Coll. |   Memory    
 00:00:00 |   n/a    | 0.00:00:00 |  0.00%   |    0    |    0     | 60%  |    0     |   0    | 100.49MB  
 00:00:00 | Cannot generate further orders - suspending generation for now
 00:00:00 | Cannot generate further orders - suspending generation for now
 00:00:00 | Cannot generate further orders - suspending generation for now
 00:00:00 | Cannot generate further orders - suspending generation for now
 00:00:00 | Cannot generate further orders - suspending generation for now
 00:00:00 | 00:00:00 | 0.00:30:00 | 100.00%  |   422   |    0     | 22%  |   5618   |   0    |  97.16MB  
 00:00:00 | >>> Simulation finished - writing results ...
 00:00:01 | >>> Results written
Simulation finished.
>>> Timings
StatTimingPathPlanningAverage: 8.936907216494839E-05
StatTimingPathPlanningOverall: 0.07801919999999994
StatTimingPathPlanningCount: 873
StatTimingTaskAllocationAverage: 0.0014572090517241385
StatTimingTaskAllocationOverall: 0.33807250000000016
StatTimingTaskAllocationCount: 232
StatTimingItemStorageAverage: 1.0649434571890151E-06
StatTimingItemStorageOverall: 0.0006592000000000004
StatTimingItemStorageCount: 619
StatTimingPodStorageAverage: 0.001295457657657658
StatTimingPodStorageOverall: 0.14379580000000003
StatTimingPodStorageCount: 111
StatTimingReplenishmentBatchingAverage: 8.15E-06
StatTimingReplenishmentBatchingOverall: 1.63E-05
StatTimingReplenishmentBatchingCount: 2
StatTimingOrderBatchingAverage: 9.46751344086022E-05
StatTimingOrderBatchingOverall: 0.07043830000000004
StatTimingOrderBatchingCount: 744
>>> Overall
StatOverallBundlesPlaced: 0
StatOverallItemsOrdered: 657
StatOverallOrdersPlaced: 414
StatOverallBundlesRejected: 0
StatOverallOrdersRejected: 0
StatOverallBundlesHandled: 0
StatOverallItemsHandled: 630
StatOverallLinesHandled: 592
StatOverallOrdersHandled: 422
StatOverallCollisions: 0
StatOverallDistanceTraveled: 5617.556493856019
StatOverallDistanceEstimated: 5466
StatOverallAssignedTasks: 232
StatMaxMemoryUsed: 100,4921875
StatRealTimeUsed: 0.9746296
StatAverageTurnoverTime: 504.8226686046236
StatMedianTurnoverTime: 422.75444444444656
StatLowerQuartileTurnoverTime: 176.9475035964615
StatUpperQuartileTurnoverTime: 687.9736147075748
StatAverageThroughputTime: 105.57997838748949
StatMedianThroughputTime: 19.901666666667097
StatLowerQuartileThroughputTime: 12.438333333333333
StatUpperQuartileThroughputTime: 81.66666666666629

Marked tag finished after 1 tries!
.Fin. - SUCCESS
<<< Welcome to the RAWSimO CLI >>>
The time is: 06/03/2024 16:48:04
Starting RAWSimO wrapper with the following arguments:
Instance: ..\..\..\..\Material\Instances\0.Weighted30min\Weighted2.xinst
Setting: ..\..\..\..\Material\Instances\0.Weighted30min\Weighted2.xsett
ControlConfig: ..\..\..\..\Material\Instances\0.Weighted30min\Weighted2.xconf
StatisticsDir: ..\..\..\..\Material\Instances\0.Weighted30min
Seed: 2
Additionally the following tag was passed: Dbwlow
Adding handler for unhandled exceptions ...
Initializing ... 
Instance recognized!
Parsing setting config ...
Parsing control config ...
Parsing instance ...
StatisticsFolder: Weighted2-Db_wlow_2.csv-2
Done!
