Executing ... 
 16:22:05 | >>> Warming up ...
 00:00:00 | >>> Warmup finished - starting simulation ...
 Realtime |   ETA    |  Sim.Time  | Progress | #Orders | #Bundles | Inv. | Distance | #Coll. |   Memory    
 00:00:00 |   n/a    | 0.00:00:00 |  0.00%   |    0    |    0     | 83%  |    0     |   0    |  99.22MB  
 00:00:00 | Reactivating bundle generation paused by inventory+reserved+backlog level (currently at: 0.6491666666666667)
 00:00:00 | Cannot generate further orders - suspending generation for now
 00:00:00 | Cannot generate further orders - suspending generation for now
 00:00:00 | Cannot generate further orders - suspending generation for now
 00:00:00 | Cannot generate further orders - suspending generation for now
 00:00:00 | Cannot generate further orders - suspending generation for now
 00:00:00 | Cannot generate further orders - suspending generation for now
 00:00:00 | Cannot generate further orders - suspending generation for now
 00:00:00 | Cannot generate further orders - suspending generation for now
 00:00:00 | Cannot generate further orders - suspending generation for now
 00:00:00 | 00:00:00 | 0.00:30:00 | 100.00%  |   500   |    0     | 19%  |   4632   |   0    |  96.25MB  
 00:00:00 | >>> Simulation finished - writing results ...
 00:00:00 | >>> Results written
Simulation finished.
>>> Timings
StatTimingPathPlanningAverage: 9.3168827586207E-05
StatTimingPathPlanningOverall: 0.06754740000000008
StatTimingPathPlanningCount: 725
StatTimingTaskAllocationAverage: 0.0014423293814433
StatTimingTaskAllocationOverall: 0.27981190000000017
StatTimingTaskAllocationCount: 194
StatTimingItemStorageAverage: 1.086887417218542E-06
StatTimingItemStorageOverall: 0.0008205999999999992
StatTimingItemStorageCount: 755
StatTimingPodStorageAverage: 0.0009725413043478255
StatTimingPodStorageOverall: 0.08947379999999995
StatTimingPodStorageCount: 92
StatTimingReplenishmentBatchingAverage: 8.74E-06
StatTimingReplenishmentBatchingOverall: 4.37E-05
StatTimingReplenishmentBatchingCount: 5
StatTimingOrderBatchingAverage: 8.894268440145097E-05
StatTimingOrderBatchingOverall: 0.07355559999999996
StatTimingOrderBatchingCount: 827
>>> Overall
StatOverallBundlesPlaced: 180
StatOverallItemsOrdered: 661
StatOverallOrdersPlaced: 420
StatOverallBundlesRejected: 0
StatOverallOrdersRejected: 0
StatOverallBundlesHandled: 0
StatOverallItemsHandled: 775
StatOverallLinesHandled: 731
StatOverallOrdersHandled: 500
StatOverallCollisions: 0
StatOverallDistanceTraveled: 4631.689331178006
StatOverallDistanceEstimated: 4577
StatOverallAssignedTasks: 194
StatMaxMemoryUsed: 99,9375
StatRealTimeUsed: 0.9373311
StatAverageTurnoverTime: 445.39392637554863
StatMedianTurnoverTime: 283.22453823585727
StatLowerQuartileTurnoverTime: 124.5950937914132
StatUpperQuartileTurnoverTime: 659.512034639395
StatAverageThroughputTime: 85.34261455953123
StatMedianThroughputTime: 31.51888888888891
StatLowerQuartileThroughputTime: 20.49509379141287
StatUpperQuartileThroughputTime: 71.40907647171548

Marked tag finished after 1 tries!
.Fin. - SUCCESS
<<< Welcome to the RAWSimO CLI >>>
The time is: 06/03/2024 16:22:06
Starting RAWSimO wrapper with the following arguments:
Instance: ..\..\..\..\Material\Instances\0.Weighted30min\Weighted6.xinst
Setting: ..\..\..\..\Material\Instances\0.Weighted30min\WeightedScenario.xsett
ControlConfig: ..\..\..\..\Material\Instances\0.Weighted30min\WeightedScenario.xconf
StatisticsDir: ..\..\..\..\Material\Instances\0.Weighted30min
Seed: 1
Additionally the following tag was passed: Ddwhigh
Adding handler for unhandled exceptions ...
Initializing ... 
Instance recognized!
Parsing setting config ...
Parsing control config ...
Parsing instance ...
StatisticsFolder: WeightedScenario-Dd_whigh_2.csv-1
Done!
