Executing ... 
 09:40:59 | >>> Warming up ...
 00:00:00 | >>> Warmup finished - starting simulation ...
 Realtime |   ETA    |  Sim.Time  | Progress | #Orders | #Bundles | Inv. | Distance | #Coll. |   Memory    
 00:00:00 |   n/a    | 0.00:00:00 |  0.00%   |    0    |    0     | 60%  |    0     |   0    |  88.96MB  
 00:00:00 | Cannot generate further orders - suspending generation for now
 00:00:00 | Cannot generate further orders - suspending generation for now
 00:00:00 | Cannot generate further orders - suspending generation for now
 00:00:00 | Cannot generate further orders - suspending generation for now
 00:00:00 | Cannot generate further orders - suspending generation for now
 00:00:00 | Cannot generate further orders - suspending generation for now
 00:00:00 | Cannot generate further orders - suspending generation for now
 00:00:01 | Cannot generate further orders - suspending generation for now
 00:00:01 | Cannot generate further orders - suspending generation for now
 00:00:01 | Cannot generate further orders - suspending generation for now
 00:00:01 | Cannot generate further orders - suspending generation for now
 00:00:01 | 00:00:00 | 0.00:30:00 | 100.00%  |   478   |    0     | 16%  |   5170   |   0    |  83.92MB  
 00:00:01 | >>> Simulation finished - writing results ...
 00:00:01 | >>> Results written
Simulation finished.
>>> Timings
StatTimingPathPlanningAverage: 0.00011232757306226177
StatTimingPathPlanningOverall: 0.08840180000000002
StatTimingPathPlanningCount: 787
StatTimingTaskAllocationAverage: 0.0018019334862385333
StatTimingTaskAllocationOverall: 0.39282150000000027
StatTimingTaskAllocationCount: 218
StatTimingItemStorageAverage: 1.044209039548025E-06
StatTimingItemStorageOverall: 0.0007393000000000018
StatTimingItemStorageCount: 708
StatTimingPodStorageAverage: 0.001495004761904762
StatTimingPodStorageOverall: 0.15697550000000002
StatTimingPodStorageCount: 105
StatTimingReplenishmentBatchingAverage: 8.400000000000001E-06
StatTimingReplenishmentBatchingOverall: 1.6800000000000002E-05
StatTimingReplenishmentBatchingCount: 2
StatTimingOrderBatchingAverage: 0.00014151274382314695
StatTimingOrderBatchingOverall: 0.1088233
StatTimingOrderBatchingCount: 769
>>> Overall
StatOverallBundlesPlaced: 0
StatOverallItemsOrdered: 643
StatOverallOrdersPlaced: 409
StatOverallBundlesRejected: 0
StatOverallOrdersRejected: 0
StatOverallBundlesHandled: 0
StatOverallItemsHandled: 725
StatOverallLinesHandled: 686
StatOverallOrdersHandled: 478
StatOverallCollisions: 0
StatOverallDistanceTraveled: 5169.976704852744
StatOverallDistanceEstimated: 5076
StatOverallAssignedTasks: 218
StatMaxMemoryUsed: 88,8203125
StatRealTimeUsed: 1.1117596
StatAverageTurnoverTime: 481.1357662426171
StatMedianTurnoverTime: 392.006767651005
StatLowerQuartileTurnoverTime: 139.43668105251066
StatUpperQuartileTurnoverTime: 691.1232395419205
StatAverageThroughputTime: 100.92002340815837
StatMedianThroughputTime: 23.147777777777947
StatLowerQuartileThroughputTime: 13.420093791412796
StatUpperQuartileThroughputTime: 82.15444444444404

Marked tag finished after 1 tries!
.Fin. - SUCCESS
<<< Welcome to the RAWSimO CLI >>>
The time is: 06/13/2024 09:41:00
Starting RAWSimO wrapper with the following arguments:
Instance: ..\..\..\..\Material\Instances\0.Weighted30min Demand separate\Da\Weighted2.xinst
Setting: ..\..\..\..\Material\Instances\0.Weighted30min Demand separate\Da\Weighted2.xsett
ControlConfig: ..\..\..\..\Material\Instances\0.Weighted30min Demand separate\Da\Weighted2.xconf
StatisticsDir: ..\..\..\..\Material\Instances\0.Weighted30min Demand separate\Da
Seed: 2
Additionally the following tag was passed: 1, 8.0104, 0.052, 0.129, 0.1, 0.484
Adding handler for unhandled exceptions ...
Initializing ... 
Instance recognized!
Parsing setting config ...
Parsing control config ...
Parsing instance ...
StatisticsFolder: Weighted2-Da_[[1, 8.0104, 0.052]]_3_[0.129, 0.1, 0.484].csv-2
Done!
