Executing ... 
 19:28:12 | >>> Warming up ...
 00:00:00 | >>> Warmup finished - starting simulation ...
 Realtime |   ETA    |  Sim.Time  | Progress | #Orders | #Bundles | Inv. | Distance | #Coll. |   Memory    
 00:00:00 |   n/a    | 0.00:00:00 |  0.00%   |    0    |    0     | 60%  |    0     |   0    | 120.17MB  
 00:00:00 | Cannot generate further orders - suspending generation for now
 00:00:00 | Cannot generate further orders - suspending generation for now
 00:00:00 | Cannot generate further orders - suspending generation for now
 00:00:00 | Cannot generate further orders - suspending generation for now
 00:00:00 | Cannot generate further orders - suspending generation for now
 00:00:00 | Cannot generate further orders - suspending generation for now
 00:00:00 | Cannot generate further orders - suspending generation for now
 00:00:00 | Cannot generate further orders - suspending generation for now
 00:00:00 | 00:00:00 | 0.00:30:00 | 100.00%  |   466   |    0     | 17%  |   5178   |   0    | 115.97MB  
 00:00:00 | >>> Simulation finished - writing results ...
 00:00:00 | >>> Results written
Simulation finished.
>>> Timings
StatTimingPathPlanningAverage: 7.691695121951226E-05
StatTimingPathPlanningOverall: 0.06307190000000006
StatTimingPathPlanningCount: 820
StatTimingTaskAllocationAverage: 0.0017110213270142163
StatTimingTaskAllocationOverall: 0.36102549999999967
StatTimingTaskAllocationCount: 211
StatTimingItemStorageAverage: 8.425844346549258E-07
StatTimingItemStorageOverall: 0.0005738000000000045
StatTimingItemStorageCount: 681
StatTimingPodStorageAverage: 0.0013697558823529408
StatTimingPodStorageOverall: 0.13971509999999995
StatTimingPodStorageCount: 102
StatTimingReplenishmentBatchingAverage: 7.7E-06
StatTimingReplenishmentBatchingOverall: 1.54E-05
StatTimingReplenishmentBatchingCount: 2
StatTimingOrderBatchingAverage: 7.922738095238093E-05
StatTimingOrderBatchingOverall: 0.05989589999999999
StatTimingOrderBatchingCount: 756
>>> Overall
StatOverallBundlesPlaced: 0
StatOverallItemsOrdered: 664
StatOverallOrdersPlaced: 425
StatOverallBundlesRejected: 0
StatOverallOrdersRejected: 0
StatOverallBundlesHandled: 0
StatOverallItemsHandled: 716
StatOverallLinesHandled: 672
StatOverallOrdersHandled: 466
StatOverallCollisions: 0
StatOverallDistanceTraveled: 5178.156252427079
StatOverallDistanceEstimated: 4999
StatOverallAssignedTasks: 211
StatMaxMemoryUsed: 120,84375
StatRealTimeUsed: 0.9113616
StatAverageTurnoverTime: 464.87027541760085
StatMedianTurnoverTime: 323.4109235282847
StatLowerQuartileTurnoverTime: 151.76000000000045
StatUpperQuartileTurnoverTime: 688.6060245126205
StatAverageThroughputTime: 94.40987567194801
StatMedianThroughputTime: 21.190000000000055
StatLowerQuartileThroughputTime: 12.437222222221862
StatUpperQuartileThroughputTime: 80.26166666666745

Marked tag finished after 1 tries!
.Fin. - SUCCESS
<<< Welcome to the RAWSimO CLI >>>
The time is: 06/25/2024 19:28:13
Starting RAWSimO wrapper with the following arguments:
Instance: ..\..\..\..\Material\Instances\10.Weighted30min Demand Gall\Dr\Weighted2.xinst
Setting: ..\..\..\..\Material\Instances\10.Weighted30min Demand Gall\Dr\Weighted2.xsett
ControlConfig: ..\..\..\..\Material\Instances\10.Weighted30min Demand Gall\Dr\Weighted2.xconf
StatisticsDir: ..\..\..\..\Material\Instances\10.Weighted30min Demand Gall\Dr
Seed: 6
Additionally the following tag was passed: 1, 1.6, 1.0, 0.216, 0.143, 1.0
Adding handler for unhandled exceptions ...
Initializing ... 
Instance recognized!
Parsing setting config ...
Parsing control config ...
Parsing instance ...
StatisticsFolder: Weighted2-Dr_[[1, 1.6, 1.0]]_1_[0.216, 0.143, 1.0].csv-6
Done!
