Executing ... 
 09:59:15 | >>> Warming up ...
 00:00:00 | >>> Warmup finished - starting simulation ...
 Realtime |   ETA    |  Sim.Time  | Progress | #Orders | #Bundles | Inv. | Distance | #Coll. |   Memory    
 00:00:00 |   n/a    | 0.00:00:00 |  0.00%   |    0    |    0     | 60%  |    0     |   0    | 109.55MB  
 00:00:00 | Cannot generate further orders - suspending generation for now
 00:00:00 | Cannot generate further orders - suspending generation for now
 00:00:00 | Cannot generate further orders - suspending generation for now
 00:00:00 | Cannot generate further orders - suspending generation for now
 00:00:00 | Cannot generate further orders - suspending generation for now
 00:00:00 | Cannot generate further orders - suspending generation for now
 00:00:00 | Cannot generate further orders - suspending generation for now
 00:00:00 | Cannot generate further orders - suspending generation for now
 00:00:00 | Cannot generate further orders - suspending generation for now
 00:00:00 | Cannot generate further orders - suspending generation for now
 00:00:00 | Cannot generate further orders - suspending generation for now
 00:00:00 | Cannot generate further orders - suspending generation for now
 00:00:00 | 00:00:00 | 0.00:30:00 | 100.00%  |   499   |    0     | 13%  |   4944   |   0    | 105.23MB  
 00:00:00 | >>> Simulation finished - writing results ...
 00:00:01 | >>> Results written
Simulation finished.
>>> Timings
StatTimingPathPlanningAverage: 8.519603365384616E-05
StatTimingPathPlanningOverall: 0.0708831
StatTimingPathPlanningCount: 832
StatTimingTaskAllocationAverage: 0.0018149201923076917
StatTimingTaskAllocationOverall: 0.3775033999999999
StatTimingTaskAllocationCount: 208
StatTimingItemStorageAverage: 9.171352074966562E-07
StatTimingItemStorageOverall: 0.0006851000000000022
StatTimingItemStorageCount: 747
StatTimingPodStorageAverage: 0.001511135353535355
StatTimingPodStorageOverall: 0.14960240000000014
StatTimingPodStorageCount: 99
StatTimingReplenishmentBatchingAverage: 7.6E-06
StatTimingReplenishmentBatchingOverall: 1.52E-05
StatTimingReplenishmentBatchingCount: 2
StatTimingOrderBatchingAverage: 8.192373540856023E-05
StatTimingOrderBatchingOverall: 0.06316319999999993
StatTimingOrderBatchingCount: 771
>>> Overall
StatOverallBundlesPlaced: 0
StatOverallItemsOrdered: 666
StatOverallOrdersPlaced: 427
StatOverallBundlesRejected: 0
StatOverallOrdersRejected: 0
StatOverallBundlesHandled: 0
StatOverallItemsHandled: 781
StatOverallLinesHandled: 738
StatOverallOrdersHandled: 499
StatOverallCollisions: 0
StatOverallDistanceTraveled: 4944.018195803269
StatOverallDistanceEstimated: 4819
StatOverallAssignedTasks: 208
StatMaxMemoryUsed: 109,5546875
StatRealTimeUsed: 0.9926948
StatAverageTurnoverTime: 469.769599527663
StatMedianTurnoverTime: 252.24759738787372
StatLowerQuartileTurnoverTime: 102.3383333333334
StatUpperQuartileTurnoverTime: 730.8859307212074
StatAverageThroughputTime: 100.56300207873726
StatMedianThroughputTime: 24.782871569190704
StatLowerQuartileThroughputTime: 15.972777777777807
StatUpperQuartileThroughputTime: 77.9438888888883

Marked tag finished after 1 tries!
.Fin. - SUCCESS
<<< Welcome to the RAWSimO CLI >>>
The time is: 06/13/2024 09:59:16
Starting RAWSimO wrapper with the following arguments:
Instance: ..\..\..\..\Material\Instances\0.Weighted30min Demand separate\Dd\Weighted2.xinst
Setting: ..\..\..\..\Material\Instances\0.Weighted30min Demand separate\Dd\Weighted2.xsett
ControlConfig: ..\..\..\..\Material\Instances\0.Weighted30min Demand separate\Dd\Weighted2.xconf
StatisticsDir: ..\..\..\..\Material\Instances\0.Weighted30min Demand separate\Dd
Seed: 2
Additionally the following tag was passed: 1, 1, 1, 0.2, 0.333, 0.5
Adding handler for unhandled exceptions ...
Initializing ... 
Instance recognized!
Parsing setting config ...
Parsing control config ...
Parsing instance ...
StatisticsFolder: Weighted2-Dd_[[1, 1, 1]]_1_[0.2, 0.333, 0.5].csv-2
Done!
