Executing ... 
 19:22:46 | >>> Warming up ...
 00:00:00 | >>> Warmup finished - starting simulation ...
 Realtime |   ETA    |  Sim.Time  | Progress | #Orders | #Bundles | Inv. | Distance | #Coll. |   Memory    
 00:00:00 |   n/a    | 0.00:00:00 |  0.00%   |    0    |    0     | 60%  |    0     |   0    | 107.59MB  
 00:00:00 | Cannot generate further orders - suspending generation for now
 00:00:00 | Cannot generate further orders - suspending generation for now
 00:00:00 | Cannot generate further orders - suspending generation for now
 00:00:00 | Cannot generate further orders - suspending generation for now
 00:00:00 | Cannot generate further orders - suspending generation for now
 00:00:00 | Cannot generate further orders - suspending generation for now
 00:00:00 | Cannot generate further orders - suspending generation for now
 00:00:00 | Cannot generate further orders - suspending generation for now
 00:00:00 | Cannot generate further orders - suspending generation for now
 00:00:00 | Cannot generate further orders - suspending generation for now
 00:00:00 | 00:00:00 | 0.00:30:00 | 100.00%  |   486   |    0     | 15%  |   5058   |   0    | 109.94MB  
 00:00:00 | >>> Simulation finished - writing results ...
 00:00:00 | >>> Results written
Simulation finished.
>>> Timings
StatTimingPathPlanningAverage: 9.781474435196208E-05
StatTimingPathPlanningOverall: 0.0822622000000001
StatTimingPathPlanningCount: 841
StatTimingTaskAllocationAverage: 0.001669107109004739
StatTimingTaskAllocationOverall: 0.35218159999999993
StatTimingTaskAllocationCount: 211
StatTimingItemStorageAverage: 1.4226519337016484E-06
StatTimingItemStorageOverall: 0.0010299999999999934
StatTimingItemStorageCount: 724
StatTimingPodStorageAverage: 0.0014003170000000003
StatTimingPodStorageOverall: 0.14003170000000004
StatTimingPodStorageCount: 100
StatTimingReplenishmentBatchingAverage: 7.2E-06
StatTimingReplenishmentBatchingOverall: 1.44E-05
StatTimingReplenishmentBatchingCount: 2
StatTimingOrderBatchingAverage: 8.177085492227986E-05
StatTimingOrderBatchingOverall: 0.06312710000000005
StatTimingOrderBatchingCount: 772
>>> Overall
StatOverallBundlesPlaced: 0
StatOverallItemsOrdered: 646
StatOverallOrdersPlaced: 410
StatOverallBundlesRejected: 0
StatOverallOrdersRejected: 0
StatOverallBundlesHandled: 0
StatOverallItemsHandled: 750
StatOverallLinesHandled: 709
StatOverallOrdersHandled: 486
StatOverallCollisions: 0
StatOverallDistanceTraveled: 5058.316472617189
StatOverallDistanceEstimated: 4942
StatOverallAssignedTasks: 211
StatMaxMemoryUsed: 112,8359375
StatRealTimeUsed: 0.9302883
StatAverageTurnoverTime: 476.41091337852885
StatMedianTurnoverTime: 330.13648627676343
StatLowerQuartileTurnoverTime: 154.71528137423866
StatUpperQuartileTurnoverTime: 672.1008441227154
StatAverageThroughputTime: 101.26083812664446
StatMedianThroughputTime: 20.866111111110968
StatLowerQuartileThroughputTime: 12.732222222222276
StatUpperQuartileThroughputTime: 84.92176045807918

Marked tag finished after 1 tries!
.Fin. - SUCCESS
<<< Welcome to the RAWSimO CLI >>>
The time is: 06/25/2024 19:22:47
Starting RAWSimO wrapper with the following arguments:
Instance: ..\..\..\..\Material\Instances\10.Weighted30min Demand Gall\Dp\Weighted2.xinst
Setting: ..\..\..\..\Material\Instances\10.Weighted30min Demand Gall\Dp\Weighted2.xsett
ControlConfig: ..\..\..\..\Material\Instances\10.Weighted30min Demand Gall\Dp\Weighted2.xconf
StatisticsDir: ..\..\..\..\Material\Instances\10.Weighted30min Demand Gall\Dp
Seed: 2
Additionally the following tag was passed: 1, 0.73, 1.0, 0.189, 0.26, 1.0
Adding handler for unhandled exceptions ...
Initializing ... 
Instance recognized!
Parsing setting config ...
Parsing control config ...
Parsing instance ...
StatisticsFolder: Weighted2-Dp_[[1, 0.73, 1.0]]_3_[0.189, 0.26, 1.0].csv-2
Done!
