Executing ... 
 09:57:50 | >>> Warming up ...
 00:00:00 | >>> Warmup finished - starting simulation ...
 Realtime |   ETA    |  Sim.Time  | Progress | #Orders | #Bundles | Inv. | Distance | #Coll. |   Memory    
 00:00:00 |   n/a    | 0.00:00:00 |  0.00%   |    0    |    0     | 60%  |    0     |   0    | 109.30MB  
 00:00:00 | Cannot generate further orders - suspending generation for now
 00:00:00 | Cannot generate further orders - suspending generation for now
 00:00:00 | Cannot generate further orders - suspending generation for now
 00:00:00 | Cannot generate further orders - suspending generation for now
 00:00:00 | Cannot generate further orders - suspending generation for now
 00:00:00 | Cannot generate further orders - suspending generation for now
 00:00:00 | Cannot generate further orders - suspending generation for now
 00:00:00 | Cannot generate further orders - suspending generation for now
 00:00:00 | Cannot generate further orders - suspending generation for now
 00:00:00 | 00:00:00 | 0.00:30:00 | 100.00%  |   486   |    0     | 16%  |   5101   |   0    | 103.59MB  
 00:00:00 | >>> Simulation finished - writing results ...
 00:00:01 | >>> Results written
Simulation finished.
>>> Timings
StatTimingPathPlanningAverage: 8.229690476190473E-05
StatTimingPathPlanningOverall: 0.06912939999999998
StatTimingPathPlanningCount: 840
StatTimingTaskAllocationAverage: 0.0016768351851851864
StatTimingTaskAllocationOverall: 0.36219640000000025
StatTimingTaskAllocationCount: 216
StatTimingItemStorageAverage: 8.67705382436265E-07
StatTimingItemStorageOverall: 0.0006126000000000031
StatTimingItemStorageCount: 706
StatTimingPodStorageAverage: 0.0015018180952380944
StatTimingPodStorageOverall: 0.1576908999999999
StatTimingPodStorageCount: 105
StatTimingReplenishmentBatchingAverage: 7.8E-06
StatTimingReplenishmentBatchingOverall: 1.56E-05
StatTimingReplenishmentBatchingCount: 2
StatTimingOrderBatchingAverage: 9.067705956907469E-05
StatTimingOrderBatchingOverall: 0.07154419999999993
StatTimingOrderBatchingCount: 789
>>> Overall
StatOverallBundlesPlaced: 0
StatOverallItemsOrdered: 663
StatOverallOrdersPlaced: 432
StatOverallBundlesRejected: 0
StatOverallOrdersRejected: 0
StatOverallBundlesHandled: 0
StatOverallItemsHandled: 730
StatOverallLinesHandled: 690
StatOverallOrdersHandled: 486
StatOverallCollisions: 0
StatOverallDistanceTraveled: 5101.458839559321
StatOverallDistanceEstimated: 5033
StatOverallAssignedTasks: 216
StatMaxMemoryUsed: 107,7265625
StatRealTimeUsed: 0.9663544
StatAverageTurnoverTime: 451.2216829718001
StatMedianTurnoverTime: 329.1596320272704
StatLowerQuartileTurnoverTime: 153.4061111111116
StatUpperQuartileTurnoverTime: 592.5954617641428
StatAverageThroughputTime: 81.63138317154745
StatMedianThroughputTime: 20.508888888889032
StatLowerQuartileThroughputTime: 12.48944444444443
StatUpperQuartileThroughputTime: 80.58898268030248

Marked tag finished after 1 tries!
.Fin. - SUCCESS
<<< Welcome to the RAWSimO CLI >>>
The time is: 06/13/2024 09:57:51
Starting RAWSimO wrapper with the following arguments:
Instance: ..\..\..\..\Material\Instances\0.Weighted30min Demand separate\Dd\Weighted2.xinst
Setting: ..\..\..\..\Material\Instances\0.Weighted30min Demand separate\Dd\Weighted2.xsett
ControlConfig: ..\..\..\..\Material\Instances\0.Weighted30min Demand separate\Dd\Weighted2.xconf
StatisticsDir: ..\..\..\..\Material\Instances\0.Weighted30min Demand separate\Dd
Seed: 3
Additionally the following tag was passed: 1, 0.642, 0.21333333333333337, 0.17, 0.333, 0.8
Adding handler for unhandled exceptions ...
Initializing ... 
Instance recognized!
Parsing setting config ...
Parsing control config ...
Parsing instance ...
StatisticsFolder: Weighted2-Dd_[[1, 0.642, 0.21333333333333337]]_1_[0.17, 0.333, 0.8].csv-3
Done!
