Executing ... 
 09:54:43 | >>> Warming up ...
 00:00:00 | >>> Warmup finished - starting simulation ...
 Realtime |   ETA    |  Sim.Time  | Progress | #Orders | #Bundles | Inv. | Distance | #Coll. |   Memory    
 00:00:00 |   n/a    | 0.00:00:00 |  0.00%   |    0    |    0     | 60%  |    0     |   0    |  96.95MB  
 00:00:01 | Cannot generate further orders - suspending generation for now
 00:00:01 | Cannot generate further orders - suspending generation for now
 00:00:01 | Cannot generate further orders - suspending generation for now
 00:00:01 | Cannot generate further orders - suspending generation for now
 00:00:01 | Cannot generate further orders - suspending generation for now
 00:00:01 | Cannot generate further orders - suspending generation for now
 00:00:01 | Cannot generate further orders - suspending generation for now
 00:00:01 | Cannot generate further orders - suspending generation for now
 00:00:01 | Cannot generate further orders - suspending generation for now
 00:00:01 | Cannot generate further orders - suspending generation for now
 00:00:01 | 00:00:00 | 0.00:30:00 | 100.00%  |   485   |    0     | 17%  |   5119   |   0    |  92.86MB  
 00:00:01 | >>> Simulation finished - writing results ...
 00:00:01 | >>> Results written
Simulation finished.
>>> Timings
StatTimingPathPlanningAverage: 0.00016240654761904769
StatTimingPathPlanningOverall: 0.13642150000000006
StatTimingPathPlanningCount: 840
StatTimingTaskAllocationAverage: 0.00312966590909091
StatTimingTaskAllocationOverall: 0.6885265000000002
StatTimingTaskAllocationCount: 220
StatTimingItemStorageAverage: 2.3021246458923516E-06
StatTimingItemStorageOverall: 0.0016253000000000003
StatTimingItemStorageCount: 706
StatTimingPodStorageAverage: 0.002772625471698114
StatTimingPodStorageOverall: 0.2938983000000001
StatTimingPodStorageCount: 106
StatTimingReplenishmentBatchingAverage: 1.11E-05
StatTimingReplenishmentBatchingOverall: 2.22E-05
StatTimingReplenishmentBatchingCount: 2
StatTimingOrderBatchingAverage: 0.00016138133669609068
StatTimingOrderBatchingOverall: 0.1279753999999999
StatTimingOrderBatchingCount: 793
>>> Overall
StatOverallBundlesPlaced: 0
StatOverallItemsOrdered: 667
StatOverallOrdersPlaced: 432
StatOverallBundlesRejected: 0
StatOverallOrdersRejected: 0
StatOverallBundlesHandled: 0
StatOverallItemsHandled: 721
StatOverallLinesHandled: 683
StatOverallOrdersHandled: 485
StatOverallCollisions: 0
StatOverallDistanceTraveled: 5119.13617314846
StatOverallDistanceEstimated: 4961
StatOverallAssignedTasks: 220
StatMaxMemoryUsed: 96,9453125
StatRealTimeUsed: 1.7154061
StatAverageTurnoverTime: 442.4528089684764
StatMedianTurnoverTime: 325.0827849706993
StatLowerQuartileTurnoverTime: 138.68722222222226
StatUpperQuartileTurnoverTime: 637.668888888889
StatAverageThroughputTime: 94.50883319127244
StatMedianThroughputTime: 20.004999999999995
StatLowerQuartileThroughputTime: 12.598888888888894
StatUpperQuartileThroughputTime: 75.85518758282603

Marked tag finished after 1 tries!
.Fin. - SUCCESS
<<< Welcome to the RAWSimO CLI >>>
The time is: 06/13/2024 09:54:45
Starting RAWSimO wrapper with the following arguments:
Instance: ..\..\..\..\Material\Instances\0.Weighted30min Demand separate\Dd\Weighted2.xinst
Setting: ..\..\..\..\Material\Instances\0.Weighted30min Demand separate\Dd\Weighted2.xsett
ControlConfig: ..\..\..\..\Material\Instances\0.Weighted30min Demand separate\Dd\Weighted2.xconf
StatisticsDir: ..\..\..\..\Material\Instances\0.Weighted30min Demand separate\Dd
Seed: 3
Additionally the following tag was passed: 1, 0.198, 0.05, 0.114, 0.575, 1.0
Adding handler for unhandled exceptions ...
Initializing ... 
Instance recognized!
Parsing setting config ...
Parsing control config ...
Parsing instance ...
StatisticsFolder: Weighted2-Dd_[[1, 0.198, 0.05]]_2_[0.114, 0.575, 1.0].csv-3
Done!
