Executing ... 
 16:22:01 | >>> Warming up ...
 00:00:00 | >>> Warmup finished - starting simulation ...
 Realtime |   ETA    |  Sim.Time  | Progress | #Orders | #Bundles | Inv. | Distance | #Coll. |   Memory    
 00:00:00 |   n/a    | 0.00:00:00 |  0.00%   |    0    |    0     | 83%  |    0     |   0    | 107.88MB  
 00:00:00 | Reactivating bundle generation paused by inventory+reserved+backlog level (currently at: 0.6491666666666667)
 00:00:00 | Cannot generate further orders - suspending generation for now
 00:00:00 | Cannot generate further orders - suspending generation for now
 00:00:00 | Cannot generate further orders - suspending generation for now
 00:00:00 | Cannot generate further orders - suspending generation for now
 00:00:00 | Cannot generate further orders - suspending generation for now
 00:00:00 | Cannot generate further orders - suspending generation for now
 00:00:00 | Cannot generate further orders - suspending generation for now
 00:00:00 | Cannot generate further orders - suspending generation for now
 00:00:00 | Cannot generate further orders - suspending generation for now
 00:00:00 | 00:00:00 | 0.00:30:00 | 100.00%  |   432   |    0     | 30%  |   5217   |   0    |  74.13MB  
 00:00:00 | >>> Simulation finished - writing results ...
 00:00:00 | >>> Results written
Simulation finished.
>>> Timings
StatTimingPathPlanningAverage: 7.782199017199024E-05
StatTimingPathPlanningOverall: 0.06334710000000006
StatTimingPathPlanningCount: 814
StatTimingTaskAllocationAverage: 0.0010815035242290748
StatTimingTaskAllocationOverall: 0.24550129999999998
StatTimingTaskAllocationCount: 227
StatTimingItemStorageAverage: 1.0042925278219432E-06
StatTimingItemStorageOverall: 0.0006317000000000022
StatTimingItemStorageCount: 629
StatTimingPodStorageAverage: 0.0008418935185185183
StatTimingPodStorageOverall: 0.09092449999999998
StatTimingPodStorageCount: 108
StatTimingReplenishmentBatchingAverage: 7.24E-06
StatTimingReplenishmentBatchingOverall: 3.62E-05
StatTimingReplenishmentBatchingCount: 5
StatTimingOrderBatchingAverage: 7.4276933514247E-05
StatTimingOrderBatchingOverall: 0.054742100000000044
StatTimingOrderBatchingCount: 737
>>> Overall
StatOverallBundlesPlaced: 180
StatOverallItemsOrdered: 625
StatOverallOrdersPlaced: 403
StatOverallBundlesRejected: 0
StatOverallOrdersRejected: 0
StatOverallBundlesHandled: 0
StatOverallItemsHandled: 642
StatOverallLinesHandled: 604
StatOverallOrdersHandled: 432
StatOverallCollisions: 0
StatOverallDistanceTraveled: 5216.644400386534
StatOverallDistanceEstimated: 5073
StatOverallAssignedTasks: 227
StatMaxMemoryUsed: 107,2578125
StatRealTimeUsed: 0.8247377
StatAverageTurnoverTime: 429.5935098954815
StatMedianTurnoverTime: 218.29943725152293
StatLowerQuartileTurnoverTime: 84.41472581868294
StatUpperQuartileTurnoverTime: 645.4722294151436
StatAverageThroughputTime: 97.91025558066411
StatMedianThroughputTime: 20.10176045807998
StatLowerQuartileThroughputTime: 15.054444444444357
StatUpperQuartileThroughputTime: 67.62129869393743

Marked tag finished after 1 tries!
.Fin. - SUCCESS
<<< Welcome to the RAWSimO CLI >>>
The time is: 06/03/2024 16:22:02
Starting RAWSimO wrapper with the following arguments:
Instance: ..\..\..\..\Material\Instances\0.Weighted30min\Weighted6.xinst
Setting: ..\..\..\..\Material\Instances\0.Weighted30min\WeightedScenario.xsett
ControlConfig: ..\..\..\..\Material\Instances\0.Weighted30min\WeightedScenario.xconf
StatisticsDir: ..\..\..\..\Material\Instances\0.Weighted30min
Seed: 1
Additionally the following tag was passed: Dcwlow
Adding handler for unhandled exceptions ...
Initializing ... 
Instance recognized!
Parsing setting config ...
Parsing control config ...
Parsing instance ...
StatisticsFolder: WeightedScenario-Dc_wlow_2.csv-1
Done!
