Executing ... 
 09:45:31 | >>> Warming up ...
 00:00:00 | >>> Warmup finished - starting simulation ...
 Realtime |   ETA    |  Sim.Time  | Progress | #Orders | #Bundles | Inv. | Distance | #Coll. |   Memory    
 00:00:00 |   n/a    | 0.00:00:00 |  0.00%   |    0    |    0     | 60%  |    0     |   0    | 119.36MB  
 00:00:01 | Cannot generate further orders - suspending generation for now
 00:00:01 | Cannot generate further orders - suspending generation for now
 00:00:01 | Cannot generate further orders - suspending generation for now
 00:00:01 | Cannot generate further orders - suspending generation for now
 00:00:01 | Cannot generate further orders - suspending generation for now
 00:00:01 | Cannot generate further orders - suspending generation for now
 00:00:01 | Cannot generate further orders - suspending generation for now
 00:00:01 | 00:00:00 | 0.00:30:00 | 100.00%  |   441   |    0     | 19%  |   5179   |   0    | 118.22MB  
 00:00:01 | >>> Simulation finished - writing results ...
 00:00:01 | >>> Results written
Simulation finished.
>>> Timings
StatTimingPathPlanningAverage: 0.0001324151006711408
StatTimingPathPlanningOverall: 0.11837909999999986
StatTimingPathPlanningCount: 894
StatTimingTaskAllocationAverage: 0.0020372459459459457
StatTimingTaskAllocationOverall: 0.45226859999999997
StatTimingTaskAllocationCount: 222
StatTimingItemStorageAverage: 1.3414893617021294E-06
StatTimingItemStorageOverall: 0.0008827000000000011
StatTimingItemStorageCount: 658
StatTimingPodStorageAverage: 0.0017327207547169815
StatTimingPodStorageOverall: 0.18366840000000004
StatTimingPodStorageCount: 106
StatTimingReplenishmentBatchingAverage: 8.949999999999999E-06
StatTimingReplenishmentBatchingOverall: 1.7899999999999998E-05
StatTimingReplenishmentBatchingCount: 2
StatTimingOrderBatchingAverage: 0.0001214219380888291
StatTimingOrderBatchingOverall: 0.09021650000000002
StatTimingOrderBatchingCount: 743
>>> Overall
StatOverallBundlesPlaced: 0
StatOverallItemsOrdered: 661
StatOverallOrdersPlaced: 413
StatOverallBundlesRejected: 0
StatOverallOrdersRejected: 0
StatOverallBundlesHandled: 0
StatOverallItemsHandled: 674
StatOverallLinesHandled: 637
StatOverallOrdersHandled: 441
StatOverallCollisions: 0
StatOverallDistanceTraveled: 5178.683819507882
StatOverallDistanceEstimated: 5091
StatOverallAssignedTasks: 222
StatMaxMemoryUsed: 119,296875
StatRealTimeUsed: 1.2963832
StatAverageTurnoverTime: 480.5886101777583
StatMedianTurnoverTime: 346.0222150293032
StatLowerQuartileTurnoverTime: 131.95935065303127
StatUpperQuartileTurnoverTime: 709.057409805049
StatAverageThroughputTime: 97.76934585735098
StatMedianThroughputTime: 20.940180389904526
StatLowerQuartileThroughputTime: 12.773333333333767
StatUpperQuartileThroughputTime: 80.73064934696902

Marked tag finished after 1 tries!
.Fin. - SUCCESS
<<< Welcome to the RAWSimO CLI >>>
The time is: 06/13/2024 09:45:32
Starting RAWSimO wrapper with the following arguments:
Instance: ..\..\..\..\Material\Instances\0.Weighted30min Demand separate\Db\Weighted2.xinst
Setting: ..\..\..\..\Material\Instances\0.Weighted30min Demand separate\Db\Weighted2.xsett
ControlConfig: ..\..\..\..\Material\Instances\0.Weighted30min Demand separate\Db\Weighted2.xconf
StatisticsDir: ..\..\..\..\Material\Instances\0.Weighted30min Demand separate\Db
Seed: 1
Additionally the following tag was passed: 1, 0.8006, 0.549, 0.209, 0.26, 0.383
Adding handler for unhandled exceptions ...
Initializing ... 
Instance recognized!
Parsing setting config ...
Parsing control config ...
Parsing instance ...
StatisticsFolder: Weighted2-Db_[[1, 0.8006, 0.549]]_3_[0.209, 0.26, 0.383].csv-1
Done!
