Executing ... 
 19:10:47 | >>> Warming up ...
 00:00:00 | >>> Warmup finished - starting simulation ...
 Realtime |   ETA    |  Sim.Time  | Progress | #Orders | #Bundles | Inv. | Distance | #Coll. |   Memory    
 00:00:00 |   n/a    | 0.00:00:00 |  0.00%   |    0    |    0     | 60%  |    0     |   0    |  81.76MB  
 00:00:01 | Cannot generate further orders - suspending generation for now
 00:00:01 | Cannot generate further orders - suspending generation for now
 00:00:01 | Cannot generate further orders - suspending generation for now
 00:00:01 | Cannot generate further orders - suspending generation for now
 00:00:01 | Cannot generate further orders - suspending generation for now
 00:00:01 | Cannot generate further orders - suspending generation for now
 00:00:01 | Cannot generate further orders - suspending generation for now
 00:00:01 | Cannot generate further orders - suspending generation for now
 00:00:01 | Cannot generate further orders - suspending generation for now
 00:00:01 | Cannot generate further orders - suspending generation for now
 00:00:01 | 00:00:00 | 0.00:30:00 | 100.00%  |   473   |    0     | 17%  |   5300   |   0    |  85.52MB  
 00:00:01 | >>> Simulation finished - writing results ...
 00:00:01 | >>> Results written
Simulation finished.
>>> Timings
StatTimingPathPlanningAverage: 0.00011436506447831178
StatTimingPathPlanningOverall: 0.09755339999999994
StatTimingPathPlanningCount: 853
StatTimingTaskAllocationAverage: 0.0023924262672811065
StatTimingTaskAllocationOverall: 0.5191565000000001
StatTimingTaskAllocationCount: 217
StatTimingItemStorageAverage: 1.0982507288629713E-06
StatTimingItemStorageOverall: 0.0007533999999999983
StatTimingItemStorageCount: 686
StatTimingPodStorageAverage: 0.0020404417475728153
StatTimingPodStorageOverall: 0.21016549999999998
StatTimingPodStorageCount: 103
StatTimingReplenishmentBatchingAverage: 8.25E-06
StatTimingReplenishmentBatchingOverall: 1.65E-05
StatTimingReplenishmentBatchingCount: 2
StatTimingOrderBatchingAverage: 0.00010817844940867285
StatTimingOrderBatchingOverall: 0.08232380000000004
StatTimingOrderBatchingCount: 761
>>> Overall
StatOverallBundlesPlaced: 0
StatOverallItemsOrdered: 630
StatOverallOrdersPlaced: 410
StatOverallBundlesRejected: 0
StatOverallOrdersRejected: 0
StatOverallBundlesHandled: 0
StatOverallItemsHandled: 709
StatOverallLinesHandled: 671
StatOverallOrdersHandled: 473
StatOverallCollisions: 0
StatOverallDistanceTraveled: 5299.602563137342
StatOverallDistanceEstimated: 5186
StatOverallAssignedTasks: 217
StatMaxMemoryUsed: 87,85546875
StatRealTimeUsed: 1.2522417
StatAverageTurnoverTime: 461.69864642544
StatMedianTurnoverTime: 315.4969480409072
StatLowerQuartileTurnoverTime: 132.2061111111112
StatUpperQuartileTurnoverTime: 696.7520418323228
StatAverageThroughputTime: 97.35031129647844
StatMedianThroughputTime: 21.304350653031463
StatLowerQuartileThroughputTime: 12.884444444444398
StatUpperQuartileThroughputTime: 83.26000000000002

Marked tag finished after 1 tries!
.Fin. - SUCCESS
<<< Welcome to the RAWSimO CLI >>>
The time is: 06/12/2024 19:10:48
Starting RAWSimO wrapper with the following arguments:
Instance: ..\..\..\..\Material\Instances\0.Weighted30min Demand separate\Da\Weighted2.xinst
Setting: ..\..\..\..\Material\Instances\0.Weighted30min Demand separate\Da\Weighted2.xsett
ControlConfig: ..\..\..\..\Material\Instances\0.Weighted30min Demand separate\Da\Weighted2.xconf
StatisticsDir: ..\..\..\..\Material\Instances\0.Weighted30min Demand separate\Da
Seed: 1
Additionally the following tag was passed: [[1, 2.539, 0.29874999999999996]]
Adding handler for unhandled exceptions ...
Initializing ... 
Instance recognized!
Parsing setting config ...
Parsing control config ...
Parsing instance ...
StatisticsFolder: Weighted2-Da_[[1, 2.539, 0.29874999999999996]]_1.csv-1
Done!
