Executing ... 
 15:39:07 | >>> Warming up ...
 00:00:00 | >>> Warmup finished - starting simulation ...
 Realtime |   ETA    |  Sim.Time  | Progress | #Orders | #Bundles | Inv. | Distance | #Coll. |   Memory    
 00:00:00 |   n/a    | 0.00:00:00 |  0.00%   |    0    |    0     | 83%  |    0     |   0    |  75.11MB  
 00:00:00 | Reactivating bundle generation paused by inventory+reserved+backlog level (currently at: 0.6491666666666667)
 00:00:00 | 00:00:00 | 0.00:30:00 | 100.00%  |   340   |    0     | 40%  |   3057   |   0    |  73.14MB  
 00:00:00 | >>> Simulation finished - writing results ...
 00:00:00 | >>> Results written
Simulation finished.
>>> Timings
StatTimingPathPlanningAverage: 7.153020833333329E-05
StatTimingPathPlanningOverall: 0.04120139999999998
StatTimingPathPlanningCount: 576
StatTimingTaskAllocationAverage: 0.0013235510204081633
StatTimingTaskAllocationOverall: 0.194562
StatTimingTaskAllocationCount: 147
StatTimingItemStorageAverage: 1.0531791907514483E-06
StatTimingItemStorageOverall: 0.0005466000000000017
StatTimingItemStorageCount: 519
StatTimingPodStorageAverage: 0.0013493015384615386
StatTimingPodStorageOverall: 0.08770460000000001
StatTimingPodStorageCount: 65
StatTimingReplenishmentBatchingAverage: 7.425000000000001E-06
StatTimingReplenishmentBatchingOverall: 2.9700000000000004E-05
StatTimingReplenishmentBatchingCount: 4
StatTimingOrderBatchingAverage: 9.48863782051282E-05
StatTimingOrderBatchingOverall: 0.059209099999999994
StatTimingOrderBatchingCount: 624
>>> Overall
StatOverallBundlesPlaced: 180
StatOverallItemsOrdered: 586
StatOverallOrdersPlaced: 376
StatOverallBundlesRejected: 0
StatOverallOrdersRejected: 0
StatOverallBundlesHandled: 0
StatOverallItemsHandled: 521
StatOverallLinesHandled: 490
StatOverallOrdersHandled: 340
StatOverallCollisions: 0
StatOverallDistanceTraveled: 3056.827900482574
StatOverallDistanceEstimated: 2974
StatOverallAssignedTasks: 147
StatMaxMemoryUsed: 75,53515625
StatRealTimeUsed: 0.7579757
StatAverageTurnoverTime: 556.3843920672393
StatMedianTurnoverTime: 414.6029653606056
StatLowerQuartileTurnoverTime: 194.74268398636502
StatUpperQuartileTurnoverTime: 851.1844444444449
StatAverageThroughputTime: 132.78028422743617
StatMedianThroughputTime: 61.913333333334094
StatLowerQuartileThroughputTime: 40.90852091615909
StatUpperQuartileThroughputTime: 151.282409805048

Marked tag finished after 1 tries!
.Fin. - SUCCESS
<<< Welcome to the RAWSimO CLI >>>
The time is: 06/03/2024 15:39:08
Starting RAWSimO wrapper with the following arguments:
Instance: ..\..\..\..\Material\Instances\0.Weighted30min\WeightedScenario.xinst
Setting: ..\..\..\..\Material\Instances\0.Weighted30min\WeightedScenario.xsett
ControlConfig: ..\..\..\..\Material\Instances\0.Weighted30min\WeightedScenario.xconf
StatisticsDir: ..\..\..\..\Material\Instances\0.Weighted30min
Seed: 1
Additionally the following tag was passed: Dbwlow
Adding handler for unhandled exceptions ...
Initializing ... 
Instance recognized!
Parsing setting config ...
Parsing control config ...
Parsing instance ...
StatisticsFolder: WeightedScenario-Db_wlow_1.csv-1
Done!
