Executing ... 
 09:57:44 | >>> Warming up ...
 00:00:00 | >>> Warmup finished - starting simulation ...
 Realtime |   ETA    |  Sim.Time  | Progress | #Orders | #Bundles | Inv. | Distance | #Coll. |   Memory    
 00:00:00 |   n/a    | 0.00:00:00 |  0.00%   |    0    |    0     | 60%  |    0     |   0    | 108.20MB  
 00:00:00 | Cannot generate further orders - suspending generation for now
 00:00:00 | Cannot generate further orders - suspending generation for now
 00:00:00 | Cannot generate further orders - suspending generation for now
 00:00:00 | Cannot generate further orders - suspending generation for now
 00:00:00 | Cannot generate further orders - suspending generation for now
 00:00:00 | Cannot generate further orders - suspending generation for now
 00:00:00 | Cannot generate further orders - suspending generation for now
 00:00:00 | Cannot generate further orders - suspending generation for now
 00:00:00 | 00:00:00 | 0.00:30:00 | 100.00%  |   462   |    0     | 16%  |   5104   |   0    | 104.18MB  
 00:00:00 | >>> Simulation finished - writing results ...
 00:00:01 | >>> Results written
Simulation finished.
>>> Timings
StatTimingPathPlanningAverage: 9.29934911242603E-05
StatTimingPathPlanningOverall: 0.07857949999999995
StatTimingPathPlanningCount: 845
StatTimingTaskAllocationAverage: 0.0017335490476190474
StatTimingTaskAllocationOverall: 0.36404529999999996
StatTimingTaskAllocationCount: 210
StatTimingItemStorageAverage: 9.288515406162502E-07
StatTimingItemStorageOverall: 0.0006632000000000027
StatTimingItemStorageCount: 714
StatTimingPodStorageAverage: 0.0014649930693069304
StatTimingPodStorageOverall: 0.14796429999999997
StatTimingPodStorageCount: 101
StatTimingReplenishmentBatchingAverage: 7.65E-06
StatTimingReplenishmentBatchingOverall: 1.53E-05
StatTimingReplenishmentBatchingCount: 2
StatTimingOrderBatchingAverage: 8.546005188067442E-05
StatTimingOrderBatchingOverall: 0.06588969999999998
StatTimingOrderBatchingCount: 771
>>> Overall
StatOverallBundlesPlaced: 0
StatOverallItemsOrdered: 659
StatOverallOrdersPlaced: 412
StatOverallBundlesRejected: 0
StatOverallOrdersRejected: 0
StatOverallBundlesHandled: 0
StatOverallItemsHandled: 728
StatOverallLinesHandled: 690
StatOverallOrdersHandled: 462
StatOverallCollisions: 0
StatOverallDistanceTraveled: 5104.15562962682
StatOverallDistanceEstimated: 4948
StatOverallAssignedTasks: 210
StatMaxMemoryUsed: 108,1953125
StatRealTimeUsed: 0.9896174
StatAverageTurnoverTime: 498.539580110276
StatMedianTurnoverTime: 316.7932395419224
StatLowerQuartileTurnoverTime: 130.9207431383814
StatUpperQuartileTurnoverTime: 724.251111111113
StatAverageThroughputTime: 99.62084991849402
StatMedianThroughputTime: 24.547222222222047
StatLowerQuartileThroughputTime: 16.158607514650498
StatUpperQuartileThroughputTime: 89.74287156919081

Marked tag finished after 1 tries!
.Fin. - SUCCESS
<<< Welcome to the RAWSimO CLI >>>
The time is: 06/13/2024 09:57:45
Starting RAWSimO wrapper with the following arguments:
Instance: ..\..\..\..\Material\Instances\0.Weighted30min Demand separate\Dd\Weighted2.xinst
Setting: ..\..\..\..\Material\Instances\0.Weighted30min Demand separate\Dd\Weighted2.xsett
ControlConfig: ..\..\..\..\Material\Instances\0.Weighted30min Demand separate\Dd\Weighted2.xconf
StatisticsDir: ..\..\..\..\Material\Instances\0.Weighted30min Demand separate\Dd
Seed: 1
Additionally the following tag was passed: 1, 0.642, 0.05, 0.15, 0.333, 1.0
Adding handler for unhandled exceptions ...
Initializing ... 
Instance recognized!
Parsing setting config ...
Parsing control config ...
Parsing instance ...
StatisticsFolder: Weighted2-Dd_[[1, 0.642, 0.05]]_3_[0.15, 0.333, 1.0].csv-1
Done!
