Executing ... 
 19:27:43 | >>> Warming up ...
 00:00:00 | >>> Warmup finished - starting simulation ...
 Realtime |   ETA    |  Sim.Time  | Progress | #Orders | #Bundles | Inv. | Distance | #Coll. |   Memory    
 00:00:00 |   n/a    | 0.00:00:00 |  0.00%   |    0    |    0     | 60%  |    0     |   0    | 143.12MB  
 00:00:00 | Cannot generate further orders - suspending generation for now
 00:00:00 | Cannot generate further orders - suspending generation for now
 00:00:00 | Cannot generate further orders - suspending generation for now
 00:00:00 | Cannot generate further orders - suspending generation for now
 00:00:00 | Cannot generate further orders - suspending generation for now
 00:00:00 | Cannot generate further orders - suspending generation for now
 00:00:00 | Cannot generate further orders - suspending generation for now
 00:00:00 | Cannot generate further orders - suspending generation for now
 00:00:00 | Cannot generate further orders - suspending generation for now
 00:00:00 | 00:00:00 | 0.00:30:00 | 100.00%  |   484   |    0     | 14%  |   5127   |   0    | 142.52MB  
 00:00:00 | >>> Simulation finished - writing results ...
 00:00:00 | >>> Results written
Simulation finished.
>>> Timings
StatTimingPathPlanningAverage: 8.526486486486487E-05
StatTimingPathPlanningOverall: 0.0694056
StatTimingPathPlanningCount: 814
StatTimingTaskAllocationAverage: 0.0016181860465116274
StatTimingTaskAllocationOverall: 0.3479099999999999
StatTimingTaskAllocationCount: 215
StatTimingItemStorageAverage: 1.0677718832891209E-06
StatTimingItemStorageOverall: 0.0008050999999999971
StatTimingItemStorageCount: 754
StatTimingPodStorageAverage: 0.0014353184466019406
StatTimingPodStorageOverall: 0.14783779999999988
StatTimingPodStorageCount: 103
StatTimingReplenishmentBatchingAverage: 7.8E-06
StatTimingReplenishmentBatchingOverall: 1.56E-05
StatTimingReplenishmentBatchingCount: 2
StatTimingOrderBatchingAverage: 9.393648989899002E-05
StatTimingOrderBatchingOverall: 0.0743977000000001
StatTimingOrderBatchingCount: 792
>>> Overall
StatOverallBundlesPlaced: 0
StatOverallItemsOrdered: 656
StatOverallOrdersPlaced: 405
StatOverallBundlesRejected: 0
StatOverallOrdersRejected: 0
StatOverallBundlesHandled: 0
StatOverallItemsHandled: 766
StatOverallLinesHandled: 711
StatOverallOrdersHandled: 484
StatOverallCollisions: 0
StatOverallDistanceTraveled: 5126.72602290797
StatOverallDistanceEstimated: 5033
StatOverallAssignedTasks: 215
StatMaxMemoryUsed: 142,7578125
StatRealTimeUsed: 0.9363805
StatAverageTurnoverTime: 464.0106217352149
StatMedianTurnoverTime: 361.62991340150853
StatLowerQuartileTurnoverTime: 167.1606421540468
StatUpperQuartileTurnoverTime: 645.6480591520194
StatAverageThroughputTime: 92.56573624290918
StatMedianThroughputTime: 28.01009379141294
StatLowerQuartileThroughputTime: 16.06341993182457
StatUpperQuartileThroughputTime: 84.87277777777769

Marked tag finished after 1 tries!
.Fin. - SUCCESS
<<< Welcome to the RAWSimO CLI >>>
The time is: 06/25/2024 19:27:44
Starting RAWSimO wrapper with the following arguments:
Instance: ..\..\..\..\Material\Instances\10.Weighted30min Demand Gall\Dr\Weighted2.xinst
Setting: ..\..\..\..\Material\Instances\10.Weighted30min Demand Gall\Dr\Weighted2.xsett
ControlConfig: ..\..\..\..\Material\Instances\10.Weighted30min Demand Gall\Dr\Weighted2.xconf
StatisticsDir: ..\..\..\..\Material\Instances\10.Weighted30min Demand Gall\Dr
Seed: 5
Additionally the following tag was passed: 1, 1.310909090909091, 1.0, 0.211, 0.162, 1.0
Adding handler for unhandled exceptions ...
Initializing ... 
Instance recognized!
Parsing setting config ...
Parsing control config ...
Parsing instance ...
StatisticsFolder: Weighted2-Dr_[[1, 1.310909090909091, 1.0]]_3_[0.211, 0.162, 1.0].csv-5
Done!
