Executing ... 
 16:22:17 | >>> Warming up ...
 00:00:00 | >>> Warmup finished - starting simulation ...
 Realtime |   ETA    |  Sim.Time  | Progress | #Orders | #Bundles | Inv. | Distance | #Coll. |   Memory    
 00:00:00 |   n/a    | 0.00:00:00 |  0.00%   |    0    |    0     | 60%  |    0     |   0    |  91.42MB  
 00:00:01 | Cannot generate further orders - suspending generation for now
 00:00:01 | Cannot generate further orders - suspending generation for now
 00:00:01 | Cannot generate further orders - suspending generation for now
 00:00:01 | Cannot generate further orders - suspending generation for now
 00:00:01 | Cannot generate further orders - suspending generation for now
 00:00:01 | Cannot generate further orders - suspending generation for now
 00:00:01 | Cannot generate further orders - suspending generation for now
 00:00:01 | Cannot generate further orders - suspending generation for now
 00:00:01 | Cannot generate further orders - suspending generation for now
 00:00:01 | Cannot generate further orders - suspending generation for now
 00:00:01 | 00:00:00 | 0.00:30:00 | 100.00%  |   490   |    0     | 16%  |   4955   |   0    |  87.27MB  
 00:00:01 | >>> Simulation finished - writing results ...
 00:00:01 | >>> Results written
Simulation finished.
>>> Timings
StatTimingPathPlanningAverage: 0.00014592427184466014
StatTimingPathPlanningOverall: 0.12024159999999996
StatTimingPathPlanningCount: 824
StatTimingTaskAllocationAverage: 0.00296273062200957
StatTimingTaskAllocationOverall: 0.6192107000000001
StatTimingTaskAllocationCount: 209
StatTimingItemStorageAverage: 1.6507042253521081E-06
StatTimingItemStorageOverall: 0.0011719999999999968
StatTimingItemStorageCount: 710
StatTimingPodStorageAverage: 0.002743244
StatTimingPodStorageOverall: 0.2743244
StatTimingPodStorageCount: 100
StatTimingReplenishmentBatchingAverage: 1.29E-05
StatTimingReplenishmentBatchingOverall: 2.58E-05
StatTimingReplenishmentBatchingCount: 2
StatTimingOrderBatchingAverage: 0.00013686908635794756
StatTimingOrderBatchingOverall: 0.1093584000000001
StatTimingOrderBatchingCount: 799
>>> Overall
StatOverallBundlesPlaced: 0
StatOverallItemsOrdered: 641
StatOverallOrdersPlaced: 415
StatOverallBundlesRejected: 0
StatOverallOrdersRejected: 0
StatOverallBundlesHandled: 0
StatOverallItemsHandled: 739
StatOverallLinesHandled: 701
StatOverallOrdersHandled: 490
StatOverallCollisions: 0
StatOverallDistanceTraveled: 4954.731269468244
StatOverallDistanceEstimated: 4826
StatOverallAssignedTasks: 209
StatMaxMemoryUsed: 92,35546875
StatRealTimeUsed: 1.4676977
StatAverageTurnoverTime: 454.0375898716458
StatMedianTurnoverTime: 330.2951875828264
StatLowerQuartileTurnoverTime: 162.3028715691911
StatUpperQuartileTurnoverTime: 612.345937914133
StatAverageThroughputTime: 94.93505213835893
StatMedianThroughputTime: 21.455649346968357
StatLowerQuartileThroughputTime: 12.902777777777814
StatUpperQuartileThroughputTime: 81.07111111111124

Marked tag finished after 1 tries!
.Fin. - SUCCESS
<<< Welcome to the RAWSimO CLI >>>
The time is: 06/21/2024 16:22:19
Starting RAWSimO wrapper with the following arguments:
Instance: ..\..\..\..\Material\Instances\01.Weighted30min Demand Gall\Dr\Weighted2.xinst
Setting: ..\..\..\..\Material\Instances\01.Weighted30min Demand Gall\Dr\Weighted2.xsett
ControlConfig: ..\..\..\..\Material\Instances\01.Weighted30min Demand Gall\Dr\Weighted2.xconf
StatisticsDir: ..\..\..\..\Material\Instances\01.Weighted30min Demand Gall\Dr
Seed: 3
Additionally the following tag was passed: 1, 1.372857142857143, 1.0, 0.214, 0.152, 1.0
Adding handler for unhandled exceptions ...
Initializing ... 
Instance recognized!
Parsing setting config ...
Parsing control config ...
Parsing instance ...
StatisticsFolder: Weighted2-Dr_[[1, 1.372857142857143, 1.0]]_1_[0.214, 0.152, 1.0].csv-3
Done!
