Executing ... 
 09:53:37 | >>> Warming up ...
 00:00:00 | >>> Warmup finished - starting simulation ...
 Realtime |   ETA    |  Sim.Time  | Progress | #Orders | #Bundles | Inv. | Distance | #Coll. |   Memory    
 00:00:00 |   n/a    | 0.00:00:00 |  0.00%   |    0    |    0     | 60%  |    0     |   0    |  95.70MB  
 00:00:01 | Cannot generate further orders - suspending generation for now
 00:00:01 | Cannot generate further orders - suspending generation for now
 00:00:01 | Cannot generate further orders - suspending generation for now
 00:00:01 | Cannot generate further orders - suspending generation for now
 00:00:01 | Cannot generate further orders - suspending generation for now
 00:00:01 | Cannot generate further orders - suspending generation for now
 00:00:01 | Cannot generate further orders - suspending generation for now
 00:00:01 | Cannot generate further orders - suspending generation for now
 00:00:01 | Cannot generate further orders - suspending generation for now
 00:00:01 | Cannot generate further orders - suspending generation for now
 00:00:01 | 00:00:00 | 0.00:30:00 | 100.00%  |   499   |    0     | 13%  |   5036   |   0    |  93.11MB  
 00:00:01 | >>> Simulation finished - writing results ...
 00:00:01 | >>> Results written
Simulation finished.
>>> Timings
StatTimingPathPlanningAverage: 0.00015802716199756397
StatTimingPathPlanningOverall: 0.12974030000000003
StatTimingPathPlanningCount: 821
StatTimingTaskAllocationAverage: 0.0035642661616161597
StatTimingTaskAllocationOverall: 0.7057246999999996
StatTimingTaskAllocationCount: 198
StatTimingItemStorageAverage: 1.7338917525773158E-06
StatTimingItemStorageOverall: 0.001345499999999997
StatTimingItemStorageCount: 776
StatTimingPodStorageAverage: 0.0033726744680851054
StatTimingPodStorageOverall: 0.3170313999999999
StatTimingPodStorageCount: 94
StatTimingReplenishmentBatchingAverage: 1.32E-05
StatTimingReplenishmentBatchingOverall: 2.64E-05
StatTimingReplenishmentBatchingCount: 2
StatTimingOrderBatchingAverage: 0.00015415274314214446
StatTimingOrderBatchingOverall: 0.12363049999999985
StatTimingOrderBatchingCount: 802
>>> Overall
StatOverallBundlesPlaced: 0
StatOverallItemsOrdered: 667
StatOverallOrdersPlaced: 415
StatOverallBundlesRejected: 0
StatOverallOrdersRejected: 0
StatOverallBundlesHandled: 0
StatOverallItemsHandled: 788
StatOverallLinesHandled: 747
StatOverallOrdersHandled: 499
StatOverallCollisions: 0
StatOverallDistanceTraveled: 5035.833777625598
StatOverallDistanceEstimated: 4863
StatOverallAssignedTasks: 198
StatMaxMemoryUsed: 95,703125
StatRealTimeUsed: 1.7142574
StatAverageTurnoverTime: 448.0369207429175
StatMedianTurnoverTime: 317.0273160136351
StatLowerQuartileTurnoverTime: 138.34554836263555
StatUpperQuartileTurnoverTime: 628.1697114328425
StatAverageThroughputTime: 94.00861025173447
StatMedianThroughputTime: 28.361666666667134
StatLowerQuartileThroughputTime: 17.58000000000004
StatUpperQuartileThroughputTime: 81.84629869393768

Marked tag finished after 1 tries!
.Fin. - SUCCESS
<<< Welcome to the RAWSimO CLI >>>
The time is: 06/13/2024 09:53:39
Starting RAWSimO wrapper with the following arguments:
Instance: ..\..\..\..\Material\Instances\0.Weighted30min Demand separate\Dd\Weighted2.xinst
Setting: ..\..\..\..\Material\Instances\0.Weighted30min Demand separate\Dd\Weighted2.xsett
ControlConfig: ..\..\..\..\Material\Instances\0.Weighted30min Demand separate\Dd\Weighted2.xconf
StatisticsDir: ..\..\..\..\Material\Instances\0.Weighted30min Demand separate\Dd
Seed: 1
Additionally the following tag was passed: 1, 0.05, 0.05, 0.18, 0.4, 0.6
Adding handler for unhandled exceptions ...
Initializing ... 
Instance recognized!
Parsing setting config ...
Parsing control config ...
Parsing instance ...
StatisticsFolder: Weighted2-Dd_[[1, 0.05, 0.05]]_3_[0.18, 0.4, 0.6].csv-1
Done!
