Executing ... 
 09:40:26 | >>> Warming up ...
 00:00:00 | >>> Warmup finished - starting simulation ...
 Realtime |   ETA    |  Sim.Time  | Progress | #Orders | #Bundles | Inv. | Distance | #Coll. |   Memory    
 00:00:00 |   n/a    | 0.00:00:00 |  0.00%   |    0    |    0     | 60%  |    0     |   0    | 105.28MB  
 00:00:00 | Cannot generate further orders - suspending generation for now
 00:00:00 | Cannot generate further orders - suspending generation for now
 00:00:00 | Cannot generate further orders - suspending generation for now
 00:00:00 | Cannot generate further orders - suspending generation for now
 00:00:00 | Cannot generate further orders - suspending generation for now
 00:00:00 | Cannot generate further orders - suspending generation for now
 00:00:00 | Cannot generate further orders - suspending generation for now
 00:00:00 | Cannot generate further orders - suspending generation for now
 00:00:01 | Cannot generate further orders - suspending generation for now
 00:00:01 | Cannot generate further orders - suspending generation for now
 00:00:01 | 00:00:00 | 0.00:30:00 | 100.00%  |   479   |    0     | 16%  |   5165   |   0    | 107.71MB  
 00:00:01 | >>> Simulation finished - writing results ...
 00:00:01 | >>> Results written
Simulation finished.
>>> Timings
StatTimingPathPlanningAverage: 9.95995444191344E-05
StatTimingPathPlanningOverall: 0.08744840000000001
StatTimingPathPlanningCount: 878
StatTimingTaskAllocationAverage: 0.001887686574074075
StatTimingTaskAllocationOverall: 0.40774030000000017
StatTimingTaskAllocationCount: 216
StatTimingItemStorageAverage: 9.832394366197195E-07
StatTimingItemStorageOverall: 0.0006981000000000009
StatTimingItemStorageCount: 710
StatTimingPodStorageAverage: 0.0015520086538461538
StatTimingPodStorageOverall: 0.1614089
StatTimingPodStorageCount: 104
StatTimingReplenishmentBatchingAverage: 7.6E-06
StatTimingReplenishmentBatchingOverall: 1.52E-05
StatTimingReplenishmentBatchingCount: 2
StatTimingOrderBatchingAverage: 9.160696774193555E-05
StatTimingOrderBatchingOverall: 0.07099540000000006
StatTimingOrderBatchingCount: 775
>>> Overall
StatOverallBundlesPlaced: 0
StatOverallItemsOrdered: 639
StatOverallOrdersPlaced: 406
StatOverallBundlesRejected: 0
StatOverallOrdersRejected: 0
StatOverallBundlesHandled: 0
StatOverallItemsHandled: 731
StatOverallLinesHandled: 689
StatOverallOrdersHandled: 479
StatOverallCollisions: 0
StatOverallDistanceTraveled: 5164.914825028294
StatOverallDistanceEstimated: 5036
StatOverallAssignedTasks: 216
StatMaxMemoryUsed: 110,9921875
StatRealTimeUsed: 1.1056537
StatAverageTurnoverTime: 452.6379585465096
StatMedianTurnoverTime: 301.77852091615887
StatLowerQuartileTurnoverTime: 120.24944444444475
StatUpperQuartileTurnoverTime: 630.0073160136352
StatAverageThroughputTime: 90.18728355318828
StatMedianThroughputTime: 23.592308820711878
StatLowerQuartileThroughputTime: 12.687777777777796
StatUpperQuartileThroughputTime: 82.64045457122052

Marked tag finished after 1 tries!
.Fin. - SUCCESS
<<< Welcome to the RAWSimO CLI >>>
The time is: 06/13/2024 09:40:27
Starting RAWSimO wrapper with the following arguments:
Instance: ..\..\..\..\Material\Instances\0.Weighted30min Demand separate\Da\Weighted2.xinst
Setting: ..\..\..\..\Material\Instances\0.Weighted30min Demand separate\Da\Weighted2.xsett
ControlConfig: ..\..\..\..\Material\Instances\0.Weighted30min Demand separate\Da\Weighted2.xconf
StatisticsDir: ..\..\..\..\Material\Instances\0.Weighted30min Demand separate\Da
Seed: 2
Additionally the following tag was passed: 1, 6.0207999999999995, 0.71, 0.224, 0.1, 0.312
Adding handler for unhandled exceptions ...
Initializing ... 
Instance recognized!
Parsing setting config ...
Parsing control config ...
Parsing instance ...
StatisticsFolder: Weighted2-Da_[[1, 6.0207999999999995, 0.71]]_1_[0.224, 0.1, 0.312].csv-2
Done!
