Executing ... 
 09:44:37 | >>> Warming up ...
 00:00:00 | >>> Warmup finished - starting simulation ...
 Realtime |   ETA    |  Sim.Time  | Progress | #Orders | #Bundles | Inv. | Distance | #Coll. |   Memory    
 00:00:00 |   n/a    | 0.00:00:00 |  0.00%   |    0    |    0     | 60%  |    0     |   0    | 129.34MB  
 00:00:01 | Cannot generate further orders - suspending generation for now
 00:00:01 | Cannot generate further orders - suspending generation for now
 00:00:01 | Cannot generate further orders - suspending generation for now
 00:00:01 | Cannot generate further orders - suspending generation for now
 00:00:01 | Cannot generate further orders - suspending generation for now
 00:00:01 | Cannot generate further orders - suspending generation for now
 00:00:01 | 00:00:00 | 0.00:30:00 | 100.00%  |   450   |    0     | 19%  |   5319   |   0    | 127.66MB  
 00:00:01 | >>> Simulation finished - writing results ...
 00:00:01 | >>> Results written
Simulation finished.
>>> Timings
StatTimingPathPlanningAverage: 0.00016829527744982305
StatTimingPathPlanningOverall: 0.14254610000000012
StatTimingPathPlanningCount: 847
StatTimingTaskAllocationAverage: 0.0029241136986301354
StatTimingTaskAllocationOverall: 0.6403808999999997
StatTimingTaskAllocationCount: 219
StatTimingItemStorageAverage: 3.4711278195488717E-06
StatTimingItemStorageOverall: 0.0023082999999999997
StatTimingItemStorageCount: 665
StatTimingPodStorageAverage: 0.0025572971698113204
StatTimingPodStorageOverall: 0.27107349999999997
StatTimingPodStorageCount: 106
StatTimingReplenishmentBatchingAverage: 1.02E-05
StatTimingReplenishmentBatchingOverall: 2.04E-05
StatTimingReplenishmentBatchingCount: 2
StatTimingOrderBatchingAverage: 0.00018262338177014547
StatTimingOrderBatchingOverall: 0.13824590000000012
StatTimingOrderBatchingCount: 757
>>> Overall
StatOverallBundlesPlaced: 0
StatOverallItemsOrdered: 652
StatOverallOrdersPlaced: 412
StatOverallBundlesRejected: 0
StatOverallOrdersRejected: 0
StatOverallBundlesHandled: 0
StatOverallItemsHandled: 687
StatOverallLinesHandled: 647
StatOverallOrdersHandled: 450
StatOverallCollisions: 0
StatOverallDistanceTraveled: 5318.746646689663
StatOverallDistanceEstimated: 5159
StatOverallAssignedTasks: 219
StatMaxMemoryUsed: 129,3359375
StatRealTimeUsed: 1.7484967
StatAverageTurnoverTime: 480.6842877548753
StatMedianTurnoverTime: 343.2716594737457
StatLowerQuartileTurnoverTime: 148.201204902524
StatUpperQuartileTurnoverTime: 697.5255555555558
StatAverageThroughputTime: 98.73242746293563
StatMedianThroughputTime: 23.304444444444442
StatLowerQuartileThroughputTime: 12.79444444444448
StatUpperQuartileThroughputTime: 81.52888888888947

Marked tag finished after 1 tries!
.Fin. - SUCCESS
<<< Welcome to the RAWSimO CLI >>>
The time is: 06/13/2024 09:44:39
Starting RAWSimO wrapper with the following arguments:
Instance: ..\..\..\..\Material\Instances\0.Weighted30min Demand separate\Db\Weighted2.xinst
Setting: ..\..\..\..\Material\Instances\0.Weighted30min Demand separate\Db\Weighted2.xsett
ControlConfig: ..\..\..\..\Material\Instances\0.Weighted30min Demand separate\Db\Weighted2.xconf
StatisticsDir: ..\..\..\..\Material\Instances\0.Weighted30min Demand separate\Db
Seed: 2
Additionally the following tag was passed: 1, 0.5534, 0.794, 0.193, 0.345, 0.333
Adding handler for unhandled exceptions ...
Initializing ... 
Instance recognized!
Parsing setting config ...
Parsing control config ...
Parsing instance ...
StatisticsFolder: Weighted2-Db_[[1, 0.5534, 0.794]]_1_[0.193, 0.345, 0.333].csv-2
Done!
