Executing ... 
 20:00:41 | >>> Warming up ...
 00:00:00 | >>> Warmup finished - starting simulation ...
 Realtime |   ETA    |  Sim.Time  | Progress | #Orders | #Bundles | Inv. | Distance | #Coll. |   Memory    
 00:00:00 |   n/a    | 0.00:00:00 |  0.00%   |    0    |    0     | 60%  |    0     |   0    |  87.80MB  
 00:00:00 | Cannot generate further orders - suspending generation for now
 00:00:00 | Cannot generate further orders - suspending generation for now
 00:00:00 | Cannot generate further orders - suspending generation for now
 00:00:00 | Cannot generate further orders - suspending generation for now
 00:00:00 | Cannot generate further orders - suspending generation for now
 00:00:01 | Cannot generate further orders - suspending generation for now
 00:00:01 | Cannot generate further orders - suspending generation for now
 00:00:01 | Cannot generate further orders - suspending generation for now
 00:00:01 | Cannot generate further orders - suspending generation for now
 00:00:01 | Cannot generate further orders - suspending generation for now
 00:00:01 | 00:00:00 | 0.00:30:00 | 100.00%  |   500   |    0     | 14%  |   4872   |   0    |  82.78MB  
 00:00:01 | >>> Simulation finished - writing results ...
 00:00:01 | >>> Results written
Simulation finished.
>>> Timings
StatTimingPathPlanningAverage: 0.00010765018495684329
StatTimingPathPlanningOverall: 0.0873042999999999
StatTimingPathPlanningCount: 811
StatTimingTaskAllocationAverage: 0.002248441463414636
StatTimingTaskAllocationOverall: 0.46093050000000035
StatTimingTaskAllocationCount: 205
StatTimingItemStorageAverage: 1.0922974767596321E-06
StatTimingItemStorageOverall: 0.000822500000000003
StatTimingItemStorageCount: 753
StatTimingPodStorageAverage: 0.0019352608247422678
StatTimingPodStorageOverall: 0.18772029999999998
StatTimingPodStorageCount: 97
StatTimingReplenishmentBatchingAverage: 7.8E-06
StatTimingReplenishmentBatchingOverall: 1.56E-05
StatTimingReplenishmentBatchingCount: 2
StatTimingOrderBatchingAverage: 0.000108973203410475
StatTimingOrderBatchingOverall: 0.08946699999999998
StatTimingOrderBatchingCount: 821
>>> Overall
StatOverallBundlesPlaced: 0
StatOverallItemsOrdered: 657
StatOverallOrdersPlaced: 417
StatOverallBundlesRejected: 0
StatOverallOrdersRejected: 0
StatOverallBundlesHandled: 0
StatOverallItemsHandled: 773
StatOverallLinesHandled: 732
StatOverallOrdersHandled: 500
StatOverallCollisions: 0
StatOverallDistanceTraveled: 4872.460096838504
StatOverallDistanceEstimated: 4719
StatOverallAssignedTasks: 205
StatMaxMemoryUsed: 87,6953125
StatRealTimeUsed: 1.1808219
StatAverageTurnoverTime: 481.64920637895005
StatMedianTurnoverTime: 346.3677777777773
StatLowerQuartileTurnoverTime: 142.2955555555556
StatUpperQuartileTurnoverTime: 706.4866594737441
StatAverageThroughputTime: 91.29094645087896
StatMedianThroughputTime: 24.252222222222343
StatLowerQuartileThroughputTime: 15.905000000000427
StatUpperQuartileThroughputTime: 85.70731601363511

Marked tag finished after 1 tries!
.Fin. - SUCCESS
<<< Welcome to the RAWSimO CLI >>>
The time is: 06/11/2024 20:00:42
Starting RAWSimO wrapper with the following arguments:
Instance: ..\..\..\..\Material\Instances\0.Weighted30min Demand separate\Df\Weighted2.xinst
Setting: ..\..\..\..\Material\Instances\0.Weighted30min Demand separate\Df\Weighted2.xsett
ControlConfig: ..\..\..\..\Material\Instances\0.Weighted30min Demand separate\Df\Weighted2.xconf
StatisticsDir: ..\..\..\..\Material\Instances\0.Weighted30min Demand separate\Df
Seed: 2
Additionally the following tag was passed: [[1, 0.436, 0.068]]
Adding handler for unhandled exceptions ...
Initializing ... 
Instance recognized!
Parsing setting config ...
Parsing control config ...
Parsing instance ...
StatisticsFolder: Weighted2-Df_[[1, 0.436, 0.068]]_2.csv-2
Done!
