Executing ... 
 19:25:18 | >>> Warming up ...
 00:00:00 | >>> Warmup finished - starting simulation ...
 Realtime |   ETA    |  Sim.Time  | Progress | #Orders | #Bundles | Inv. | Distance | #Coll. |   Memory    
 00:00:00 |   n/a    | 0.00:00:00 |  0.00%   |    0    |    0     | 60%  |    0     |   0    | 136.91MB  
 00:00:00 | Cannot generate further orders - suspending generation for now
 00:00:00 | Cannot generate further orders - suspending generation for now
 00:00:00 | Cannot generate further orders - suspending generation for now
 00:00:00 | Cannot generate further orders - suspending generation for now
 00:00:00 | Cannot generate further orders - suspending generation for now
 00:00:00 | Cannot generate further orders - suspending generation for now
 00:00:00 | Cannot generate further orders - suspending generation for now
 00:00:00 | Cannot generate further orders - suspending generation for now
 00:00:00 | Cannot generate further orders - suspending generation for now
 00:00:00 | Cannot generate further orders - suspending generation for now
 00:00:00 | 00:00:00 | 0.00:30:00 | 100.00%  |   484   |    0     | 15%  |   5116   |   0    | 139.14MB  
 00:00:00 | >>> Simulation finished - writing results ...
 00:00:00 | >>> Results written
Simulation finished.
>>> Timings
StatTimingPathPlanningAverage: 8.511811594202911E-05
StatTimingPathPlanningOverall: 0.0704778000000001
StatTimingPathPlanningCount: 828
StatTimingTaskAllocationAverage: 0.001672570673076922
StatTimingTaskAllocationOverall: 0.3478946999999998
StatTimingTaskAllocationCount: 208
StatTimingItemStorageAverage: 8.431081081081125E-07
StatTimingItemStorageOverall: 0.0006239000000000033
StatTimingItemStorageCount: 740
StatTimingPodStorageAverage: 0.0014560868686868695
StatTimingPodStorageOverall: 0.14415260000000008
StatTimingPodStorageCount: 99
StatTimingReplenishmentBatchingAverage: 7.5500000000000006E-06
StatTimingReplenishmentBatchingOverall: 1.5100000000000001E-05
StatTimingReplenishmentBatchingCount: 2
StatTimingOrderBatchingAverage: 8.275547073791336E-05
StatTimingOrderBatchingOverall: 0.0650457999999999
StatTimingOrderBatchingCount: 786
>>> Overall
StatOverallBundlesPlaced: 0
StatOverallItemsOrdered: 660
StatOverallOrdersPlaced: 408
StatOverallBundlesRejected: 0
StatOverallOrdersRejected: 0
StatOverallBundlesHandled: 0
StatOverallItemsHandled: 756
StatOverallLinesHandled: 701
StatOverallOrdersHandled: 484
StatOverallCollisions: 0
StatOverallDistanceTraveled: 5115.601852469125
StatOverallDistanceEstimated: 4947
StatOverallAssignedTasks: 208
StatMaxMemoryUsed: 140,90234375
StatRealTimeUsed: 0.9155364
StatAverageTurnoverTime: 446.0255631460017
StatMedianTurnoverTime: 335.2042640545402
StatLowerQuartileTurnoverTime: 138.59898268030182
StatUpperQuartileTurnoverTime: 617.986854249493
StatAverageThroughputTime: 98.32229776881053
StatMedianThroughputTime: 24.764999999999986
StatLowerQuartileThroughputTime: 15.75833333333344
StatUpperQuartileThroughputTime: 90.07999999999993

Marked tag finished after 1 tries!
.Fin. - SUCCESS
<<< Welcome to the RAWSimO CLI >>>
The time is: 06/25/2024 19:25:19
Starting RAWSimO wrapper with the following arguments:
Instance: ..\..\..\..\Material\Instances\10.Weighted30min Demand Gall\Dr\Weighted2.xinst
Setting: ..\..\..\..\Material\Instances\10.Weighted30min Demand Gall\Dr\Weighted2.xsett
ControlConfig: ..\..\..\..\Material\Instances\10.Weighted30min Demand Gall\Dr\Weighted2.xconf
StatisticsDir: ..\..\..\..\Material\Instances\10.Weighted30min Demand Gall\Dr
Seed: 5
Additionally the following tag was passed: 1, 0.29909090909090913, 1.0, 0.132, 0.438, 1.0
Adding handler for unhandled exceptions ...
Initializing ... 
Instance recognized!
Parsing setting config ...
Parsing control config ...
Parsing instance ...
StatisticsFolder: Weighted2-Dr_[[1, 0.29909090909090913, 1.0]]_3_[0.132, 0.438, 1.0].csv-5
Done!
