Executing ... 
 16:47:57 | >>> Warming up ...
 00:00:00 | >>> Warmup finished - starting simulation ...
 Realtime |   ETA    |  Sim.Time  | Progress | #Orders | #Bundles | Inv. | Distance | #Coll. |   Memory    
 00:00:00 |   n/a    | 0.00:00:00 |  0.00%   |    0    |    0     | 60%  |    0     |   0    | 110.24MB  
 00:00:00 | Cannot generate further orders - suspending generation for now
 00:00:00 | Cannot generate further orders - suspending generation for now
 00:00:00 | Cannot generate further orders - suspending generation for now
 00:00:00 | Cannot generate further orders - suspending generation for now
 00:00:00 | Cannot generate further orders - suspending generation for now
 00:00:00 | Cannot generate further orders - suspending generation for now
 00:00:00 | Cannot generate further orders - suspending generation for now
 00:00:01 | Cannot generate further orders - suspending generation for now
 00:00:01 | 00:00:00 | 0.00:30:00 | 100.00%  |   478   |    0     | 17%  |   5140   |   0    | 107.55MB  
 00:00:01 | >>> Simulation finished - writing results ...
 00:00:01 | >>> Results written
Simulation finished.
>>> Timings
StatTimingPathPlanningAverage: 9.271328588374848E-05
StatTimingPathPlanningOverall: 0.07815729999999997
StatTimingPathPlanningCount: 843
StatTimingTaskAllocationAverage: 0.0018651547169811322
StatTimingTaskAllocationOverall: 0.3954128
StatTimingTaskAllocationCount: 212
StatTimingItemStorageAverage: 9.923959827833577E-07
StatTimingItemStorageOverall: 0.0006917000000000003
StatTimingItemStorageCount: 697
StatTimingPodStorageAverage: 0.0017368613861386128
StatTimingPodStorageOverall: 0.17542299999999988
StatTimingPodStorageCount: 101
StatTimingReplenishmentBatchingAverage: 7.95E-06
StatTimingReplenishmentBatchingOverall: 1.59E-05
StatTimingReplenishmentBatchingCount: 2
StatTimingOrderBatchingAverage: 8.865122897800774E-05
StatTimingOrderBatchingOverall: 0.06852739999999999
StatTimingOrderBatchingCount: 773
>>> Overall
StatOverallBundlesPlaced: 0
StatOverallItemsOrdered: 651
StatOverallOrdersPlaced: 424
StatOverallBundlesRejected: 0
StatOverallOrdersRejected: 0
StatOverallBundlesHandled: 0
StatOverallItemsHandled: 719
StatOverallLinesHandled: 683
StatOverallOrdersHandled: 478
StatOverallCollisions: 0
StatOverallDistanceTraveled: 5139.9763698491915
StatOverallDistanceEstimated: 5021
StatOverallAssignedTasks: 212
StatMaxMemoryUsed: 110,23828125
StatRealTimeUsed: 1.0345208
StatAverageTurnoverTime: 453.9534175402416
StatMedianTurnoverTime: 302.8536147075719
StatLowerQuartileTurnoverTime: 114.97722222222194
StatUpperQuartileTurnoverTime: 651.9102813742387
StatAverageThroughputTime: 95.40550148776038
StatMedianThroughputTime: 22.24055555555543
StatLowerQuartileThroughputTime: 15.847222222222399
StatUpperQuartileThroughputTime: 75.65398268030145

Marked tag finished after 1 tries!
.Fin. - SUCCESS
<<< Welcome to the RAWSimO CLI >>>
The time is: 06/03/2024 16:47:58
Starting RAWSimO wrapper with the following arguments:
Instance: ..\..\..\..\Material\Instances\0.Weighted30min\Weighted2.xinst
Setting: ..\..\..\..\Material\Instances\0.Weighted30min\Weighted2.xsett
ControlConfig: ..\..\..\..\Material\Instances\0.Weighted30min\Weighted2.xconf
StatisticsDir: ..\..\..\..\Material\Instances\0.Weighted30min
Seed: 1
Additionally the following tag was passed: Dbwhigh
Adding handler for unhandled exceptions ...
Initializing ... 
Instance recognized!
Parsing setting config ...
Parsing control config ...
Parsing instance ...
StatisticsFolder: Weighted2-Db_whigh_2.csv-1
Done!
