Executing ... 
 19:59:21 | >>> Warming up ...
 00:00:00 | >>> Warmup finished - starting simulation ...
 Realtime |   ETA    |  Sim.Time  | Progress | #Orders | #Bundles | Inv. | Distance | #Coll. |   Memory    
 00:00:00 |   n/a    | 0.00:00:00 |  0.00%   |    0    |    0     | 60%  |    0     |   0    | 102.43MB  
 00:00:00 | Cannot generate further orders - suspending generation for now
 00:00:00 | Cannot generate further orders - suspending generation for now
 00:00:00 | Cannot generate further orders - suspending generation for now
 00:00:00 | Cannot generate further orders - suspending generation for now
 00:00:00 | Cannot generate further orders - suspending generation for now
 00:00:00 | Cannot generate further orders - suspending generation for now
 00:00:01 | Cannot generate further orders - suspending generation for now
 00:00:01 | Cannot generate further orders - suspending generation for now
 00:00:01 | Cannot generate further orders - suspending generation for now
 00:00:01 | 00:00:00 | 0.00:30:00 | 100.00%  |   481   |    0     | 14%  |   4992   |   0    |  73.99MB  
 00:00:01 | >>> Simulation finished - writing results ...
 00:00:01 | >>> Results written
Simulation finished.
>>> Timings
StatTimingPathPlanningAverage: 9.981153846153844E-05
StatTimingPathPlanningOverall: 0.08044809999999998
StatTimingPathPlanningCount: 806
StatTimingTaskAllocationAverage: 0.0017417985645933015
StatTimingTaskAllocationOverall: 0.3640359
StatTimingTaskAllocationCount: 209
StatTimingItemStorageAverage: 1.0510610079575651E-06
StatTimingItemStorageOverall: 0.0007925000000000041
StatTimingItemStorageCount: 754
StatTimingPodStorageAverage: 0.0015526249999999998
StatTimingPodStorageOverall: 0.15526249999999997
StatTimingPodStorageCount: 100
StatTimingReplenishmentBatchingAverage: 8.75E-06
StatTimingReplenishmentBatchingOverall: 1.75E-05
StatTimingReplenishmentBatchingCount: 2
StatTimingOrderBatchingAverage: 9.405871212121215E-05
StatTimingOrderBatchingOverall: 0.07449450000000002
StatTimingOrderBatchingCount: 792
>>> Overall
StatOverallBundlesPlaced: 0
StatOverallItemsOrdered: 647
StatOverallOrdersPlaced: 398
StatOverallBundlesRejected: 0
StatOverallOrdersRejected: 0
StatOverallBundlesHandled: 0
StatOverallItemsHandled: 762
StatOverallLinesHandled: 709
StatOverallOrdersHandled: 481
StatOverallCollisions: 0
StatOverallDistanceTraveled: 4991.728007218966
StatOverallDistanceEstimated: 4818
StatOverallAssignedTasks: 209
StatMaxMemoryUsed: 101,49609375
StatRealTimeUsed: 1.0651024
StatAverageTurnoverTime: 472.88528985453564
StatMedianTurnoverTime: 363.2494444444443
StatLowerQuartileTurnoverTime: 162.9493506530316
StatUpperQuartileTurnoverTime: 677.0986147075729
StatAverageThroughputTime: 100.63282855119874
StatMedianThroughputTime: 25.348888888889178
StatLowerQuartileThroughputTime: 16.267777777777724
StatUpperQuartileThroughputTime: 87.25083692979501

Marked tag finished after 1 tries!
.Fin. - SUCCESS
<<< Welcome to the RAWSimO CLI >>>
The time is: 06/11/2024 19:59:22
Starting RAWSimO wrapper with the following arguments:
Instance: ..\..\..\..\Material\Instances\0.Weighted30min Demand separate\Df\Weighted2.xinst
Setting: ..\..\..\..\Material\Instances\0.Weighted30min Demand separate\Df\Weighted2.xsett
ControlConfig: ..\..\..\..\Material\Instances\0.Weighted30min Demand separate\Df\Weighted2.xconf
StatisticsDir: ..\..\..\..\Material\Instances\0.Weighted30min Demand separate\Df
Seed: 1
Additionally the following tag was passed: [[1, 0.10514285714285715, 0.068]]
Adding handler for unhandled exceptions ...
Initializing ... 
Instance recognized!
Parsing setting config ...
Parsing control config ...
Parsing instance ...
StatisticsFolder: Weighted2-Df_[[1, 0.10514285714285715, 0.068]]_1.csv-1
Done!
