Executing ... 
 09:40:41 | >>> Warming up ...
 00:00:00 | >>> Warmup finished - starting simulation ...
 Realtime |   ETA    |  Sim.Time  | Progress | #Orders | #Bundles | Inv. | Distance | #Coll. |   Memory    
 00:00:00 |   n/a    | 0.00:00:00 |  0.00%   |    0    |    0     | 60%  |    0     |   0    | 114.41MB  
 00:00:00 | Cannot generate further orders - suspending generation for now
 00:00:00 | Cannot generate further orders - suspending generation for now
 00:00:00 | Cannot generate further orders - suspending generation for now
 00:00:00 | Cannot generate further orders - suspending generation for now
 00:00:00 | Cannot generate further orders - suspending generation for now
 00:00:00 | Cannot generate further orders - suspending generation for now
 00:00:00 | 00:00:00 | 0.00:30:00 | 100.00%  |   455   |    0     | 18%  |   5138   |   0    |  64.05MB  
 00:00:00 | >>> Simulation finished - writing results ...
 00:00:01 | >>> Results written
Simulation finished.
>>> Timings
StatTimingPathPlanningAverage: 9.258944954128434E-05
StatTimingPathPlanningOverall: 0.08073799999999995
StatTimingPathPlanningCount: 872
StatTimingTaskAllocationAverage: 0.0019002644230769225
StatTimingTaskAllocationOverall: 0.39525499999999986
StatTimingTaskAllocationCount: 208
StatTimingItemStorageAverage: 9.211287988422596E-07
StatTimingItemStorageOverall: 0.0006365000000000014
StatTimingItemStorageCount: 691
StatTimingPodStorageAverage: 0.001617775757575758
StatTimingPodStorageOverall: 0.16015980000000005
StatTimingPodStorageCount: 99
StatTimingReplenishmentBatchingAverage: 8.2E-06
StatTimingReplenishmentBatchingOverall: 1.64E-05
StatTimingReplenishmentBatchingCount: 2
StatTimingOrderBatchingAverage: 8.100798429319372E-05
StatTimingOrderBatchingOverall: 0.0618901
StatTimingOrderBatchingCount: 764
>>> Overall
StatOverallBundlesPlaced: 0
StatOverallItemsOrdered: 660
StatOverallOrdersPlaced: 411
StatOverallBundlesRejected: 0
StatOverallOrdersRejected: 0
StatOverallBundlesHandled: 0
StatOverallItemsHandled: 706
StatOverallLinesHandled: 668
StatOverallOrdersHandled: 455
StatOverallCollisions: 0
StatOverallDistanceTraveled: 5138.3018667953675
StatOverallDistanceEstimated: 5004
StatOverallAssignedTasks: 208
StatMaxMemoryUsed: 114,4140625
StatRealTimeUsed: 0.9922201
StatAverageTurnoverTime: 463.7576045183372
StatMedianTurnoverTime: 273.95472581868717
StatLowerQuartileTurnoverTime: 103.21509379141298
StatUpperQuartileTurnoverTime: 710.3661111111113
StatAverageThroughputTime: 91.84783422838949
StatMedianThroughputTime: 21.248888888888814
StatLowerQuartileThroughputTime: 12.902777777778283
StatUpperQuartileThroughputTime: 82.24342712474663

Marked tag finished after 1 tries!
.Fin. - SUCCESS
<<< Welcome to the RAWSimO CLI >>>
The time is: 06/13/2024 09:40:42
Starting RAWSimO wrapper with the following arguments:
Instance: ..\..\..\..\Material\Instances\0.Weighted30min Demand separate\Da\Weighted2.xinst
Setting: ..\..\..\..\Material\Instances\0.Weighted30min Demand separate\Da\Weighted2.xsett
ControlConfig: ..\..\..\..\Material\Instances\0.Weighted30min Demand separate\Da\Weighted2.xconf
StatisticsDir: ..\..\..\..\Material\Instances\0.Weighted30min Demand separate\Da
Seed: 1
Additionally the following tag was passed: 1, 6.0207999999999995, 1.039, 0.259, 0.1, 0.25
Adding handler for unhandled exceptions ...
Initializing ... 
Instance recognized!
Parsing setting config ...
Parsing control config ...
Parsing instance ...
StatisticsFolder: Weighted2-Da_[[1, 6.0207999999999995, 1.039]]_2_[0.259, 0.1, 0.25].csv-1
Done!
