Executing ... 
 09:57:03 | >>> Warming up ...
 00:00:00 | >>> Warmup finished - starting simulation ...
 Realtime |   ETA    |  Sim.Time  | Progress | #Orders | #Bundles | Inv. | Distance | #Coll. |   Memory    
 00:00:00 |   n/a    | 0.00:00:00 |  0.00%   |    0    |    0     | 60%  |    0     |   0    | 107.35MB  
 00:00:00 | Cannot generate further orders - suspending generation for now
 00:00:00 | Cannot generate further orders - suspending generation for now
 00:00:00 | Cannot generate further orders - suspending generation for now
 00:00:00 | Cannot generate further orders - suspending generation for now
 00:00:00 | Cannot generate further orders - suspending generation for now
 00:00:00 | Cannot generate further orders - suspending generation for now
 00:00:00 | Cannot generate further orders - suspending generation for now
 00:00:00 | Cannot generate further orders - suspending generation for now
 00:00:00 | Cannot generate further orders - suspending generation for now
 00:00:00 | Cannot generate further orders - suspending generation for now
 00:00:00 | 00:00:00 | 0.00:30:00 | 100.00%  |   479   |    0     | 15%  |   5068   |   0    | 103.55MB  
 00:00:00 | >>> Simulation finished - writing results ...
 00:00:01 | >>> Results written
Simulation finished.
>>> Timings
StatTimingPathPlanningAverage: 8.002834158415835E-05
StatTimingPathPlanningOverall: 0.06466289999999995
StatTimingPathPlanningCount: 808
StatTimingTaskAllocationAverage: 0.0017683304761904784
StatTimingTaskAllocationOverall: 0.37134940000000044
StatTimingTaskAllocationCount: 210
StatTimingItemStorageAverage: 8.541953232462208E-07
StatTimingItemStorageOverall: 0.0006210000000000025
StatTimingItemStorageCount: 727
StatTimingPodStorageAverage: 0.0014968170000000001
StatTimingPodStorageOverall: 0.1496817
StatTimingPodStorageCount: 100
StatTimingReplenishmentBatchingAverage: 7.25E-06
StatTimingReplenishmentBatchingOverall: 1.45E-05
StatTimingReplenishmentBatchingCount: 2
StatTimingOrderBatchingAverage: 8.467551813471498E-05
StatTimingOrderBatchingOverall: 0.06536949999999997
StatTimingOrderBatchingCount: 772
>>> Overall
StatOverallBundlesPlaced: 0
StatOverallItemsOrdered: 662
StatOverallOrdersPlaced: 415
StatOverallBundlesRejected: 0
StatOverallOrdersRejected: 0
StatOverallBundlesHandled: 0
StatOverallItemsHandled: 747
StatOverallLinesHandled: 706
StatOverallOrdersHandled: 479
StatOverallCollisions: 0
StatOverallDistanceTraveled: 5067.728135211864
StatOverallDistanceEstimated: 4918
StatOverallAssignedTasks: 210
StatMaxMemoryUsed: 107,03125
StatRealTimeUsed: 0.9612756
StatAverageTurnoverTime: 488.88465820908004
StatMedianTurnoverTime: 358.814278440394
StatLowerQuartileTurnoverTime: 178.2814790838417
StatUpperQuartileTurnoverTime: 682.7121715883623
StatAverageThroughputTime: 96.01356154238962
StatMedianThroughputTime: 28.862676793438823
StatLowerQuartileThroughputTime: 16.348888888888837
StatUpperQuartileThroughputTime: 91.10323954191904

Marked tag finished after 1 tries!
.Fin. - SUCCESS
<<< Welcome to the RAWSimO CLI >>>
The time is: 06/13/2024 09:57:04
Starting RAWSimO wrapper with the following arguments:
Instance: ..\..\..\..\Material\Instances\0.Weighted30min Demand separate\Dd\Weighted2.xinst
Setting: ..\..\..\..\Material\Instances\0.Weighted30min Demand separate\Dd\Weighted2.xsett
ControlConfig: ..\..\..\..\Material\Instances\0.Weighted30min Demand separate\Dd\Weighted2.xconf
StatisticsDir: ..\..\..\..\Material\Instances\0.Weighted30min Demand separate\Dd
Seed: 1
Additionally the following tag was passed: 1, 0.49399999999999994, 0.21333333333333337, 0.169, 0.342, 0.8
Adding handler for unhandled exceptions ...
Initializing ... 
Instance recognized!
Parsing setting config ...
Parsing control config ...
Parsing instance ...
StatisticsFolder: Weighted2-Dd_[[1, 0.49399999999999994, 0.21333333333333337]]_1_[0.169, 0.342, 0.8].csv-1
Done!
