Executing ... 
 19:25:52 | >>> Warming up ...
 00:00:00 | >>> Warmup finished - starting simulation ...
 Realtime |   ETA    |  Sim.Time  | Progress | #Orders | #Bundles | Inv. | Distance | #Coll. |   Memory    
 00:00:00 |   n/a    | 0.00:00:00 |  0.00%   |    0    |    0     | 60%  |    0     |   0    | 144.28MB  
 00:00:00 | Cannot generate further orders - suspending generation for now
 00:00:00 | Cannot generate further orders - suspending generation for now
 00:00:00 | Cannot generate further orders - suspending generation for now
 00:00:00 | Cannot generate further orders - suspending generation for now
 00:00:00 | Cannot generate further orders - suspending generation for now
 00:00:00 | Cannot generate further orders - suspending generation for now
 00:00:00 | Cannot generate further orders - suspending generation for now
 00:00:00 | Cannot generate further orders - suspending generation for now
 00:00:00 | Cannot generate further orders - suspending generation for now
 00:00:00 | 00:00:00 | 0.00:30:00 | 100.00%  |   480   |    0     | 14%  |   4976   |   0    | 139.62MB  
 00:00:00 | >>> Simulation finished - writing results ...
 00:00:00 | >>> Results written
Simulation finished.
>>> Timings
StatTimingPathPlanningAverage: 7.516089108910892E-05
StatTimingPathPlanningOverall: 0.060730000000000006
StatTimingPathPlanningCount: 808
StatTimingTaskAllocationAverage: 0.0016855888888888896
StatTimingTaskAllocationOverall: 0.34891690000000014
StatTimingTaskAllocationCount: 207
StatTimingItemStorageAverage: 8.804377564979531E-07
StatTimingItemStorageOverall: 0.0006436000000000037
StatTimingItemStorageCount: 731
StatTimingPodStorageAverage: 0.0014213373737373732
StatTimingPodStorageOverall: 0.14071239999999996
StatTimingPodStorageCount: 99
StatTimingReplenishmentBatchingAverage: 7.6E-06
StatTimingReplenishmentBatchingOverall: 1.52E-05
StatTimingReplenishmentBatchingCount: 2
StatTimingOrderBatchingAverage: 0.00010094161331626126
StatTimingOrderBatchingOverall: 0.07883540000000004
StatTimingOrderBatchingCount: 781
>>> Overall
StatOverallBundlesPlaced: 0
StatOverallItemsOrdered: 667
StatOverallOrdersPlaced: 410
StatOverallBundlesRejected: 0
StatOverallOrdersRejected: 0
StatOverallBundlesHandled: 0
StatOverallItemsHandled: 759
StatOverallLinesHandled: 706
StatOverallOrdersHandled: 480
StatOverallCollisions: 0
StatOverallDistanceTraveled: 4976.224382669384
StatOverallDistanceEstimated: 4820
StatOverallAssignedTasks: 207
StatMaxMemoryUsed: 144,27734375
StatRealTimeUsed: 0.9014346
StatAverageTurnoverTime: 469.1646300912211
StatMedianTurnoverTime: 348.9175035964637
StatLowerQuartileTurnoverTime: 139.94000000000003
StatUpperQuartileTurnoverTime: 692.9836147075724
StatAverageThroughputTime: 102.1943298455358
StatMedianThroughputTime: 27.582777777777807
StatLowerQuartileThroughputTime: 16.151666666666756
StatUpperQuartileThroughputTime: 88.77787156919061

Marked tag finished after 1 tries!
.Fin. - SUCCESS
<<< Welcome to the RAWSimO CLI >>>
The time is: 06/25/2024 19:25:53
Starting RAWSimO wrapper with the following arguments:
Instance: ..\..\..\..\Material\Instances\10.Weighted30min Demand Gall\Dr\Weighted2.xinst
Setting: ..\..\..\..\Material\Instances\10.Weighted30min Demand Gall\Dr\Weighted2.xsett
ControlConfig: ..\..\..\..\Material\Instances\10.Weighted30min Demand Gall\Dr\Weighted2.xconf
StatisticsDir: ..\..\..\..\Material\Instances\10.Weighted30min Demand Gall\Dr
Seed: 5
Additionally the following tag was passed: 1, 0.5881818181818183, 1.0, 0.173, 0.295, 1.0
Adding handler for unhandled exceptions ...
Initializing ... 
Instance recognized!
Parsing setting config ...
Parsing control config ...
Parsing instance ...
StatisticsFolder: Weighted2-Dr_[[1, 0.5881818181818183, 1.0]]_2_[0.173, 0.295, 1.0].csv-5
Done!
