Executing ... 
 09:25:30 | >>> Warming up ...
 00:00:00 | >>> Warmup finished - starting simulation ...
 Realtime |   ETA    |  Sim.Time  | Progress | #Orders | #Bundles | Inv. | Distance | #Coll. |   Memory    
 00:00:00 |   n/a    | 0.00:00:00 |  0.00%   |    0    |    0     | 60%  |    0     |   0    |  71.07MB  
 00:00:00 | Cannot generate further orders - suspending generation for now
 00:00:00 | Cannot generate further orders - suspending generation for now
 00:00:00 | Cannot generate further orders - suspending generation for now
 00:00:00 | Cannot generate further orders - suspending generation for now
 00:00:01 | Cannot generate further orders - suspending generation for now
 00:00:01 | Cannot generate further orders - suspending generation for now
 00:00:01 | Cannot generate further orders - suspending generation for now
 00:00:01 | Cannot generate further orders - suspending generation for now
 00:00:01 | Cannot generate further orders - suspending generation for now
 00:00:01 | 00:00:00 | 0.00:30:00 | 100.00%  |   443   |    0     | 19%  |   5428   |   0    |  71.91MB  
 00:00:01 | >>> Simulation finished - writing results ...
 00:00:01 | >>> Results written
Simulation finished.
>>> Timings
StatTimingPathPlanningAverage: 0.00010287151230949596
StatTimingPathPlanningOverall: 0.08774940000000005
StatTimingPathPlanningCount: 853
StatTimingTaskAllocationAverage: 0.0019482757990867574
StatTimingTaskAllocationOverall: 0.4266723999999999
StatTimingTaskAllocationCount: 219
StatTimingItemStorageAverage: 1.3100294985250666E-06
StatTimingItemStorageOverall: 0.0008881999999999952
StatTimingItemStorageCount: 678
StatTimingPodStorageAverage: 0.0017224673076923075
StatTimingPodStorageOverall: 0.17913659999999998
StatTimingPodStorageCount: 104
StatTimingReplenishmentBatchingAverage: 9.7E-06
StatTimingReplenishmentBatchingOverall: 1.94E-05
StatTimingReplenishmentBatchingCount: 2
StatTimingOrderBatchingAverage: 9.627150610583443E-05
StatTimingOrderBatchingOverall: 0.07095209999999998
StatTimingOrderBatchingCount: 737
>>> Overall
StatOverallBundlesPlaced: 0
StatOverallItemsOrdered: 657
StatOverallOrdersPlaced: 419
StatOverallBundlesRejected: 0
StatOverallOrdersRejected: 0
StatOverallBundlesHandled: 0
StatOverallItemsHandled: 684
StatOverallLinesHandled: 644
StatOverallOrdersHandled: 443
StatOverallCollisions: 0
StatOverallDistanceTraveled: 5428.052029896584
StatOverallDistanceEstimated: 5282
StatOverallAssignedTasks: 219
StatMaxMemoryUsed: 75,81640625
StatRealTimeUsed: 1.1066132
StatAverageTurnoverTime: 448.0286307734034
StatMedianTurnoverTime: 225.45222222222299
StatLowerQuartileTurnoverTime: 96.22564934696845
StatUpperQuartileTurnoverTime: 642.8406565398988
StatAverageThroughputTime: 91.75731525050385
StatMedianThroughputTime: 23.017871569191584
StatLowerQuartileThroughputTime: 13.333333333333314
StatUpperQuartileThroughputTime: 76.36166666666713

Marked tag finished after 1 tries!
.Fin. - SUCCESS
<<< Welcome to the RAWSimO CLI >>>
The time is: 06/13/2024 09:25:32
Starting RAWSimO wrapper with the following arguments:
Instance: ..\..\..\..\Material\Instances\0.Weighted30min Demand separate\Da\Weighted2.xinst
Setting: ..\..\..\..\Material\Instances\0.Weighted30min Demand separate\Da\Weighted2.xsett
ControlConfig: ..\..\..\..\Material\Instances\0.Weighted30min Demand separate\Da\Weighted2.xconf
StatisticsDir: ..\..\..\..\Material\Instances\0.Weighted30min Demand separate\Da
Seed: 2
Additionally the following tag was passed: 1, 10.0, 1.039, 0.259, 0.1, 0.25
Adding handler for unhandled exceptions ...
Initializing ... 
Instance recognized!
Parsing setting config ...
Parsing control config ...
Parsing instance ...
StatisticsFolder: Weighted2-Da_[[1, 10.0, 1.039]]_2_[0.259, 0.1, 0.25].csv-2
Done!
