Executing ... 
 16:21:44 | >>> Warming up ...
 00:00:00 | >>> Warmup finished - starting simulation ...
 Realtime |   ETA    |  Sim.Time  | Progress | #Orders | #Bundles | Inv. | Distance | #Coll. |   Memory    
 00:00:00 |   n/a    | 0.00:00:00 |  0.00%   |    0    |    0     | 60%  |    0     |   0    |  91.71MB  
 00:00:01 | Cannot generate further orders - suspending generation for now
 00:00:01 | Cannot generate further orders - suspending generation for now
 00:00:01 | Cannot generate further orders - suspending generation for now
 00:00:01 | Cannot generate further orders - suspending generation for now
 00:00:01 | Cannot generate further orders - suspending generation for now
 00:00:01 | Cannot generate further orders - suspending generation for now
 00:00:01 | Cannot generate further orders - suspending generation for now
 00:00:01 | Cannot generate further orders - suspending generation for now
 00:00:01 | 00:00:00 | 0.00:30:00 | 100.00%  |   477   |    0     | 16%  |   5051   |   0    |  87.29MB  
 00:00:01 | >>> Simulation finished - writing results ...
 00:00:01 | >>> Results written
Simulation finished.
>>> Timings
StatTimingPathPlanningAverage: 0.0001342100484261501
StatTimingPathPlanningOverall: 0.1108575
StatTimingPathPlanningCount: 826
StatTimingTaskAllocationAverage: 0.002554407042253522
StatTimingTaskAllocationOverall: 0.5440887000000002
StatTimingTaskAllocationCount: 213
StatTimingItemStorageAverage: 1.3685472496473925E-06
StatTimingItemStorageOverall: 0.0009703000000000013
StatTimingItemStorageCount: 709
StatTimingPodStorageAverage: 0.002131038235294118
StatTimingPodStorageOverall: 0.21736590000000006
StatTimingPodStorageCount: 102
StatTimingReplenishmentBatchingAverage: 7.9E-06
StatTimingReplenishmentBatchingOverall: 1.58E-05
StatTimingReplenishmentBatchingCount: 2
StatTimingOrderBatchingAverage: 0.00015010692810457502
StatTimingOrderBatchingOverall: 0.11483179999999989
StatTimingOrderBatchingCount: 765
>>> Overall
StatOverallBundlesPlaced: 0
StatOverallItemsOrdered: 660
StatOverallOrdersPlaced: 420
StatOverallBundlesRejected: 0
StatOverallOrdersRejected: 0
StatOverallBundlesHandled: 0
StatOverallItemsHandled: 735
StatOverallLinesHandled: 692
StatOverallOrdersHandled: 477
StatOverallCollisions: 0
StatOverallDistanceTraveled: 5050.90782316703
StatOverallDistanceEstimated: 4944
StatOverallAssignedTasks: 213
StatMaxMemoryUsed: 92,421875
StatRealTimeUsed: 1.3946099
StatAverageTurnoverTime: 470.2086451130338
StatMedianTurnoverTime: 356.13046176414286
StatLowerQuartileTurnoverTime: 167.8513924853498
StatUpperQuartileTurnoverTime: 656.0226117737168
StatAverageThroughputTime: 96.5041332903592
StatMedianThroughputTime: 24.7623160136352
StatLowerQuartileThroughputTime: 16.393888888888796
StatUpperQuartileThroughputTime: 83.97018758282582

Marked tag finished after 1 tries!
.Fin. - SUCCESS
<<< Welcome to the RAWSimO CLI >>>
The time is: 06/21/2024 16:21:46
Starting RAWSimO wrapper with the following arguments:
Instance: ..\..\..\..\Material\Instances\01.Weighted30min Demand Gall\Dr\Weighted2.xinst
Setting: ..\..\..\..\Material\Instances\01.Weighted30min Demand Gall\Dr\Weighted2.xsett
ControlConfig: ..\..\..\..\Material\Instances\01.Weighted30min Demand Gall\Dr\Weighted2.xconf
StatisticsDir: ..\..\..\..\Material\Instances\01.Weighted30min Demand Gall\Dr
Seed: 2
Additionally the following tag was passed: 1, 1, 1, 0.2, 0.2, 1.0
Adding handler for unhandled exceptions ...
Initializing ... 
Instance recognized!
Parsing setting config ...
Parsing control config ...
Parsing instance ...
StatisticsFolder: Weighted2-Dr_[[1, 1, 1]]_1_[0.2, 0.2, 1.0].csv-2
Done!
