Executing ... 
 18:19:58 | >>> Warming up ...
 00:00:00 | >>> Warmup finished - starting simulation ...
 Realtime |   ETA    |  Sim.Time  | Progress | #Orders | #Bundles | Inv. | Distance | #Coll. |   Memory    
 00:00:00 |   n/a    | 0.00:00:00 |  0.00%   |    0    |    0     | 60%  |    0     |   0    |  99.75MB  
 00:00:00 | Cannot generate further orders - suspending generation for now
 00:00:00 | Cannot generate further orders - suspending generation for now
 00:00:00 | Cannot generate further orders - suspending generation for now
 00:00:00 | Cannot generate further orders - suspending generation for now
 00:00:00 | Cannot generate further orders - suspending generation for now
 00:00:00 | Cannot generate further orders - suspending generation for now
 00:00:00 | Cannot generate further orders - suspending generation for now
 00:00:00 | Cannot generate further orders - suspending generation for now
 00:00:00 | 00:00:00 | 0.00:30:00 | 100.00%  |   462   |    0     | 18%  |   5006   |   0    |  95.59MB  
 00:00:00 | >>> Simulation finished - writing results ...
 00:00:01 | >>> Results written
Simulation finished.
>>> Timings
StatTimingPathPlanningAverage: 8.650942528735635E-05
StatTimingPathPlanningOverall: 0.07526320000000003
StatTimingPathPlanningCount: 870
StatTimingTaskAllocationAverage: 0.001674223786407765
StatTimingTaskAllocationOverall: 0.3448900999999996
StatTimingTaskAllocationCount: 206
StatTimingItemStorageAverage: 1.155878084179969E-06
StatTimingItemStorageOverall: 0.0007963999999999986
StatTimingItemStorageCount: 689
StatTimingPodStorageAverage: 0.001436852000000001
StatTimingPodStorageOverall: 0.1436852000000001
StatTimingPodStorageCount: 100
StatTimingReplenishmentBatchingAverage: 1.285E-05
StatTimingReplenishmentBatchingOverall: 2.57E-05
StatTimingReplenishmentBatchingCount: 2
StatTimingOrderBatchingAverage: 8.598285340314136E-05
StatTimingOrderBatchingOverall: 0.0656909
StatTimingOrderBatchingCount: 764
>>> Overall
StatOverallBundlesPlaced: 0
StatOverallItemsOrdered: 635
StatOverallOrdersPlaced: 403
StatOverallBundlesRejected: 0
StatOverallOrdersRejected: 0
StatOverallBundlesHandled: 0
StatOverallItemsHandled: 703
StatOverallLinesHandled: 660
StatOverallOrdersHandled: 462
StatOverallCollisions: 0
StatOverallDistanceTraveled: 5006.0806818568135
StatOverallDistanceEstimated: 4862
StatOverallAssignedTasks: 206
StatMaxMemoryUsed: 100,46875
StatRealTimeUsed: 0.9586599
StatAverageTurnoverTime: 462.45054999148647
StatMedianTurnoverTime: 302.2669480409051
StatLowerQuartileTurnoverTime: 112.93129869393661
StatUpperQuartileTurnoverTime: 700.1439826803023
StatAverageThroughputTime: 84.43282080576566
StatMedianThroughputTime: 20.017777777778065
StatLowerQuartileThroughputTime: 12.469444444444207
StatUpperQuartileThroughputTime: 69.09296536060351

Marked tag finished after 1 tries!
.Fin. - SUCCESS
<<< Welcome to the RAWSimO CLI >>>
The time is: 06/05/2024 18:19:59
Starting RAWSimO wrapper with the following arguments:
Instance: ..\..\..\..\Material\Instances\0.Weighted30min Demand separate\Da\Weighted2.xinst
Setting: ..\..\..\..\Material\Instances\0.Weighted30min Demand separate\Da\Weighted2.xsett
ControlConfig: ..\..\..\..\Material\Instances\0.Weighted30min Demand separate\Da\Weighted2.xconf
StatisticsDir: ..\..\..\..\Material\Instances\0.Weighted30min Demand separate\Da
Seed: 2
Additionally the following tag was passed: wlow
Adding handler for unhandled exceptions ...
Initializing ... 
Instance recognized!
Parsing setting config ...
Parsing control config ...
Parsing instance ...
StatisticsFolder: Weighted2-Da_wlow_1.csv-2
Done!
