Executing ... 
 10:01:09 | >>> Warming up ...
 00:00:00 | >>> Warmup finished - starting simulation ...
 Realtime |   ETA    |  Sim.Time  | Progress | #Orders | #Bundles | Inv. | Distance | #Coll. |   Memory    
 00:00:00 |   n/a    | 0.00:00:00 |  0.00%   |    0    |    0     | 60%  |    0     |   0    |  84.15MB  
 00:00:00 | Cannot generate further orders - suspending generation for now
 00:00:00 | Cannot generate further orders - suspending generation for now
 00:00:00 | Cannot generate further orders - suspending generation for now
 00:00:00 | Cannot generate further orders - suspending generation for now
 00:00:00 | Cannot generate further orders - suspending generation for now
 00:00:00 | Cannot generate further orders - suspending generation for now
 00:00:00 | Cannot generate further orders - suspending generation for now
 00:00:01 | Cannot generate further orders - suspending generation for now
 00:00:01 | Cannot generate further orders - suspending generation for now
 00:00:01 | 00:00:00 | 0.00:30:00 | 100.00%  |   461   |    0     | 17%  |   5066   |   0    |  88.73MB  
 00:00:01 | >>> Simulation finished - writing results ...
 00:00:01 | >>> Results written
Simulation finished.
>>> Timings
StatTimingPathPlanningAverage: 9.646557177615563E-05
StatTimingPathPlanningOverall: 0.07929469999999993
StatTimingPathPlanningCount: 822
StatTimingTaskAllocationAverage: 0.001939229186602871
StatTimingTaskAllocationOverall: 0.4052989
StatTimingTaskAllocationCount: 209
StatTimingItemStorageAverage: 9.408104196816253E-07
StatTimingItemStorageOverall: 0.0006501000000000031
StatTimingItemStorageCount: 691
StatTimingPodStorageAverage: 0.0017320767676767678
StatTimingPodStorageOverall: 0.1714756
StatTimingPodStorageCount: 99
StatTimingReplenishmentBatchingAverage: 7.75E-06
StatTimingReplenishmentBatchingOverall: 1.55E-05
StatTimingReplenishmentBatchingCount: 2
StatTimingOrderBatchingAverage: 9.964193971166447E-05
StatTimingOrderBatchingOverall: 0.07602679999999999
StatTimingOrderBatchingCount: 763
>>> Overall
StatOverallBundlesPlaced: 0
StatOverallItemsOrdered: 667
StatOverallOrdersPlaced: 424
StatOverallBundlesRejected: 0
StatOverallOrdersRejected: 0
StatOverallBundlesHandled: 0
StatOverallItemsHandled: 719
StatOverallLinesHandled: 677
StatOverallOrdersHandled: 461
StatOverallCollisions: 0
StatOverallDistanceTraveled: 5066.412221642557
StatOverallDistanceEstimated: 4893
StatOverallAssignedTasks: 209
StatMaxMemoryUsed: 89,78515625
StatRealTimeUsed: 1.0652452
StatAverageTurnoverTime: 452.05234341295284
StatMedianTurnoverTime: 278.3605555555554
StatLowerQuartileTurnoverTime: 139.80277777777815
StatUpperQuartileTurnoverTime: 622.7579653606037
StatAverageThroughputTime: 99.69904644435351
StatMedianThroughputTime: 28.801760458079798
StatLowerQuartileThroughputTime: 16.643333333333317
StatUpperQuartileThroughputTime: 92.64574313838148

Marked tag finished after 1 tries!
.Fin. - SUCCESS
<<< Welcome to the RAWSimO CLI >>>
The time is: 06/13/2024 10:01:10
Starting RAWSimO wrapper with the following arguments:
Instance: ..\..\..\..\Material\Instances\0.Weighted30min Demand separate\Df\Weighted2.xinst
Setting: ..\..\..\..\Material\Instances\0.Weighted30min Demand separate\Df\Weighted2.xsett
ControlConfig: ..\..\..\..\Material\Instances\0.Weighted30min Demand separate\Df\Weighted2.xconf
StatisticsDir: ..\..\..\..\Material\Instances\0.Weighted30min Demand separate\Df
Seed: 2
Additionally the following tag was passed: 1, 0.14666666666666667, 0.068, 0.14, 0.962, 1.0
Adding handler for unhandled exceptions ...
Initializing ... 
Instance recognized!
Parsing setting config ...
Parsing control config ...
Parsing instance ...
StatisticsFolder: Weighted2-Df_[[1, 0.14666666666666667, 0.068]]_1_[0.14, 0.962, 1.0].csv-2
Done!
