Executing ... 
 17:05:48 | >>> Warming up ...
 00:00:00 | >>> Warmup finished - starting simulation ...
 Realtime |   ETA    |  Sim.Time  | Progress | #Orders | #Bundles | Inv. | Distance | #Coll. |   Memory    
 00:00:00 |   n/a    | 0.00:00:00 |  0.00%   |    0    |    0     | 97%  |    0     |   0    | 110.65MB  
 00:00:03 | Reactivating bundle generation paused by inventory+reserved+backlog level (currently at: 0.6494252873563219)
 00:00:04 | Cannot generate further orders - suspending generation for now
 00:00:04 | Cannot generate further orders - suspending generation for now
 00:00:04 | Cannot generate further orders - suspending generation for now
 00:00:04 | Cannot generate further orders - suspending generation for now
 00:00:04 | 00:00:00 | 0.00:30:00 | 100.00%  |   521   |    0     | 26%  |  13113   |   0    | 113.00MB  
 00:00:04 | >>> Simulation finished - writing results ...
 00:00:05 | >>> Results written
Simulation finished.
>>> Timings
StatTimingPathPlanningAverage: 0.00021229404934687953
StatTimingPathPlanningOverall: 0.2925412
StatTimingPathPlanningCount: 1378
StatTimingTaskAllocationAverage: 0.007263246799116998
StatTimingTaskAllocationOverall: 3.2902508000000004
StatTimingTaskAllocationCount: 453
StatTimingItemStorageAverage: 1.5824780976220258E-06
StatTimingItemStorageOverall: 0.0012643999999999986
StatTimingItemStorageCount: 799
StatTimingPodStorageAverage: 0.006503329326923071
StatTimingPodStorageOverall: 1.3526924999999987
StatTimingPodStorageCount: 208
StatTimingReplenishmentBatchingAverage: 5.866666666666667E-06
StatTimingReplenishmentBatchingOverall: 1.76E-05
StatTimingReplenishmentBatchingCount: 3
StatTimingOrderBatchingAverage: 0.0002545582932692308
StatTimingOrderBatchingOverall: 0.2117925
StatTimingOrderBatchingCount: 832
>>> Overall
StatOverallBundlesPlaced: 200
StatOverallItemsOrdered: 845
StatOverallOrdersPlaced: 520
StatOverallBundlesRejected: 0
StatOverallOrdersRejected: 0
StatOverallBundlesHandled: 0
StatOverallItemsHandled: 864
StatOverallLinesHandled: 813
StatOverallOrdersHandled: 521
StatOverallCollisions: 0
StatOverallDistanceTraveled: 13113.239153765864
StatOverallDistanceEstimated: 12686
StatOverallAssignedTasks: 453
StatMaxMemoryUsed: 113
StatRealTimeUsed: 4.9922149
StatAverageTurnoverTime: 543.6083650650047
StatMedianTurnoverTime: 412.766948040905
StatLowerQuartileTurnoverTime: 202.04629869393654
StatUpperQuartileTurnoverTime: 786.661219288369
StatAverageThroughputTime: 150.26323037807978
StatMedianThroughputTime: 110.75361470757264
StatLowerQuartileThroughputTime: 51.170000000000186
StatUpperQuartileThroughputTime: 167.78555555555562

Marked tag finished after 1 tries!
.Fin. - SUCCESS
