Executing ... 
 16:18:39 | >>> Warming up ...
 00:00:00 | >>> Warmup finished - starting simulation ...
 Realtime |   ETA    |  Sim.Time  | Progress | #Orders | #Bundles | Inv. | Distance | #Coll. |   Memory    
 00:00:00 |   n/a    | 0.00:00:00 |  0.00%   |    0    |    0     | 60%  |    0     |   0    |  81.29MB  
 00:00:00 | Cannot generate further orders - suspending generation for now
 00:00:01 | Cannot generate further orders - suspending generation for now
 00:00:01 | Cannot generate further orders - suspending generation for now
 00:00:01 | Cannot generate further orders - suspending generation for now
 00:00:01 | Cannot generate further orders - suspending generation for now
 00:00:01 | Cannot generate further orders - suspending generation for now
 00:00:01 | Cannot generate further orders - suspending generation for now
 00:00:01 | Cannot generate further orders - suspending generation for now
 00:00:01 | Cannot generate further orders - suspending generation for now
 00:00:01 | Cannot generate further orders - suspending generation for now
 00:00:01 | Cannot generate further orders - suspending generation for now
 00:00:01 | Cannot generate further orders - suspending generation for now
 00:00:01 | 00:00:00 | 0.00:30:00 | 100.00%  |   484   |    0     | 15%  |   4928   |   0    |  84.78MB  
 00:00:01 | >>> Simulation finished - writing results ...
 00:00:01 | >>> Results written
Simulation finished.
>>> Timings
StatTimingPathPlanningAverage: 0.00011317442660550466
StatTimingPathPlanningOverall: 0.09868810000000007
StatTimingPathPlanningCount: 872
StatTimingTaskAllocationAverage: 0.002536856796116506
StatTimingTaskAllocationOverall: 0.5225925000000002
StatTimingTaskAllocationCount: 206
StatTimingItemStorageAverage: 1.3532593619972222E-06
StatTimingItemStorageOverall: 0.0009756999999999971
StatTimingItemStorageCount: 721
StatTimingPodStorageAverage: 0.0022967632653061215
StatTimingPodStorageOverall: 0.22508279999999992
StatTimingPodStorageCount: 98
StatTimingReplenishmentBatchingAverage: 1.225E-05
StatTimingReplenishmentBatchingOverall: 2.45E-05
StatTimingReplenishmentBatchingCount: 2
StatTimingOrderBatchingAverage: 0.00011825576441102749
StatTimingOrderBatchingOverall: 0.09436809999999994
StatTimingOrderBatchingCount: 798
>>> Overall
StatOverallBundlesPlaced: 0
StatOverallItemsOrdered: 653
StatOverallOrdersPlaced: 415
StatOverallBundlesRejected: 0
StatOverallOrdersRejected: 0
StatOverallBundlesHandled: 0
StatOverallItemsHandled: 744
StatOverallLinesHandled: 702
StatOverallOrdersHandled: 484
StatOverallCollisions: 0
StatOverallDistanceTraveled: 4928.2698894208015
StatOverallDistanceEstimated: 4795
StatOverallAssignedTasks: 206
StatMaxMemoryUsed: 87,06640625
StatRealTimeUsed: 1.2726342
StatAverageTurnoverTime: 431.74380015115696
StatMedianTurnoverTime: 309.97212843080956
StatLowerQuartileTurnoverTime: 143.04879509747775
StatUpperQuartileTurnoverTime: 620.6826123925048
StatAverageThroughputTime: 96.8409463366799
StatMedianThroughputTime: 24.370367972729866
StatLowerQuartileThroughputTime: 15.981666666666655
StatUpperQuartileThroughputTime: 79.06277777777859

Marked tag finished after 1 tries!
.Fin. - SUCCESS
<<< Welcome to the RAWSimO CLI >>>
The time is: 06/21/2024 16:18:41
Starting RAWSimO wrapper with the following arguments:
Instance: ..\..\..\..\Material\Instances\01.Weighted30min Demand Gall\Dp\Weighted2.xinst
Setting: ..\..\..\..\Material\Instances\01.Weighted30min Demand Gall\Dp\Weighted2.xsett
ControlConfig: ..\..\..\..\Material\Instances\01.Weighted30min Demand Gall\Dp\Weighted2.xconf
StatisticsDir: ..\..\..\..\Material\Instances\01.Weighted30min Demand Gall\Dp
Seed: 2
Additionally the following tag was passed: 1, 0.15142857142857144, 1.0, 0.106, 0.7, 1.0
Adding handler for unhandled exceptions ...
Initializing ... 
Instance recognized!
Parsing setting config ...
Parsing control config ...
Parsing instance ...
StatisticsFolder: Weighted2-Dp_[[1, 0.15142857142857144, 1.0]]_3_[0.106, 0.7, 1.0].csv-2
Done!
