Executing ... 
 15:27:44 | >>> Warming up ...
 00:00:00 | >>> Warmup finished - starting simulation ...
 Realtime |   ETA    |  Sim.Time  | Progress | #Orders | #Bundles | Inv. | Distance | #Coll. |   Memory    
 00:00:00 |   n/a    | 0.00:00:00 |  0.00%   |    0    |    0     | 97%  |    0     |   0    | 173.82MB  
 00:00:03 | Reactivating bundle generation paused by inventory+reserved+backlog level (currently at: 0.6494252873563219)
 00:00:03 | Pausing bundle generation due to inventory+reserved+backlog level (currently at: 0.8505747126436781)
 00:00:04 | Reactivating bundle generation paused by inventory+reserved+backlog level (currently at: 0.6494252873563219)
 00:00:05 | 00:01:27 | 0.00:26:00 |  5.42%   |   439   |    60    | 43%  |  11144   |   0    |  86.62MB  
 00:00:05 | Cannot generate further orders - suspending generation for now
 00:00:05 | Cannot generate further orders - suspending generation for now
 00:00:05 | Cannot generate further orders - suspending generation for now
 00:00:05 | Cannot generate further orders - suspending generation for now
 00:00:05 | Cannot generate further orders - suspending generation for now
 00:00:06 | Cannot generate further orders - suspending generation for now
 00:00:06 | Cannot generate further orders - suspending generation for now
 00:00:06 | Cannot generate further orders - suspending generation for now
 00:00:06 | Cannot generate further orders - suspending generation for now
 00:00:06 | Cannot generate further orders - suspending generation for now
 00:00:06 | Cannot generate further orders - suspending generation for now
 00:00:06 | Cannot generate further orders - suspending generation for now
 00:00:06 | Cannot generate further orders - suspending generation for now
 00:00:06 | Cannot generate further orders - suspending generation for now
 00:00:06 | Cannot generate further orders - suspending generation for now
 00:00:07 | Cannot generate further orders - suspending generation for now
 00:00:07 | Cannot generate further orders - suspending generation for now
 00:00:07 | Cannot generate further orders - suspending generation for now
 00:00:07 | Cannot generate further orders - suspending generation for now
 00:00:07 | Pausing order generation due to inventory level (currently at: 0.09441707717569786)
 00:00:10 | 00:00:30 | 0.01:59:28 |  24.89%  |   862   |   576    | 32%  |  37241   |   0    |  94.39MB  
 00:00:11 | Reactivating order generation paused by inventory level (currently at: 0.6001642036124795)
 00:00:13 | Cannot generate further orders - suspending generation for now
 00:00:13 | Cannot generate further orders - suspending generation for now
 00:00:13 | Cannot generate further orders - suspending generation for now
 00:00:14 | Cannot generate further orders - suspending generation for now
 00:00:14 | Cannot generate further orders - suspending generation for now
 00:00:14 | Cannot generate further orders - suspending generation for now
 00:00:14 | Cannot generate further orders - suspending generation for now
 00:00:14 | Cannot generate further orders - suspending generation for now
 00:00:14 | Cannot generate further orders - suspending generation for now
 00:00:14 | Cannot generate further orders - suspending generation for now
 00:00:14 | Cannot generate further orders - suspending generation for now
 00:00:14 | Cannot generate further orders - suspending generation for now
 00:00:14 | Cannot generate further orders - suspending generation for now
 00:00:14 | Cannot generate further orders - suspending generation for now
 00:00:14 | Cannot generate further orders - suspending generation for now
 00:00:14 | Cannot generate further orders - suspending generation for now
 00:00:14 | Cannot generate further orders - suspending generation for now
 00:00:15 | 00:00:17 | 0.03:40:39 |  45.97%  |  1357   |   1135   | 15%  |  65801   |   0    | 103.85MB  
 00:00:15 | Cannot generate further orders - suspending generation for now
 00:00:15 | Cannot generate further orders - suspending generation for now
 00:00:15 | Cannot generate further orders - suspending generation for now
 00:00:15 | Cannot generate further orders - suspending generation for now
 00:00:15 | Cannot generate further orders - suspending generation for now
 00:00:15 | Cannot generate further orders - suspending generation for now
 00:00:15 | Cannot generate further orders - suspending generation for now
 00:00:15 | Pausing order generation due to inventory level (currently at: 0.09852216748768473)
 00:00:19 | Reactivating order generation paused by inventory level (currently at: 0.6001642036124795)
 00:00:20 | 00:00:06 | 0.06:06:07 |  76.27%  |  1556   |   1938   | 56%  |  93223   |   0    | 103.30MB  
 00:00:20 | Cannot generate further orders - suspending generation for now
 00:00:20 | Cannot generate further orders - suspending generation for now
 00:00:20 | Cannot generate further orders - suspending generation for now
 00:00:21 | Cannot generate further orders - suspending generation for now
 00:00:21 | Cannot generate further orders - suspending generation for now
 00:00:21 | Cannot generate further orders - suspending generation for now
 00:00:21 | Cannot generate further orders - suspending generation for now
 00:00:21 | Cannot generate further orders - suspending generation for now
 00:00:21 | Cannot generate further orders - suspending generation for now
 00:00:21 | Cannot generate further orders - suspending generation for now
 00:00:21 | Cannot generate further orders - suspending generation for now
 00:00:21 | Cannot generate further orders - suspending generation for now
 00:00:21 | Cannot generate further orders - suspending generation for now
 00:00:21 | Cannot generate further orders - suspending generation for now
 00:00:21 | Cannot generate further orders - suspending generation for now
 00:00:21 | Cannot generate further orders - suspending generation for now
 00:00:21 | Cannot generate further orders - suspending generation for now
 00:00:22 | Cannot generate further orders - suspending generation for now
 00:00:22 | Cannot generate further orders - suspending generation for now
 00:00:22 | Cannot generate further orders - suspending generation for now
 00:00:22 | Cannot generate further orders - suspending generation for now
 00:00:22 | Cannot generate further orders - suspending generation for now
 00:00:22 | Cannot generate further orders - suspending generation for now
 00:00:22 | Cannot generate further orders - suspending generation for now
 00:00:22 | Cannot generate further orders - suspending generation for now
 00:00:22 | Cannot generate further orders - suspending generation for now
 00:00:22 | Cannot generate further orders - suspending generation for now
 00:00:22 | Cannot generate further orders - suspending generation for now
 00:00:22 | Cannot generate further orders - suspending generation for now
 00:00:22 | Cannot generate further orders - suspending generation for now
 00:00:22 | Pausing order generation due to inventory level (currently at: 0.09359605911330049)
 00:00:25 | 00:00:00 | 0.07:46:29 |  97.19%  |  2118   |   2492   | 28%  |  131001  |   0    | 103.20MB  
 00:00:25 | 00:00:00 | 0.08:00:00 | 100.00%  |  2118   |   2567   | 34%  |  132251  |   0    | 103.20MB  
 00:00:25 | >>> Simulation finished - writing results ...
 00:00:25 | >>> Results written
Simulation finished.
>>> Timings
StatTimingPathPlanningAverage: 0.00028225055904676597
StatTimingPathPlanningOverall: 3.4584161000000235
StatTimingPathPlanningCount: 12253
StatTimingTaskAllocationAverage: 0.00019574813126484444
StatTimingTaskAllocationOverall: 7.987110999999447
StatTimingTaskAllocationCount: 40803
StatTimingItemStorageAverage: 3.93988062940854E-06
StatTimingItemStorageOverall: 0.01452239999999988
StatTimingItemStorageCount: 3686
StatTimingPodStorageAverage: 0.0013768775485436904
StatTimingPodStorageOverall: 2.269094200000002
StatTimingPodStorageCount: 1648
StatTimingReplenishmentBatchingAverage: 1.2086658864833225E-05
StatTimingReplenishmentBatchingOverall: 0.041312199999999966
StatTimingReplenishmentBatchingCount: 3418
StatTimingOrderBatchingAverage: 0.00014545082585278225
StatTimingOrderBatchingOverall: 0.8101610999999972
StatTimingOrderBatchingCount: 5570
>>> Overall
StatOverallBundlesPlaced: 2866
StatOverallItemsOrdered: 3004
StatOverallOrdersPlaced: 1918
StatOverallBundlesRejected: 0
StatOverallOrdersRejected: 0
StatOverallBundlesHandled: 2567
StatOverallItemsHandled: 3337
StatOverallLinesHandled: 3200
StatOverallOrdersHandled: 2118
StatOverallCollisions: 0
StatOverallDistanceTraveled: 132250.99999999828
StatOverallDistanceEstimated: 123619
StatOverallAssignedTasks: 40803
StatMaxMemoryUsed: 173,12890625
StatRealTimeUsed: 25.3360757
StatAverageTurnoverTime: 886.3335833501851
StatMedianTurnoverTime: 652.4837084989847
StatLowerQuartileTurnoverTime: 321.68611830396185
StatUpperQuartileTurnoverTime: 1268.8695382358578
StatAverageThroughputTime: 257.8776080123415
StatMedianThroughputTime: 95.43444444442503
StatLowerQuartileThroughputTime: 42.1999999999789
StatUpperQuartileThroughputTime: 212.22750359646096

Marked tag finished after 1 tries!
.Fin. - SUCCESS
<<< Welcome to the RAWSimO CLI >>>
The time is: 04/05/2024 15:28:10
Starting RAWSimO wrapper with the following arguments:
Instance: ..\..\..\..\Material\Instances\1.Large\LargeScenario.xinst
Setting: ..\..\..\..\Material\Instances\1.Large\LargeScenario.xsett
ControlConfig: ..\..\..\..\Material\Instances\1.Large\LargeScenario.xconf
StatisticsDir: ..\..\..\..\Material\Instances\1.Large
Seed: 4
Adding handler for unhandled exceptions ...
Initializing ... 
Instance recognized!
Parsing setting config ...
Parsing control config ...
Parsing instance ...
StatisticsFolder: LargeScenario-large base V=3,time=30 scenario.csv-4
Done!
