Executing ... 
 09:55:07 | >>> Warming up ...
 00:00:00 | >>> Warmup finished - starting simulation ...
 Realtime |   ETA    |  Sim.Time  | Progress | #Orders | #Bundles | Inv. | Distance | #Coll. |   Memory    
 00:00:00 |   n/a    | 0.00:00:00 |  0.00%   |    0    |    0     | 60%  |    0     |   0    | 107.40MB  
 00:00:01 | Cannot generate further orders - suspending generation for now
 00:00:01 | Cannot generate further orders - suspending generation for now
 00:00:01 | Cannot generate further orders - suspending generation for now
 00:00:01 | Cannot generate further orders - suspending generation for now
 00:00:01 | Cannot generate further orders - suspending generation for now
 00:00:01 | Cannot generate further orders - suspending generation for now
 00:00:01 | Cannot generate further orders - suspending generation for now
 00:00:01 | Cannot generate further orders - suspending generation for now
 00:00:01 | Cannot generate further orders - suspending generation for now
 00:00:01 | Cannot generate further orders - suspending generation for now
 00:00:01 | Cannot generate further orders - suspending generation for now
 00:00:01 | 00:00:00 | 0.00:30:00 | 100.00%  |   478   |    0     | 17%  |   4986   |   0    | 104.16MB  
 00:00:01 | >>> Simulation finished - writing results ...
 00:00:01 | >>> Results written
Simulation finished.
>>> Timings
StatTimingPathPlanningAverage: 0.00018103789846517094
StatTimingPathPlanningOverall: 0.15333909999999978
StatTimingPathPlanningCount: 847
StatTimingTaskAllocationAverage: 0.0030269266666666677
StatTimingTaskAllocationOverall: 0.6356546000000002
StatTimingTaskAllocationCount: 210
StatTimingItemStorageAverage: 2.253531073446331E-06
StatTimingItemStorageOverall: 0.0015955000000000023
StatTimingItemStorageCount: 708
StatTimingPodStorageAverage: 0.0026830789999999997
StatTimingPodStorageOverall: 0.2683079
StatTimingPodStorageCount: 100
StatTimingReplenishmentBatchingAverage: 1.2849999999999999E-05
StatTimingReplenishmentBatchingOverall: 2.5699999999999998E-05
StatTimingReplenishmentBatchingCount: 2
StatTimingOrderBatchingAverage: 0.00015919961538461531
StatTimingOrderBatchingOverall: 0.12417569999999994
StatTimingOrderBatchingCount: 780
>>> Overall
StatOverallBundlesPlaced: 0
StatOverallItemsOrdered: 667
StatOverallOrdersPlaced: 427
StatOverallBundlesRejected: 0
StatOverallOrdersRejected: 0
StatOverallBundlesHandled: 0
StatOverallItemsHandled: 721
StatOverallLinesHandled: 679
StatOverallOrdersHandled: 478
StatOverallCollisions: 0
StatOverallDistanceTraveled: 4985.70069590225
StatOverallDistanceEstimated: 4808
StatOverallAssignedTasks: 210
StatMaxMemoryUsed: 107,05859375
StatRealTimeUsed: 1.6913905
StatAverageTurnoverTime: 457.5918438260851
StatMedianTurnoverTime: 351.9406493469681
StatLowerQuartileTurnoverTime: 147.75176045808053
StatUpperQuartileTurnoverTime: 687.6648268030239
StatAverageThroughputTime: 91.85746192928572
StatMedianThroughputTime: 20.523333333333767
StatLowerQuartileThroughputTime: 15.734444444444648
StatUpperQuartileThroughputTime: 89.2691702631289

Marked tag finished after 1 tries!
.Fin. - SUCCESS
<<< Welcome to the RAWSimO CLI >>>
The time is: 06/13/2024 09:55:09
Starting RAWSimO wrapper with the following arguments:
Instance: ..\..\..\..\Material\Instances\0.Weighted30min Demand separate\Dd\Weighted2.xinst
Setting: ..\..\..\..\Material\Instances\0.Weighted30min Demand separate\Dd\Weighted2.xsett
ControlConfig: ..\..\..\..\Material\Instances\0.Weighted30min Demand separate\Dd\Weighted2.xconf
StatisticsDir: ..\..\..\..\Material\Instances\0.Weighted30min Demand separate\Dd
Seed: 2
Additionally the following tag was passed: 1, 0.198, 0.21333333333333337, 0.135, 0.683, 0.625
Adding handler for unhandled exceptions ...
Initializing ... 
Instance recognized!
Parsing setting config ...
Parsing control config ...
Parsing instance ...
StatisticsFolder: Weighted2-Dd_[[1, 0.198, 0.21333333333333337]]_3_[0.135, 0.683, 0.625].csv-2
Done!
