Executing ... 
 09:57:26 | >>> Warming up ...
 00:00:00 | >>> Warmup finished - starting simulation ...
 Realtime |   ETA    |  Sim.Time  | Progress | #Orders | #Bundles | Inv. | Distance | #Coll. |   Memory    
 00:00:00 |   n/a    | 0.00:00:00 |  0.00%   |    0    |    0     | 60%  |    0     |   0    | 108.29MB  
 00:00:00 | Cannot generate further orders - suspending generation for now
 00:00:00 | Cannot generate further orders - suspending generation for now
 00:00:00 | Cannot generate further orders - suspending generation for now
 00:00:00 | Cannot generate further orders - suspending generation for now
 00:00:00 | Cannot generate further orders - suspending generation for now
 00:00:00 | Cannot generate further orders - suspending generation for now
 00:00:00 | Cannot generate further orders - suspending generation for now
 00:00:00 | Cannot generate further orders - suspending generation for now
 00:00:00 | Cannot generate further orders - suspending generation for now
 00:00:01 | Cannot generate further orders - suspending generation for now
 00:00:01 | Cannot generate further orders - suspending generation for now
 00:00:01 | 00:00:00 | 0.00:30:00 | 100.00%  |   483   |    0     | 15%  |   5058   |   0    | 103.18MB  
 00:00:01 | >>> Simulation finished - writing results ...
 00:00:01 | >>> Results written
Simulation finished.
>>> Timings
StatTimingPathPlanningAverage: 8.852997542997538E-05
StatTimingPathPlanningOverall: 0.07206339999999996
StatTimingPathPlanningCount: 814
StatTimingTaskAllocationAverage: 0.0019445190697674416
StatTimingTaskAllocationOverall: 0.41807159999999993
StatTimingTaskAllocationCount: 215
StatTimingItemStorageAverage: 9.455540355677172E-07
StatTimingItemStorageOverall: 0.0006912000000000013
StatTimingItemStorageCount: 731
StatTimingPodStorageAverage: 0.0015426403846153839
StatTimingPodStorageOverall: 0.16043459999999993
StatTimingPodStorageCount: 104
StatTimingReplenishmentBatchingAverage: 8.5E-06
StatTimingReplenishmentBatchingOverall: 1.7E-05
StatTimingReplenishmentBatchingCount: 2
StatTimingOrderBatchingAverage: 8.675096525096522E-05
StatTimingOrderBatchingOverall: 0.06740549999999998
StatTimingOrderBatchingCount: 777
>>> Overall
StatOverallBundlesPlaced: 0
StatOverallItemsOrdered: 653
StatOverallOrdersPlaced: 409
StatOverallBundlesRejected: 0
StatOverallOrdersRejected: 0
StatOverallBundlesHandled: 0
StatOverallItemsHandled: 750
StatOverallLinesHandled: 713
StatOverallOrdersHandled: 483
StatOverallCollisions: 0
StatOverallDistanceTraveled: 5058.112705730035
StatOverallDistanceEstimated: 4903
StatOverallAssignedTasks: 215
StatMaxMemoryUsed: 108,28515625
StatRealTimeUsed: 1.0431617
StatAverageTurnoverTime: 446.1708813629002
StatMedianTurnoverTime: 279.13323954192015
StatLowerQuartileTurnoverTime: 113.1146320272702
StatUpperQuartileTurnoverTime: 624.6537950974775
StatAverageThroughputTime: 89.45725692179022
StatMedianThroughputTime: 23.140555555555466
StatLowerQuartileThroughputTime: 15.938888888889096
StatUpperQuartileThroughputTime: 82.18028137423863

Marked tag finished after 1 tries!
.Fin. - SUCCESS
<<< Welcome to the RAWSimO CLI >>>
The time is: 06/13/2024 09:57:27
Starting RAWSimO wrapper with the following arguments:
Instance: ..\..\..\..\Material\Instances\0.Weighted30min Demand separate\Dd\Weighted2.xinst
Setting: ..\..\..\..\Material\Instances\0.Weighted30min Demand separate\Dd\Weighted2.xsett
ControlConfig: ..\..\..\..\Material\Instances\0.Weighted30min Demand separate\Dd\Weighted2.xconf
StatisticsDir: ..\..\..\..\Material\Instances\0.Weighted30min Demand separate\Dd
Seed: 1
Additionally the following tag was passed: 1, 0.49399999999999994, 0.54, 0.193, 0.383, 0.5
Adding handler for unhandled exceptions ...
Initializing ... 
Instance recognized!
Parsing setting config ...
Parsing control config ...
Parsing instance ...
StatisticsFolder: Weighted2-Dd_[[1, 0.49399999999999994, 0.54]]_1_[0.193, 0.383, 0.5].csv-1
Done!
