Executing ... 
 19:22:41 | >>> Warming up ...
 00:00:00 | >>> Warmup finished - starting simulation ...
 Realtime |   ETA    |  Sim.Time  | Progress | #Orders | #Bundles | Inv. | Distance | #Coll. |   Memory    
 00:00:00 |   n/a    | 0.00:00:00 |  0.00%   |    0    |    0     | 60%  |    0     |   0    |  70.93MB  
 00:00:00 | Cannot generate further orders - suspending generation for now
 00:00:00 | Cannot generate further orders - suspending generation for now
 00:00:00 | Cannot generate further orders - suspending generation for now
 00:00:00 | Cannot generate further orders - suspending generation for now
 00:00:00 | Cannot generate further orders - suspending generation for now
 00:00:00 | Cannot generate further orders - suspending generation for now
 00:00:00 | Cannot generate further orders - suspending generation for now
 00:00:00 | Cannot generate further orders - suspending generation for now
 00:00:00 | Cannot generate further orders - suspending generation for now
 00:00:00 | Cannot generate further orders - suspending generation for now
 00:00:00 | Cannot generate further orders - suspending generation for now
 00:00:00 | 00:00:00 | 0.00:30:00 | 100.00%  |   484   |    0     | 15%  |   4904   |   0    |  73.41MB  
 00:00:00 | >>> Simulation finished - writing results ...
 00:00:01 | >>> Results written
Simulation finished.
>>> Timings
StatTimingPathPlanningAverage: 8.718484472049688E-05
StatTimingPathPlanningOverall: 0.07018379999999999
StatTimingPathPlanningCount: 805
StatTimingTaskAllocationAverage: 0.0018607044554455434
StatTimingTaskAllocationOverall: 0.37586229999999976
StatTimingTaskAllocationCount: 202
StatTimingItemStorageAverage: 1.0125344352617096E-06
StatTimingItemStorageOverall: 0.0007351000000000012
StatTimingItemStorageCount: 726
StatTimingPodStorageAverage: 0.0015551216494845356
StatTimingPodStorageOverall: 0.15084679999999995
StatTimingPodStorageCount: 97
StatTimingReplenishmentBatchingAverage: 7.95E-06
StatTimingReplenishmentBatchingOverall: 1.59E-05
StatTimingReplenishmentBatchingCount: 2
StatTimingOrderBatchingAverage: 9.117010443864231E-05
StatTimingOrderBatchingOverall: 0.06983630000000002
StatTimingOrderBatchingCount: 766
>>> Overall
StatOverallBundlesPlaced: 0
StatOverallItemsOrdered: 653
StatOverallOrdersPlaced: 409
StatOverallBundlesRejected: 0
StatOverallOrdersRejected: 0
StatOverallBundlesHandled: 0
StatOverallItemsHandled: 757
StatOverallLinesHandled: 718
StatOverallOrdersHandled: 484
StatOverallCollisions: 0
StatOverallDistanceTraveled: 4903.760584381299
StatOverallDistanceEstimated: 4751
StatOverallAssignedTasks: 202
StatMaxMemoryUsed: 77,359375
StatRealTimeUsed: 0.9660122
StatAverageTurnoverTime: 466.9521983969784
StatMedianTurnoverTime: 344.6709235282848
StatLowerQuartileTurnoverTime: 145.85240980504804
StatUpperQuartileTurnoverTime: 667.5412049025254
StatAverageThroughputTime: 95.15815464150785
StatMedianThroughputTime: 27.848888888889178
StatLowerQuartileThroughputTime: 16.550555555555775
StatUpperQuartileThroughputTime: 90.94083692979433

Marked tag finished after 1 tries!
.Fin. - SUCCESS
<<< Welcome to the RAWSimO CLI >>>
The time is: 06/25/2024 19:22:42
Starting RAWSimO wrapper with the following arguments:
Instance: ..\..\..\..\Material\Instances\10.Weighted30min Demand Gall\Dp\Weighted2.xinst
Setting: ..\..\..\..\Material\Instances\10.Weighted30min Demand Gall\Dp\Weighted2.xsett
ControlConfig: ..\..\..\..\Material\Instances\10.Weighted30min Demand Gall\Dp\Weighted2.xconf
StatisticsDir: ..\..\..\..\Material\Instances\10.Weighted30min Demand Gall\Dp
Seed: 4
Additionally the following tag was passed: 1, 0.73, 1.0, 0.189, 0.26, 1.0
Adding handler for unhandled exceptions ...
Initializing ... 
Instance recognized!
Parsing setting config ...
Parsing control config ...
Parsing instance ...
StatisticsFolder: Weighted2-Dp_[[1, 0.73, 1.0]]_2_[0.189, 0.26, 1.0].csv-4
Done!
