Executing ... 
 20:00:19 | >>> Warming up ...
 00:00:00 | >>> Warmup finished - starting simulation ...
 Realtime |   ETA    |  Sim.Time  | Progress | #Orders | #Bundles | Inv. | Distance | #Coll. |   Memory    
 00:00:00 |   n/a    | 0.00:00:00 |  0.00%   |    0    |    0     | 60%  |    0     |   0    |  77.07MB  
 00:00:01 | Cannot generate further orders - suspending generation for now
 00:00:01 | Cannot generate further orders - suspending generation for now
 00:00:01 | Cannot generate further orders - suspending generation for now
 00:00:01 | Cannot generate further orders - suspending generation for now
 00:00:01 | Cannot generate further orders - suspending generation for now
 00:00:01 | Cannot generate further orders - suspending generation for now
 00:00:01 | Cannot generate further orders - suspending generation for now
 00:00:01 | Cannot generate further orders - suspending generation for now
 00:00:01 | Cannot generate further orders - suspending generation for now
 00:00:01 | Cannot generate further orders - suspending generation for now
 00:00:01 | Cannot generate further orders - suspending generation for now
 00:00:01 | Cannot generate further orders - suspending generation for now
 00:00:01 | 00:00:00 | 0.00:30:00 | 100.00%  |   504   |    0     | 13%  |   4917   |   0    |  74.98MB  
 00:00:01 | >>> Simulation finished - writing results ...
 00:00:01 | >>> Results written
Simulation finished.
>>> Timings
StatTimingPathPlanningAverage: 0.00016629962593516203
StatTimingPathPlanningOverall: 0.13337229999999994
StatTimingPathPlanningCount: 802
StatTimingTaskAllocationAverage: 0.0024651847290640396
StatTimingTaskAllocationOverall: 0.5004325000000001
StatTimingTaskAllocationCount: 203
StatTimingItemStorageAverage: 1.6380078636959346E-06
StatTimingItemStorageOverall: 0.0012497999999999982
StatTimingItemStorageCount: 763
StatTimingPodStorageAverage: 0.0020952288659793813
StatTimingPodStorageOverall: 0.20323719999999998
StatTimingPodStorageCount: 97
StatTimingReplenishmentBatchingAverage: 8.75E-06
StatTimingReplenishmentBatchingOverall: 1.75E-05
StatTimingReplenishmentBatchingCount: 2
StatTimingOrderBatchingAverage: 0.0001591474137931036
StatTimingOrderBatchingOverall: 0.1292277000000001
StatTimingOrderBatchingCount: 812
>>> Overall
StatOverallBundlesPlaced: 0
StatOverallItemsOrdered: 651
StatOverallOrdersPlaced: 408
StatOverallBundlesRejected: 0
StatOverallOrdersRejected: 0
StatOverallBundlesHandled: 0
StatOverallItemsHandled: 782
StatOverallLinesHandled: 741
StatOverallOrdersHandled: 504
StatOverallCollisions: 0
StatOverallDistanceTraveled: 4916.981095608283
StatOverallDistanceEstimated: 4762
StatOverallAssignedTasks: 203
StatMaxMemoryUsed: 77,07421875
StatRealTimeUsed: 1.5496041
StatAverageTurnoverTime: 464.39941662292495
StatMedianTurnoverTime: 287.9956493469684
StatLowerQuartileTurnoverTime: 140.4548196100958
StatUpperQuartileTurnoverTime: 659.0768542494937
StatAverageThroughputTime: 93.63355528007752
StatMedianThroughputTime: 27.14898268030197
StatLowerQuartileThroughputTime: 16.928888888888878
StatUpperQuartileThroughputTime: 88.66370130606413

Marked tag finished after 1 tries!
.Fin. - SUCCESS
<<< Welcome to the RAWSimO CLI >>>
The time is: 06/11/2024 20:00:20
Starting RAWSimO wrapper with the following arguments:
Instance: ..\..\..\..\Material\Instances\0.Weighted30min Demand separate\Df\Weighted2.xinst
Setting: ..\..\..\..\Material\Instances\0.Weighted30min Demand separate\Df\Weighted2.xsett
ControlConfig: ..\..\..\..\Material\Instances\0.Weighted30min Demand separate\Df\Weighted2.xconf
StatisticsDir: ..\..\..\..\Material\Instances\0.Weighted30min Demand separate\Df
Seed: 4
Additionally the following tag was passed: [[1, 0.32571428571428573, 0.068]]
Adding handler for unhandled exceptions ...
Initializing ... 
Instance recognized!
Parsing setting config ...
Parsing control config ...
Parsing instance ...
StatisticsFolder: Weighted2-Df_[[1, 0.32571428571428573, 0.068]]_2.csv-4
Done!
