Executing ... 
 21:28:26 | >>> Warming up ...
 00:00:00 | >>> Warmup finished - starting simulation ...
 Realtime |   ETA    |  Sim.Time  | Progress | #Orders | #Bundles | Inv. | Distance | #Coll. |   Memory    
 00:00:00 |   n/a    | 0.00:00:00 |  0.00%   |    0    |    0     | 60%  |    0     |   0    |  69.73MB  
 00:00:00 | Cannot generate further orders - suspending generation for now
 00:00:00 | Cannot generate further orders - suspending generation for now
 00:00:00 | Cannot generate further orders - suspending generation for now
 00:00:00 | Cannot generate further orders - suspending generation for now
 00:00:00 | Cannot generate further orders - suspending generation for now
 00:00:00 | Cannot generate further orders - suspending generation for now
 00:00:00 | Cannot generate further orders - suspending generation for now
 00:00:01 | Cannot generate further orders - suspending generation for now
 00:00:01 | Cannot generate further orders - suspending generation for now
 00:00:01 | Cannot generate further orders - suspending generation for now
 00:00:01 | 00:00:00 | 0.00:30:00 | 100.00%  |   443   |    0     | 18%  |   5257   |   0    |  71.02MB  
 00:00:01 | >>> Simulation finished - writing results ...
 00:00:01 | >>> Results written
Simulation finished.
>>> Timings
StatTimingPathPlanningAverage: 9.60088607594937E-05
StatTimingPathPlanningOverall: 0.08343170000000003
StatTimingPathPlanningCount: 869
StatTimingTaskAllocationAverage: 0.0018192131578947373
StatTimingTaskAllocationOverall: 0.4147806000000001
StatTimingTaskAllocationCount: 228
StatTimingItemStorageAverage: 1.1028358208955245E-06
StatTimingItemStorageOverall: 0.0007389000000000014
StatTimingItemStorageCount: 670
StatTimingPodStorageAverage: 0.001438797247706422
StatTimingPodStorageOverall: 0.1568289
StatTimingPodStorageCount: 109
StatTimingReplenishmentBatchingAverage: 7.45E-06
StatTimingReplenishmentBatchingOverall: 1.49E-05
StatTimingReplenishmentBatchingCount: 2
StatTimingOrderBatchingAverage: 9.299608938547484E-05
StatTimingOrderBatchingOverall: 0.06658519999999998
StatTimingOrderBatchingCount: 716
>>> Overall
StatOverallBundlesPlaced: 0
StatOverallItemsOrdered: 625
StatOverallOrdersPlaced: 384
StatOverallBundlesRejected: 0
StatOverallOrdersRejected: 0
StatOverallBundlesHandled: 0
StatOverallItemsHandled: 694
StatOverallLinesHandled: 645
StatOverallOrdersHandled: 443
StatOverallCollisions: 0
StatOverallDistanceTraveled: 5256.581809907577
StatOverallDistanceEstimated: 5147
StatOverallAssignedTasks: 228
StatMaxMemoryUsed: 75,04296875
StatRealTimeUsed: 1.0748638
StatAverageTurnoverTime: 456.1963275752715
StatMedianTurnoverTime: 337.66111111111104
StatLowerQuartileTurnoverTime: 119.93129869393695
StatUpperQuartileTurnoverTime: 617.5960173196988
StatAverageThroughputTime: 91.9763595804774
StatMedianThroughputTime: 19.905093791412895
StatLowerQuartileThroughputTime: 12.54111111111115
StatUpperQuartileThroughputTime: 77.92685424949332

Marked tag finished after 1 tries!
.Fin. - SUCCESS
<<< Welcome to the RAWSimO CLI >>>
The time is: 06/12/2024 21:28:28
Starting RAWSimO wrapper with the following arguments:
Instance: ..\..\..\..\Material\Instances\0.Weighted30min Demand separate\Da\Weighted2.xinst
Setting: ..\..\..\..\Material\Instances\0.Weighted30min Demand separate\Da\Weighted2.xsett
ControlConfig: ..\..\..\..\Material\Instances\0.Weighted30min Demand separate\Da\Weighted2.xconf
StatisticsDir: ..\..\..\..\Material\Instances\0.Weighted30min Demand separate\Da
Seed: 1
Additionally the following tag was passed: 1, 2.539, 0.29874999999999996, 0.14, 0.1, 0.466
Adding handler for unhandled exceptions ...
Initializing ... 
Instance recognized!
Parsing setting config ...
Parsing control config ...
Parsing instance ...
StatisticsFolder: Weighted2-Da_[[1, 2.539, 0.29874999999999996]]_2_[0.14, 0.1, 0.466].csv-1
Done!
