Executing ... 
 14:01:48 | >>> Warming up ...
 00:00:00 | >>> Warmup finished - starting simulation ...
 Realtime |   ETA    |  Sim.Time  | Progress | #Orders | #Bundles | Inv. | Distance | #Coll. |   Memory    
 00:00:00 |   n/a    | 0.00:00:00 |  0.00%   |    0    |    0     | 60%  |    0     |   0    | 107.20MB  
 00:00:00 | Cannot generate further orders - suspending generation for now
 00:00:00 | Cannot generate further orders - suspending generation for now
 00:00:00 | Cannot generate further orders - suspending generation for now
 00:00:00 | Cannot generate further orders - suspending generation for now
 00:00:00 | Cannot generate further orders - suspending generation for now
 00:00:00 | Cannot generate further orders - suspending generation for now
 00:00:00 | Cannot generate further orders - suspending generation for now
 00:00:00 | Cannot generate further orders - suspending generation for now
 00:00:00 | Cannot generate further orders - suspending generation for now
 00:00:00 | Cannot generate further orders - suspending generation for now
 00:00:00 | 00:00:00 | 0.00:30:00 | 100.00%  |   506   |    0     | 13%  |   4848   |   0    | 110.82MB  
 00:00:00 | >>> Simulation finished - writing results ...
 00:00:01 | >>> Results written
Simulation finished.
>>> Timings
StatTimingPathPlanningAverage: 8.7548964677223E-05
StatTimingPathPlanningOverall: 0.07187770000000009
StatTimingPathPlanningCount: 821
StatTimingTaskAllocationAverage: 0.0018074842639593921
StatTimingTaskAllocationOverall: 0.35607440000000024
StatTimingTaskAllocationCount: 197
StatTimingItemStorageAverage: 9.108923884514474E-07
StatTimingItemStorageOverall: 0.0006941000000000029
StatTimingItemStorageCount: 762
StatTimingPodStorageAverage: 0.00159014946236559
StatTimingPodStorageOverall: 0.14788389999999987
StatTimingPodStorageCount: 93
StatTimingReplenishmentBatchingAverage: 7.65E-06
StatTimingReplenishmentBatchingOverall: 1.53E-05
StatTimingReplenishmentBatchingCount: 2
StatTimingOrderBatchingAverage: 7.650405904059042E-05
StatTimingOrderBatchingOverall: 0.06219780000000001
StatTimingOrderBatchingCount: 813
>>> Overall
StatOverallBundlesPlaced: 0
StatOverallItemsOrdered: 667
StatOverallOrdersPlaced: 425
StatOverallBundlesRejected: 0
StatOverallOrdersRejected: 0
StatOverallBundlesHandled: 0
StatOverallItemsHandled: 783
StatOverallLinesHandled: 742
StatOverallOrdersHandled: 506
StatOverallCollisions: 0
StatOverallDistanceTraveled: 4847.6013044211495
StatOverallDistanceEstimated: 4628
StatOverallAssignedTasks: 197
StatMaxMemoryUsed: 113,91015625
StatRealTimeUsed: 0.9681792
StatAverageTurnoverTime: 435.3595618003404
StatMedianTurnoverTime: 273.7924098050519
StatLowerQuartileTurnoverTime: 91.48676045807946
StatUpperQuartileTurnoverTime: 677.5676911792862
StatAverageThroughputTime: 79.47674966632009
StatMedianThroughputTime: 24.215000000000146
StatLowerQuartileThroughputTime: 16.088888888888846
StatUpperQuartileThroughputTime: 74.71833333333336

Marked tag finished after 1 tries!
.Fin. - SUCCESS
<<< Welcome to the RAWSimO CLI >>>
The time is: 06/07/2024 14:01:49
Starting RAWSimO wrapper with the following arguments:
Instance: ..\..\..\..\Material\Instances\0.Weighted30min Demand separate\Dc\Weighted2.xinst
Setting: ..\..\..\..\Material\Instances\0.Weighted30min Demand separate\Dc\Weighted2.xsett
ControlConfig: ..\..\..\..\Material\Instances\0.Weighted30min Demand separate\Dc\Weighted2.xconf
StatisticsDir: ..\..\..\..\Material\Instances\0.Weighted30min Demand separate\Dc
Seed: 2
Additionally the following tag was passed: [[1, 6.087, 2.609]]
Adding handler for unhandled exceptions ...
Initializing ... 
Instance recognized!
Parsing setting config ...
Parsing control config ...
Parsing instance ...
StatisticsFolder: Weighted2-Dc_[[1, 6.087, 2.609]]_2.csv-2
Done!
