Executing ... 
 09:42:26 | >>> Warming up ...
 00:00:00 | >>> Warmup finished - starting simulation ...
 Realtime |   ETA    |  Sim.Time  | Progress | #Orders | #Bundles | Inv. | Distance | #Coll. |   Memory    
 00:00:00 |   n/a    | 0.00:00:00 |  0.00%   |    0    |    0     | 60%  |    0     |   0    |  96.67MB  
 00:00:01 | Cannot generate further orders - suspending generation for now
 00:00:01 | Cannot generate further orders - suspending generation for now
 00:00:01 | Cannot generate further orders - suspending generation for now
 00:00:01 | Cannot generate further orders - suspending generation for now
 00:00:01 | Cannot generate further orders - suspending generation for now
 00:00:01 | Cannot generate further orders - suspending generation for now
 00:00:01 | 00:00:00 | 0.00:30:00 | 100.00%  |   434   |    0     | 19%  |   5232   |   0    |  92.86MB  
 00:00:01 | >>> Simulation finished - writing results ...
 00:00:01 | >>> Results written
Simulation finished.
>>> Timings
StatTimingPathPlanningAverage: 0.00011348143176733763
StatTimingPathPlanningOverall: 0.10145239999999985
StatTimingPathPlanningCount: 894
StatTimingTaskAllocationAverage: 0.0019686283842794763
StatTimingTaskAllocationOverall: 0.4508159000000001
StatTimingTaskAllocationCount: 229
StatTimingItemStorageAverage: 1.2380239520958101E-06
StatTimingItemStorageOverall: 0.0008270000000000011
StatTimingItemStorageCount: 668
StatTimingPodStorageAverage: 0.0016912154545454538
StatTimingPodStorageOverall: 0.1860336999999999
StatTimingPodStorageCount: 110
StatTimingReplenishmentBatchingAverage: 7.850000000000001E-06
StatTimingReplenishmentBatchingOverall: 1.5700000000000002E-05
StatTimingReplenishmentBatchingCount: 2
StatTimingOrderBatchingAverage: 0.00011073547523427049
StatTimingOrderBatchingOverall: 0.08271940000000005
StatTimingOrderBatchingCount: 747
>>> Overall
StatOverallBundlesPlaced: 0
StatOverallItemsOrdered: 667
StatOverallOrdersPlaced: 415
StatOverallBundlesRejected: 0
StatOverallOrdersRejected: 0
StatOverallBundlesHandled: 0
StatOverallItemsHandled: 675
StatOverallLinesHandled: 638
StatOverallOrdersHandled: 434
StatOverallCollisions: 0
StatOverallDistanceTraveled: 5231.682451753904
StatOverallDistanceEstimated: 5081
StatOverallAssignedTasks: 229
StatMaxMemoryUsed: 96,66796875
StatRealTimeUsed: 1.1896683
StatAverageTurnoverTime: 480.8572673443687
StatMedianTurnoverTime: 367.0995382358571
StatLowerQuartileTurnoverTime: 162.3462049025238
StatUpperQuartileTurnoverTime: 687.676948040904
StatAverageThroughputTime: 97.020226547015
StatMedianThroughputTime: 22.547972553523664
StatLowerQuartileThroughputTime: 16.151666666666586
StatUpperQuartileThroughputTime: 83.96824673484139

Marked tag finished after 1 tries!
.Fin. - SUCCESS
<<< Welcome to the RAWSimO CLI >>>
The time is: 06/13/2024 09:42:27
Starting RAWSimO wrapper with the following arguments:
Instance: ..\..\..\..\Material\Instances\0.Weighted30min Demand separate\Db\Weighted2.xinst
Setting: ..\..\..\..\Material\Instances\0.Weighted30min Demand separate\Db\Weighted2.xsett
ControlConfig: ..\..\..\..\Material\Instances\0.Weighted30min Demand separate\Db\Weighted2.xconf
StatisticsDir: ..\..\..\..\Material\Instances\0.Weighted30min Demand separate\Db
Seed: 1
Additionally the following tag was passed: 1, 0.059, 0.549, 0.113, 0.415, 0.667
Adding handler for unhandled exceptions ...
Initializing ... 
Instance recognized!
Parsing setting config ...
Parsing control config ...
Parsing instance ...
StatisticsFolder: Weighted2-Db_[[1, 0.059, 0.549]]_2_[0.113, 0.415, 0.667].csv-1
Done!
