Executing ... 
 09:37:03 | >>> Warming up ...
 00:00:00 | >>> Warmup finished - starting simulation ...
 Realtime |   ETA    |  Sim.Time  | Progress | #Orders | #Bundles | Inv. | Distance | #Coll. |   Memory    
 00:00:00 |   n/a    | 0.00:00:00 |  0.00%   |    0    |    0     | 60%  |    0     |   0    |  77.11MB  
 00:00:00 | Cannot generate further orders - suspending generation for now
 00:00:00 | Cannot generate further orders - suspending generation for now
 00:00:00 | Cannot generate further orders - suspending generation for now
 00:00:01 | Cannot generate further orders - suspending generation for now
 00:00:01 | Cannot generate further orders - suspending generation for now
 00:00:01 | Cannot generate further orders - suspending generation for now
 00:00:01 | Cannot generate further orders - suspending generation for now
 00:00:01 | Cannot generate further orders - suspending generation for now
 00:00:01 | Cannot generate further orders - suspending generation for now
 00:00:01 | 00:00:00 | 0.00:30:00 | 100.00%  |   469   |    0     | 18%  |   5253   |   0    |  72.67MB  
 00:00:01 | >>> Simulation finished - writing results ...
 00:00:01 | >>> Results written
Simulation finished.
>>> Timings
StatTimingPathPlanningAverage: 0.00010314103773584894
StatTimingPathPlanningOverall: 0.0874635999999999
StatTimingPathPlanningCount: 848
StatTimingTaskAllocationAverage: 0.002023262162162162
StatTimingTaskAllocationOverall: 0.4491641999999999
StatTimingTaskAllocationCount: 222
StatTimingItemStorageAverage: 1.0925705794948026E-06
StatTimingItemStorageOverall: 0.0007353000000000022
StatTimingItemStorageCount: 673
StatTimingPodStorageAverage: 0.0014902672897196257
StatTimingPodStorageOverall: 0.15945859999999995
StatTimingPodStorageCount: 107
StatTimingReplenishmentBatchingAverage: 7.899999999999999E-06
StatTimingReplenishmentBatchingOverall: 1.5799999999999998E-05
StatTimingReplenishmentBatchingCount: 2
StatTimingOrderBatchingAverage: 0.00010000213049267662
StatTimingOrderBatchingOverall: 0.07510160000000014
StatTimingOrderBatchingCount: 751
>>> Overall
StatOverallBundlesPlaced: 0
StatOverallItemsOrdered: 639
StatOverallOrdersPlaced: 409
StatOverallBundlesRejected: 0
StatOverallOrdersRejected: 0
StatOverallBundlesHandled: 0
StatOverallItemsHandled: 706
StatOverallLinesHandled: 665
StatOverallOrdersHandled: 469
StatOverallCollisions: 0
StatOverallDistanceTraveled: 5252.609290298055
StatOverallDistanceEstimated: 5087
StatOverallAssignedTasks: 222
StatMaxMemoryUsed: 77,109375
StatRealTimeUsed: 1.1670248
StatAverageTurnoverTime: 459.19762389016876
StatMedianTurnoverTime: 325.94453823585724
StatLowerQuartileTurnoverTime: 128.54166666666669
StatUpperQuartileTurnoverTime: 686.1975973878748
StatAverageThroughputTime: 91.87867605269084
StatMedianThroughputTime: 20.572965360603575
StatLowerQuartileThroughputTime: 12.548333333333403
StatUpperQuartileThroughputTime: 73.21712843080945

Marked tag finished after 1 tries!
.Fin. - SUCCESS
<<< Welcome to the RAWSimO CLI >>>
The time is: 06/13/2024 09:37:04
Starting RAWSimO wrapper with the following arguments:
Instance: ..\..\..\..\Material\Instances\0.Weighted30min Demand separate\Da\Weighted2.xinst
Setting: ..\..\..\..\Material\Instances\0.Weighted30min Demand separate\Da\Weighted2.xsett
ControlConfig: ..\..\..\..\Material\Instances\0.Weighted30min Demand separate\Da\Weighted2.xconf
StatisticsDir: ..\..\..\..\Material\Instances\0.Weighted30min Demand separate\Da
Seed: 2
Additionally the following tag was passed: 1, 0.052, 0.71, 0.103, 1.0, 0.25
Adding handler for unhandled exceptions ...
Initializing ... 
Instance recognized!
Parsing setting config ...
Parsing control config ...
Parsing instance ...
StatisticsFolder: Weighted2-Da_[[1, 0.052, 0.71]]_3_[0.103, 1.0, 0.25].csv-2
Done!
