Executing ... 
 16:48:34 | >>> Warming up ...
 00:00:00 | >>> Warmup finished - starting simulation ...
 Realtime |   ETA    |  Sim.Time  | Progress | #Orders | #Bundles | Inv. | Distance | #Coll. |   Memory    
 00:00:00 |   n/a    | 0.00:00:00 |  0.00%   |    0    |    0     | 60%  |    0     |   0    | 114.90MB  
 00:00:00 | Cannot generate further orders - suspending generation for now
 00:00:00 | Cannot generate further orders - suspending generation for now
 00:00:00 | Cannot generate further orders - suspending generation for now
 00:00:00 | Cannot generate further orders - suspending generation for now
 00:00:00 | Cannot generate further orders - suspending generation for now
 00:00:00 | Cannot generate further orders - suspending generation for now
 00:00:00 | Cannot generate further orders - suspending generation for now
 00:00:00 | Cannot generate further orders - suspending generation for now
 00:00:00 | Cannot generate further orders - suspending generation for now
 00:00:00 | Cannot generate further orders - suspending generation for now
 00:00:00 | Cannot generate further orders - suspending generation for now
 00:00:00 | Cannot generate further orders - suspending generation for now
 00:00:01 | Cannot generate further orders - suspending generation for now
 00:00:01 | 00:00:00 | 0.00:30:00 | 100.00%  |   495   |    0     | 14%  |   4862   |   0    | 109.41MB  
 00:00:01 | >>> Simulation finished - writing results ...
 00:00:01 | >>> Results written
Simulation finished.
>>> Timings
StatTimingPathPlanningAverage: 8.585299043062196E-05
StatTimingPathPlanningOverall: 0.07177309999999996
StatTimingPathPlanningCount: 836
StatTimingTaskAllocationAverage: 0.0018628734299516918
StatTimingTaskAllocationOverall: 0.3856148000000002
StatTimingTaskAllocationCount: 207
StatTimingItemStorageAverage: 1.0779472954230267E-06
StatTimingItemStorageOverall: 0.0007772000000000022
StatTimingItemStorageCount: 721
StatTimingPodStorageAverage: 0.0015793839999999999
StatTimingPodStorageOverall: 0.15793839999999998
StatTimingPodStorageCount: 100
StatTimingReplenishmentBatchingAverage: 1.17E-05
StatTimingReplenishmentBatchingOverall: 2.34E-05
StatTimingReplenishmentBatchingCount: 2
StatTimingOrderBatchingAverage: 0.00011911786179921777
StatTimingOrderBatchingOverall: 0.09136340000000003
StatTimingOrderBatchingCount: 767
>>> Overall
StatOverallBundlesPlaced: 0
StatOverallItemsOrdered: 667
StatOverallOrdersPlaced: 427
StatOverallBundlesRejected: 0
StatOverallOrdersRejected: 0
StatOverallBundlesHandled: 0
StatOverallItemsHandled: 758
StatOverallLinesHandled: 716
StatOverallOrdersHandled: 495
StatOverallCollisions: 0
StatOverallDistanceTraveled: 4861.99999999999
StatOverallDistanceEstimated: 4665
StatOverallAssignedTasks: 207
StatMaxMemoryUsed: 113,10546875
StatRealTimeUsed: 1.0292554
StatAverageTurnoverTime: 417.4953707074499
StatMedianTurnoverTime: 256.92166666666753
StatLowerQuartileTurnoverTime: 105.3070418323182
StatUpperQuartileTurnoverTime: 560.2528787621126
StatAverageThroughputTime: 93.85156042613878
StatMedianThroughputTime: 23.877222222222258
StatLowerQuartileThroughputTime: 13.228333333333353
StatUpperQuartileThroughputTime: 89.21861470757233

Marked tag finished after 1 tries!
.Fin. - SUCCESS
<<< Welcome to the RAWSimO CLI >>>
The time is: 06/03/2024 16:48:35
Starting RAWSimO wrapper with the following arguments:
Instance: ..\..\..\..\Material\Instances\0.Weighted30min\Weighted2.xinst
Setting: ..\..\..\..\Material\Instances\0.Weighted30min\Weighted2.xsett
ControlConfig: ..\..\..\..\Material\Instances\0.Weighted30min\Weighted2.xconf
StatisticsDir: ..\..\..\..\Material\Instances\0.Weighted30min
Seed: 2
Additionally the following tag was passed: Dewlow
Adding handler for unhandled exceptions ...
Initializing ... 
Instance recognized!
Parsing setting config ...
Parsing control config ...
Parsing instance ...
StatisticsFolder: Weighted2-De_wlow_2.csv-2
Done!
