Executing ... 
 19:22:17 | >>> Warming up ...
 00:00:00 | >>> Warmup finished - starting simulation ...
 Realtime |   ETA    |  Sim.Time  | Progress | #Orders | #Bundles | Inv. | Distance | #Coll. |   Memory    
 00:00:00 |   n/a    | 0.00:00:00 |  0.00%   |    0    |    0     | 60%  |    0     |   0    |  81.34MB  
 00:00:01 | Cannot generate further orders - suspending generation for now
 00:00:01 | Cannot generate further orders - suspending generation for now
 00:00:01 | Cannot generate further orders - suspending generation for now
 00:00:01 | Cannot generate further orders - suspending generation for now
 00:00:01 | Cannot generate further orders - suspending generation for now
 00:00:01 | Cannot generate further orders - suspending generation for now
 00:00:01 | Cannot generate further orders - suspending generation for now
 00:00:01 | Cannot generate further orders - suspending generation for now
 00:00:01 | 00:00:00 | 0.00:30:00 | 100.00%  |   506   |    0     | 14%  |   4955   |   0    |  85.59MB  
 00:00:01 | >>> Simulation finished - writing results ...
 00:00:01 | >>> Results written
Simulation finished.
>>> Timings
StatTimingPathPlanningAverage: 0.00012090969325153387
StatTimingPathPlanningOverall: 0.09854140000000011
StatTimingPathPlanningCount: 815
StatTimingTaskAllocationAverage: 0.002177546568627452
StatTimingTaskAllocationOverall: 0.4442195000000002
StatTimingTaskAllocationCount: 204
StatTimingItemStorageAverage: 1.4174666666666664E-06
StatTimingItemStorageOverall: 0.0010630999999999998
StatTimingItemStorageCount: 750
StatTimingPodStorageAverage: 0.0018181917525773182
StatTimingPodStorageOverall: 0.17636459999999987
StatTimingPodStorageCount: 97
StatTimingReplenishmentBatchingAverage: 7.5E-06
StatTimingReplenishmentBatchingOverall: 1.5E-05
StatTimingReplenishmentBatchingCount: 2
StatTimingOrderBatchingAverage: 0.00012170483675937121
StatTimingOrderBatchingOverall: 0.10064989999999999
StatTimingOrderBatchingCount: 827
>>> Overall
StatOverallBundlesPlaced: 0
StatOverallItemsOrdered: 666
StatOverallOrdersPlaced: 430
StatOverallBundlesRejected: 0
StatOverallOrdersRejected: 0
StatOverallBundlesHandled: 0
StatOverallItemsHandled: 765
StatOverallLinesHandled: 727
StatOverallOrdersHandled: 506
StatOverallCollisions: 0
StatOverallDistanceTraveled: 4954.683348285566
StatOverallDistanceEstimated: 4888
StatOverallAssignedTasks: 204
StatMaxMemoryUsed: 88,12890625
StatRealTimeUsed: 1.2431793
StatAverageTurnoverTime: 484.3754681449033
StatMedianTurnoverTime: 371.7280591520163
StatLowerQuartileTurnoverTime: 169.27898268030276
StatUpperQuartileTurnoverTime: 723.008795097476
StatAverageThroughputTime: 86.83480478064224
StatMedianThroughputTime: 20.66546176414272
StatLowerQuartileThroughputTime: 14.64222222222213
StatUpperQuartileThroughputTime: 78.04166666666583

Marked tag finished after 1 tries!
.Fin. - SUCCESS
<<< Welcome to the RAWSimO CLI >>>
The time is: 06/25/2024 19:22:19
Starting RAWSimO wrapper with the following arguments:
Instance: ..\..\..\..\Material\Instances\10.Weighted30min Demand Gall\Dp\Weighted2.xinst
Setting: ..\..\..\..\Material\Instances\10.Weighted30min Demand Gall\Dp\Weighted2.xsett
ControlConfig: ..\..\..\..\Material\Instances\10.Weighted30min Demand Gall\Dp\Weighted2.xconf
StatisticsDir: ..\..\..\..\Material\Instances\10.Weighted30min Demand Gall\Dp
Seed: 3
Additionally the following tag was passed: 1, 0.64, 1.0, 0.184, 0.287, 1.0
Adding handler for unhandled exceptions ...
Initializing ... 
Instance recognized!
Parsing setting config ...
Parsing control config ...
Parsing instance ...
StatisticsFolder: Weighted2-Dp_[[1, 0.64, 1.0]]_2_[0.184, 0.287, 1.0].csv-3
Done!
