Executing ... 
 19:21:08 | >>> Warming up ...
 00:00:00 | >>> Warmup finished - starting simulation ...
 Realtime |   ETA    |  Sim.Time  | Progress | #Orders | #Bundles | Inv. | Distance | #Coll. |   Memory    
 00:00:00 |   n/a    | 0.00:00:00 |  0.00%   |    0    |    0     | 60%  |    0     |   0    |  94.93MB  
 00:00:00 | Cannot generate further orders - suspending generation for now
 00:00:00 | Cannot generate further orders - suspending generation for now
 00:00:00 | Cannot generate further orders - suspending generation for now
 00:00:00 | Cannot generate further orders - suspending generation for now
 00:00:00 | Cannot generate further orders - suspending generation for now
 00:00:00 | Cannot generate further orders - suspending generation for now
 00:00:00 | Cannot generate further orders - suspending generation for now
 00:00:00 | Cannot generate further orders - suspending generation for now
 00:00:00 | Cannot generate further orders - suspending generation for now
 00:00:00 | Cannot generate further orders - suspending generation for now
 00:00:00 | 00:00:00 | 0.00:30:00 | 100.00%  |   487   |    0     | 15%  |   5139   |   0    |  97.07MB  
 00:00:00 | >>> Simulation finished - writing results ...
 00:00:01 | >>> Results written
Simulation finished.
>>> Timings
StatTimingPathPlanningAverage: 8.435555555555555E-05
StatTimingPathPlanningOverall: 0.0698464
StatTimingPathPlanningCount: 828
StatTimingTaskAllocationAverage: 0.001715452803738318
StatTimingTaskAllocationOverall: 0.36710690000000007
StatTimingTaskAllocationCount: 214
StatTimingItemStorageAverage: 1.2513168724279711E-05
StatTimingItemStorageOverall: 0.009122099999999909
StatTimingItemStorageCount: 729
StatTimingPodStorageAverage: 0.0015052865384615388
StatTimingPodStorageOverall: 0.15654980000000004
StatTimingPodStorageCount: 104
StatTimingReplenishmentBatchingAverage: 7.05E-06
StatTimingReplenishmentBatchingOverall: 1.41E-05
StatTimingReplenishmentBatchingCount: 2
StatTimingOrderBatchingAverage: 8.504415094339626E-05
StatTimingOrderBatchingOverall: 0.06761010000000002
StatTimingOrderBatchingCount: 795
>>> Overall
StatOverallBundlesPlaced: 0
StatOverallItemsOrdered: 646
StatOverallOrdersPlaced: 410
StatOverallBundlesRejected: 0
StatOverallOrdersRejected: 0
StatOverallBundlesHandled: 0
StatOverallItemsHandled: 746
StatOverallLinesHandled: 703
StatOverallOrdersHandled: 487
StatOverallCollisions: 0
StatOverallDistanceTraveled: 5139.309705735603
StatOverallDistanceEstimated: 5052
StatOverallAssignedTasks: 214
StatMaxMemoryUsed: 97,94921875
StatRealTimeUsed: 0.956472
StatAverageTurnoverTime: 442.16612022913426
StatMedianTurnoverTime: 306.35120490252825
StatLowerQuartileTurnoverTime: 161.25999999999996
StatUpperQuartileTurnoverTime: 585.7631529434359
StatAverageThroughputTime: 92.38699929630054
StatMedianThroughputTime: 21.465375165651835
StatLowerQuartileThroughputTime: 12.59620490252405
StatUpperQuartileThroughputTime: 81.47620490252402

Marked tag finished after 1 tries!
.Fin. - SUCCESS
<<< Welcome to the RAWSimO CLI >>>
The time is: 06/25/2024 19:21:09
Starting RAWSimO wrapper with the following arguments:
Instance: ..\..\..\..\Material\Instances\10.Weighted30min Demand Gall\Dp\Weighted2.xinst
Setting: ..\..\..\..\Material\Instances\10.Weighted30min Demand Gall\Dp\Weighted2.xsett
ControlConfig: ..\..\..\..\Material\Instances\10.Weighted30min Demand Gall\Dp\Weighted2.xconf
StatisticsDir: ..\..\..\..\Material\Instances\10.Weighted30min Demand Gall\Dp
Seed: 2
Additionally the following tag was passed: 1, 0.37, 1.0, 0.158, 0.427, 1.0
Adding handler for unhandled exceptions ...
Initializing ... 
Instance recognized!
Parsing setting config ...
Parsing control config ...
Parsing instance ...
StatisticsFolder: Weighted2-Dp_[[1, 0.37, 1.0]]_2_[0.158, 0.427, 1.0].csv-2
Done!
