Executing ... 
 19:22:59 | >>> Warming up ...
 00:00:00 | >>> Warmup finished - starting simulation ...
 Realtime |   ETA    |  Sim.Time  | Progress | #Orders | #Bundles | Inv. | Distance | #Coll. |   Memory    
 00:00:00 |   n/a    | 0.00:00:00 |  0.00%   |    0    |    0     | 60%  |    0     |   0    |  82.75MB  
 00:00:00 | Cannot generate further orders - suspending generation for now
 00:00:00 | Cannot generate further orders - suspending generation for now
 00:00:00 | Cannot generate further orders - suspending generation for now
 00:00:00 | Cannot generate further orders - suspending generation for now
 00:00:01 | Cannot generate further orders - suspending generation for now
 00:00:01 | Cannot generate further orders - suspending generation for now
 00:00:01 | Cannot generate further orders - suspending generation for now
 00:00:01 | Cannot generate further orders - suspending generation for now
 00:00:01 | Cannot generate further orders - suspending generation for now
 00:00:01 | 00:00:00 | 0.00:30:00 | 100.00%  |   482   |    0     | 15%  |   5065   |   0    |  87.58MB  
 00:00:01 | >>> Simulation finished - writing results ...
 00:00:01 | >>> Results written
Simulation finished.
>>> Timings
StatTimingPathPlanningAverage: 0.0001208464197530865
StatTimingPathPlanningOverall: 0.09788560000000006
StatTimingPathPlanningCount: 810
StatTimingTaskAllocationAverage: 0.0019653981220657296
StatTimingTaskAllocationOverall: 0.4186298000000004
StatTimingTaskAllocationCount: 213
StatTimingItemStorageAverage: 1.3295423023578397E-06
StatTimingItemStorageOverall: 0.0009586000000000024
StatTimingItemStorageCount: 721
StatTimingPodStorageAverage: 0.0016592598039215688
StatTimingPodStorageOverall: 0.16924450000000002
StatTimingPodStorageCount: 102
StatTimingReplenishmentBatchingAverage: 7.95E-06
StatTimingReplenishmentBatchingOverall: 1.59E-05
StatTimingReplenishmentBatchingCount: 2
StatTimingOrderBatchingAverage: 0.00011389847908745242
StatTimingOrderBatchingOverall: 0.08986589999999996
StatTimingOrderBatchingCount: 789
>>> Overall
StatOverallBundlesPlaced: 0
StatOverallItemsOrdered: 645
StatOverallOrdersPlaced: 411
StatOverallBundlesRejected: 0
StatOverallOrdersRejected: 0
StatOverallBundlesHandled: 0
StatOverallItemsHandled: 754
StatOverallLinesHandled: 708
StatOverallOrdersHandled: 482
StatOverallCollisions: 0
StatOverallDistanceTraveled: 5064.999999999987
StatOverallDistanceEstimated: 4903
StatOverallAssignedTasks: 213
StatMaxMemoryUsed: 88,8125
StatRealTimeUsed: 1.1672387
StatAverageTurnoverTime: 475.25716141182255
StatMedianTurnoverTime: 334.9488888888889
StatLowerQuartileTurnoverTime: 149.66638529242732
StatUpperQuartileTurnoverTime: 707.8535209161599
StatAverageThroughputTime: 97.21319780349529
StatMedianThroughputTime: 24.870000000000005
StatLowerQuartileThroughputTime: 16.562128430809196
StatUpperQuartileThroughputTime: 86.3778715691907

Marked tag finished after 1 tries!
.Fin. - SUCCESS
<<< Welcome to the RAWSimO CLI >>>
The time is: 06/25/2024 19:23:00
Starting RAWSimO wrapper with the following arguments:
Instance: ..\..\..\..\Material\Instances\10.Weighted30min Demand Gall\Dp\Weighted2.xinst
Setting: ..\..\..\..\Material\Instances\10.Weighted30min Demand Gall\Dp\Weighted2.xsett
ControlConfig: ..\..\..\..\Material\Instances\10.Weighted30min Demand Gall\Dp\Weighted2.xconf
StatisticsDir: ..\..\..\..\Material\Instances\10.Weighted30min Demand Gall\Dp
Seed: 6
Additionally the following tag was passed: 1, 0.82, 1.0, 0.194, 0.233, 1.0
Adding handler for unhandled exceptions ...
Initializing ... 
Instance recognized!
Parsing setting config ...
Parsing control config ...
Parsing instance ...
StatisticsFolder: Weighted2-Dp_[[1, 0.82, 1.0]]_1_[0.194, 0.233, 1.0].csv-6
Done!
