Executing ... 
 19:27:23 | >>> Warming up ...
 00:00:00 | >>> Warmup finished - starting simulation ...
 Realtime |   ETA    |  Sim.Time  | Progress | #Orders | #Bundles | Inv. | Distance | #Coll. |   Memory    
 00:00:00 |   n/a    | 0.00:00:00 |  0.00%   |    0    |    0     | 60%  |    0     |   0    | 124.69MB  
 00:00:00 | Cannot generate further orders - suspending generation for now
 00:00:00 | Cannot generate further orders - suspending generation for now
 00:00:00 | Cannot generate further orders - suspending generation for now
 00:00:00 | Cannot generate further orders - suspending generation for now
 00:00:00 | Cannot generate further orders - suspending generation for now
 00:00:00 | Cannot generate further orders - suspending generation for now
 00:00:00 | Cannot generate further orders - suspending generation for now
 00:00:00 | Cannot generate further orders - suspending generation for now
 00:00:00 | 00:00:00 | 0.00:30:00 | 100.00%  |   487   |    0     | 15%  |   5038   |   0    | 126.75MB  
 00:00:00 | >>> Simulation finished - writing results ...
 00:00:01 | >>> Results written
Simulation finished.
>>> Timings
StatTimingPathPlanningAverage: 8.805137067938018E-05
StatTimingPathPlanningOverall: 0.07387509999999997
StatTimingPathPlanningCount: 839
StatTimingTaskAllocationAverage: 0.0016856687203791463
StatTimingTaskAllocationOverall: 0.3556760999999999
StatTimingTaskAllocationCount: 211
StatTimingItemStorageAverage: 9.343707713125871E-07
StatTimingItemStorageOverall: 0.0006905000000000019
StatTimingItemStorageCount: 739
StatTimingPodStorageAverage: 0.0015336869999999989
StatTimingPodStorageOverall: 0.15336869999999989
StatTimingPodStorageCount: 100
StatTimingReplenishmentBatchingAverage: 7.850000000000001E-06
StatTimingReplenishmentBatchingOverall: 1.5700000000000002E-05
StatTimingReplenishmentBatchingCount: 2
StatTimingOrderBatchingAverage: 9.227357320099256E-05
StatTimingOrderBatchingOverall: 0.07437250000000001
StatTimingOrderBatchingCount: 806
>>> Overall
StatOverallBundlesPlaced: 0
StatOverallItemsOrdered: 667
StatOverallOrdersPlaced: 422
StatOverallBundlesRejected: 0
StatOverallOrdersRejected: 0
StatOverallBundlesHandled: 0
StatOverallItemsHandled: 752
StatOverallLinesHandled: 707
StatOverallOrdersHandled: 487
StatOverallCollisions: 0
StatOverallDistanceTraveled: 5037.7468462748
StatOverallDistanceEstimated: 4882
StatOverallAssignedTasks: 211
StatMaxMemoryUsed: 126,75
StatRealTimeUsed: 0.9451596
StatAverageTurnoverTime: 475.0375538778482
StatMedianTurnoverTime: 349.02240980504746
StatLowerQuartileTurnoverTime: 139.26629869393687
StatUpperQuartileTurnoverTime: 712.1620418323179
StatAverageThroughputTime: 84.897306030814
StatMedianThroughputTime: 25.054632027270202
StatLowerQuartileThroughputTime: 16.17277777777781
StatUpperQuartileThroughputTime: 77.81777777777893

Marked tag finished after 1 tries!
.Fin. - SUCCESS
<<< Welcome to the RAWSimO CLI >>>
The time is: 06/25/2024 19:27:24
Starting RAWSimO wrapper with the following arguments:
Instance: ..\..\..\..\Material\Instances\10.Weighted30min Demand Gall\Dr\Weighted2.xinst
Setting: ..\..\..\..\Material\Instances\10.Weighted30min Demand Gall\Dr\Weighted2.xsett
ControlConfig: ..\..\..\..\Material\Instances\10.Weighted30min Demand Gall\Dr\Weighted2.xconf
StatisticsDir: ..\..\..\..\Material\Instances\10.Weighted30min Demand Gall\Dr
Seed: 6
Additionally the following tag was passed: 1, 1.1663636363636365, 1.0, 0.207, 0.176, 1.0
Adding handler for unhandled exceptions ...
Initializing ... 
Instance recognized!
Parsing setting config ...
Parsing control config ...
Parsing instance ...
StatisticsFolder: Weighted2-Dr_[[1, 1.1663636363636365, 1.0]]_3_[0.207, 0.176, 1.0].csv-6
Done!
