Executing ... 
 21:29:37 | >>> Warming up ...
 00:00:00 | >>> Warmup finished - starting simulation ...
 Realtime |   ETA    |  Sim.Time  | Progress | #Orders | #Bundles | Inv. | Distance | #Coll. |   Memory    
 00:00:00 |   n/a    | 0.00:00:00 |  0.00%   |    0    |    0     | 60%  |    0     |   0    |  83.35MB  
 00:00:01 | Cannot generate further orders - suspending generation for now
 00:00:01 | Cannot generate further orders - suspending generation for now
 00:00:01 | Cannot generate further orders - suspending generation for now
 00:00:01 | Cannot generate further orders - suspending generation for now
 00:00:01 | Cannot generate further orders - suspending generation for now
 00:00:01 | Cannot generate further orders - suspending generation for now
 00:00:01 | Cannot generate further orders - suspending generation for now
 00:00:01 | Cannot generate further orders - suspending generation for now
 00:00:01 | 00:00:00 | 0.00:30:00 | 100.00%  |   483   |    0     | 16%  |   5073   |   0    |  82.50MB  
 00:00:01 | >>> Simulation finished - writing results ...
 00:00:01 | >>> Results written
Simulation finished.
>>> Timings
StatTimingPathPlanningAverage: 0.00011030110294117652
StatTimingPathPlanningOverall: 0.09000570000000005
StatTimingPathPlanningCount: 816
StatTimingTaskAllocationAverage: 0.002060023611111109
StatTimingTaskAllocationOverall: 0.4449650999999995
StatTimingTaskAllocationCount: 216
StatTimingItemStorageAverage: 1.2663829787234046E-06
StatTimingItemStorageOverall: 0.0008928000000000002
StatTimingItemStorageCount: 705
StatTimingPodStorageAverage: 0.001775538834951457
StatTimingPodStorageOverall: 0.18288050000000008
StatTimingPodStorageCount: 103
StatTimingReplenishmentBatchingAverage: 8E-06
StatTimingReplenishmentBatchingOverall: 1.6E-05
StatTimingReplenishmentBatchingCount: 2
StatTimingOrderBatchingAverage: 0.00012168005148005152
StatTimingOrderBatchingOverall: 0.09454540000000003
StatTimingOrderBatchingCount: 777
>>> Overall
StatOverallBundlesPlaced: 0
StatOverallItemsOrdered: 666
StatOverallOrdersPlaced: 424
StatOverallBundlesRejected: 0
StatOverallOrdersRejected: 0
StatOverallBundlesHandled: 0
StatOverallItemsHandled: 737
StatOverallLinesHandled: 696
StatOverallOrdersHandled: 483
StatOverallCollisions: 0
StatOverallDistanceTraveled: 5073.288287766608
StatOverallDistanceEstimated: 4956
StatOverallAssignedTasks: 216
StatMaxMemoryUsed: 82,6953125
StatRealTimeUsed: 1.2340197
StatAverageTurnoverTime: 482.7212738931174
StatMedianTurnoverTime: 347.61064934696844
StatLowerQuartileTurnoverTime: 164.78731601363506
StatUpperQuartileTurnoverTime: 681.5792640545411
StatAverageThroughputTime: 86.61963950152646
StatMedianThroughputTime: 20.57166666666717
StatLowerQuartileThroughputTime: 12.575367972729737
StatUpperQuartileThroughputTime: 74.75240980504873

Marked tag finished after 1 tries!
.Fin. - SUCCESS
<<< Welcome to the RAWSimO CLI >>>
The time is: 06/12/2024 21:29:38
Starting RAWSimO wrapper with the following arguments:
Instance: ..\..\..\..\Material\Instances\0.Weighted30min Demand separate\Da\Weighted2.xinst
Setting: ..\..\..\..\Material\Instances\0.Weighted30min Demand separate\Da\Weighted2.xsett
ControlConfig: ..\..\..\..\Material\Instances\0.Weighted30min Demand separate\Da\Weighted2.xconf
StatisticsDir: ..\..\..\..\Material\Instances\0.Weighted30min Demand separate\Da
Seed: 2
Additionally the following tag was passed: 1, 5.026, 0.5455, 0.198, 0.1, 0.359
Adding handler for unhandled exceptions ...
Initializing ... 
Instance recognized!
Parsing setting config ...
Parsing control config ...
Parsing instance ...
StatisticsFolder: Weighted2-Da_[[1, 5.026, 0.5455]]_2_[0.198, 0.1, 0.359].csv-2
Done!
