Executing ... 
 09:48:07 | >>> Warming up ...
 00:00:00 | >>> Warmup finished - starting simulation ...
 Realtime |   ETA    |  Sim.Time  | Progress | #Orders | #Bundles | Inv. | Distance | #Coll. |   Memory    
 00:00:00 |   n/a    | 0.00:00:00 |  0.00%   |    0    |    0     | 60%  |    0     |   0    | 104.88MB  
 00:00:00 | Cannot generate further orders - suspending generation for now
 00:00:00 | Cannot generate further orders - suspending generation for now
 00:00:01 | Cannot generate further orders - suspending generation for now
 00:00:01 | Cannot generate further orders - suspending generation for now
 00:00:01 | Cannot generate further orders - suspending generation for now
 00:00:01 | Cannot generate further orders - suspending generation for now
 00:00:01 | Cannot generate further orders - suspending generation for now
 00:00:01 | Cannot generate further orders - suspending generation for now
 00:00:01 | Cannot generate further orders - suspending generation for now
 00:00:01 | Cannot generate further orders - suspending generation for now
 00:00:01 | Cannot generate further orders - suspending generation for now
 00:00:01 | Cannot generate further orders - suspending generation for now
 00:00:01 | 00:00:00 | 0.00:30:00 | 100.00%  |   494   |    0     | 15%  |   5112   |   0    | 104.79MB  
 00:00:01 | >>> Simulation finished - writing results ...
 00:00:01 | >>> Results written
Simulation finished.
>>> Timings
StatTimingPathPlanningAverage: 0.00011078096415327556
StatTimingPathPlanningOverall: 0.08962179999999993
StatTimingPathPlanningCount: 809
StatTimingTaskAllocationAverage: 0.0020547343891402707
StatTimingTaskAllocationOverall: 0.45409629999999984
StatTimingTaskAllocationCount: 221
StatTimingItemStorageAverage: 1.147989276139413E-06
StatTimingItemStorageOverall: 0.0008564000000000022
StatTimingItemStorageCount: 746
StatTimingPodStorageAverage: 0.001531694339622641
StatTimingPodStorageOverall: 0.16235959999999997
StatTimingPodStorageCount: 106
StatTimingReplenishmentBatchingAverage: 7.2E-06
StatTimingReplenishmentBatchingOverall: 1.44E-05
StatTimingReplenishmentBatchingCount: 2
StatTimingOrderBatchingAverage: 0.00016091118012422342
StatTimingOrderBatchingOverall: 0.12953349999999986
StatTimingOrderBatchingCount: 805
>>> Overall
StatOverallBundlesPlaced: 0
StatOverallItemsOrdered: 667
StatOverallOrdersPlaced: 427
StatOverallBundlesRejected: 0
StatOverallOrdersRejected: 0
StatOverallBundlesHandled: 0
StatOverallItemsHandled: 754
StatOverallLinesHandled: 712
StatOverallOrdersHandled: 494
StatOverallCollisions: 0
StatOverallDistanceTraveled: 5111.624932001439
StatOverallDistanceEstimated: 5014
StatOverallAssignedTasks: 221
StatMaxMemoryUsed: 104,875
StatRealTimeUsed: 1.2807636
StatAverageTurnoverTime: 427.9780688172896
StatMedianTurnoverTime: 267.71407647171463
StatLowerQuartileTurnoverTime: 127.36620490252449
StatUpperQuartileTurnoverTime: 607.9418542494923
StatAverageThroughputTime: 92.20385905099205
StatMedianThroughputTime: 24.342871569190947
StatLowerQuartileThroughputTime: 15.931666666666686
StatUpperQuartileThroughputTime: 80.06388888888864

Marked tag finished after 1 tries!
.Fin. - SUCCESS
<<< Welcome to the RAWSimO CLI >>>
The time is: 06/13/2024 09:48:09
Starting RAWSimO wrapper with the following arguments:
Instance: ..\..\..\..\Material\Instances\0.Weighted30min Demand separate\Dc\Weighted2.xinst
Setting: ..\..\..\..\Material\Instances\0.Weighted30min Demand separate\Dc\Weighted2.xsett
ControlConfig: ..\..\..\..\Material\Instances\0.Weighted30min Demand separate\Dc\Weighted2.xconf
StatisticsDir: ..\..\..\..\Material\Instances\0.Weighted30min Demand separate\Dc
Seed: 2
Additionally the following tag was passed: 1, 0.058, 0.058, 0.084, 0.229, 0.692
Adding handler for unhandled exceptions ...
Initializing ... 
Instance recognized!
Parsing setting config ...
Parsing control config ...
Parsing instance ...
StatisticsFolder: Weighted2-Dc_[[1, 0.058, 0.058]]_3_[0.084, 0.229, 0.692].csv-2
Done!
