Executing ... 
 16:48:07 | >>> Warming up ...
 00:00:00 | >>> Warmup finished - starting simulation ...
 Realtime |   ETA    |  Sim.Time  | Progress | #Orders | #Bundles | Inv. | Distance | #Coll. |   Memory    
 00:00:00 |   n/a    | 0.00:00:00 |  0.00%   |    0    |    0     | 60%  |    0     |   0    | 112.27MB  
 00:00:00 | Cannot generate further orders - suspending generation for now
 00:00:00 | Cannot generate further orders - suspending generation for now
 00:00:00 | Cannot generate further orders - suspending generation for now
 00:00:00 | Cannot generate further orders - suspending generation for now
 00:00:00 | Cannot generate further orders - suspending generation for now
 00:00:00 | Cannot generate further orders - suspending generation for now
 00:00:00 | Cannot generate further orders - suspending generation for now
 00:00:00 | Cannot generate further orders - suspending generation for now
 00:00:00 | Cannot generate further orders - suspending generation for now
 00:00:01 | Cannot generate further orders - suspending generation for now
 00:00:01 | 00:00:00 | 0.00:30:00 | 100.00%  |   501   |    0     | 14%  |   4850   |   0    | 108.01MB  
 00:00:01 | >>> Simulation finished - writing results ...
 00:00:01 | >>> Results written
Simulation finished.
>>> Timings
StatTimingPathPlanningAverage: 9.424948586118254E-05
StatTimingPathPlanningOverall: 0.07332610000000002
StatTimingPathPlanningCount: 778
StatTimingTaskAllocationAverage: 0.001886374358974359
StatTimingTaskAllocationOverall: 0.36784300000000003
StatTimingTaskAllocationCount: 195
StatTimingItemStorageAverage: 1.0008163265306144E-06
StatTimingItemStorageOverall: 0.0007356000000000016
StatTimingItemStorageCount: 735
StatTimingPodStorageAverage: 0.001589405376344086
StatTimingPodStorageOverall: 0.1478147
StatTimingPodStorageCount: 93
StatTimingReplenishmentBatchingAverage: 7.85E-06
StatTimingReplenishmentBatchingOverall: 1.57E-05
StatTimingReplenishmentBatchingCount: 2
StatTimingOrderBatchingAverage: 8.804411027568923E-05
StatTimingOrderBatchingOverall: 0.07025920000000001
StatTimingOrderBatchingCount: 798
>>> Overall
StatOverallBundlesPlaced: 0
StatOverallItemsOrdered: 639
StatOverallOrdersPlaced: 414
StatOverallBundlesRejected: 0
StatOverallOrdersRejected: 0
StatOverallBundlesHandled: 0
StatOverallItemsHandled: 766
StatOverallLinesHandled: 725
StatOverallOrdersHandled: 501
StatOverallCollisions: 0
StatOverallDistanceTraveled: 4850.27097304744
StatOverallDistanceEstimated: 4759
StatOverallAssignedTasks: 195
StatMaxMemoryUsed: 111,81640625
StatRealTimeUsed: 1.0255993
StatAverageTurnoverTime: 458.11586984445455
StatMedianTurnoverTime: 329.5062049025241
StatLowerQuartileTurnoverTime: 119.55009379141325
StatUpperQuartileTurnoverTime: 695.935649346969
StatAverageThroughputTime: 91.2896936571684
StatMedianThroughputTime: 24.39500000000021
StatLowerQuartileThroughputTime: 16.33888888888896
StatUpperQuartileThroughputTime: 77.39323954191923

Marked tag finished after 1 tries!
.Fin. - SUCCESS
<<< Welcome to the RAWSimO CLI >>>
The time is: 06/03/2024 16:48:08
Starting RAWSimO wrapper with the following arguments:
Instance: ..\..\..\..\Material\Instances\0.Weighted30min\Weighted2.xinst
Setting: ..\..\..\..\Material\Instances\0.Weighted30min\Weighted2.xsett
ControlConfig: ..\..\..\..\Material\Instances\0.Weighted30min\Weighted2.xconf
StatisticsDir: ..\..\..\..\Material\Instances\0.Weighted30min
Seed: 1
Additionally the following tag was passed: Dcwhigh
Adding handler for unhandled exceptions ...
Initializing ... 
Instance recognized!
Parsing setting config ...
Parsing control config ...
Parsing instance ...
StatisticsFolder: Weighted2-Dc_whigh_2.csv-1
Done!
