Executing ... 
 16:22:02 | >>> Warming up ...
 00:00:00 | >>> Warmup finished - starting simulation ...
 Realtime |   ETA    |  Sim.Time  | Progress | #Orders | #Bundles | Inv. | Distance | #Coll. |   Memory    
 00:00:00 |   n/a    | 0.00:00:00 |  0.00%   |    0    |    0     | 83%  |    0     |   0    |  77.63MB  
 00:00:00 | Reactivating bundle generation paused by inventory+reserved+backlog level (currently at: 0.6491666666666667)
 00:00:00 | Cannot generate further orders - suspending generation for now
 00:00:00 | Cannot generate further orders - suspending generation for now
 00:00:00 | Cannot generate further orders - suspending generation for now
 00:00:00 | Cannot generate further orders - suspending generation for now
 00:00:00 | Cannot generate further orders - suspending generation for now
 00:00:00 | Cannot generate further orders - suspending generation for now
 00:00:00 | Cannot generate further orders - suspending generation for now
 00:00:00 | Cannot generate further orders - suspending generation for now
 00:00:00 | Cannot generate further orders - suspending generation for now
 00:00:00 | 00:00:00 | 0.00:30:00 | 100.00%  |   430   |    0     | 29%  |   5149   |   0    |  74.87MB  
 00:00:00 | >>> Simulation finished - writing results ...
 00:00:00 | >>> Results written
Simulation finished.
>>> Timings
StatTimingPathPlanningAverage: 8.354538922155684E-05
StatTimingPathPlanningOverall: 0.06976039999999996
StatTimingPathPlanningCount: 835
StatTimingTaskAllocationAverage: 0.0010888871111111114
StatTimingTaskAllocationOverall: 0.24499960000000007
StatTimingTaskAllocationCount: 225
StatTimingItemStorageAverage: 9.669242658423508E-07
StatTimingItemStorageOverall: 0.000625600000000001
StatTimingItemStorageCount: 647
StatTimingPodStorageAverage: 0.0007787555555555557
StatTimingPodStorageOverall: 0.08410560000000002
StatTimingPodStorageCount: 108
StatTimingReplenishmentBatchingAverage: 8.6E-06
StatTimingReplenishmentBatchingOverall: 4.3E-05
StatTimingReplenishmentBatchingCount: 5
StatTimingOrderBatchingAverage: 7.220246238030092E-05
StatTimingOrderBatchingOverall: 0.052779999999999966
StatTimingOrderBatchingCount: 731
>>> Overall
StatOverallBundlesPlaced: 180
StatOverallItemsOrdered: 625
StatOverallOrdersPlaced: 394
StatOverallBundlesRejected: 0
StatOverallOrdersRejected: 0
StatOverallBundlesHandled: 0
StatOverallItemsHandled: 656
StatOverallLinesHandled: 618
StatOverallOrdersHandled: 430
StatOverallCollisions: 0
StatOverallDistanceTraveled: 5149.0637228394935
StatOverallDistanceEstimated: 5056
StatOverallAssignedTasks: 225
StatMaxMemoryUsed: 77,875
StatRealTimeUsed: 0.8245096
StatAverageTurnoverTime: 448.59737290411334
StatMedianTurnoverTime: 287.85972581868305
StatLowerQuartileTurnoverTime: 129.11740980504783
StatUpperQuartileTurnoverTime: 641.4833405262549
StatAverageThroughputTime: 99.50413684856066
StatMedianThroughputTime: 20.335555555555743
StatLowerQuartileThroughputTime: 10.805923528285462
StatUpperQuartileThroughputTime: 66.10611111111166

Marked tag finished after 1 tries!
.Fin. - SUCCESS
<<< Welcome to the RAWSimO CLI >>>
The time is: 06/03/2024 16:22:03
Starting RAWSimO wrapper with the following arguments:
Instance: ..\..\..\..\Material\Instances\0.Weighted30min\Weighted6.xinst
Setting: ..\..\..\..\Material\Instances\0.Weighted30min\WeightedScenario.xsett
ControlConfig: ..\..\..\..\Material\Instances\0.Weighted30min\WeightedScenario.xconf
StatisticsDir: ..\..\..\..\Material\Instances\0.Weighted30min
Seed: 2
Additionally the following tag was passed: Dcwlow
Adding handler for unhandled exceptions ...
Initializing ... 
Instance recognized!
Parsing setting config ...
Parsing control config ...
Parsing instance ...
StatisticsFolder: WeightedScenario-Dc_wlow_2.csv-2
Done!
