Executing ... 
 19:59:31 | >>> Warming up ...
 00:00:00 | >>> Warmup finished - starting simulation ...
 Realtime |   ETA    |  Sim.Time  | Progress | #Orders | #Bundles | Inv. | Distance | #Coll. |   Memory    
 00:00:00 |   n/a    | 0.00:00:00 |  0.00%   |    0    |    0     | 60%  |    0     |   0    |  96.55MB  
 00:00:00 | Cannot generate further orders - suspending generation for now
 00:00:00 | Cannot generate further orders - suspending generation for now
 00:00:01 | Cannot generate further orders - suspending generation for now
 00:00:01 | Cannot generate further orders - suspending generation for now
 00:00:01 | Cannot generate further orders - suspending generation for now
 00:00:01 | Cannot generate further orders - suspending generation for now
 00:00:01 | Cannot generate further orders - suspending generation for now
 00:00:01 | Cannot generate further orders - suspending generation for now
 00:00:01 | Cannot generate further orders - suspending generation for now
 00:00:01 | Cannot generate further orders - suspending generation for now
 00:00:01 | Cannot generate further orders - suspending generation for now
 00:00:01 | Cannot generate further orders - suspending generation for now
 00:00:01 | 00:00:00 | 0.00:30:00 | 100.00%  |   484   |    0     | 15%  |   5014   |   0    |  95.32MB  
 00:00:01 | >>> Simulation finished - writing results ...
 00:00:01 | >>> Results written
Simulation finished.
>>> Timings
StatTimingPathPlanningAverage: 0.00012222149877149876
StatTimingPathPlanningOverall: 0.09948829999999999
StatTimingPathPlanningCount: 814
StatTimingTaskAllocationAverage: 0.0022261186274509788
StatTimingTaskAllocationOverall: 0.45412819999999965
StatTimingTaskAllocationCount: 204
StatTimingItemStorageAverage: 1.3760053619302962E-06
StatTimingItemStorageOverall: 0.001026500000000001
StatTimingItemStorageCount: 746
StatTimingPodStorageAverage: 0.0019352247422680423
StatTimingPodStorageOverall: 0.1877168000000001
StatTimingPodStorageCount: 97
StatTimingReplenishmentBatchingAverage: 7.699999999999999E-06
StatTimingReplenishmentBatchingOverall: 1.5399999999999998E-05
StatTimingReplenishmentBatchingCount: 2
StatTimingOrderBatchingAverage: 0.0001404538653366584
StatTimingOrderBatchingOverall: 0.11264400000000005
StatTimingOrderBatchingCount: 802
>>> Overall
StatOverallBundlesPlaced: 0
StatOverallItemsOrdered: 667
StatOverallOrdersPlaced: 411
StatOverallBundlesRejected: 0
StatOverallOrdersRejected: 0
StatOverallBundlesHandled: 0
StatOverallItemsHandled: 755
StatOverallLinesHandled: 702
StatOverallOrdersHandled: 484
StatOverallCollisions: 0
StatOverallDistanceTraveled: 5014.131071550004
StatOverallDistanceEstimated: 4948
StatOverallAssignedTasks: 204
StatMaxMemoryUsed: 96,55078125
StatRealTimeUsed: 1.281356
StatAverageTurnoverTime: 435.85025888220156
StatMedianTurnoverTime: 306.60629869393756
StatLowerQuartileTurnoverTime: 139.20509379141285
StatUpperQuartileTurnoverTime: 594.2236147075716
StatAverageThroughputTime: 93.46915350188009
StatMedianThroughputTime: 24.44268398636484
StatLowerQuartileThroughputTime: 16.443145750507654
StatUpperQuartileThroughputTime: 89.55944444444481

Marked tag finished after 1 tries!
.Fin. - SUCCESS
<<< Welcome to the RAWSimO CLI >>>
The time is: 06/11/2024 19:59:33
Starting RAWSimO wrapper with the following arguments:
Instance: ..\..\..\..\Material\Instances\0.Weighted30min Demand separate\Df\Weighted2.xinst
Setting: ..\..\..\..\Material\Instances\0.Weighted30min Demand separate\Df\Weighted2.xsett
ControlConfig: ..\..\..\..\Material\Instances\0.Weighted30min Demand separate\Df\Weighted2.xconf
StatisticsDir: ..\..\..\..\Material\Instances\0.Weighted30min Demand separate\Df
Seed: 1
Additionally the following tag was passed: [[1, 0.1602857142857143, 0.068]]
Adding handler for unhandled exceptions ...
Initializing ... 
Instance recognized!
Parsing setting config ...
Parsing control config ...
Parsing instance ...
StatisticsFolder: Weighted2-Df_[[1, 0.1602857142857143, 0.068]]_1.csv-1
Done!
