Executing ... 
 09:24:56 | >>> Warming up ...
 00:00:00 | >>> Warmup finished - starting simulation ...
 Realtime |   ETA    |  Sim.Time  | Progress | #Orders | #Bundles | Inv. | Distance | #Coll. |   Memory    
 00:00:00 |   n/a    | 0.00:00:00 |  0.00%   |    0    |    0     | 60%  |    0     |   0    |  87.61MB  
 00:00:00 | Cannot generate further orders - suspending generation for now
 00:00:00 | Cannot generate further orders - suspending generation for now
 00:00:00 | Cannot generate further orders - suspending generation for now
 00:00:00 | Cannot generate further orders - suspending generation for now
 00:00:01 | Cannot generate further orders - suspending generation for now
 00:00:01 | Cannot generate further orders - suspending generation for now
 00:00:01 | Cannot generate further orders - suspending generation for now
 00:00:01 | Cannot generate further orders - suspending generation for now
 00:00:01 | Cannot generate further orders - suspending generation for now
 00:00:01 | 00:00:00 | 0.00:30:00 | 100.00%  |   482   |    0     | 15%  |   4862   |   0    |  83.18MB  
 00:00:01 | >>> Simulation finished - writing results ...
 00:00:01 | >>> Results written
Simulation finished.
>>> Timings
StatTimingPathPlanningAverage: 0.00011440436363636373
StatTimingPathPlanningOverall: 0.09438360000000008
StatTimingPathPlanningCount: 825
StatTimingTaskAllocationAverage: 0.0019544875598086118
StatTimingTaskAllocationOverall: 0.4084878999999999
StatTimingTaskAllocationCount: 209
StatTimingItemStorageAverage: 1.0469696969696972E-06
StatTimingItemStorageOverall: 0.0007601000000000002
StatTimingItemStorageCount: 726
StatTimingPodStorageAverage: 0.0016565683168316815
StatTimingPodStorageOverall: 0.16731339999999983
StatTimingPodStorageCount: 101
StatTimingReplenishmentBatchingAverage: 7.95E-06
StatTimingReplenishmentBatchingOverall: 1.59E-05
StatTimingReplenishmentBatchingCount: 2
StatTimingOrderBatchingAverage: 9.987069408740362E-05
StatTimingOrderBatchingOverall: 0.07769940000000002
StatTimingOrderBatchingCount: 778
>>> Overall
StatOverallBundlesPlaced: 0
StatOverallItemsOrdered: 667
StatOverallOrdersPlaced: 414
StatOverallBundlesRejected: 0
StatOverallOrdersRejected: 0
StatOverallBundlesHandled: 0
StatOverallItemsHandled: 755
StatOverallLinesHandled: 716
StatOverallOrdersHandled: 482
StatOverallCollisions: 0
StatOverallDistanceTraveled: 4862.389535735578
StatOverallDistanceEstimated: 4750
StatOverallAssignedTasks: 209
StatMaxMemoryUsed: 87,9453125
StatRealTimeUsed: 1.1395624
StatAverageTurnoverTime: 443.0655690107978
StatMedianTurnoverTime: 262.175375165651
StatLowerQuartileTurnoverTime: 128.98963202727236
StatUpperQuartileTurnoverTime: 656.6764646979975
StatAverageThroughputTime: 95.68800741594204
StatMedianThroughputTime: 24.486298693936703
StatLowerQuartileThroughputTime: 16.13333333333327
StatUpperQuartileThroughputTime: 84.61009379141387

Marked tag finished after 1 tries!
.Fin. - SUCCESS
<<< Welcome to the RAWSimO CLI >>>
The time is: 06/13/2024 09:24:57
Starting RAWSimO wrapper with the following arguments:
Instance: ..\..\..\..\Material\Instances\0.Weighted30min Demand separate\Da\Weighted2.xinst
Setting: ..\..\..\..\Material\Instances\0.Weighted30min Demand separate\Da\Weighted2.xsett
ControlConfig: ..\..\..\..\Material\Instances\0.Weighted30min Demand separate\Da\Weighted2.xconf
StatisticsDir: ..\..\..\..\Material\Instances\0.Weighted30min Demand separate\Da
Seed: 1
Additionally the following tag was passed: 1, 10.0, 0.052, 0.098, 0.81, 0.319
Adding handler for unhandled exceptions ...
Initializing ... 
Instance recognized!
Parsing setting config ...
Parsing control config ...
Parsing instance ...
StatisticsFolder: Weighted2-Da_[[1, 10.0, 0.052]]_2_[0.098, 0.81, 0.319].csv-1
Done!
