Executing ... 
 09:58:52 | >>> Warming up ...
 00:00:00 | >>> Warmup finished - starting simulation ...
 Realtime |   ETA    |  Sim.Time  | Progress | #Orders | #Bundles | Inv. | Distance | #Coll. |   Memory    
 00:00:00 |   n/a    | 0.00:00:00 |  0.00%   |    0    |    0     | 60%  |    0     |   0    | 109.55MB  
 00:00:00 | Cannot generate further orders - suspending generation for now
 00:00:00 | Cannot generate further orders - suspending generation for now
 00:00:00 | Cannot generate further orders - suspending generation for now
 00:00:00 | Cannot generate further orders - suspending generation for now
 00:00:00 | Cannot generate further orders - suspending generation for now
 00:00:00 | Cannot generate further orders - suspending generation for now
 00:00:00 | Cannot generate further orders - suspending generation for now
 00:00:01 | Cannot generate further orders - suspending generation for now
 00:00:01 | Cannot generate further orders - suspending generation for now
 00:00:01 | Cannot generate further orders - suspending generation for now
 00:00:01 | Cannot generate further orders - suspending generation for now
 00:00:01 | 00:00:00 | 0.00:30:00 | 100.00%  |   510   |    0     | 11%  |   4949   |   0    | 104.60MB  
 00:00:01 | >>> Simulation finished - writing results ...
 00:00:01 | >>> Results written
Simulation finished.
>>> Timings
StatTimingPathPlanningAverage: 8.700012578616348E-05
StatTimingPathPlanningOverall: 0.06916509999999997
StatTimingPathPlanningCount: 795
StatTimingTaskAllocationAverage: 0.002245260591133004
StatTimingTaskAllocationOverall: 0.45578789999999975
StatTimingTaskAllocationCount: 203
StatTimingItemStorageAverage: 8.98975672215111E-07
StatTimingItemStorageOverall: 0.0007021000000000017
StatTimingItemStorageCount: 781
StatTimingPodStorageAverage: 0.0020106886597938147
StatTimingPodStorageOverall: 0.19503680000000004
StatTimingPodStorageCount: 97
StatTimingReplenishmentBatchingAverage: 9.2E-06
StatTimingReplenishmentBatchingOverall: 1.84E-05
StatTimingReplenishmentBatchingCount: 2
StatTimingOrderBatchingAverage: 9.873705128205132E-05
StatTimingOrderBatchingOverall: 0.07701490000000003
StatTimingOrderBatchingCount: 780
>>> Overall
StatOverallBundlesPlaced: 0
StatOverallItemsOrdered: 655
StatOverallOrdersPlaced: 410
StatOverallBundlesRejected: 0
StatOverallOrdersRejected: 0
StatOverallBundlesHandled: 0
StatOverallItemsHandled: 810
StatOverallLinesHandled: 768
StatOverallOrdersHandled: 510
StatOverallCollisions: 0
StatOverallDistanceTraveled: 4949.143254443912
StatOverallDistanceEstimated: 4860
StatOverallAssignedTasks: 203
StatMaxMemoryUsed: 109,55078125
StatRealTimeUsed: 1.0910462
StatAverageTurnoverTime: 470.508838941978
StatMedianTurnoverTime: 295.57046176414286
StatLowerQuartileTurnoverTime: 130.3991702631282
StatUpperQuartileTurnoverTime: 720.4830591520171
StatAverageThroughputTime: 88.35814977341624
StatMedianThroughputTime: 30.935642154046718
StatLowerQuartileThroughputTime: 20.210000000000036
StatUpperQuartileThroughputTime: 81.91287156919111

Marked tag finished after 1 tries!
.Fin. - SUCCESS
<<< Welcome to the RAWSimO CLI >>>
The time is: 06/13/2024 09:58:54
Starting RAWSimO wrapper with the following arguments:
Instance: ..\..\..\..\Material\Instances\0.Weighted30min Demand separate\Dd\Weighted2.xinst
Setting: ..\..\..\..\Material\Instances\0.Weighted30min Demand separate\Dd\Weighted2.xsett
ControlConfig: ..\..\..\..\Material\Instances\0.Weighted30min Demand separate\Dd\Weighted2.xconf
StatisticsDir: ..\..\..\..\Material\Instances\0.Weighted30min Demand separate\Dd
Seed: 1
Additionally the following tag was passed: 1, 0.79, 0.3766666666666667, 0.198, 0.333, 0.525
Adding handler for unhandled exceptions ...
Initializing ... 
Instance recognized!
Parsing setting config ...
Parsing control config ...
Parsing instance ...
StatisticsFolder: Weighted2-Dd_[[1, 0.79, 0.3766666666666667]]_2_[0.198, 0.333, 0.525].csv-1
Done!
