Executing ... 
 16:21:09 | >>> Warming up ...
 00:00:00 | >>> Warmup finished - starting simulation ...
 Realtime |   ETA    |  Sim.Time  | Progress | #Orders | #Bundles | Inv. | Distance | #Coll. |   Memory    
 00:00:00 |   n/a    | 0.00:00:00 |  0.00%   |    0    |    0     | 60%  |    0     |   0    |  90.54MB  
 00:00:00 | Cannot generate further orders - suspending generation for now
 00:00:00 | Cannot generate further orders - suspending generation for now
 00:00:01 | Cannot generate further orders - suspending generation for now
 00:00:01 | Cannot generate further orders - suspending generation for now
 00:00:01 | Cannot generate further orders - suspending generation for now
 00:00:01 | Cannot generate further orders - suspending generation for now
 00:00:01 | Cannot generate further orders - suspending generation for now
 00:00:01 | Cannot generate further orders - suspending generation for now
 00:00:01 | Cannot generate further orders - suspending generation for now
 00:00:01 | 00:00:00 | 0.00:30:00 | 100.00%  |   508   |    0     | 14%  |   5037   |   0    |  87.73MB  
 00:00:01 | >>> Simulation finished - writing results ...
 00:00:01 | >>> Results written
Simulation finished.
>>> Timings
StatTimingPathPlanningAverage: 0.00012830561403508772
StatTimingPathPlanningOverall: 0.1097013
StatTimingPathPlanningCount: 855
StatTimingTaskAllocationAverage: 0.0022304805
StatTimingTaskAllocationOverall: 0.44609610000000005
StatTimingTaskAllocationCount: 200
StatTimingItemStorageAverage: 1.2053691275167802E-06
StatTimingItemStorageOverall: 0.0008980000000000012
StatTimingItemStorageCount: 745
StatTimingPodStorageAverage: 0.002046836458333334
StatTimingPodStorageOverall: 0.19649630000000007
StatTimingPodStorageCount: 96
StatTimingReplenishmentBatchingAverage: 8E-06
StatTimingReplenishmentBatchingOverall: 1.6E-05
StatTimingReplenishmentBatchingCount: 2
StatTimingOrderBatchingAverage: 0.00011748112058465284
StatTimingOrderBatchingOverall: 0.09645199999999998
StatTimingOrderBatchingCount: 821
>>> Overall
StatOverallBundlesPlaced: 0
StatOverallItemsOrdered: 667
StatOverallOrdersPlaced: 431
StatOverallBundlesRejected: 0
StatOverallOrdersRejected: 0
StatOverallBundlesHandled: 0
StatOverallItemsHandled: 769
StatOverallLinesHandled: 729
StatOverallOrdersHandled: 508
StatOverallCollisions: 0
StatOverallDistanceTraveled: 5036.740371845292
StatOverallDistanceEstimated: 4839
StatOverallAssignedTasks: 200
StatMaxMemoryUsed: 90,5390625
StatRealTimeUsed: 1.1787664
StatAverageTurnoverTime: 443.01433437716065
StatMedianTurnoverTime: 310.4531529434292
StatLowerQuartileTurnoverTime: 136.47176045808078
StatUpperQuartileTurnoverTime: 621.1345526217002
StatAverageThroughputTime: 96.7949157543018
StatMedianThroughputTime: 22.71388888888896
StatLowerQuartileThroughputTime: 14.775555555555911
StatUpperQuartileThroughputTime: 88.30657287525537

Marked tag finished after 1 tries!
.Fin. - SUCCESS
<<< Welcome to the RAWSimO CLI >>>
The time is: 06/21/2024 16:21:11
Starting RAWSimO wrapper with the following arguments:
Instance: ..\..\..\..\Material\Instances\01.Weighted30min Demand Gall\Dr\Weighted2.xinst
Setting: ..\..\..\..\Material\Instances\01.Weighted30min Demand Gall\Dr\Weighted2.xsett
ControlConfig: ..\..\..\..\Material\Instances\01.Weighted30min Demand Gall\Dr\Weighted2.xconf
StatisticsDir: ..\..\..\..\Material\Instances\01.Weighted30min Demand Gall\Dr
Seed: 3
Additionally the following tag was passed: 1, 0.4642857142857143, 1.0, 0.159, 0.343, 1.0
Adding handler for unhandled exceptions ...
Initializing ... 
Instance recognized!
Parsing setting config ...
Parsing control config ...
Parsing instance ...
StatisticsFolder: Weighted2-Dr_[[1, 0.4642857142857143, 1.0]]_3_[0.159, 0.343, 1.0].csv-3
Done!
