Executing ... 
 09:52:54 | >>> Warming up ...
 00:00:00 | >>> Warmup finished - starting simulation ...
 Realtime |   ETA    |  Sim.Time  | Progress | #Orders | #Bundles | Inv. | Distance | #Coll. |   Memory    
 00:00:00 |   n/a    | 0.00:00:00 |  0.00%   |    0    |    0     | 60%  |    0     |   0    |  95.89MB  
 00:00:00 | Cannot generate further orders - suspending generation for now
 00:00:00 | Cannot generate further orders - suspending generation for now
 00:00:00 | Cannot generate further orders - suspending generation for now
 00:00:00 | Cannot generate further orders - suspending generation for now
 00:00:00 | Cannot generate further orders - suspending generation for now
 00:00:00 | Cannot generate further orders - suspending generation for now
 00:00:00 | Cannot generate further orders - suspending generation for now
 00:00:00 | Cannot generate further orders - suspending generation for now
 00:00:00 | Cannot generate further orders - suspending generation for now
 00:00:00 | Cannot generate further orders - suspending generation for now
 00:00:00 | Cannot generate further orders - suspending generation for now
 00:00:00 | Cannot generate further orders - suspending generation for now
 00:00:00 | 00:00:00 | 0.00:30:00 | 100.00%  |   489   |    0     | 14%  |   5005   |   0    |  91.18MB  
 00:00:00 | >>> Simulation finished - writing results ...
 00:00:01 | >>> Results written
Simulation finished.
>>> Timings
StatTimingPathPlanningAverage: 8.818612500000006E-05
StatTimingPathPlanningOverall: 0.07054890000000004
StatTimingPathPlanningCount: 800
StatTimingTaskAllocationAverage: 0.0017224805687203802
StatTimingTaskAllocationOverall: 0.36344340000000025
StatTimingTaskAllocationCount: 211
StatTimingItemStorageAverage: 9.34552845528458E-07
StatTimingItemStorageOverall: 0.000689700000000002
StatTimingItemStorageCount: 738
StatTimingPodStorageAverage: 0.0016732316831683176
StatTimingPodStorageOverall: 0.16899640000000007
StatTimingPodStorageCount: 101
StatTimingReplenishmentBatchingAverage: 7.05E-06
StatTimingReplenishmentBatchingOverall: 1.41E-05
StatTimingReplenishmentBatchingCount: 2
StatTimingOrderBatchingAverage: 9.052985842985847E-05
StatTimingOrderBatchingOverall: 0.07034170000000003
StatTimingOrderBatchingCount: 777
>>> Overall
StatOverallBundlesPlaced: 0
StatOverallItemsOrdered: 648
StatOverallOrdersPlaced: 407
StatOverallBundlesRejected: 0
StatOverallOrdersRejected: 0
StatOverallBundlesHandled: 0
StatOverallItemsHandled: 759
StatOverallLinesHandled: 717
StatOverallOrdersHandled: 489
StatOverallCollisions: 0
StatOverallDistanceTraveled: 5005.236308782761
StatOverallDistanceEstimated: 4815
StatOverallAssignedTasks: 211
StatMaxMemoryUsed: 96,3125
StatRealTimeUsed: 0.9929375
StatAverageTurnoverTime: 448.1231016303615
StatMedianTurnoverTime: 250.5977777777778
StatLowerQuartileTurnoverTime: 105.12685424949336
StatUpperQuartileTurnoverTime: 668.5065872610966
StatAverageThroughputTime: 95.04717105161103
StatMedianThroughputTime: 24.63388888888892
StatLowerQuartileThroughputTime: 12.88720783637109
StatUpperQuartileThroughputTime: 87.30380229039747

Marked tag finished after 1 tries!
.Fin. - SUCCESS
<<< Welcome to the RAWSimO CLI >>>
The time is: 06/13/2024 09:52:55
Starting RAWSimO wrapper with the following arguments:
Instance: ..\..\..\..\Material\Instances\0.Weighted30min Demand separate\Dc\Weighted2.xinst
Setting: ..\..\..\..\Material\Instances\0.Weighted30min Demand separate\Dc\Weighted2.xsett
ControlConfig: ..\..\..\..\Material\Instances\0.Weighted30min Demand separate\Dc\Weighted2.xconf
StatisticsDir: ..\..\..\..\Material\Instances\0.Weighted30min Demand separate\Dc
Seed: 1
Additionally the following tag was passed: 1, 6.087, 0.27199999999999996, 0.146, 0.143, 0.538
Adding handler for unhandled exceptions ...
Initializing ... 
Instance recognized!
Parsing setting config ...
Parsing control config ...
Parsing instance ...
StatisticsFolder: Weighted2-Dc_[[1, 6.087, 0.27199999999999996]]_1_[0.146, 0.143, 0.538].csv-1
Done!
