Executing ... 
 19:11:54 | >>> Warming up ...
 00:00:00 | >>> Warmup finished - starting simulation ...
 Realtime |   ETA    |  Sim.Time  | Progress | #Orders | #Bundles | Inv. | Distance | #Coll. |   Memory    
 00:00:00 |   n/a    | 0.00:00:00 |  0.00%   |    0    |    0     | 60%  |    0     |   0    |  93.51MB  
 00:00:00 | Cannot generate further orders - suspending generation for now
 00:00:00 | Cannot generate further orders - suspending generation for now
 00:00:01 | Cannot generate further orders - suspending generation for now
 00:00:01 | Cannot generate further orders - suspending generation for now
 00:00:01 | Cannot generate further orders - suspending generation for now
 00:00:01 | Cannot generate further orders - suspending generation for now
 00:00:01 | Cannot generate further orders - suspending generation for now
 00:00:01 | Cannot generate further orders - suspending generation for now
 00:00:01 | Cannot generate further orders - suspending generation for now
 00:00:01 | 00:00:00 | 0.00:30:00 | 100.00%  |   456   |    0     | 19%  |   5332   |   0    |  95.98MB  
 00:00:01 | >>> Simulation finished - writing results ...
 00:00:01 | >>> Results written
Simulation finished.
>>> Timings
StatTimingPathPlanningAverage: 9.940122630992197E-05
StatTimingPathPlanningOverall: 0.0891629
StatTimingPathPlanningCount: 897
StatTimingTaskAllocationAverage: 0.0019285340707964605
StatTimingTaskAllocationOverall: 0.4358487000000001
StatTimingTaskAllocationCount: 226
StatTimingItemStorageAverage: 1.1605029585798833E-06
StatTimingItemStorageOverall: 0.0007845000000000011
StatTimingItemStorageCount: 676
StatTimingPodStorageAverage: 0.0016326440366972478
StatTimingPodStorageOverall: 0.1779582
StatTimingPodStorageCount: 109
StatTimingReplenishmentBatchingAverage: 8E-06
StatTimingReplenishmentBatchingOverall: 1.6E-05
StatTimingReplenishmentBatchingCount: 2
StatTimingOrderBatchingAverage: 0.00011618061497326188
StatTimingOrderBatchingOverall: 0.08690309999999989
StatTimingOrderBatchingCount: 748
>>> Overall
StatOverallBundlesPlaced: 0
StatOverallItemsOrdered: 632
StatOverallOrdersPlaced: 411
StatOverallBundlesRejected: 0
StatOverallOrdersRejected: 0
StatOverallBundlesHandled: 0
StatOverallItemsHandled: 683
StatOverallLinesHandled: 644
StatOverallOrdersHandled: 456
StatOverallCollisions: 0
StatOverallDistanceTraveled: 5331.895119108309
StatOverallDistanceEstimated: 5178
StatOverallAssignedTasks: 226
StatMaxMemoryUsed: 100,41796875
StatRealTimeUsed: 1.1844755
StatAverageTurnoverTime: 469.85771111576526
StatMedianTurnoverTime: 326.92499999999995
StatLowerQuartileTurnoverTime: 141.62176045807968
StatUpperQuartileTurnoverTime: 706.176392485351
StatAverageThroughputTime: 87.22276225567198
StatMedianThroughputTime: 20.396111111110713
StatLowerQuartileThroughputTime: 12.747871569190579
StatUpperQuartileThroughputTime: 73.72268398636498

Marked tag finished after 1 tries!
.Fin. - SUCCESS
<<< Welcome to the RAWSimO CLI >>>
The time is: 06/12/2024 19:11:55
Starting RAWSimO wrapper with the following arguments:
Instance: ..\..\..\..\Material\Instances\0.Weighted30min Demand separate\Da\Weighted2.xinst
Setting: ..\..\..\..\Material\Instances\0.Weighted30min Demand separate\Da\Weighted2.xsett
ControlConfig: ..\..\..\..\Material\Instances\0.Weighted30min Demand separate\Da\Weighted2.xconf
StatisticsDir: ..\..\..\..\Material\Instances\0.Weighted30min Demand separate\Da
Seed: 1
Additionally the following tag was passed: [[1, 7.513, 0.5455]]
Adding handler for unhandled exceptions ...
Initializing ... 
Instance recognized!
Parsing setting config ...
Parsing control config ...
Parsing instance ...
StatisticsFolder: Weighted2-Da_[[1, 7.513, 0.5455]]_2.csv-1
Done!
