Executing ... 
 09:45:29 | >>> Warming up ...
 00:00:00 | >>> Warmup finished - starting simulation ...
 Realtime |   ETA    |  Sim.Time  | Progress | #Orders | #Bundles | Inv. | Distance | #Coll. |   Memory    
 00:00:00 |   n/a    | 0.00:00:00 |  0.00%   |    0    |    0     | 60%  |    0     |   0    | 109.42MB  
 00:00:01 | Cannot generate further orders - suspending generation for now
 00:00:01 | Cannot generate further orders - suspending generation for now
 00:00:01 | Cannot generate further orders - suspending generation for now
 00:00:01 | Cannot generate further orders - suspending generation for now
 00:00:01 | Cannot generate further orders - suspending generation for now
 00:00:01 | Cannot generate further orders - suspending generation for now
 00:00:01 | Cannot generate further orders - suspending generation for now
 00:00:01 | 00:00:00 | 0.00:30:00 | 100.00%  |   474   |    0     | 17%  |   5167   |   0    | 106.31MB  
 00:00:01 | >>> Simulation finished - writing results ...
 00:00:01 | >>> Results written
Simulation finished.
>>> Timings
StatTimingPathPlanningAverage: 0.00011121790865384627
StatTimingPathPlanningOverall: 0.0925333000000001
StatTimingPathPlanningCount: 832
StatTimingTaskAllocationAverage: 0.002228082949308755
StatTimingTaskAllocationOverall: 0.4834939999999998
StatTimingTaskAllocationCount: 217
StatTimingItemStorageAverage: 1.3244219653179153E-06
StatTimingItemStorageOverall: 0.0009164999999999974
StatTimingItemStorageCount: 692
StatTimingPodStorageAverage: 0.001953512499999999
StatTimingPodStorageOverall: 0.2031652999999999
StatTimingPodStorageCount: 104
StatTimingReplenishmentBatchingAverage: 1.45E-05
StatTimingReplenishmentBatchingOverall: 2.9E-05
StatTimingReplenishmentBatchingCount: 2
StatTimingOrderBatchingAverage: 0.00012917079530638844
StatTimingOrderBatchingOverall: 0.09907399999999994
StatTimingOrderBatchingCount: 767
>>> Overall
StatOverallBundlesPlaced: 0
StatOverallItemsOrdered: 649
StatOverallOrdersPlaced: 419
StatOverallBundlesRejected: 0
StatOverallOrdersRejected: 0
StatOverallBundlesHandled: 0
StatOverallItemsHandled: 712
StatOverallLinesHandled: 674
StatOverallOrdersHandled: 474
StatOverallCollisions: 0
StatOverallDistanceTraveled: 5166.998689028973
StatOverallDistanceEstimated: 5028
StatOverallAssignedTasks: 217
StatMaxMemoryUsed: 109,67578125
StatRealTimeUsed: 1.2794583
StatAverageTurnoverTime: 493.49836402968623
StatMedianTurnoverTime: 351.3036434792616
StatLowerQuartileTurnoverTime: 168.08010098433408
StatUpperQuartileTurnoverTime: 709.6993794247174
StatAverageThroughputTime: 98.00668286362954
StatMedianThroughputTime: 20.971111111110986
StatLowerQuartileThroughputTime: 12.87833333333333
StatUpperQuartileThroughputTime: 81.97101731969795

Marked tag finished after 1 tries!
.Fin. - SUCCESS
<<< Welcome to the RAWSimO CLI >>>
The time is: 06/13/2024 09:45:30
Starting RAWSimO wrapper with the following arguments:
Instance: ..\..\..\..\Material\Instances\0.Weighted30min Demand separate\Db\Weighted2.xinst
Setting: ..\..\..\..\Material\Instances\0.Weighted30min Demand separate\Db\Weighted2.xsett
ControlConfig: ..\..\..\..\Material\Instances\0.Weighted30min Demand separate\Db\Weighted2.xconf
StatisticsDir: ..\..\..\..\Material\Instances\0.Weighted30min Demand separate\Db
Seed: 3
Additionally the following tag was passed: 1, 0.8006, 0.549, 0.209, 0.26, 0.383
Adding handler for unhandled exceptions ...
Initializing ... 
Instance recognized!
Parsing setting config ...
Parsing control config ...
Parsing instance ...
StatisticsFolder: Weighted2-Db_[[1, 0.8006, 0.549]]_2_[0.209, 0.26, 0.383].csv-3
Done!
