Executing ... 
 09:48:19 | >>> Warming up ...
 00:00:00 | >>> Warmup finished - starting simulation ...
 Realtime |   ETA    |  Sim.Time  | Progress | #Orders | #Bundles | Inv. | Distance | #Coll. |   Memory    
 00:00:00 |   n/a    | 0.00:00:00 |  0.00%   |    0    |    0     | 60%  |    0     |   0    | 141.04MB  
 00:00:00 | Cannot generate further orders - suspending generation for now
 00:00:00 | Cannot generate further orders - suspending generation for now
 00:00:01 | Cannot generate further orders - suspending generation for now
 00:00:01 | Cannot generate further orders - suspending generation for now
 00:00:01 | Cannot generate further orders - suspending generation for now
 00:00:01 | Cannot generate further orders - suspending generation for now
 00:00:01 | Cannot generate further orders - suspending generation for now
 00:00:01 | Cannot generate further orders - suspending generation for now
 00:00:01 | Cannot generate further orders - suspending generation for now
 00:00:01 | Cannot generate further orders - suspending generation for now
 00:00:01 | Cannot generate further orders - suspending generation for now
 00:00:01 | 00:00:00 | 0.00:30:00 | 100.00%  |   496   |    0     | 14%  |   5081   |   0    |  70.79MB  
 00:00:01 | >>> Simulation finished - writing results ...
 00:00:01 | >>> Results written
Simulation finished.
>>> Timings
StatTimingPathPlanningAverage: 0.00011560604982206399
StatTimingPathPlanningOverall: 0.09745589999999994
StatTimingPathPlanningCount: 843
StatTimingTaskAllocationAverage: 0.002325467289719629
StatTimingTaskAllocationOverall: 0.49765000000000054
StatTimingTaskAllocationCount: 214
StatTimingItemStorageAverage: 1.3578313253012055E-06
StatTimingItemStorageOverall: 0.0010143000000000005
StatTimingItemStorageCount: 747
StatTimingPodStorageAverage: 0.0018257333333333344
StatTimingPodStorageOverall: 0.1862248000000001
StatTimingPodStorageCount: 102
StatTimingReplenishmentBatchingAverage: 1.34E-05
StatTimingReplenishmentBatchingOverall: 2.68E-05
StatTimingReplenishmentBatchingCount: 2
StatTimingOrderBatchingAverage: 0.00011701251564455574
StatTimingOrderBatchingOverall: 0.09349300000000003
StatTimingOrderBatchingCount: 799
>>> Overall
StatOverallBundlesPlaced: 0
StatOverallItemsOrdered: 667
StatOverallOrdersPlaced: 416
StatOverallBundlesRejected: 0
StatOverallOrdersRejected: 0
StatOverallBundlesHandled: 0
StatOverallItemsHandled: 772
StatOverallLinesHandled: 732
StatOverallOrdersHandled: 496
StatOverallCollisions: 0
StatOverallDistanceTraveled: 5080.611275945867
StatOverallDistanceEstimated: 4974
StatOverallAssignedTasks: 214
StatMaxMemoryUsed: 141,04296875
StatRealTimeUsed: 1.2811723
StatAverageTurnoverTime: 440.0486412782519
StatMedianTurnoverTime: 280.42564934696765
StatLowerQuartileTurnoverTime: 118.14852091615859
StatUpperQuartileTurnoverTime: 605.2771284308092
StatAverageThroughputTime: 91.73257572810462
StatMedianThroughputTime: 24.287597387873348
StatLowerQuartileThroughputTime: 14.6276839863649
StatUpperQuartileThroughputTime: 78.93379509747638

Marked tag finished after 1 tries!
.Fin. - SUCCESS
<<< Welcome to the RAWSimO CLI >>>
The time is: 06/13/2024 09:48:20
Starting RAWSimO wrapper with the following arguments:
Instance: ..\..\..\..\Material\Instances\0.Weighted30min Demand separate\Dc\Weighted2.xinst
Setting: ..\..\..\..\Material\Instances\0.Weighted30min Demand separate\Dc\Weighted2.xsett
ControlConfig: ..\..\..\..\Material\Instances\0.Weighted30min Demand separate\Dc\Weighted2.xconf
StatisticsDir: ..\..\..\..\Material\Instances\0.Weighted30min Demand separate\Dc
Seed: 1
Additionally the following tag was passed: 1, 0.058, 0.27199999999999996, 0.107, 1.0, 0.4
Adding handler for unhandled exceptions ...
Initializing ... 
Instance recognized!
Parsing setting config ...
Parsing control config ...
Parsing instance ...
StatisticsFolder: Weighted2-Dc_[[1, 0.058, 0.27199999999999996]]_3_[0.107, 1.0, 0.4].csv-1
Done!
