Executing ... 
 09:40:37 | >>> Warming up ...
 00:00:00 | >>> Warmup finished - starting simulation ...
 Realtime |   ETA    |  Sim.Time  | Progress | #Orders | #Bundles | Inv. | Distance | #Coll. |   Memory    
 00:00:00 |   n/a    | 0.00:00:00 |  0.00%   |    0    |    0     | 60%  |    0     |   0    |  94.27MB  
 00:00:00 | Cannot generate further orders - suspending generation for now
 00:00:00 | Cannot generate further orders - suspending generation for now
 00:00:00 | Cannot generate further orders - suspending generation for now
 00:00:00 | Cannot generate further orders - suspending generation for now
 00:00:00 | Cannot generate further orders - suspending generation for now
 00:00:01 | Cannot generate further orders - suspending generation for now
 00:00:01 | Cannot generate further orders - suspending generation for now
 00:00:01 | Cannot generate further orders - suspending generation for now
 00:00:01 | Cannot generate further orders - suspending generation for now
 00:00:01 | 00:00:00 | 0.00:30:00 | 100.00%  |   484   |    0     | 16%  |   5281   |   0    |  97.15MB  
 00:00:01 | >>> Simulation finished - writing results ...
 00:00:01 | >>> Results written
Simulation finished.
>>> Timings
StatTimingPathPlanningAverage: 9.797784290738571E-05
StatTimingPathPlanningOverall: 0.08357510000000001
StatTimingPathPlanningCount: 853
StatTimingTaskAllocationAverage: 0.001926185046728971
StatTimingTaskAllocationOverall: 0.4122035999999998
StatTimingTaskAllocationCount: 214
StatTimingItemStorageAverage: 9.309192200557129E-07
StatTimingItemStorageOverall: 0.0006684000000000018
StatTimingItemStorageCount: 718
StatTimingPodStorageAverage: 0.001866025490196079
StatTimingPodStorageOverall: 0.19033460000000005
StatTimingPodStorageCount: 102
StatTimingReplenishmentBatchingAverage: 9.9E-06
StatTimingReplenishmentBatchingOverall: 1.98E-05
StatTimingReplenishmentBatchingCount: 2
StatTimingOrderBatchingAverage: 0.00010030901126408009
StatTimingOrderBatchingOverall: 0.0801469
StatTimingOrderBatchingCount: 799
>>> Overall
StatOverallBundlesPlaced: 0
StatOverallItemsOrdered: 667
StatOverallOrdersPlaced: 415
StatOverallBundlesRejected: 0
StatOverallOrdersRejected: 0
StatOverallBundlesHandled: 0
StatOverallItemsHandled: 738
StatOverallLinesHandled: 700
StatOverallOrdersHandled: 484
StatOverallCollisions: 0
StatOverallDistanceTraveled: 5281.177023566527
StatOverallDistanceEstimated: 5180
StatOverallAssignedTasks: 214
StatMaxMemoryUsed: 100,31640625
StatRealTimeUsed: 1.1000983
StatAverageTurnoverTime: 452.68814331675304
StatMedianTurnoverTime: 316.0382467348429
StatLowerQuartileTurnoverTime: 137.81942286568915
StatUpperQuartileTurnoverTime: 657.1322294151439
StatAverageThroughputTime: 86.22969062234066
StatMedianThroughputTime: 23.85222222222214
StatLowerQuartileThroughputTime: 16.38000000000011
StatUpperQuartileThroughputTime: 77.6162049025254

Marked tag finished after 1 tries!
.Fin. - SUCCESS
<<< Welcome to the RAWSimO CLI >>>
The time is: 06/13/2024 09:40:38
Starting RAWSimO wrapper with the following arguments:
Instance: ..\..\..\..\Material\Instances\0.Weighted30min Demand separate\Da\Weighted2.xinst
Setting: ..\..\..\..\Material\Instances\0.Weighted30min Demand separate\Da\Weighted2.xsett
ControlConfig: ..\..\..\..\Material\Instances\0.Weighted30min Demand separate\Da\Weighted2.xconf
StatisticsDir: ..\..\..\..\Material\Instances\0.Weighted30min Demand separate\Da
Seed: 1
Additionally the following tag was passed: 1, 6.0207999999999995, 1.039, 0.259, 0.1, 0.25
Adding handler for unhandled exceptions ...
Initializing ... 
Instance recognized!
Parsing setting config ...
Parsing control config ...
Parsing instance ...
StatisticsFolder: Weighted2-Da_[[1, 6.0207999999999995, 1.039]]_1_[0.259, 0.1, 0.25].csv-1
Done!
