Executing ... 
 20:00:17 | >>> Warming up ...
 00:00:00 | >>> Warmup finished - starting simulation ...
 Realtime |   ETA    |  Sim.Time  | Progress | #Orders | #Bundles | Inv. | Distance | #Coll. |   Memory    
 00:00:00 |   n/a    | 0.00:00:00 |  0.00%   |    0    |    0     | 60%  |    0     |   0    |  77.78MB  
 00:00:01 | Cannot generate further orders - suspending generation for now
 00:00:01 | Cannot generate further orders - suspending generation for now
 00:00:01 | Cannot generate further orders - suspending generation for now
 00:00:01 | Cannot generate further orders - suspending generation for now
 00:00:01 | Cannot generate further orders - suspending generation for now
 00:00:01 | Cannot generate further orders - suspending generation for now
 00:00:01 | Cannot generate further orders - suspending generation for now
 00:00:01 | Cannot generate further orders - suspending generation for now
 00:00:01 | Cannot generate further orders - suspending generation for now
 00:00:01 | Cannot generate further orders - suspending generation for now
 00:00:01 | 00:00:00 | 0.00:30:00 | 100.00%  |   506   |    0     | 13%  |   4890   |   0    |  74.62MB  
 00:00:01 | >>> Simulation finished - writing results ...
 00:00:01 | >>> Results written
Simulation finished.
>>> Timings
StatTimingPathPlanningAverage: 0.0001588548549810844
StatTimingPathPlanningOverall: 0.12597189999999994
StatTimingPathPlanningCount: 793
StatTimingTaskAllocationAverage: 0.0026870145631067983
StatTimingTaskAllocationOverall: 0.5535250000000005
StatTimingTaskAllocationCount: 206
StatTimingItemStorageAverage: 1.5781793842034784E-06
StatTimingItemStorageOverall: 0.0011788999999999984
StatTimingItemStorageCount: 747
StatTimingPodStorageAverage: 0.002299752040816326
StatTimingPodStorageOverall: 0.22537569999999996
StatTimingPodStorageCount: 98
StatTimingReplenishmentBatchingAverage: 1.42E-05
StatTimingReplenishmentBatchingOverall: 2.84E-05
StatTimingReplenishmentBatchingCount: 2
StatTimingOrderBatchingAverage: 0.0001533189054726368
StatTimingOrderBatchingOverall: 0.12326839999999999
StatTimingOrderBatchingCount: 804
>>> Overall
StatOverallBundlesPlaced: 0
StatOverallItemsOrdered: 636
StatOverallOrdersPlaced: 412
StatOverallBundlesRejected: 0
StatOverallOrdersRejected: 0
StatOverallBundlesHandled: 0
StatOverallItemsHandled: 777
StatOverallLinesHandled: 737
StatOverallOrdersHandled: 506
StatOverallCollisions: 0
StatOverallDistanceTraveled: 4890.408192646203
StatOverallDistanceEstimated: 4737
StatOverallAssignedTasks: 206
StatMaxMemoryUsed: 78,671875
StatRealTimeUsed: 1.4942137
StatAverageTurnoverTime: 475.8641220738325
StatMedianTurnoverTime: 360.26421342066874
StatLowerQuartileTurnoverTime: 142.58111111111128
StatUpperQuartileTurnoverTime: 676.9439754873805
StatAverageThroughputTime: 94.38114670218818
StatMedianThroughputTime: 27.528888888888787
StatLowerQuartileThroughputTime: 16.26777777777781
StatUpperQuartileThroughputTime: 91.30787156919041

Marked tag finished after 1 tries!
.Fin. - SUCCESS
<<< Welcome to the RAWSimO CLI >>>
The time is: 06/11/2024 20:00:19
Starting RAWSimO wrapper with the following arguments:
Instance: ..\..\..\..\Material\Instances\0.Weighted30min Demand separate\Df\Weighted2.xinst
Setting: ..\..\..\..\Material\Instances\0.Weighted30min Demand separate\Df\Weighted2.xsett
ControlConfig: ..\..\..\..\Material\Instances\0.Weighted30min Demand separate\Df\Weighted2.xconf
StatisticsDir: ..\..\..\..\Material\Instances\0.Weighted30min Demand separate\Df
Seed: 3
Additionally the following tag was passed: [[1, 0.32571428571428573, 0.068]]
Adding handler for unhandled exceptions ...
Initializing ... 
Instance recognized!
Parsing setting config ...
Parsing control config ...
Parsing instance ...
StatisticsFolder: Weighted2-Df_[[1, 0.32571428571428573, 0.068]]_2.csv-3
Done!
