Executing ... 
 19:27:11 | >>> Warming up ...
 00:00:00 | >>> Warmup finished - starting simulation ...
 Realtime |   ETA    |  Sim.Time  | Progress | #Orders | #Bundles | Inv. | Distance | #Coll. |   Memory    
 00:00:00 |   n/a    | 0.00:00:00 |  0.00%   |    0    |    0     | 60%  |    0     |   0    | 142.72MB  
 00:00:00 | Cannot generate further orders - suspending generation for now
 00:00:00 | Cannot generate further orders - suspending generation for now
 00:00:00 | Cannot generate further orders - suspending generation for now
 00:00:00 | Cannot generate further orders - suspending generation for now
 00:00:00 | Cannot generate further orders - suspending generation for now
 00:00:00 | Cannot generate further orders - suspending generation for now
 00:00:00 | Cannot generate further orders - suspending generation for now
 00:00:00 | Cannot generate further orders - suspending generation for now
 00:00:00 | Cannot generate further orders - suspending generation for now
 00:00:00 | 00:00:00 | 0.00:30:00 | 100.00%  |   483   |    0     | 16%  |   5225   |   0    | 138.62MB  
 00:00:00 | >>> Simulation finished - writing results ...
 00:00:00 | >>> Results written
Simulation finished.
>>> Timings
StatTimingPathPlanningAverage: 7.674317912218255E-05
StatTimingPathPlanningOverall: 0.06469449999999989
StatTimingPathPlanningCount: 843
StatTimingTaskAllocationAverage: 0.0015373941176470593
StatTimingTaskAllocationOverall: 0.3397641000000001
StatTimingTaskAllocationCount: 221
StatTimingItemStorageAverage: 1.1220689655172373E-06
StatTimingItemStorageOverall: 0.0008134999999999971
StatTimingItemStorageCount: 725
StatTimingPodStorageAverage: 0.001388725471698113
StatTimingPodStorageOverall: 0.14720489999999997
StatTimingPodStorageCount: 106
StatTimingReplenishmentBatchingAverage: 6.95E-06
StatTimingReplenishmentBatchingOverall: 1.39E-05
StatTimingReplenishmentBatchingCount: 2
StatTimingOrderBatchingAverage: 8.14699757869248E-05
StatTimingOrderBatchingOverall: 0.06729419999999989
StatTimingOrderBatchingCount: 826
>>> Overall
StatOverallBundlesPlaced: 0
StatOverallItemsOrdered: 667
StatOverallOrdersPlaced: 422
StatOverallBundlesRejected: 0
StatOverallOrdersRejected: 0
StatOverallBundlesHandled: 0
StatOverallItemsHandled: 736
StatOverallLinesHandled: 687
StatOverallOrdersHandled: 483
StatOverallCollisions: 0
StatOverallDistanceTraveled: 5224.597688888881
StatOverallDistanceEstimated: 5091
StatOverallAssignedTasks: 221
StatMaxMemoryUsed: 142,2734375
StatRealTimeUsed: 0.8864969
StatAverageTurnoverTime: 442.5899449956546
StatMedianTurnoverTime: 314.8678715691903
StatLowerQuartileTurnoverTime: 124.80407647171444
StatUpperQuartileTurnoverTime: 601.9204617641428
StatAverageThroughputTime: 90.22997618851763
StatMedianThroughputTime: 21.023607514650166
StatLowerQuartileThroughputTime: 13.20453823585737
StatUpperQuartileThroughputTime: 72.90018758282758

Marked tag finished after 1 tries!
.Fin. - SUCCESS
<<< Welcome to the RAWSimO CLI >>>
The time is: 06/25/2024 19:27:12
Starting RAWSimO wrapper with the following arguments:
Instance: ..\..\..\..\Material\Instances\10.Weighted30min Demand Gall\Dr\Weighted2.xinst
Setting: ..\..\..\..\Material\Instances\10.Weighted30min Demand Gall\Dr\Weighted2.xsett
ControlConfig: ..\..\..\..\Material\Instances\10.Weighted30min Demand Gall\Dr\Weighted2.xconf
StatisticsDir: ..\..\..\..\Material\Instances\10.Weighted30min Demand Gall\Dr
Seed: 1
Additionally the following tag was passed: 1, 1.1663636363636365, 1.0, 0.207, 0.176, 1.0
Adding handler for unhandled exceptions ...
Initializing ... 
Instance recognized!
Parsing setting config ...
Parsing control config ...
Parsing instance ...
StatisticsFolder: Weighted2-Dr_[[1, 1.1663636363636365, 1.0]]_2_[0.207, 0.176, 1.0].csv-1
Done!
