Executing ... 
 09:36:32 | >>> Warming up ...
 00:00:00 | >>> Warmup finished - starting simulation ...
 Realtime |   ETA    |  Sim.Time  | Progress | #Orders | #Bundles | Inv. | Distance | #Coll. |   Memory    
 00:00:00 |   n/a    | 0.00:00:00 |  0.00%   |    0    |    0     | 60%  |    0     |   0    |  88.55MB  
 00:00:00 | Cannot generate further orders - suspending generation for now
 00:00:00 | Cannot generate further orders - suspending generation for now
 00:00:00 | Cannot generate further orders - suspending generation for now
 00:00:00 | Cannot generate further orders - suspending generation for now
 00:00:00 | Cannot generate further orders - suspending generation for now
 00:00:00 | Cannot generate further orders - suspending generation for now
 00:00:00 | Cannot generate further orders - suspending generation for now
 00:00:00 | Cannot generate further orders - suspending generation for now
 00:00:00 | Cannot generate further orders - suspending generation for now
 00:00:00 | Cannot generate further orders - suspending generation for now
 00:00:00 | 00:00:00 | 0.00:30:00 | 100.00%  |   475   |    0     | 16%  |   5043   |   0    |  61.96MB  
 00:00:01 | >>> Simulation finished - writing results ...
 00:00:01 | >>> Results written
Simulation finished.
>>> Timings
StatTimingPathPlanningAverage: 0.0001036968253968253
StatTimingPathPlanningOverall: 0.08492769999999993
StatTimingPathPlanningCount: 819
StatTimingTaskAllocationAverage: 0.0016675228971962627
StatTimingTaskAllocationOverall: 0.3568499000000002
StatTimingTaskAllocationCount: 214
StatTimingItemStorageAverage: 8.85428571428576E-07
StatTimingItemStorageOverall: 0.0006198000000000032
StatTimingItemStorageCount: 700
StatTimingPodStorageAverage: 0.0016064166666666664
StatTimingPodStorageOverall: 0.16385449999999996
StatTimingPodStorageCount: 102
StatTimingReplenishmentBatchingAverage: 7.65E-06
StatTimingReplenishmentBatchingOverall: 1.53E-05
StatTimingReplenishmentBatchingCount: 2
StatTimingOrderBatchingAverage: 0.0001148407263294424
StatTimingOrderBatchingOverall: 0.08854220000000008
StatTimingOrderBatchingCount: 771
>>> Overall
StatOverallBundlesPlaced: 0
StatOverallItemsOrdered: 660
StatOverallOrdersPlaced: 428
StatOverallBundlesRejected: 0
StatOverallOrdersRejected: 0
StatOverallBundlesHandled: 0
StatOverallItemsHandled: 724
StatOverallLinesHandled: 687
StatOverallOrdersHandled: 475
StatOverallCollisions: 0
StatOverallDistanceTraveled: 5043.216927307142
StatOverallDistanceEstimated: 4902
StatOverallAssignedTasks: 214
StatMaxMemoryUsed: 86,9609375
StatRealTimeUsed: 0.9981118
StatAverageTurnoverTime: 427.6987934204102
StatMedianTurnoverTime: 282.33722222222207
StatLowerQuartileTurnoverTime: 131.69898268030184
StatUpperQuartileTurnoverTime: 583.657965360604
StatAverageThroughputTime: 90.08676861791169
StatMedianThroughputTime: 24.973427124746422
StatLowerQuartileThroughputTime: 16.191111111111468
StatUpperQuartileThroughputTime: 86.57379509747648

Marked tag finished after 1 tries!
.Fin. - SUCCESS
<<< Welcome to the RAWSimO CLI >>>
The time is: 06/13/2024 09:36:33
Starting RAWSimO wrapper with the following arguments:
Instance: ..\..\..\..\Material\Instances\0.Weighted30min Demand separate\Da\Weighted2.xinst
Setting: ..\..\..\..\Material\Instances\0.Weighted30min Demand separate\Da\Weighted2.xsett
ControlConfig: ..\..\..\..\Material\Instances\0.Weighted30min Demand separate\Da\Weighted2.xconf
StatisticsDir: ..\..\..\..\Material\Instances\0.Weighted30min Demand separate\Da
Seed: 3
Additionally the following tag was passed: 1, 0.052, 0.052, 0.1, 0.13, 0.528
Adding handler for unhandled exceptions ...
Initializing ... 
Instance recognized!
Parsing setting config ...
Parsing control config ...
Parsing instance ...
StatisticsFolder: Weighted2-Da_[[1, 0.052, 0.052]]_1_[0.1, 0.13, 0.528].csv-3
Done!
