Executing ... 
 09:39:00 | >>> Warming up ...
 00:00:00 | >>> Warmup finished - starting simulation ...
 Realtime |   ETA    |  Sim.Time  | Progress | #Orders | #Bundles | Inv. | Distance | #Coll. |   Memory    
 00:00:00 |   n/a    | 0.00:00:00 |  0.00%   |    0    |    0     | 60%  |    0     |   0    |  70.52MB  
 00:00:00 | Cannot generate further orders - suspending generation for now
 00:00:00 | Cannot generate further orders - suspending generation for now
 00:00:00 | Cannot generate further orders - suspending generation for now
 00:00:00 | Cannot generate further orders - suspending generation for now
 00:00:00 | Cannot generate further orders - suspending generation for now
 00:00:00 | Cannot generate further orders - suspending generation for now
 00:00:00 | Cannot generate further orders - suspending generation for now
 00:00:01 | Cannot generate further orders - suspending generation for now
 00:00:01 | 00:00:00 | 0.00:30:00 | 100.00%  |   471   |    0     | 16%  |   5150   |   0    |  73.95MB  
 00:00:01 | >>> Simulation finished - writing results ...
 00:00:01 | >>> Results written
Simulation finished.
>>> Timings
StatTimingPathPlanningAverage: 8.711723300970864E-05
StatTimingPathPlanningOverall: 0.07178459999999992
StatTimingPathPlanningCount: 824
StatTimingTaskAllocationAverage: 0.0018699285714285727
StatTimingTaskAllocationOverall: 0.40577450000000026
StatTimingTaskAllocationCount: 217
StatTimingItemStorageAverage: 8.822535211267642E-07
StatTimingItemStorageOverall: 0.0006264000000000025
StatTimingItemStorageCount: 710
StatTimingPodStorageAverage: 0.0015596490384615388
StatTimingPodStorageOverall: 0.16220350000000003
StatTimingPodStorageCount: 104
StatTimingReplenishmentBatchingAverage: 1.01E-05
StatTimingReplenishmentBatchingOverall: 2.02E-05
StatTimingReplenishmentBatchingCount: 2
StatTimingOrderBatchingAverage: 8.33115334207077E-05
StatTimingOrderBatchingOverall: 0.06356669999999998
StatTimingOrderBatchingCount: 763
>>> Overall
StatOverallBundlesPlaced: 0
StatOverallItemsOrdered: 644
StatOverallOrdersPlaced: 409
StatOverallBundlesRejected: 0
StatOverallOrdersRejected: 0
StatOverallBundlesHandled: 0
StatOverallItemsHandled: 724
StatOverallLinesHandled: 684
StatOverallOrdersHandled: 471
StatOverallCollisions: 0
StatOverallDistanceTraveled: 5150.022396882364
StatOverallDistanceEstimated: 5011
StatOverallAssignedTasks: 217
StatMaxMemoryUsed: 77,15625
StatRealTimeUsed: 1.0086827
StatAverageTurnoverTime: 488.18528620367675
StatMedianTurnoverTime: 280.2596320272728
StatLowerQuartileTurnoverTime: 102.97676045807935
StatUpperQuartileTurnoverTime: 804.2125973878748
StatAverageThroughputTime: 94.387145901435
StatMedianThroughputTime: 24.187222222222317
StatLowerQuartileThroughputTime: 15.697409805047954
StatUpperQuartileThroughputTime: 76.70444444444456

Marked tag finished after 1 tries!
.Fin. - SUCCESS
<<< Welcome to the RAWSimO CLI >>>
The time is: 06/13/2024 09:39:01
Starting RAWSimO wrapper with the following arguments:
Instance: ..\..\..\..\Material\Instances\0.Weighted30min Demand separate\Da\Weighted2.xinst
Setting: ..\..\..\..\Material\Instances\0.Weighted30min Demand separate\Da\Weighted2.xsett
ControlConfig: ..\..\..\..\Material\Instances\0.Weighted30min Demand separate\Da\Weighted2.xconf
StatisticsDir: ..\..\..\..\Material\Instances\0.Weighted30min Demand separate\Da
Seed: 2
Additionally the following tag was passed: 1, 2.0416, 1.039, 0.255, 0.12, 0.25
Adding handler for unhandled exceptions ...
Initializing ... 
Instance recognized!
Parsing setting config ...
Parsing control config ...
Parsing instance ...
StatisticsFolder: Weighted2-Da_[[1, 2.0416, 1.039]]_1_[0.255, 0.12, 0.25].csv-2
Done!
