Executing ... 
 09:56:58 | >>> Warming up ...
 00:00:00 | >>> Warmup finished - starting simulation ...
 Realtime |   ETA    |  Sim.Time  | Progress | #Orders | #Bundles | Inv. | Distance | #Coll. |   Memory    
 00:00:00 |   n/a    | 0.00:00:00 |  0.00%   |    0    |    0     | 60%  |    0     |   0    | 107.47MB  
 00:00:00 | Cannot generate further orders - suspending generation for now
 00:00:00 | Cannot generate further orders - suspending generation for now
 00:00:00 | Cannot generate further orders - suspending generation for now
 00:00:00 | Cannot generate further orders - suspending generation for now
 00:00:00 | Cannot generate further orders - suspending generation for now
 00:00:00 | Cannot generate further orders - suspending generation for now
 00:00:00 | Cannot generate further orders - suspending generation for now
 00:00:00 | Cannot generate further orders - suspending generation for now
 00:00:00 | Cannot generate further orders - suspending generation for now
 00:00:00 | 00:00:00 | 0.00:30:00 | 100.00%  |   499   |    0     | 15%  |   4993   |   0    | 103.53MB  
 00:00:00 | >>> Simulation finished - writing results ...
 00:00:01 | >>> Results written
Simulation finished.
>>> Timings
StatTimingPathPlanningAverage: 9.229173859432792E-05
StatTimingPathPlanningOverall: 0.07484859999999995
StatTimingPathPlanningCount: 811
StatTimingTaskAllocationAverage: 0.0018136495049504945
StatTimingTaskAllocationOverall: 0.3663571999999999
StatTimingTaskAllocationCount: 202
StatTimingItemStorageAverage: 9.246861924686219E-07
StatTimingItemStorageOverall: 0.0006630000000000019
StatTimingItemStorageCount: 717
StatTimingPodStorageAverage: 0.0015350216494845353
StatTimingPodStorageOverall: 0.14889709999999992
StatTimingPodStorageCount: 97
StatTimingReplenishmentBatchingAverage: 9.35E-06
StatTimingReplenishmentBatchingOverall: 1.87E-05
StatTimingReplenishmentBatchingCount: 2
StatTimingOrderBatchingAverage: 7.987623152709358E-05
StatTimingOrderBatchingOverall: 0.06485949999999999
StatTimingOrderBatchingCount: 812
>>> Overall
StatOverallBundlesPlaced: 0
StatOverallItemsOrdered: 667
StatOverallOrdersPlaced: 431
StatOverallBundlesRejected: 0
StatOverallOrdersRejected: 0
StatOverallBundlesHandled: 0
StatOverallItemsHandled: 747
StatOverallLinesHandled: 706
StatOverallOrdersHandled: 499
StatOverallCollisions: 0
StatOverallDistanceTraveled: 4992.7960985228965
StatOverallDistanceEstimated: 4841
StatOverallAssignedTasks: 202
StatMaxMemoryUsed: 107,0859375
StatRealTimeUsed: 0.9663704
StatAverageTurnoverTime: 441.5417672539922
StatMedianTurnoverTime: 331.09316013635066
StatLowerQuartileTurnoverTime: 152.65879509747623
StatUpperQuartileTurnoverTime: 564.9851875828256
StatAverageThroughputTime: 91.10105811888828
StatMedianThroughputTime: 20.916673859588172
StatLowerQuartileThroughputTime: 14.594444444444449
StatUpperQuartileThroughputTime: 75.84813855758352

Marked tag finished after 1 tries!
.Fin. - SUCCESS
<<< Welcome to the RAWSimO CLI >>>
The time is: 06/13/2024 09:56:59
Starting RAWSimO wrapper with the following arguments:
Instance: ..\..\..\..\Material\Instances\0.Weighted30min Demand separate\Dd\Weighted2.xinst
Setting: ..\..\..\..\Material\Instances\0.Weighted30min Demand separate\Dd\Weighted2.xsett
ControlConfig: ..\..\..\..\Material\Instances\0.Weighted30min Demand separate\Dd\Weighted2.xconf
StatisticsDir: ..\..\..\..\Material\Instances\0.Weighted30min Demand separate\Dd
Seed: 3
Additionally the following tag was passed: 1, 0.49399999999999994, 0.05, 0.15, 0.333, 1.0
Adding handler for unhandled exceptions ...
Initializing ... 
Instance recognized!
Parsing setting config ...
Parsing control config ...
Parsing instance ...
StatisticsFolder: Weighted2-Dd_[[1, 0.49399999999999994, 0.05]]_2_[0.15, 0.333, 1.0].csv-3
Done!
