Executing ... 
 09:54:04 | >>> Warming up ...
 00:00:00 | >>> Warmup finished - starting simulation ...
 Realtime |   ETA    |  Sim.Time  | Progress | #Orders | #Bundles | Inv. | Distance | #Coll. |   Memory    
 00:00:00 |   n/a    | 0.00:00:00 |  0.00%   |    0    |    0     | 60%  |    0     |   0    |  97.42MB  
 00:00:00 | Cannot generate further orders - suspending generation for now
 00:00:00 | Cannot generate further orders - suspending generation for now
 00:00:00 | Cannot generate further orders - suspending generation for now
 00:00:00 | Cannot generate further orders - suspending generation for now
 00:00:00 | Cannot generate further orders - suspending generation for now
 00:00:00 | Cannot generate further orders - suspending generation for now
 00:00:00 | Cannot generate further orders - suspending generation for now
 00:00:00 | Cannot generate further orders - suspending generation for now
 00:00:00 | Cannot generate further orders - suspending generation for now
 00:00:00 | Cannot generate further orders - suspending generation for now
 00:00:01 | 00:00:00 | 0.00:30:00 | 100.00%  |   468   |    0     | 17%  |   5203   |   0    |  92.43MB  
 00:00:01 | >>> Simulation finished - writing results ...
 00:00:01 | >>> Results written
Simulation finished.
>>> Timings
StatTimingPathPlanningAverage: 9.264646226415098E-05
StatTimingPathPlanningOverall: 0.07856420000000003
StatTimingPathPlanningCount: 848
StatTimingTaskAllocationAverage: 0.001739208333333333
StatTimingTaskAllocationOverall: 0.3756689999999999
StatTimingTaskAllocationCount: 216
StatTimingItemStorageAverage: 9.157367668097321E-07
StatTimingItemStorageOverall: 0.0006401000000000027
StatTimingItemStorageCount: 699
StatTimingPodStorageAverage: 0.0014821398058252426
StatTimingPodStorageOverall: 0.1526604
StatTimingPodStorageCount: 103
StatTimingReplenishmentBatchingAverage: 7.850000000000001E-06
StatTimingReplenishmentBatchingOverall: 1.5700000000000002E-05
StatTimingReplenishmentBatchingCount: 2
StatTimingOrderBatchingAverage: 8.200624999999998E-05
StatTimingOrderBatchingOverall: 0.06429289999999999
StatTimingOrderBatchingCount: 784
>>> Overall
StatOverallBundlesPlaced: 0
StatOverallItemsOrdered: 659
StatOverallOrdersPlaced: 418
StatOverallBundlesRejected: 0
StatOverallOrdersRejected: 0
StatOverallBundlesHandled: 0
StatOverallItemsHandled: 720
StatOverallLinesHandled: 678
StatOverallOrdersHandled: 468
StatOverallCollisions: 0
StatOverallDistanceTraveled: 5203.215173526412
StatOverallDistanceEstimated: 5054
StatOverallAssignedTasks: 216
StatMaxMemoryUsed: 97,03125
StatRealTimeUsed: 1.0000682
StatAverageTurnoverTime: 424.66314729374267
StatMedianTurnoverTime: 275.68510098433484
StatLowerQuartileTurnoverTime: 132.3857431383814
StatUpperQuartileTurnoverTime: 571.4979725535252
StatAverageThroughputTime: 99.82395098615194
StatMedianThroughputTime: 23.71388888888896
StatLowerQuartileThroughputTime: 15.827777777777783
StatUpperQuartileThroughputTime: 80.54323954192091

Marked tag finished after 1 tries!
.Fin. - SUCCESS
<<< Welcome to the RAWSimO CLI >>>
The time is: 06/13/2024 09:54:06
Starting RAWSimO wrapper with the following arguments:
Instance: ..\..\..\..\Material\Instances\0.Weighted30min Demand separate\Dd\Weighted2.xinst
Setting: ..\..\..\..\Material\Instances\0.Weighted30min Demand separate\Dd\Weighted2.xsett
ControlConfig: ..\..\..\..\Material\Instances\0.Weighted30min Demand separate\Dd\Weighted2.xconf
StatisticsDir: ..\..\..\..\Material\Instances\0.Weighted30min Demand separate\Dd
Seed: 2
Additionally the following tag was passed: 1, 0.05, 0.3766666666666667, 0.1, 1.0, 0.5
Adding handler for unhandled exceptions ...
Initializing ... 
Instance recognized!
Parsing setting config ...
Parsing control config ...
Parsing instance ...
StatisticsFolder: Weighted2-Dd_[[1, 0.05, 0.3766666666666667]]_2_[0.1, 1.0, 0.5].csv-2
Done!
