Executing ... 
 09:51:23 | >>> Warming up ...
 00:00:00 | >>> Warmup finished - starting simulation ...
 Realtime |   ETA    |  Sim.Time  | Progress | #Orders | #Bundles | Inv. | Distance | #Coll. |   Memory    
 00:00:00 |   n/a    | 0.00:00:00 |  0.00%   |    0    |    0     | 60%  |    0     |   0    | 143.73MB  
 00:00:00 | Cannot generate further orders - suspending generation for now
 00:00:01 | Cannot generate further orders - suspending generation for now
 00:00:01 | Cannot generate further orders - suspending generation for now
 00:00:01 | Cannot generate further orders - suspending generation for now
 00:00:01 | Cannot generate further orders - suspending generation for now
 00:00:01 | Cannot generate further orders - suspending generation for now
 00:00:01 | Cannot generate further orders - suspending generation for now
 00:00:01 | Cannot generate further orders - suspending generation for now
 00:00:01 | Cannot generate further orders - suspending generation for now
 00:00:01 | Cannot generate further orders - suspending generation for now
 00:00:01 | Cannot generate further orders - suspending generation for now
 00:00:01 | Cannot generate further orders - suspending generation for now
 00:00:01 | 00:00:00 | 0.00:30:00 | 100.00%  |   502   |    0     | 13%  |   4831   |   0    | 140.70MB  
 00:00:01 | >>> Simulation finished - writing results ...
 00:00:01 | >>> Results written
Simulation finished.
>>> Timings
StatTimingPathPlanningAverage: 0.00011037343387471004
StatTimingPathPlanningOverall: 0.09514190000000006
StatTimingPathPlanningCount: 862
StatTimingTaskAllocationAverage: 0.0024738774999999995
StatTimingTaskAllocationOverall: 0.4947754999999999
StatTimingTaskAllocationCount: 200
StatTimingItemStorageAverage: 1.3959623149394272E-06
StatTimingItemStorageOverall: 0.0010371999999999944
StatTimingItemStorageCount: 743
StatTimingPodStorageAverage: 0.0022164736842105264
StatTimingPodStorageOverall: 0.210565
StatTimingPodStorageCount: 95
StatTimingReplenishmentBatchingAverage: 1.1E-05
StatTimingReplenishmentBatchingOverall: 2.2E-05
StatTimingReplenishmentBatchingCount: 2
StatTimingOrderBatchingAverage: 0.00012011303225806469
StatTimingOrderBatchingOverall: 0.09308760000000013
StatTimingOrderBatchingCount: 775
>>> Overall
StatOverallBundlesPlaced: 0
StatOverallItemsOrdered: 662
StatOverallOrdersPlaced: 424
StatOverallBundlesRejected: 0
StatOverallOrdersRejected: 0
StatOverallBundlesHandled: 0
StatOverallItemsHandled: 781
StatOverallLinesHandled: 742
StatOverallOrdersHandled: 502
StatOverallCollisions: 0
StatOverallDistanceTraveled: 4830.994693665509
StatOverallDistanceEstimated: 4750
StatOverallAssignedTasks: 200
StatMaxMemoryUsed: 143,70703125
StatRealTimeUsed: 1.2739691
StatAverageTurnoverTime: 460.72553401046747
StatMedianTurnoverTime: 278.0165728752538
StatLowerQuartileTurnoverTime: 113.96370130606397
StatUpperQuartileTurnoverTime: 661.4889826803018
StatAverageThroughputTime: 83.93676113716667
StatMedianThroughputTime: 24.47509379141252
StatLowerQuartileThroughputTime: 16.25406927879817
StatUpperQuartileThroughputTime: 76.56777777777847

Marked tag finished after 1 tries!
.Fin. - SUCCESS
<<< Welcome to the RAWSimO CLI >>>
The time is: 06/13/2024 09:51:24
Starting RAWSimO wrapper with the following arguments:
Instance: ..\..\..\..\Material\Instances\0.Weighted30min Demand separate\Dc\Weighted2.xinst
Setting: ..\..\..\..\Material\Instances\0.Weighted30min Demand separate\Dc\Weighted2.xsett
ControlConfig: ..\..\..\..\Material\Instances\0.Weighted30min Demand separate\Dc\Weighted2.xconf
StatisticsDir: ..\..\..\..\Material\Instances\0.Weighted30min Demand separate\Dc
Seed: 2
Additionally the following tag was passed: 1, 3.6754, 0.48599999999999993, 0.194, 0.143, 0.4
Adding handler for unhandled exceptions ...
Initializing ... 
Instance recognized!
Parsing setting config ...
Parsing control config ...
Parsing instance ...
StatisticsFolder: Weighted2-Dc_[[1, 3.6754, 0.48599999999999993]]_2_[0.194, 0.143, 0.4].csv-2
Done!
