Executing ... 
 09:37:23 | >>> Warming up ...
 00:00:00 | >>> Warmup finished - starting simulation ...
 Realtime |   ETA    |  Sim.Time  | Progress | #Orders | #Bundles | Inv. | Distance | #Coll. |   Memory    
 00:00:00 |   n/a    | 0.00:00:00 |  0.00%   |    0    |    0     | 60%  |    0     |   0    |  87.04MB  
 00:00:00 | Cannot generate further orders - suspending generation for now
 00:00:00 | Cannot generate further orders - suspending generation for now
 00:00:00 | Cannot generate further orders - suspending generation for now
 00:00:00 | Cannot generate further orders - suspending generation for now
 00:00:00 | Cannot generate further orders - suspending generation for now
 00:00:00 | Cannot generate further orders - suspending generation for now
 00:00:00 | Cannot generate further orders - suspending generation for now
 00:00:00 | Cannot generate further orders - suspending generation for now
 00:00:00 | Cannot generate further orders - suspending generation for now
 00:00:00 | Cannot generate further orders - suspending generation for now
 00:00:01 | 00:00:00 | 0.00:30:00 | 100.00%  |   482   |    0     | 14%  |   5074   |   0    |  83.56MB  
 00:00:01 | >>> Simulation finished - writing results ...
 00:00:01 | >>> Results written
Simulation finished.
>>> Timings
StatTimingPathPlanningAverage: 8.607230576441095E-05
StatTimingPathPlanningOverall: 0.06868569999999995
StatTimingPathPlanningCount: 798
StatTimingTaskAllocationAverage: 0.0019332936274509814
StatTimingTaskAllocationOverall: 0.3943919000000002
StatTimingTaskAllocationCount: 204
StatTimingItemStorageAverage: 8.849056603773624E-07
StatTimingItemStorageOverall: 0.0006566000000000028
StatTimingItemStorageCount: 742
StatTimingPodStorageAverage: 0.0015834816326530613
StatTimingPodStorageOverall: 0.15518120000000002
StatTimingPodStorageCount: 98
StatTimingReplenishmentBatchingAverage: 9.45E-06
StatTimingReplenishmentBatchingOverall: 1.89E-05
StatTimingReplenishmentBatchingCount: 2
StatTimingOrderBatchingAverage: 8.242866242038211E-05
StatTimingOrderBatchingOverall: 0.06470649999999996
StatTimingOrderBatchingCount: 785
>>> Overall
StatOverallBundlesPlaced: 0
StatOverallItemsOrdered: 667
StatOverallOrdersPlaced: 417
StatOverallBundlesRejected: 0
StatOverallOrdersRejected: 0
StatOverallBundlesHandled: 0
StatOverallItemsHandled: 760
StatOverallLinesHandled: 720
StatOverallOrdersHandled: 482
StatOverallCollisions: 0
StatOverallDistanceTraveled: 5074.036440253898
StatOverallDistanceEstimated: 4978
StatOverallAssignedTasks: 204
StatMaxMemoryUsed: 87,28515625
StatRealTimeUsed: 1.0016684
StatAverageTurnoverTime: 438.3749723643891
StatMedianTurnoverTime: 260.91435065303193
StatLowerQuartileTurnoverTime: 104.92000000000009
StatUpperQuartileTurnoverTime: 614.3038022903982
StatAverageThroughputTime: 90.65939378893381
StatMedianThroughputTime: 24.896948040905954
StatLowerQuartileThroughputTime: 15.795093791412796
StatUpperQuartileThroughputTime: 80.86287156919116

Marked tag finished after 1 tries!
.Fin. - SUCCESS
<<< Welcome to the RAWSimO CLI >>>
The time is: 06/13/2024 09:37:24
Starting RAWSimO wrapper with the following arguments:
Instance: ..\..\..\..\Material\Instances\0.Weighted30min Demand separate\Da\Weighted2.xinst
Setting: ..\..\..\..\Material\Instances\0.Weighted30min Demand separate\Da\Weighted2.xsett
ControlConfig: ..\..\..\..\Material\Instances\0.Weighted30min Demand separate\Da\Weighted2.xconf
StatisticsDir: ..\..\..\..\Material\Instances\0.Weighted30min Demand separate\Da
Seed: 1
Additionally the following tag was passed: 1, 1, 1, 0.236, 0.23, 0.25
Adding handler for unhandled exceptions ...
Initializing ... 
Instance recognized!
Parsing setting config ...
Parsing control config ...
Parsing instance ...
StatisticsFolder: Weighted2-Da_[[1, 1, 1]]_2_[0.236, 0.23, 0.25].csv-1
Done!
