Executing ... 
 09:46:46 | >>> Warming up ...
 00:00:00 | >>> Warmup finished - starting simulation ...
 Realtime |   ETA    |  Sim.Time  | Progress | #Orders | #Bundles | Inv. | Distance | #Coll. |   Memory    
 00:00:00 |   n/a    | 0.00:00:00 |  0.00%   |    0    |    0     | 60%  |    0     |   0    | 142.83MB  
 00:00:01 | Cannot generate further orders - suspending generation for now
 00:00:01 | Cannot generate further orders - suspending generation for now
 00:00:01 | Cannot generate further orders - suspending generation for now
 00:00:01 | Cannot generate further orders - suspending generation for now
 00:00:01 | Cannot generate further orders - suspending generation for now
 00:00:01 | 00:00:00 | 0.00:30:00 | 100.00%  |   445   |    0     | 20%  |   5347   |   0    |  71.01MB  
 00:00:01 | >>> Simulation finished - writing results ...
 00:00:01 | >>> Results written
Simulation finished.
>>> Timings
StatTimingPathPlanningAverage: 0.00010393429228998842
StatTimingPathPlanningOverall: 0.09031889999999994
StatTimingPathPlanningCount: 869
StatTimingTaskAllocationAverage: 0.002019479816513763
StatTimingTaskAllocationOverall: 0.4402466000000004
StatTimingTaskAllocationCount: 218
StatTimingItemStorageAverage: 1.040458015267178E-06
StatTimingItemStorageOverall: 0.0006815000000000015
StatTimingItemStorageCount: 655
StatTimingPodStorageAverage: 0.0015590419047619042
StatTimingPodStorageOverall: 0.16369939999999994
StatTimingPodStorageCount: 105
StatTimingReplenishmentBatchingAverage: 8.599999999999999E-06
StatTimingReplenishmentBatchingOverall: 1.7199999999999998E-05
StatTimingReplenishmentBatchingCount: 2
StatTimingOrderBatchingAverage: 9.457212681638037E-05
StatTimingOrderBatchingOverall: 0.07159109999999994
StatTimingOrderBatchingCount: 757
>>> Overall
StatOverallBundlesPlaced: 0
StatOverallItemsOrdered: 667
StatOverallOrdersPlaced: 422
StatOverallBundlesRejected: 0
StatOverallOrdersRejected: 0
StatOverallBundlesHandled: 0
StatOverallItemsHandled: 672
StatOverallLinesHandled: 632
StatOverallOrdersHandled: 445
StatOverallCollisions: 0
StatOverallDistanceTraveled: 5347.024945171054
StatOverallDistanceEstimated: 5188
StatOverallAssignedTasks: 218
StatMaxMemoryUsed: 142,828125
StatRealTimeUsed: 1.1535203
StatAverageTurnoverTime: 494.690409426669
StatMedianTurnoverTime: 390.0862915010093
StatLowerQuartileTurnoverTime: 167.99809540005754
StatUpperQuartileTurnoverTime: 727.1887013060641
StatAverageThroughputTime: 99.55962581142774
StatMedianThroughputTime: 21.89166666666688
StatLowerQuartileThroughputTime: 12.612142816652295
StatUpperQuartileThroughputTime: 81.001666666667

Marked tag finished after 1 tries!
.Fin. - SUCCESS
<<< Welcome to the RAWSimO CLI >>>
The time is: 06/13/2024 09:46:47
Starting RAWSimO wrapper with the following arguments:
Instance: ..\..\..\..\Material\Instances\0.Weighted30min Demand separate\Db\Weighted2.xinst
Setting: ..\..\..\..\Material\Instances\0.Weighted30min Demand separate\Db\Weighted2.xsett
ControlConfig: ..\..\..\..\Material\Instances\0.Weighted30min Demand separate\Db\Weighted2.xconf
StatisticsDir: ..\..\..\..\Material\Instances\0.Weighted30min Demand separate\Db
Seed: 2
Additionally the following tag was passed: 1, 1.0478, 0.794, 0.229, 0.22, 0.333
Adding handler for unhandled exceptions ...
Initializing ... 
Instance recognized!
Parsing setting config ...
Parsing control config ...
Parsing instance ...
StatisticsFolder: Weighted2-Db_[[1, 1.0478, 0.794]]_1_[0.229, 0.22, 0.333].csv-2
Done!
