Executing ... 
 16:51:25 | >>> Warming up ...
 00:00:00 | >>> Warmup finished - starting simulation ...
 Realtime |   ETA    |  Sim.Time  | Progress | #Orders | #Bundles | Inv. | Distance | #Coll. |   Memory    
 00:00:00 |   n/a    | 0.00:00:00 |  0.00%   |    0    |    0     | 97%  |    0     |   0    | 176.82MB  
 00:00:02 | Reactivating bundle generation paused by inventory+reserved+backlog level (currently at: 0.6494252873563219)
 00:00:02 | Pausing bundle generation due to inventory+reserved+backlog level (currently at: 0.8505747126436781)
 00:00:04 | Reactivating bundle generation paused by inventory+reserved+backlog level (currently at: 0.6494252873563219)
 00:00:05 | 00:01:08 | 0.00:32:46 |  6.83%   |   530   |    99    | 34%  |  15223   |   0    |  88.20MB  
 00:00:05 | Cannot generate further orders - suspending generation for now
 00:00:05 | Cannot generate further orders - suspending generation for now
 00:00:05 | Cannot generate further orders - suspending generation for now
 00:00:05 | Cannot generate further orders - suspending generation for now
 00:00:05 | Cannot generate further orders - suspending generation for now
 00:00:05 | Cannot generate further orders - suspending generation for now
 00:00:05 | Cannot generate further orders - suspending generation for now
 00:00:05 | Cannot generate further orders - suspending generation for now
 00:00:05 | Cannot generate further orders - suspending generation for now
 00:00:05 | Cannot generate further orders - suspending generation for now
 00:00:06 | Cannot generate further orders - suspending generation for now
 00:00:06 | Cannot generate further orders - suspending generation for now
 00:00:06 | Cannot generate further orders - suspending generation for now
 00:00:06 | Cannot generate further orders - suspending generation for now
 00:00:06 | Cannot generate further orders - suspending generation for now
 00:00:06 | Cannot generate further orders - suspending generation for now
 00:00:06 | Cannot generate further orders - suspending generation for now
 00:00:06 | Cannot generate further orders - suspending generation for now
 00:00:06 | Cannot generate further orders - suspending generation for now
 00:00:06 | Pausing order generation due to inventory level (currently at: 0.09523809523809523)
 00:00:10 | 00:00:18 | 0.02:48:54 |  35.19%  |   868   |   852    | 54%  |  43342   |   0    |  95.82MB  
 00:00:10 | Reactivating order generation paused by inventory level (currently at: 0.6001642036124795)
 00:00:12 | Cannot generate further orders - suspending generation for now
 00:00:12 | Cannot generate further orders - suspending generation for now
 00:00:12 | Cannot generate further orders - suspending generation for now
 00:00:12 | Cannot generate further orders - suspending generation for now
 00:00:12 | Cannot generate further orders - suspending generation for now
 00:00:12 | Cannot generate further orders - suspending generation for now
 00:00:12 | Cannot generate further orders - suspending generation for now
 00:00:12 | Cannot generate further orders - suspending generation for now
 00:00:12 | Cannot generate further orders - suspending generation for now
 00:00:12 | Cannot generate further orders - suspending generation for now
 00:00:12 | Cannot generate further orders - suspending generation for now
 00:00:12 | Cannot generate further orders - suspending generation for now
 00:00:13 | Cannot generate further orders - suspending generation for now
 00:00:13 | Cannot generate further orders - suspending generation for now
 00:00:13 | Cannot generate further orders - suspending generation for now
 00:00:13 | Cannot generate further orders - suspending generation for now
 00:00:13 | Cannot generate further orders - suspending generation for now
 00:00:13 | Cannot generate further orders - suspending generation for now
 00:00:13 | Cannot generate further orders - suspending generation for now
 00:00:13 | Cannot generate further orders - suspending generation for now
 00:00:13 | Cannot generate further orders - suspending generation for now
 00:00:13 | Cannot generate further orders - suspending generation for now
 00:00:13 | Cannot generate further orders - suspending generation for now
 00:00:13 | Cannot generate further orders - suspending generation for now
 00:00:13 | Cannot generate further orders - suspending generation for now
 00:00:13 | Pausing order generation due to inventory level (currently at: 0.09359605911330049)
 00:00:15 | 00:00:13 | 0.04:12:48 |  52.67%  |  1499   |   1315   | 11%  |  80186   |   0    | 100.43MB  
 00:00:17 | Reactivating order generation paused by inventory level (currently at: 0.6001642036124795)
 00:00:19 | Cannot generate further orders - suspending generation for now
 00:00:19 | Cannot generate further orders - suspending generation for now
 00:00:19 | Cannot generate further orders - suspending generation for now
 00:00:20 | 00:00:04 | 0.06:26:10 |  80.45%  |  1791   |   2050   | 33%  |  103960  |   0    | 100.75MB  
 00:00:20 | Cannot generate further orders - suspending generation for now
 00:00:20 | Cannot generate further orders - suspending generation for now
 00:00:20 | Cannot generate further orders - suspending generation for now
 00:00:20 | Cannot generate further orders - suspending generation for now
 00:00:20 | Cannot generate further orders - suspending generation for now
 00:00:20 | Cannot generate further orders - suspending generation for now
 00:00:20 | Cannot generate further orders - suspending generation for now
 00:00:20 | Cannot generate further orders - suspending generation for now
 00:00:20 | Cannot generate further orders - suspending generation for now
 00:00:20 | Cannot generate further orders - suspending generation for now
 00:00:20 | Cannot generate further orders - suspending generation for now
 00:00:20 | Cannot generate further orders - suspending generation for now
 00:00:20 | Cannot generate further orders - suspending generation for now
 00:00:20 | Cannot generate further orders - suspending generation for now
 00:00:21 | Cannot generate further orders - suspending generation for now
 00:00:21 | Cannot generate further orders - suspending generation for now
 00:00:21 | Cannot generate further orders - suspending generation for now
 00:00:21 | Cannot generate further orders - suspending generation for now
 00:00:21 | Cannot generate further orders - suspending generation for now
 00:00:21 | Cannot generate further orders - suspending generation for now
 00:00:21 | Cannot generate further orders - suspending generation for now
 00:00:21 | Cannot generate further orders - suspending generation for now
 00:00:21 | Cannot generate further orders - suspending generation for now
 00:00:21 | Cannot generate further orders - suspending generation for now
 00:00:21 | Cannot generate further orders - suspending generation for now
 00:00:21 | Pausing order generation due to inventory level (currently at: 0.09195402298850575)
 00:00:23 | 00:00:00 | 0.08:00:00 | 100.00%  |  2129   |   2568   | 31%  |  133734  |   0    | 102.86MB  
 00:00:23 | >>> Simulation finished - writing results ...
 00:00:23 | >>> Results written
Simulation finished.
>>> Timings
StatTimingPathPlanningAverage: 0.0002589292839903462
StatTimingPathPlanningOverall: 3.2184910000000033
StatTimingPathPlanningCount: 12430
StatTimingTaskAllocationAverage: 0.0001790146392308706
StatTimingTaskAllocationOverall: 7.299142899999517
StatTimingTaskAllocationCount: 40774
StatTimingItemStorageAverage: 3.5862628447809413E-06
StatTimingItemStorageOverall: 0.013261999999999921
StatTimingItemStorageCount: 3698
StatTimingPodStorageAverage: 0.001194881424332344
StatTimingPodStorageOverall: 2.0133751999999996
StatTimingPodStorageCount: 1685
StatTimingReplenishmentBatchingAverage: 1.1763702837086865E-05
StatTimingReplenishmentBatchingOverall: 0.040220099999999995
StatTimingReplenishmentBatchingCount: 3419
StatTimingOrderBatchingAverage: 0.00013103068263045073
StatTimingOrderBatchingOverall: 0.7332477000000023
StatTimingOrderBatchingCount: 5596
>>> Overall
StatOverallBundlesPlaced: 2865
StatOverallItemsOrdered: 3034
StatOverallOrdersPlaced: 1929
StatOverallBundlesRejected: 0
StatOverallOrdersRejected: 0
StatOverallBundlesHandled: 2568
StatOverallItemsHandled: 3367
StatOverallLinesHandled: 3239
StatOverallOrdersHandled: 2129
StatOverallCollisions: 0
StatOverallDistanceTraveled: 133733.96427777625
StatOverallDistanceEstimated: 124730
StatOverallAssignedTasks: 40774
StatMaxMemoryUsed: 176,5390625
StatRealTimeUsed: 23.8164568
StatAverageTurnoverTime: 905.2279600817287
StatMedianTurnoverTime: 694.3101875828263
StatLowerQuartileTurnoverTime: 312.0938888889068
StatUpperQuartileTurnoverTime: 1260.4676983720638
StatAverageThroughputTime: 260.6754795316725
StatMedianThroughputTime: 92.27286437629846
StatLowerQuartileThroughputTime: 41.35166666666714
StatUpperQuartileThroughputTime: 198.35870849898484

Marked tag finished after 1 tries!
.Fin. - SUCCESS
<<< Welcome to the RAWSimO CLI >>>
The time is: 04/05/2024 16:51:49
Starting RAWSimO wrapper with the following arguments:
Instance: ..\..\..\..\Material\Instances\2.LargePrio8h\LargeScenario.xinst
Setting: ..\..\..\..\Material\Instances\2.LargePrio8h\LargeScenario.xsett
ControlConfig: ..\..\..\..\Material\Instances\2.LargePrio8h\LargeScenario.xconf
StatisticsDir: ..\..\..\..\Material\Instances\2.LargePrio8h
Seed: 4
Adding handler for unhandled exceptions ...
Initializing ... 
Instance recognized!
Parsing setting config ...
Parsing control config ...
Parsing instance ...
StatisticsFolder: LargeScenario-large prio V=3,time=30 scenario.csv-4
Done!
