Executing ... 
 16:22:38 | >>> Warming up ...
 00:00:00 | >>> Warmup finished - starting simulation ...
 Realtime |   ETA    |  Sim.Time  | Progress | #Orders | #Bundles | Inv. | Distance | #Coll. |   Memory    
 00:00:00 |   n/a    | 0.00:00:00 |  0.00%   |    0    |    0     | 60%  |    0     |   0    |  91.48MB  
 00:00:01 | Cannot generate further orders - suspending generation for now
 00:00:01 | Cannot generate further orders - suspending generation for now
 00:00:01 | Cannot generate further orders - suspending generation for now
 00:00:01 | Cannot generate further orders - suspending generation for now
 00:00:01 | Cannot generate further orders - suspending generation for now
 00:00:01 | Cannot generate further orders - suspending generation for now
 00:00:01 | Cannot generate further orders - suspending generation for now
 00:00:01 | Cannot generate further orders - suspending generation for now
 00:00:01 | Cannot generate further orders - suspending generation for now
 00:00:01 | 00:00:00 | 0.00:30:00 | 100.00%  |   478   |    0     | 15%  |   5017   |   0    |  87.63MB  
 00:00:01 | >>> Simulation finished - writing results ...
 00:00:01 | >>> Results written
Simulation finished.
>>> Timings
StatTimingPathPlanningAverage: 0.0001385254739336494
StatTimingPathPlanningOverall: 0.11691550000000009
StatTimingPathPlanningCount: 844
StatTimingTaskAllocationAverage: 0.0026948801932367133
StatTimingTaskAllocationOverall: 0.5578401999999997
StatTimingTaskAllocationCount: 207
StatTimingItemStorageAverage: 1.2180419580419563E-06
StatTimingItemStorageOverall: 0.0008708999999999988
StatTimingItemStorageCount: 715
StatTimingPodStorageAverage: 0.0020009190000000016
StatTimingPodStorageOverall: 0.20009190000000016
StatTimingPodStorageCount: 100
StatTimingReplenishmentBatchingAverage: 8.25E-06
StatTimingReplenishmentBatchingOverall: 1.65E-05
StatTimingReplenishmentBatchingCount: 2
StatTimingOrderBatchingAverage: 0.00011190825921219816
StatTimingOrderBatchingOverall: 0.08807179999999995
StatTimingOrderBatchingCount: 787
>>> Overall
StatOverallBundlesPlaced: 0
StatOverallItemsOrdered: 649
StatOverallOrdersPlaced: 411
StatOverallBundlesRejected: 0
StatOverallOrdersRejected: 0
StatOverallBundlesHandled: 0
StatOverallItemsHandled: 741
StatOverallLinesHandled: 701
StatOverallOrdersHandled: 478
StatOverallCollisions: 0
StatOverallDistanceTraveled: 5017.241679399889
StatOverallDistanceEstimated: 4914
StatOverallAssignedTasks: 207
StatMaxMemoryUsed: 92,09765625
StatRealTimeUsed: 1.3178855
StatAverageTurnoverTime: 478.04917437751726
StatMedianTurnoverTime: 343.2474026121271
StatLowerQuartileTurnoverTime: 157.5074098050478
StatUpperQuartileTurnoverTime: 710.2241702631295
StatAverageThroughputTime: 89.15814388597151
StatMedianThroughputTime: 23.810555555555595
StatLowerQuartileThroughputTime: 16.08555555555563
StatUpperQuartileThroughputTime: 71.97277777777776

Marked tag finished after 1 tries!
.Fin. - SUCCESS
<<< Welcome to the RAWSimO CLI >>>
The time is: 06/21/2024 16:22:40
Starting RAWSimO wrapper with the following arguments:
Instance: ..\..\..\..\Material\Instances\01.Weighted30min Demand Gall\Dr\Weighted2.xinst
Setting: ..\..\..\..\Material\Instances\01.Weighted30min Demand Gall\Dr\Weighted2.xsett
ControlConfig: ..\..\..\..\Material\Instances\01.Weighted30min Demand Gall\Dr\Weighted2.xconf
StatisticsDir: ..\..\..\..\Material\Instances\01.Weighted30min Demand Gall\Dr
Seed: 2
Additionally the following tag was passed: 1, 1.6, 1.0, 0.216, 0.143, 1.0
Adding handler for unhandled exceptions ...
Initializing ... 
Instance recognized!
Parsing setting config ...
Parsing control config ...
Parsing instance ...
StatisticsFolder: Weighted2-Dr_[[1, 1.6, 1.0]]_2_[0.216, 0.143, 1.0].csv-2
Done!
