Executing ... 
 09:49:57 | >>> Warming up ...
 00:00:00 | >>> Warmup finished - starting simulation ...
 Realtime |   ETA    |  Sim.Time  | Progress | #Orders | #Bundles | Inv. | Distance | #Coll. |   Memory    
 00:00:00 |   n/a    | 0.00:00:00 |  0.00%   |    0    |    0     | 60%  |    0     |   0    | 143.92MB  
 00:00:00 | Cannot generate further orders - suspending generation for now
 00:00:00 | Cannot generate further orders - suspending generation for now
 00:00:00 | Cannot generate further orders - suspending generation for now
 00:00:00 | Cannot generate further orders - suspending generation for now
 00:00:00 | Cannot generate further orders - suspending generation for now
 00:00:00 | Cannot generate further orders - suspending generation for now
 00:00:00 | Cannot generate further orders - suspending generation for now
 00:00:00 | Cannot generate further orders - suspending generation for now
 00:00:01 | Cannot generate further orders - suspending generation for now
 00:00:01 | Cannot generate further orders - suspending generation for now
 00:00:01 | Cannot generate further orders - suspending generation for now
 00:00:01 | Cannot generate further orders - suspending generation for now
 00:00:01 | 00:00:00 | 0.00:30:00 | 100.00%  |   483   |    0     | 15%  |   5015   |   0    | 138.55MB  
 00:00:01 | >>> Simulation finished - writing results ...
 00:00:01 | >>> Results written
Simulation finished.
>>> Timings
StatTimingPathPlanningAverage: 0.00012022138728323715
StatTimingPathPlanningOverall: 0.10399150000000014
StatTimingPathPlanningCount: 865
StatTimingTaskAllocationAverage: 0.0019951788944723627
StatTimingTaskAllocationOverall: 0.3970406000000002
StatTimingTaskAllocationCount: 199
StatTimingItemStorageAverage: 1.0542349726775989E-06
StatTimingItemStorageOverall: 0.0007717000000000023
StatTimingItemStorageCount: 732
StatTimingPodStorageAverage: 0.0016096326315789469
StatTimingPodStorageOverall: 0.15291509999999994
StatTimingPodStorageCount: 95
StatTimingReplenishmentBatchingAverage: 7.699999999999999E-06
StatTimingReplenishmentBatchingOverall: 1.5399999999999998E-05
StatTimingReplenishmentBatchingCount: 2
StatTimingOrderBatchingAverage: 0.00011077007874015761
StatTimingOrderBatchingOverall: 0.0844068000000001
StatTimingOrderBatchingCount: 762
>>> Overall
StatOverallBundlesPlaced: 0
StatOverallItemsOrdered: 634
StatOverallOrdersPlaced: 396
StatOverallBundlesRejected: 0
StatOverallOrdersRejected: 0
StatOverallBundlesHandled: 0
StatOverallItemsHandled: 757
StatOverallLinesHandled: 718
StatOverallOrdersHandled: 483
StatOverallCollisions: 0
StatOverallDistanceTraveled: 5015.083939064595
StatOverallDistanceEstimated: 4829
StatOverallAssignedTasks: 199
StatMaxMemoryUsed: 143,92578125
StatRealTimeUsed: 1.1302396
StatAverageTurnoverTime: 445.7502396422654
StatMedianTurnoverTime: 244.0754617641428
StatLowerQuartileTurnoverTime: 103.71796536060344
StatUpperQuartileTurnoverTime: 655.3459307212108
StatAverageThroughputTime: 88.29063367930316
StatMedianThroughputTime: 25.35231601363506
StatLowerQuartileThroughputTime: 16.73166666666657
StatUpperQuartileThroughputTime: 77.37064934696878

Marked tag finished after 1 tries!
.Fin. - SUCCESS
<<< Welcome to the RAWSimO CLI >>>
The time is: 06/13/2024 09:49:58
Starting RAWSimO wrapper with the following arguments:
Instance: ..\..\..\..\Material\Instances\0.Weighted30min Demand separate\Dc\Weighted2.xinst
Setting: ..\..\..\..\Material\Instances\0.Weighted30min Demand separate\Dc\Weighted2.xsett
ControlConfig: ..\..\..\..\Material\Instances\0.Weighted30min Demand separate\Dc\Weighted2.xconf
StatisticsDir: ..\..\..\..\Material\Instances\0.Weighted30min Demand separate\Dc
Seed: 1
Additionally the following tag was passed: 1, 2.4696, 0.058, 0.091, 0.157, 0.692
Adding handler for unhandled exceptions ...
Initializing ... 
Instance recognized!
Parsing setting config ...
Parsing control config ...
Parsing instance ...
StatisticsFolder: Weighted2-Dc_[[1, 2.4696, 0.058]]_1_[0.091, 0.157, 0.692].csv-1
Done!
