Executing ... 
 09:50:58 | >>> Warming up ...
 00:00:00 | >>> Warmup finished - starting simulation ...
 Realtime |   ETA    |  Sim.Time  | Progress | #Orders | #Bundles | Inv. | Distance | #Coll. |   Memory    
 00:00:00 |   n/a    | 0.00:00:00 |  0.00%   |    0    |    0     | 60%  |    0     |   0    | 144.18MB  
 00:00:01 | Cannot generate further orders - suspending generation for now
 00:00:01 | Cannot generate further orders - suspending generation for now
 00:00:01 | Cannot generate further orders - suspending generation for now
 00:00:01 | Cannot generate further orders - suspending generation for now
 00:00:01 | Cannot generate further orders - suspending generation for now
 00:00:01 | Cannot generate further orders - suspending generation for now
 00:00:01 | Cannot generate further orders - suspending generation for now
 00:00:01 | Cannot generate further orders - suspending generation for now
 00:00:01 | Cannot generate further orders - suspending generation for now
 00:00:01 | Cannot generate further orders - suspending generation for now
 00:00:01 | 00:00:00 | 0.00:30:00 | 100.00%  |   494   |    0     | 16%  |   5038   |   0    | 139.80MB  
 00:00:01 | >>> Simulation finished - writing results ...
 00:00:01 | >>> Results written
Simulation finished.
>>> Timings
StatTimingPathPlanningAverage: 0.00017042860665844625
StatTimingPathPlanningOverall: 0.1382175999999999
StatTimingPathPlanningCount: 811
StatTimingTaskAllocationAverage: 0.002647736097560975
StatTimingTaskAllocationOverall: 0.5427858999999998
StatTimingTaskAllocationCount: 205
StatTimingItemStorageAverage: 1.5357850070721368E-06
StatTimingItemStorageOverall: 0.0010858000000000007
StatTimingItemStorageCount: 707
StatTimingPodStorageAverage: 0.0023133793814432996
StatTimingPodStorageOverall: 0.22439780000000006
StatTimingPodStorageCount: 97
StatTimingReplenishmentBatchingAverage: 7.75E-06
StatTimingReplenishmentBatchingOverall: 1.55E-05
StatTimingReplenishmentBatchingCount: 2
StatTimingOrderBatchingAverage: 0.00014680703125000017
StatTimingOrderBatchingOverall: 0.11274780000000012
StatTimingOrderBatchingCount: 768
>>> Overall
StatOverallBundlesPlaced: 0
StatOverallItemsOrdered: 667
StatOverallOrdersPlaced: 433
StatOverallBundlesRejected: 0
StatOverallOrdersRejected: 0
StatOverallBundlesHandled: 0
StatOverallItemsHandled: 740
StatOverallLinesHandled: 699
StatOverallOrdersHandled: 494
StatOverallCollisions: 0
StatOverallDistanceTraveled: 5038.240568007043
StatOverallDistanceEstimated: 4858
StatOverallAssignedTasks: 205
StatMaxMemoryUsed: 143,703125
StatRealTimeUsed: 1.5552054
StatAverageTurnoverTime: 399.9237333671385
StatMedianTurnoverTime: 246.7779653606035
StatLowerQuartileTurnoverTime: 112.28944444444448
StatUpperQuartileTurnoverTime: 522.0951803899043
StatAverageThroughputTime: 93.35792163831115
StatMedianThroughputTime: 20.878333333333558
StatLowerQuartileThroughputTime: 12.72740980504787
StatUpperQuartileThroughputTime: 77.95277777777778

Marked tag finished after 1 tries!
.Fin. - SUCCESS
<<< Welcome to the RAWSimO CLI >>>
The time is: 06/13/2024 09:51:00
Starting RAWSimO wrapper with the following arguments:
Instance: ..\..\..\..\Material\Instances\0.Weighted30min Demand separate\Dc\Weighted2.xinst
Setting: ..\..\..\..\Material\Instances\0.Weighted30min Demand separate\Dc\Weighted2.xsett
ControlConfig: ..\..\..\..\Material\Instances\0.Weighted30min Demand separate\Dc\Weighted2.xconf
StatisticsDir: ..\..\..\..\Material\Instances\0.Weighted30min Demand separate\Dc
Seed: 3
Additionally the following tag was passed: 1, 3.6754, 0.058, 0.093, 0.171, 0.683
Adding handler for unhandled exceptions ...
Initializing ... 
Instance recognized!
Parsing setting config ...
Parsing control config ...
Parsing instance ...
StatisticsFolder: Weighted2-Dc_[[1, 3.6754, 0.058]]_2_[0.093, 0.171, 0.683].csv-3
Done!
