Executing ... 
 09:41:28 | >>> Warming up ...
 00:00:00 | >>> Warmup finished - starting simulation ...
 Realtime |   ETA    |  Sim.Time  | Progress | #Orders | #Bundles | Inv. | Distance | #Coll. |   Memory    
 00:00:00 |   n/a    | 0.00:00:00 |  0.00%   |    0    |    0     | 60%  |    0     |   0    |  89.82MB  
 00:00:00 | Cannot generate further orders - suspending generation for now
 00:00:01 | Cannot generate further orders - suspending generation for now
 00:00:01 | Cannot generate further orders - suspending generation for now
 00:00:01 | Cannot generate further orders - suspending generation for now
 00:00:01 | Cannot generate further orders - suspending generation for now
 00:00:01 | Cannot generate further orders - suspending generation for now
 00:00:01 | Cannot generate further orders - suspending generation for now
 00:00:01 | Cannot generate further orders - suspending generation for now
 00:00:01 | 00:00:00 | 0.00:30:00 | 100.00%  |   471   |    0     | 17%  |   5233   |   0    |  86.32MB  
 00:00:01 | >>> Simulation finished - writing results ...
 00:00:01 | >>> Results written
Simulation finished.
>>> Timings
StatTimingPathPlanningAverage: 0.0001120756532066509
StatTimingPathPlanningOverall: 0.09436770000000007
StatTimingPathPlanningCount: 842
StatTimingTaskAllocationAverage: 0.0020305401869158872
StatTimingTaskAllocationOverall: 0.43453559999999986
StatTimingTaskAllocationCount: 214
StatTimingItemStorageAverage: 1.3436865021770673E-06
StatTimingItemStorageOverall: 0.0009257999999999993
StatTimingItemStorageCount: 689
StatTimingPodStorageAverage: 0.001842461764705882
StatTimingPodStorageOverall: 0.18793109999999996
StatTimingPodStorageCount: 102
StatTimingReplenishmentBatchingAverage: 9.25E-06
StatTimingReplenishmentBatchingOverall: 1.85E-05
StatTimingReplenishmentBatchingCount: 2
StatTimingOrderBatchingAverage: 0.00012129745547073781
StatTimingOrderBatchingOverall: 0.09533979999999992
StatTimingOrderBatchingCount: 786
>>> Overall
StatOverallBundlesPlaced: 0
StatOverallItemsOrdered: 648
StatOverallOrdersPlaced: 418
StatOverallBundlesRejected: 0
StatOverallOrdersRejected: 0
StatOverallBundlesHandled: 0
StatOverallItemsHandled: 717
StatOverallLinesHandled: 675
StatOverallOrdersHandled: 471
StatOverallCollisions: 0
StatOverallDistanceTraveled: 5232.614308533244
StatOverallDistanceEstimated: 5123
StatOverallAssignedTasks: 214
StatMaxMemoryUsed: 89,5390625
StatRealTimeUsed: 1.220764
StatAverageTurnoverTime: 449.7018699857753
StatMedianTurnoverTime: 279.6340764717163
StatLowerQuartileTurnoverTime: 97.79240980504801
StatUpperQuartileTurnoverTime: 708.387409805049
StatAverageThroughputTime: 91.22827308540485
StatMedianThroughputTime: 20.48277777777821
StatLowerQuartileThroughputTime: 12.356666666667024
StatUpperQuartileThroughputTime: 78.56842712474605

Marked tag finished after 1 tries!
.Fin. - SUCCESS
<<< Welcome to the RAWSimO CLI >>>
The time is: 06/13/2024 09:41:29
Starting RAWSimO wrapper with the following arguments:
Instance: ..\..\..\..\Material\Instances\0.Weighted30min Demand separate\Da\Weighted2.xinst
Setting: ..\..\..\..\Material\Instances\0.Weighted30min Demand separate\Da\Weighted2.xsett
ControlConfig: ..\..\..\..\Material\Instances\0.Weighted30min Demand separate\Da\Weighted2.xconf
StatisticsDir: ..\..\..\..\Material\Instances\0.Weighted30min Demand separate\Da
Seed: 3
Additionally the following tag was passed: 1, 8.0104, 0.71, 0.224, 0.1, 0.312
Adding handler for unhandled exceptions ...
Initializing ... 
Instance recognized!
Parsing setting config ...
Parsing control config ...
Parsing instance ...
StatisticsFolder: Weighted2-Da_[[1, 8.0104, 0.71]]_2_[0.224, 0.1, 0.312].csv-3
Done!
