Executing ... 
 16:32:35 | >>> Warming up ...
 00:00:00 | >>> Warmup finished - starting simulation ...
 Realtime |   ETA    |  Sim.Time  | Progress | #Orders | #Bundles | Inv. | Distance | #Coll. |   Memory    
 00:00:00 |   n/a    | 0.00:00:00 |  0.00%   |    0    |    0     | 83%  |    0     |   0    | 107.88MB  
 00:00:00 | Reactivating bundle generation paused by inventory+reserved+backlog level (currently at: 0.6491666666666667)
 00:00:00 | 00:00:00 | 0.00:30:00 | 100.00%  |   353   |    0     | 40%  |   2463   |   0    | 107.30MB  
 00:00:00 | >>> Simulation finished - writing results ...
 00:00:00 | >>> Results written
Simulation finished.
>>> Timings
StatTimingPathPlanningAverage: 8.163920704845811E-05
StatTimingPathPlanningOverall: 0.037064199999999985
StatTimingPathPlanningCount: 454
StatTimingTaskAllocationAverage: 0.0015033499999999997
StatTimingTaskAllocationOverall: 0.17739529999999995
StatTimingTaskAllocationCount: 118
StatTimingItemStorageAverage: 1.1643700787401544E-06
StatTimingItemStorageOverall: 0.0005914999999999985
StatTimingItemStorageCount: 508
StatTimingPodStorageAverage: 0.0014163400000000003
StatTimingPodStorageOverall: 0.07081700000000002
StatTimingPodStorageCount: 50
StatTimingReplenishmentBatchingAverage: 1.2725E-05
StatTimingReplenishmentBatchingOverall: 5.09E-05
StatTimingReplenishmentBatchingCount: 4
StatTimingOrderBatchingAverage: 8.152024169184296E-05
StatTimingOrderBatchingOverall: 0.05396640000000004
StatTimingOrderBatchingCount: 662
>>> Overall
StatOverallBundlesPlaced: 180
StatOverallItemsOrdered: 611
StatOverallOrdersPlaced: 388
StatOverallBundlesRejected: 0
StatOverallOrdersRejected: 0
StatOverallBundlesHandled: 0
StatOverallItemsHandled: 518
StatOverallLinesHandled: 485
StatOverallOrdersHandled: 353
StatOverallCollisions: 0
StatOverallDistanceTraveled: 2463.2056041109863
StatOverallDistanceEstimated: 2433
StatOverallAssignedTasks: 118
StatMaxMemoryUsed: 107,87890625
StatRealTimeUsed: 0.6810474
StatAverageTurnoverTime: 511.6535412770417
StatMedianTurnoverTime: 418.00018758282556
StatLowerQuartileTurnoverTime: 155.57333333333338
StatUpperQuartileTurnoverTime: 741.0701875828254
StatAverageThroughputTime: 137.87384533237608
StatMedianThroughputTime: 60.801666666666165
StatLowerQuartileThroughputTime: 40.83166666666739
StatUpperQuartileThroughputTime: 154.31750359646094

Marked tag finished after 1 tries!
.Fin. - SUCCESS
<<< Welcome to the RAWSimO CLI >>>
The time is: 06/03/2024 16:32:36
Starting RAWSimO wrapper with the following arguments:
Instance: ..\..\..\..\Material\Instances\0.Weighted30min\Weighted2.xinst
Setting: ..\..\..\..\Material\Instances\0.Weighted30min\WeightedScenario.xsett
ControlConfig: ..\..\..\..\Material\Instances\0.Weighted30min\WeightedScenario.xconf
StatisticsDir: ..\..\..\..\Material\Instances\0.Weighted30min
Seed: 1
Additionally the following tag was passed: Dewlow
Adding handler for unhandled exceptions ...
Initializing ... 
Instance recognized!
Parsing setting config ...
Parsing control config ...
Parsing instance ...
StatisticsFolder: WeightedScenario-De_wlow_2.csv-1
Done!
