Executing ... 
 20:00:34 | >>> Warming up ...
 00:00:00 | >>> Warmup finished - starting simulation ...
 Realtime |   ETA    |  Sim.Time  | Progress | #Orders | #Bundles | Inv. | Distance | #Coll. |   Memory    
 00:00:00 |   n/a    | 0.00:00:00 |  0.00%   |    0    |    0     | 60%  |    0     |   0    |  78.83MB  
 00:00:00 | Cannot generate further orders - suspending generation for now
 00:00:00 | Cannot generate further orders - suspending generation for now
 00:00:00 | Cannot generate further orders - suspending generation for now
 00:00:00 | Cannot generate further orders - suspending generation for now
 00:00:00 | Cannot generate further orders - suspending generation for now
 00:00:00 | Cannot generate further orders - suspending generation for now
 00:00:01 | Cannot generate further orders - suspending generation for now
 00:00:01 | Cannot generate further orders - suspending generation for now
 00:00:01 | Cannot generate further orders - suspending generation for now
 00:00:01 | Cannot generate further orders - suspending generation for now
 00:00:01 | Cannot generate further orders - suspending generation for now
 00:00:01 | Cannot generate further orders - suspending generation for now
 00:00:01 | Cannot generate further orders - suspending generation for now
 00:00:01 | 00:00:00 | 0.00:30:00 | 100.00%  |   499   |    0     | 13%  |   4847   |   0    |  74.27MB  
 00:00:01 | >>> Simulation finished - writing results ...
 00:00:01 | >>> Results written
Simulation finished.
>>> Timings
StatTimingPathPlanningAverage: 0.00012735865992414663
StatTimingPathPlanningOverall: 0.10074069999999999
StatTimingPathPlanningCount: 791
StatTimingTaskAllocationAverage: 0.002072125125628141
StatTimingTaskAllocationOverall: 0.4123529
StatTimingTaskAllocationCount: 199
StatTimingItemStorageAverage: 1.1178045515394956E-06
StatTimingItemStorageOverall: 0.0008350000000000033
StatTimingItemStorageCount: 747
StatTimingPodStorageAverage: 0.001659574736842106
StatTimingPodStorageOverall: 0.15765960000000007
StatTimingPodStorageCount: 95
StatTimingReplenishmentBatchingAverage: 8.15E-06
StatTimingReplenishmentBatchingOverall: 1.63E-05
StatTimingReplenishmentBatchingCount: 2
StatTimingOrderBatchingAverage: 0.0001078243379571249
StatTimingOrderBatchingOverall: 0.08550470000000004
StatTimingOrderBatchingCount: 793
>>> Overall
StatOverallBundlesPlaced: 0
StatOverallItemsOrdered: 667
StatOverallOrdersPlaced: 411
StatOverallBundlesRejected: 0
StatOverallOrdersRejected: 0
StatOverallBundlesHandled: 0
StatOverallItemsHandled: 787
StatOverallLinesHandled: 734
StatOverallOrdersHandled: 499
StatOverallCollisions: 0
StatOverallDistanceTraveled: 4847.217644424196
StatOverallDistanceEstimated: 4625
StatOverallAssignedTasks: 199
StatMaxMemoryUsed: 78,45703125
StatRealTimeUsed: 1.1965366
StatAverageTurnoverTime: 427.8613093643426
StatMedianTurnoverTime: 300.85750359646045
StatLowerQuartileTurnoverTime: 140.9273160136355
StatUpperQuartileTurnoverTime: 599.7885209161587
StatAverageThroughputTime: 85.9376695799354
StatMedianThroughputTime: 29.096666666666806
StatLowerQuartileThroughputTime: 17.232683986365146
StatUpperQuartileThroughputTime: 83.92342712474692

Marked tag finished after 1 tries!
.Fin. - SUCCESS
<<< Welcome to the RAWSimO CLI >>>
The time is: 06/11/2024 20:00:35
Starting RAWSimO wrapper with the following arguments:
Instance: ..\..\..\..\Material\Instances\0.Weighted30min Demand separate\Df\Weighted2.xinst
Setting: ..\..\..\..\Material\Instances\0.Weighted30min Demand separate\Df\Weighted2.xsett
ControlConfig: ..\..\..\..\Material\Instances\0.Weighted30min Demand separate\Df\Weighted2.xconf
StatisticsDir: ..\..\..\..\Material\Instances\0.Weighted30min Demand separate\Df
Seed: 1
Additionally the following tag was passed: [[1, 0.436, 0.068]]
Adding handler for unhandled exceptions ...
Initializing ... 
Instance recognized!
Parsing setting config ...
Parsing control config ...
Parsing instance ...
StatisticsFolder: Weighted2-Df_[[1, 0.436, 0.068]]_1.csv-1
Done!
