Executing ... 
 19:11:12 | >>> Warming up ...
 00:00:00 | >>> Warmup finished - starting simulation ...
 Realtime |   ETA    |  Sim.Time  | Progress | #Orders | #Bundles | Inv. | Distance | #Coll. |   Memory    
 00:00:00 |   n/a    | 0.00:00:00 |  0.00%   |    0    |    0     | 60%  |    0     |   0    | 111.62MB  
 00:00:00 | Cannot generate further orders - suspending generation for now
 00:00:01 | Cannot generate further orders - suspending generation for now
 00:00:01 | Cannot generate further orders - suspending generation for now
 00:00:01 | Cannot generate further orders - suspending generation for now
 00:00:01 | Cannot generate further orders - suspending generation for now
 00:00:01 | Cannot generate further orders - suspending generation for now
 00:00:01 | Cannot generate further orders - suspending generation for now
 00:00:01 | Cannot generate further orders - suspending generation for now
 00:00:01 | 00:00:00 | 0.00:30:00 | 100.00%  |   467   |    0     | 18%  |   5197   |   0    | 109.07MB  
 00:00:01 | >>> Simulation finished - writing results ...
 00:00:01 | >>> Results written
Simulation finished.
>>> Timings
StatTimingPathPlanningAverage: 9.64589349112427E-05
StatTimingPathPlanningOverall: 0.08150780000000009
StatTimingPathPlanningCount: 845
StatTimingTaskAllocationAverage: 0.002224872985781989
StatTimingTaskAllocationOverall: 0.4694481999999997
StatTimingTaskAllocationCount: 211
StatTimingItemStorageAverage: 1.0811594202898546E-06
StatTimingItemStorageOverall: 0.0007459999999999997
StatTimingItemStorageCount: 690
StatTimingPodStorageAverage: 0.0017991326732673266
StatTimingPodStorageOverall: 0.1817124
StatTimingPodStorageCount: 101
StatTimingReplenishmentBatchingAverage: 1.02E-05
StatTimingReplenishmentBatchingOverall: 2.04E-05
StatTimingReplenishmentBatchingCount: 2
StatTimingOrderBatchingAverage: 9.87181585677749E-05
StatTimingOrderBatchingOverall: 0.07719759999999998
StatTimingOrderBatchingCount: 782
>>> Overall
StatOverallBundlesPlaced: 0
StatOverallItemsOrdered: 641
StatOverallOrdersPlaced: 414
StatOverallBundlesRejected: 0
StatOverallOrdersRejected: 0
StatOverallBundlesHandled: 0
StatOverallItemsHandled: 704
StatOverallLinesHandled: 666
StatOverallOrdersHandled: 467
StatOverallCollisions: 0
StatOverallDistanceTraveled: 5197.400169347424
StatOverallDistanceEstimated: 5030
StatOverallAssignedTasks: 211
StatMaxMemoryUsed: 111,625
StatRealTimeUsed: 1.1587899
StatAverageTurnoverTime: 453.7901974447603
StatMedianTurnoverTime: 275.0474098050495
StatLowerQuartileTurnoverTime: 103.36342712474612
StatUpperQuartileTurnoverTime: 688.7580519590977
StatAverageThroughputTime: 87.33962591578084
StatMedianThroughputTime: 20.736111111111086
StatLowerQuartileThroughputTime: 12.827409805047779
StatUpperQuartileThroughputTime: 72.06379509747262

Marked tag finished after 1 tries!
.Fin. - SUCCESS
<<< Welcome to the RAWSimO CLI >>>
The time is: 06/12/2024 19:11:13
Starting RAWSimO wrapper with the following arguments:
Instance: ..\..\..\..\Material\Instances\0.Weighted30min Demand separate\Da\Weighted2.xinst
Setting: ..\..\..\..\Material\Instances\0.Weighted30min Demand separate\Da\Weighted2.xsett
ControlConfig: ..\..\..\..\Material\Instances\0.Weighted30min Demand separate\Da\Weighted2.xconf
StatisticsDir: ..\..\..\..\Material\Instances\0.Weighted30min Demand separate\Da
Seed: 1
Additionally the following tag was passed: [[1, 5.026, 0.052]]
Adding handler for unhandled exceptions ...
Initializing ... 
Instance recognized!
Parsing setting config ...
Parsing control config ...
Parsing instance ...
StatisticsFolder: Weighted2-Da_[[1, 5.026, 0.052]]_1.csv-1
Done!
