Executing ... 
 19:10:44 | >>> Warming up ...
 00:00:00 | >>> Warmup finished - starting simulation ...
 Realtime |   ETA    |  Sim.Time  | Progress | #Orders | #Bundles | Inv. | Distance | #Coll. |   Memory    
 00:00:00 |   n/a    | 0.00:00:00 |  0.00%   |    0    |    0     | 60%  |    0     |   0    | 112.25MB  
 00:00:00 | Cannot generate further orders - suspending generation for now
 00:00:00 | Cannot generate further orders - suspending generation for now
 00:00:00 | Cannot generate further orders - suspending generation for now
 00:00:00 | Cannot generate further orders - suspending generation for now
 00:00:00 | Cannot generate further orders - suspending generation for now
 00:00:00 | Cannot generate further orders - suspending generation for now
 00:00:00 | Cannot generate further orders - suspending generation for now
 00:00:00 | Cannot generate further orders - suspending generation for now
 00:00:00 | Cannot generate further orders - suspending generation for now
 00:00:00 | Cannot generate further orders - suspending generation for now
 00:00:01 | Cannot generate further orders - suspending generation for now
 00:00:01 | Cannot generate further orders - suspending generation for now
 00:00:01 | Cannot generate further orders - suspending generation for now
 00:00:01 | 00:00:00 | 0.00:30:00 | 100.00%  |   493   |    0     | 16%  |   5198   |   0    | 107.32MB  
 00:00:01 | >>> Simulation finished - writing results ...
 00:00:01 | >>> Results written
Simulation finished.
>>> Timings
StatTimingPathPlanningAverage: 9.048525943396216E-05
StatTimingPathPlanningOverall: 0.07673149999999991
StatTimingPathPlanningCount: 848
StatTimingTaskAllocationAverage: 0.0020480981220657286
StatTimingTaskAllocationOverall: 0.43624490000000016
StatTimingTaskAllocationCount: 213
StatTimingItemStorageAverage: 1.081046676096184E-06
StatTimingItemStorageOverall: 0.0007643000000000022
StatTimingItemStorageCount: 707
StatTimingPodStorageAverage: 0.0019055627450980384
StatTimingPodStorageOverall: 0.1943673999999999
StatTimingPodStorageCount: 102
StatTimingReplenishmentBatchingAverage: 8E-06
StatTimingReplenishmentBatchingOverall: 1.6E-05
StatTimingReplenishmentBatchingCount: 2
StatTimingOrderBatchingAverage: 9.868156209987188E-05
StatTimingOrderBatchingOverall: 0.07707029999999994
StatTimingOrderBatchingCount: 781
>>> Overall
StatOverallBundlesPlaced: 0
StatOverallItemsOrdered: 667
StatOverallOrdersPlaced: 437
StatOverallBundlesRejected: 0
StatOverallOrdersRejected: 0
StatOverallBundlesHandled: 0
StatOverallItemsHandled: 725
StatOverallLinesHandled: 688
StatOverallOrdersHandled: 493
StatOverallCollisions: 0
StatOverallDistanceTraveled: 5197.879799403658
StatOverallDistanceEstimated: 5002
StatOverallAssignedTasks: 213
StatMaxMemoryUsed: 110,90234375
StatRealTimeUsed: 1.1159042
StatAverageTurnoverTime: 434.16335381294834
StatMedianTurnoverTime: 286.01037516565134
StatLowerQuartileTurnoverTime: 123.38333333333335
StatUpperQuartileTurnoverTime: 617.8590836646365
StatAverageThroughputTime: 86.60997011387066
StatMedianThroughputTime: 20.506017319698287
StatLowerQuartileThroughputTime: 12.544444444444594
StatUpperQuartileThroughputTime: 73.56963202727025

Marked tag finished after 1 tries!
.Fin. - SUCCESS
<<< Welcome to the RAWSimO CLI >>>
The time is: 06/12/2024 19:10:46
Starting RAWSimO wrapper with the following arguments:
Instance: ..\..\..\..\Material\Instances\0.Weighted30min Demand separate\Da\Weighted2.xinst
Setting: ..\..\..\..\Material\Instances\0.Weighted30min Demand separate\Da\Weighted2.xsett
ControlConfig: ..\..\..\..\Material\Instances\0.Weighted30min Demand separate\Da\Weighted2.xconf
StatisticsDir: ..\..\..\..\Material\Instances\0.Weighted30min Demand separate\Da
Seed: 1
Additionally the following tag was passed: [[1, 2.539, 0.052]]
Adding handler for unhandled exceptions ...
Initializing ... 
Instance recognized!
Parsing setting config ...
Parsing control config ...
Parsing instance ...
StatisticsFolder: Weighted2-Da_[[1, 2.539, 0.052]]_2.csv-1
Done!
