Executing ... 
 09:24:17 | >>> Warming up ...
 00:00:00 | >>> Warmup finished - starting simulation ...
 Realtime |   ETA    |  Sim.Time  | Progress | #Orders | #Bundles | Inv. | Distance | #Coll. |   Memory    
 00:00:00 |   n/a    | 0.00:00:00 |  0.00%   |    0    |    0     | 60%  |    0     |   0    | 101.46MB  
 00:00:00 | Cannot generate further orders - suspending generation for now
 00:00:00 | Cannot generate further orders - suspending generation for now
 00:00:00 | Cannot generate further orders - suspending generation for now
 00:00:00 | Cannot generate further orders - suspending generation for now
 00:00:01 | Cannot generate further orders - suspending generation for now
 00:00:01 | Cannot generate further orders - suspending generation for now
 00:00:01 | Cannot generate further orders - suspending generation for now
 00:00:01 | Cannot generate further orders - suspending generation for now
 00:00:01 | 00:00:00 | 0.00:30:00 | 100.00%  |   448   |    0     | 19%  |   5121   |   0    |  63.36MB  
 00:00:01 | >>> Simulation finished - writing results ...
 00:00:01 | >>> Results written
Simulation finished.
>>> Timings
StatTimingPathPlanningAverage: 0.00012205657276995309
StatTimingPathPlanningOverall: 0.10399220000000003
StatTimingPathPlanningCount: 852
StatTimingTaskAllocationAverage: 0.0018314212264150939
StatTimingTaskAllocationOverall: 0.3882612999999999
StatTimingTaskAllocationCount: 212
StatTimingItemStorageAverage: 1.176240601503758E-06
StatTimingItemStorageOverall: 0.0007821999999999991
StatTimingItemStorageCount: 665
StatTimingPodStorageAverage: 0.0015566578431372544
StatTimingPodStorageOverall: 0.15877909999999995
StatTimingPodStorageCount: 102
StatTimingReplenishmentBatchingAverage: 7.95E-06
StatTimingReplenishmentBatchingOverall: 1.59E-05
StatTimingReplenishmentBatchingCount: 2
StatTimingOrderBatchingAverage: 9.209728629579379E-05
StatTimingOrderBatchingOverall: 0.06787570000000002
StatTimingOrderBatchingCount: 737
>>> Overall
StatOverallBundlesPlaced: 0
StatOverallItemsOrdered: 657
StatOverallOrdersPlaced: 410
StatOverallBundlesRejected: 0
StatOverallOrdersRejected: 0
StatOverallBundlesHandled: 0
StatOverallItemsHandled: 683
StatOverallLinesHandled: 646
StatOverallOrdersHandled: 448
StatOverallCollisions: 0
StatOverallDistanceTraveled: 5120.57216986446
StatOverallDistanceEstimated: 5030
StatOverallAssignedTasks: 212
StatMaxMemoryUsed: 103,04296875
StatRealTimeUsed: 1.1187147
StatAverageTurnoverTime: 474.61832980196795
StatMedianTurnoverTime: 307.3257431383845
StatLowerQuartileTurnoverTime: 126.47453823585761
StatUpperQuartileTurnoverTime: 680.8115728752539
StatAverageThroughputTime: 96.91078021801157
StatMedianThroughputTime: 18.891204902523953
StatLowerQuartileThroughputTime: 12.556666666666843
StatUpperQuartileThroughputTime: 74.28731601363711

Marked tag finished after 1 tries!
.Fin. - SUCCESS
<<< Welcome to the RAWSimO CLI >>>
The time is: 06/13/2024 09:24:18
Starting RAWSimO wrapper with the following arguments:
Instance: ..\..\..\..\Material\Instances\0.Weighted30min Demand separate\Da\Weighted2.xinst
Setting: ..\..\..\..\Material\Instances\0.Weighted30min Demand separate\Da\Weighted2.xsett
ControlConfig: ..\..\..\..\Material\Instances\0.Weighted30min Demand separate\Da\Weighted2.xconf
StatisticsDir: ..\..\..\..\Material\Instances\0.Weighted30min Demand separate\Da
Seed: 1
Additionally the following tag was passed: 1, 0.052, 0.5455, 0.103, 1.0, 0.25
Adding handler for unhandled exceptions ...
Initializing ... 
Instance recognized!
Parsing setting config ...
Parsing control config ...
Parsing instance ...
StatisticsFolder: Weighted2-Da_[[1, 0.052, 0.5455]]_1_[0.103, 1.0, 0.25].csv-1
Done!
