Executing ... 
 13:45:59 | >>> Warming up ...
 00:00:00 | >>> Warmup finished - starting simulation ...
 Realtime |   ETA    |  Sim.Time  | Progress | #Orders | #Bundles | Inv. | Distance | #Coll. |   Memory    
 00:00:00 |   n/a    | 0.00:00:00 |  0.00%   |    0    |    0     | 60%  |    0     |   0    |  88.36MB  
 00:00:01 | Cannot generate further orders - suspending generation for now
 00:00:01 | Cannot generate further orders - suspending generation for now
 00:00:01 | Cannot generate further orders - suspending generation for now
 00:00:01 | Cannot generate further orders - suspending generation for now
 00:00:01 | Cannot generate further orders - suspending generation for now
 00:00:01 | Cannot generate further orders - suspending generation for now
 00:00:01 | Cannot generate further orders - suspending generation for now
 00:00:01 | Cannot generate further orders - suspending generation for now
 00:00:01 | Cannot generate further orders - suspending generation for now
 00:00:01 | Cannot generate further orders - suspending generation for now
 00:00:01 | Cannot generate further orders - suspending generation for now
 00:00:01 | 00:00:00 | 0.00:30:00 | 100.00%  |   508   |    0     | 14%  |   4933   |   0    |  86.25MB  
 00:00:01 | >>> Simulation finished - writing results ...
 00:00:01 | >>> Results written
Simulation finished.
>>> Timings
StatTimingPathPlanningAverage: 0.0001346429487179487
StatTimingPathPlanningOverall: 0.1050215
StatTimingPathPlanningCount: 780
StatTimingTaskAllocationAverage: 0.003247035714285717
StatTimingTaskAllocationOverall: 0.6818775000000006
StatTimingTaskAllocationCount: 210
StatTimingItemStorageAverage: 1.9285902503293777E-06
StatTimingItemStorageOverall: 0.0014637999999999977
StatTimingItemStorageCount: 759
StatTimingPodStorageAverage: 0.0033618600000000004
StatTimingPodStorageOverall: 0.33618600000000004
StatTimingPodStorageCount: 100
StatTimingReplenishmentBatchingAverage: 1.64E-05
StatTimingReplenishmentBatchingOverall: 3.28E-05
StatTimingReplenishmentBatchingCount: 2
StatTimingOrderBatchingAverage: 0.00015018365853658545
StatTimingOrderBatchingOverall: 0.12315060000000007
StatTimingOrderBatchingCount: 820
>>> Overall
StatOverallBundlesPlaced: 0
StatOverallItemsOrdered: 636
StatOverallOrdersPlaced: 413
StatOverallBundlesRejected: 0
StatOverallOrdersRejected: 0
StatOverallBundlesHandled: 0
StatOverallItemsHandled: 772
StatOverallLinesHandled: 732
StatOverallOrdersHandled: 508
StatOverallCollisions: 0
StatOverallDistanceTraveled: 4933.4377655195585
StatOverallDistanceEstimated: 4764
StatOverallAssignedTasks: 210
StatMaxMemoryUsed: 88,35546875
StatRealTimeUsed: 1.64379
StatAverageTurnoverTime: 455.9995953880512
StatMedianTurnoverTime: 295.80981961009707
StatLowerQuartileTurnoverTime: 115.46676765100256
StatUpperQuartileTurnoverTime: 687.8557431383819
StatAverageThroughputTime: 86.72409407533787
StatMedianThroughputTime: 23.934444444444807
StatLowerQuartileThroughputTime: 16.04749640353964
StatUpperQuartileThroughputTime: 72.09842712474597

Marked tag finished after 1 tries!
.Fin. - SUCCESS
<<< Welcome to the RAWSimO CLI >>>
The time is: 06/07/2024 13:46:01
Starting RAWSimO wrapper with the following arguments:
Instance: ..\..\..\..\Material\Instances\0.Weighted30min Demand separate\Dd\Weighted2.xinst
Setting: ..\..\..\..\Material\Instances\0.Weighted30min Demand separate\Dd\Weighted2.xsett
ControlConfig: ..\..\..\..\Material\Instances\0.Weighted30min Demand separate\Dd\Weighted2.xconf
StatisticsDir: ..\..\..\..\Material\Instances\0.Weighted30min Demand separate\Dd
Seed: 1
Additionally the following tag was passed: [[1, 3, 0.05]]
Adding handler for unhandled exceptions ...
Initializing ... 
Instance recognized!
Parsing setting config ...
Parsing control config ...
Parsing instance ...
StatisticsFolder: Weighted2-Dd_[[1, 3, 0.05]]_2.csv-1
Done!
