Executing ... 
 13:46:54 | >>> Warming up ...
 00:00:00 | >>> Warmup finished - starting simulation ...
 Realtime |   ETA    |  Sim.Time  | Progress | #Orders | #Bundles | Inv. | Distance | #Coll. |   Memory    
 00:00:00 |   n/a    | 0.00:00:00 |  0.00%   |    0    |    0     | 60%  |    0     |   0    |  91.52MB  
 00:00:00 | Cannot generate further orders - suspending generation for now
 00:00:00 | Cannot generate further orders - suspending generation for now
 00:00:00 | Cannot generate further orders - suspending generation for now
 00:00:00 | Cannot generate further orders - suspending generation for now
 00:00:00 | Cannot generate further orders - suspending generation for now
 00:00:00 | Cannot generate further orders - suspending generation for now
 00:00:00 | Cannot generate further orders - suspending generation for now
 00:00:00 | Cannot generate further orders - suspending generation for now
 00:00:00 | Cannot generate further orders - suspending generation for now
 00:00:01 | Pausing order generation due to inventory level (currently at: 0.08511904761904762)
 00:00:01 | 00:00:00 | 0.00:30:00 | 100.00%  |   587   |    0     |  5%  |   4316   |   0    |  88.16MB  
 00:00:01 | >>> Simulation finished - writing results ...
 00:00:01 | >>> Results written
Simulation finished.
>>> Timings
StatTimingPathPlanningAverage: 0.0001252640316205533
StatTimingPathPlanningOverall: 0.09507539999999996
StatTimingPathPlanningCount: 759
StatTimingTaskAllocationAverage: 0.0025223868571428564
StatTimingTaskAllocationOverall: 0.44141769999999986
StatTimingTaskAllocationCount: 175
StatTimingItemStorageAverage: 9.42129105322763E-07
StatTimingItemStorageOverall: 0.0008318999999999998
StatTimingItemStorageCount: 883
StatTimingPodStorageAverage: 0.0021931469879518067
StatTimingPodStorageOverall: 0.18203119999999995
StatTimingPodStorageCount: 83
StatTimingReplenishmentBatchingAverage: 9.950000000000001E-06
StatTimingReplenishmentBatchingOverall: 1.9900000000000003E-05
StatTimingReplenishmentBatchingCount: 2
StatTimingOrderBatchingAverage: 9.583535469107563E-05
StatTimingOrderBatchingOverall: 0.0837601000000001
StatTimingOrderBatchingCount: 874
>>> Overall
StatOverallBundlesPlaced: 0
StatOverallItemsOrdered: 665
StatOverallOrdersPlaced: 434
StatOverallBundlesRejected: 0
StatOverallOrdersRejected: 0
StatOverallBundlesHandled: 0
StatOverallItemsHandled: 925
StatOverallLinesHandled: 884
StatOverallOrdersHandled: 587
StatOverallCollisions: 0
StatOverallDistanceTraveled: 4316.021103918177
StatOverallDistanceEstimated: 4258
StatOverallAssignedTasks: 175
StatMaxMemoryUsed: 92,296875
StatRealTimeUsed: 1.1452625
StatAverageTurnoverTime: 444.22007550578036
StatMedianTurnoverTime: 267.7362049025241
StatLowerQuartileTurnoverTime: 113.99787156919068
StatUpperQuartileTurnoverTime: 685.077503596463
StatAverageThroughputTime: 77.66318623299406
StatMedianThroughputTime: 40.53555555555556
StatLowerQuartileThroughputTime: 24.54990620858689
StatUpperQuartileThroughputTime: 74.7089826803026

Marked tag finished after 1 tries!
.Fin. - SUCCESS
<<< Welcome to the RAWSimO CLI >>>
The time is: 06/07/2024 13:46:56
Starting RAWSimO wrapper with the following arguments:
Instance: ..\..\..\..\Material\Instances\0.Weighted30min Demand separate\De\Weighted2.xinst
Setting: ..\..\..\..\Material\Instances\0.Weighted30min Demand separate\De\Weighted2.xsett
ControlConfig: ..\..\..\..\Material\Instances\0.Weighted30min Demand separate\De\Weighted2.xconf
StatisticsDir: ..\..\..\..\Material\Instances\0.Weighted30min Demand separate\De
Seed: 1
Additionally the following tag was passed: [[1, 4.186, 0.058]]
Adding handler for unhandled exceptions ...
Initializing ... 
Instance recognized!
Parsing setting config ...
Parsing control config ...
Parsing instance ...
StatisticsFolder: Weighted2-De_[[1, 4.186, 0.058]]_2.csv-1
Done!
