Executing ... 
 09:49:28 | >>> Warming up ...
 00:00:00 | >>> Warmup finished - starting simulation ...
 Realtime |   ETA    |  Sim.Time  | Progress | #Orders | #Bundles | Inv. | Distance | #Coll. |   Memory    
 00:00:00 |   n/a    | 0.00:00:00 |  0.00%   |    0    |    0     | 60%  |    0     |   0    | 130.20MB  
 00:00:00 | Cannot generate further orders - suspending generation for now
 00:00:00 | Cannot generate further orders - suspending generation for now
 00:00:00 | Cannot generate further orders - suspending generation for now
 00:00:00 | Cannot generate further orders - suspending generation for now
 00:00:00 | Cannot generate further orders - suspending generation for now
 00:00:00 | Cannot generate further orders - suspending generation for now
 00:00:00 | Cannot generate further orders - suspending generation for now
 00:00:00 | Cannot generate further orders - suspending generation for now
 00:00:00 | Cannot generate further orders - suspending generation for now
 00:00:00 | Cannot generate further orders - suspending generation for now
 00:00:00 | 00:00:00 | 0.00:30:00 | 100.00%  |   483   |    0     | 17%  |   5121   |   0    | 128.05MB  
 00:00:00 | >>> Simulation finished - writing results ...
 00:00:00 | >>> Results written
Simulation finished.
>>> Timings
StatTimingPathPlanningAverage: 8.087422934648585E-05
StatTimingPathPlanningOverall: 0.06558900000000002
StatTimingPathPlanningCount: 811
StatTimingTaskAllocationAverage: 0.0016153276995305164
StatTimingTaskAllocationOverall: 0.3440648
StatTimingTaskAllocationCount: 213
StatTimingItemStorageAverage: 9.132667617689042E-07
StatTimingItemStorageOverall: 0.0006402000000000019
StatTimingItemStorageCount: 701
StatTimingPodStorageAverage: 0.0014765147058823532
StatTimingPodStorageOverall: 0.15060450000000003
StatTimingPodStorageCount: 102
StatTimingReplenishmentBatchingAverage: 7.8E-06
StatTimingReplenishmentBatchingOverall: 1.56E-05
StatTimingReplenishmentBatchingCount: 2
StatTimingOrderBatchingAverage: 7.768236808236799E-05
StatTimingOrderBatchingOverall: 0.060359199999999925
StatTimingOrderBatchingCount: 777
>>> Overall
StatOverallBundlesPlaced: 0
StatOverallItemsOrdered: 631
StatOverallOrdersPlaced: 410
StatOverallBundlesRejected: 0
StatOverallOrdersRejected: 0
StatOverallBundlesHandled: 0
StatOverallItemsHandled: 721
StatOverallLinesHandled: 680
StatOverallOrdersHandled: 483
StatOverallCollisions: 0
StatOverallDistanceTraveled: 5121.4895223479925
StatOverallDistanceEstimated: 4987
StatOverallAssignedTasks: 213
StatMaxMemoryUsed: 130,1953125
StatRealTimeUsed: 0.9318846
StatAverageTurnoverTime: 485.8333823301227
StatMedianTurnoverTime: 342.1787084989844
StatLowerQuartileTurnoverTime: 133.57018758282572
StatUpperQuartileTurnoverTime: 694.9512120954458
StatAverageThroughputTime: 93.4231557940686
StatMedianThroughputTime: 20.242316013635076
StatLowerQuartileThroughputTime: 12.88064934696854
StatUpperQuartileThroughputTime: 86.89611111111077

Marked tag finished after 1 tries!
.Fin. - SUCCESS
<<< Welcome to the RAWSimO CLI >>>
The time is: 06/13/2024 09:49:29
Starting RAWSimO wrapper with the following arguments:
Instance: ..\..\..\..\Material\Instances\0.Weighted30min Demand separate\Dc\Weighted2.xinst
Setting: ..\..\..\..\Material\Instances\0.Weighted30min Demand separate\Dc\Weighted2.xsett
ControlConfig: ..\..\..\..\Material\Instances\0.Weighted30min Demand separate\Dc\Weighted2.xconf
StatisticsDir: ..\..\..\..\Material\Instances\0.Weighted30min Demand separate\Dc
Seed: 3
Additionally the following tag was passed: 1, 1.2638, 0.27199999999999996, 0.146, 0.143, 0.538
Adding handler for unhandled exceptions ...
Initializing ... 
Instance recognized!
Parsing setting config ...
Parsing control config ...
Parsing instance ...
StatisticsFolder: Weighted2-Dc_[[1, 1.2638, 0.27199999999999996]]_3_[0.146, 0.143, 0.538].csv-3
Done!
