Executing ... 
 09:50:46 | >>> Warming up ...
 00:00:00 | >>> Warmup finished - starting simulation ...
 Realtime |   ETA    |  Sim.Time  | Progress | #Orders | #Bundles | Inv. | Distance | #Coll. |   Memory    
 00:00:00 |   n/a    | 0.00:00:00 |  0.00%   |    0    |    0     | 60%  |    0     |   0    | 113.37MB  
 00:00:00 | Cannot generate further orders - suspending generation for now
 00:00:00 | Cannot generate further orders - suspending generation for now
 00:00:00 | Cannot generate further orders - suspending generation for now
 00:00:01 | Cannot generate further orders - suspending generation for now
 00:00:01 | Cannot generate further orders - suspending generation for now
 00:00:01 | Cannot generate further orders - suspending generation for now
 00:00:01 | Cannot generate further orders - suspending generation for now
 00:00:01 | Cannot generate further orders - suspending generation for now
 00:00:01 | Cannot generate further orders - suspending generation for now
 00:00:01 | Cannot generate further orders - suspending generation for now
 00:00:01 | Cannot generate further orders - suspending generation for now
 00:00:01 | Cannot generate further orders - suspending generation for now
 00:00:01 | 00:00:00 | 0.00:30:00 | 100.00%  |   488   |    0     | 14%  |   4937   |   0    | 115.48MB  
 00:00:01 | >>> Simulation finished - writing results ...
 00:00:01 | >>> Results written
Simulation finished.
>>> Timings
StatTimingPathPlanningAverage: 0.00010491789976133643
StatTimingPathPlanningOverall: 0.08792119999999992
StatTimingPathPlanningCount: 838
StatTimingTaskAllocationAverage: 0.002584833499999998
StatTimingTaskAllocationOverall: 0.5169666999999996
StatTimingTaskAllocationCount: 200
StatTimingItemStorageAverage: 1.3756648936170119E-06
StatTimingItemStorageOverall: 0.0010344999999999929
StatTimingItemStorageCount: 752
StatTimingPodStorageAverage: 0.002427026315789474
StatTimingPodStorageOverall: 0.23056750000000004
StatTimingPodStorageCount: 95
StatTimingReplenishmentBatchingAverage: 1.065E-05
StatTimingReplenishmentBatchingOverall: 2.13E-05
StatTimingReplenishmentBatchingCount: 2
StatTimingOrderBatchingAverage: 0.00010736471337579604
StatTimingOrderBatchingOverall: 0.08428129999999989
StatTimingOrderBatchingCount: 785
>>> Overall
StatOverallBundlesPlaced: 0
StatOverallItemsOrdered: 634
StatOverallOrdersPlaced: 395
StatOverallBundlesRejected: 0
StatOverallOrdersRejected: 0
StatOverallBundlesHandled: 0
StatOverallItemsHandled: 773
StatOverallLinesHandled: 733
StatOverallOrdersHandled: 488
StatOverallCollisions: 0
StatOverallDistanceTraveled: 4936.910354735007
StatOverallDistanceEstimated: 4838
StatOverallAssignedTasks: 200
StatMaxMemoryUsed: 115,63671875
StatRealTimeUsed: 1.2441939
StatAverageTurnoverTime: 456.7075637216371
StatMedianTurnoverTime: 267.97601731969837
StatLowerQuartileTurnoverTime: 112.88666666666668
StatUpperQuartileTurnoverTime: 701.7649062085874
StatAverageThroughputTime: 86.17956516261609
StatMedianThroughputTime: 27.524444444444484
StatLowerQuartileThroughputTime: 16.368333333333396
StatUpperQuartileThroughputTime: 80.69546176414212

Marked tag finished after 1 tries!
.Fin. - SUCCESS
<<< Welcome to the RAWSimO CLI >>>
The time is: 06/13/2024 09:50:47
Starting RAWSimO wrapper with the following arguments:
Instance: ..\..\..\..\Material\Instances\0.Weighted30min Demand separate\Dc\Weighted2.xinst
Setting: ..\..\..\..\Material\Instances\0.Weighted30min Demand separate\Dc\Weighted2.xsett
ControlConfig: ..\..\..\..\Material\Instances\0.Weighted30min Demand separate\Dc\Weighted2.xconf
StatisticsDir: ..\..\..\..\Material\Instances\0.Weighted30min Demand separate\Dc
Seed: 1
Additionally the following tag was passed: 1, 2.4696, 0.7, 0.217, 0.143, 0.333
Adding handler for unhandled exceptions ...
Initializing ... 
Instance recognized!
Parsing setting config ...
Parsing control config ...
Parsing instance ...
StatisticsFolder: Weighted2-Dc_[[1, 2.4696, 0.7]]_3_[0.217, 0.143, 0.333].csv-1
Done!
