Executing ... 
 09:48:53 | >>> Warming up ...
 00:00:00 | >>> Warmup finished - starting simulation ...
 Realtime |   ETA    |  Sim.Time  | Progress | #Orders | #Bundles | Inv. | Distance | #Coll. |   Memory    
 00:00:00 |   n/a    | 0.00:00:00 |  0.00%   |    0    |    0     | 60%  |    0     |   0    | 148.53MB  
 00:00:00 | Cannot generate further orders - suspending generation for now
 00:00:00 | Cannot generate further orders - suspending generation for now
 00:00:00 | Cannot generate further orders - suspending generation for now
 00:00:00 | Cannot generate further orders - suspending generation for now
 00:00:00 | Cannot generate further orders - suspending generation for now
 00:00:00 | Cannot generate further orders - suspending generation for now
 00:00:00 | Cannot generate further orders - suspending generation for now
 00:00:00 | Cannot generate further orders - suspending generation for now
 00:00:00 | Cannot generate further orders - suspending generation for now
 00:00:01 | 00:00:00 | 0.00:30:00 | 100.00%  |   513   |    0     | 12%  |   4785   |   0    | 143.29MB  
 00:00:01 | >>> Simulation finished - writing results ...
 00:00:01 | >>> Results written
Simulation finished.
>>> Timings
StatTimingPathPlanningAverage: 9.80222772277228E-05
StatTimingPathPlanningOverall: 0.07920200000000002
StatTimingPathPlanningCount: 808
StatTimingTaskAllocationAverage: 0.0019331557291666676
StatTimingTaskAllocationOverall: 0.37116590000000016
StatTimingTaskAllocationCount: 192
StatTimingItemStorageAverage: 1.7738461538461504E-06
StatTimingItemStorageOverall: 0.0013835999999999974
StatTimingItemStorageCount: 780
StatTimingPodStorageAverage: 0.0016885999999999995
StatTimingPodStorageOverall: 0.15703979999999995
StatTimingPodStorageCount: 93
StatTimingReplenishmentBatchingAverage: 8.8E-06
StatTimingReplenishmentBatchingOverall: 1.76E-05
StatTimingReplenishmentBatchingCount: 2
StatTimingOrderBatchingAverage: 9.110971563981046E-05
StatTimingOrderBatchingOverall: 0.07689660000000002
StatTimingOrderBatchingCount: 844
>>> Overall
StatOverallBundlesPlaced: 0
StatOverallItemsOrdered: 667
StatOverallOrdersPlaced: 427
StatOverallBundlesRejected: 0
StatOverallOrdersRejected: 0
StatOverallBundlesHandled: 0
StatOverallItemsHandled: 798
StatOverallLinesHandled: 759
StatOverallOrdersHandled: 513
StatOverallCollisions: 0
StatOverallDistanceTraveled: 4785.367810696073
StatOverallDistanceEstimated: 4664
StatOverallAssignedTasks: 192
StatMaxMemoryUsed: 148,52734375
StatRealTimeUsed: 1.0059189
StatAverageTurnoverTime: 465.44661665412855
StatMedianTurnoverTime: 303.0094444444451
StatLowerQuartileTurnoverTime: 114.26453823585769
StatUpperQuartileTurnoverTime: 715.3801009843345
StatAverageThroughputTime: 89.40829351475021
StatMedianThroughputTime: 28.3776839863649
StatLowerQuartileThroughputTime: 16.717402612123806
StatUpperQuartileThroughputTime: 79.94000000000005

Marked tag finished after 1 tries!
.Fin. - SUCCESS
<<< Welcome to the RAWSimO CLI >>>
The time is: 06/13/2024 09:48:54
Starting RAWSimO wrapper with the following arguments:
Instance: ..\..\..\..\Material\Instances\0.Weighted30min Demand separate\Dc\Weighted2.xinst
Setting: ..\..\..\..\Material\Instances\0.Weighted30min Demand separate\Dc\Weighted2.xsett
ControlConfig: ..\..\..\..\Material\Instances\0.Weighted30min Demand separate\Dc\Weighted2.xconf
StatisticsDir: ..\..\..\..\Material\Instances\0.Weighted30min Demand separate\Dc
Seed: 3
Additionally the following tag was passed: 1, 1, 1, 0.21, 0.214, 0.333
Adding handler for unhandled exceptions ...
Initializing ... 
Instance recognized!
Parsing setting config ...
Parsing control config ...
Parsing instance ...
StatisticsFolder: Weighted2-Dc_[[1, 1, 1]]_1_[0.21, 0.214, 0.333].csv-3
Done!
