Executing ... 
 09:25:14 | >>> Warming up ...
 00:00:00 | >>> Warmup finished - starting simulation ...
 Realtime |   ETA    |  Sim.Time  | Progress | #Orders | #Bundles | Inv. | Distance | #Coll. |   Memory    
 00:00:00 |   n/a    | 0.00:00:00 |  0.00%   |    0    |    0     | 60%  |    0     |   0    |  80.15MB  
 00:00:00 | Cannot generate further orders - suspending generation for now
 00:00:00 | Cannot generate further orders - suspending generation for now
 00:00:00 | Cannot generate further orders - suspending generation for now
 00:00:00 | Cannot generate further orders - suspending generation for now
 00:00:00 | Cannot generate further orders - suspending generation for now
 00:00:01 | Cannot generate further orders - suspending generation for now
 00:00:01 | 00:00:00 | 0.00:30:00 | 100.00%  |   447   |    0     | 19%  |   5204   |   0    |  76.43MB  
 00:00:01 | >>> Simulation finished - writing results ...
 00:00:01 | >>> Results written
Simulation finished.
>>> Timings
StatTimingPathPlanningAverage: 8.57192757009345E-05
StatTimingPathPlanningOverall: 0.07337569999999993
StatTimingPathPlanningCount: 856
StatTimingTaskAllocationAverage: 0.0018082155660377353
StatTimingTaskAllocationOverall: 0.3833416999999999
StatTimingTaskAllocationCount: 212
StatTimingItemStorageAverage: 9.518018018018044E-07
StatTimingItemStorageOverall: 0.0006339000000000017
StatTimingItemStorageCount: 666
StatTimingPodStorageAverage: 0.0016112893203883492
StatTimingPodStorageOverall: 0.16596279999999997
StatTimingPodStorageCount: 103
StatTimingReplenishmentBatchingAverage: 1.1599999999999999E-05
StatTimingReplenishmentBatchingOverall: 2.3199999999999998E-05
StatTimingReplenishmentBatchingCount: 2
StatTimingOrderBatchingAverage: 0.00010141405835543768
StatTimingOrderBatchingOverall: 0.07646620000000001
StatTimingOrderBatchingCount: 754
>>> Overall
StatOverallBundlesPlaced: 0
StatOverallItemsOrdered: 648
StatOverallOrdersPlaced: 410
StatOverallBundlesRejected: 0
StatOverallOrdersRejected: 0
StatOverallBundlesHandled: 0
StatOverallItemsHandled: 688
StatOverallLinesHandled: 648
StatOverallOrdersHandled: 447
StatOverallCollisions: 0
StatOverallDistanceTraveled: 5203.792252415911
StatOverallDistanceEstimated: 5103
StatOverallAssignedTasks: 212
StatMaxMemoryUsed: 80,03125
StatRealTimeUsed: 1.0168008
StatAverageTurnoverTime: 508.3400586857736
StatMedianTurnoverTime: 350.41176045807924
StatLowerQuartileTurnoverTime: 162.6967532651588
StatUpperQuartileTurnoverTime: 789.4566666666669
StatAverageThroughputTime: 100.79778158616233
StatMedianThroughputTime: 20.56398268030216
StatLowerQuartileThroughputTime: 12.697777777777787
StatUpperQuartileThroughputTime: 75.795555555556

Marked tag finished after 1 tries!
.Fin. - SUCCESS
<<< Welcome to the RAWSimO CLI >>>
The time is: 06/13/2024 09:25:15
Starting RAWSimO wrapper with the following arguments:
Instance: ..\..\..\..\Material\Instances\0.Weighted30min Demand separate\Da\Weighted2.xinst
Setting: ..\..\..\..\Material\Instances\0.Weighted30min Demand separate\Da\Weighted2.xsett
ControlConfig: ..\..\..\..\Material\Instances\0.Weighted30min Demand separate\Da\Weighted2.xconf
StatisticsDir: ..\..\..\..\Material\Instances\0.Weighted30min Demand separate\Da
Seed: 2
Additionally the following tag was passed: 1, 10.0, 0.5455, 0.198, 0.1, 0.359
Adding handler for unhandled exceptions ...
Initializing ... 
Instance recognized!
Parsing setting config ...
Parsing control config ...
Parsing instance ...
StatisticsFolder: Weighted2-Da_[[1, 10.0, 0.5455]]_2_[0.198, 0.1, 0.359].csv-2
Done!
