Executing ... 
 19:24:42 | >>> Warming up ...
 00:00:00 | >>> Warmup finished - starting simulation ...
 Realtime |   ETA    |  Sim.Time  | Progress | #Orders | #Bundles | Inv. | Distance | #Coll. |   Memory    
 00:00:00 |   n/a    | 0.00:00:00 |  0.00%   |    0    |    0     | 60%  |    0     |   0    | 145.80MB  
 00:00:00 | Cannot generate further orders - suspending generation for now
 00:00:00 | Cannot generate further orders - suspending generation for now
 00:00:00 | Cannot generate further orders - suspending generation for now
 00:00:00 | Cannot generate further orders - suspending generation for now
 00:00:00 | Cannot generate further orders - suspending generation for now
 00:00:00 | Cannot generate further orders - suspending generation for now
 00:00:00 | Cannot generate further orders - suspending generation for now
 00:00:00 | Cannot generate further orders - suspending generation for now
 00:00:00 | Cannot generate further orders - suspending generation for now
 00:00:01 | 00:00:00 | 0.00:30:00 | 100.00%  |   473   |    0     | 17%  |   5140   |   0    | 141.19MB  
 00:00:01 | >>> Simulation finished - writing results ...
 00:00:01 | >>> Results written
Simulation finished.
>>> Timings
StatTimingPathPlanningAverage: 9.293364269141532E-05
StatTimingPathPlanningOverall: 0.08010880000000001
StatTimingPathPlanningCount: 862
StatTimingTaskAllocationAverage: 0.0017379580357142863
StatTimingTaskAllocationOverall: 0.3893026000000001
StatTimingTaskAllocationCount: 224
StatTimingItemStorageAverage: 1.0688311688311716E-06
StatTimingItemStorageOverall: 0.0007407000000000019
StatTimingItemStorageCount: 693
StatTimingPodStorageAverage: 0.0015666203703703706
StatTimingPodStorageOverall: 0.169195
StatTimingPodStorageCount: 108
StatTimingReplenishmentBatchingAverage: 1.39E-05
StatTimingReplenishmentBatchingOverall: 2.78E-05
StatTimingReplenishmentBatchingCount: 2
StatTimingOrderBatchingAverage: 9.25941550190597E-05
StatTimingOrderBatchingOverall: 0.07287159999999998
StatTimingOrderBatchingCount: 787
>>> Overall
StatOverallBundlesPlaced: 0
StatOverallItemsOrdered: 667
StatOverallOrdersPlaced: 426
StatOverallBundlesRejected: 0
StatOverallOrdersRejected: 0
StatOverallBundlesHandled: 0
StatOverallItemsHandled: 713
StatOverallLinesHandled: 668
StatOverallOrdersHandled: 473
StatOverallCollisions: 0
StatOverallDistanceTraveled: 5140.294437251492
StatOverallDistanceEstimated: 5096
StatOverallAssignedTasks: 224
StatMaxMemoryUsed: 144,7265625
StatRealTimeUsed: 1.0134264
StatAverageTurnoverTime: 422.2951741646932
StatMedianTurnoverTime: 283.2219480409052
StatLowerQuartileTurnoverTime: 159.38064934697104
StatUpperQuartileTurnoverTime: 577.1429725535241
StatAverageThroughputTime: 88.99368003496826
StatMedianThroughputTime: 23.738888888889505
StatLowerQuartileThroughputTime: 13.229163070205573
StatUpperQuartileThroughputTime: 83.24120490252449

Marked tag finished after 1 tries!
.Fin. - SUCCESS
<<< Welcome to the RAWSimO CLI >>>
The time is: 06/25/2024 19:24:43
Starting RAWSimO wrapper with the following arguments:
Instance: ..\..\..\..\Material\Instances\10.Weighted30min Demand Gall\Dr\Weighted2.xinst
Setting: ..\..\..\..\Material\Instances\10.Weighted30min Demand Gall\Dr\Weighted2.xsett
ControlConfig: ..\..\..\..\Material\Instances\10.Weighted30min Demand Gall\Dr\Weighted2.xconf
StatisticsDir: ..\..\..\..\Material\Instances\10.Weighted30min Demand Gall\Dr
Seed: 6
Additionally the following tag was passed: 1, 0.15454545454545457, 1.0, 0.091, 0.586, 1.0
Adding handler for unhandled exceptions ...
Initializing ... 
Instance recognized!
Parsing setting config ...
Parsing control config ...
Parsing instance ...
StatisticsFolder: Weighted2-Dr_[[1, 0.15454545454545457, 1.0]]_1_[0.091, 0.586, 1.0].csv-6
Done!
