Executing ... 
 15:39:09 | >>> Warming up ...
 00:00:00 | >>> Warmup finished - starting simulation ...
 Realtime |   ETA    |  Sim.Time  | Progress | #Orders | #Bundles | Inv. | Distance | #Coll. |   Memory    
 00:00:00 |   n/a    | 0.00:00:00 |  0.00%   |    0    |    0     | 83%  |    0     |   0    |  75.64MB  
 00:00:00 | Reactivating bundle generation paused by inventory+reserved+backlog level (currently at: 0.6491666666666667)
 00:00:00 | 00:00:00 | 0.00:30:00 | 100.00%  |   346   |    0     | 40%  |   3510   |   0    |  72.99MB  
 00:00:00 | >>> Simulation finished - writing results ...
 00:00:00 | >>> Results written
Simulation finished.
>>> Timings
StatTimingPathPlanningAverage: 8.600651515151516E-05
StatTimingPathPlanningOverall: 0.056764300000000004
StatTimingPathPlanningCount: 660
StatTimingTaskAllocationAverage: 0.001104327485380116
StatTimingTaskAllocationOverall: 0.18883999999999987
StatTimingTaskAllocationCount: 171
StatTimingItemStorageAverage: 1.4958823529411748E-06
StatTimingItemStorageOverall: 0.0007628999999999992
StatTimingItemStorageCount: 510
StatTimingPodStorageAverage: 0.0009788333333333337
StatTimingPodStorageOverall: 0.07634900000000003
StatTimingPodStorageCount: 78
StatTimingReplenishmentBatchingAverage: 1.1799999999999999E-05
StatTimingReplenishmentBatchingOverall: 4.7199999999999995E-05
StatTimingReplenishmentBatchingCount: 4
StatTimingOrderBatchingAverage: 0.00014148496000000003
StatTimingOrderBatchingOverall: 0.08842810000000002
StatTimingOrderBatchingCount: 625
>>> Overall
StatOverallBundlesPlaced: 180
StatOverallItemsOrdered: 594
StatOverallOrdersPlaced: 380
StatOverallBundlesRejected: 0
StatOverallOrdersRejected: 0
StatOverallBundlesHandled: 0
StatOverallItemsHandled: 520
StatOverallLinesHandled: 485
StatOverallOrdersHandled: 346
StatOverallCollisions: 0
StatOverallDistanceTraveled: 3510.055783311305
StatOverallDistanceEstimated: 3443
StatOverallAssignedTasks: 171
StatMaxMemoryUsed: 75,63671875
StatRealTimeUsed: 0.8814084
StatAverageTurnoverTime: 573.5040964313025
StatMedianTurnoverTime: 490.3228787621133
StatLowerQuartileTurnoverTime: 183.41750359646088
StatUpperQuartileTurnoverTime: 825.1181601363521
StatAverageThroughputTime: 125.78933308989012
StatMedianThroughputTime: 51.56222222222209
StatLowerQuartileThroughputTime: 37.564444444444234
StatUpperQuartileThroughputTime: 132.42018758282393

Marked tag finished after 1 tries!
.Fin. - SUCCESS
<<< Welcome to the RAWSimO CLI >>>
The time is: 06/03/2024 15:39:10
Starting RAWSimO wrapper with the following arguments:
Instance: ..\..\..\..\Material\Instances\0.Weighted30min\WeightedScenario.xinst
Setting: ..\..\..\..\Material\Instances\0.Weighted30min\WeightedScenario.xsett
ControlConfig: ..\..\..\..\Material\Instances\0.Weighted30min\WeightedScenario.xconf
StatisticsDir: ..\..\..\..\Material\Instances\0.Weighted30min
Seed: 1
Additionally the following tag was passed: Dbwlow
Adding handler for unhandled exceptions ...
Initializing ... 
Instance recognized!
Parsing setting config ...
Parsing control config ...
Parsing instance ...
StatisticsFolder: WeightedScenario-Db_wlow_2.csv-1
Done!
