Executing ... 
 09:36:45 | >>> Warming up ...
 00:00:00 | >>> Warmup finished - starting simulation ...
 Realtime |   ETA    |  Sim.Time  | Progress | #Orders | #Bundles | Inv. | Distance | #Coll. |   Memory    
 00:00:00 |   n/a    | 0.00:00:00 |  0.00%   |    0    |    0     | 60%  |    0     |   0    |  81.54MB  
 00:00:00 | Cannot generate further orders - suspending generation for now
 00:00:00 | Cannot generate further orders - suspending generation for now
 00:00:00 | Cannot generate further orders - suspending generation for now
 00:00:00 | Cannot generate further orders - suspending generation for now
 00:00:00 | Cannot generate further orders - suspending generation for now
 00:00:00 | Cannot generate further orders - suspending generation for now
 00:00:00 | 00:00:00 | 0.00:30:00 | 100.00%  |   449   |    0     | 19%  |   5196   |   0    |  81.67MB  
 00:00:01 | >>> Simulation finished - writing results ...
 00:00:01 | >>> Results written
Simulation finished.
>>> Timings
StatTimingPathPlanningAverage: 8.867253765932797E-05
StatTimingPathPlanningOverall: 0.07652440000000003
StatTimingPathPlanningCount: 863
StatTimingTaskAllocationAverage: 0.0017146042056074755
StatTimingTaskAllocationOverall: 0.36692529999999973
StatTimingTaskAllocationCount: 214
StatTimingItemStorageAverage: 1.0038980509745135E-06
StatTimingItemStorageOverall: 0.0006696000000000004
StatTimingItemStorageCount: 667
StatTimingPodStorageAverage: 0.0014686213592233002
StatTimingPodStorageOverall: 0.15126799999999993
StatTimingPodStorageCount: 103
StatTimingReplenishmentBatchingAverage: 7.2000000000000005E-06
StatTimingReplenishmentBatchingOverall: 1.4400000000000001E-05
StatTimingReplenishmentBatchingCount: 2
StatTimingOrderBatchingAverage: 8.212463382157127E-05
StatTimingOrderBatchingOverall: 0.061675600000000025
StatTimingOrderBatchingCount: 751
>>> Overall
StatOverallBundlesPlaced: 0
StatOverallItemsOrdered: 667
StatOverallOrdersPlaced: 414
StatOverallBundlesRejected: 0
StatOverallOrdersRejected: 0
StatOverallBundlesHandled: 0
StatOverallItemsHandled: 690
StatOverallLinesHandled: 652
StatOverallOrdersHandled: 449
StatOverallCollisions: 0
StatOverallDistanceTraveled: 5196.2015555659045
StatOverallDistanceEstimated: 5008
StatOverallAssignedTasks: 214
StatMaxMemoryUsed: 85,41796875
StatRealTimeUsed: 0.9958487
StatAverageTurnoverTime: 478.96202851207886
StatMedianTurnoverTime: 305.9416666666667
StatLowerQuartileTurnoverTime: 126.11963202727023
StatUpperQuartileTurnoverTime: 661.9790764717148
StatAverageThroughputTime: 86.42245080114328
StatMedianThroughputTime: 20.242222222222836
StatLowerQuartileThroughputTime: 12.757777777777846
StatUpperQuartileThroughputTime: 75.46352091615995

Marked tag finished after 1 tries!
.Fin. - SUCCESS
<<< Welcome to the RAWSimO CLI >>>
The time is: 06/13/2024 09:36:46
Starting RAWSimO wrapper with the following arguments:
Instance: ..\..\..\..\Material\Instances\0.Weighted30min Demand separate\Da\Weighted2.xinst
Setting: ..\..\..\..\Material\Instances\0.Weighted30min Demand separate\Da\Weighted2.xsett
ControlConfig: ..\..\..\..\Material\Instances\0.Weighted30min Demand separate\Da\Weighted2.xconf
StatisticsDir: ..\..\..\..\Material\Instances\0.Weighted30min Demand separate\Da
Seed: 1
Additionally the following tag was passed: 1, 0.052, 0.38099999999999995, 0.098, 1.0, 0.259
Adding handler for unhandled exceptions ...
Initializing ... 
Instance recognized!
Parsing setting config ...
Parsing control config ...
Parsing instance ...
StatisticsFolder: Weighted2-Da_[[1, 0.052, 0.38099999999999995]]_2_[0.098, 1.0, 0.259].csv-1
Done!
