Executing ... 
 09:37:34 | >>> Warming up ...
 00:00:00 | >>> Warmup finished - starting simulation ...
 Realtime |   ETA    |  Sim.Time  | Progress | #Orders | #Bundles | Inv. | Distance | #Coll. |   Memory    
 00:00:00 |   n/a    | 0.00:00:00 |  0.00%   |    0    |    0     | 60%  |    0     |   0    |  81.11MB  
 00:00:00 | Cannot generate further orders - suspending generation for now
 00:00:00 | Cannot generate further orders - suspending generation for now
 00:00:00 | Cannot generate further orders - suspending generation for now
 00:00:00 | Cannot generate further orders - suspending generation for now
 00:00:00 | Cannot generate further orders - suspending generation for now
 00:00:00 | Cannot generate further orders - suspending generation for now
 00:00:00 | Cannot generate further orders - suspending generation for now
 00:00:01 | Cannot generate further orders - suspending generation for now
 00:00:01 | 00:00:00 | 0.00:30:00 | 100.00%  |   481   |    0     | 17%  |   5120   |   0    |  79.16MB  
 00:00:01 | >>> Simulation finished - writing results ...
 00:00:01 | >>> Results written
Simulation finished.
>>> Timings
StatTimingPathPlanningAverage: 9.023722025912834E-05
StatTimingPathPlanningOverall: 0.07661139999999997
StatTimingPathPlanningCount: 849
StatTimingTaskAllocationAverage: 0.0017248468468468474
StatTimingTaskAllocationOverall: 0.3829160000000001
StatTimingTaskAllocationCount: 222
StatTimingItemStorageAverage: 8.906609195402365E-07
StatTimingItemStorageOverall: 0.0006199000000000046
StatTimingItemStorageCount: 696
StatTimingPodStorageAverage: 0.0014725773584905672
StatTimingPodStorageOverall: 0.15609320000000013
StatTimingPodStorageCount: 106
StatTimingReplenishmentBatchingAverage: 7.5500000000000006E-06
StatTimingReplenishmentBatchingOverall: 1.5100000000000001E-05
StatTimingReplenishmentBatchingCount: 2
StatTimingOrderBatchingAverage: 9.667997481108312E-05
StatTimingOrderBatchingOverall: 0.0767639
StatTimingOrderBatchingCount: 794
>>> Overall
StatOverallBundlesPlaced: 0
StatOverallItemsOrdered: 667
StatOverallOrdersPlaced: 429
StatOverallBundlesRejected: 0
StatOverallOrdersRejected: 0
StatOverallBundlesHandled: 0
StatOverallItemsHandled: 718
StatOverallLinesHandled: 681
StatOverallOrdersHandled: 481
StatOverallCollisions: 0
StatOverallDistanceTraveled: 5119.9371484601015
StatOverallDistanceEstimated: 4975
StatOverallAssignedTasks: 222
StatMaxMemoryUsed: 80,99609375
StatRealTimeUsed: 1.0847193
StatAverageTurnoverTime: 428.3359093157123
StatMedianTurnoverTime: 266.9315800681749
StatLowerQuartileTurnoverTime: 126.9556493469683
StatUpperQuartileTurnoverTime: 563.9885281090812
StatAverageThroughputTime: 97.47663274761545
StatMedianThroughputTime: 20.26129869393685
StatLowerQuartileThroughputTime: 13.947777777778356
StatUpperQuartileThroughputTime: 77.97788595503812

Marked tag finished after 1 tries!
.Fin. - SUCCESS
<<< Welcome to the RAWSimO CLI >>>
The time is: 06/13/2024 09:37:36
Starting RAWSimO wrapper with the following arguments:
Instance: ..\..\..\..\Material\Instances\0.Weighted30min Demand separate\Da\Weighted2.xinst
Setting: ..\..\..\..\Material\Instances\0.Weighted30min Demand separate\Da\Weighted2.xsett
ControlConfig: ..\..\..\..\Material\Instances\0.Weighted30min Demand separate\Da\Weighted2.xconf
StatisticsDir: ..\..\..\..\Material\Instances\0.Weighted30min Demand separate\Da
Seed: 3
Additionally the following tag was passed: 1, 10.0, 0.052, 0.086, 0.13, 0.553
Adding handler for unhandled exceptions ...
Initializing ... 
Instance recognized!
Parsing setting config ...
Parsing control config ...
Parsing instance ...
StatisticsFolder: Weighted2-Da_[[1, 10.0, 0.052]]_1_[0.086, 0.13, 0.553].csv-3
Done!
