Executing ... 
 19:24:22 | >>> Warming up ...
 00:00:00 | >>> Warmup finished - starting simulation ...
 Realtime |   ETA    |  Sim.Time  | Progress | #Orders | #Bundles | Inv. | Distance | #Coll. |   Memory    
 00:00:00 |   n/a    | 0.00:00:00 |  0.00%   |    0    |    0     | 60%  |    0     |   0    | 108.88MB  
 00:00:00 | Cannot generate further orders - suspending generation for now
 00:00:00 | Cannot generate further orders - suspending generation for now
 00:00:01 | Cannot generate further orders - suspending generation for now
 00:00:01 | Cannot generate further orders - suspending generation for now
 00:00:01 | Cannot generate further orders - suspending generation for now
 00:00:01 | Cannot generate further orders - suspending generation for now
 00:00:01 | Cannot generate further orders - suspending generation for now
 00:00:01 | Cannot generate further orders - suspending generation for now
 00:00:01 | Cannot generate further orders - suspending generation for now
 00:00:01 | 00:00:00 | 0.00:30:00 | 100.00%  |   481   |    0     | 15%  |   4994   |   0    | 105.69MB  
 00:00:01 | >>> Simulation finished - writing results ...
 00:00:01 | >>> Results written
Simulation finished.
>>> Timings
StatTimingPathPlanningAverage: 0.0001241736128236744
StatTimingPathPlanningOverall: 0.10070479999999994
StatTimingPathPlanningCount: 811
StatTimingTaskAllocationAverage: 0.0021909126760563365
StatTimingTaskAllocationOverall: 0.46666439999999965
StatTimingTaskAllocationCount: 213
StatTimingItemStorageAverage: 1.6104972375690618E-06
StatTimingItemStorageOverall: 0.0011660000000000008
StatTimingItemStorageCount: 724
StatTimingPodStorageAverage: 0.001791076923076925
StatTimingPodStorageOverall: 0.1862720000000002
StatTimingPodStorageCount: 104
StatTimingReplenishmentBatchingAverage: 7.75E-06
StatTimingReplenishmentBatchingOverall: 1.55E-05
StatTimingReplenishmentBatchingCount: 2
StatTimingOrderBatchingAverage: 0.00012396213468869122
StatTimingOrderBatchingOverall: 0.0975582
StatTimingOrderBatchingCount: 787
>>> Overall
StatOverallBundlesPlaced: 0
StatOverallItemsOrdered: 667
StatOverallOrdersPlaced: 416
StatOverallBundlesRejected: 0
StatOverallOrdersRejected: 0
StatOverallBundlesHandled: 0
StatOverallItemsHandled: 747
StatOverallLinesHandled: 708
StatOverallOrdersHandled: 481
StatOverallCollisions: 0
StatOverallDistanceTraveled: 4993.683443977435
StatOverallDistanceEstimated: 4859
StatOverallAssignedTasks: 213
StatMaxMemoryUsed: 108,8828125
StatRealTimeUsed: 1.2216099
StatAverageTurnoverTime: 452.59846031186095
StatMedianTurnoverTime: 292.1433333333333
StatLowerQuartileTurnoverTime: 121.25833333333345
StatUpperQuartileTurnoverTime: 651.8285281090872
StatAverageThroughputTime: 101.52750321472595
StatMedianThroughputTime: 21.521666666666647
StatLowerQuartileThroughputTime: 13.005555555555588
StatUpperQuartileThroughputTime: 85.72352091616017

Marked tag finished after 1 tries!
.Fin. - SUCCESS
<<< Welcome to the RAWSimO CLI >>>
The time is: 06/25/2024 19:24:24
Starting RAWSimO wrapper with the following arguments:
Instance: ..\..\..\..\Material\Instances\10.Weighted30min Demand Gall\Dr\Weighted2.xinst
Setting: ..\..\..\..\Material\Instances\10.Weighted30min Demand Gall\Dr\Weighted2.xsett
ControlConfig: ..\..\..\..\Material\Instances\10.Weighted30min Demand Gall\Dr\Weighted2.xconf
StatisticsDir: ..\..\..\..\Material\Instances\10.Weighted30min Demand Gall\Dr
Seed: 4
Additionally the following tag was passed: 1, 0.01, 1.0, 0.13, 0.448, 1.0
Adding handler for unhandled exceptions ...
Initializing ... 
Instance recognized!
Parsing setting config ...
Parsing control config ...
Parsing instance ...
StatisticsFolder: Weighted2-Dr_[[1, 0.01, 1.0]]_2_[0.13, 0.448, 1.0].csv-4
Done!
