Executing ... 
 21:29:36 | >>> Warming up ...
 00:00:00 | >>> Warmup finished - starting simulation ...
 Realtime |   ETA    |  Sim.Time  | Progress | #Orders | #Bundles | Inv. | Distance | #Coll. |   Memory    
 00:00:00 |   n/a    | 0.00:00:00 |  0.00%   |    0    |    0     | 60%  |    0     |   0    |  80.22MB  
 00:00:00 | Cannot generate further orders - suspending generation for now
 00:00:00 | Cannot generate further orders - suspending generation for now
 00:00:00 | Cannot generate further orders - suspending generation for now
 00:00:00 | Cannot generate further orders - suspending generation for now
 00:00:00 | Cannot generate further orders - suspending generation for now
 00:00:01 | Cannot generate further orders - suspending generation for now
 00:00:01 | Cannot generate further orders - suspending generation for now
 00:00:01 | Cannot generate further orders - suspending generation for now
 00:00:01 | 00:00:00 | 0.00:30:00 | 100.00%  |   428   |    0     | 20%  |   5230   |   0    |  76.34MB  
 00:00:01 | >>> Simulation finished - writing results ...
 00:00:01 | >>> Results written
Simulation finished.
>>> Timings
StatTimingPathPlanningAverage: 8.614854481955757E-05
StatTimingPathPlanningOverall: 0.07400159999999995
StatTimingPathPlanningCount: 859
StatTimingTaskAllocationAverage: 0.001938010185185185
StatTimingTaskAllocationOverall: 0.4186102
StatTimingTaskAllocationCount: 216
StatTimingItemStorageAverage: 1.2268330733229329E-06
StatTimingItemStorageOverall: 0.0007863999999999999
StatTimingItemStorageCount: 641
StatTimingPodStorageAverage: 0.0016463514563106792
StatTimingPodStorageOverall: 0.16957419999999995
StatTimingPodStorageCount: 103
StatTimingReplenishmentBatchingAverage: 1.075E-05
StatTimingReplenishmentBatchingOverall: 2.15E-05
StatTimingReplenishmentBatchingCount: 2
StatTimingOrderBatchingAverage: 9.323631205673757E-05
StatTimingOrderBatchingOverall: 0.06573159999999999
StatTimingOrderBatchingCount: 705
>>> Overall
StatOverallBundlesPlaced: 0
StatOverallItemsOrdered: 664
StatOverallOrdersPlaced: 410
StatOverallBundlesRejected: 0
StatOverallOrdersRejected: 0
StatOverallBundlesHandled: 0
StatOverallItemsHandled: 658
StatOverallLinesHandled: 613
StatOverallOrdersHandled: 428
StatOverallCollisions: 0
StatOverallDistanceTraveled: 5229.684394093955
StatOverallDistanceEstimated: 5092
StatOverallAssignedTasks: 216
StatMaxMemoryUsed: 80,22265625
StatRealTimeUsed: 1.0706452
StatAverageTurnoverTime: 511.8099076439619
StatMedianTurnoverTime: 383.1399134015084
StatLowerQuartileTurnoverTime: 161.18352091616146
StatUpperQuartileTurnoverTime: 765.9599134015084
StatAverageThroughputTime: 100.69135083945386
StatMedianThroughputTime: 21.258888888889032
StatLowerQuartileThroughputTime: 13.127777777777737
StatUpperQuartileThroughputTime: 76.15444444444483

Marked tag finished after 1 tries!
.Fin. - SUCCESS
<<< Welcome to the RAWSimO CLI >>>
The time is: 06/12/2024 21:29:37
Starting RAWSimO wrapper with the following arguments:
Instance: ..\..\..\..\Material\Instances\0.Weighted30min Demand separate\Da\Weighted2.xinst
Setting: ..\..\..\..\Material\Instances\0.Weighted30min Demand separate\Da\Weighted2.xsett
ControlConfig: ..\..\..\..\Material\Instances\0.Weighted30min Demand separate\Da\Weighted2.xconf
StatisticsDir: ..\..\..\..\Material\Instances\0.Weighted30min Demand separate\Da
Seed: 1
Additionally the following tag was passed: 1, 5.026, 0.5455, 0.198, 0.1, 0.359
Adding handler for unhandled exceptions ...
Initializing ... 
Instance recognized!
Parsing setting config ...
Parsing control config ...
Parsing instance ...
StatisticsFolder: Weighted2-Da_[[1, 5.026, 0.5455]]_2_[0.198, 0.1, 0.359].csv-1
Done!
