Executing ... 
 19:25:38 | >>> Warming up ...
 00:00:00 | >>> Warmup finished - starting simulation ...
 Realtime |   ETA    |  Sim.Time  | Progress | #Orders | #Bundles | Inv. | Distance | #Coll. |   Memory    
 00:00:00 |   n/a    | 0.00:00:00 |  0.00%   |    0    |    0     | 60%  |    0     |   0    | 145.75MB  
 00:00:00 | Cannot generate further orders - suspending generation for now
 00:00:00 | Cannot generate further orders - suspending generation for now
 00:00:00 | Cannot generate further orders - suspending generation for now
 00:00:00 | Cannot generate further orders - suspending generation for now
 00:00:00 | Cannot generate further orders - suspending generation for now
 00:00:00 | Cannot generate further orders - suspending generation for now
 00:00:00 | 00:00:00 | 0.00:30:00 | 100.00%  |   473   |    0     | 16%  |   4964   |   0    | 140.31MB  
 00:00:00 | >>> Simulation finished - writing results ...
 00:00:00 | >>> Results written
Simulation finished.
>>> Timings
StatTimingPathPlanningAverage: 7.923412604042809E-05
StatTimingPathPlanningOverall: 0.06663590000000003
StatTimingPathPlanningCount: 841
StatTimingTaskAllocationAverage: 0.0016613688372093015
StatTimingTaskAllocationOverall: 0.35719429999999985
StatTimingTaskAllocationCount: 215
StatTimingItemStorageAverage: 8.782485875706264E-07
StatTimingItemStorageOverall: 0.0006218000000000035
StatTimingItemStorageCount: 708
StatTimingPodStorageAverage: 0.0014115631067961169
StatTimingPodStorageOverall: 0.14539100000000005
StatTimingPodStorageCount: 103
StatTimingReplenishmentBatchingAverage: 7.65E-06
StatTimingReplenishmentBatchingOverall: 1.53E-05
StatTimingReplenishmentBatchingCount: 2
StatTimingOrderBatchingAverage: 7.779811083123421E-05
StatTimingOrderBatchingOverall: 0.061771699999999964
StatTimingOrderBatchingCount: 794
>>> Overall
StatOverallBundlesPlaced: 0
StatOverallItemsOrdered: 667
StatOverallOrdersPlaced: 414
StatOverallBundlesRejected: 0
StatOverallOrdersRejected: 0
StatOverallBundlesHandled: 0
StatOverallItemsHandled: 727
StatOverallLinesHandled: 687
StatOverallOrdersHandled: 473
StatOverallCollisions: 0
StatOverallDistanceTraveled: 4964.458744605305
StatOverallDistanceEstimated: 4837
StatOverallAssignedTasks: 215
StatMaxMemoryUsed: 145,75390625
StatRealTimeUsed: 0.895566
StatAverageTurnoverTime: 497.14148252302533
StatMedianTurnoverTime: 364.0422222222222
StatLowerQuartileTurnoverTime: 178.73898268030186
StatUpperQuartileTurnoverTime: 667.8250000000008
StatAverageThroughputTime: 91.64090346214043
StatMedianThroughputTime: 20.844632027270563
StatLowerQuartileThroughputTime: 12.865093791413528
StatUpperQuartileThroughputTime: 81.54398268030184

Marked tag finished after 1 tries!
.Fin. - SUCCESS
<<< Welcome to the RAWSimO CLI >>>
The time is: 06/25/2024 19:25:38
Starting RAWSimO wrapper with the following arguments:
Instance: ..\..\..\..\Material\Instances\10.Weighted30min Demand Gall\Dr\Weighted2.xinst
Setting: ..\..\..\..\Material\Instances\10.Weighted30min Demand Gall\Dr\Weighted2.xsett
ControlConfig: ..\..\..\..\Material\Instances\10.Weighted30min Demand Gall\Dr\Weighted2.xconf
StatisticsDir: ..\..\..\..\Material\Instances\10.Weighted30min Demand Gall\Dr
Seed: 4
Additionally the following tag was passed: 1, 0.4436363636363637, 1.0, 0.157, 0.352, 1.0
Adding handler for unhandled exceptions ...
Initializing ... 
Instance recognized!
Parsing setting config ...
Parsing control config ...
Parsing instance ...
StatisticsFolder: Weighted2-Dr_[[1, 0.4436363636363637, 1.0]]_3_[0.157, 0.352, 1.0].csv-4
Done!
