Executing ... 
 09:25:29 | >>> Warming up ...
 00:00:00 | >>> Warmup finished - starting simulation ...
 Realtime |   ETA    |  Sim.Time  | Progress | #Orders | #Bundles | Inv. | Distance | #Coll. |   Memory    
 00:00:00 |   n/a    | 0.00:00:00 |  0.00%   |    0    |    0     | 60%  |    0     |   0    |  87.84MB  
 00:00:01 | Cannot generate further orders - suspending generation for now
 00:00:01 | Cannot generate further orders - suspending generation for now
 00:00:01 | Cannot generate further orders - suspending generation for now
 00:00:01 | Cannot generate further orders - suspending generation for now
 00:00:01 | Cannot generate further orders - suspending generation for now
 00:00:01 | Cannot generate further orders - suspending generation for now
 00:00:01 | Cannot generate further orders - suspending generation for now
 00:00:01 | Cannot generate further orders - suspending generation for now
 00:00:01 | 00:00:00 | 0.00:30:00 | 100.00%  |   444   |    0     | 19%  |   5327   |   0    |  62.86MB  
 00:00:01 | >>> Simulation finished - writing results ...
 00:00:01 | >>> Results written
Simulation finished.
>>> Timings
StatTimingPathPlanningAverage: 0.00011997234285714274
StatTimingPathPlanningOverall: 0.1049757999999999
StatTimingPathPlanningCount: 875
StatTimingTaskAllocationAverage: 0.0020171739910313895
StatTimingTaskAllocationOverall: 0.44982979999999984
StatTimingTaskAllocationCount: 223
StatTimingItemStorageAverage: 1.1237813884785808E-06
StatTimingItemStorageOverall: 0.0007607999999999992
StatTimingItemStorageCount: 677
StatTimingPodStorageAverage: 0.0016817261682242994
StatTimingPodStorageOverall: 0.17994470000000004
StatTimingPodStorageCount: 107
StatTimingReplenishmentBatchingAverage: 8.7E-06
StatTimingReplenishmentBatchingOverall: 1.74E-05
StatTimingReplenishmentBatchingCount: 2
StatTimingOrderBatchingAverage: 9.858870748299322E-05
StatTimingOrderBatchingOverall: 0.07246270000000002
StatTimingOrderBatchingCount: 735
>>> Overall
StatOverallBundlesPlaced: 0
StatOverallItemsOrdered: 656
StatOverallOrdersPlaced: 411
StatOverallBundlesRejected: 0
StatOverallOrdersRejected: 0
StatOverallBundlesHandled: 0
StatOverallItemsHandled: 681
StatOverallLinesHandled: 643
StatOverallOrdersHandled: 444
StatOverallCollisions: 0
StatOverallDistanceTraveled: 5326.52371603442
StatOverallDistanceEstimated: 5165
StatOverallAssignedTasks: 223
StatMaxMemoryUsed: 88,68359375
StatRealTimeUsed: 1.212796
StatAverageTurnoverTime: 458.86823082881364
StatMedianTurnoverTime: 322.64611830403254
StatLowerQuartileTurnoverTime: 102.62740980504782
StatUpperQuartileTurnoverTime: 673.8405627484814
StatAverageThroughputTime: 78.08293751290091
StatMedianThroughputTime: 20.7972222222229
StatLowerQuartileThroughputTime: 12.643333333333658
StatUpperQuartileThroughputTime: 67.76387450304264

Marked tag finished after 1 tries!
.Fin. - SUCCESS
<<< Welcome to the RAWSimO CLI >>>
The time is: 06/13/2024 09:25:30
Starting RAWSimO wrapper with the following arguments:
Instance: ..\..\..\..\Material\Instances\0.Weighted30min Demand separate\Da\Weighted2.xinst
Setting: ..\..\..\..\Material\Instances\0.Weighted30min Demand separate\Da\Weighted2.xsett
ControlConfig: ..\..\..\..\Material\Instances\0.Weighted30min Demand separate\Da\Weighted2.xconf
StatisticsDir: ..\..\..\..\Material\Instances\0.Weighted30min Demand separate\Da
Seed: 1
Additionally the following tag was passed: 1, 10.0, 1.039, 0.259, 0.1, 0.25
Adding handler for unhandled exceptions ...
Initializing ... 
Instance recognized!
Parsing setting config ...
Parsing control config ...
Parsing instance ...
StatisticsFolder: Weighted2-Da_[[1, 10.0, 1.039]]_2_[0.259, 0.1, 0.25].csv-1
Done!
