<<< Welcome to the RAWSimO CLI >>>
The time is: 04/08/2024 17:05:27
Starting RAWSimO wrapper with the following arguments:
Instance: ..\..\..\..\Material\Instances\2.LargePrio30min\LargeScenarioPrio.xinst
Setting: ..\..\..\..\Material\Instances\2.LargePrio30min\LargeScenarioPrio.xsett
ControlConfig: ..\..\..\..\Material\Instances\2.LargePrio30min\LargeScenarioPrio.xconf
StatisticsDir: ..\..\..\..\Material\Instances\2.LargePrio30min
Seed: 1
Adding handler for unhandled exceptions ...
Initializing ... 
Instance recognized!
Parsing setting config ...
Parsing control config ...
Parsing instance ...
StatisticsFolder: LargeScenarioPrio20min-large prio V=3,time=30 scenario.csv-1
Done!
Executing ... 
 17:05:32 | >>> Warming up ...
 00:00:00 | >>> Warmup finished - starting simulation ...
 Realtime |   ETA    |  Sim.Time  | Progress | #Orders | #Bundles | Inv. | Distance | #Coll. |   Memory    
 00:00:00 |   n/a    | 0.00:00:00 |  0.00%   |    0    |    0     | 97%  |    0     |   0    |  82.09MB  
 00:00:03 | Reactivating bundle generation paused by inventory+reserved+backlog level (currently at: 0.6486042692939245)
 00:00:04 | Cannot generate further orders - suspending generation for now
 00:00:04 | Cannot generate further orders - suspending generation for now
 00:00:04 | Cannot generate further orders - suspending generation for now
 00:00:04 | Cannot generate further orders - suspending generation for now
 00:00:04 | 00:00:00 | 0.00:30:00 | 100.00%  |   519   |    0     | 26%  |  13663   |   0    |  91.15MB  
 00:00:04 | >>> Simulation finished - writing results ...
 00:00:05 | >>> Results written
Simulation finished.
>>> Timings
StatTimingPathPlanningAverage: 0.00023416608946609003
StatTimingPathPlanningOverall: 0.3245542000000008
StatTimingPathPlanningCount: 1386
StatTimingTaskAllocationAverage: 0.006684443534482764
StatTimingTaskAllocationOverall: 3.101581800000002
StatTimingTaskAllocationCount: 464
StatTimingItemStorageAverage: 3.4938195302842916E-06
StatTimingItemStorageOverall: 0.0028264999999999918
StatTimingItemStorageCount: 809
StatTimingPodStorageAverage: 0.006199679342723004
StatTimingPodStorageOverall: 1.3205316999999999
StatTimingPodStorageCount: 213
StatTimingReplenishmentBatchingAverage: 0.0017271333333333334
StatTimingReplenishmentBatchingOverall: 0.0051814
StatTimingReplenishmentBatchingCount: 3
StatTimingOrderBatchingAverage: 0.0002628457209847597
StatTimingOrderBatchingOverall: 0.2242074
StatTimingOrderBatchingCount: 853
>>> Overall
StatOverallBundlesPlaced: 200
StatOverallItemsOrdered: 831
StatOverallOrdersPlaced: 523
StatOverallBundlesRejected: 0
StatOverallOrdersRejected: 0
StatOverallBundlesHandled: 0
StatOverallItemsHandled: 864
StatOverallLinesHandled: 821
StatOverallOrdersHandled: 519
StatOverallCollisions: 0
StatOverallDistanceTraveled: 13663.318685849325
StatOverallDistanceEstimated: 13442
StatOverallAssignedTasks: 464
StatMaxMemoryUsed: 91,34765625
StatRealTimeUsed: 4.9524862
StatAverageTurnoverTime: 521.8235082372555
StatMedianTurnoverTime: 382.2773160136348
StatLowerQuartileTurnoverTime: 193.80305195909432
StatUpperQuartileTurnoverTime: 743.6798196100968
StatAverageThroughputTime: 151.42333680741592
StatMedianThroughputTime: 110.815
StatLowerQuartileThroughputTime: 50.99398268030211
StatUpperQuartileThroughputTime: 161.5652741813169

Marked tag finished after 1 tries!
.Fin. - SUCCESS
<<< Welcome to the RAWSimO CLI >>>
The time is: 04/08/2024 17:05:37
Starting RAWSimO wrapper with the following arguments:
Instance: ..\..\..\..\Material\Instances\2.LargePrio30min\LargeScenarioPrio.xinst
Setting: ..\..\..\..\Material\Instances\2.LargePrio30min\LargeScenarioPrio.xsett
ControlConfig: ..\..\..\..\Material\Instances\2.LargePrio30min\LargeScenarioPrio.xconf
StatisticsDir: ..\..\..\..\Material\Instances\2.LargePrio30min
Seed: 2
Adding handler for unhandled exceptions ...
Initializing ... 
Instance recognized!
Parsing setting config ...
Parsing control config ...
Parsing instance ...
StatisticsFolder: LargeScenarioPrio20min-large prio V=3,time=30 scenario.csv-2
Done!
