Executing ... 
 19:25:57 | >>> Warming up ...
 00:00:00 | >>> Warmup finished - starting simulation ...
 Realtime |   ETA    |  Sim.Time  | Progress | #Orders | #Bundles | Inv. | Distance | #Coll. |   Memory    
 00:00:00 |   n/a    | 0.00:00:00 |  0.00%   |    0    |    0     | 60%  |    0     |   0    |  78.80MB  
 00:00:00 | Cannot generate further orders - suspending generation for now
 00:00:00 | Cannot generate further orders - suspending generation for now
 00:00:00 | Cannot generate further orders - suspending generation for now
 00:00:00 | Cannot generate further orders - suspending generation for now
 00:00:00 | Cannot generate further orders - suspending generation for now
 00:00:00 | Cannot generate further orders - suspending generation for now
 00:00:00 | Cannot generate further orders - suspending generation for now
 00:00:00 | Cannot generate further orders - suspending generation for now
 00:00:00 | 00:00:00 | 0.00:30:00 | 100.00%  |   489   |    0     | 15%  |   4898   |   0    |  81.69MB  
 00:00:01 | >>> Simulation finished - writing results ...
 00:00:01 | >>> Results written
Simulation finished.
>>> Timings
StatTimingPathPlanningAverage: 0.00010603287841191064
StatTimingPathPlanningOverall: 0.08546249999999997
StatTimingPathPlanningCount: 806
StatTimingTaskAllocationAverage: 0.0018943359605911325
StatTimingTaskAllocationOverall: 0.3845501999999999
StatTimingTaskAllocationCount: 203
StatTimingItemStorageAverage: 1.0020519835841358E-06
StatTimingItemStorageOverall: 0.0007325000000000033
StatTimingItemStorageCount: 731
StatTimingPodStorageAverage: 0.0016632760416666669
StatTimingPodStorageOverall: 0.15967450000000002
StatTimingPodStorageCount: 96
StatTimingReplenishmentBatchingAverage: 7.85E-06
StatTimingReplenishmentBatchingOverall: 1.57E-05
StatTimingReplenishmentBatchingCount: 2
StatTimingOrderBatchingAverage: 9.217422934648588E-05
StatTimingOrderBatchingOverall: 0.07475330000000005
StatTimingOrderBatchingCount: 811
>>> Overall
StatOverallBundlesPlaced: 0
StatOverallItemsOrdered: 667
StatOverallOrdersPlaced: 429
StatOverallBundlesRejected: 0
StatOverallOrdersRejected: 0
StatOverallBundlesHandled: 0
StatOverallItemsHandled: 746
StatOverallLinesHandled: 708
StatOverallOrdersHandled: 489
StatOverallCollisions: 0
StatOverallDistanceTraveled: 4897.989914559789
StatOverallDistanceEstimated: 4710
StatOverallAssignedTasks: 203
StatMaxMemoryUsed: 82,8046875
StatRealTimeUsed: 0.9968227
StatAverageTurnoverTime: 463.81577952549276
StatMedianTurnoverTime: 356.79732320655967
StatLowerQuartileTurnoverTime: 149.3057431383814
StatUpperQuartileTurnoverTime: 653.6326839863655
StatAverageThroughputTime: 95.2286305499339
StatMedianThroughputTime: 24.133333333333347
StatLowerQuartileThroughputTime: 16.15064934696852
StatUpperQuartileThroughputTime: 77.93564934696838

Marked tag finished after 1 tries!
.Fin. - SUCCESS
<<< Welcome to the RAWSimO CLI >>>
The time is: 06/25/2024 19:25:58
Starting RAWSimO wrapper with the following arguments:
Instance: ..\..\..\..\Material\Instances\10.Weighted30min Demand Gall\Dr\Weighted2.xinst
Setting: ..\..\..\..\Material\Instances\10.Weighted30min Demand Gall\Dr\Weighted2.xsett
ControlConfig: ..\..\..\..\Material\Instances\10.Weighted30min Demand Gall\Dr\Weighted2.xconf
StatisticsDir: ..\..\..\..\Material\Instances\10.Weighted30min Demand Gall\Dr
Seed: 3
Additionally the following tag was passed: 1, 0.5881818181818183, 1.0, 0.173, 0.295, 1.0
Adding handler for unhandled exceptions ...
Initializing ... 
Instance recognized!
Parsing setting config ...
Parsing control config ...
Parsing instance ...
StatisticsFolder: Weighted2-Dr_[[1, 0.5881818181818183, 1.0]]_3_[0.173, 0.295, 1.0].csv-3
Done!
