Executing ... 
 09:53:24 | >>> Warming up ...
 00:00:00 | >>> Warmup finished - starting simulation ...
 Realtime |   ETA    |  Sim.Time  | Progress | #Orders | #Bundles | Inv. | Distance | #Coll. |   Memory    
 00:00:00 |   n/a    | 0.00:00:00 |  0.00%   |    0    |    0     | 60%  |    0     |   0    | 143.84MB  
 00:00:00 | Cannot generate further orders - suspending generation for now
 00:00:00 | Cannot generate further orders - suspending generation for now
 00:00:00 | Cannot generate further orders - suspending generation for now
 00:00:00 | Cannot generate further orders - suspending generation for now
 00:00:00 | Cannot generate further orders - suspending generation for now
 00:00:00 | Cannot generate further orders - suspending generation for now
 00:00:00 | Cannot generate further orders - suspending generation for now
 00:00:00 | Cannot generate further orders - suspending generation for now
 00:00:00 | Cannot generate further orders - suspending generation for now
 00:00:00 | Cannot generate further orders - suspending generation for now
 00:00:00 | Cannot generate further orders - suspending generation for now
 00:00:00 | 00:00:00 | 0.00:30:00 | 100.00%  |   499   |    0     | 14%  |   4933   |   0    | 108.32MB  
 00:00:00 | >>> Simulation finished - writing results ...
 00:00:01 | >>> Results written
Simulation finished.
>>> Timings
StatTimingPathPlanningAverage: 0.00010129543147208119
StatTimingPathPlanningOverall: 0.07982079999999998
StatTimingPathPlanningCount: 788
StatTimingTaskAllocationAverage: 0.0017442863636363652
StatTimingTaskAllocationOverall: 0.3453687000000003
StatTimingTaskAllocationCount: 198
StatTimingItemStorageAverage: 8.343283582089585E-07
StatTimingItemStorageOverall: 0.0006149000000000024
StatTimingItemStorageCount: 737
StatTimingPodStorageAverage: 0.0016065255319148936
StatTimingPodStorageOverall: 0.1510134
StatTimingPodStorageCount: 94
StatTimingReplenishmentBatchingAverage: 7.45E-06
StatTimingReplenishmentBatchingOverall: 1.49E-05
StatTimingReplenishmentBatchingCount: 2
StatTimingOrderBatchingAverage: 8.600992167101836E-05
StatTimingOrderBatchingOverall: 0.06588360000000007
StatTimingOrderBatchingCount: 766
>>> Overall
StatOverallBundlesPlaced: 0
StatOverallItemsOrdered: 634
StatOverallOrdersPlaced: 407
StatOverallBundlesRejected: 0
StatOverallOrdersRejected: 0
StatOverallBundlesHandled: 0
StatOverallItemsHandled: 769
StatOverallLinesHandled: 731
StatOverallOrdersHandled: 499
StatOverallCollisions: 0
StatOverallDistanceTraveled: 4932.914742338672
StatOverallDistanceEstimated: 4816
StatOverallAssignedTasks: 198
StatMaxMemoryUsed: 143,84375
StatRealTimeUsed: 0.9585529
StatAverageTurnoverTime: 488.1527468588885
StatMedianTurnoverTime: 324.51278497069944
StatLowerQuartileTurnoverTime: 116.93444444444594
StatUpperQuartileTurnoverTime: 739.3254761499866
StatAverageThroughputTime: 84.74422486787557
StatMedianThroughputTime: 24.471111111111014
StatLowerQuartileThroughputTime: 16.559444444444466
StatUpperQuartileThroughputTime: 77.2977777777786

Marked tag finished after 1 tries!
.Fin. - SUCCESS
<<< Welcome to the RAWSimO CLI >>>
The time is: 06/13/2024 09:53:25
Starting RAWSimO wrapper with the following arguments:
Instance: ..\..\..\..\Material\Instances\0.Weighted30min Demand separate\Dc\Weighted2.xinst
Setting: ..\..\..\..\Material\Instances\0.Weighted30min Demand separate\Dc\Weighted2.xsett
ControlConfig: ..\..\..\..\Material\Instances\0.Weighted30min Demand separate\Dc\Weighted2.xconf
StatisticsDir: ..\..\..\..\Material\Instances\0.Weighted30min Demand separate\Dc
Seed: 2
Additionally the following tag was passed: 1, 6.087, 0.7, 0.217, 0.143, 0.333
Adding handler for unhandled exceptions ...
Initializing ... 
Instance recognized!
Parsing setting config ...
Parsing control config ...
Parsing instance ...
StatisticsFolder: Weighted2-Dc_[[1, 6.087, 0.7]]_3_[0.217, 0.143, 0.333].csv-2
Done!
