Executing ... 
 21:27:42 | >>> Warming up ...
 00:00:00 | >>> Warmup finished - starting simulation ...
 Realtime |   ETA    |  Sim.Time  | Progress | #Orders | #Bundles | Inv. | Distance | #Coll. |   Memory    
 00:00:00 |   n/a    | 0.00:00:00 |  0.00%   |    0    |    0     | 60%  |    0     |   0    |  87.07MB  
 00:00:01 | Cannot generate further orders - suspending generation for now
 00:00:01 | Cannot generate further orders - suspending generation for now
 00:00:01 | Cannot generate further orders - suspending generation for now
 00:00:01 | Cannot generate further orders - suspending generation for now
 00:00:01 | Cannot generate further orders - suspending generation for now
 00:00:01 | Cannot generate further orders - suspending generation for now
 00:00:01 | 00:00:00 | 0.00:30:00 | 100.00%  |   443   |    0     | 19%  |   5187   |   0    |  62.25MB  
 00:00:01 | >>> Simulation finished - writing results ...
 00:00:01 | >>> Results written
Simulation finished.
>>> Timings
StatTimingPathPlanningAverage: 0.00010551337946943479
StatTimingPathPlanningOverall: 0.09148009999999997
StatTimingPathPlanningCount: 867
StatTimingTaskAllocationAverage: 0.002097245370370372
StatTimingTaskAllocationOverall: 0.4530050000000004
StatTimingTaskAllocationCount: 216
StatTimingItemStorageAverage: 1.2508295625942659E-06
StatTimingItemStorageOverall: 0.0008292999999999983
StatTimingItemStorageCount: 663
StatTimingPodStorageAverage: 0.0020154578431372553
StatTimingPodStorageOverall: 0.20557670000000003
StatTimingPodStorageCount: 102
StatTimingReplenishmentBatchingAverage: 1.045E-05
StatTimingReplenishmentBatchingOverall: 2.09E-05
StatTimingReplenishmentBatchingCount: 2
StatTimingOrderBatchingAverage: 0.00010138711911357341
StatTimingOrderBatchingOverall: 0.0732015
StatTimingOrderBatchingCount: 722
>>> Overall
StatOverallBundlesPlaced: 0
StatOverallItemsOrdered: 659
StatOverallOrdersPlaced: 404
StatOverallBundlesRejected: 0
StatOverallOrdersRejected: 0
StatOverallBundlesHandled: 0
StatOverallItemsHandled: 682
StatOverallLinesHandled: 632
StatOverallOrdersHandled: 443
StatOverallCollisions: 0
StatOverallDistanceTraveled: 5186.92049924144
StatOverallDistanceEstimated: 5036
StatOverallAssignedTasks: 216
StatMaxMemoryUsed: 87,64453125
StatRealTimeUsed: 1.1699591
StatAverageTurnoverTime: 470.289439361275
StatMedianTurnoverTime: 301.0307431383812
StatLowerQuartileTurnoverTime: 122.30101731969864
StatUpperQuartileTurnoverTime: 671.0596320272699
StatAverageThroughputTime: 95.90651189385173
StatMedianThroughputTime: 19.910555555555675
StatLowerQuartileThroughputTime: 12.759444444444455
StatUpperQuartileThroughputTime: 73.23277777777844

Marked tag finished after 1 tries!
.Fin. - SUCCESS
<<< Welcome to the RAWSimO CLI >>>
The time is: 06/12/2024 21:27:43
Starting RAWSimO wrapper with the following arguments:
Instance: ..\..\..\..\Material\Instances\0.Weighted30min Demand separate\Da\Weighted2.xinst
Setting: ..\..\..\..\Material\Instances\0.Weighted30min Demand separate\Da\Weighted2.xsett
ControlConfig: ..\..\..\..\Material\Instances\0.Weighted30min Demand separate\Da\Weighted2.xconf
StatisticsDir: ..\..\..\..\Material\Instances\0.Weighted30min Demand separate\Da
Seed: 1
Additionally the following tag was passed: 1, 10.0, 0.7922499999999999, 0.234, 0.1, 0.294
Adding handler for unhandled exceptions ...
Initializing ... 
Instance recognized!
Parsing setting config ...
Parsing control config ...
Parsing instance ...
StatisticsFolder: Weighted2-Da_[[1, 10.0, 0.7922499999999999]]_1_[0.234, 0.1, 0.294].csv-1
Done!
