Executing ... 
 09:37:36 | >>> Warming up ...
 00:00:00 | >>> Warmup finished - starting simulation ...
 Realtime |   ETA    |  Sim.Time  | Progress | #Orders | #Bundles | Inv. | Distance | #Coll. |   Memory    
 00:00:00 |   n/a    | 0.00:00:00 |  0.00%   |    0    |    0     | 60%  |    0     |   0    |  81.89MB  
 00:00:00 | Cannot generate further orders - suspending generation for now
 00:00:00 | Cannot generate further orders - suspending generation for now
 00:00:00 | Cannot generate further orders - suspending generation for now
 00:00:00 | Cannot generate further orders - suspending generation for now
 00:00:00 | Cannot generate further orders - suspending generation for now
 00:00:00 | Cannot generate further orders - suspending generation for now
 00:00:00 | Cannot generate further orders - suspending generation for now
 00:00:01 | Cannot generate further orders - suspending generation for now
 00:00:01 | 00:00:00 | 0.00:30:00 | 100.00%  |   465   |    0     | 17%  |   5105   |   0    |  78.69MB  
 00:00:01 | >>> Simulation finished - writing results ...
 00:00:01 | >>> Results written
Simulation finished.
>>> Timings
StatTimingPathPlanningAverage: 8.28747919143876E-05
StatTimingPathPlanningOverall: 0.06969769999999997
StatTimingPathPlanningCount: 841
StatTimingTaskAllocationAverage: 0.0017707828703703702
StatTimingTaskAllocationOverall: 0.38248909999999997
StatTimingTaskAllocationCount: 216
StatTimingItemStorageAverage: 9.287142857142891E-07
StatTimingItemStorageOverall: 0.0006501000000000023
StatTimingItemStorageCount: 700
StatTimingPodStorageAverage: 0.0016473631067961167
StatTimingPodStorageOverall: 0.1696784
StatTimingPodStorageCount: 103
StatTimingReplenishmentBatchingAverage: 7.65E-06
StatTimingReplenishmentBatchingOverall: 1.53E-05
StatTimingReplenishmentBatchingCount: 2
StatTimingOrderBatchingAverage: 8.821041131105398E-05
StatTimingOrderBatchingOverall: 0.0686277
StatTimingOrderBatchingCount: 778
>>> Overall
StatOverallBundlesPlaced: 0
StatOverallItemsOrdered: 667
StatOverallOrdersPlaced: 414
StatOverallBundlesRejected: 0
StatOverallOrdersRejected: 0
StatOverallBundlesHandled: 0
StatOverallItemsHandled: 714
StatOverallLinesHandled: 677
StatOverallOrdersHandled: 465
StatOverallCollisions: 0
StatOverallDistanceTraveled: 5105.20053038031
StatOverallDistanceEstimated: 5005
StatOverallAssignedTasks: 216
StatMaxMemoryUsed: 82,1328125
StatRealTimeUsed: 1.0338409
StatAverageTurnoverTime: 458.73654710891554
StatMedianTurnoverTime: 332.9271356237325
StatLowerQuartileTurnoverTime: 145.18331894749105
StatUpperQuartileTurnoverTime: 631.4522222222224
StatAverageThroughputTime: 95.73654025531523
StatMedianThroughputTime: 23.91693365506262
StatLowerQuartileThroughputTime: 16.08888888888896
StatUpperQuartileThroughputTime: 83.4938888888903

Marked tag finished after 1 tries!
.Fin. - SUCCESS
<<< Welcome to the RAWSimO CLI >>>
The time is: 06/13/2024 09:37:37
Starting RAWSimO wrapper with the following arguments:
Instance: ..\..\..\..\Material\Instances\0.Weighted30min Demand separate\Da\Weighted2.xinst
Setting: ..\..\..\..\Material\Instances\0.Weighted30min Demand separate\Da\Weighted2.xsett
ControlConfig: ..\..\..\..\Material\Instances\0.Weighted30min Demand separate\Da\Weighted2.xconf
StatisticsDir: ..\..\..\..\Material\Instances\0.Weighted30min Demand separate\Da
Seed: 1
Additionally the following tag was passed: 1, 10.0, 0.052, 0.095, 0.12, 0.541
Adding handler for unhandled exceptions ...
Initializing ... 
Instance recognized!
Parsing setting config ...
Parsing control config ...
Parsing instance ...
StatisticsFolder: Weighted2-Da_[[1, 10.0, 0.052]]_2_[0.095, 0.12, 0.541].csv-1
Done!
