Executing ... 
 19:22:11 | >>> Warming up ...
 00:00:00 | >>> Warmup finished - starting simulation ...
 Realtime |   ETA    |  Sim.Time  | Progress | #Orders | #Bundles | Inv. | Distance | #Coll. |   Memory    
 00:00:00 |   n/a    | 0.00:00:00 |  0.00%   |    0    |    0     | 60%  |    0     |   0    |  93.80MB  
 00:00:00 | Cannot generate further orders - suspending generation for now
 00:00:00 | Cannot generate further orders - suspending generation for now
 00:00:00 | Cannot generate further orders - suspending generation for now
 00:00:00 | Cannot generate further orders - suspending generation for now
 00:00:00 | Cannot generate further orders - suspending generation for now
 00:00:00 | Cannot generate further orders - suspending generation for now
 00:00:00 | Cannot generate further orders - suspending generation for now
 00:00:01 | Cannot generate further orders - suspending generation for now
 00:00:01 | Cannot generate further orders - suspending generation for now
 00:00:01 | Cannot generate further orders - suspending generation for now
 00:00:01 | 00:00:00 | 0.00:30:00 | 100.00%  |   498   |    0     | 13%  |   5082   |   0    |  95.69MB  
 00:00:01 | >>> Simulation finished - writing results ...
 00:00:01 | >>> Results written
Simulation finished.
>>> Timings
StatTimingPathPlanningAverage: 0.00010459297163995062
StatTimingPathPlanningOverall: 0.08482489999999995
StatTimingPathPlanningCount: 811
StatTimingTaskAllocationAverage: 0.002049434761904763
StatTimingTaskAllocationOverall: 0.43038130000000024
StatTimingTaskAllocationCount: 210
StatTimingItemStorageAverage: 1.057845744680853E-06
StatTimingItemStorageOverall: 0.0007955000000000014
StatTimingItemStorageCount: 752
StatTimingPodStorageAverage: 0.0016982346534653466
StatTimingPodStorageOverall: 0.1715217
StatTimingPodStorageCount: 101
StatTimingReplenishmentBatchingAverage: 9.5E-06
StatTimingReplenishmentBatchingOverall: 1.9E-05
StatTimingReplenishmentBatchingCount: 2
StatTimingOrderBatchingAverage: 9.643935643564348E-05
StatTimingOrderBatchingOverall: 0.07792299999999994
StatTimingOrderBatchingCount: 808
>>> Overall
StatOverallBundlesPlaced: 0
StatOverallItemsOrdered: 667
StatOverallOrdersPlaced: 415
StatOverallBundlesRejected: 0
StatOverallOrdersRejected: 0
StatOverallBundlesHandled: 0
StatOverallItemsHandled: 775
StatOverallLinesHandled: 733
StatOverallOrdersHandled: 498
StatOverallCollisions: 0
StatOverallDistanceTraveled: 5081.628013847331
StatOverallDistanceEstimated: 4960
StatOverallAssignedTasks: 210
StatMaxMemoryUsed: 98,4296875
StatRealTimeUsed: 1.0804898
StatAverageTurnoverTime: 470.0403419831242
StatMedianTurnoverTime: 329.57277777777756
StatLowerQuartileTurnoverTime: 144.4327777777787
StatUpperQuartileTurnoverTime: 674.4627777777779
StatAverageThroughputTime: 89.40081667081249
StatMedianThroughputTime: 28.16999999999996
StatLowerQuartileThroughputTime: 16.172683986365
StatUpperQuartileThroughputTime: 79.02833333333325

Marked tag finished after 1 tries!
.Fin. - SUCCESS
<<< Welcome to the RAWSimO CLI >>>
The time is: 06/25/2024 19:22:12
Starting RAWSimO wrapper with the following arguments:
Instance: ..\..\..\..\Material\Instances\10.Weighted30min Demand Gall\Dp\Weighted2.xinst
Setting: ..\..\..\..\Material\Instances\10.Weighted30min Demand Gall\Dp\Weighted2.xsett
ControlConfig: ..\..\..\..\Material\Instances\10.Weighted30min Demand Gall\Dp\Weighted2.xconf
StatisticsDir: ..\..\..\..\Material\Instances\10.Weighted30min Demand Gall\Dp
Seed: 4
Additionally the following tag was passed: 1, 0.64, 1.0, 0.184, 0.287, 1.0
Adding handler for unhandled exceptions ...
Initializing ... 
Instance recognized!
Parsing setting config ...
Parsing control config ...
Parsing instance ...
StatisticsFolder: Weighted2-Dp_[[1, 0.64, 1.0]]_1_[0.184, 0.287, 1.0].csv-4
Done!
