Executing ... 
 19:22:16 | >>> Warming up ...
 00:00:00 | >>> Warmup finished - starting simulation ...
 Realtime |   ETA    |  Sim.Time  | Progress | #Orders | #Bundles | Inv. | Distance | #Coll. |   Memory    
 00:00:00 |   n/a    | 0.00:00:00 |  0.00%   |    0    |    0     | 60%  |    0     |   0    | 114.61MB  
 00:00:00 | Cannot generate further orders - suspending generation for now
 00:00:00 | Cannot generate further orders - suspending generation for now
 00:00:00 | Cannot generate further orders - suspending generation for now
 00:00:00 | Cannot generate further orders - suspending generation for now
 00:00:00 | Cannot generate further orders - suspending generation for now
 00:00:00 | Cannot generate further orders - suspending generation for now
 00:00:01 | Cannot generate further orders - suspending generation for now
 00:00:01 | Cannot generate further orders - suspending generation for now
 00:00:01 | Cannot generate further orders - suspending generation for now
 00:00:01 | Cannot generate further orders - suspending generation for now
 00:00:01 | Cannot generate further orders - suspending generation for now
 00:00:01 | Cannot generate further orders - suspending generation for now
 00:00:01 | 00:00:00 | 0.00:30:00 | 100.00%  |   508   |    0     | 12%  |   4941   |   0    |  73.31MB  
 00:00:01 | >>> Simulation finished - writing results ...
 00:00:01 | >>> Results written
Simulation finished.
>>> Timings
StatTimingPathPlanningAverage: 0.00012087019704433507
StatTimingPathPlanningOverall: 0.09814660000000008
StatTimingPathPlanningCount: 812
StatTimingTaskAllocationAverage: 0.0020568975
StatTimingTaskAllocationOverall: 0.41137949999999995
StatTimingTaskAllocationCount: 200
StatTimingItemStorageAverage: 1.5173521850899703E-06
StatTimingItemStorageOverall: 0.0011804999999999969
StatTimingItemStorageCount: 778
StatTimingPodStorageAverage: 0.0018496115789473693
StatTimingPodStorageOverall: 0.1757131000000001
StatTimingPodStorageCount: 95
StatTimingReplenishmentBatchingAverage: 2.31E-05
StatTimingReplenishmentBatchingOverall: 4.62E-05
StatTimingReplenishmentBatchingCount: 2
StatTimingOrderBatchingAverage: 0.00014220900243309013
StatTimingOrderBatchingOverall: 0.11689580000000008
StatTimingOrderBatchingCount: 822
>>> Overall
StatOverallBundlesPlaced: 0
StatOverallItemsOrdered: 657
StatOverallOrdersPlaced: 418
StatOverallBundlesRejected: 0
StatOverallOrdersRejected: 0
StatOverallBundlesHandled: 0
StatOverallItemsHandled: 792
StatOverallLinesHandled: 749
StatOverallOrdersHandled: 508
StatOverallCollisions: 0
StatOverallDistanceTraveled: 4940.657840695693
StatOverallDistanceEstimated: 4834
StatOverallAssignedTasks: 200
StatMaxMemoryUsed: 104,328125
StatRealTimeUsed: 1.1679807
StatAverageTurnoverTime: 462.2965057706768
StatMedianTurnoverTime: 324.6368542494922
StatLowerQuartileTurnoverTime: 146.86564934696847
StatUpperQuartileTurnoverTime: 623.3416666666672
StatAverageThroughputTime: 95.86025624589291
StatMedianThroughputTime: 29.54833333333295
StatLowerQuartileThroughputTime: 19.920555555556348
StatUpperQuartileThroughputTime: 86.90777777777794

Marked tag finished after 1 tries!
.Fin. - SUCCESS
<<< Welcome to the RAWSimO CLI >>>
The time is: 06/25/2024 19:22:17
Starting RAWSimO wrapper with the following arguments:
Instance: ..\..\..\..\Material\Instances\10.Weighted30min Demand Gall\Dp\Weighted2.xinst
Setting: ..\..\..\..\Material\Instances\10.Weighted30min Demand Gall\Dp\Weighted2.xsett
ControlConfig: ..\..\..\..\Material\Instances\10.Weighted30min Demand Gall\Dp\Weighted2.xconf
StatisticsDir: ..\..\..\..\Material\Instances\10.Weighted30min Demand Gall\Dp
Seed: 2
Additionally the following tag was passed: 1, 0.64, 1.0, 0.184, 0.287, 1.0
Adding handler for unhandled exceptions ...
Initializing ... 
Instance recognized!
Parsing setting config ...
Parsing control config ...
Parsing instance ...
StatisticsFolder: Weighted2-Dp_[[1, 0.64, 1.0]]_2_[0.184, 0.287, 1.0].csv-2
Done!
