Executing ... 
 19:24:44 | >>> Warming up ...
 00:00:00 | >>> Warmup finished - starting simulation ...
 Realtime |   ETA    |  Sim.Time  | Progress | #Orders | #Bundles | Inv. | Distance | #Coll. |   Memory    
 00:00:00 |   n/a    | 0.00:00:00 |  0.00%   |    0    |    0     | 60%  |    0     |   0    | 144.34MB  
 00:00:00 | Cannot generate further orders - suspending generation for now
 00:00:00 | Cannot generate further orders - suspending generation for now
 00:00:00 | Cannot generate further orders - suspending generation for now
 00:00:00 | Cannot generate further orders - suspending generation for now
 00:00:00 | Cannot generate further orders - suspending generation for now
 00:00:00 | Cannot generate further orders - suspending generation for now
 00:00:00 | Cannot generate further orders - suspending generation for now
 00:00:00 | Cannot generate further orders - suspending generation for now
 00:00:00 | Cannot generate further orders - suspending generation for now
 00:00:00 | Cannot generate further orders - suspending generation for now
 00:00:00 | Cannot generate further orders - suspending generation for now
 00:00:00 | 00:00:00 | 0.00:30:00 | 100.00%  |   483   |    0     | 16%  |   4918   |   0    | 142.31MB  
 00:00:00 | >>> Simulation finished - writing results ...
 00:00:00 | >>> Results written
Simulation finished.
>>> Timings
StatTimingPathPlanningAverage: 8.278934837092738E-05
StatTimingPathPlanningOverall: 0.06606590000000005
StatTimingPathPlanningCount: 798
StatTimingTaskAllocationAverage: 0.001695167464114834
StatTimingTaskAllocationOverall: 0.3542900000000003
StatTimingTaskAllocationCount: 209
StatTimingItemStorageAverage: 9.617440225035186E-07
StatTimingItemStorageOverall: 0.0006838000000000017
StatTimingItemStorageCount: 711
StatTimingPodStorageAverage: 0.0015633629999999995
StatTimingPodStorageOverall: 0.15633629999999996
StatTimingPodStorageCount: 100
StatTimingReplenishmentBatchingAverage: 8.1E-06
StatTimingReplenishmentBatchingOverall: 1.62E-05
StatTimingReplenishmentBatchingCount: 2
StatTimingOrderBatchingAverage: 8.566297229219143E-05
StatTimingOrderBatchingOverall: 0.06801639999999999
StatTimingOrderBatchingCount: 794
>>> Overall
StatOverallBundlesPlaced: 0
StatOverallItemsOrdered: 663
StatOverallOrdersPlaced: 422
StatOverallBundlesRejected: 0
StatOverallOrdersRejected: 0
StatOverallBundlesHandled: 0
StatOverallItemsHandled: 735
StatOverallLinesHandled: 687
StatOverallOrdersHandled: 483
StatOverallCollisions: 0
StatOverallDistanceTraveled: 4918.012365836901
StatOverallDistanceEstimated: 4788
StatOverallAssignedTasks: 209
StatMaxMemoryUsed: 144,33984375
StatRealTimeUsed: 0.927351
StatAverageTurnoverTime: 426.25119194215847
StatMedianTurnoverTime: 297.6228715691908
StatLowerQuartileTurnoverTime: 134.20787156919076
StatUpperQuartileTurnoverTime: 562.9110245126196
StatAverageThroughputTime: 96.98200277308558
StatMedianThroughputTime: 23.973888888889178
StatLowerQuartileThroughputTime: 13.946111111111122
StatUpperQuartileThroughputTime: 79.50120490252405

Marked tag finished after 1 tries!
.Fin. - SUCCESS
<<< Welcome to the RAWSimO CLI >>>
The time is: 06/25/2024 19:24:45
Starting RAWSimO wrapper with the following arguments:
Instance: ..\..\..\..\Material\Instances\10.Weighted30min Demand Gall\Dr\Weighted2.xinst
Setting: ..\..\..\..\Material\Instances\10.Weighted30min Demand Gall\Dr\Weighted2.xsett
ControlConfig: ..\..\..\..\Material\Instances\10.Weighted30min Demand Gall\Dr\Weighted2.xconf
StatisticsDir: ..\..\..\..\Material\Instances\10.Weighted30min Demand Gall\Dr
Seed: 1
Additionally the following tag was passed: 1, 0.15454545454545457, 1.0, 0.091, 0.586, 1.0
Adding handler for unhandled exceptions ...
Initializing ... 
Instance recognized!
Parsing setting config ...
Parsing control config ...
Parsing instance ...
StatisticsFolder: Weighted2-Dr_[[1, 0.15454545454545457, 1.0]]_2_[0.091, 0.586, 1.0].csv-1
Done!
