Executing ... 
 09:53:36 | >>> Warming up ...
 00:00:00 | >>> Warmup finished - starting simulation ...
 Realtime |   ETA    |  Sim.Time  | Progress | #Orders | #Bundles | Inv. | Distance | #Coll. |   Memory    
 00:00:00 |   n/a    | 0.00:00:00 |  0.00%   |    0    |    0     | 60%  |    0     |   0    |  88.71MB  
 00:00:00 | Cannot generate further orders - suspending generation for now
 00:00:00 | Cannot generate further orders - suspending generation for now
 00:00:00 | Cannot generate further orders - suspending generation for now
 00:00:00 | Cannot generate further orders - suspending generation for now
 00:00:00 | Cannot generate further orders - suspending generation for now
 00:00:00 | Cannot generate further orders - suspending generation for now
 00:00:01 | Cannot generate further orders - suspending generation for now
 00:00:01 | Cannot generate further orders - suspending generation for now
 00:00:01 | Cannot generate further orders - suspending generation for now
 00:00:01 | Cannot generate further orders - suspending generation for now
 00:00:01 | Cannot generate further orders - suspending generation for now
 00:00:01 | 00:00:00 | 0.00:30:00 | 100.00%  |   525   |    0     | 12%  |   4881   |   0    |  89.63MB  
 00:00:01 | >>> Simulation finished - writing results ...
 00:00:01 | >>> Results written
Simulation finished.
>>> Timings
StatTimingPathPlanningAverage: 0.00010216968215158929
StatTimingPathPlanningOverall: 0.08357480000000003
StatTimingPathPlanningCount: 818
StatTimingTaskAllocationAverage: 0.0022034084158415856
StatTimingTaskAllocationOverall: 0.4450885000000003
StatTimingTaskAllocationCount: 202
StatTimingItemStorageAverage: 9.356110381077553E-07
StatTimingItemStorageOverall: 0.0007120000000000018
StatTimingItemStorageCount: 761
StatTimingPodStorageAverage: 0.0020910319587628865
StatTimingPodStorageOverall: 0.20283009999999999
StatTimingPodStorageCount: 97
StatTimingReplenishmentBatchingAverage: 8.25E-06
StatTimingReplenishmentBatchingOverall: 1.65E-05
StatTimingReplenishmentBatchingCount: 2
StatTimingOrderBatchingAverage: 9.398000000000002E-05
StatTimingOrderBatchingOverall: 0.07612380000000002
StatTimingOrderBatchingCount: 810
>>> Overall
StatOverallBundlesPlaced: 0
StatOverallItemsOrdered: 662
StatOverallOrdersPlaced: 433
StatOverallBundlesRejected: 0
StatOverallOrdersRejected: 0
StatOverallBundlesHandled: 0
StatOverallItemsHandled: 791
StatOverallLinesHandled: 751
StatOverallOrdersHandled: 525
StatOverallCollisions: 0
StatOverallDistanceTraveled: 4881.01248835635
StatOverallDistanceEstimated: 4704
StatOverallAssignedTasks: 202
StatMaxMemoryUsed: 94,27734375
StatRealTimeUsed: 1.1255996
StatAverageTurnoverTime: 441.18197902100496
StatMedianTurnoverTime: 314.3872222222221
StatLowerQuartileTurnoverTime: 115.09842712474627
StatUpperQuartileTurnoverTime: 603.2383258849925
StatAverageThroughputTime: 84.95245910027992
StatMedianThroughputTime: 24.927222222222127
StatLowerQuartileThroughputTime: 16.44666666666717
StatUpperQuartileThroughputTime: 72.72444444444437

Marked tag finished after 1 tries!
.Fin. - SUCCESS
<<< Welcome to the RAWSimO CLI >>>
The time is: 06/13/2024 09:53:37
Starting RAWSimO wrapper with the following arguments:
Instance: ..\..\..\..\Material\Instances\0.Weighted30min Demand separate\Dd\Weighted2.xinst
Setting: ..\..\..\..\Material\Instances\0.Weighted30min Demand separate\Dd\Weighted2.xsett
ControlConfig: ..\..\..\..\Material\Instances\0.Weighted30min Demand separate\Dd\Weighted2.xconf
StatisticsDir: ..\..\..\..\Material\Instances\0.Weighted30min Demand separate\Dd
Seed: 3
Additionally the following tag was passed: 1, 0.05, 0.05, 0.185, 0.358, 0.612
Adding handler for unhandled exceptions ...
Initializing ... 
Instance recognized!
Parsing setting config ...
Parsing control config ...
Parsing instance ...
StatisticsFolder: Weighted2-Dd_[[1, 0.05, 0.05]]_2_[0.185, 0.358, 0.612].csv-3
Done!
