Executing ... 
 19:27:45 | >>> Warming up ...
 00:00:00 | >>> Warmup finished - starting simulation ...
 Realtime |   ETA    |  Sim.Time  | Progress | #Orders | #Bundles | Inv. | Distance | #Coll. |   Memory    
 00:00:00 |   n/a    | 0.00:00:00 |  0.00%   |    0    |    0     | 60%  |    0     |   0    | 147.14MB  
 00:00:00 | Cannot generate further orders - suspending generation for now
 00:00:00 | Cannot generate further orders - suspending generation for now
 00:00:00 | Cannot generate further orders - suspending generation for now
 00:00:00 | Cannot generate further orders - suspending generation for now
 00:00:00 | Cannot generate further orders - suspending generation for now
 00:00:00 | Cannot generate further orders - suspending generation for now
 00:00:00 | Cannot generate further orders - suspending generation for now
 00:00:00 | Cannot generate further orders - suspending generation for now
 00:00:00 | 00:00:00 | 0.00:30:00 | 100.00%  |   468   |    0     | 17%  |   5059   |   0    | 142.12MB  
 00:00:00 | >>> Simulation finished - writing results ...
 00:00:00 | >>> Results written
Simulation finished.
>>> Timings
StatTimingPathPlanningAverage: 7.714064362336108E-05
StatTimingPathPlanningOverall: 0.06472099999999995
StatTimingPathPlanningCount: 839
StatTimingTaskAllocationAverage: 0.0015750663551401868
StatTimingTaskAllocationOverall: 0.3370642
StatTimingTaskAllocationCount: 214
StatTimingItemStorageAverage: 8.031339031339091E-07
StatTimingItemStorageOverall: 0.0005638000000000042
StatTimingItemStorageCount: 702
StatTimingPodStorageAverage: 0.001387586274509804
StatTimingPodStorageOverall: 0.14153380000000002
StatTimingPodStorageCount: 102
StatTimingReplenishmentBatchingAverage: 6.5999999999999995E-06
StatTimingReplenishmentBatchingOverall: 1.3199999999999999E-05
StatTimingReplenishmentBatchingCount: 2
StatTimingOrderBatchingAverage: 0.00010683155216285005
StatTimingOrderBatchingOverall: 0.08396960000000014
StatTimingOrderBatchingCount: 786
>>> Overall
StatOverallBundlesPlaced: 0
StatOverallItemsOrdered: 657
StatOverallOrdersPlaced: 418
StatOverallBundlesRejected: 0
StatOverallOrdersRejected: 0
StatOverallBundlesHandled: 0
StatOverallItemsHandled: 716
StatOverallLinesHandled: 671
StatOverallOrdersHandled: 468
StatOverallCollisions: 0
StatOverallDistanceTraveled: 5058.508049678448
StatOverallDistanceEstimated: 4910
StatOverallAssignedTasks: 214
StatMaxMemoryUsed: 145,5859375
StatRealTimeUsed: 0.8967265
StatAverageTurnoverTime: 480.71690896660215
StatMedianTurnoverTime: 384.5508369297937
StatLowerQuartileTurnoverTime: 169.24111111111114
StatUpperQuartileTurnoverTime: 669.0634271247463
StatAverageThroughputTime: 90.61853737233467
StatMedianThroughputTime: 27.243427124746006
StatLowerQuartileThroughputTime: 16.303888888889105
StatUpperQuartileThroughputTime: 77.95453823585733

Marked tag finished after 1 tries!
.Fin. - SUCCESS
<<< Welcome to the RAWSimO CLI >>>
The time is: 06/25/2024 19:27:46
Starting RAWSimO wrapper with the following arguments:
Instance: ..\..\..\..\Material\Instances\10.Weighted30min Demand Gall\Dr\Weighted2.xinst
Setting: ..\..\..\..\Material\Instances\10.Weighted30min Demand Gall\Dr\Weighted2.xsett
ControlConfig: ..\..\..\..\Material\Instances\10.Weighted30min Demand Gall\Dr\Weighted2.xconf
StatisticsDir: ..\..\..\..\Material\Instances\10.Weighted30min Demand Gall\Dr
Seed: 1
Additionally the following tag was passed: 1, 1.4554545454545456, 1.0, 0.215, 0.148, 1.0
Adding handler for unhandled exceptions ...
Initializing ... 
Instance recognized!
Parsing setting config ...
Parsing control config ...
Parsing instance ...
StatisticsFolder: Weighted2-Dr_[[1, 1.4554545454545456, 1.0]]_1_[0.215, 0.148, 1.0].csv-1
Done!
