Executing ... 
 09:37:14 | >>> Warming up ...
 00:00:00 | >>> Warmup finished - starting simulation ...
 Realtime |   ETA    |  Sim.Time  | Progress | #Orders | #Bundles | Inv. | Distance | #Coll. |   Memory    
 00:00:00 |   n/a    | 0.00:00:00 |  0.00%   |    0    |    0     | 60%  |    0     |   0    |  78.00MB  
 00:00:00 | Cannot generate further orders - suspending generation for now
 00:00:00 | Cannot generate further orders - suspending generation for now
 00:00:00 | Cannot generate further orders - suspending generation for now
 00:00:00 | Cannot generate further orders - suspending generation for now
 00:00:01 | Cannot generate further orders - suspending generation for now
 00:00:01 | Cannot generate further orders - suspending generation for now
 00:00:01 | Cannot generate further orders - suspending generation for now
 00:00:01 | Cannot generate further orders - suspending generation for now
 00:00:01 | Cannot generate further orders - suspending generation for now
 00:00:01 | 00:00:00 | 0.00:30:00 | 100.00%  |   470   |    0     | 16%  |   5308   |   0    |  73.73MB  
 00:00:01 | >>> Simulation finished - writing results ...
 00:00:01 | >>> Results written
Simulation finished.
>>> Timings
StatTimingPathPlanningAverage: 0.000114927380952381
StatTimingPathPlanningOverall: 0.09653900000000004
StatTimingPathPlanningCount: 840
StatTimingTaskAllocationAverage: 0.0020372337899543396
StatTimingTaskAllocationOverall: 0.44615420000000033
StatTimingTaskAllocationCount: 219
StatTimingItemStorageAverage: 1.1266296809986167E-06
StatTimingItemStorageOverall: 0.0008123000000000027
StatTimingItemStorageCount: 721
StatTimingPodStorageAverage: 0.0016800394230769222
StatTimingPodStorageOverall: 0.1747240999999999
StatTimingPodStorageCount: 104
StatTimingReplenishmentBatchingAverage: 8.65E-06
StatTimingReplenishmentBatchingOverall: 1.73E-05
StatTimingReplenishmentBatchingCount: 2
StatTimingOrderBatchingAverage: 0.0001062349934469201
StatTimingOrderBatchingOverall: 0.08105730000000004
StatTimingOrderBatchingCount: 763
>>> Overall
StatOverallBundlesPlaced: 0
StatOverallItemsOrdered: 651
StatOverallOrdersPlaced: 407
StatOverallBundlesRejected: 0
StatOverallOrdersRejected: 0
StatOverallBundlesHandled: 0
StatOverallItemsHandled: 736
StatOverallLinesHandled: 696
StatOverallOrdersHandled: 470
StatOverallCollisions: 0
StatOverallDistanceTraveled: 5308.118682926156
StatOverallDistanceEstimated: 5164
StatOverallAssignedTasks: 219
StatMaxMemoryUsed: 78,00390625
StatRealTimeUsed: 1.1821149
StatAverageTurnoverTime: 469.7538198481009
StatMedianTurnoverTime: 290.42694804090513
StatLowerQuartileTurnoverTime: 131.16166666666675
StatUpperQuartileTurnoverTime: 706.1014934696846
StatAverageThroughputTime: 92.21846616606494
StatMedianThroughputTime: 24.91222222222291
StatLowerQuartileThroughputTime: 16.13333333333344
StatUpperQuartileThroughputTime: 78.85777777777889

Marked tag finished after 1 tries!
.Fin. - SUCCESS
<<< Welcome to the RAWSimO CLI >>>
The time is: 06/13/2024 09:37:15
Starting RAWSimO wrapper with the following arguments:
Instance: ..\..\..\..\Material\Instances\0.Weighted30min Demand separate\Da\Weighted2.xinst
Setting: ..\..\..\..\Material\Instances\0.Weighted30min Demand separate\Da\Weighted2.xsett
ControlConfig: ..\..\..\..\Material\Instances\0.Weighted30min Demand separate\Da\Weighted2.xconf
StatisticsDir: ..\..\..\..\Material\Instances\0.Weighted30min Demand separate\Da
Seed: 1
Additionally the following tag was passed: 1, 0.052, 1.039, 0.103, 1.0, 0.25
Adding handler for unhandled exceptions ...
Initializing ... 
Instance recognized!
Parsing setting config ...
Parsing control config ...
Parsing instance ...
StatisticsFolder: Weighted2-Da_[[1, 0.052, 1.039]]_3_[0.103, 1.0, 0.25].csv-1
Done!
