Executing ... 
 19:27:31 | >>> Warming up ...
 00:00:00 | >>> Warmup finished - starting simulation ...
 Realtime |   ETA    |  Sim.Time  | Progress | #Orders | #Bundles | Inv. | Distance | #Coll. |   Memory    
 00:00:00 |   n/a    | 0.00:00:00 |  0.00%   |    0    |    0     | 60%  |    0     |   0    | 134.06MB  
 00:00:00 | Cannot generate further orders - suspending generation for now
 00:00:00 | Cannot generate further orders - suspending generation for now
 00:00:00 | Cannot generate further orders - suspending generation for now
 00:00:00 | Cannot generate further orders - suspending generation for now
 00:00:00 | Cannot generate further orders - suspending generation for now
 00:00:00 | Cannot generate further orders - suspending generation for now
 00:00:00 | Cannot generate further orders - suspending generation for now
 00:00:00 | Cannot generate further orders - suspending generation for now
 00:00:00 | 00:00:00 | 0.00:30:00 | 100.00%  |   477   |    0     | 16%  |   5151   |   0    | 132.08MB  
 00:00:00 | >>> Simulation finished - writing results ...
 00:00:00 | >>> Results written
Simulation finished.
>>> Timings
StatTimingPathPlanningAverage: 7.895654761904747E-05
StatTimingPathPlanningOverall: 0.06632349999999988
StatTimingPathPlanningCount: 840
StatTimingTaskAllocationAverage: 0.001569982790697675
StatTimingTaskAllocationOverall: 0.33754630000000013
StatTimingTaskAllocationCount: 215
StatTimingItemStorageAverage: 1.0343304843304854E-06
StatTimingItemStorageOverall: 0.0007261000000000007
StatTimingItemStorageCount: 702
StatTimingPodStorageAverage: 0.0013765135922330094
StatTimingPodStorageOverall: 0.14178089999999996
StatTimingPodStorageCount: 103
StatTimingReplenishmentBatchingAverage: 8.65E-06
StatTimingReplenishmentBatchingOverall: 1.73E-05
StatTimingReplenishmentBatchingCount: 2
StatTimingOrderBatchingAverage: 8.058095854922267E-05
StatTimingOrderBatchingOverall: 0.0622084999999999
StatTimingOrderBatchingCount: 772
>>> Overall
StatOverallBundlesPlaced: 0
StatOverallItemsOrdered: 667
StatOverallOrdersPlaced: 425
StatOverallBundlesRejected: 0
StatOverallOrdersRejected: 0
StatOverallBundlesHandled: 0
StatOverallItemsHandled: 730
StatOverallLinesHandled: 684
StatOverallOrdersHandled: 477
StatOverallCollisions: 0
StatOverallDistanceTraveled: 5151.013019682362
StatOverallDistanceEstimated: 5126
StatOverallAssignedTasks: 215
StatMaxMemoryUsed: 134,0625
StatRealTimeUsed: 0.8808643
StatAverageTurnoverTime: 478.2406367145867
StatMedianTurnoverTime: 363.58797255352715
StatLowerQuartileTurnoverTime: 146.19731601363517
StatUpperQuartileTurnoverTime: 693.6577777777795
StatAverageThroughputTime: 93.3953519302285
StatMedianThroughputTime: 21.439350653031966
StatLowerQuartileThroughputTime: 15.267590194951708
StatUpperQuartileThroughputTime: 82.73564934696842

Marked tag finished after 1 tries!
.Fin. - SUCCESS
<<< Welcome to the RAWSimO CLI >>>
The time is: 06/25/2024 19:27:32
Starting RAWSimO wrapper with the following arguments:
Instance: ..\..\..\..\Material\Instances\10.Weighted30min Demand Gall\Dr\Weighted2.xinst
Setting: ..\..\..\..\Material\Instances\10.Weighted30min Demand Gall\Dr\Weighted2.xsett
ControlConfig: ..\..\..\..\Material\Instances\10.Weighted30min Demand Gall\Dr\Weighted2.xconf
StatisticsDir: ..\..\..\..\Material\Instances\10.Weighted30min Demand Gall\Dr
Seed: 6
Additionally the following tag was passed: 1, 1.310909090909091, 1.0, 0.211, 0.162, 1.0
Adding handler for unhandled exceptions ...
Initializing ... 
Instance recognized!
Parsing setting config ...
Parsing control config ...
Parsing instance ...
StatisticsFolder: Weighted2-Dr_[[1, 1.310909090909091, 1.0]]_1_[0.211, 0.162, 1.0].csv-6
Done!
