Executing ... 
 19:22:34 | >>> Warming up ...
 00:00:00 | >>> Warmup finished - starting simulation ...
 Realtime |   ETA    |  Sim.Time  | Progress | #Orders | #Bundles | Inv. | Distance | #Coll. |   Memory    
 00:00:00 |   n/a    | 0.00:00:00 |  0.00%   |    0    |    0     | 60%  |    0     |   0    |  92.44MB  
 00:00:00 | Cannot generate further orders - suspending generation for now
 00:00:00 | Cannot generate further orders - suspending generation for now
 00:00:00 | Cannot generate further orders - suspending generation for now
 00:00:00 | Cannot generate further orders - suspending generation for now
 00:00:00 | Cannot generate further orders - suspending generation for now
 00:00:00 | Cannot generate further orders - suspending generation for now
 00:00:00 | Cannot generate further orders - suspending generation for now
 00:00:00 | Cannot generate further orders - suspending generation for now
 00:00:00 | Cannot generate further orders - suspending generation for now
 00:00:01 | Cannot generate further orders - suspending generation for now
 00:00:01 | 00:00:00 | 0.00:30:00 | 100.00%  |   471   |    0     | 16%  |   5056   |   0    |  90.42MB  
 00:00:01 | >>> Simulation finished - writing results ...
 00:00:01 | >>> Results written
Simulation finished.
>>> Timings
StatTimingPathPlanningAverage: 9.903966101694907E-05
StatTimingPathPlanningOverall: 0.08765009999999993
StatTimingPathPlanningCount: 885
StatTimingTaskAllocationAverage: 0.0019070654028436023
StatTimingTaskAllocationOverall: 0.4023908000000001
StatTimingTaskAllocationCount: 211
StatTimingItemStorageAverage: 9.805865921787731E-07
StatTimingItemStorageOverall: 0.0007021000000000015
StatTimingItemStorageCount: 716
StatTimingPodStorageAverage: 0.0015762079207920785
StatTimingPodStorageOverall: 0.15919699999999992
StatTimingPodStorageCount: 101
StatTimingReplenishmentBatchingAverage: 9.5E-06
StatTimingReplenishmentBatchingOverall: 1.9E-05
StatTimingReplenishmentBatchingCount: 2
StatTimingOrderBatchingAverage: 0.00010421888020833336
StatTimingOrderBatchingOverall: 0.08004010000000002
StatTimingOrderBatchingCount: 768
>>> Overall
StatOverallBundlesPlaced: 0
StatOverallItemsOrdered: 657
StatOverallOrdersPlaced: 411
StatOverallBundlesRejected: 0
StatOverallOrdersRejected: 0
StatOverallBundlesHandled: 0
StatOverallItemsHandled: 732
StatOverallLinesHandled: 694
StatOverallOrdersHandled: 471
StatOverallCollisions: 0
StatOverallDistanceTraveled: 5055.619808869051
StatOverallDistanceEstimated: 4957
StatOverallAssignedTasks: 211
StatMaxMemoryUsed: 93,64453125
StatRealTimeUsed: 1.0261763
StatAverageTurnoverTime: 458.4838304058473
StatMedianTurnoverTime: 327.59491340150976
StatLowerQuartileTurnoverTime: 150.77509379141543
StatUpperQuartileTurnoverTime: 621.8998339959439
StatAverageThroughputTime: 97.53899095404307
StatMedianThroughputTime: 24.181111111111107
StatLowerQuartileThroughputTime: 15.866111111111195
StatUpperQuartileThroughputTime: 79.59083692979516

Marked tag finished after 1 tries!
.Fin. - SUCCESS
<<< Welcome to the RAWSimO CLI >>>
The time is: 06/25/2024 19:22:35
Starting RAWSimO wrapper with the following arguments:
Instance: ..\..\..\..\Material\Instances\10.Weighted30min Demand Gall\Dp\Weighted2.xinst
Setting: ..\..\..\..\Material\Instances\10.Weighted30min Demand Gall\Dp\Weighted2.xsett
ControlConfig: ..\..\..\..\Material\Instances\10.Weighted30min Demand Gall\Dp\Weighted2.xconf
StatisticsDir: ..\..\..\..\Material\Instances\10.Weighted30min Demand Gall\Dp
Seed: 4
Additionally the following tag was passed: 1, 0.73, 1.0, 0.189, 0.26, 1.0
Adding handler for unhandled exceptions ...
Initializing ... 
Instance recognized!
Parsing setting config ...
Parsing control config ...
Parsing instance ...
StatisticsFolder: Weighted2-Dp_[[1, 0.73, 1.0]]_1_[0.189, 0.26, 1.0].csv-4
Done!
