Executing ... 
 21:29:07 | >>> Warming up ...
 00:00:00 | >>> Warmup finished - starting simulation ...
 Realtime |   ETA    |  Sim.Time  | Progress | #Orders | #Bundles | Inv. | Distance | #Coll. |   Memory    
 00:00:00 |   n/a    | 0.00:00:00 |  0.00%   |    0    |    0     | 60%  |    0     |   0    |  87.15MB  
 00:00:00 | Cannot generate further orders - suspending generation for now
 00:00:00 | Cannot generate further orders - suspending generation for now
 00:00:00 | Cannot generate further orders - suspending generation for now
 00:00:00 | Cannot generate further orders - suspending generation for now
 00:00:00 | Cannot generate further orders - suspending generation for now
 00:00:00 | Cannot generate further orders - suspending generation for now
 00:00:00 | Cannot generate further orders - suspending generation for now
 00:00:00 | Cannot generate further orders - suspending generation for now
 00:00:00 | Cannot generate further orders - suspending generation for now
 00:00:00 | Cannot generate further orders - suspending generation for now
 00:00:00 | Cannot generate further orders - suspending generation for now
 00:00:01 | 00:00:00 | 0.00:30:00 | 100.00%  |   479   |    0     | 14%  |   4915   |   0    |  86.11MB  
 00:00:01 | >>> Simulation finished - writing results ...
 00:00:01 | >>> Results written
Simulation finished.
>>> Timings
StatTimingPathPlanningAverage: 9.216480186480182E-05
StatTimingPathPlanningOverall: 0.07907739999999996
StatTimingPathPlanningCount: 858
StatTimingTaskAllocationAverage: 0.0018319199004975127
StatTimingTaskAllocationOverall: 0.36821590000000004
StatTimingTaskAllocationCount: 201
StatTimingItemStorageAverage: 1.0152815013404841E-06
StatTimingItemStorageOverall: 0.0007574000000000012
StatTimingItemStorageCount: 746
StatTimingPodStorageAverage: 0.0015211915789473684
StatTimingPodStorageOverall: 0.1445132
StatTimingPodStorageCount: 95
StatTimingReplenishmentBatchingAverage: 7.2999999999999996E-06
StatTimingReplenishmentBatchingOverall: 1.4599999999999999E-05
StatTimingReplenishmentBatchingCount: 2
StatTimingOrderBatchingAverage: 8.239030544488715E-05
StatTimingOrderBatchingOverall: 0.062039900000000016
StatTimingOrderBatchingCount: 753
>>> Overall
StatOverallBundlesPlaced: 0
StatOverallItemsOrdered: 660
StatOverallOrdersPlaced: 410
StatOverallBundlesRejected: 0
StatOverallOrdersRejected: 0
StatOverallBundlesHandled: 0
StatOverallItemsHandled: 762
StatOverallLinesHandled: 712
StatOverallOrdersHandled: 479
StatOverallCollisions: 0
StatOverallDistanceTraveled: 4915.176184940717
StatOverallDistanceEstimated: 4772
StatOverallAssignedTasks: 201
StatMaxMemoryUsed: 87,1484375
StatRealTimeUsed: 1.0063403
StatAverageTurnoverTime: 460.9058003967157
StatMedianTurnoverTime: 262.7033333333333
StatLowerQuartileTurnoverTime: 98.14166666666733
StatUpperQuartileTurnoverTime: 718.0416666666669
StatAverageThroughputTime: 88.36939529459409
StatMedianThroughputTime: 24.32768398636472
StatLowerQuartileThroughputTime: 14.101572875253623
StatUpperQuartileThroughputTime: 78.9194444444446

Marked tag finished after 1 tries!
.Fin. - SUCCESS
<<< Welcome to the RAWSimO CLI >>>
The time is: 06/12/2024 21:29:08
Starting RAWSimO wrapper with the following arguments:
Instance: ..\..\..\..\Material\Instances\0.Weighted30min Demand separate\Da\Weighted2.xinst
Setting: ..\..\..\..\Material\Instances\0.Weighted30min Demand separate\Da\Weighted2.xsett
ControlConfig: ..\..\..\..\Material\Instances\0.Weighted30min Demand separate\Da\Weighted2.xconf
StatisticsDir: ..\..\..\..\Material\Instances\0.Weighted30min Demand separate\Da
Seed: 1
Additionally the following tag was passed: 1, 5.026, 0.052, 0.129, 0.72, 0.291
Adding handler for unhandled exceptions ...
Initializing ... 
Instance recognized!
Parsing setting config ...
Parsing control config ...
Parsing instance ...
StatisticsFolder: Weighted2-Da_[[1, 5.026, 0.052]]_1_[0.129, 0.72, 0.291].csv-1
Done!
