Executing ... 
 13:59:59 | >>> Warming up ...
 00:00:00 | >>> Warmup finished - starting simulation ...
 Realtime |   ETA    |  Sim.Time  | Progress | #Orders | #Bundles | Inv. | Distance | #Coll. |   Memory    
 00:00:00 |   n/a    | 0.00:00:00 |  0.00%   |    0    |    0     | 60%  |    0     |   0    |  68.97MB  
 00:00:00 | Cannot generate further orders - suspending generation for now
 00:00:00 | Cannot generate further orders - suspending generation for now
 00:00:00 | Cannot generate further orders - suspending generation for now
 00:00:00 | Cannot generate further orders - suspending generation for now
 00:00:00 | Cannot generate further orders - suspending generation for now
 00:00:00 | Cannot generate further orders - suspending generation for now
 00:00:00 | Cannot generate further orders - suspending generation for now
 00:00:00 | Cannot generate further orders - suspending generation for now
 00:00:00 | Cannot generate further orders - suspending generation for now
 00:00:00 | Cannot generate further orders - suspending generation for now
 00:00:00 | 00:00:00 | 0.00:30:00 | 100.00%  |   513   |    0     | 12%  |   5117   |   0    |  72.66MB  
 00:00:00 | >>> Simulation finished - writing results ...
 00:00:01 | >>> Results written
Simulation finished.
>>> Timings
StatTimingPathPlanningAverage: 8.487353992848626E-05
StatTimingPathPlanningOverall: 0.07120889999999998
StatTimingPathPlanningCount: 839
StatTimingTaskAllocationAverage: 0.0016285706467661695
StatTimingTaskAllocationOverall: 0.32734270000000004
StatTimingTaskAllocationCount: 201
StatTimingItemStorageAverage: 1.0822916666666652E-06
StatTimingItemStorageOverall: 0.0008311999999999988
StatTimingItemStorageCount: 768
StatTimingPodStorageAverage: 0.0015214385416666666
StatTimingPodStorageOverall: 0.1460581
StatTimingPodStorageCount: 96
StatTimingReplenishmentBatchingAverage: 1.115E-05
StatTimingReplenishmentBatchingOverall: 2.23E-05
StatTimingReplenishmentBatchingCount: 2
StatTimingOrderBatchingAverage: 8.887037484885133E-05
StatTimingOrderBatchingOverall: 0.07349580000000006
StatTimingOrderBatchingCount: 827
>>> Overall
StatOverallBundlesPlaced: 0
StatOverallItemsOrdered: 664
StatOverallOrdersPlaced: 430
StatOverallBundlesRejected: 0
StatOverallOrdersRejected: 0
StatOverallBundlesHandled: 0
StatOverallItemsHandled: 793
StatOverallLinesHandled: 753
StatOverallOrdersHandled: 513
StatOverallCollisions: 0
StatOverallDistanceTraveled: 5116.963090337795
StatOverallDistanceEstimated: 4978
StatOverallAssignedTasks: 201
StatMaxMemoryUsed: 74,21875
StatRealTimeUsed: 0.9730896
StatAverageTurnoverTime: 445.9612547739557
StatMedianTurnoverTime: 301.0167604580795
StatLowerQuartileTurnoverTime: 116.53944444444437
StatUpperQuartileTurnoverTime: 647.3208369297942
StatAverageThroughputTime: 93.2544549498405
StatMedianThroughputTime: 28.860461764142656
StatLowerQuartileThroughputTime: 16.83722222222218
StatUpperQuartileThroughputTime: 77.8212049025251

Marked tag finished after 1 tries!
.Fin. - SUCCESS
<<< Welcome to the RAWSimO CLI >>>
The time is: 06/07/2024 14:00:00
Starting RAWSimO wrapper with the following arguments:
Instance: ..\..\..\..\Material\Instances\0.Weighted30min Demand separate\Da\Weighted2.xinst
Setting: ..\..\..\..\Material\Instances\0.Weighted30min Demand separate\Da\Weighted2.xsett
ControlConfig: ..\..\..\..\Material\Instances\0.Weighted30min Demand separate\Da\Weighted2.xconf
StatisticsDir: ..\..\..\..\Material\Instances\0.Weighted30min Demand separate\Da
Seed: 1
Additionally the following tag was passed: [[1, 10, 4]]
Adding handler for unhandled exceptions ...
Initializing ... 
Instance recognized!
Parsing setting config ...
Parsing control config ...
Parsing instance ...
StatisticsFolder: Weighted2-Da_[[1, 10, 4]]_1.csv-1
Done!
