Executing ... 
 16:20:42 | >>> Warming up ...
 00:00:00 | >>> Warmup finished - starting simulation ...
 Realtime |   ETA    |  Sim.Time  | Progress | #Orders | #Bundles | Inv. | Distance | #Coll. |   Memory    
 00:00:00 |   n/a    | 0.00:00:00 |  0.00%   |    0    |    0     | 60%  |    0     |   0    |  90.11MB  
 00:00:01 | Cannot generate further orders - suspending generation for now
 00:00:01 | Cannot generate further orders - suspending generation for now
 00:00:01 | Cannot generate further orders - suspending generation for now
 00:00:01 | Cannot generate further orders - suspending generation for now
 00:00:01 | Cannot generate further orders - suspending generation for now
 00:00:01 | Cannot generate further orders - suspending generation for now
 00:00:01 | Cannot generate further orders - suspending generation for now
 00:00:01 | Cannot generate further orders - suspending generation for now
 00:00:01 | 00:00:00 | 0.00:30:00 | 100.00%  |   479   |    0     | 16%  |   4983   |   0    |  86.82MB  
 00:00:01 | >>> Simulation finished - writing results ...
 00:00:02 | >>> Results written
Simulation finished.
>>> Timings
StatTimingPathPlanningAverage: 0.00018483550295857984
StatTimingPathPlanningOverall: 0.15618599999999996
StatTimingPathPlanningCount: 845
StatTimingTaskAllocationAverage: 0.004206787735849059
StatTimingTaskAllocationOverall: 0.8918390000000004
StatTimingTaskAllocationCount: 212
StatTimingItemStorageAverage: 1.9175388967468128E-06
StatTimingItemStorageOverall: 0.0013556999999999966
StatTimingItemStorageCount: 707
StatTimingPodStorageAverage: 0.0034953554455445547
StatTimingPodStorageOverall: 0.35303090000000004
StatTimingPodStorageCount: 101
StatTimingReplenishmentBatchingAverage: 1.635E-05
StatTimingReplenishmentBatchingOverall: 3.27E-05
StatTimingReplenishmentBatchingCount: 2
StatTimingOrderBatchingAverage: 0.00016233675538656554
StatTimingOrderBatchingOverall: 0.12808370000000022
StatTimingOrderBatchingCount: 789
>>> Overall
StatOverallBundlesPlaced: 0
StatOverallItemsOrdered: 648
StatOverallOrdersPlaced: 417
StatOverallBundlesRejected: 0
StatOverallOrdersRejected: 0
StatOverallBundlesHandled: 0
StatOverallItemsHandled: 731
StatOverallLinesHandled: 692
StatOverallOrdersHandled: 479
StatOverallCollisions: 0
StatOverallDistanceTraveled: 4982.698322543939
StatOverallDistanceEstimated: 4876
StatOverallAssignedTasks: 212
StatMaxMemoryUsed: 90,12109375
StatRealTimeUsed: 1.9892613
StatAverageTurnoverTime: 469.9209980369097
StatMedianTurnoverTime: 348.47759019495174
StatLowerQuartileTurnoverTime: 172.69759738787377
StatUpperQuartileTurnoverTime: 619.2607431383831
StatAverageThroughputTime: 98.33477855990249
StatMedianThroughputTime: 21.64500000000004
StatLowerQuartileThroughputTime: 12.902777777778283
StatUpperQuartileThroughputTime: 83.45212843080867

Marked tag finished after 1 tries!
.Fin. - SUCCESS
<<< Welcome to the RAWSimO CLI >>>
The time is: 06/21/2024 16:20:44
Starting RAWSimO wrapper with the following arguments:
Instance: ..\..\..\..\Material\Instances\01.Weighted30min Demand Gall\Dr\Weighted2.xinst
Setting: ..\..\..\..\Material\Instances\01.Weighted30min Demand Gall\Dr\Weighted2.xsett
ControlConfig: ..\..\..\..\Material\Instances\01.Weighted30min Demand Gall\Dr\Weighted2.xconf
StatisticsDir: ..\..\..\..\Material\Instances\01.Weighted30min Demand Gall\Dr
Seed: 3
Additionally the following tag was passed: 1, 0.23714285714285716, 1.0, 0.118, 0.49, 1.0
Adding handler for unhandled exceptions ...
Initializing ... 
Instance recognized!
Parsing setting config ...
Parsing control config ...
Parsing instance ...
StatisticsFolder: Weighted2-Dr_[[1, 0.23714285714285716, 1.0]]_1_[0.118, 0.49, 1.0].csv-3
Done!
