Executing ... 
 19:22:38 | >>> Warming up ...
 00:00:00 | >>> Warmup finished - starting simulation ...
 Realtime |   ETA    |  Sim.Time  | Progress | #Orders | #Bundles | Inv. | Distance | #Coll. |   Memory    
 00:00:00 |   n/a    | 0.00:00:00 |  0.00%   |    0    |    0     | 60%  |    0     |   0    | 101.96MB  
 00:00:00 | Cannot generate further orders - suspending generation for now
 00:00:00 | Cannot generate further orders - suspending generation for now
 00:00:00 | Cannot generate further orders - suspending generation for now
 00:00:00 | Cannot generate further orders - suspending generation for now
 00:00:00 | Cannot generate further orders - suspending generation for now
 00:00:00 | Cannot generate further orders - suspending generation for now
 00:00:00 | Cannot generate further orders - suspending generation for now
 00:00:00 | Cannot generate further orders - suspending generation for now
 00:00:00 | 00:00:00 | 0.00:30:00 | 100.00%  |   481   |    0     | 16%  |   5025   |   0    |  97.02MB  
 00:00:00 | >>> Simulation finished - writing results ...
 00:00:01 | >>> Results written
Simulation finished.
>>> Timings
StatTimingPathPlanningAverage: 0.00010152266514806389
StatTimingPathPlanningOverall: 0.08913690000000009
StatTimingPathPlanningCount: 878
StatTimingTaskAllocationAverage: 0.0017351528571428573
StatTimingTaskAllocationOverall: 0.36438210000000004
StatTimingTaskAllocationCount: 210
StatTimingItemStorageAverage: 1.068473609129814E-06
StatTimingItemStorageOverall: 0.0007489999999999997
StatTimingItemStorageCount: 701
StatTimingPodStorageAverage: 0.0014936590000000005
StatTimingPodStorageOverall: 0.14936590000000005
StatTimingPodStorageCount: 100
StatTimingReplenishmentBatchingAverage: 8.7E-06
StatTimingReplenishmentBatchingOverall: 1.74E-05
StatTimingReplenishmentBatchingCount: 2
StatTimingOrderBatchingAverage: 8.19181001283697E-05
StatTimingOrderBatchingOverall: 0.0638142
StatTimingOrderBatchingCount: 779
>>> Overall
StatOverallBundlesPlaced: 0
StatOverallItemsOrdered: 657
StatOverallOrdersPlaced: 418
StatOverallBundlesRejected: 0
StatOverallOrdersRejected: 0
StatOverallBundlesHandled: 0
StatOverallItemsHandled: 730
StatOverallLinesHandled: 683
StatOverallOrdersHandled: 481
StatOverallCollisions: 0
StatOverallDistanceTraveled: 5024.853800228497
StatOverallDistanceEstimated: 4893
StatOverallAssignedTasks: 210
StatMaxMemoryUsed: 102,09375
StatRealTimeUsed: 0.947262
StatAverageTurnoverTime: 476.39058749912107
StatMedianTurnoverTime: 314.54963202727015
StatLowerQuartileTurnoverTime: 155.80472581868344
StatUpperQuartileTurnoverTime: 697.8416810525132
StatAverageThroughputTime: 86.62901289331663
StatMedianThroughputTime: 21.295000000000073
StatLowerQuartileThroughputTime: 13.0138888888888
StatUpperQuartileThroughputTime: 78.48898268030189

Marked tag finished after 1 tries!
.Fin. - SUCCESS
<<< Welcome to the RAWSimO CLI >>>
The time is: 06/25/2024 19:22:39
Starting RAWSimO wrapper with the following arguments:
Instance: ..\..\..\..\Material\Instances\10.Weighted30min Demand Gall\Dp\Weighted2.xinst
Setting: ..\..\..\..\Material\Instances\10.Weighted30min Demand Gall\Dp\Weighted2.xsett
ControlConfig: ..\..\..\..\Material\Instances\10.Weighted30min Demand Gall\Dp\Weighted2.xconf
StatisticsDir: ..\..\..\..\Material\Instances\10.Weighted30min Demand Gall\Dp
Seed: 1
Additionally the following tag was passed: 1, 0.73, 1.0, 0.189, 0.26, 1.0
Adding handler for unhandled exceptions ...
Initializing ... 
Instance recognized!
Parsing setting config ...
Parsing control config ...
Parsing instance ...
StatisticsFolder: Weighted2-Dp_[[1, 0.73, 1.0]]_2_[0.189, 0.26, 1.0].csv-1
Done!
