Executing ... 
 18:20:12 | >>> Warming up ...
 00:00:00 | >>> Warmup finished - starting simulation ...
 Realtime |   ETA    |  Sim.Time  | Progress | #Orders | #Bundles | Inv. | Distance | #Coll. |   Memory    
 00:00:00 |   n/a    | 0.00:00:00 |  0.00%   |    0    |    0     | 60%  |    0     |   0    |  93.61MB  
 00:00:00 | 00:00:00 | 0.00:30:00 | 100.00%  |   383   |    0     | 25%  |   5569   |   0    |  98.19MB  
 00:00:00 | >>> Simulation finished - writing results ...
 00:00:01 | >>> Results written
Simulation finished.
>>> Timings
StatTimingPathPlanningAverage: 9.472874186550995E-05
StatTimingPathPlanningOverall: 0.08733990000000016
StatTimingPathPlanningCount: 922
StatTimingTaskAllocationAverage: 0.001369534024896266
StatTimingTaskAllocationOverall: 0.3300577000000001
StatTimingTaskAllocationCount: 241
StatTimingItemStorageAverage: 9.680851063829854E-07
StatTimingItemStorageOverall: 0.0005460000000000037
StatTimingItemStorageCount: 564
StatTimingPodStorageAverage: 0.0013358724137931027
StatTimingPodStorageOverall: 0.1549611999999999
StatTimingPodStorageCount: 116
StatTimingReplenishmentBatchingAverage: 8.5E-06
StatTimingReplenishmentBatchingOverall: 1.7E-05
StatTimingReplenishmentBatchingCount: 2
StatTimingOrderBatchingAverage: 8.029159544159544E-05
StatTimingOrderBatchingOverall: 0.0563647
StatTimingOrderBatchingCount: 702
>>> Overall
StatOverallBundlesPlaced: 0
StatOverallItemsOrdered: 661
StatOverallOrdersPlaced: 416
StatOverallBundlesRejected: 0
StatOverallOrdersRejected: 0
StatOverallBundlesHandled: 0
StatOverallItemsHandled: 580
StatOverallLinesHandled: 549
StatOverallOrdersHandled: 383
StatOverallCollisions: 0
StatOverallDistanceTraveled: 5568.583653240725
StatOverallDistanceEstimated: 5443
StatOverallAssignedTasks: 241
StatMaxMemoryUsed: 99,7890625
StatRealTimeUsed: 0.9464306
StatAverageTurnoverTime: 517.3042053368075
StatMedianTurnoverTime: 370.2929653606032
StatLowerQuartileTurnoverTime: 129.16528137423865
StatUpperQuartileTurnoverTime: 779.6245382358582
StatAverageThroughputTime: 116.04997257673213
StatMedianThroughputTime: 20.52166666666642
StatLowerQuartileThroughputTime: 12.455555555555435
StatUpperQuartileThroughputTime: 91.74518758282647

Marked tag finished after 1 tries!
.Fin. - SUCCESS
<<< Welcome to the RAWSimO CLI >>>
The time is: 06/05/2024 18:20:13
Starting RAWSimO wrapper with the following arguments:
Instance: ..\..\..\..\Material\Instances\0.Weighted30min Demand separate\Dc\Weighted2.xinst
Setting: ..\..\..\..\Material\Instances\0.Weighted30min Demand separate\Dc\Weighted2.xsett
ControlConfig: ..\..\..\..\Material\Instances\0.Weighted30min Demand separate\Dc\Weighted2.xconf
StatisticsDir: ..\..\..\..\Material\Instances\0.Weighted30min Demand separate\Dc
Seed: 2
Additionally the following tag was passed: whigh
Adding handler for unhandled exceptions ...
Initializing ... 
Instance recognized!
Parsing setting config ...
Parsing control config ...
Parsing instance ...
StatisticsFolder: Weighted2-Dc_whigh_1.csv-2
Done!
