Executing ... 
 19:28:17 | >>> Warming up ...
 00:00:00 | >>> Warmup finished - starting simulation ...
 Realtime |   ETA    |  Sim.Time  | Progress | #Orders | #Bundles | Inv. | Distance | #Coll. |   Memory    
 00:00:00 |   n/a    | 0.00:00:00 |  0.00%   |    0    |    0     | 60%  |    0     |   0    | 113.86MB  
 00:00:00 | Cannot generate further orders - suspending generation for now
 00:00:00 | Cannot generate further orders - suspending generation for now
 00:00:00 | Cannot generate further orders - suspending generation for now
 00:00:00 | Cannot generate further orders - suspending generation for now
 00:00:00 | Cannot generate further orders - suspending generation for now
 00:00:00 | Cannot generate further orders - suspending generation for now
 00:00:00 | Cannot generate further orders - suspending generation for now
 00:00:00 | Cannot generate further orders - suspending generation for now
 00:00:00 | Cannot generate further orders - suspending generation for now
 00:00:00 | Cannot generate further orders - suspending generation for now
 00:00:00 | Cannot generate further orders - suspending generation for now
 00:00:00 | Cannot generate further orders - suspending generation for now
 00:00:00 | 00:00:00 | 0.00:30:00 | 100.00%  |   470   |    0     | 16%  |   4975   |   0    | 117.22MB  
 00:00:00 | >>> Simulation finished - writing results ...
 00:00:00 | >>> Results written
Simulation finished.
>>> Timings
StatTimingPathPlanningAverage: 8.721950354609919E-05
StatTimingPathPlanningOverall: 0.07378769999999991
StatTimingPathPlanningCount: 846
StatTimingTaskAllocationAverage: 0.001619953588516747
StatTimingTaskAllocationOverall: 0.3385703000000001
StatTimingTaskAllocationCount: 209
StatTimingItemStorageAverage: 9.171589310829878E-07
StatTimingItemStorageOverall: 0.0006521000000000043
StatTimingItemStorageCount: 711
StatTimingPodStorageAverage: 0.0014654500000000007
StatTimingPodStorageOverall: 0.14654500000000006
StatTimingPodStorageCount: 100
StatTimingReplenishmentBatchingAverage: 6.9E-06
StatTimingReplenishmentBatchingOverall: 1.38E-05
StatTimingReplenishmentBatchingCount: 2
StatTimingOrderBatchingAverage: 8.289682959048871E-05
StatTimingOrderBatchingOverall: 0.06275289999999996
StatTimingOrderBatchingCount: 757
>>> Overall
StatOverallBundlesPlaced: 0
StatOverallItemsOrdered: 660
StatOverallOrdersPlaced: 408
StatOverallBundlesRejected: 0
StatOverallOrdersRejected: 0
StatOverallBundlesHandled: 0
StatOverallItemsHandled: 724
StatOverallLinesHandled: 677
StatOverallOrdersHandled: 470
StatOverallCollisions: 0
StatOverallDistanceTraveled: 4974.843049655851
StatOverallDistanceEstimated: 4839
StatOverallAssignedTasks: 209
StatMaxMemoryUsed: 118,84375
StatRealTimeUsed: 0.8885665
StatAverageTurnoverTime: 462.456939943219
StatMedianTurnoverTime: 358.12555555555537
StatLowerQuartileTurnoverTime: 151.95685424949238
StatUpperQuartileTurnoverTime: 658.263802290402
StatAverageThroughputTime: 92.13888605690587
StatMedianThroughputTime: 25.33722222222309
StatLowerQuartileThroughputTime: 13.040000000000077
StatUpperQuartileThroughputTime: 81.57342712474679

Marked tag finished after 1 tries!
.Fin. - SUCCESS
<<< Welcome to the RAWSimO CLI >>>
The time is: 06/25/2024 19:28:18
Starting RAWSimO wrapper with the following arguments:
Instance: ..\..\..\..\Material\Instances\10.Weighted30min Demand Gall\Dr\Weighted2.xinst
Setting: ..\..\..\..\Material\Instances\10.Weighted30min Demand Gall\Dr\Weighted2.xsett
ControlConfig: ..\..\..\..\Material\Instances\10.Weighted30min Demand Gall\Dr\Weighted2.xconf
StatisticsDir: ..\..\..\..\Material\Instances\10.Weighted30min Demand Gall\Dr
Seed: 5
Additionally the following tag was passed: 1, 1.6, 1.0, 0.216, 0.143, 1.0
Adding handler for unhandled exceptions ...
Initializing ... 
Instance recognized!
Parsing setting config ...
Parsing control config ...
Parsing instance ...
StatisticsFolder: Weighted2-Dr_[[1, 1.6, 1.0]]_2_[0.216, 0.143, 1.0].csv-5
Done!
