Executing ... 
 19:11:55 | >>> Warming up ...
 00:00:00 | >>> Warmup finished - starting simulation ...
 Realtime |   ETA    |  Sim.Time  | Progress | #Orders | #Bundles | Inv. | Distance | #Coll. |   Memory    
 00:00:00 |   n/a    | 0.00:00:00 |  0.00%   |    0    |    0     | 60%  |    0     |   0    | 100.41MB  
 00:00:00 | Cannot generate further orders - suspending generation for now
 00:00:00 | Cannot generate further orders - suspending generation for now
 00:00:00 | Cannot generate further orders - suspending generation for now
 00:00:00 | Cannot generate further orders - suspending generation for now
 00:00:00 | Cannot generate further orders - suspending generation for now
 00:00:00 | Cannot generate further orders - suspending generation for now
 00:00:01 | Cannot generate further orders - suspending generation for now
 00:00:01 | Cannot generate further orders - suspending generation for now
 00:00:01 | Cannot generate further orders - suspending generation for now
 00:00:01 | 00:00:00 | 0.00:30:00 | 100.00%  |   463   |    0     | 18%  |   5130   |   0    |  96.38MB  
 00:00:01 | >>> Simulation finished - writing results ...
 00:00:01 | >>> Results written
Simulation finished.
>>> Timings
StatTimingPathPlanningAverage: 0.0001028356552538371
StatTimingPathPlanningOverall: 0.08710180000000002
StatTimingPathPlanningCount: 847
StatTimingTaskAllocationAverage: 0.0016852233944954138
StatTimingTaskAllocationOverall: 0.3673787000000002
StatTimingTaskAllocationCount: 218
StatTimingItemStorageAverage: 1.1004366812227136E-06
StatTimingItemStorageOverall: 0.0007560000000000043
StatTimingItemStorageCount: 687
StatTimingPodStorageAverage: 0.001476946666666667
StatTimingPodStorageOverall: 0.15507940000000003
StatTimingPodStorageCount: 105
StatTimingReplenishmentBatchingAverage: 8.2E-06
StatTimingReplenishmentBatchingOverall: 1.64E-05
StatTimingReplenishmentBatchingCount: 2
StatTimingOrderBatchingAverage: 9.598699731903481E-05
StatTimingOrderBatchingOverall: 0.07160629999999997
StatTimingOrderBatchingCount: 746
>>> Overall
StatOverallBundlesPlaced: 0
StatOverallItemsOrdered: 640
StatOverallOrdersPlaced: 407
StatOverallBundlesRejected: 0
StatOverallOrdersRejected: 0
StatOverallBundlesHandled: 0
StatOverallItemsHandled: 703
StatOverallLinesHandled: 662
StatOverallOrdersHandled: 463
StatOverallCollisions: 0
StatOverallDistanceTraveled: 5129.678438070387
StatOverallDistanceEstimated: 4948
StatOverallAssignedTasks: 218
StatMaxMemoryUsed: 99,7890625
StatRealTimeUsed: 1.0819972
StatAverageTurnoverTime: 464.98383078818995
StatMedianTurnoverTime: 300.7454689570684
StatLowerQuartileTurnoverTime: 108.24287156919081
StatUpperQuartileTurnoverTime: 656.8474098050482
StatAverageThroughputTime: 94.81400440102183
StatMedianThroughputTime: 20.171666666666653
StatLowerQuartileThroughputTime: 12.897409805048142
StatUpperQuartileThroughputTime: 78.51120490252413

Marked tag finished after 1 tries!
.Fin. - SUCCESS
<<< Welcome to the RAWSimO CLI >>>
The time is: 06/12/2024 19:11:56
Starting RAWSimO wrapper with the following arguments:
Instance: ..\..\..\..\Material\Instances\0.Weighted30min Demand separate\Da\Weighted2.xinst
Setting: ..\..\..\..\Material\Instances\0.Weighted30min Demand separate\Da\Weighted2.xsett
ControlConfig: ..\..\..\..\Material\Instances\0.Weighted30min Demand separate\Da\Weighted2.xconf
StatisticsDir: ..\..\..\..\Material\Instances\0.Weighted30min Demand separate\Da
Seed: 2
Additionally the following tag was passed: [[1, 7.513, 0.5455]]
Adding handler for unhandled exceptions ...
Initializing ... 
Instance recognized!
Parsing setting config ...
Parsing control config ...
Parsing instance ...
StatisticsFolder: Weighted2-Da_[[1, 7.513, 0.5455]]_2.csv-2
Done!
