Executing ... 
 19:09:48 | >>> Warming up ...
 00:00:00 | >>> Warmup finished - starting simulation ...
 Realtime |   ETA    |  Sim.Time  | Progress | #Orders | #Bundles | Inv. | Distance | #Coll. |   Memory    
 00:00:00 |   n/a    | 0.00:00:00 |  0.00%   |    0    |    0     | 60%  |    0     |   0    | 113.15MB  
 00:00:00 | Cannot generate further orders - suspending generation for now
 00:00:00 | Cannot generate further orders - suspending generation for now
 00:00:00 | Cannot generate further orders - suspending generation for now
 00:00:00 | Cannot generate further orders - suspending generation for now
 00:00:00 | Cannot generate further orders - suspending generation for now
 00:00:00 | Cannot generate further orders - suspending generation for now
 00:00:01 | Cannot generate further orders - suspending generation for now
 00:00:01 | Cannot generate further orders - suspending generation for now
 00:00:01 | Cannot generate further orders - suspending generation for now
 00:00:01 | Cannot generate further orders - suspending generation for now
 00:00:01 | Cannot generate further orders - suspending generation for now
 00:00:01 | 00:00:00 | 0.00:30:00 | 100.00%  |   481   |    0     | 16%  |   5040   |   0    | 109.12MB  
 00:00:01 | >>> Simulation finished - writing results ...
 00:00:01 | >>> Results written
Simulation finished.
>>> Timings
StatTimingPathPlanningAverage: 9.535378440366975E-05
StatTimingPathPlanningOverall: 0.08314850000000003
StatTimingPathPlanningCount: 872
StatTimingTaskAllocationAverage: 0.002088275943396225
StatTimingTaskAllocationOverall: 0.4427144999999997
StatTimingTaskAllocationCount: 212
StatTimingItemStorageAverage: 1.3765042979942652E-06
StatTimingItemStorageOverall: 0.0009607999999999971
StatTimingItemStorageCount: 698
StatTimingPodStorageAverage: 0.0014918088235294114
StatTimingPodStorageOverall: 0.15216449999999995
StatTimingPodStorageCount: 102
StatTimingReplenishmentBatchingAverage: 1.09E-05
StatTimingReplenishmentBatchingOverall: 2.18E-05
StatTimingReplenishmentBatchingCount: 2
StatTimingOrderBatchingAverage: 0.0001158486018641811
StatTimingOrderBatchingOverall: 0.0870023
StatTimingOrderBatchingCount: 751
>>> Overall
StatOverallBundlesPlaced: 0
StatOverallItemsOrdered: 665
StatOverallOrdersPlaced: 425
StatOverallBundlesRejected: 0
StatOverallOrdersRejected: 0
StatOverallBundlesHandled: 0
StatOverallItemsHandled: 729
StatOverallLinesHandled: 689
StatOverallOrdersHandled: 481
StatOverallCollisions: 0
StatOverallDistanceTraveled: 5039.849018479992
StatOverallDistanceEstimated: 4863
StatOverallAssignedTasks: 212
StatMaxMemoryUsed: 112,76171875
StatRealTimeUsed: 1.1337123
StatAverageTurnoverTime: 433.76273274356276
StatMedianTurnoverTime: 310.6142640545402
StatLowerQuartileTurnoverTime: 141.7787950974763
StatUpperQuartileTurnoverTime: 586.3886147075726
StatAverageThroughputTime: 86.19795396661503
StatMedianThroughputTime: 21.54611111111086
StatLowerQuartileThroughputTime: 12.960555555555743
StatUpperQuartileThroughputTime: 81.62287156919064

Marked tag finished after 1 tries!
.Fin. - SUCCESS
<<< Welcome to the RAWSimO CLI >>>
The time is: 06/12/2024 19:09:49
Starting RAWSimO wrapper with the following arguments:
Instance: ..\..\..\..\Material\Instances\0.Weighted30min Demand separate\Da\Weighted2.xinst
Setting: ..\..\..\..\Material\Instances\0.Weighted30min Demand separate\Da\Weighted2.xsett
ControlConfig: ..\..\..\..\Material\Instances\0.Weighted30min Demand separate\Da\Weighted2.xconf
StatisticsDir: ..\..\..\..\Material\Instances\0.Weighted30min Demand separate\Da
Seed: 2
Additionally the following tag was passed: [[1, 0.052, 0.29874999999999996]]
Adding handler for unhandled exceptions ...
Initializing ... 
Instance recognized!
Parsing setting config ...
Parsing control config ...
Parsing instance ...
StatisticsFolder: Weighted2-Da_[[1, 0.052, 0.29874999999999996]]_2.csv-2
Done!
