Executing ... 
 19:59:42 | >>> Warming up ...
 00:00:00 | >>> Warmup finished - starting simulation ...
 Realtime |   ETA    |  Sim.Time  | Progress | #Orders | #Bundles | Inv. | Distance | #Coll. |   Memory    
 00:00:00 |   n/a    | 0.00:00:00 |  0.00%   |    0    |    0     | 60%  |    0     |   0    |  95.71MB  
 00:00:00 | Cannot generate further orders - suspending generation for now
 00:00:00 | Cannot generate further orders - suspending generation for now
 00:00:00 | Cannot generate further orders - suspending generation for now
 00:00:00 | Cannot generate further orders - suspending generation for now
 00:00:00 | Cannot generate further orders - suspending generation for now
 00:00:00 | Cannot generate further orders - suspending generation for now
 00:00:01 | Cannot generate further orders - suspending generation for now
 00:00:01 | Cannot generate further orders - suspending generation for now
 00:00:01 | Cannot generate further orders - suspending generation for now
 00:00:01 | Cannot generate further orders - suspending generation for now
 00:00:01 | Cannot generate further orders - suspending generation for now
 00:00:01 | Cannot generate further orders - suspending generation for now
 00:00:01 | 00:00:00 | 0.00:30:00 | 100.00%  |   482   |    0     | 15%  |   4918   |   0    |  95.71MB  
 00:00:01 | >>> Simulation finished - writing results ...
 00:00:01 | >>> Results written
Simulation finished.
>>> Timings
StatTimingPathPlanningAverage: 0.00010720110701107007
StatTimingPathPlanningOverall: 0.08715449999999997
StatTimingPathPlanningCount: 813
StatTimingTaskAllocationAverage: 0.002174312019230769
StatTimingTaskAllocationOverall: 0.4522569
StatTimingTaskAllocationCount: 208
StatTimingItemStorageAverage: 1.5077348066298273E-06
StatTimingItemStorageOverall: 0.0010915999999999949
StatTimingItemStorageCount: 724
StatTimingPodStorageAverage: 0.002190365
StatTimingPodStorageOverall: 0.2190365
StatTimingPodStorageCount: 100
StatTimingReplenishmentBatchingAverage: 8.55E-06
StatTimingReplenishmentBatchingOverall: 1.71E-05
StatTimingReplenishmentBatchingCount: 2
StatTimingOrderBatchingAverage: 9.771336696090779E-05
StatTimingOrderBatchingOverall: 0.07748669999999988
StatTimingOrderBatchingCount: 793
>>> Overall
StatOverallBundlesPlaced: 0
StatOverallItemsOrdered: 649
StatOverallOrdersPlaced: 400
StatOverallBundlesRejected: 0
StatOverallOrdersRejected: 0
StatOverallBundlesHandled: 0
StatOverallItemsHandled: 744
StatOverallLinesHandled: 694
StatOverallOrdersHandled: 482
StatOverallCollisions: 0
StatOverallDistanceTraveled: 4917.775582782966
StatOverallDistanceEstimated: 4821
StatOverallAssignedTasks: 208
StatMaxMemoryUsed: 95,70703125
StatRealTimeUsed: 1.1547457
StatAverageTurnoverTime: 443.75642280512847
StatMedianTurnoverTime: 315.02759019495323
StatLowerQuartileTurnoverTime: 130.71166666666568
StatUpperQuartileTurnoverTime: 582.0434271247459
StatAverageThroughputTime: 99.26396400220668
StatMedianThroughputTime: 21.29444444444445
StatLowerQuartileThroughputTime: 14.164632027270159
StatUpperQuartileThroughputTime: 89.36240980504772

Marked tag finished after 1 tries!
.Fin. - SUCCESS
<<< Welcome to the RAWSimO CLI >>>
The time is: 06/11/2024 19:59:43
Starting RAWSimO wrapper with the following arguments:
Instance: ..\..\..\..\Material\Instances\0.Weighted30min Demand separate\Df\Weighted2.xinst
Setting: ..\..\..\..\Material\Instances\0.Weighted30min Demand separate\Df\Weighted2.xsett
ControlConfig: ..\..\..\..\Material\Instances\0.Weighted30min Demand separate\Df\Weighted2.xconf
StatisticsDir: ..\..\..\..\Material\Instances\0.Weighted30min Demand separate\Df
Seed: 1
Additionally the following tag was passed: [[1, 0.2154285714285714, 0.068]]
Adding handler for unhandled exceptions ...
Initializing ... 
Instance recognized!
Parsing setting config ...
Parsing control config ...
Parsing instance ...
StatisticsFolder: Weighted2-Df_[[1, 0.2154285714285714, 0.068]]_1.csv-1
Done!
