Executing ... 
 09:25:01 | >>> Warming up ...
 00:00:00 | >>> Warmup finished - starting simulation ...
 Realtime |   ETA    |  Sim.Time  | Progress | #Orders | #Bundles | Inv. | Distance | #Coll. |   Memory    
 00:00:00 |   n/a    | 0.00:00:00 |  0.00%   |    0    |    0     | 60%  |    0     |   0    |  77.39MB  
 00:00:00 | Cannot generate further orders - suspending generation for now
 00:00:00 | Cannot generate further orders - suspending generation for now
 00:00:01 | Cannot generate further orders - suspending generation for now
 00:00:01 | Cannot generate further orders - suspending generation for now
 00:00:01 | Cannot generate further orders - suspending generation for now
 00:00:01 | Cannot generate further orders - suspending generation for now
 00:00:01 | Cannot generate further orders - suspending generation for now
 00:00:01 | Cannot generate further orders - suspending generation for now
 00:00:01 | Cannot generate further orders - suspending generation for now
 00:00:01 | 00:00:00 | 0.00:30:00 | 100.00%  |   474   |    0     | 16%  |   5072   |   0    |  73.93MB  
 00:00:01 | >>> Simulation finished - writing results ...
 00:00:01 | >>> Results written
Simulation finished.
>>> Timings
StatTimingPathPlanningAverage: 0.0001151412395709178
StatTimingPathPlanningOverall: 0.09660350000000004
StatTimingPathPlanningCount: 839
StatTimingTaskAllocationAverage: 0.0021396820276497696
StatTimingTaskAllocationOverall: 0.46431100000000003
StatTimingTaskAllocationCount: 217
StatTimingItemStorageAverage: 9.908827785817678E-07
StatTimingItemStorageOverall: 0.0006847000000000015
StatTimingItemStorageCount: 691
StatTimingPodStorageAverage: 0.0017525456310679612
StatTimingPodStorageOverall: 0.1805122
StatTimingPodStorageCount: 103
StatTimingReplenishmentBatchingAverage: 7.899999999999999E-06
StatTimingReplenishmentBatchingOverall: 1.5799999999999998E-05
StatTimingReplenishmentBatchingCount: 2
StatTimingOrderBatchingAverage: 0.00011644113756613752
StatTimingOrderBatchingOverall: 0.08802949999999997
StatTimingOrderBatchingCount: 756
>>> Overall
StatOverallBundlesPlaced: 0
StatOverallItemsOrdered: 646
StatOverallOrdersPlaced: 409
StatOverallBundlesRejected: 0
StatOverallOrdersRejected: 0
StatOverallBundlesHandled: 0
StatOverallItemsHandled: 725
StatOverallLinesHandled: 686
StatOverallOrdersHandled: 474
StatOverallCollisions: 0
StatOverallDistanceTraveled: 5071.763086275207
StatOverallDistanceEstimated: 4990
StatOverallAssignedTasks: 217
StatMaxMemoryUsed: 78,30859375
StatRealTimeUsed: 1.1837206
StatAverageTurnoverTime: 445.9949837229778
StatMedianTurnoverTime: 272.0021284308093
StatLowerQuartileTurnoverTime: 126.93990620858725
StatUpperQuartileTurnoverTime: 609.8474964035402
StatAverageThroughputTime: 95.84354106077221
StatMedianThroughputTime: 20.293888888888887
StatLowerQuartileThroughputTime: 12.521948040905727
StatUpperQuartileThroughputTime: 80.84398268030179

Marked tag finished after 1 tries!
.Fin. - SUCCESS
<<< Welcome to the RAWSimO CLI >>>
The time is: 06/13/2024 09:25:03
Starting RAWSimO wrapper with the following arguments:
Instance: ..\..\..\..\Material\Instances\0.Weighted30min Demand separate\Da\Weighted2.xinst
Setting: ..\..\..\..\Material\Instances\0.Weighted30min Demand separate\Da\Weighted2.xsett
ControlConfig: ..\..\..\..\Material\Instances\0.Weighted30min Demand separate\Da\Weighted2.xconf
StatisticsDir: ..\..\..\..\Material\Instances\0.Weighted30min Demand separate\Da
Seed: 2
Additionally the following tag was passed: 1, 10.0, 0.29874999999999996, 0.14, 0.1, 0.466
Adding handler for unhandled exceptions ...
Initializing ... 
Instance recognized!
Parsing setting config ...
Parsing control config ...
Parsing instance ...
StatisticsFolder: Weighted2-Da_[[1, 10.0, 0.29874999999999996]]_1_[0.14, 0.1, 0.466].csv-2
Done!
