Executing ... 
 16:21:51 | >>> Warming up ...
 00:00:00 | >>> Warmup finished - starting simulation ...
 Realtime |   ETA    |  Sim.Time  | Progress | #Orders | #Bundles | Inv. | Distance | #Coll. |   Memory    
 00:00:00 |   n/a    | 0.00:00:00 |  0.00%   |    0    |    0     | 60%  |    0     |   0    |  90.93MB  
 00:00:01 | Cannot generate further orders - suspending generation for now
 00:00:01 | Cannot generate further orders - suspending generation for now
 00:00:01 | Cannot generate further orders - suspending generation for now
 00:00:01 | Cannot generate further orders - suspending generation for now
 00:00:01 | Cannot generate further orders - suspending generation for now
 00:00:01 | Cannot generate further orders - suspending generation for now
 00:00:01 | Cannot generate further orders - suspending generation for now
 00:00:01 | Cannot generate further orders - suspending generation for now
 00:00:01 | Cannot generate further orders - suspending generation for now
 00:00:01 | Cannot generate further orders - suspending generation for now
 00:00:01 | Cannot generate further orders - suspending generation for now
 00:00:01 | 00:00:00 | 0.00:30:00 | 100.00%  |   507   |    0     | 13%  |   4992   |   0    |  86.72MB  
 00:00:01 | >>> Simulation finished - writing results ...
 00:00:01 | >>> Results written
Simulation finished.
>>> Timings
StatTimingPathPlanningAverage: 0.0001291135817307693
StatTimingPathPlanningOverall: 0.10742250000000006
StatTimingPathPlanningCount: 832
StatTimingTaskAllocationAverage: 0.0023793113300492616
StatTimingTaskAllocationOverall: 0.4830002000000001
StatTimingTaskAllocationCount: 203
StatTimingItemStorageAverage: 1.3538663171690677E-06
StatTimingItemStorageOverall: 0.0010329999999999988
StatTimingItemStorageCount: 763
StatTimingPodStorageAverage: 0.002252540404040404
StatTimingPodStorageOverall: 0.2230015
StatTimingPodStorageCount: 99
StatTimingReplenishmentBatchingAverage: 6.9499999999999995E-06
StatTimingReplenishmentBatchingOverall: 1.3899999999999999E-05
StatTimingReplenishmentBatchingCount: 2
StatTimingOrderBatchingAverage: 0.0001437350728155341
StatTimingOrderBatchingOverall: 0.1184377000000001
StatTimingOrderBatchingCount: 824
>>> Overall
StatOverallBundlesPlaced: 0
StatOverallItemsOrdered: 648
StatOverallOrdersPlaced: 423
StatOverallBundlesRejected: 0
StatOverallOrdersRejected: 0
StatOverallBundlesHandled: 0
StatOverallItemsHandled: 777
StatOverallLinesHandled: 737
StatOverallOrdersHandled: 507
StatOverallCollisions: 0
StatOverallDistanceTraveled: 4991.551924467918
StatOverallDistanceEstimated: 4804
StatOverallAssignedTasks: 203
StatMaxMemoryUsed: 90,6484375
StatRealTimeUsed: 1.3325582
StatAverageTurnoverTime: 458.92450332447135
StatMedianTurnoverTime: 332.0041702631297
StatLowerQuartileTurnoverTime: 124.178888888889
StatUpperQuartileTurnoverTime: 648.7782467348424
StatAverageThroughputTime: 85.70818941631683
StatMedianThroughputTime: 24.00398268030142
StatLowerQuartileThroughputTime: 16.13333333333344
StatUpperQuartileThroughputTime: 82.93712843080766

Marked tag finished after 1 tries!
.Fin. - SUCCESS
<<< Welcome to the RAWSimO CLI >>>
The time is: 06/21/2024 16:21:52
Starting RAWSimO wrapper with the following arguments:
Instance: ..\..\..\..\Material\Instances\01.Weighted30min Demand Gall\Dr\Weighted2.xinst
Setting: ..\..\..\..\Material\Instances\01.Weighted30min Demand Gall\Dr\Weighted2.xsett
ControlConfig: ..\..\..\..\Material\Instances\01.Weighted30min Demand Gall\Dr\Weighted2.xconf
StatisticsDir: ..\..\..\..\Material\Instances\01.Weighted30min Demand Gall\Dr
Seed: 3
Additionally the following tag was passed: 1, 1, 1, 0.2, 0.2, 1.0
Adding handler for unhandled exceptions ...
Initializing ... 
Instance recognized!
Parsing setting config ...
Parsing control config ...
Parsing instance ...
StatisticsFolder: Weighted2-Dr_[[1, 1, 1]]_2_[0.2, 0.2, 1.0].csv-3
Done!
