Executing ... 
 19:27:57 | >>> Warming up ...
 00:00:00 | >>> Warmup finished - starting simulation ...
 Realtime |   ETA    |  Sim.Time  | Progress | #Orders | #Bundles | Inv. | Distance | #Coll. |   Memory    
 00:00:00 |   n/a    | 0.00:00:00 |  0.00%   |    0    |    0     | 60%  |    0     |   0    | 100.38MB  
 00:00:00 | Cannot generate further orders - suspending generation for now
 00:00:00 | Cannot generate further orders - suspending generation for now
 00:00:00 | Cannot generate further orders - suspending generation for now
 00:00:00 | Cannot generate further orders - suspending generation for now
 00:00:00 | Cannot generate further orders - suspending generation for now
 00:00:00 | Cannot generate further orders - suspending generation for now
 00:00:00 | Cannot generate further orders - suspending generation for now
 00:00:00 | Cannot generate further orders - suspending generation for now
 00:00:00 | 00:00:00 | 0.00:30:00 | 100.00%  |   460   |    0     | 17%  |   5033   |   0    | 104.37MB  
 00:00:00 | >>> Simulation finished - writing results ...
 00:00:00 | >>> Results written
Simulation finished.
>>> Timings
StatTimingPathPlanningAverage: 0.00010013602339181274
StatTimingPathPlanningOverall: 0.0856162999999999
StatTimingPathPlanningCount: 855
StatTimingTaskAllocationAverage: 0.0016337162561576362
StatTimingTaskAllocationOverall: 0.3316444000000002
StatTimingTaskAllocationCount: 203
StatTimingItemStorageAverage: 9.192528735632216E-07
StatTimingItemStorageOverall: 0.0006398000000000022
StatTimingItemStorageCount: 696
StatTimingPodStorageAverage: 0.0014259571428571443
StatTimingPodStorageOverall: 0.13974380000000014
StatTimingPodStorageCount: 98
StatTimingReplenishmentBatchingAverage: 9.55E-06
StatTimingReplenishmentBatchingOverall: 1.91E-05
StatTimingReplenishmentBatchingCount: 2
StatTimingOrderBatchingAverage: 8.180910290237465E-05
StatTimingOrderBatchingOverall: 0.062011299999999984
StatTimingOrderBatchingCount: 758
>>> Overall
StatOverallBundlesPlaced: 0
StatOverallItemsOrdered: 667
StatOverallOrdersPlaced: 410
StatOverallBundlesRejected: 0
StatOverallOrdersRejected: 0
StatOverallBundlesHandled: 0
StatOverallItemsHandled: 721
StatOverallLinesHandled: 666
StatOverallOrdersHandled: 460
StatOverallCollisions: 0
StatOverallDistanceTraveled: 5033.346629938261
StatOverallDistanceEstimated: 4929
StatOverallAssignedTasks: 203
StatMaxMemoryUsed: 104,3671875
StatRealTimeUsed: 0.8944302
StatAverageTurnoverTime: 503.08966867310545
StatMedianTurnoverTime: 365.3193578459529
StatLowerQuartileTurnoverTime: 158.91120490252402
StatUpperQuartileTurnoverTime: 759.3163924853509
StatAverageThroughputTime: 95.92977600527561
StatMedianThroughputTime: 24.78712843080598
StatLowerQuartileThroughputTime: 14.42852091615896
StatUpperQuartileThroughputTime: 88.30296536060334

Marked tag finished after 1 tries!
.Fin. - SUCCESS
<<< Welcome to the RAWSimO CLI >>>
The time is: 06/25/2024 19:27:58
Starting RAWSimO wrapper with the following arguments:
Instance: ..\..\..\..\Material\Instances\10.Weighted30min Demand Gall\Dr\Weighted2.xinst
Setting: ..\..\..\..\Material\Instances\10.Weighted30min Demand Gall\Dr\Weighted2.xsett
ControlConfig: ..\..\..\..\Material\Instances\10.Weighted30min Demand Gall\Dr\Weighted2.xconf
StatisticsDir: ..\..\..\..\Material\Instances\10.Weighted30min Demand Gall\Dr
Seed: 5
Additionally the following tag was passed: 1, 1.4554545454545456, 1.0, 0.215, 0.148, 1.0
Adding handler for unhandled exceptions ...
Initializing ... 
Instance recognized!
Parsing setting config ...
Parsing control config ...
Parsing instance ...
StatisticsFolder: Weighted2-Dr_[[1, 1.4554545454545456, 1.0]]_2_[0.215, 0.148, 1.0].csv-5
Done!
