Executing ... 
 10:02:36 | >>> Warming up ...
 00:00:00 | >>> Warmup finished - starting simulation ...
 Realtime |   ETA    |  Sim.Time  | Progress | #Orders | #Bundles | Inv. | Distance | #Coll. |   Memory    
 00:00:00 |   n/a    | 0.00:00:00 |  0.00%   |    0    |    0     | 60%  |    0     |   0    | 109.77MB  
 00:00:00 | Cannot generate further orders - suspending generation for now
 00:00:00 | Cannot generate further orders - suspending generation for now
 00:00:00 | Cannot generate further orders - suspending generation for now
 00:00:00 | Cannot generate further orders - suspending generation for now
 00:00:00 | Cannot generate further orders - suspending generation for now
 00:00:00 | Cannot generate further orders - suspending generation for now
 00:00:00 | Cannot generate further orders - suspending generation for now
 00:00:01 | Cannot generate further orders - suspending generation for now
 00:00:01 | Cannot generate further orders - suspending generation for now
 00:00:01 | Cannot generate further orders - suspending generation for now
 00:00:01 | 00:00:00 | 0.00:30:00 | 100.00%  |   484   |    0     | 14%  |   4989   |   0    |  60.50MB  
 00:00:01 | >>> Simulation finished - writing results ...
 00:00:01 | >>> Results written
Simulation finished.
>>> Timings
StatTimingPathPlanningAverage: 9.093490099009908E-05
StatTimingPathPlanningOverall: 0.07347540000000005
StatTimingPathPlanningCount: 808
StatTimingTaskAllocationAverage: 0.0020446424390243912
StatTimingTaskAllocationOverall: 0.4191517000000002
StatTimingTaskAllocationCount: 205
StatTimingItemStorageAverage: 1.0379217273954134E-06
StatTimingItemStorageOverall: 0.0007691000000000013
StatTimingItemStorageCount: 741
StatTimingPodStorageAverage: 0.0018340979591836728
StatTimingPodStorageOverall: 0.17974159999999995
StatTimingPodStorageCount: 98
StatTimingReplenishmentBatchingAverage: 1.0350000000000001E-05
StatTimingReplenishmentBatchingOverall: 2.0700000000000002E-05
StatTimingReplenishmentBatchingCount: 2
StatTimingOrderBatchingAverage: 9.695158831003807E-05
StatTimingOrderBatchingOverall: 0.07630089999999996
StatTimingOrderBatchingCount: 787
>>> Overall
StatOverallBundlesPlaced: 0
StatOverallItemsOrdered: 666
StatOverallOrdersPlaced: 417
StatOverallBundlesRejected: 0
StatOverallOrdersRejected: 0
StatOverallBundlesHandled: 0
StatOverallItemsHandled: 760
StatOverallLinesHandled: 719
StatOverallOrdersHandled: 484
StatOverallCollisions: 0
StatOverallDistanceTraveled: 4989.227359259539
StatOverallDistanceEstimated: 4841
StatOverallAssignedTasks: 205
StatMaxMemoryUsed: 111,0234375
StatRealTimeUsed: 1.0694544
StatAverageTurnoverTime: 443.4421275256574
StatMedianTurnoverTime: 276.1668470565712
StatLowerQuartileTurnoverTime: 132.19176045807964
StatUpperQuartileTurnoverTime: 618.7855627484813
StatAverageThroughputTime: 92.45025923162606
StatMedianThroughputTime: 27.097128430809448
StatLowerQuartileThroughputTime: 16.418333333333862
StatUpperQuartileThroughputTime: 89.32833333333474

Marked tag finished after 1 tries!
.Fin. - SUCCESS
<<< Welcome to the RAWSimO CLI >>>
The time is: 06/13/2024 10:02:37
Starting RAWSimO wrapper with the following arguments:
Instance: ..\..\..\..\Material\Instances\0.Weighted30min Demand separate\Df\Weighted2.xinst
Setting: ..\..\..\..\Material\Instances\0.Weighted30min Demand separate\Df\Weighted2.xsett
ControlConfig: ..\..\..\..\Material\Instances\0.Weighted30min Demand separate\Df\Weighted2.xconf
StatisticsDir: ..\..\..\..\Material\Instances\0.Weighted30min Demand separate\Df
Seed: 1
Additionally the following tag was passed: 1, 1, 1, 0.182, 0.5, 1.0
Adding handler for unhandled exceptions ...
Initializing ... 
Instance recognized!
Parsing setting config ...
Parsing control config ...
Parsing instance ...
StatisticsFolder: Weighted2-Df_[[1, 1, 1]]_2_[0.182, 0.5, 1.0].csv-1
Done!
