Executing ... 
 09:57:07 | >>> Warming up ...
 00:00:00 | >>> Warmup finished - starting simulation ...
 Realtime |   ETA    |  Sim.Time  | Progress | #Orders | #Bundles | Inv. | Distance | #Coll. |   Memory    
 00:00:00 |   n/a    | 0.00:00:00 |  0.00%   |    0    |    0     | 60%  |    0     |   0    | 108.16MB  
 00:00:00 | Cannot generate further orders - suspending generation for now
 00:00:00 | Cannot generate further orders - suspending generation for now
 00:00:00 | Cannot generate further orders - suspending generation for now
 00:00:00 | Cannot generate further orders - suspending generation for now
 00:00:00 | Cannot generate further orders - suspending generation for now
 00:00:00 | Cannot generate further orders - suspending generation for now
 00:00:00 | Cannot generate further orders - suspending generation for now
 00:00:00 | Cannot generate further orders - suspending generation for now
 00:00:00 | Cannot generate further orders - suspending generation for now
 00:00:00 | Cannot generate further orders - suspending generation for now
 00:00:00 | Cannot generate further orders - suspending generation for now
 00:00:00 | 00:00:00 | 0.00:30:00 | 100.00%  |   473   |    0     | 16%  |   5152   |   0    | 103.20MB  
 00:00:01 | >>> Simulation finished - writing results ...
 00:00:01 | >>> Results written
Simulation finished.
>>> Timings
StatTimingPathPlanningAverage: 8.659592814371257E-05
StatTimingPathPlanningOverall: 0.0723076
StatTimingPathPlanningCount: 835
StatTimingTaskAllocationAverage: 0.0018096176744186055
StatTimingTaskAllocationOverall: 0.3890678000000002
StatTimingTaskAllocationCount: 215
StatTimingItemStorageAverage: 8.71827057182711E-07
StatTimingItemStorageOverall: 0.0006251000000000038
StatTimingItemStorageCount: 717
StatTimingPodStorageAverage: 0.0015062553398058245
StatTimingPodStorageOverall: 0.15514429999999993
StatTimingPodStorageCount: 103
StatTimingReplenishmentBatchingAverage: 1.62E-05
StatTimingReplenishmentBatchingOverall: 3.24E-05
StatTimingReplenishmentBatchingCount: 2
StatTimingOrderBatchingAverage: 8.963420707732645E-05
StatTimingOrderBatchingOverall: 0.06839090000000009
StatTimingOrderBatchingCount: 763
>>> Overall
StatOverallBundlesPlaced: 0
StatOverallItemsOrdered: 653
StatOverallOrdersPlaced: 409
StatOverallBundlesRejected: 0
StatOverallOrdersRejected: 0
StatOverallBundlesHandled: 0
StatOverallItemsHandled: 739
StatOverallLinesHandled: 698
StatOverallOrdersHandled: 473
StatOverallCollisions: 0
StatOverallDistanceTraveled: 5152.242333066821
StatOverallDistanceEstimated: 5027
StatOverallAssignedTasks: 215
StatMaxMemoryUsed: 108,30859375
StatRealTimeUsed: 0.9970722
StatAverageTurnoverTime: 456.926420295838
StatMedianTurnoverTime: 282.2784271247462
StatLowerQuartileTurnoverTime: 139.4722222222225
StatUpperQuartileTurnoverTime: 631.139819610096
StatAverageThroughputTime: 90.88858910726931
StatMedianThroughputTime: 23.967034639396275
StatLowerQuartileThroughputTime: 12.917871569190538
StatUpperQuartileThroughputTime: 83.94564934696871

Marked tag finished after 1 tries!
.Fin. - SUCCESS
<<< Welcome to the RAWSimO CLI >>>
The time is: 06/13/2024 09:57:08
Starting RAWSimO wrapper with the following arguments:
Instance: ..\..\..\..\Material\Instances\0.Weighted30min Demand separate\Dd\Weighted2.xinst
Setting: ..\..\..\..\Material\Instances\0.Weighted30min Demand separate\Dd\Weighted2.xsett
ControlConfig: ..\..\..\..\Material\Instances\0.Weighted30min Demand separate\Dd\Weighted2.xconf
StatisticsDir: ..\..\..\..\Material\Instances\0.Weighted30min Demand separate\Dd
Seed: 1
Additionally the following tag was passed: 1, 0.49399999999999994, 0.21333333333333337, 0.169, 0.342, 0.8
Adding handler for unhandled exceptions ...
Initializing ... 
Instance recognized!
Parsing setting config ...
Parsing control config ...
Parsing instance ...
StatisticsFolder: Weighted2-Dd_[[1, 0.49399999999999994, 0.21333333333333337]]_2_[0.169, 0.342, 0.8].csv-1
Done!
