Executing ... 
 09:24:37 | >>> Warming up ...
 00:00:00 | >>> Warmup finished - starting simulation ...
 Realtime |   ETA    |  Sim.Time  | Progress | #Orders | #Bundles | Inv. | Distance | #Coll. |   Memory    
 00:00:00 |   n/a    | 0.00:00:00 |  0.00%   |    0    |    0     | 60%  |    0     |   0    |  78.36MB  
 00:00:01 | Cannot generate further orders - suspending generation for now
 00:00:01 | Cannot generate further orders - suspending generation for now
 00:00:01 | Cannot generate further orders - suspending generation for now
 00:00:01 | Cannot generate further orders - suspending generation for now
 00:00:01 | Cannot generate further orders - suspending generation for now
 00:00:01 | Cannot generate further orders - suspending generation for now
 00:00:01 | Cannot generate further orders - suspending generation for now
 00:00:01 | Cannot generate further orders - suspending generation for now
 00:00:01 | Cannot generate further orders - suspending generation for now
 00:00:01 | Cannot generate further orders - suspending generation for now
 00:00:01 | 00:00:00 | 0.00:30:00 | 100.00%  |   472   |    0     | 17%  |   5115   |   0    |  75.29MB  
 00:00:01 | >>> Simulation finished - writing results ...
 00:00:01 | >>> Results written
Simulation finished.
>>> Timings
StatTimingPathPlanningAverage: 0.00013345820170109353
StatTimingPathPlanningOverall: 0.10983609999999998
StatTimingPathPlanningCount: 823
StatTimingTaskAllocationAverage: 0.002253092558139535
StatTimingTaskAllocationOverall: 0.48441490000000004
StatTimingTaskAllocationCount: 215
StatTimingItemStorageAverage: 1.3879828326180256E-06
StatTimingItemStorageOverall: 0.0009702
StatTimingItemStorageCount: 699
StatTimingPodStorageAverage: 0.0018698825242718453
StatTimingPodStorageOverall: 0.19259790000000007
StatTimingPodStorageCount: 103
StatTimingReplenishmentBatchingAverage: 8.750000000000001E-06
StatTimingReplenishmentBatchingOverall: 1.7500000000000002E-05
StatTimingReplenishmentBatchingCount: 2
StatTimingOrderBatchingAverage: 0.00012070772251308897
StatTimingOrderBatchingOverall: 0.09222069999999997
StatTimingOrderBatchingCount: 764
>>> Overall
StatOverallBundlesPlaced: 0
StatOverallItemsOrdered: 629
StatOverallOrdersPlaced: 410
StatOverallBundlesRejected: 0
StatOverallOrdersRejected: 0
StatOverallBundlesHandled: 0
StatOverallItemsHandled: 715
StatOverallLinesHandled: 677
StatOverallOrdersHandled: 472
StatOverallCollisions: 0
StatOverallDistanceTraveled: 5114.83721862575
StatOverallDistanceEstimated: 5010
StatOverallAssignedTasks: 215
StatMaxMemoryUsed: 78,12109375
StatRealTimeUsed: 1.4170575
StatAverageTurnoverTime: 464.67887093459575
StatMedianTurnoverTime: 333.38028137423976
StatLowerQuartileTurnoverTime: 126.78222222222257
StatUpperQuartileTurnoverTime: 704.7104761499869
StatAverageThroughputTime: 99.7772737163497
StatMedianThroughputTime: 20.63388888888892
StatLowerQuartileThroughputTime: 12.755555555555574
StatUpperQuartileThroughputTime: 86.37657287525357

Marked tag finished after 1 tries!
.Fin. - SUCCESS
<<< Welcome to the RAWSimO CLI >>>
The time is: 06/13/2024 09:24:38
Starting RAWSimO wrapper with the following arguments:
Instance: ..\..\..\..\Material\Instances\0.Weighted30min Demand separate\Da\Weighted2.xinst
Setting: ..\..\..\..\Material\Instances\0.Weighted30min Demand separate\Da\Weighted2.xsett
ControlConfig: ..\..\..\..\Material\Instances\0.Weighted30min Demand separate\Da\Weighted2.xconf
StatisticsDir: ..\..\..\..\Material\Instances\0.Weighted30min Demand separate\Da
Seed: 3
Additionally the following tag was passed: 1, 0.052, 1.039, 0.103, 1.0, 0.25
Adding handler for unhandled exceptions ...
Initializing ... 
Instance recognized!
Parsing setting config ...
Parsing control config ...
Parsing instance ...
StatisticsFolder: Weighted2-Da_[[1, 0.052, 1.039]]_1_[0.103, 1.0, 0.25].csv-3
Done!
