Executing ... 
 09:58:30 | >>> Warming up ...
 00:00:00 | >>> Warmup finished - starting simulation ...
 Realtime |   ETA    |  Sim.Time  | Progress | #Orders | #Bundles | Inv. | Distance | #Coll. |   Memory    
 00:00:00 |   n/a    | 0.00:00:00 |  0.00%   |    0    |    0     | 60%  |    0     |   0    | 109.61MB  
 00:00:00 | Cannot generate further orders - suspending generation for now
 00:00:00 | Cannot generate further orders - suspending generation for now
 00:00:00 | Cannot generate further orders - suspending generation for now
 00:00:00 | Cannot generate further orders - suspending generation for now
 00:00:00 | Cannot generate further orders - suspending generation for now
 00:00:00 | Cannot generate further orders - suspending generation for now
 00:00:01 | Cannot generate further orders - suspending generation for now
 00:00:01 | Cannot generate further orders - suspending generation for now
 00:00:01 | Cannot generate further orders - suspending generation for now
 00:00:01 | 00:00:00 | 0.00:30:00 | 100.00%  |   480   |    0     | 15%  |   4955   |   0    | 105.34MB  
 00:00:01 | >>> Simulation finished - writing results ...
 00:00:01 | >>> Results written
Simulation finished.
>>> Timings
StatTimingPathPlanningAverage: 9.987692307692305E-05
StatTimingPathPlanningOverall: 0.08179919999999997
StatTimingPathPlanningCount: 819
StatTimingTaskAllocationAverage: 0.0020305076923076907
StatTimingTaskAllocationOverall: 0.42234559999999965
StatTimingTaskAllocationCount: 208
StatTimingItemStorageAverage: 1.0689415041782753E-06
StatTimingItemStorageOverall: 0.0007675000000000016
StatTimingItemStorageCount: 718
StatTimingPodStorageAverage: 0.001659855555555555
StatTimingPodStorageOverall: 0.16432569999999994
StatTimingPodStorageCount: 99
StatTimingReplenishmentBatchingAverage: 8.200000000000001E-06
StatTimingReplenishmentBatchingOverall: 1.6400000000000002E-05
StatTimingReplenishmentBatchingCount: 2
StatTimingOrderBatchingAverage: 9.094763729246483E-05
StatTimingOrderBatchingOverall: 0.07121199999999997
StatTimingOrderBatchingCount: 783
>>> Overall
StatOverallBundlesPlaced: 0
StatOverallItemsOrdered: 666
StatOverallOrdersPlaced: 416
StatOverallBundlesRejected: 0
StatOverallOrdersRejected: 0
StatOverallBundlesHandled: 0
StatOverallItemsHandled: 741
StatOverallLinesHandled: 702
StatOverallOrdersHandled: 480
StatOverallCollisions: 0
StatOverallDistanceTraveled: 4955.044001047834
StatOverallDistanceEstimated: 4841
StatOverallAssignedTasks: 208
StatMaxMemoryUsed: 109,60546875
StatRealTimeUsed: 1.0893011
StatAverageTurnoverTime: 433.7357175902312
StatMedianTurnoverTime: 298.6419408479834
StatLowerQuartileTurnoverTime: 138.52944444444552
StatUpperQuartileTurnoverTime: 602.5400000000002
StatAverageThroughputTime: 88.90040151429282
StatMedianThroughputTime: 24.750555555556275
StatLowerQuartileThroughputTime: 16.13333333333344
StatUpperQuartileThroughputTime: 79.38555555555695

Marked tag finished after 1 tries!
.Fin. - SUCCESS
<<< Welcome to the RAWSimO CLI >>>
The time is: 06/13/2024 09:58:31
Starting RAWSimO wrapper with the following arguments:
Instance: ..\..\..\..\Material\Instances\0.Weighted30min Demand separate\Dd\Weighted2.xinst
Setting: ..\..\..\..\Material\Instances\0.Weighted30min Demand separate\Dd\Weighted2.xsett
ControlConfig: ..\..\..\..\Material\Instances\0.Weighted30min Demand separate\Dd\Weighted2.xconf
StatisticsDir: ..\..\..\..\Material\Instances\0.Weighted30min Demand separate\Dd
Seed: 1
Additionally the following tag was passed: 1, 0.79, 0.05, 0.15, 0.333, 1.0
Adding handler for unhandled exceptions ...
Initializing ... 
Instance recognized!
Parsing setting config ...
Parsing control config ...
Parsing instance ...
StatisticsFolder: Weighted2-Dd_[[1, 0.79, 0.05]]_3_[0.15, 0.333, 1.0].csv-1
Done!
