Executing ... 
 09:53:16 | >>> Warming up ...
 00:00:00 | >>> Warmup finished - starting simulation ...
 Realtime |   ETA    |  Sim.Time  | Progress | #Orders | #Bundles | Inv. | Distance | #Coll. |   Memory    
 00:00:00 |   n/a    | 0.00:00:00 |  0.00%   |    0    |    0     | 60%  |    0     |   0    | 136.61MB  
 00:00:00 | Cannot generate further orders - suspending generation for now
 00:00:00 | Cannot generate further orders - suspending generation for now
 00:00:00 | Cannot generate further orders - suspending generation for now
 00:00:00 | Cannot generate further orders - suspending generation for now
 00:00:00 | Cannot generate further orders - suspending generation for now
 00:00:00 | Cannot generate further orders - suspending generation for now
 00:00:00 | Cannot generate further orders - suspending generation for now
 00:00:00 | Cannot generate further orders - suspending generation for now
 00:00:00 | Cannot generate further orders - suspending generation for now
 00:00:00 | Cannot generate further orders - suspending generation for now
 00:00:00 | Cannot generate further orders - suspending generation for now
 00:00:00 | Cannot generate further orders - suspending generation for now
 00:00:00 | Cannot generate further orders - suspending generation for now
 00:00:00 | 00:00:00 | 0.00:30:00 | 100.00%  |   512   |    0     | 11%  |   4969   |   0    | 138.47MB  
 00:00:00 | >>> Simulation finished - writing results ...
 00:00:00 | >>> Results written
Simulation finished.
>>> Timings
StatTimingPathPlanningAverage: 7.917628992628991E-05
StatTimingPathPlanningOverall: 0.06444949999999999
StatTimingPathPlanningCount: 814
StatTimingTaskAllocationAverage: 0.0016503909523809543
StatTimingTaskAllocationOverall: 0.3465821000000004
StatTimingTaskAllocationCount: 210
StatTimingItemStorageAverage: 8.403797468354453E-07
StatTimingItemStorageOverall: 0.0006639000000000018
StatTimingItemStorageCount: 790
StatTimingPodStorageAverage: 0.0014277069306930683
StatTimingPodStorageOverall: 0.1441983999999999
StatTimingPodStorageCount: 101
StatTimingReplenishmentBatchingAverage: 8.1E-06
StatTimingReplenishmentBatchingOverall: 1.62E-05
StatTimingReplenishmentBatchingCount: 2
StatTimingOrderBatchingAverage: 7.606888888888882E-05
StatTimingOrderBatchingOverall: 0.06161579999999994
StatTimingOrderBatchingCount: 810
>>> Overall
StatOverallBundlesPlaced: 0
StatOverallItemsOrdered: 667
StatOverallOrdersPlaced: 418
StatOverallBundlesRejected: 0
StatOverallOrdersRejected: 0
StatOverallBundlesHandled: 0
StatOverallItemsHandled: 816
StatOverallLinesHandled: 776
StatOverallOrdersHandled: 512
StatOverallCollisions: 0
StatOverallDistanceTraveled: 4969.044186959968
StatOverallDistanceEstimated: 4885
StatOverallAssignedTasks: 210
StatMaxMemoryUsed: 139,41796875
StatRealTimeUsed: 0.9368558
StatAverageTurnoverTime: 429.20851474401906
StatMedianTurnoverTime: 241.6851875828254
StatLowerQuartileTurnoverTime: 99.62499999999994
StatUpperQuartileTurnoverTime: 593.3216666666668
StatAverageThroughputTime: 88.52775491941551
StatMedianThroughputTime: 29.446666666666715
StatLowerQuartileThroughputTime: 17.063333333333276
StatUpperQuartileThroughputTime: 64.48870130606406

Marked tag finished after 1 tries!
.Fin. - SUCCESS
<<< Welcome to the RAWSimO CLI >>>
The time is: 06/13/2024 09:53:17
Starting RAWSimO wrapper with the following arguments:
Instance: ..\..\..\..\Material\Instances\0.Weighted30min Demand separate\Dc\Weighted2.xinst
Setting: ..\..\..\..\Material\Instances\0.Weighted30min Demand separate\Dc\Weighted2.xsett
ControlConfig: ..\..\..\..\Material\Instances\0.Weighted30min Demand separate\Dc\Weighted2.xconf
StatisticsDir: ..\..\..\..\Material\Instances\0.Weighted30min Demand separate\Dc
Seed: 1
Additionally the following tag was passed: 1, 6.087, 0.7, 0.217, 0.143, 0.333
Adding handler for unhandled exceptions ...
Initializing ... 
Instance recognized!
Parsing setting config ...
Parsing control config ...
Parsing instance ...
StatisticsFolder: Weighted2-Dc_[[1, 6.087, 0.7]]_1_[0.217, 0.143, 0.333].csv-1
Done!
