Executing ... 
 09:48:25 | >>> Warming up ...
 00:00:00 | >>> Warmup finished - starting simulation ...
 Realtime |   ETA    |  Sim.Time  | Progress | #Orders | #Bundles | Inv. | Distance | #Coll. |   Memory    
 00:00:00 |   n/a    | 0.00:00:00 |  0.00%   |    0    |    0     | 60%  |    0     |   0    | 108.80MB  
 00:00:00 | Cannot generate further orders - suspending generation for now
 00:00:00 | Cannot generate further orders - suspending generation for now
 00:00:00 | Cannot generate further orders - suspending generation for now
 00:00:00 | Cannot generate further orders - suspending generation for now
 00:00:00 | Cannot generate further orders - suspending generation for now
 00:00:00 | Cannot generate further orders - suspending generation for now
 00:00:00 | Cannot generate further orders - suspending generation for now
 00:00:01 | Cannot generate further orders - suspending generation for now
 00:00:01 | Cannot generate further orders - suspending generation for now
 00:00:01 | Cannot generate further orders - suspending generation for now
 00:00:01 | Cannot generate further orders - suspending generation for now
 00:00:01 | Cannot generate further orders - suspending generation for now
 00:00:01 | 00:00:00 | 0.00:30:00 | 100.00%  |   513   |    0     | 12%  |   4885   |   0    | 105.36MB  
 00:00:01 | >>> Simulation finished - writing results ...
 00:00:01 | >>> Results written
Simulation finished.
>>> Timings
StatTimingPathPlanningAverage: 0.00011699949367088622
StatTimingPathPlanningOverall: 0.09242960000000011
StatTimingPathPlanningCount: 790
StatTimingTaskAllocationAverage: 0.001963388059701493
StatTimingTaskAllocationOverall: 0.394641
StatTimingTaskAllocationCount: 201
StatTimingItemStorageAverage: 1.08761528326746E-06
StatTimingItemStorageOverall: 0.0008255000000000021
StatTimingItemStorageCount: 759
StatTimingPodStorageAverage: 0.001675261052631579
StatTimingPodStorageOverall: 0.1591498
StatTimingPodStorageCount: 95
StatTimingReplenishmentBatchingAverage: 8.8E-06
StatTimingReplenishmentBatchingOverall: 1.76E-05
StatTimingReplenishmentBatchingCount: 2
StatTimingOrderBatchingAverage: 0.0001048257575757576
StatTimingOrderBatchingOverall: 0.08302200000000003
StatTimingOrderBatchingCount: 792
>>> Overall
StatOverallBundlesPlaced: 0
StatOverallItemsOrdered: 657
StatOverallOrdersPlaced: 418
StatOverallBundlesRejected: 0
StatOverallOrdersRejected: 0
StatOverallBundlesHandled: 0
StatOverallItemsHandled: 803
StatOverallLinesHandled: 761
StatOverallOrdersHandled: 513
StatOverallCollisions: 0
StatOverallDistanceTraveled: 4885.301701388884
StatOverallDistanceEstimated: 4798
StatOverallAssignedTasks: 201
StatMaxMemoryUsed: 108,84375
StatRealTimeUsed: 1.1582827
StatAverageTurnoverTime: 446.27516924547206
StatMedianTurnoverTime: 278.6699999999995
StatLowerQuartileTurnoverTime: 112.1400937914129
StatUpperQuartileTurnoverTime: 608.9608369297939
StatAverageThroughputTime: 87.47999653971287
StatMedianThroughputTime: 24.591760458079875
StatLowerQuartileThroughputTime: 16.081204902524064
StatUpperQuartileThroughputTime: 88.23676045807953

Marked tag finished after 1 tries!
.Fin. - SUCCESS
<<< Welcome to the RAWSimO CLI >>>
The time is: 06/13/2024 09:48:26
Starting RAWSimO wrapper with the following arguments:
Instance: ..\..\..\..\Material\Instances\0.Weighted30min Demand separate\Dc\Weighted2.xinst
Setting: ..\..\..\..\Material\Instances\0.Weighted30min Demand separate\Dc\Weighted2.xsett
ControlConfig: ..\..\..\..\Material\Instances\0.Weighted30min Demand separate\Dc\Weighted2.xconf
StatisticsDir: ..\..\..\..\Material\Instances\0.Weighted30min Demand separate\Dc
Seed: 2
Additionally the following tag was passed: 1, 0.058, 0.48599999999999993, 0.13, 1.0, 0.333
Adding handler for unhandled exceptions ...
Initializing ... 
Instance recognized!
Parsing setting config ...
Parsing control config ...
Parsing instance ...
StatisticsFolder: Weighted2-Dc_[[1, 0.058, 0.48599999999999993]]_1_[0.13, 1.0, 0.333].csv-2
Done!
