Executing ... 
 16:20:05 | >>> Warming up ...
 00:00:00 | >>> Warmup finished - starting simulation ...
 Realtime |   ETA    |  Sim.Time  | Progress | #Orders | #Bundles | Inv. | Distance | #Coll. |   Memory    
 00:00:00 |   n/a    | 0.00:00:00 |  0.00%   |    0    |    0     | 60%  |    0     |   0    |  78.98MB  
 00:00:01 | Cannot generate further orders - suspending generation for now
 00:00:01 | Cannot generate further orders - suspending generation for now
 00:00:01 | Cannot generate further orders - suspending generation for now
 00:00:01 | Cannot generate further orders - suspending generation for now
 00:00:01 | Cannot generate further orders - suspending generation for now
 00:00:01 | Cannot generate further orders - suspending generation for now
 00:00:01 | Cannot generate further orders - suspending generation for now
 00:00:01 | Cannot generate further orders - suspending generation for now
 00:00:01 | Cannot generate further orders - suspending generation for now
 00:00:01 | Cannot generate further orders - suspending generation for now
 00:00:01 | 00:00:00 | 0.00:30:00 | 100.00%  |   502   |    0     | 13%  |   4997   |   0    |  78.25MB  
 00:00:01 | >>> Simulation finished - writing results ...
 00:00:01 | >>> Results written
Simulation finished.
>>> Timings
StatTimingPathPlanningAverage: 0.00014609416149068323
StatTimingPathPlanningOverall: 0.1176058
StatTimingPathPlanningCount: 805
StatTimingTaskAllocationAverage: 0.0034041492753623193
StatTimingTaskAllocationOverall: 0.7046589000000001
StatTimingTaskAllocationCount: 207
StatTimingItemStorageAverage: 1.3755526657997348E-06
StatTimingItemStorageOverall: 0.0010577999999999961
StatTimingItemStorageCount: 769
StatTimingPodStorageAverage: 0.003614788888888889
StatTimingPodStorageOverall: 0.3578641
StatTimingPodStorageCount: 99
StatTimingReplenishmentBatchingAverage: 8.8E-06
StatTimingReplenishmentBatchingOverall: 1.76E-05
StatTimingReplenishmentBatchingCount: 2
StatTimingOrderBatchingAverage: 0.00014343462017434597
StatTimingOrderBatchingOverall: 0.11517799999999981
StatTimingOrderBatchingCount: 803
>>> Overall
StatOverallBundlesPlaced: 0
StatOverallItemsOrdered: 655
StatOverallOrdersPlaced: 410
StatOverallBundlesRejected: 0
StatOverallOrdersRejected: 0
StatOverallBundlesHandled: 0
StatOverallItemsHandled: 788
StatOverallLinesHandled: 748
StatOverallOrdersHandled: 502
StatOverallCollisions: 0
StatOverallDistanceTraveled: 4996.985818310421
StatOverallDistanceEstimated: 4861
StatOverallAssignedTasks: 207
StatMaxMemoryUsed: 80,79296875
StatRealTimeUsed: 1.6484182
StatAverageTurnoverTime: 493.3556446082552
StatMedianTurnoverTime: 389.0440764717141
StatLowerQuartileTurnoverTime: 171.20018758282657
StatUpperQuartileTurnoverTime: 688.6088166762422
StatAverageThroughputTime: 99.17322868097138
StatMedianThroughputTime: 28.43842712474617
StatLowerQuartileThroughputTime: 16.05333333333283
StatUpperQuartileThroughputTime: 90.20756861618406

Marked tag finished after 1 tries!
.Fin. - SUCCESS
<<< Welcome to the RAWSimO CLI >>>
The time is: 06/21/2024 16:20:06
Starting RAWSimO wrapper with the following arguments:
Instance: ..\..\..\..\Material\Instances\01.Weighted30min Demand Gall\Dp\Weighted2.xinst
Setting: ..\..\..\..\Material\Instances\01.Weighted30min Demand Gall\Dp\Weighted2.xsett
ControlConfig: ..\..\..\..\Material\Instances\01.Weighted30min Demand Gall\Dp\Weighted2.xconf
StatisticsDir: ..\..\..\..\Material\Instances\01.Weighted30min Demand Gall\Dp
Seed: 1
Additionally the following tag was passed: 1, 1.0, 1.0, 0.2, 0.2, 1.0
Adding handler for unhandled exceptions ...
Initializing ... 
Instance recognized!
Parsing setting config ...
Parsing control config ...
Parsing instance ...
StatisticsFolder: Weighted2-Dp_[[1, 1.0, 1.0]]_1_[0.2, 0.2, 1.0].csv-1
Done!
