Executing ... 
 09:44:09 | >>> Warming up ...
 00:00:00 | >>> Warmup finished - starting simulation ...
 Realtime |   ETA    |  Sim.Time  | Progress | #Orders | #Bundles | Inv. | Distance | #Coll. |   Memory    
 00:00:00 |   n/a    | 0.00:00:00 |  0.00%   |    0    |    0     | 60%  |    0     |   0    |  89.99MB  
 00:00:01 | Cannot generate further orders - suspending generation for now
 00:00:01 | Cannot generate further orders - suspending generation for now
 00:00:01 | Cannot generate further orders - suspending generation for now
 00:00:01 | Cannot generate further orders - suspending generation for now
 00:00:01 | Cannot generate further orders - suspending generation for now
 00:00:01 | 00:00:00 | 0.00:30:00 | 100.00%  |   461   |    0     | 18%  |   5166   |   0    |  92.64MB  
 00:00:01 | >>> Simulation finished - writing results ...
 00:00:01 | >>> Results written
Simulation finished.
>>> Timings
StatTimingPathPlanningAverage: 0.00010363644646924833
StatTimingPathPlanningOverall: 0.09099280000000003
StatTimingPathPlanningCount: 878
StatTimingTaskAllocationAverage: 0.0022192104265402845
StatTimingTaskAllocationOverall: 0.46825340000000004
StatTimingTaskAllocationCount: 211
StatTimingItemStorageAverage: 1.3155072463768087E-06
StatTimingItemStorageOverall: 0.000907699999999998
StatTimingItemStorageCount: 690
StatTimingPodStorageAverage: 0.001901044554455445
StatTimingPodStorageOverall: 0.19200549999999994
StatTimingPodStorageCount: 101
StatTimingReplenishmentBatchingAverage: 1.01E-05
StatTimingReplenishmentBatchingOverall: 2.02E-05
StatTimingReplenishmentBatchingCount: 2
StatTimingOrderBatchingAverage: 0.00011257964376590322
StatTimingOrderBatchingOverall: 0.08848759999999993
StatTimingOrderBatchingCount: 786
>>> Overall
StatOverallBundlesPlaced: 0
StatOverallItemsOrdered: 657
StatOverallOrdersPlaced: 421
StatOverallBundlesRejected: 0
StatOverallOrdersRejected: 0
StatOverallBundlesHandled: 0
StatOverallItemsHandled: 702
StatOverallLinesHandled: 665
StatOverallOrdersHandled: 461
StatOverallCollisions: 0
StatOverallDistanceTraveled: 5165.766472032594
StatOverallDistanceEstimated: 4988
StatOverallAssignedTasks: 211
StatMaxMemoryUsed: 92,72265625
StatRealTimeUsed: 1.2188155
StatAverageTurnoverTime: 493.7895353663937
StatMedianTurnoverTime: 327.4113058868583
StatLowerQuartileTurnoverTime: 154.6726767934436
StatUpperQuartileTurnoverTime: 738.6259235282866
StatAverageThroughputTime: 92.78651652663596
StatMedianThroughputTime: 21.25990620858647
StatLowerQuartileThroughputTime: 13.009444444444398
StatUpperQuartileThroughputTime: 82.46963202727015

Marked tag finished after 1 tries!
.Fin. - SUCCESS
<<< Welcome to the RAWSimO CLI >>>
The time is: 06/13/2024 09:44:10
Starting RAWSimO wrapper with the following arguments:
Instance: ..\..\..\..\Material\Instances\0.Weighted30min Demand separate\Db\Weighted2.xinst
Setting: ..\..\..\..\Material\Instances\0.Weighted30min Demand separate\Db\Weighted2.xsett
ControlConfig: ..\..\..\..\Material\Instances\0.Weighted30min Demand separate\Db\Weighted2.xconf
StatisticsDir: ..\..\..\..\Material\Instances\0.Weighted30min Demand separate\Db
Seed: 3
Additionally the following tag was passed: 1, 0.5534, 0.30400000000000005, 0.168, 0.3, 0.55
Adding handler for unhandled exceptions ...
Initializing ... 
Instance recognized!
Parsing setting config ...
Parsing control config ...
Parsing instance ...
StatisticsFolder: Weighted2-Db_[[1, 0.5534, 0.30400000000000005]]_1_[0.168, 0.3, 0.55].csv-3
Done!
