Executing ... 
 09:55:29 | >>> Warming up ...
 00:00:00 | >>> Warmup finished - starting simulation ...
 Realtime |   ETA    |  Sim.Time  | Progress | #Orders | #Bundles | Inv. | Distance | #Coll. |   Memory    
 00:00:00 |   n/a    | 0.00:00:00 |  0.00%   |    0    |    0     | 60%  |    0     |   0    | 108.04MB  
 00:00:01 | Cannot generate further orders - suspending generation for now
 00:00:01 | Cannot generate further orders - suspending generation for now
 00:00:01 | Cannot generate further orders - suspending generation for now
 00:00:01 | Cannot generate further orders - suspending generation for now
 00:00:01 | Cannot generate further orders - suspending generation for now
 00:00:01 | Cannot generate further orders - suspending generation for now
 00:00:01 | Cannot generate further orders - suspending generation for now
 00:00:01 | Cannot generate further orders - suspending generation for now
 00:00:01 | Cannot generate further orders - suspending generation for now
 00:00:01 | Cannot generate further orders - suspending generation for now
 00:00:01 | 00:00:00 | 0.00:30:00 | 100.00%  |   487   |    0     | 16%  |   5059   |   0    | 103.77MB  
 00:00:01 | >>> Simulation finished - writing results ...
 00:00:01 | >>> Results written
Simulation finished.
>>> Timings
StatTimingPathPlanningAverage: 0.000186905269320843
StatTimingPathPlanningOverall: 0.15961709999999993
StatTimingPathPlanningCount: 854
StatTimingTaskAllocationAverage: 0.0034961995169082126
StatTimingTaskAllocationOverall: 0.7237133
StatTimingTaskAllocationCount: 207
StatTimingItemStorageAverage: 2.093502824858758E-06
StatTimingItemStorageOverall: 0.0014822000000000008
StatTimingItemStorageCount: 708
StatTimingPodStorageAverage: 0.0034183292929292914
StatTimingPodStorageOverall: 0.33841459999999984
StatTimingPodStorageCount: 99
StatTimingReplenishmentBatchingAverage: 9.15E-06
StatTimingReplenishmentBatchingOverall: 1.83E-05
StatTimingReplenishmentBatchingCount: 2
StatTimingOrderBatchingAverage: 0.00016114606598984776
StatTimingOrderBatchingOverall: 0.12698310000000004
StatTimingOrderBatchingCount: 788
>>> Overall
StatOverallBundlesPlaced: 0
StatOverallItemsOrdered: 667
StatOverallOrdersPlaced: 431
StatOverallBundlesRejected: 0
StatOverallOrdersRejected: 0
StatOverallBundlesHandled: 0
StatOverallItemsHandled: 733
StatOverallLinesHandled: 693
StatOverallOrdersHandled: 487
StatOverallCollisions: 0
StatOverallDistanceTraveled: 5058.999999999996
StatOverallDistanceEstimated: 4867
StatOverallAssignedTasks: 207
StatMaxMemoryUsed: 108,0390625
StatRealTimeUsed: 1.8222077
StatAverageTurnoverTime: 423.7710672017381
StatMedianTurnoverTime: 281.7829653606034
StatLowerQuartileTurnoverTime: 136.99564934696832
StatUpperQuartileTurnoverTime: 582.9837084989847
StatAverageThroughputTime: 86.96578336289835
StatMedianThroughputTime: 21.660555555555447
StatLowerQuartileThroughputTime: 12.646479083841086
StatUpperQuartileThroughputTime: 80.87518758282704

Marked tag finished after 1 tries!
.Fin. - SUCCESS
<<< Welcome to the RAWSimO CLI >>>
The time is: 06/13/2024 09:55:31
Starting RAWSimO wrapper with the following arguments:
Instance: ..\..\..\..\Material\Instances\0.Weighted30min Demand separate\Dd\Weighted2.xinst
Setting: ..\..\..\..\Material\Instances\0.Weighted30min Demand separate\Dd\Weighted2.xsett
ControlConfig: ..\..\..\..\Material\Instances\0.Weighted30min Demand separate\Dd\Weighted2.xconf
StatisticsDir: ..\..\..\..\Material\Instances\0.Weighted30min Demand separate\Dd
Seed: 3
Additionally the following tag was passed: 1, 0.198, 0.3766666666666667, 0.143, 0.717, 0.5
Adding handler for unhandled exceptions ...
Initializing ... 
Instance recognized!
Parsing setting config ...
Parsing control config ...
Parsing instance ...
StatisticsFolder: Weighted2-Dd_[[1, 0.198, 0.3766666666666667]]_3_[0.143, 0.717, 0.5].csv-3
Done!
