Executing ... 
 15:39:43 | >>> Warming up ...
 00:00:00 | >>> Warmup finished - starting simulation ...
 Realtime |   ETA    |  Sim.Time  | Progress | #Orders | #Bundles | Inv. | Distance | #Coll. |   Memory    
 00:00:00 |   n/a    | 0.00:00:00 |  0.00%   |    0    |    0     | 83%  |    0     |   0    |  74.61MB  
 00:00:00 | Reactivating bundle generation paused by inventory+reserved+backlog level (currently at: 0.6491666666666667)
 00:00:00 | 00:00:00 | 0.00:30:00 | 100.00%  |   332   |    0     | 40%  |   2337   |   0    |  74.02MB  
 00:00:00 | >>> Simulation finished - writing results ...
 00:00:00 | >>> Results written
Simulation finished.
>>> Timings
StatTimingPathPlanningAverage: 7.974665178571425E-05
StatTimingPathPlanningOverall: 0.03572649999999998
StatTimingPathPlanningCount: 448
StatTimingTaskAllocationAverage: 0.0018048008620689658
StatTimingTaskAllocationOverall: 0.20935690000000004
StatTimingTaskAllocationCount: 116
StatTimingItemStorageAverage: 1.1396887159533077E-06
StatTimingItemStorageOverall: 0.0005858000000000001
StatTimingItemStorageCount: 514
StatTimingPodStorageAverage: 0.0017398360000000005
StatTimingPodStorageOverall: 0.08699180000000002
StatTimingPodStorageCount: 50
StatTimingReplenishmentBatchingAverage: 1.595E-05
StatTimingReplenishmentBatchingOverall: 6.38E-05
StatTimingReplenishmentBatchingCount: 4
StatTimingOrderBatchingAverage: 9.993084415584412E-05
StatTimingOrderBatchingOverall: 0.06155739999999998
StatTimingOrderBatchingCount: 616
>>> Overall
StatOverallBundlesPlaced: 180
StatOverallItemsOrdered: 584
StatOverallOrdersPlaced: 367
StatOverallBundlesRejected: 0
StatOverallOrdersRejected: 0
StatOverallBundlesHandled: 0
StatOverallItemsHandled: 521
StatOverallLinesHandled: 486
StatOverallOrdersHandled: 332
StatOverallCollisions: 0
StatOverallDistanceTraveled: 2337
StatOverallDistanceEstimated: 2304
StatOverallAssignedTasks: 116
StatMaxMemoryUsed: 74,4140625
StatRealTimeUsed: 0.7765229
StatAverageTurnoverTime: 568.2715626047806
StatMedianTurnoverTime: 449.03750359646256
StatLowerQuartileTurnoverTime: 182.5708369297953
StatUpperQuartileTurnoverTime: 804.2315872611014
StatAverageThroughputTime: 156.6155473586642
StatMedianThroughputTime: 91.70796536060448
StatLowerQuartileThroughputTime: 52.18157287525361
StatUpperQuartileThroughputTime: 204.59463202727102

Marked tag finished after 1 tries!
.Fin. - SUCCESS
<<< Welcome to the RAWSimO CLI >>>
The time is: 06/03/2024 15:39:44
Starting RAWSimO wrapper with the following arguments:
Instance: ..\..\..\..\Material\Instances\0.Weighted30min\WeightedScenario.xinst
Setting: ..\..\..\..\Material\Instances\0.Weighted30min\WeightedScenario.xsett
ControlConfig: ..\..\..\..\Material\Instances\0.Weighted30min\WeightedScenario.xconf
StatisticsDir: ..\..\..\..\Material\Instances\0.Weighted30min
Seed: 2
Additionally the following tag was passed: Dfwhigh
Adding handler for unhandled exceptions ...
Initializing ... 
Instance recognized!
Parsing setting config ...
Parsing control config ...
Parsing instance ...
StatisticsFolder: WeightedScenario-Df_whigh_2.csv-2
Done!
