Executing ... 
 16:20:46 | >>> Warming up ...
 00:00:00 | >>> Warmup finished - starting simulation ...
 Realtime |   ETA    |  Sim.Time  | Progress | #Orders | #Bundles | Inv. | Distance | #Coll. |   Memory    
 00:00:00 |   n/a    | 0.00:00:00 |  0.00%   |    0    |    0     | 60%  |    0     |   0    |  90.03MB  
 00:00:01 | Cannot generate further orders - suspending generation for now
 00:00:01 | Cannot generate further orders - suspending generation for now
 00:00:01 | Cannot generate further orders - suspending generation for now
 00:00:01 | Cannot generate further orders - suspending generation for now
 00:00:01 | Cannot generate further orders - suspending generation for now
 00:00:01 | Cannot generate further orders - suspending generation for now
 00:00:01 | Cannot generate further orders - suspending generation for now
 00:00:01 | Cannot generate further orders - suspending generation for now
 00:00:01 | Cannot generate further orders - suspending generation for now
 00:00:01 | Cannot generate further orders - suspending generation for now
 00:00:01 | 00:00:00 | 0.00:30:00 | 100.00%  |   496   |    0     | 14%  |   5006   |   0    |  86.47MB  
 00:00:01 | >>> Simulation finished - writing results ...
 00:00:01 | >>> Results written
Simulation finished.
>>> Timings
StatTimingPathPlanningAverage: 0.00015924185493460156
StatTimingPathPlanningOverall: 0.1339223999999999
StatTimingPathPlanningCount: 841
StatTimingTaskAllocationAverage: 0.0026964588516746406
StatTimingTaskAllocationOverall: 0.5635598999999999
StatTimingTaskAllocationCount: 209
StatTimingItemStorageAverage: 1.3674698795180732E-06
StatTimingItemStorageOverall: 0.0010215000000000007
StatTimingItemStorageCount: 747
StatTimingPodStorageAverage: 0.0022769670000000004
StatTimingPodStorageOverall: 0.22769670000000006
StatTimingPodStorageCount: 100
StatTimingReplenishmentBatchingAverage: 8.1E-06
StatTimingReplenishmentBatchingOverall: 1.62E-05
StatTimingReplenishmentBatchingCount: 2
StatTimingOrderBatchingAverage: 0.00014071540372670796
StatTimingOrderBatchingOverall: 0.11327589999999992
StatTimingOrderBatchingCount: 805
>>> Overall
StatOverallBundlesPlaced: 0
StatOverallItemsOrdered: 657
StatOverallOrdersPlaced: 417
StatOverallBundlesRejected: 0
StatOverallOrdersRejected: 0
StatOverallBundlesHandled: 0
StatOverallItemsHandled: 762
StatOverallLinesHandled: 719
StatOverallOrdersHandled: 496
StatOverallCollisions: 0
StatOverallDistanceTraveled: 5006.003343769108
StatOverallDistanceEstimated: 4859
StatOverallAssignedTasks: 209
StatMaxMemoryUsed: 90,97265625
StatRealTimeUsed: 1.426821
StatAverageTurnoverTime: 474.87136783498624
StatMedianTurnoverTime: 359.44907647171726
StatLowerQuartileTurnoverTime: 183.51861470757308
StatUpperQuartileTurnoverTime: 652.3057503313054
StatAverageThroughputTime: 94.19514393531972
StatMedianThroughputTime: 24.641111111111
StatLowerQuartileThroughputTime: 16.437222222222147
StatUpperQuartileThroughputTime: 85.8900937914129

Marked tag finished after 1 tries!
.Fin. - SUCCESS
<<< Welcome to the RAWSimO CLI >>>
The time is: 06/21/2024 16:20:47
Starting RAWSimO wrapper with the following arguments:
Instance: ..\..\..\..\Material\Instances\01.Weighted30min Demand Gall\Dr\Weighted2.xinst
Setting: ..\..\..\..\Material\Instances\01.Weighted30min Demand Gall\Dr\Weighted2.xsett
ControlConfig: ..\..\..\..\Material\Instances\01.Weighted30min Demand Gall\Dr\Weighted2.xconf
StatisticsDir: ..\..\..\..\Material\Instances\01.Weighted30min Demand Gall\Dr
Seed: 2
Additionally the following tag was passed: 1, 0.23714285714285716, 1.0, 0.118, 0.49, 1.0
Adding handler for unhandled exceptions ...
Initializing ... 
Instance recognized!
Parsing setting config ...
Parsing control config ...
Parsing instance ...
StatisticsFolder: Weighted2-Dr_[[1, 0.23714285714285716, 1.0]]_2_[0.118, 0.49, 1.0].csv-2
Done!
