Executing ... 
 09:44:02 | >>> Warming up ...
 00:00:00 | >>> Warmup finished - starting simulation ...
 Realtime |   ETA    |  Sim.Time  | Progress | #Orders | #Bundles | Inv. | Distance | #Coll. |   Memory    
 00:00:00 |   n/a    | 0.00:00:00 |  0.00%   |    0    |    0     | 60%  |    0     |   0    | 109.72MB  
 00:00:01 | Cannot generate further orders - suspending generation for now
 00:00:01 | Cannot generate further orders - suspending generation for now
 00:00:01 | Cannot generate further orders - suspending generation for now
 00:00:01 | Cannot generate further orders - suspending generation for now
 00:00:01 | Cannot generate further orders - suspending generation for now
 00:00:01 | Cannot generate further orders - suspending generation for now
 00:00:01 | Cannot generate further orders - suspending generation for now
 00:00:01 | 00:00:00 | 0.00:30:00 | 100.00%  |   435   |    0     | 20%  |   5367   |   0    | 105.17MB  
 00:00:01 | >>> Simulation finished - writing results ...
 00:00:01 | >>> Results written
Simulation finished.
>>> Timings
StatTimingPathPlanningAverage: 0.00013262895622895637
StatTimingPathPlanningOverall: 0.11817240000000014
StatTimingPathPlanningCount: 891
StatTimingTaskAllocationAverage: 0.0021608915929203533
StatTimingTaskAllocationOverall: 0.4883614999999999
StatTimingTaskAllocationCount: 226
StatTimingItemStorageAverage: 1.4251170046801878E-06
StatTimingItemStorageOverall: 0.0009135000000000004
StatTimingItemStorageCount: 641
StatTimingPodStorageAverage: 0.0018952336363636374
StatTimingPodStorageOverall: 0.20847570000000012
StatTimingPodStorageCount: 110
StatTimingReplenishmentBatchingAverage: 8.249999999999999E-06
StatTimingReplenishmentBatchingOverall: 1.6499999999999998E-05
StatTimingReplenishmentBatchingCount: 2
StatTimingOrderBatchingAverage: 0.00013574021887824875
StatTimingOrderBatchingOverall: 0.09922609999999983
StatTimingOrderBatchingCount: 731
>>> Overall
StatOverallBundlesPlaced: 0
StatOverallItemsOrdered: 649
StatOverallOrdersPlaced: 411
StatOverallBundlesRejected: 0
StatOverallOrdersRejected: 0
StatOverallBundlesHandled: 0
StatOverallItemsHandled: 668
StatOverallLinesHandled: 633
StatOverallOrdersHandled: 435
StatOverallCollisions: 0
StatOverallDistanceTraveled: 5366.8256080973415
StatOverallDistanceEstimated: 5232
StatOverallAssignedTasks: 226
StatMaxMemoryUsed: 109,9296875
StatRealTimeUsed: 1.3750484
StatAverageTurnoverTime: 496.18680746354755
StatMedianTurnoverTime: 393.88768398636626
StatLowerQuartileTurnoverTime: 180.12379509747598
StatUpperQuartileTurnoverTime: 709.0276839863654
StatAverageThroughputTime: 95.17347283979686
StatMedianThroughputTime: 23.889444444444393
StatLowerQuartileThroughputTime: 15.972222222222399
StatUpperQuartileThroughputTime: 86.46611111111099

Marked tag finished after 1 tries!
.Fin. - SUCCESS
<<< Welcome to the RAWSimO CLI >>>
The time is: 06/13/2024 09:44:03
Starting RAWSimO wrapper with the following arguments:
Instance: ..\..\..\..\Material\Instances\0.Weighted30min Demand separate\Db\Weighted2.xinst
Setting: ..\..\..\..\Material\Instances\0.Weighted30min Demand separate\Db\Weighted2.xsett
ControlConfig: ..\..\..\..\Material\Instances\0.Weighted30min Demand separate\Db\Weighted2.xconf
StatisticsDir: ..\..\..\..\Material\Instances\0.Weighted30min Demand separate\Db
Seed: 2
Additionally the following tag was passed: 1, 0.5534, 0.059, 0.115, 0.21, 1.0
Adding handler for unhandled exceptions ...
Initializing ... 
Instance recognized!
Parsing setting config ...
Parsing control config ...
Parsing instance ...
StatisticsFolder: Weighted2-Db_[[1, 0.5534, 0.059]]_3_[0.115, 0.21, 1.0].csv-2
Done!
