Executing ... 
 13:47:05 | >>> Warming up ...
 00:00:00 | >>> Warmup finished - starting simulation ...
 Realtime |   ETA    |  Sim.Time  | Progress | #Orders | #Bundles | Inv. | Distance | #Coll. |   Memory    
 00:00:00 |   n/a    | 0.00:00:00 |  0.00%   |    0    |    0     | 60%  |    0     |   0    |  88.94MB  
 00:00:00 | Cannot generate further orders - suspending generation for now
 00:00:00 | Cannot generate further orders - suspending generation for now
 00:00:00 | Cannot generate further orders - suspending generation for now
 00:00:00 | Cannot generate further orders - suspending generation for now
 00:00:00 | Cannot generate further orders - suspending generation for now
 00:00:01 | Cannot generate further orders - suspending generation for now
 00:00:01 | Cannot generate further orders - suspending generation for now
 00:00:01 | Cannot generate further orders - suspending generation for now
 00:00:01 | Cannot generate further orders - suspending generation for now
 00:00:01 | Cannot generate further orders - suspending generation for now
 00:00:01 | Cannot generate further orders - suspending generation for now
 00:00:01 | Cannot generate further orders - suspending generation for now
 00:00:01 | Cannot generate further orders - suspending generation for now
 00:00:01 | Cannot generate further orders - suspending generation for now
 00:00:01 | Cannot generate further orders - suspending generation for now
 00:00:01 | 00:00:00 | 0.00:30:00 | 100.00%  |   535   |    0     |  9%  |   4689   |   0    |  86.42MB  
 00:00:01 | >>> Simulation finished - writing results ...
 00:00:01 | >>> Results written
Simulation finished.
>>> Timings
StatTimingPathPlanningAverage: 0.00012060486842105272
StatTimingPathPlanningOverall: 0.09165970000000007
StatTimingPathPlanningCount: 760
StatTimingTaskAllocationAverage: 0.0024996515957446826
StatTimingTaskAllocationOverall: 0.4699345000000003
StatTimingTaskAllocationCount: 188
StatTimingItemStorageAverage: 1.2169902912621366E-06
StatTimingItemStorageOverall: 0.0010028000000000005
StatTimingItemStorageCount: 824
StatTimingPodStorageAverage: 0.0020502233333333335
StatTimingPodStorageOverall: 0.18452010000000002
StatTimingPodStorageCount: 90
StatTimingReplenishmentBatchingAverage: 7.85E-06
StatTimingReplenishmentBatchingOverall: 1.57E-05
StatTimingReplenishmentBatchingCount: 2
StatTimingOrderBatchingAverage: 0.00015160790754257907
StatTimingOrderBatchingOverall: 0.1246217
StatTimingOrderBatchingCount: 822
>>> Overall
StatOverallBundlesPlaced: 0
StatOverallItemsOrdered: 628
StatOverallOrdersPlaced: 405
StatOverallBundlesRejected: 0
StatOverallOrdersRejected: 0
StatOverallBundlesHandled: 0
StatOverallItemsHandled: 846
StatOverallLinesHandled: 806
StatOverallOrdersHandled: 535
StatOverallCollisions: 0
StatOverallDistanceTraveled: 4689.030833333302
StatOverallDistanceEstimated: 4588
StatOverallAssignedTasks: 188
StatMaxMemoryUsed: 88,9375
StatRealTimeUsed: 1.330526
StatAverageTurnoverTime: 454.0133640644281
StatMedianTurnoverTime: 294.483427124747
StatLowerQuartileTurnoverTime: 114.23906927878556
StatUpperQuartileTurnoverTime: 637.6799999999998
StatAverageThroughputTime: 88.9506997203171
StatMedianThroughputTime: 35.1812049025242
StatLowerQuartileThroughputTime: 20.09499999999798
StatUpperQuartileThroughputTime: 95.95888888889044

Marked tag finished after 1 tries!
.Fin. - SUCCESS
<<< Welcome to the RAWSimO CLI >>>
The time is: 06/07/2024 13:47:06
Starting RAWSimO wrapper with the following arguments:
Instance: ..\..\..\..\Material\Instances\0.Weighted30min Demand separate\Df\Weighted2.xinst
Setting: ..\..\..\..\Material\Instances\0.Weighted30min Demand separate\Df\Weighted2.xsett
ControlConfig: ..\..\..\..\Material\Instances\0.Weighted30min Demand separate\Df\Weighted2.xconf
StatisticsDir: ..\..\..\..\Material\Instances\0.Weighted30min Demand separate\Df
Seed: 2
Additionally the following tag was passed: wmin
Adding handler for unhandled exceptions ...
Initializing ... 
Instance recognized!
Parsing setting config ...
Parsing control config ...
Parsing instance ...
StatisticsFolder: Weighted2-Df_wmin_1.csv-2
Done!
