Executing ... 
 09:44:56 | >>> Warming up ...
 00:00:00 | >>> Warmup finished - starting simulation ...
 Realtime |   ETA    |  Sim.Time  | Progress | #Orders | #Bundles | Inv. | Distance | #Coll. |   Memory    
 00:00:00 |   n/a    | 0.00:00:00 |  0.00%   |    0    |    0     | 60%  |    0     |   0    | 103.33MB  
 00:00:01 | Cannot generate further orders - suspending generation for now
 00:00:01 | Cannot generate further orders - suspending generation for now
 00:00:01 | Cannot generate further orders - suspending generation for now
 00:00:01 | Cannot generate further orders - suspending generation for now
 00:00:01 | Cannot generate further orders - suspending generation for now
 00:00:01 | Cannot generate further orders - suspending generation for now
 00:00:01 | Cannot generate further orders - suspending generation for now
 00:00:01 | 00:00:00 | 0.00:30:00 | 100.00%  |   442   |    0     | 19%  |   5353   |   0    | 106.57MB  
 00:00:01 | >>> Simulation finished - writing results ...
 00:00:01 | >>> Results written
Simulation finished.
>>> Timings
StatTimingPathPlanningAverage: 0.00013674797687861283
StatTimingPathPlanningOverall: 0.11828700000000009
StatTimingPathPlanningCount: 865
StatTimingTaskAllocationAverage: 0.002082920087336245
StatTimingTaskAllocationOverall: 0.4769887000000001
StatTimingTaskAllocationCount: 229
StatTimingItemStorageAverage: 1.3421921921921934E-06
StatTimingItemStorageOverall: 0.0008939000000000007
StatTimingItemStorageCount: 666
StatTimingPodStorageAverage: 0.0016792000000000005
StatTimingPodStorageOverall: 0.18471200000000004
StatTimingPodStorageCount: 110
StatTimingReplenishmentBatchingAverage: 8.35E-06
StatTimingReplenishmentBatchingOverall: 1.67E-05
StatTimingReplenishmentBatchingCount: 2
StatTimingOrderBatchingAverage: 0.00012023937329700268
StatTimingOrderBatchingOverall: 0.08825569999999996
StatTimingOrderBatchingCount: 734
>>> Overall
StatOverallBundlesPlaced: 0
StatOverallItemsOrdered: 667
StatOverallOrdersPlaced: 414
StatOverallBundlesRejected: 0
StatOverallOrdersRejected: 0
StatOverallBundlesHandled: 0
StatOverallItemsHandled: 685
StatOverallLinesHandled: 647
StatOverallOrdersHandled: 442
StatOverallCollisions: 0
StatOverallDistanceTraveled: 5353.368009039204
StatOverallDistanceEstimated: 5176
StatOverallAssignedTasks: 229
StatMaxMemoryUsed: 109,39453125
StatRealTimeUsed: 1.3604437
StatAverageTurnoverTime: 457.1689065373005
StatMedianTurnoverTime: 359.43361470757316
StatLowerQuartileTurnoverTime: 140.4338888888889
StatUpperQuartileTurnoverTime: 638.7450071929255
StatAverageThroughputTime: 102.86767932723406
StatMedianThroughputTime: 21.322027446474294
StatLowerQuartileThroughputTime: 12.841666666666697
StatUpperQuartileThroughputTime: 83.80176045808048

Marked tag finished after 1 tries!
.Fin. - SUCCESS
<<< Welcome to the RAWSimO CLI >>>
The time is: 06/13/2024 09:44:57
Starting RAWSimO wrapper with the following arguments:
Instance: ..\..\..\..\Material\Instances\0.Weighted30min Demand separate\Db\Weighted2.xinst
Setting: ..\..\..\..\Material\Instances\0.Weighted30min Demand separate\Db\Weighted2.xsett
ControlConfig: ..\..\..\..\Material\Instances\0.Weighted30min Demand separate\Db\Weighted2.xconf
StatisticsDir: ..\..\..\..\Material\Instances\0.Weighted30min Demand separate\Db
Seed: 1
Additionally the following tag was passed: 1, 0.8006, 0.059, 0.118, 0.2, 1.0
Adding handler for unhandled exceptions ...
Initializing ... 
Instance recognized!
Parsing setting config ...
Parsing control config ...
Parsing instance ...
StatisticsFolder: Weighted2-Db_[[1, 0.8006, 0.059]]_2_[0.118, 0.2, 1.0].csv-1
Done!
