Executing ... 
 18:20:15 | >>> Warming up ...
 00:00:00 | >>> Warmup finished - starting simulation ...
 Realtime |   ETA    |  Sim.Time  | Progress | #Orders | #Bundles | Inv. | Distance | #Coll. |   Memory    
 00:00:00 |   n/a    | 0.00:00:00 |  0.00%   |    0    |    0     | 60%  |    0     |   0    | 101.32MB  
 00:00:00 | Cannot generate further orders - suspending generation for now
 00:00:00 | Cannot generate further orders - suspending generation for now
 00:00:00 | Cannot generate further orders - suspending generation for now
 00:00:00 | Cannot generate further orders - suspending generation for now
 00:00:00 | Cannot generate further orders - suspending generation for now
 00:00:00 | Cannot generate further orders - suspending generation for now
 00:00:00 | Cannot generate further orders - suspending generation for now
 00:00:00 | Cannot generate further orders - suspending generation for now
 00:00:00 | Cannot generate further orders - suspending generation for now
 00:00:00 | Cannot generate further orders - suspending generation for now
 00:00:00 | Cannot generate further orders - suspending generation for now
 00:00:00 | Cannot generate further orders - suspending generation for now
 00:00:00 | 00:00:00 | 0.00:30:00 | 100.00%  |   481   |    0     | 16%  |   4947   |   0    |  97.54MB  
 00:00:01 | >>> Simulation finished - writing results ...
 00:00:01 | >>> Results written
Simulation finished.
>>> Timings
StatTimingPathPlanningAverage: 8.962448733413754E-05
StatTimingPathPlanningOverall: 0.07429870000000002
StatTimingPathPlanningCount: 829
StatTimingTaskAllocationAverage: 0.0017746789215686279
StatTimingTaskAllocationOverall: 0.3620345000000001
StatTimingTaskAllocationCount: 204
StatTimingItemStorageAverage: 9.312320916905504E-07
StatTimingItemStorageOverall: 0.0006500000000000042
StatTimingItemStorageCount: 698
StatTimingPodStorageAverage: 0.0014930020618556697
StatTimingPodStorageOverall: 0.14482119999999996
StatTimingPodStorageCount: 97
StatTimingReplenishmentBatchingAverage: 9.05E-06
StatTimingReplenishmentBatchingOverall: 1.81E-05
StatTimingReplenishmentBatchingCount: 2
StatTimingOrderBatchingAverage: 8.410840879689525E-05
StatTimingOrderBatchingOverall: 0.06501580000000003
StatTimingOrderBatchingCount: 773
>>> Overall
StatOverallBundlesPlaced: 0
StatOverallItemsOrdered: 634
StatOverallOrdersPlaced: 408
StatOverallBundlesRejected: 0
StatOverallOrdersRejected: 0
StatOverallBundlesHandled: 0
StatOverallItemsHandled: 728
StatOverallLinesHandled: 693
StatOverallOrdersHandled: 481
StatOverallCollisions: 0
StatOverallDistanceTraveled: 4946.67802099817
StatOverallDistanceEstimated: 4862
StatOverallAssignedTasks: 204
StatMaxMemoryUsed: 100,578125
StatRealTimeUsed: 0.9984242
StatAverageTurnoverTime: 442.71777510121757
StatMedianTurnoverTime: 233.46444444444455
StatLowerQuartileTurnoverTime: 96.75120490252414
StatUpperQuartileTurnoverTime: 674.332041832318
StatAverageThroughputTime: 82.21832308668577
StatMedianThroughputTime: 22.041666666666657
StatLowerQuartileThroughputTime: 16.17777777777792
StatUpperQuartileThroughputTime: 80.12120490252401

Marked tag finished after 1 tries!
.Fin. - SUCCESS
<<< Welcome to the RAWSimO CLI >>>
The time is: 06/05/2024 18:20:16
Starting RAWSimO wrapper with the following arguments:
Instance: ..\..\..\..\Material\Instances\0.Weighted30min Demand separate\Dc\Weighted2.xinst
Setting: ..\..\..\..\Material\Instances\0.Weighted30min Demand separate\Dc\Weighted2.xsett
ControlConfig: ..\..\..\..\Material\Instances\0.Weighted30min Demand separate\Dc\Weighted2.xconf
StatisticsDir: ..\..\..\..\Material\Instances\0.Weighted30min Demand separate\Dc
Seed: 2
Additionally the following tag was passed: whigh
Adding handler for unhandled exceptions ...
Initializing ... 
Instance recognized!
Parsing setting config ...
Parsing control config ...
Parsing instance ...
StatisticsFolder: Weighted2-Dc_whigh_2.csv-2
Done!
