Executing ... 
 14:01:42 | >>> Warming up ...
 00:00:00 | >>> Warmup finished - starting simulation ...
 Realtime |   ETA    |  Sim.Time  | Progress | #Orders | #Bundles | Inv. | Distance | #Coll. |   Memory    
 00:00:00 |   n/a    | 0.00:00:00 |  0.00%   |    0    |    0     | 60%  |    0     |   0    | 138.91MB  
 00:00:00 | Cannot generate further orders - suspending generation for now
 00:00:00 | Cannot generate further orders - suspending generation for now
 00:00:00 | Cannot generate further orders - suspending generation for now
 00:00:00 | Cannot generate further orders - suspending generation for now
 00:00:00 | Cannot generate further orders - suspending generation for now
 00:00:00 | Cannot generate further orders - suspending generation for now
 00:00:00 | Cannot generate further orders - suspending generation for now
 00:00:00 | Cannot generate further orders - suspending generation for now
 00:00:00 | Cannot generate further orders - suspending generation for now
 00:00:01 | Cannot generate further orders - suspending generation for now
 00:00:01 | 00:00:00 | 0.00:30:00 | 100.00%  |   502   |    0     | 14%  |   4888   |   0    |  64.36MB  
 00:00:01 | >>> Simulation finished - writing results ...
 00:00:01 | >>> Results written
Simulation finished.
>>> Timings
StatTimingPathPlanningAverage: 0.00012993795620437978
StatTimingPathPlanningOverall: 0.10680900000000018
StatTimingPathPlanningCount: 822
StatTimingTaskAllocationAverage: 0.0016996258883248741
StatTimingTaskAllocationOverall: 0.3348263000000002
StatTimingTaskAllocationCount: 197
StatTimingItemStorageAverage: 9.148993288590633E-07
StatTimingItemStorageOverall: 0.0006816000000000021
StatTimingItemStorageCount: 745
StatTimingPodStorageAverage: 0.0015673726315789478
StatTimingPodStorageOverall: 0.14890040000000004
StatTimingPodStorageCount: 95
StatTimingReplenishmentBatchingAverage: 8.3E-06
StatTimingReplenishmentBatchingOverall: 1.66E-05
StatTimingReplenishmentBatchingCount: 2
StatTimingOrderBatchingAverage: 9.022886723507907E-05
StatTimingOrderBatchingOverall: 0.07407789999999992
StatTimingOrderBatchingCount: 821
>>> Overall
StatOverallBundlesPlaced: 0
StatOverallItemsOrdered: 667
StatOverallOrdersPlaced: 427
StatOverallBundlesRejected: 0
StatOverallOrdersRejected: 0
StatOverallBundlesHandled: 0
StatOverallItemsHandled: 761
StatOverallLinesHandled: 722
StatOverallOrdersHandled: 502
StatOverallCollisions: 0
StatOverallDistanceTraveled: 4888.193456583678
StatOverallDistanceEstimated: 4758
StatOverallAssignedTasks: 197
StatMaxMemoryUsed: 137,66796875
StatRealTimeUsed: 1.0106033
StatAverageTurnoverTime: 442.58877383218373
StatMedianTurnoverTime: 270.43361470757225
StatLowerQuartileTurnoverTime: 120.55323954192045
StatUpperQuartileTurnoverTime: 620.7236147075716
StatAverageThroughputTime: 88.90681831051856
StatMedianThroughputTime: 24.390000000000327
StatLowerQuartileThroughputTime: 16.638982680302206
StatUpperQuartileThroughputTime: 73.50277777777865

Marked tag finished after 1 tries!
.Fin. - SUCCESS
<<< Welcome to the RAWSimO CLI >>>
The time is: 06/07/2024 14:01:43
Starting RAWSimO wrapper with the following arguments:
Instance: ..\..\..\..\Material\Instances\0.Weighted30min Demand separate\Dc\Weighted2.xinst
Setting: ..\..\..\..\Material\Instances\0.Weighted30min Demand separate\Dc\Weighted2.xsett
ControlConfig: ..\..\..\..\Material\Instances\0.Weighted30min Demand separate\Dc\Weighted2.xconf
StatisticsDir: ..\..\..\..\Material\Instances\0.Weighted30min Demand separate\Dc
Seed: 1
Additionally the following tag was passed: [[1, 6.087, 1]]
Adding handler for unhandled exceptions ...
Initializing ... 
Instance recognized!
Parsing setting config ...
Parsing control config ...
Parsing instance ...
StatisticsFolder: Weighted2-Dc_[[1, 6.087, 1]]_2.csv-1
Done!
