Executing ... 
 21:28:57 | >>> Warming up ...
 00:00:00 | >>> Warmup finished - starting simulation ...
 Realtime |   ETA    |  Sim.Time  | Progress | #Orders | #Bundles | Inv. | Distance | #Coll. |   Memory    
 00:00:00 |   n/a    | 0.00:00:00 |  0.00%   |    0    |    0     | 60%  |    0     |   0    |  82.21MB  
 00:00:00 | Cannot generate further orders - suspending generation for now
 00:00:00 | Cannot generate further orders - suspending generation for now
 00:00:00 | Cannot generate further orders - suspending generation for now
 00:00:00 | Cannot generate further orders - suspending generation for now
 00:00:00 | Cannot generate further orders - suspending generation for now
 00:00:00 | Cannot generate further orders - suspending generation for now
 00:00:00 | Cannot generate further orders - suspending generation for now
 00:00:00 | Cannot generate further orders - suspending generation for now
 00:00:00 | Cannot generate further orders - suspending generation for now
 00:00:01 | Cannot generate further orders - suspending generation for now
 00:00:01 | 00:00:00 | 0.00:30:00 | 100.00%  |   496   |    0     | 13%  |   4900   |   0    |  82.44MB  
 00:00:01 | >>> Simulation finished - writing results ...
 00:00:01 | >>> Results written
Simulation finished.
>>> Timings
StatTimingPathPlanningAverage: 0.00012293878562577446
StatTimingPathPlanningOverall: 0.0992116
StatTimingPathPlanningCount: 807
StatTimingTaskAllocationAverage: 0.0018265701923076928
StatTimingTaskAllocationOverall: 0.3799266000000001
StatTimingTaskAllocationCount: 208
StatTimingItemStorageAverage: 9.377457404980366E-07
StatTimingItemStorageOverall: 0.0007155000000000019
StatTimingItemStorageCount: 763
StatTimingPodStorageAverage: 0.0016304373737373735
StatTimingPodStorageOverall: 0.16141329999999998
StatTimingPodStorageCount: 99
StatTimingReplenishmentBatchingAverage: 1.02E-05
StatTimingReplenishmentBatchingOverall: 2.04E-05
StatTimingReplenishmentBatchingCount: 2
StatTimingOrderBatchingAverage: 7.935371069182387E-05
StatTimingOrderBatchingOverall: 0.06308619999999998
StatTimingOrderBatchingCount: 795
>>> Overall
StatOverallBundlesPlaced: 0
StatOverallItemsOrdered: 641
StatOverallOrdersPlaced: 407
StatOverallBundlesRejected: 0
StatOverallOrdersRejected: 0
StatOverallBundlesHandled: 0
StatOverallItemsHandled: 777
StatOverallLinesHandled: 737
StatOverallOrdersHandled: 496
StatOverallCollisions: 0
StatOverallDistanceTraveled: 4900.217501742119
StatOverallDistanceEstimated: 4814
StatOverallAssignedTasks: 208
StatMaxMemoryUsed: 82,4375
StatRealTimeUsed: 1.033608
StatAverageTurnoverTime: 469.5333893543013
StatMedianTurnoverTime: 329.9266666666689
StatLowerQuartileTurnoverTime: 133.47500000000014
StatUpperQuartileTurnoverTime: 712.1793506530341
StatAverageThroughputTime: 90.90104663010942
StatMedianThroughputTime: 25.126111111111868
StatLowerQuartileThroughputTime: 16.018333333333345
StatUpperQuartileThroughputTime: 77.98555555555562

Marked tag finished after 1 tries!
.Fin. - SUCCESS
<<< Welcome to the RAWSimO CLI >>>
The time is: 06/12/2024 21:28:58
Starting RAWSimO wrapper with the following arguments:
Instance: ..\..\..\..\Material\Instances\0.Weighted30min Demand separate\Da\Weighted2.xinst
Setting: ..\..\..\..\Material\Instances\0.Weighted30min Demand separate\Da\Weighted2.xsett
ControlConfig: ..\..\..\..\Material\Instances\0.Weighted30min Demand separate\Da\Weighted2.xconf
StatisticsDir: ..\..\..\..\Material\Instances\0.Weighted30min Demand separate\Da
Seed: 2
Additionally the following tag was passed: 1, 2.539, 1.039, 0.259, 0.1, 0.25
Adding handler for unhandled exceptions ...
Initializing ... 
Instance recognized!
Parsing setting config ...
Parsing control config ...
Parsing instance ...
StatisticsFolder: Weighted2-Da_[[1, 2.539, 1.039]]_1_[0.259, 0.1, 0.25].csv-2
Done!
