Executing ... 
 09:55:31 | >>> Warming up ...
 00:00:00 | >>> Warmup finished - starting simulation ...
 Realtime |   ETA    |  Sim.Time  | Progress | #Orders | #Bundles | Inv. | Distance | #Coll. |   Memory    
 00:00:00 |   n/a    | 0.00:00:00 |  0.00%   |    0    |    0     | 60%  |    0     |   0    | 108.61MB  
 00:00:01 | Cannot generate further orders - suspending generation for now
 00:00:01 | Cannot generate further orders - suspending generation for now
 00:00:01 | Cannot generate further orders - suspending generation for now
 00:00:01 | Cannot generate further orders - suspending generation for now
 00:00:01 | Cannot generate further orders - suspending generation for now
 00:00:01 | Cannot generate further orders - suspending generation for now
 00:00:01 | Cannot generate further orders - suspending generation for now
 00:00:01 | Cannot generate further orders - suspending generation for now
 00:00:01 | 00:00:00 | 0.00:30:00 | 100.00%  |   448   |    0     | 19%  |   5025   |   0    | 104.12MB  
 00:00:01 | >>> Simulation finished - writing results ...
 00:00:01 | >>> Results written
Simulation finished.
>>> Timings
StatTimingPathPlanningAverage: 0.00017692596491228061
StatTimingPathPlanningOverall: 0.15127169999999993
StatTimingPathPlanningCount: 855
StatTimingTaskAllocationAverage: 0.0028396734883720915
StatTimingTaskAllocationOverall: 0.6105297999999997
StatTimingTaskAllocationCount: 215
StatTimingItemStorageAverage: 1.987072808320952E-06
StatTimingItemStorageOverall: 0.0013373000000000005
StatTimingItemStorageCount: 673
StatTimingPodStorageAverage: 0.0024964310679611653
StatTimingPodStorageOverall: 0.25713240000000004
StatTimingPodStorageCount: 103
StatTimingReplenishmentBatchingAverage: 8.949999999999999E-06
StatTimingReplenishmentBatchingOverall: 1.7899999999999998E-05
StatTimingReplenishmentBatchingCount: 2
StatTimingOrderBatchingAverage: 0.00018659111111111106
StatTimingOrderBatchingOverall: 0.14274219999999996
StatTimingOrderBatchingCount: 765
>>> Overall
StatOverallBundlesPlaced: 0
StatOverallItemsOrdered: 665
StatOverallOrdersPlaced: 415
StatOverallBundlesRejected: 0
StatOverallOrdersRejected: 0
StatOverallBundlesHandled: 0
StatOverallItemsHandled: 683
StatOverallLinesHandled: 645
StatOverallOrdersHandled: 448
StatOverallCollisions: 0
StatOverallDistanceTraveled: 5024.994328331726
StatOverallDistanceEstimated: 4914
StatOverallAssignedTasks: 215
StatMaxMemoryUsed: 107,890625
StatRealTimeUsed: 1.7671728
StatAverageTurnoverTime: 449.77081894820776
StatMedianTurnoverTime: 333.4070346393967
StatLowerQuartileTurnoverTime: 151.2524964035382
StatUpperQuartileTurnoverTime: 581.9522222222236
StatAverageThroughputTime: 93.09011804837412
StatMedianThroughputTime: 20.384906208587267
StatLowerQuartileThroughputTime: 12.512683986364891
StatUpperQuartileThroughputTime: 89.97176045807956

Marked tag finished after 1 tries!
.Fin. - SUCCESS
<<< Welcome to the RAWSimO CLI >>>
The time is: 06/13/2024 09:55:33
Starting RAWSimO wrapper with the following arguments:
Instance: ..\..\..\..\Material\Instances\0.Weighted30min Demand separate\Dd\Weighted2.xinst
Setting: ..\..\..\..\Material\Instances\0.Weighted30min Demand separate\Dd\Weighted2.xsett
ControlConfig: ..\..\..\..\Material\Instances\0.Weighted30min Demand separate\Dd\Weighted2.xconf
StatisticsDir: ..\..\..\..\Material\Instances\0.Weighted30min Demand separate\Dd
Seed: 1
Additionally the following tag was passed: 1, 0.198, 0.54, 0.143, 0.717, 0.5
Adding handler for unhandled exceptions ...
Initializing ... 
Instance recognized!
Parsing setting config ...
Parsing control config ...
Parsing instance ...
StatisticsFolder: Weighted2-Dd_[[1, 0.198, 0.54]]_1_[0.143, 0.717, 0.5].csv-1
Done!
