Executing ... 
 09:41:23 | >>> Warming up ...
 00:00:00 | >>> Warmup finished - starting simulation ...
 Realtime |   ETA    |  Sim.Time  | Progress | #Orders | #Bundles | Inv. | Distance | #Coll. |   Memory    
 00:00:00 |   n/a    | 0.00:00:00 |  0.00%   |    0    |    0     | 60%  |    0     |   0    |  89.96MB  
 00:00:01 | Cannot generate further orders - suspending generation for now
 00:00:01 | Cannot generate further orders - suspending generation for now
 00:00:01 | Cannot generate further orders - suspending generation for now
 00:00:01 | Cannot generate further orders - suspending generation for now
 00:00:01 | Cannot generate further orders - suspending generation for now
 00:00:01 | Cannot generate further orders - suspending generation for now
 00:00:01 | 00:00:00 | 0.00:30:00 | 100.00%  |   438   |    0     | 20%  |   5298   |   0    |  85.86MB  
 00:00:01 | >>> Simulation finished - writing results ...
 00:00:01 | >>> Results written
Simulation finished.
>>> Timings
StatTimingPathPlanningAverage: 0.0001913782707622296
StatTimingPathPlanningOverall: 0.16822149999999983
StatTimingPathPlanningCount: 879
StatTimingTaskAllocationAverage: 0.002512199065420561
StatTimingTaskAllocationOverall: 0.5376106
StatTimingTaskAllocationCount: 214
StatTimingItemStorageAverage: 1.5721617418351435E-06
StatTimingItemStorageOverall: 0.0010108999999999973
StatTimingItemStorageCount: 643
StatTimingPodStorageAverage: 0.001953350485436893
StatTimingPodStorageOverall: 0.20119509999999996
StatTimingPodStorageCount: 103
StatTimingReplenishmentBatchingAverage: 1.095E-05
StatTimingReplenishmentBatchingOverall: 2.19E-05
StatTimingReplenishmentBatchingCount: 2
StatTimingOrderBatchingAverage: 0.00014280746666666663
StatTimingOrderBatchingOverall: 0.10710559999999997
StatTimingOrderBatchingCount: 750
>>> Overall
StatOverallBundlesPlaced: 0
StatOverallItemsOrdered: 661
StatOverallOrdersPlaced: 430
StatOverallBundlesRejected: 0
StatOverallOrdersRejected: 0
StatOverallBundlesHandled: 0
StatOverallItemsHandled: 662
StatOverallLinesHandled: 625
StatOverallOrdersHandled: 438
StatOverallCollisions: 0
StatOverallDistanceTraveled: 5297.999999999988
StatOverallDistanceEstimated: 5106
StatOverallAssignedTasks: 214
StatMaxMemoryUsed: 89,95703125
StatRealTimeUsed: 1.5883513
StatAverageTurnoverTime: 486.6526782928853
StatMedianTurnoverTime: 333.72435784596723
StatLowerQuartileTurnoverTime: 141.40009379141262
StatUpperQuartileTurnoverTime: 740.42
StatAverageThroughputTime: 99.03311617301357
StatMedianThroughputTime: 19.357222222222617
StatLowerQuartileThroughputTime: 12.556760458079907
StatUpperQuartileThroughputTime: 82.33398268030179

Marked tag finished after 1 tries!
.Fin. - SUCCESS
<<< Welcome to the RAWSimO CLI >>>
The time is: 06/13/2024 09:41:24
Starting RAWSimO wrapper with the following arguments:
Instance: ..\..\..\..\Material\Instances\0.Weighted30min Demand separate\Da\Weighted2.xinst
Setting: ..\..\..\..\Material\Instances\0.Weighted30min Demand separate\Da\Weighted2.xsett
ControlConfig: ..\..\..\..\Material\Instances\0.Weighted30min Demand separate\Da\Weighted2.xconf
StatisticsDir: ..\..\..\..\Material\Instances\0.Weighted30min Demand separate\Da
Seed: 3
Additionally the following tag was passed: 1, 8.0104, 0.71, 0.224, 0.1, 0.312
Adding handler for unhandled exceptions ...
Initializing ... 
Instance recognized!
Parsing setting config ...
Parsing control config ...
Parsing instance ...
StatisticsFolder: Weighted2-Da_[[1, 8.0104, 0.71]]_1_[0.224, 0.1, 0.312].csv-3
Done!
