Executing ... 
 15:39:22 | >>> Warming up ...
 00:00:00 | >>> Warmup finished - starting simulation ...
 Realtime |   ETA    |  Sim.Time  | Progress | #Orders | #Bundles | Inv. | Distance | #Coll. |   Memory    
 00:00:00 |   n/a    | 0.00:00:00 |  0.00%   |    0    |    0     | 83%  |    0     |   0    |  75.18MB  
 00:00:00 | Reactivating bundle generation paused by inventory+reserved+backlog level (currently at: 0.6491666666666667)
 00:00:00 | 00:00:00 | 0.00:30:00 | 100.00%  |   334   |    0     | 40%  |   2447   |   0    |  73.12MB  
 00:00:00 | >>> Simulation finished - writing results ...
 00:00:00 | >>> Results written
Simulation finished.
>>> Timings
StatTimingPathPlanningAverage: 7.364613821138206E-05
StatTimingPathPlanningOverall: 0.03623389999999997
StatTimingPathPlanningCount: 492
StatTimingTaskAllocationAverage: 0.0014762875000000008
StatTimingTaskAllocationOverall: 0.1771545000000001
StatTimingTaskAllocationCount: 120
StatTimingItemStorageAverage: 1.0879446640316227E-06
StatTimingItemStorageOverall: 0.0005505000000000011
StatTimingItemStorageCount: 506
StatTimingPodStorageAverage: 0.0013917117647058823
StatTimingPodStorageOverall: 0.0709773
StatTimingPodStorageCount: 51
StatTimingReplenishmentBatchingAverage: 7.85E-06
StatTimingReplenishmentBatchingOverall: 3.14E-05
StatTimingReplenishmentBatchingCount: 4
StatTimingOrderBatchingAverage: 0.000115722129783694
StatTimingOrderBatchingOverall: 0.0695490000000001
StatTimingOrderBatchingCount: 601
>>> Overall
StatOverallBundlesPlaced: 180
StatOverallItemsOrdered: 576
StatOverallOrdersPlaced: 368
StatOverallBundlesRejected: 0
StatOverallOrdersRejected: 0
StatOverallBundlesHandled: 0
StatOverallItemsHandled: 518
StatOverallLinesHandled: 484
StatOverallOrdersHandled: 334
StatOverallCollisions: 0
StatOverallDistanceTraveled: 2447.0646970469925
StatOverallDistanceEstimated: 2400
StatOverallAssignedTasks: 120
StatMaxMemoryUsed: 76,1796875
StatRealTimeUsed: 0.7326931
StatAverageTurnoverTime: 489.14785972095865
StatMedianTurnoverTime: 367.78334052625524
StatLowerQuartileTurnoverTime: 183.03371569190836
StatUpperQuartileTurnoverTime: 689.1334343176682
StatAverageThroughputTime: 151.76806170765477
StatMedianThroughputTime: 80.65953823585687
StatLowerQuartileThroughputTime: 50.61507940556862
StatUpperQuartileThroughputTime: 204.62148627676243

Marked tag finished after 1 tries!
.Fin. - SUCCESS
<<< Welcome to the RAWSimO CLI >>>
The time is: 06/03/2024 15:39:23
Starting RAWSimO wrapper with the following arguments:
Instance: ..\..\..\..\Material\Instances\0.Weighted30min\WeightedScenario.xinst
Setting: ..\..\..\..\Material\Instances\0.Weighted30min\WeightedScenario.xsett
ControlConfig: ..\..\..\..\Material\Instances\0.Weighted30min\WeightedScenario.xconf
StatisticsDir: ..\..\..\..\Material\Instances\0.Weighted30min
Seed: 1
Additionally the following tag was passed: Ddwhigh
Adding handler for unhandled exceptions ...
Initializing ... 
Instance recognized!
Parsing setting config ...
Parsing control config ...
Parsing instance ...
StatisticsFolder: WeightedScenario-Dd_whigh_2.csv-1
Done!
