Executing ... 
 16:48:40 | >>> Warming up ...
 00:00:00 | >>> Warmup finished - starting simulation ...
 Realtime |   ETA    |  Sim.Time  | Progress | #Orders | #Bundles | Inv. | Distance | #Coll. |   Memory    
 00:00:00 |   n/a    | 0.00:00:00 |  0.00%   |    0    |    0     | 60%  |    0     |   0    | 112.77MB  
 00:00:00 | Cannot generate further orders - suspending generation for now
 00:00:00 | Cannot generate further orders - suspending generation for now
 00:00:00 | Cannot generate further orders - suspending generation for now
 00:00:00 | Cannot generate further orders - suspending generation for now
 00:00:00 | Cannot generate further orders - suspending generation for now
 00:00:00 | Cannot generate further orders - suspending generation for now
 00:00:00 | Cannot generate further orders - suspending generation for now
 00:00:00 | Cannot generate further orders - suspending generation for now
 00:00:00 | Cannot generate further orders - suspending generation for now
 00:00:00 | Cannot generate further orders - suspending generation for now
 00:00:00 | Cannot generate further orders - suspending generation for now
 00:00:01 | Cannot generate further orders - suspending generation for now
 00:00:01 | Cannot generate further orders - suspending generation for now
 00:00:01 | 00:00:00 | 0.00:30:00 | 100.00%  |   507   |    0     | 12%  |   4894   |   0    | 109.61MB  
 00:00:01 | >>> Simulation finished - writing results ...
 00:00:01 | >>> Results written
Simulation finished.
>>> Timings
StatTimingPathPlanningAverage: 0.0001042040048543689
StatTimingPathPlanningOverall: 0.08586409999999997
StatTimingPathPlanningCount: 824
StatTimingTaskAllocationAverage: 0.0020484477611940294
StatTimingTaskAllocationOverall: 0.41173799999999994
StatTimingTaskAllocationCount: 201
StatTimingItemStorageAverage: 1.087080103359171E-06
StatTimingItemStorageOverall: 0.0008413999999999984
StatTimingItemStorageCount: 774
StatTimingPodStorageAverage: 0.0017440739583333331
StatTimingPodStorageOverall: 0.16743109999999997
StatTimingPodStorageCount: 96
StatTimingReplenishmentBatchingAverage: 8.15E-06
StatTimingReplenishmentBatchingOverall: 1.63E-05
StatTimingReplenishmentBatchingCount: 2
StatTimingOrderBatchingAverage: 9.062999999999991E-05
StatTimingOrderBatchingOverall: 0.07341029999999993
StatTimingOrderBatchingCount: 810
>>> Overall
StatOverallBundlesPlaced: 0
StatOverallItemsOrdered: 650
StatOverallOrdersPlaced: 414
StatOverallBundlesRejected: 0
StatOverallOrdersRejected: 0
StatOverallBundlesHandled: 0
StatOverallItemsHandled: 797
StatOverallLinesHandled: 754
StatOverallOrdersHandled: 507
StatOverallCollisions: 0
StatOverallDistanceTraveled: 4894.111103918166
StatOverallDistanceEstimated: 4736
StatOverallAssignedTasks: 201
StatMaxMemoryUsed: 112,38671875
StatRealTimeUsed: 1.0513149
StatAverageTurnoverTime: 422.5956208149378
StatMedianTurnoverTime: 284.4313924853496
StatLowerQuartileTurnoverTime: 130.98221502930073
StatUpperQuartileTurnoverTime: 608.2785137232394
StatAverageThroughputTime: 87.06341702386686
StatMedianThroughputTime: 28.643333333333317
StatLowerQuartileThroughputTime: 16.42500719292184
StatUpperQuartileThroughputTime: 83.37362190049396

Marked tag finished after 1 tries!
.Fin. - SUCCESS
<<< Welcome to the RAWSimO CLI >>>
The time is: 06/03/2024 16:48:41
Starting RAWSimO wrapper with the following arguments:
Instance: ..\..\..\..\Material\Instances\0.Weighted30min\Weighted2.xinst
Setting: ..\..\..\..\Material\Instances\0.Weighted30min\Weighted2.xsett
ControlConfig: ..\..\..\..\Material\Instances\0.Weighted30min\Weighted2.xconf
StatisticsDir: ..\..\..\..\Material\Instances\0.Weighted30min
Seed: 2
Additionally the following tag was passed: Dfwhigh
Adding handler for unhandled exceptions ...
Initializing ... 
Instance recognized!
Parsing setting config ...
Parsing control config ...
Parsing instance ...
StatisticsFolder: Weighted2-Df_whigh_2.csv-2
Done!
