Executing ... 
 16:32:08 | >>> Warming up ...
 00:00:00 | >>> Warmup finished - starting simulation ...
 Realtime |   ETA    |  Sim.Time  | Progress | #Orders | #Bundles | Inv. | Distance | #Coll. |   Memory    
 00:00:00 |   n/a    | 0.00:00:00 |  0.00%   |    0    |    0     | 83%  |    0     |   0    |  79.04MB  
 00:00:00 | Reactivating bundle generation paused by inventory+reserved+backlog level (currently at: 0.6491666666666667)
 00:00:00 | 00:00:00 | 0.00:30:00 | 100.00%  |   340   |    0     | 40%  |   3361   |   0    |  84.49MB  
 00:00:00 | >>> Simulation finished - writing results ...
 00:00:00 | >>> Results written
Simulation finished.
>>> Timings
StatTimingPathPlanningAverage: 7.003197278911567E-05
StatTimingPathPlanningOverall: 0.041178800000000015
StatTimingPathPlanningCount: 588
StatTimingTaskAllocationAverage: 0.0012603466216216217
StatTimingTaskAllocationOverall: 0.1865313
StatTimingTaskAllocationCount: 148
StatTimingItemStorageAverage: 1.0233333333333362E-06
StatTimingItemStorageOverall: 0.0005219000000000015
StatTimingItemStorageCount: 510
StatTimingPodStorageAverage: 0.0012083906250000003
StatTimingPodStorageOverall: 0.07733700000000002
StatTimingPodStorageCount: 64
StatTimingReplenishmentBatchingAverage: 7.425E-06
StatTimingReplenishmentBatchingOverall: 2.97E-05
StatTimingReplenishmentBatchingCount: 4
StatTimingOrderBatchingAverage: 9.121693290734827E-05
StatTimingOrderBatchingOverall: 0.057101800000000015
StatTimingOrderBatchingCount: 626
>>> Overall
StatOverallBundlesPlaced: 180
StatOverallItemsOrdered: 598
StatOverallOrdersPlaced: 374
StatOverallBundlesRejected: 0
StatOverallOrdersRejected: 0
StatOverallBundlesHandled: 0
StatOverallItemsHandled: 520
StatOverallLinesHandled: 488
StatOverallOrdersHandled: 340
StatOverallCollisions: 0
StatOverallDistanceTraveled: 3360.621988325216
StatOverallDistanceEstimated: 3315
StatOverallAssignedTasks: 148
StatMaxMemoryUsed: 85,08984375
StatRealTimeUsed: 0.7272666
StatAverageTurnoverTime: 523.6216704601977
StatMedianTurnoverTime: 377.98676045807935
StatLowerQuartileTurnoverTime: 203.99231601363613
StatUpperQuartileTurnoverTime: 735.7561183040325
StatAverageThroughputTime: 146.62775176092086
StatMedianThroughputTime: 71.9723160136351
StatLowerQuartileThroughputTime: 51.20093072120653
StatUpperQuartileThroughputTime: 132.67665947374303

Marked tag finished after 1 tries!
.Fin. - SUCCESS
<<< Welcome to the RAWSimO CLI >>>
The time is: 06/03/2024 16:32:09
Starting RAWSimO wrapper with the following arguments:
Instance: ..\..\..\..\Material\Instances\0.Weighted30min\Weighted2.xinst
Setting: ..\..\..\..\Material\Instances\0.Weighted30min\WeightedScenario.xsett
ControlConfig: ..\..\..\..\Material\Instances\0.Weighted30min\WeightedScenario.xconf
StatisticsDir: ..\..\..\..\Material\Instances\0.Weighted30min
Seed: 2
Additionally the following tag was passed: Dbwhigh
Adding handler for unhandled exceptions ...
Initializing ... 
Instance recognized!
Parsing setting config ...
Parsing control config ...
Parsing instance ...
StatisticsFolder: WeightedScenario-Db_whigh_2.csv-2
Done!
