Executing ... 
 21:28:03 | >>> Warming up ...
 00:00:00 | >>> Warmup finished - starting simulation ...
 Realtime |   ETA    |  Sim.Time  | Progress | #Orders | #Bundles | Inv. | Distance | #Coll. |   Memory    
 00:00:00 |   n/a    | 0.00:00:00 |  0.00%   |    0    |    0     | 60%  |    0     |   0    |  77.29MB  
 00:00:00 | Cannot generate further orders - suspending generation for now
 00:00:00 | Cannot generate further orders - suspending generation for now
 00:00:00 | Cannot generate further orders - suspending generation for now
 00:00:01 | Cannot generate further orders - suspending generation for now
 00:00:01 | Cannot generate further orders - suspending generation for now
 00:00:01 | Cannot generate further orders - suspending generation for now
 00:00:01 | Cannot generate further orders - suspending generation for now
 00:00:01 | Cannot generate further orders - suspending generation for now
 00:00:01 | Cannot generate further orders - suspending generation for now
 00:00:01 | 00:00:00 | 0.00:30:00 | 100.00%  |   451   |    0     | 17%  |   5251   |   0    |  73.86MB  
 00:00:01 | >>> Simulation finished - writing results ...
 00:00:01 | >>> Results written
Simulation finished.
>>> Timings
StatTimingPathPlanningAverage: 0.00011931990407673879
StatTimingPathPlanningOverall: 0.09951280000000015
StatTimingPathPlanningCount: 834
StatTimingTaskAllocationAverage: 0.0019549453703703707
StatTimingTaskAllocationOverall: 0.4222682000000001
StatTimingTaskAllocationCount: 216
StatTimingItemStorageAverage: 1.1267831149927219E-06
StatTimingItemStorageOverall: 0.0007740999999999999
StatTimingItemStorageCount: 687
StatTimingPodStorageAverage: 0.0016676135922330108
StatTimingPodStorageOverall: 0.17176420000000012
StatTimingPodStorageCount: 103
StatTimingReplenishmentBatchingAverage: 8.8E-06
StatTimingReplenishmentBatchingOverall: 1.76E-05
StatTimingReplenishmentBatchingCount: 2
StatTimingOrderBatchingAverage: 0.00010378827683615818
StatTimingOrderBatchingOverall: 0.0734821
StatTimingOrderBatchingCount: 708
>>> Overall
StatOverallBundlesPlaced: 0
StatOverallItemsOrdered: 644
StatOverallOrdersPlaced: 399
StatOverallBundlesRejected: 0
StatOverallOrdersRejected: 0
StatOverallBundlesHandled: 0
StatOverallItemsHandled: 712
StatOverallLinesHandled: 660
StatOverallOrdersHandled: 451
StatOverallCollisions: 0
StatOverallDistanceTraveled: 5251.184396821948
StatOverallDistanceEstimated: 5146
StatOverallAssignedTasks: 216
StatMaxMemoryUsed: 77,28515625
StatRealTimeUsed: 1.1646008
StatAverageTurnoverTime: 476.32718088224607
StatMedianTurnoverTime: 297.36287156919093
StatLowerQuartileTurnoverTime: 112.42777777777803
StatUpperQuartileTurnoverTime: 757.8205555555554
StatAverageThroughputTime: 94.56756310308856
StatMedianThroughputTime: 25.604444444444425
StatLowerQuartileThroughputTime: 14.970000000000027
StatUpperQuartileThroughputTime: 77.57611111111112

Marked tag finished after 1 tries!
.Fin. - SUCCESS
<<< Welcome to the RAWSimO CLI >>>
The time is: 06/12/2024 21:28:04
Starting RAWSimO wrapper with the following arguments:
Instance: ..\..\..\..\Material\Instances\0.Weighted30min Demand separate\Da\Weighted2.xinst
Setting: ..\..\..\..\Material\Instances\0.Weighted30min Demand separate\Da\Weighted2.xsett
ControlConfig: ..\..\..\..\Material\Instances\0.Weighted30min Demand separate\Da\Weighted2.xconf
StatisticsDir: ..\..\..\..\Material\Instances\0.Weighted30min Demand separate\Da
Seed: 1
Additionally the following tag was passed: 1, 10.0, 1.039, 0.259, 0.1, 0.25
Adding handler for unhandled exceptions ...
Initializing ... 
Instance recognized!
Parsing setting config ...
Parsing control config ...
Parsing instance ...
StatisticsFolder: Weighted2-Da_[[1, 10.0, 1.039]]_2_[0.259, 0.1, 0.25].csv-1
Done!
