Executing ... 
 10:00:05 | >>> Warming up ...
 00:00:00 | >>> Warmup finished - starting simulation ...
 Realtime |   ETA    |  Sim.Time  | Progress | #Orders | #Bundles | Inv. | Distance | #Coll. |   Memory    
 00:00:00 |   n/a    | 0.00:00:00 |  0.00%   |    0    |    0     | 60%  |    0     |   0    | 108.93MB  
 00:00:00 | Cannot generate further orders - suspending generation for now
 00:00:00 | Cannot generate further orders - suspending generation for now
 00:00:00 | Cannot generate further orders - suspending generation for now
 00:00:00 | Cannot generate further orders - suspending generation for now
 00:00:00 | Cannot generate further orders - suspending generation for now
 00:00:00 | Cannot generate further orders - suspending generation for now
 00:00:00 | Cannot generate further orders - suspending generation for now
 00:00:00 | Cannot generate further orders - suspending generation for now
 00:00:00 | Cannot generate further orders - suspending generation for now
 00:00:00 | Cannot generate further orders - suspending generation for now
 00:00:00 | Cannot generate further orders - suspending generation for now
 00:00:00 | Cannot generate further orders - suspending generation for now
 00:00:01 | Cannot generate further orders - suspending generation for now
 00:00:01 | Pausing order generation due to inventory level (currently at: 0.09107142857142857)
 00:00:01 | 00:00:00 | 0.00:30:00 | 100.00%  |   544   |    0     |  8%  |   4520   |   0    | 105.34MB  
 00:00:01 | >>> Simulation finished - writing results ...
 00:00:01 | >>> Results written
Simulation finished.
>>> Timings
StatTimingPathPlanningAverage: 9.056891191709841E-05
StatTimingPathPlanningOverall: 0.06991919999999997
StatTimingPathPlanningCount: 772
StatTimingTaskAllocationAverage: 0.002160893121693123
StatTimingTaskAllocationOverall: 0.40840880000000024
StatTimingTaskAllocationCount: 189
StatTimingItemStorageAverage: 9.57142857142859E-07
StatTimingItemStorageOverall: 0.0008040000000000014
StatTimingItemStorageCount: 840
StatTimingPodStorageAverage: 0.001845287777777778
StatTimingPodStorageOverall: 0.16607590000000003
StatTimingPodStorageCount: 90
StatTimingReplenishmentBatchingAverage: 8.2E-06
StatTimingReplenishmentBatchingOverall: 1.64E-05
StatTimingReplenishmentBatchingCount: 2
StatTimingOrderBatchingAverage: 9.036858513189449E-05
StatTimingOrderBatchingOverall: 0.0753674
StatTimingOrderBatchingCount: 834
>>> Overall
StatOverallBundlesPlaced: 0
StatOverallItemsOrdered: 667
StatOverallOrdersPlaced: 424
StatOverallBundlesRejected: 0
StatOverallOrdersRejected: 0
StatOverallBundlesHandled: 0
StatOverallItemsHandled: 861
StatOverallLinesHandled: 818
StatOverallOrdersHandled: 544
StatOverallCollisions: 0
StatOverallDistanceTraveled: 4520.3699999999935
StatOverallDistanceEstimated: 4436
StatOverallAssignedTasks: 189
StatMaxMemoryUsed: 108,92578125
StatRealTimeUsed: 1.0535031
StatAverageTurnoverTime: 451.4030438735782
StatMedianTurnoverTime: 323.9392712474677
StatLowerQuartileTurnoverTime: 146.82685424949253
StatUpperQuartileTurnoverTime: 623.5621356237356
StatAverageThroughputTime: 82.99308205339118
StatMedianThroughputTime: 32.99120490252386
StatLowerQuartileThroughputTime: 17.03888888888889
StatUpperQuartileThroughputTime: 85.96833333333319

Marked tag finished after 1 tries!
.Fin. - SUCCESS
<<< Welcome to the RAWSimO CLI >>>
The time is: 06/13/2024 10:00:06
Starting RAWSimO wrapper with the following arguments:
Instance: ..\..\..\..\Material\Instances\0.Weighted30min Demand separate\De\Weighted2.xinst
Setting: ..\..\..\..\Material\Instances\0.Weighted30min Demand separate\De\Weighted2.xsett
ControlConfig: ..\..\..\..\Material\Instances\0.Weighted30min Demand separate\De\Weighted2.xconf
StatisticsDir: ..\..\..\..\Material\Instances\0.Weighted30min Demand separate\De
Seed: 2
Additionally the following tag was passed: 1, 0.529, 0.058, 0.164, 0.317, 1.0
Adding handler for unhandled exceptions ...
Initializing ... 
Instance recognized!
Parsing setting config ...
Parsing control config ...
Parsing instance ...
StatisticsFolder: Weighted2-De_[[1, 0.529, 0.058]]_3_[0.164, 0.317, 1.0].csv-2
Done!
