Executing ... 
 15:39:18 | >>> Warming up ...
 00:00:00 | >>> Warmup finished - starting simulation ...
 Realtime |   ETA    |  Sim.Time  | Progress | #Orders | #Bundles | Inv. | Distance | #Coll. |   Memory    
 00:00:00 |   n/a    | 0.00:00:00 |  0.00%   |    0    |    0     | 83%  |    0     |   0    |  74.81MB  
 00:00:00 | Reactivating bundle generation paused by inventory+reserved+backlog level (currently at: 0.6491666666666667)
 00:00:00 | Cannot generate further orders - suspending generation for now
 00:00:00 | 00:00:00 | 0.00:30:00 | 100.00%  |   354   |    0     | 40%  |   2887   |   0    |  72.34MB  
 00:00:00 | >>> Simulation finished - writing results ...
 00:00:00 | >>> Results written
Simulation finished.
>>> Timings
StatTimingPathPlanningAverage: 6.621964912280695E-05
StatTimingPathPlanningOverall: 0.03774519999999996
StatTimingPathPlanningCount: 570
StatTimingTaskAllocationAverage: 0.0012529774647887313
StatTimingTaskAllocationOverall: 0.17792279999999985
StatTimingTaskAllocationCount: 142
StatTimingItemStorageAverage: 9.444664031620613E-07
StatTimingItemStorageOverall: 0.00047790000000000305
StatTimingItemStorageCount: 506
StatTimingPodStorageAverage: 0.0011249015873015873
StatTimingPodStorageOverall: 0.0708688
StatTimingPodStorageCount: 63
StatTimingReplenishmentBatchingAverage: 7.4750000000000004E-06
StatTimingReplenishmentBatchingOverall: 2.9900000000000002E-05
StatTimingReplenishmentBatchingCount: 4
StatTimingOrderBatchingAverage: 8.413231240428786E-05
StatTimingOrderBatchingOverall: 0.05493839999999998
StatTimingOrderBatchingCount: 653
>>> Overall
StatOverallBundlesPlaced: 180
StatOverallItemsOrdered: 596
StatOverallOrdersPlaced: 383
StatOverallBundlesRejected: 0
StatOverallOrdersRejected: 0
StatOverallBundlesHandled: 0
StatOverallItemsHandled: 521
StatOverallLinesHandled: 485
StatOverallOrdersHandled: 354
StatOverallCollisions: 0
StatOverallDistanceTraveled: 2886.7846931607705
StatOverallDistanceEstimated: 2819
StatOverallAssignedTasks: 142
StatMaxMemoryUsed: 74,80859375
StatRealTimeUsed: 0.702841
StatAverageTurnoverTime: 489.1500080216952
StatMedianTurnoverTime: 364.54148627676256
StatLowerQuartileTurnoverTime: 133.55509379141284
StatUpperQuartileTurnoverTime: 700.1190836646368
StatAverageThroughputTime: 133.84555098808974
StatMedianThroughputTime: 61.9083333333333
StatLowerQuartileThroughputTime: 40.39129150101519
StatUpperQuartileThroughputTime: 142.20444444444445

Marked tag finished after 1 tries!
.Fin. - SUCCESS
<<< Welcome to the RAWSimO CLI >>>
The time is: 06/03/2024 15:39:18
Starting RAWSimO wrapper with the following arguments:
Instance: ..\..\..\..\Material\Instances\0.Weighted30min\WeightedScenario.xinst
Setting: ..\..\..\..\Material\Instances\0.Weighted30min\WeightedScenario.xsett
ControlConfig: ..\..\..\..\Material\Instances\0.Weighted30min\WeightedScenario.xconf
StatisticsDir: ..\..\..\..\Material\Instances\0.Weighted30min
Seed: 1
Additionally the following tag was passed: Dcwlow
Adding handler for unhandled exceptions ...
Initializing ... 
Instance recognized!
Parsing setting config ...
Parsing control config ...
Parsing instance ...
StatisticsFolder: WeightedScenario-Dc_wlow_2.csv-1
Done!
