Executing ... 
 16:18:28 | >>> Warming up ...
 00:00:00 | >>> Warmup finished - starting simulation ...
 Realtime |   ETA    |  Sim.Time  | Progress | #Orders | #Bundles | Inv. | Distance | #Coll. |   Memory    
 00:00:00 |   n/a    | 0.00:00:00 |  0.00%   |    0    |    0     | 60%  |    0     |   0    |  81.46MB  
 00:00:00 | Cannot generate further orders - suspending generation for now
 00:00:00 | Cannot generate further orders - suspending generation for now
 00:00:00 | Cannot generate further orders - suspending generation for now
 00:00:00 | Cannot generate further orders - suspending generation for now
 00:00:00 | Cannot generate further orders - suspending generation for now
 00:00:00 | Cannot generate further orders - suspending generation for now
 00:00:01 | Cannot generate further orders - suspending generation for now
 00:00:01 | Cannot generate further orders - suspending generation for now
 00:00:01 | Cannot generate further orders - suspending generation for now
 00:00:01 | Cannot generate further orders - suspending generation for now
 00:00:01 | Cannot generate further orders - suspending generation for now
 00:00:01 | 00:00:00 | 0.00:30:00 | 100.00%  |   496   |    0     | 14%  |   5009   |   0    |  84.20MB  
 00:00:01 | >>> Simulation finished - writing results ...
 00:00:01 | >>> Results written
Simulation finished.
>>> Timings
StatTimingPathPlanningAverage: 9.653178973717148E-05
StatTimingPathPlanningOverall: 0.07712890000000001
StatTimingPathPlanningCount: 799
StatTimingTaskAllocationAverage: 0.0019087387559808596
StatTimingTaskAllocationOverall: 0.3989263999999997
StatTimingTaskAllocationCount: 209
StatTimingItemStorageAverage: 1.36091644204851E-06
StatTimingItemStorageOverall: 0.0010097999999999945
StatTimingItemStorageCount: 742
StatTimingPodStorageAverage: 0.0018265610000000013
StatTimingPodStorageOverall: 0.18265610000000013
StatTimingPodStorageCount: 100
StatTimingReplenishmentBatchingAverage: 9.299999999999999E-06
StatTimingReplenishmentBatchingOverall: 1.8599999999999998E-05
StatTimingReplenishmentBatchingCount: 2
StatTimingOrderBatchingAverage: 0.00013794529702970307
StatTimingOrderBatchingOverall: 0.11145980000000008
StatTimingOrderBatchingCount: 808
>>> Overall
StatOverallBundlesPlaced: 0
StatOverallItemsOrdered: 651
StatOverallOrdersPlaced: 413
StatOverallBundlesRejected: 0
StatOverallOrdersRejected: 0
StatOverallBundlesHandled: 0
StatOverallItemsHandled: 763
StatOverallLinesHandled: 722
StatOverallOrdersHandled: 496
StatOverallCollisions: 0
StatOverallDistanceTraveled: 5009.25884490269
StatOverallDistanceEstimated: 4886
StatOverallAssignedTasks: 209
StatMaxMemoryUsed: 85,23828125
StatRealTimeUsed: 1.1088316
StatAverageTurnoverTime: 448.14275031598345
StatMedianTurnoverTime: 335.42694084798313
StatLowerQuartileTurnoverTime: 151.61231601363528
StatUpperQuartileTurnoverTime: 603.0122222222222
StatAverageThroughputTime: 95.55953771550494
StatMedianThroughputTime: 25.282777777777824
StatLowerQuartileThroughputTime: 16.7233333333333
StatUpperQuartileThroughputTime: 88.82398268030167

Marked tag finished after 1 tries!
.Fin. - SUCCESS
<<< Welcome to the RAWSimO CLI >>>
The time is: 06/21/2024 16:18:29
Starting RAWSimO wrapper with the following arguments:
Instance: ..\..\..\..\Material\Instances\01.Weighted30min Demand Gall\Dp\Weighted2.xinst
Setting: ..\..\..\..\Material\Instances\01.Weighted30min Demand Gall\Dp\Weighted2.xsett
ControlConfig: ..\..\..\..\Material\Instances\01.Weighted30min Demand Gall\Dp\Weighted2.xconf
StatisticsDir: ..\..\..\..\Material\Instances\01.Weighted30min Demand Gall\Dp
Seed: 2
Additionally the following tag was passed: 1, 0.15142857142857144, 1.0, 0.106, 0.7, 1.0
Adding handler for unhandled exceptions ...
Initializing ... 
Instance recognized!
Parsing setting config ...
Parsing control config ...
Parsing instance ...
StatisticsFolder: Weighted2-Dp_[[1, 0.15142857142857144, 1.0]]_1_[0.106, 0.7, 1.0].csv-2
Done!
