Executing ... 
 09:38:49 | >>> Warming up ...
 00:00:00 | >>> Warmup finished - starting simulation ...
 Realtime |   ETA    |  Sim.Time  | Progress | #Orders | #Bundles | Inv. | Distance | #Coll. |   Memory    
 00:00:00 |   n/a    | 0.00:00:00 |  0.00%   |    0    |    0     | 60%  |    0     |   0    |  81.96MB  
 00:00:00 | Cannot generate further orders - suspending generation for now
 00:00:00 | Cannot generate further orders - suspending generation for now
 00:00:01 | Cannot generate further orders - suspending generation for now
 00:00:01 | Cannot generate further orders - suspending generation for now
 00:00:01 | Cannot generate further orders - suspending generation for now
 00:00:01 | 00:00:00 | 0.00:30:00 | 100.00%  |   445   |    0     | 20%  |   5264   |   0    |  82.72MB  
 00:00:01 | >>> Simulation finished - writing results ...
 00:00:01 | >>> Results written
Simulation finished.
>>> Timings
StatTimingPathPlanningAverage: 9.957535545023695E-05
StatTimingPathPlanningOverall: 0.08404159999999998
StatTimingPathPlanningCount: 844
StatTimingTaskAllocationAverage: 0.0018101319444444443
StatTimingTaskAllocationOverall: 0.39098849999999996
StatTimingTaskAllocationCount: 216
StatTimingItemStorageAverage: 9.630200308166435E-07
StatTimingItemStorageOverall: 0.0006250000000000016
StatTimingItemStorageCount: 649
StatTimingPodStorageAverage: 0.0014924165048543672
StatTimingPodStorageOverall: 0.15371889999999983
StatTimingPodStorageCount: 103
StatTimingReplenishmentBatchingAverage: 8.1E-06
StatTimingReplenishmentBatchingOverall: 1.62E-05
StatTimingReplenishmentBatchingCount: 2
StatTimingOrderBatchingAverage: 9.498681462140992E-05
StatTimingOrderBatchingOverall: 0.0727599
StatTimingOrderBatchingCount: 766
>>> Overall
StatOverallBundlesPlaced: 0
StatOverallItemsOrdered: 667
StatOverallOrdersPlaced: 429
StatOverallBundlesRejected: 0
StatOverallOrdersRejected: 0
StatOverallBundlesHandled: 0
StatOverallItemsHandled: 667
StatOverallLinesHandled: 631
StatOverallOrdersHandled: 445
StatOverallCollisions: 0
StatOverallDistanceTraveled: 5264.126077167386
StatOverallDistanceEstimated: 5121
StatOverallAssignedTasks: 216
StatMaxMemoryUsed: 82,890625
StatRealTimeUsed: 1.0925477
StatAverageTurnoverTime: 492.9659161574063
StatMedianTurnoverTime: 333.34194804090566
StatLowerQuartileTurnoverTime: 120.42
StatUpperQuartileTurnoverTime: 734.3944444444443
StatAverageThroughputTime: 104.18265254398932
StatMedianThroughputTime: 20.114256861618458
StatLowerQuartileThroughputTime: 12.520461764142965
StatUpperQuartileThroughputTime: 80.56611111111079

Marked tag finished after 1 tries!
.Fin. - SUCCESS
<<< Welcome to the RAWSimO CLI >>>
The time is: 06/13/2024 09:38:51
Starting RAWSimO wrapper with the following arguments:
Instance: ..\..\..\..\Material\Instances\0.Weighted30min Demand separate\Da\Weighted2.xinst
Setting: ..\..\..\..\Material\Instances\0.Weighted30min Demand separate\Da\Weighted2.xsett
ControlConfig: ..\..\..\..\Material\Instances\0.Weighted30min Demand separate\Da\Weighted2.xconf
StatisticsDir: ..\..\..\..\Material\Instances\0.Weighted30min Demand separate\Da
Seed: 3
Additionally the following tag was passed: 1, 2.0416, 0.71, 0.222, 0.11, 0.312
Adding handler for unhandled exceptions ...
Initializing ... 
Instance recognized!
Parsing setting config ...
Parsing control config ...
Parsing instance ...
StatisticsFolder: Weighted2-Da_[[1, 2.0416, 0.71]]_1_[0.222, 0.11, 0.312].csv-3
Done!
