Executing ... 
 09:48:58 | >>> Warming up ...
 00:00:00 | >>> Warmup finished - starting simulation ...
 Realtime |   ETA    |  Sim.Time  | Progress | #Orders | #Bundles | Inv. | Distance | #Coll. |   Memory    
 00:00:00 |   n/a    | 0.00:00:00 |  0.00%   |    0    |    0     | 60%  |    0     |   0    |  91.73MB  
 00:00:01 | Cannot generate further orders - suspending generation for now
 00:00:01 | Cannot generate further orders - suspending generation for now
 00:00:01 | Cannot generate further orders - suspending generation for now
 00:00:01 | Cannot generate further orders - suspending generation for now
 00:00:01 | Cannot generate further orders - suspending generation for now
 00:00:01 | Cannot generate further orders - suspending generation for now
 00:00:01 | Cannot generate further orders - suspending generation for now
 00:00:01 | Cannot generate further orders - suspending generation for now
 00:00:01 | Cannot generate further orders - suspending generation for now
 00:00:01 | Cannot generate further orders - suspending generation for now
 00:00:01 | Cannot generate further orders - suspending generation for now
 00:00:01 | Cannot generate further orders - suspending generation for now
 00:00:01 | 00:00:00 | 0.00:30:00 | 100.00%  |   521   |    0     | 12%  |   4965   |   0    |  93.26MB  
 00:00:01 | >>> Simulation finished - writing results ...
 00:00:01 | >>> Results written
Simulation finished.
>>> Timings
StatTimingPathPlanningAverage: 0.00011682025
StatTimingPathPlanningOverall: 0.0934562
StatTimingPathPlanningCount: 800
StatTimingTaskAllocationAverage: 0.0025334904522613046
StatTimingTaskAllocationOverall: 0.5041645999999996
StatTimingTaskAllocationCount: 199
StatTimingItemStorageAverage: 1.6974293059125922E-06
StatTimingItemStorageOverall: 0.0013205999999999966
StatTimingItemStorageCount: 778
StatTimingPodStorageAverage: 0.0021815659574468075
StatTimingPodStorageOverall: 0.2050671999999999
StatTimingPodStorageCount: 94
StatTimingReplenishmentBatchingAverage: 1.075E-05
StatTimingReplenishmentBatchingOverall: 2.15E-05
StatTimingReplenishmentBatchingCount: 2
StatTimingOrderBatchingAverage: 0.00015012748466257663
StatTimingOrderBatchingOverall: 0.12235389999999995
StatTimingOrderBatchingCount: 815
>>> Overall
StatOverallBundlesPlaced: 0
StatOverallItemsOrdered: 630
StatOverallOrdersPlaced: 410
StatOverallBundlesRejected: 0
StatOverallOrdersRejected: 0
StatOverallBundlesHandled: 0
StatOverallItemsHandled: 806
StatOverallLinesHandled: 765
StatOverallOrdersHandled: 521
StatOverallCollisions: 0
StatOverallDistanceTraveled: 4964.560475095809
StatOverallDistanceEstimated: 4812
StatOverallAssignedTasks: 199
StatMaxMemoryUsed: 94,65625
StatRealTimeUsed: 1.3122299
StatAverageTurnoverTime: 472.00156532671446
StatMedianTurnoverTime: 281.07879509747636
StatLowerQuartileTurnoverTime: 109.33722222222286
StatUpperQuartileTurnoverTime: 716.3938022904006
StatAverageThroughputTime: 90.49149180146814
StatMedianThroughputTime: 27.9733333333333
StatLowerQuartileThroughputTime: 16.43833333333336
StatUpperQuartileThroughputTime: 71.26722222222281

Marked tag finished after 1 tries!
.Fin. - SUCCESS
<<< Welcome to the RAWSimO CLI >>>
The time is: 06/13/2024 09:48:59
Starting RAWSimO wrapper with the following arguments:
Instance: ..\..\..\..\Material\Instances\0.Weighted30min Demand separate\Dc\Weighted2.xinst
Setting: ..\..\..\..\Material\Instances\0.Weighted30min Demand separate\Dc\Weighted2.xsett
ControlConfig: ..\..\..\..\Material\Instances\0.Weighted30min Demand separate\Dc\Weighted2.xconf
StatisticsDir: ..\..\..\..\Material\Instances\0.Weighted30min Demand separate\Dc
Seed: 3
Additionally the following tag was passed: 1, 1, 1, 0.21, 0.214, 0.333
Adding handler for unhandled exceptions ...
Initializing ... 
Instance recognized!
Parsing setting config ...
Parsing control config ...
Parsing instance ...
StatisticsFolder: Weighted2-Dc_[[1, 1, 1]]_2_[0.21, 0.214, 0.333].csv-3
Done!
