Executing ... 
 13:46:40 | >>> Warming up ...
 00:00:00 | >>> Warmup finished - starting simulation ...
 Realtime |   ETA    |  Sim.Time  | Progress | #Orders | #Bundles | Inv. | Distance | #Coll. |   Memory    
 00:00:00 |   n/a    | 0.00:00:00 |  0.00%   |    0    |    0     | 60%  |    0     |   0    |  87.46MB  
 00:00:00 | Cannot generate further orders - suspending generation for now
 00:00:00 | Cannot generate further orders - suspending generation for now
 00:00:00 | Cannot generate further orders - suspending generation for now
 00:00:00 | Cannot generate further orders - suspending generation for now
 00:00:00 | Cannot generate further orders - suspending generation for now
 00:00:00 | Cannot generate further orders - suspending generation for now
 00:00:00 | Cannot generate further orders - suspending generation for now
 00:00:01 | Cannot generate further orders - suspending generation for now
 00:00:01 | Cannot generate further orders - suspending generation for now
 00:00:01 | Cannot generate further orders - suspending generation for now
 00:00:01 | Cannot generate further orders - suspending generation for now
 00:00:01 | Cannot generate further orders - suspending generation for now
 00:00:01 | Cannot generate further orders - suspending generation for now
 00:00:01 | Cannot generate further orders - suspending generation for now
 00:00:01 | Cannot generate further orders - suspending generation for now
 00:00:01 | Pausing order generation due to inventory level (currently at: 0.0994047619047619)
 00:00:01 | 00:00:00 | 0.00:30:00 | 100.00%  |   532   |    0     | 10%  |   4707   |   0    |  86.09MB  
 00:00:01 | >>> Simulation finished - writing results ...
 00:00:01 | >>> Results written
Simulation finished.
>>> Timings
StatTimingPathPlanningAverage: 0.00010907083870967734
StatTimingPathPlanningOverall: 0.08452989999999994
StatTimingPathPlanningCount: 775
StatTimingTaskAllocationAverage: 0.0023996234375
StatTimingTaskAllocationOverall: 0.46072769999999996
StatTimingTaskAllocationCount: 192
StatTimingItemStorageAverage: 1.0725587144623011E-06
StatTimingItemStorageOverall: 0.0008677000000000015
StatTimingItemStorageCount: 809
StatTimingPodStorageAverage: 0.001977795652173913
StatTimingPodStorageOverall: 0.18195719999999999
StatTimingPodStorageCount: 92
StatTimingReplenishmentBatchingAverage: 1.045E-05
StatTimingReplenishmentBatchingOverall: 2.09E-05
StatTimingReplenishmentBatchingCount: 2
StatTimingOrderBatchingAverage: 0.00011606390605686033
StatTimingOrderBatchingOverall: 0.09389570000000001
StatTimingOrderBatchingCount: 809
>>> Overall
StatOverallBundlesPlaced: 0
StatOverallItemsOrdered: 609
StatOverallOrdersPlaced: 396
StatOverallBundlesRejected: 0
StatOverallOrdersRejected: 0
StatOverallBundlesHandled: 0
StatOverallItemsHandled: 835
StatOverallLinesHandled: 795
StatOverallOrdersHandled: 532
StatOverallCollisions: 0
StatOverallDistanceTraveled: 4707.068822989284
StatOverallDistanceEstimated: 4634
StatOverallAssignedTasks: 192
StatMaxMemoryUsed: 86,69921875
StatRealTimeUsed: 1.2208925
StatAverageTurnoverTime: 444.04078120931524
StatMedianTurnoverTime: 290.892965360605
StatLowerQuartileTurnoverTime: 125.46325392776441
StatUpperQuartileTurnoverTime: 600.684733011605
StatAverageThroughputTime: 94.21331041224816
StatMedianThroughputTime: 39.60629869393699
StatLowerQuartileThroughputTime: 24.50888888888892
StatUpperQuartileThroughputTime: 97.84463202727022

Marked tag finished after 1 tries!
.Fin. - SUCCESS
<<< Welcome to the RAWSimO CLI >>>
The time is: 06/07/2024 13:46:41
Starting RAWSimO wrapper with the following arguments:
Instance: ..\..\..\..\Material\Instances\0.Weighted30min Demand separate\De\Weighted2.xinst
Setting: ..\..\..\..\Material\Instances\0.Weighted30min Demand separate\De\Weighted2.xsett
ControlConfig: ..\..\..\..\Material\Instances\0.Weighted30min Demand separate\De\Weighted2.xconf
StatisticsDir: ..\..\..\..\Material\Instances\0.Weighted30min Demand separate\De
Seed: 1
Additionally the following tag was passed: [[1, 1, 0.058]]
Adding handler for unhandled exceptions ...
Initializing ... 
Instance recognized!
Parsing setting config ...
Parsing control config ...
Parsing instance ...
StatisticsFolder: Weighted2-De_[[1, 1, 0.058]]_1.csv-1
Done!
