Executing ... 
 09:42:49 | >>> Warming up ...
 00:00:00 | >>> Warmup finished - starting simulation ...
 Realtime |   ETA    |  Sim.Time  | Progress | #Orders | #Bundles | Inv. | Distance | #Coll. |   Memory    
 00:00:00 |   n/a    | 0.00:00:00 |  0.00%   |    0    |    0     | 60%  |    0     |   0    |  95.96MB  
 00:00:01 | Cannot generate further orders - suspending generation for now
 00:00:01 | Cannot generate further orders - suspending generation for now
 00:00:01 | Cannot generate further orders - suspending generation for now
 00:00:01 | Cannot generate further orders - suspending generation for now
 00:00:01 | Cannot generate further orders - suspending generation for now
 00:00:01 | Cannot generate further orders - suspending generation for now
 00:00:01 | Cannot generate further orders - suspending generation for now
 00:00:01 | 00:00:00 | 0.00:30:00 | 100.00%  |   457   |    0     | 18%  |   5265   |   0    |  92.41MB  
 00:00:01 | >>> Simulation finished - writing results ...
 00:00:01 | >>> Results written
Simulation finished.
>>> Timings
StatTimingPathPlanningAverage: 0.00011931766743648948
StatTimingPathPlanningOverall: 0.1033290999999999
StatTimingPathPlanningCount: 866
StatTimingTaskAllocationAverage: 0.0020700821100917443
StatTimingTaskAllocationOverall: 0.45127790000000023
StatTimingTaskAllocationCount: 218
StatTimingItemStorageAverage: 1.2587797619047643E-06
StatTimingItemStorageOverall: 0.0008459000000000016
StatTimingItemStorageCount: 672
StatTimingPodStorageAverage: 0.0017237807692307694
StatTimingPodStorageOverall: 0.17927320000000002
StatTimingPodStorageCount: 104
StatTimingReplenishmentBatchingAverage: 1.55E-05
StatTimingReplenishmentBatchingOverall: 3.1E-05
StatTimingReplenishmentBatchingCount: 2
StatTimingOrderBatchingAverage: 0.00010436428571428573
StatTimingOrderBatchingOverall: 0.08036050000000002
StatTimingOrderBatchingCount: 770
>>> Overall
StatOverallBundlesPlaced: 0
StatOverallItemsOrdered: 661
StatOverallOrdersPlaced: 425
StatOverallBundlesRejected: 0
StatOverallOrdersRejected: 0
StatOverallBundlesHandled: 0
StatOverallItemsHandled: 696
StatOverallLinesHandled: 659
StatOverallOrdersHandled: 457
StatOverallCollisions: 0
StatOverallDistanceTraveled: 5264.5244711522055
StatOverallDistanceEstimated: 5101
StatOverallAssignedTasks: 218
StatMaxMemoryUsed: 96,45703125
StatRealTimeUsed: 1.2154806
StatAverageTurnoverTime: 472.1853262390867
StatMedianTurnoverTime: 344.783896081816
StatLowerQuartileTurnoverTime: 150.96055555555566
StatUpperQuartileTurnoverTime: 674.7779653606038
StatAverageThroughputTime: 95.0142569050504
StatMedianThroughputTime: 21.877222222222372
StatLowerQuartileThroughputTime: 12.880555555555588
StatUpperQuartileThroughputTime: 78.16564934696854

Marked tag finished after 1 tries!
.Fin. - SUCCESS
<<< Welcome to the RAWSimO CLI >>>
The time is: 06/13/2024 09:42:51
Starting RAWSimO wrapper with the following arguments:
Instance: ..\..\..\..\Material\Instances\0.Weighted30min Demand separate\Db\Weighted2.xinst
Setting: ..\..\..\..\Material\Instances\0.Weighted30min Demand separate\Db\Weighted2.xsett
ControlConfig: ..\..\..\..\Material\Instances\0.Weighted30min Demand separate\Db\Weighted2.xconf
StatisticsDir: ..\..\..\..\Material\Instances\0.Weighted30min Demand separate\Db
Seed: 3
Additionally the following tag was passed: 1, 0.059, 0.794, 0.126, 0.37, 0.667
Adding handler for unhandled exceptions ...
Initializing ... 
Instance recognized!
Parsing setting config ...
Parsing control config ...
Parsing instance ...
StatisticsFolder: Weighted2-Db_[[1, 0.059, 0.794]]_3_[0.126, 0.37, 0.667].csv-3
Done!
