Executing ... 
 16:21:19 | >>> Warming up ...
 00:00:00 | >>> Warmup finished - starting simulation ...
 Realtime |   ETA    |  Sim.Time  | Progress | #Orders | #Bundles | Inv. | Distance | #Coll. |   Memory    
 00:00:00 |   n/a    | 0.00:00:00 |  0.00%   |    0    |    0     | 83%  |    0     |   0    | 100.00MB  
 00:00:00 | Reactivating bundle generation paused by inventory+reserved+backlog level (currently at: 0.6491666666666667)
 00:00:00 | Cannot generate further orders - suspending generation for now
 00:00:00 | Cannot generate further orders - suspending generation for now
 00:00:00 | Cannot generate further orders - suspending generation for now
 00:00:00 | 00:00:00 | 0.00:30:00 | 100.00%  |   407   |    0     | 33%  |   5638   |   0    |  96.89MB  
 00:00:00 | >>> Simulation finished - writing results ...
 00:00:00 | >>> Results written
Simulation finished.
>>> Timings
StatTimingPathPlanningAverage: 8.042360801781741E-05
StatTimingPathPlanningOverall: 0.07222040000000003
StatTimingPathPlanningCount: 898
StatTimingTaskAllocationAverage: 0.0010053375000000008
StatTimingTaskAllocationOverall: 0.23323830000000018
StatTimingTaskAllocationCount: 232
StatTimingItemStorageAverage: 1.0555555555555578E-06
StatTimingItemStorageOverall: 0.0006365000000000013
StatTimingItemStorageCount: 603
StatTimingPodStorageAverage: 0.0008285009009009005
StatTimingPodStorageOverall: 0.09196359999999995
StatTimingPodStorageCount: 111
StatTimingReplenishmentBatchingAverage: 8.550000000000001E-06
StatTimingReplenishmentBatchingOverall: 3.4200000000000005E-05
StatTimingReplenishmentBatchingCount: 4
StatTimingOrderBatchingAverage: 8.781319148936173E-05
StatTimingOrderBatchingOverall: 0.06190830000000002
StatTimingOrderBatchingCount: 705
>>> Overall
StatOverallBundlesPlaced: 180
StatOverallItemsOrdered: 660
StatOverallOrdersPlaced: 414
StatOverallBundlesRejected: 0
StatOverallOrdersRejected: 0
StatOverallBundlesHandled: 0
StatOverallItemsHandled: 608
StatOverallLinesHandled: 573
StatOverallOrdersHandled: 407
StatOverallCollisions: 0
StatOverallDistanceTraveled: 5638.018561232257
StatOverallDistanceEstimated: 5518
StatOverallAssignedTasks: 232
StatMaxMemoryUsed: 100,31640625
StatRealTimeUsed: 0.8715125
StatAverageTurnoverTime: 500.58979373714277
StatMedianTurnoverTime: 372.89305915201953
StatLowerQuartileTurnoverTime: 174.15721502929864
StatUpperQuartileTurnoverTime: 685.4037084989852
StatAverageThroughputTime: 100.36253023327001
StatMedianThroughputTime: 21.23333333333335
StatLowerQuartileThroughputTime: 15.402777777777601
StatUpperQuartileThroughputTime: 73.77611111111105

Marked tag finished after 1 tries!
.Fin. - SUCCESS
<<< Welcome to the RAWSimO CLI >>>
The time is: 06/03/2024 16:21:20
Starting RAWSimO wrapper with the following arguments:
Instance: ..\..\..\..\Material\Instances\0.Weighted30min\Weighted6.xinst
Setting: ..\..\..\..\Material\Instances\0.Weighted30min\WeightedScenario.xsett
ControlConfig: ..\..\..\..\Material\Instances\0.Weighted30min\WeightedScenario.xconf
StatisticsDir: ..\..\..\..\Material\Instances\0.Weighted30min
Seed: 2
Additionally the following tag was passed: Dbwlow
Adding handler for unhandled exceptions ...
Initializing ... 
Instance recognized!
Parsing setting config ...
Parsing control config ...
Parsing instance ...
StatisticsFolder: WeightedScenario-Db_wlow_2.csv-2
Done!
