Executing ... 
 19:11:07 | >>> Warming up ...
 00:00:00 | >>> Warmup finished - starting simulation ...
 Realtime |   ETA    |  Sim.Time  | Progress | #Orders | #Bundles | Inv. | Distance | #Coll. |   Memory    
 00:00:00 |   n/a    | 0.00:00:00 |  0.00%   |    0    |    0     | 60%  |    0     |   0    | 113.66MB  
 00:00:01 | Cannot generate further orders - suspending generation for now
 00:00:01 | Cannot generate further orders - suspending generation for now
 00:00:01 | Cannot generate further orders - suspending generation for now
 00:00:01 | Cannot generate further orders - suspending generation for now
 00:00:01 | Cannot generate further orders - suspending generation for now
 00:00:01 | Cannot generate further orders - suspending generation for now
 00:00:01 | Cannot generate further orders - suspending generation for now
 00:00:01 | Cannot generate further orders - suspending generation for now
 00:00:01 | Cannot generate further orders - suspending generation for now
 00:00:01 | Cannot generate further orders - suspending generation for now
 00:00:01 | 00:00:00 | 0.00:30:00 | 100.00%  |   484   |    0     | 15%  |   5100   |   0    | 109.24MB  
 00:00:01 | >>> Simulation finished - writing results ...
 00:00:01 | >>> Results written
Simulation finished.
>>> Timings
StatTimingPathPlanningAverage: 0.00015000703030303023
StatTimingPathPlanningOverall: 0.12375579999999994
StatTimingPathPlanningCount: 825
StatTimingTaskAllocationAverage: 0.002615036320754716
StatTimingTaskAllocationOverall: 0.5543876999999998
StatTimingTaskAllocationCount: 212
StatTimingItemStorageAverage: 1.615746971736201E-06
StatTimingItemStorageOverall: 0.0012004999999999974
StatTimingItemStorageCount: 743
StatTimingPodStorageAverage: 0.002110059405940594
StatTimingPodStorageOverall: 0.213116
StatTimingPodStorageCount: 101
StatTimingReplenishmentBatchingAverage: 9.15E-06
StatTimingReplenishmentBatchingOverall: 1.83E-05
StatTimingReplenishmentBatchingCount: 2
StatTimingOrderBatchingAverage: 0.00014460050568900124
StatTimingOrderBatchingOverall: 0.114379
StatTimingOrderBatchingCount: 791
>>> Overall
StatOverallBundlesPlaced: 0
StatOverallItemsOrdered: 641
StatOverallOrdersPlaced: 407
StatOverallBundlesRejected: 0
StatOverallOrdersRejected: 0
StatOverallBundlesHandled: 0
StatOverallItemsHandled: 754
StatOverallLinesHandled: 712
StatOverallOrdersHandled: 484
StatOverallCollisions: 0
StatOverallDistanceTraveled: 5099.899849868821
StatOverallDistanceEstimated: 4974
StatOverallAssignedTasks: 212
StatMaxMemoryUsed: 113,65625
StatRealTimeUsed: 1.534755
StatAverageTurnoverTime: 461.8773668325329
StatMedianTurnoverTime: 300.64750359647815
StatLowerQuartileTurnoverTime: 125.52092352828525
StatUpperQuartileTurnoverTime: 656.6379653606039
StatAverageThroughputTime: 91.45915353277402
StatMedianThroughputTime: 24.902777777778283
StatLowerQuartileThroughputTime: 15.928520916158732
StatUpperQuartileThroughputTime: 71.26314575050765

Marked tag finished after 1 tries!
.Fin. - SUCCESS
<<< Welcome to the RAWSimO CLI >>>
The time is: 06/12/2024 19:11:08
Starting RAWSimO wrapper with the following arguments:
Instance: ..\..\..\..\Material\Instances\0.Weighted30min Demand separate\Da\Weighted2.xinst
Setting: ..\..\..\..\Material\Instances\0.Weighted30min Demand separate\Da\Weighted2.xsett
ControlConfig: ..\..\..\..\Material\Instances\0.Weighted30min Demand separate\Da\Weighted2.xconf
StatisticsDir: ..\..\..\..\Material\Instances\0.Weighted30min Demand separate\Da
Seed: 2
Additionally the following tag was passed: [[1, 2.539, 1.039]]
Adding handler for unhandled exceptions ...
Initializing ... 
Instance recognized!
Parsing setting config ...
Parsing control config ...
Parsing instance ...
StatisticsFolder: Weighted2-Da_[[1, 2.539, 1.039]]_1.csv-2
Done!
