Executing ... 
 18:20:49 | >>> Warming up ...
 00:00:00 | >>> Warmup finished - starting simulation ...
 Realtime |   ETA    |  Sim.Time  | Progress | #Orders | #Bundles | Inv. | Distance | #Coll. |   Memory    
 00:00:00 |   n/a    | 0.00:00:00 |  0.00%   |    0    |    0     | 60%  |    0     |   0    | 113.60MB  
 00:00:00 | Cannot generate further orders - suspending generation for now
 00:00:00 | Cannot generate further orders - suspending generation for now
 00:00:00 | Cannot generate further orders - suspending generation for now
 00:00:00 | Cannot generate further orders - suspending generation for now
 00:00:00 | Cannot generate further orders - suspending generation for now
 00:00:00 | Cannot generate further orders - suspending generation for now
 00:00:00 | Cannot generate further orders - suspending generation for now
 00:00:00 | Cannot generate further orders - suspending generation for now
 00:00:00 | Cannot generate further orders - suspending generation for now
 00:00:00 | Cannot generate further orders - suspending generation for now
 00:00:00 | Cannot generate further orders - suspending generation for now
 00:00:00 | 00:00:00 | 0.00:30:00 | 100.00%  |   492   |    0     | 15%  |   4998   |   0    | 108.62MB  
 00:00:00 | >>> Simulation finished - writing results ...
 00:00:01 | >>> Results written
Simulation finished.
>>> Timings
StatTimingPathPlanningAverage: 9.089927007299276E-05
StatTimingPathPlanningOverall: 0.07471920000000006
StatTimingPathPlanningCount: 822
StatTimingTaskAllocationAverage: 0.00173682281553398
StatTimingTaskAllocationOverall: 0.35778549999999987
StatTimingTaskAllocationCount: 206
StatTimingItemStorageAverage: 8.928864569083499E-07
StatTimingItemStorageOverall: 0.0006527000000000038
StatTimingItemStorageCount: 731
StatTimingPodStorageAverage: 0.0015092414141414136
StatTimingPodStorageOverall: 0.14941489999999993
StatTimingPodStorageCount: 99
StatTimingReplenishmentBatchingAverage: 7.499999999999999E-06
StatTimingReplenishmentBatchingOverall: 1.4999999999999999E-05
StatTimingReplenishmentBatchingCount: 2
StatTimingOrderBatchingAverage: 8.632370088719898E-05
StatTimingOrderBatchingOverall: 0.0681094
StatTimingOrderBatchingCount: 789
>>> Overall
StatOverallBundlesPlaced: 0
StatOverallItemsOrdered: 667
StatOverallOrdersPlaced: 425
StatOverallBundlesRejected: 0
StatOverallOrdersRejected: 0
StatOverallBundlesHandled: 0
StatOverallItemsHandled: 751
StatOverallLinesHandled: 710
StatOverallOrdersHandled: 492
StatOverallCollisions: 0
StatOverallDistanceTraveled: 4997.999999999993
StatOverallDistanceEstimated: 4842
StatOverallAssignedTasks: 206
StatMaxMemoryUsed: 113,6015625
StatRealTimeUsed: 0.9869402
StatAverageTurnoverTime: 433.7256697593148
StatMedianTurnoverTime: 297.4455555555555
StatLowerQuartileTurnoverTime: 148.23240261212482
StatUpperQuartileTurnoverTime: 606.3988888888891
StatAverageThroughputTime: 93.78937211742401
StatMedianThroughputTime: 23.858888888889396
StatLowerQuartileThroughputTime: 13.17222222222216
StatUpperQuartileThroughputTime: 79.11898268030222

Marked tag finished after 1 tries!
.Fin. - SUCCESS
<<< Welcome to the RAWSimO CLI >>>
The time is: 06/05/2024 18:20:50
Starting RAWSimO wrapper with the following arguments:
Instance: ..\..\..\..\Material\Instances\0.Weighted30min Demand separate\Df\Weighted2.xinst
Setting: ..\..\..\..\Material\Instances\0.Weighted30min Demand separate\Df\Weighted2.xsett
ControlConfig: ..\..\..\..\Material\Instances\0.Weighted30min Demand separate\Df\Weighted2.xconf
StatisticsDir: ..\..\..\..\Material\Instances\0.Weighted30min Demand separate\Df
Seed: 2
Additionally the following tag was passed: wlow
Adding handler for unhandled exceptions ...
Initializing ... 
Instance recognized!
Parsing setting config ...
Parsing control config ...
Parsing instance ...
StatisticsFolder: Weighted2-Df_wlow_2.csv-2
Done!
