Executing ... 
 19:23:21 | >>> Warming up ...
 00:00:00 | >>> Warmup finished - starting simulation ...
 Realtime |   ETA    |  Sim.Time  | Progress | #Orders | #Bundles | Inv. | Distance | #Coll. |   Memory    
 00:00:00 |   n/a    | 0.00:00:00 |  0.00%   |    0    |    0     | 60%  |    0     |   0    | 111.12MB  
 00:00:00 | Cannot generate further orders - suspending generation for now
 00:00:00 | Cannot generate further orders - suspending generation for now
 00:00:00 | Cannot generate further orders - suspending generation for now
 00:00:00 | Cannot generate further orders - suspending generation for now
 00:00:00 | Cannot generate further orders - suspending generation for now
 00:00:01 | Cannot generate further orders - suspending generation for now
 00:00:01 | Cannot generate further orders - suspending generation for now
 00:00:01 | Cannot generate further orders - suspending generation for now
 00:00:01 | Cannot generate further orders - suspending generation for now
 00:00:01 | Cannot generate further orders - suspending generation for now
 00:00:01 | 00:00:00 | 0.00:30:00 | 100.00%  |   500   |    0     | 14%  |   4978   |   0    | 110.73MB  
 00:00:01 | >>> Simulation finished - writing results ...
 00:00:01 | >>> Results written
Simulation finished.
>>> Timings
StatTimingPathPlanningAverage: 0.00010316699386503071
StatTimingPathPlanningOverall: 0.08408110000000003
StatTimingPathPlanningCount: 815
StatTimingTaskAllocationAverage: 0.0021645278846153856
StatTimingTaskAllocationOverall: 0.4502218000000002
StatTimingTaskAllocationCount: 208
StatTimingItemStorageAverage: 1.399462365591396E-06
StatTimingItemStorageOverall: 0.0010411999999999986
StatTimingItemStorageCount: 744
StatTimingPodStorageAverage: 0.0018325610000000008
StatTimingPodStorageOverall: 0.1832561000000001
StatTimingPodStorageCount: 100
StatTimingReplenishmentBatchingAverage: 9.15E-06
StatTimingReplenishmentBatchingOverall: 1.83E-05
StatTimingReplenishmentBatchingCount: 2
StatTimingOrderBatchingAverage: 0.00013702708333333355
StatTimingOrderBatchingOverall: 0.11181410000000017
StatTimingOrderBatchingCount: 816
>>> Overall
StatOverallBundlesPlaced: 0
StatOverallItemsOrdered: 661
StatOverallOrdersPlaced: 429
StatOverallBundlesRejected: 0
StatOverallOrdersRejected: 0
StatOverallBundlesHandled: 0
StatOverallItemsHandled: 758
StatOverallLinesHandled: 718
StatOverallOrdersHandled: 500
StatOverallCollisions: 0
StatOverallDistanceTraveled: 4977.64387829143
StatOverallDistanceEstimated: 4814
StatOverallAssignedTasks: 208
StatMaxMemoryUsed: 111,12109375
StatRealTimeUsed: 1.1525523
StatAverageTurnoverTime: 441.0582244416106
StatMedianTurnoverTime: 261.66945163736614
StatLowerQuartileTurnoverTime: 119.45787156919062
StatUpperQuartileTurnoverTime: 678.4475973878742
StatAverageThroughputTime: 89.07056346280596
StatMedianThroughputTime: 23.472222222222257
StatLowerQuartileThroughputTime: 15.683888888888845
StatUpperQuartileThroughputTime: 78.30842712474583

Marked tag finished after 1 tries!
.Fin. - SUCCESS
<<< Welcome to the RAWSimO CLI >>>
The time is: 06/25/2024 19:23:22
Starting RAWSimO wrapper with the following arguments:
Instance: ..\..\..\..\Material\Instances\10.Weighted30min Demand Gall\Dp\Weighted2.xinst
Setting: ..\..\..\..\Material\Instances\10.Weighted30min Demand Gall\Dp\Weighted2.xsett
ControlConfig: ..\..\..\..\Material\Instances\10.Weighted30min Demand Gall\Dp\Weighted2.xconf
StatisticsDir: ..\..\..\..\Material\Instances\10.Weighted30min Demand Gall\Dp
Seed: 3
Additionally the following tag was passed: 1, 0.9099999999999999, 1.0, 0.198, 0.213, 1.0
Adding handler for unhandled exceptions ...
Initializing ... 
Instance recognized!
Parsing setting config ...
Parsing control config ...
Parsing instance ...
StatisticsFolder: Weighted2-Dp_[[1, 0.9099999999999999, 1.0]]_1_[0.198, 0.213, 1.0].csv-3
Done!
