Executing ... 
 19:20:58 | >>> Warming up ...
 00:00:00 | >>> Warmup finished - starting simulation ...
 Realtime |   ETA    |  Sim.Time  | Progress | #Orders | #Bundles | Inv. | Distance | #Coll. |   Memory    
 00:00:00 |   n/a    | 0.00:00:00 |  0.00%   |    0    |    0     | 60%  |    0     |   0    | 110.99MB  
 00:00:00 | Cannot generate further orders - suspending generation for now
 00:00:00 | Cannot generate further orders - suspending generation for now
 00:00:00 | Cannot generate further orders - suspending generation for now
 00:00:00 | Cannot generate further orders - suspending generation for now
 00:00:00 | Cannot generate further orders - suspending generation for now
 00:00:00 | Cannot generate further orders - suspending generation for now
 00:00:00 | Cannot generate further orders - suspending generation for now
 00:00:00 | Cannot generate further orders - suspending generation for now
 00:00:00 | Cannot generate further orders - suspending generation for now
 00:00:00 | Cannot generate further orders - suspending generation for now
 00:00:00 | Cannot generate further orders - suspending generation for now
 00:00:00 | 00:00:00 | 0.00:30:00 | 100.00%  |   492   |    0     | 14%  |   5029   |   0    | 108.46MB  
 00:00:00 | >>> Simulation finished - writing results ...
 00:00:00 | >>> Results written
Simulation finished.
>>> Timings
StatTimingPathPlanningAverage: 9.121191037735845E-05
StatTimingPathPlanningOverall: 0.07734769999999996
StatTimingPathPlanningCount: 848
StatTimingTaskAllocationAverage: 0.0016761608910891102
StatTimingTaskAllocationOverall: 0.33858450000000023
StatTimingTaskAllocationCount: 202
StatTimingItemStorageAverage: 8.643617021276655E-07
StatTimingItemStorageOverall: 0.0006500000000000044
StatTimingItemStorageCount: 752
StatTimingPodStorageAverage: 0.0014145906250000002
StatTimingPodStorageOverall: 0.13580070000000002
StatTimingPodStorageCount: 96
StatTimingReplenishmentBatchingAverage: 1.11E-05
StatTimingReplenishmentBatchingOverall: 2.22E-05
StatTimingReplenishmentBatchingCount: 2
StatTimingOrderBatchingAverage: 8.417289603960397E-05
StatTimingOrderBatchingOverall: 0.06801170000000001
StatTimingOrderBatchingCount: 808
>>> Overall
StatOverallBundlesPlaced: 0
StatOverallItemsOrdered: 649
StatOverallOrdersPlaced: 414
StatOverallBundlesRejected: 0
StatOverallOrdersRejected: 0
StatOverallBundlesHandled: 0
StatOverallItemsHandled: 764
StatOverallLinesHandled: 719
StatOverallOrdersHandled: 492
StatOverallCollisions: 0
StatOverallDistanceTraveled: 5029.3077705848455
StatOverallDistanceEstimated: 4819
StatOverallAssignedTasks: 202
StatMaxMemoryUsed: 110,9921875
StatRealTimeUsed: 0.9055792
StatAverageTurnoverTime: 456.07623723702847
StatMedianTurnoverTime: 301.18009379141296
StatLowerQuartileTurnoverTime: 126.84129869393693
StatUpperQuartileTurnoverTime: 700.1413924853518
StatAverageThroughputTime: 99.13082891838393
StatMedianThroughputTime: 28.43444444444458
StatLowerQuartileThroughputTime: 16.787316013635746
StatUpperQuartileThroughputTime: 88.05518758282585

Marked tag finished after 1 tries!
.Fin. - SUCCESS
<<< Welcome to the RAWSimO CLI >>>
The time is: 06/25/2024 19:20:59
Starting RAWSimO wrapper with the following arguments:
Instance: ..\..\..\..\Material\Instances\10.Weighted30min Demand Gall\Dp\Weighted2.xinst
Setting: ..\..\..\..\Material\Instances\10.Weighted30min Demand Gall\Dp\Weighted2.xsett
ControlConfig: ..\..\..\..\Material\Instances\10.Weighted30min Demand Gall\Dp\Weighted2.xconf
StatisticsDir: ..\..\..\..\Material\Instances\10.Weighted30min Demand Gall\Dp
Seed: 6
Additionally the following tag was passed: 1, 0.28, 1.0, 0.143, 0.507, 1.0
Adding handler for unhandled exceptions ...
Initializing ... 
Instance recognized!
Parsing setting config ...
Parsing control config ...
Parsing instance ...
StatisticsFolder: Weighted2-Dp_[[1, 0.28, 1.0]]_3_[0.143, 0.507, 1.0].csv-6
Done!
