Executing ... 
 09:38:01 | >>> Warming up ...
 00:00:00 | >>> Warmup finished - starting simulation ...
 Realtime |   ETA    |  Sim.Time  | Progress | #Orders | #Bundles | Inv. | Distance | #Coll. |   Memory    
 00:00:00 |   n/a    | 0.00:00:00 |  0.00%   |    0    |    0     | 60%  |    0     |   0    |  77.40MB  
 00:00:00 | Cannot generate further orders - suspending generation for now
 00:00:00 | Cannot generate further orders - suspending generation for now
 00:00:00 | Cannot generate further orders - suspending generation for now
 00:00:00 | Cannot generate further orders - suspending generation for now
 00:00:00 | Cannot generate further orders - suspending generation for now
 00:00:00 | Cannot generate further orders - suspending generation for now
 00:00:00 | Cannot generate further orders - suspending generation for now
 00:00:00 | Cannot generate further orders - suspending generation for now
 00:00:01 | Cannot generate further orders - suspending generation for now
 00:00:01 | Cannot generate further orders - suspending generation for now
 00:00:01 | 00:00:00 | 0.00:30:00 | 100.00%  |   466   |    0     | 17%  |   5201   |   0    |  73.83MB  
 00:00:01 | >>> Simulation finished - writing results ...
 00:00:01 | >>> Results written
Simulation finished.
>>> Timings
StatTimingPathPlanningAverage: 8.87628266033254E-05
StatTimingPathPlanningOverall: 0.07473829999999998
StatTimingPathPlanningCount: 842
StatTimingTaskAllocationAverage: 0.0019218721698113213
StatTimingTaskAllocationOverall: 0.4074369000000001
StatTimingTaskAllocationCount: 212
StatTimingItemStorageAverage: 9.463380281690148E-07
StatTimingItemStorageOverall: 0.0006719000000000004
StatTimingItemStorageCount: 710
StatTimingPodStorageAverage: 0.001579161764705882
StatTimingPodStorageOverall: 0.16107449999999998
StatTimingPodStorageCount: 102
StatTimingReplenishmentBatchingAverage: 8.15E-06
StatTimingReplenishmentBatchingOverall: 1.63E-05
StatTimingReplenishmentBatchingCount: 2
StatTimingOrderBatchingAverage: 8.505903771131339E-05
StatTimingOrderBatchingOverall: 0.0654104
StatTimingOrderBatchingCount: 769
>>> Overall
StatOverallBundlesPlaced: 0
StatOverallItemsOrdered: 662
StatOverallOrdersPlaced: 415
StatOverallBundlesRejected: 0
StatOverallOrdersRejected: 0
StatOverallBundlesHandled: 0
StatOverallItemsHandled: 716
StatOverallLinesHandled: 677
StatOverallOrdersHandled: 466
StatOverallCollisions: 0
StatOverallDistanceTraveled: 5200.550258738382
StatOverallDistanceEstimated: 5079
StatOverallAssignedTasks: 212
StatMaxMemoryUsed: 77,7734375
StatRealTimeUsed: 1.0481201
StatAverageTurnoverTime: 454.71070373289893
StatMedianTurnoverTime: 275.5464862767641
StatLowerQuartileTurnoverTime: 148.2522222222223
StatUpperQuartileTurnoverTime: 645.2547114328394
StatAverageThroughputTime: 87.70752289837424
StatMedianThroughputTime: 20.95787156919141
StatLowerQuartileThroughputTime: 12.91129869393717
StatUpperQuartileThroughputTime: 79.64166666666699

Marked tag finished after 1 tries!
.Fin. - SUCCESS
<<< Welcome to the RAWSimO CLI >>>
The time is: 06/13/2024 09:38:02
Starting RAWSimO wrapper with the following arguments:
Instance: ..\..\..\..\Material\Instances\0.Weighted30min Demand separate\Da\Weighted2.xinst
Setting: ..\..\..\..\Material\Instances\0.Weighted30min Demand separate\Da\Weighted2.xsett
ControlConfig: ..\..\..\..\Material\Instances\0.Weighted30min Demand separate\Da\Weighted2.xconf
StatisticsDir: ..\..\..\..\Material\Instances\0.Weighted30min Demand separate\Da
Seed: 1
Additionally the following tag was passed: 1, 10.0, 0.71, 0.224, 0.1, 0.312
Adding handler for unhandled exceptions ...
Initializing ... 
Instance recognized!
Parsing setting config ...
Parsing control config ...
Parsing instance ...
StatisticsFolder: Weighted2-Da_[[1, 10.0, 0.71]]_2_[0.224, 0.1, 0.312].csv-1
Done!
