Executing ... 
 19:26:38 | >>> Warming up ...
 00:00:00 | >>> Warmup finished - starting simulation ...
 Realtime |   ETA    |  Sim.Time  | Progress | #Orders | #Bundles | Inv. | Distance | #Coll. |   Memory    
 00:00:00 |   n/a    | 0.00:00:00 |  0.00%   |    0    |    0     | 60%  |    0     |   0    | 158.74MB  
 00:00:00 | Cannot generate further orders - suspending generation for now
 00:00:00 | Cannot generate further orders - suspending generation for now
 00:00:00 | Cannot generate further orders - suspending generation for now
 00:00:00 | Cannot generate further orders - suspending generation for now
 00:00:00 | Cannot generate further orders - suspending generation for now
 00:00:00 | Cannot generate further orders - suspending generation for now
 00:00:00 | Cannot generate further orders - suspending generation for now
 00:00:00 | Cannot generate further orders - suspending generation for now
 00:00:00 | Cannot generate further orders - suspending generation for now
 00:00:00 | 00:00:00 | 0.00:30:00 | 100.00%  |   467   |    0     | 16%  |   4991   |   0    |  81.19MB  
 00:00:00 | >>> Simulation finished - writing results ...
 00:00:00 | >>> Results written
Simulation finished.
>>> Timings
StatTimingPathPlanningAverage: 9.226020881670529E-05
StatTimingPathPlanningOverall: 0.07952829999999995
StatTimingPathPlanningCount: 862
StatTimingTaskAllocationAverage: 0.0016884396226415092
StatTimingTaskAllocationOverall: 0.35794919999999997
StatTimingTaskAllocationCount: 212
StatTimingItemStorageAverage: 8.769010043041658E-07
StatTimingItemStorageOverall: 0.0006112000000000036
StatTimingItemStorageCount: 697
StatTimingPodStorageAverage: 0.0014945683168316826
StatTimingPodStorageOverall: 0.15095139999999993
StatTimingPodStorageCount: 101
StatTimingReplenishmentBatchingAverage: 7.2999999999999996E-06
StatTimingReplenishmentBatchingOverall: 1.4599999999999999E-05
StatTimingReplenishmentBatchingCount: 2
StatTimingOrderBatchingAverage: 7.887910052910052E-05
StatTimingOrderBatchingOverall: 0.059632599999999994
StatTimingOrderBatchingCount: 756
>>> Overall
StatOverallBundlesPlaced: 0
StatOverallItemsOrdered: 651
StatOverallOrdersPlaced: 412
StatOverallBundlesRejected: 0
StatOverallOrdersRejected: 0
StatOverallBundlesHandled: 0
StatOverallItemsHandled: 726
StatOverallLinesHandled: 686
StatOverallOrdersHandled: 467
StatOverallCollisions: 0
StatOverallDistanceTraveled: 4991.163931903958
StatOverallDistanceEstimated: 4868
StatOverallAssignedTasks: 212
StatMaxMemoryUsed: 157,96484375
StatRealTimeUsed: 0.9212139
StatAverageTurnoverTime: 474.89296119733103
StatMedianTurnoverTime: 340.60453823585664
StatLowerQuartileTurnoverTime: 175.0622222222223
StatUpperQuartileTurnoverTime: 616.3600000000001
StatAverageThroughputTime: 98.15075423432852
StatMedianThroughputTime: 24.880555555555702
StatLowerQuartileThroughputTime: 14.532683986365555
StatUpperQuartileThroughputTime: 76.98055555555547

Marked tag finished after 1 tries!
.Fin. - SUCCESS
<<< Welcome to the RAWSimO CLI >>>
The time is: 06/25/2024 19:26:39
Starting RAWSimO wrapper with the following arguments:
Instance: ..\..\..\..\Material\Instances\10.Weighted30min Demand Gall\Dr\Weighted2.xinst
Setting: ..\..\..\..\Material\Instances\10.Weighted30min Demand Gall\Dr\Weighted2.xsett
ControlConfig: ..\..\..\..\Material\Instances\10.Weighted30min Demand Gall\Dr\Weighted2.xconf
StatisticsDir: ..\..\..\..\Material\Instances\10.Weighted30min Demand Gall\Dr
Seed: 2
Additionally the following tag was passed: 1, 0.8772727272727274, 1.0, 0.195, 0.219, 1.0
Adding handler for unhandled exceptions ...
Initializing ... 
Instance recognized!
Parsing setting config ...
Parsing control config ...
Parsing instance ...
StatisticsFolder: Weighted2-Dr_[[1, 0.8772727272727274, 1.0]]_3_[0.195, 0.219, 1.0].csv-2
Done!
