Executing ... 
 09:38:02 | >>> Warming up ...
 00:00:00 | >>> Warmup finished - starting simulation ...
 Realtime |   ETA    |  Sim.Time  | Progress | #Orders | #Bundles | Inv. | Distance | #Coll. |   Memory    
 00:00:00 |   n/a    | 0.00:00:00 |  0.00%   |    0    |    0     | 60%  |    0     |   0    |  78.03MB  
 00:00:00 | Cannot generate further orders - suspending generation for now
 00:00:00 | Cannot generate further orders - suspending generation for now
 00:00:00 | Cannot generate further orders - suspending generation for now
 00:00:00 | Cannot generate further orders - suspending generation for now
 00:00:00 | Cannot generate further orders - suspending generation for now
 00:00:00 | Cannot generate further orders - suspending generation for now
 00:00:01 | Cannot generate further orders - suspending generation for now
 00:00:01 | Cannot generate further orders - suspending generation for now
 00:00:01 | Cannot generate further orders - suspending generation for now
 00:00:01 | Cannot generate further orders - suspending generation for now
 00:00:01 | 00:00:00 | 0.00:30:00 | 100.00%  |   459   |    0     | 18%  |   5296   |   0    |  73.20MB  
 00:00:01 | >>> Simulation finished - writing results ...
 00:00:01 | >>> Results written
Simulation finished.
>>> Timings
StatTimingPathPlanningAverage: 9.743943329397873E-05
StatTimingPathPlanningOverall: 0.08253119999999999
StatTimingPathPlanningCount: 847
StatTimingTaskAllocationAverage: 0.0017293683720930233
StatTimingTaskAllocationOverall: 0.3718142
StatTimingTaskAllocationCount: 215
StatTimingItemStorageAverage: 9.702034883720971E-07
StatTimingItemStorageOverall: 0.0006675000000000028
StatTimingItemStorageCount: 688
StatTimingPodStorageAverage: 0.0015582058252427188
StatTimingPodStorageOverall: 0.16049520000000003
StatTimingPodStorageCount: 103
StatTimingReplenishmentBatchingAverage: 7.499999999999999E-06
StatTimingReplenishmentBatchingOverall: 1.4999999999999999E-05
StatTimingReplenishmentBatchingCount: 2
StatTimingOrderBatchingAverage: 9.647726063829794E-05
StatTimingOrderBatchingOverall: 0.07255090000000004
StatTimingOrderBatchingCount: 752
>>> Overall
StatOverallBundlesPlaced: 0
StatOverallItemsOrdered: 656
StatOverallOrdersPlaced: 417
StatOverallBundlesRejected: 0
StatOverallOrdersRejected: 0
StatOverallBundlesHandled: 0
StatOverallItemsHandled: 705
StatOverallLinesHandled: 664
StatOverallOrdersHandled: 459
StatOverallCollisions: 0
StatOverallDistanceTraveled: 5296.168983510625
StatOverallDistanceEstimated: 5155
StatOverallAssignedTasks: 215
StatMaxMemoryUsed: 78,02734375
StatRealTimeUsed: 1.0974652
StatAverageTurnoverTime: 475.4578551181993
StatMedianTurnoverTime: 311.3763996782719
StatLowerQuartileTurnoverTime: 144.34462483434822
StatUpperQuartileTurnoverTime: 673.1962049025246
StatAverageThroughputTime: 102.87358088880137
StatMedianThroughputTime: 20.39629869393673
StatLowerQuartileThroughputTime: 12.92212843080847
StatUpperQuartileThroughputTime: 72.43870849898465

Marked tag finished after 1 tries!
.Fin. - SUCCESS
<<< Welcome to the RAWSimO CLI >>>
The time is: 06/13/2024 09:38:03
Starting RAWSimO wrapper with the following arguments:
Instance: ..\..\..\..\Material\Instances\0.Weighted30min Demand separate\Da\Weighted2.xinst
Setting: ..\..\..\..\Material\Instances\0.Weighted30min Demand separate\Da\Weighted2.xsett
ControlConfig: ..\..\..\..\Material\Instances\0.Weighted30min Demand separate\Da\Weighted2.xconf
StatisticsDir: ..\..\..\..\Material\Instances\0.Weighted30min Demand separate\Da
Seed: 2
Additionally the following tag was passed: 1, 10.0, 0.71, 0.224, 0.1, 0.312
Adding handler for unhandled exceptions ...
Initializing ... 
Instance recognized!
Parsing setting config ...
Parsing control config ...
Parsing instance ...
StatisticsFolder: Weighted2-Da_[[1, 10.0, 0.71]]_2_[0.224, 0.1, 0.312].csv-2
Done!
