Executing ... 
 09:56:50 | >>> Warming up ...
 00:00:00 | >>> Warmup finished - starting simulation ...
 Realtime |   ETA    |  Sim.Time  | Progress | #Orders | #Bundles | Inv. | Distance | #Coll. |   Memory    
 00:00:00 |   n/a    | 0.00:00:00 |  0.00%   |    0    |    0     | 60%  |    0     |   0    | 107.48MB  
 00:00:00 | Cannot generate further orders - suspending generation for now
 00:00:00 | Cannot generate further orders - suspending generation for now
 00:00:00 | Cannot generate further orders - suspending generation for now
 00:00:01 | Cannot generate further orders - suspending generation for now
 00:00:01 | Cannot generate further orders - suspending generation for now
 00:00:01 | Cannot generate further orders - suspending generation for now
 00:00:01 | Cannot generate further orders - suspending generation for now
 00:00:01 | Cannot generate further orders - suspending generation for now
 00:00:01 | Cannot generate further orders - suspending generation for now
 00:00:01 | 00:00:00 | 0.00:30:00 | 100.00%  |   507   |    0     | 14%  |   5031   |   0    | 103.36MB  
 00:00:01 | >>> Simulation finished - writing results ...
 00:00:01 | >>> Results written
Simulation finished.
>>> Timings
StatTimingPathPlanningAverage: 0.0001098518518518519
StatTimingPathPlanningOverall: 0.08898000000000005
StatTimingPathPlanningCount: 810
StatTimingTaskAllocationAverage: 0.0022129574257425746
StatTimingTaskAllocationOverall: 0.44701740000000006
StatTimingTaskAllocationCount: 202
StatTimingItemStorageAverage: 9.986486486486523E-07
StatTimingItemStorageOverall: 0.0007390000000000027
StatTimingItemStorageCount: 740
StatTimingPodStorageAverage: 0.0020266195876288665
StatTimingPodStorageOverall: 0.19658210000000004
StatTimingPodStorageCount: 97
StatTimingReplenishmentBatchingAverage: 1.295E-05
StatTimingReplenishmentBatchingOverall: 2.59E-05
StatTimingReplenishmentBatchingCount: 2
StatTimingOrderBatchingAverage: 0.0001012877450980392
StatTimingOrderBatchingOverall: 0.08265079999999998
StatTimingOrderBatchingCount: 816
>>> Overall
StatOverallBundlesPlaced: 0
StatOverallItemsOrdered: 667
StatOverallOrdersPlaced: 427
StatOverallBundlesRejected: 0
StatOverallOrdersRejected: 0
StatOverallBundlesHandled: 0
StatOverallItemsHandled: 769
StatOverallLinesHandled: 729
StatOverallOrdersHandled: 507
StatOverallCollisions: 0
StatOverallDistanceTraveled: 5031.196085802458
StatOverallDistanceEstimated: 4828
StatOverallAssignedTasks: 202
StatMaxMemoryUsed: 106,88671875
StatRealTimeUsed: 1.165556
StatAverageTurnoverTime: 460.4599043513912
StatMedianTurnoverTime: 307.622590194953
StatLowerQuartileTurnoverTime: 155.8995382358574
StatUpperQuartileTurnoverTime: 626.2671356237308
StatAverageThroughputTime: 90.81996150560734
StatMedianThroughputTime: 24.47953823585749
StatLowerQuartileThroughputTime: 16.68009379141293
StatUpperQuartileThroughputTime: 85.04444444444516

Marked tag finished after 1 tries!
.Fin. - SUCCESS
<<< Welcome to the RAWSimO CLI >>>
The time is: 06/13/2024 09:56:51
Starting RAWSimO wrapper with the following arguments:
Instance: ..\..\..\..\Material\Instances\0.Weighted30min Demand separate\Dd\Weighted2.xinst
Setting: ..\..\..\..\Material\Instances\0.Weighted30min Demand separate\Dd\Weighted2.xsett
ControlConfig: ..\..\..\..\Material\Instances\0.Weighted30min Demand separate\Dd\Weighted2.xconf
StatisticsDir: ..\..\..\..\Material\Instances\0.Weighted30min Demand separate\Dd
Seed: 3
Additionally the following tag was passed: 1, 0.346, 0.54, 0.175, 0.5, 0.5
Adding handler for unhandled exceptions ...
Initializing ... 
Instance recognized!
Parsing setting config ...
Parsing control config ...
Parsing instance ...
StatisticsFolder: Weighted2-Dd_[[1, 0.346, 0.54]]_3_[0.175, 0.5, 0.5].csv-3
Done!
