Executing ... 
 16:18:09 | >>> Warming up ...
 00:00:00 | >>> Warmup finished - starting simulation ...
 Realtime |   ETA    |  Sim.Time  | Progress | #Orders | #Bundles | Inv. | Distance | #Coll. |   Memory    
 00:00:00 |   n/a    | 0.00:00:00 |  0.00%   |    0    |    0     | 60%  |    0     |   0    |  76.50MB  
 00:00:00 | Cannot generate further orders - suspending generation for now
 00:00:05 | 00:00:02 | 0.00:20:20 |  67.80%  |   362   |    0     | 27%  |   3377   |   0    |  73.43MB  
 00:00:10 | 00:00:04 | 0.00:20:20 |  67.80%  |   362   |    0     | 27%  |   3377   |   0    |  73.43MB  
 00:00:10 | Cannot generate further orders - suspending generation for now
 00:00:10 | Cannot generate further orders - suspending generation for now
 00:00:10 | Cannot generate further orders - suspending generation for now
 00:00:10 | Cannot generate further orders - suspending generation for now
 00:00:10 | Cannot generate further orders - suspending generation for now
 00:00:10 | Cannot generate further orders - suspending generation for now
 00:00:10 | Cannot generate further orders - suspending generation for now
 00:00:10 | Cannot generate further orders - suspending generation for now
 00:00:10 | Cannot generate further orders - suspending generation for now
 00:00:10 | 00:00:00 | 0.00:30:00 | 100.00%  |   485   |    0     | 15%  |   5080   |   0    |  72.76MB  
 00:00:10 | >>> Simulation finished - writing results ...
 00:00:10 | >>> Results written
Simulation finished.
>>> Timings
StatTimingPathPlanningAverage: 0.000124931662591687
StatTimingPathPlanningOverall: 0.10219409999999997
StatTimingPathPlanningCount: 818
StatTimingTaskAllocationAverage: 0.002192968518518519
StatTimingTaskAllocationOverall: 0.4736812000000001
StatTimingTaskAllocationCount: 216
StatTimingItemStorageAverage: 1.8622191011235885E-06
StatTimingItemStorageOverall: 0.001325899999999995
StatTimingItemStorageCount: 712
StatTimingPodStorageAverage: 0.001624012621359223
StatTimingPodStorageOverall: 0.16727329999999996
StatTimingPodStorageCount: 103
StatTimingReplenishmentBatchingAverage: 1.1249999999999999E-05
StatTimingReplenishmentBatchingOverall: 2.2499999999999998E-05
StatTimingReplenishmentBatchingCount: 2
StatTimingOrderBatchingAverage: 0.00011860517241379309
StatTimingOrderBatchingOverall: 0.08942829999999999
StatTimingOrderBatchingCount: 754
>>> Overall
StatOverallBundlesPlaced: 0
StatOverallItemsOrdered: 648
StatOverallOrdersPlaced: 411
StatOverallBundlesRejected: 0
StatOverallOrdersRejected: 0
StatOverallBundlesHandled: 0
StatOverallItemsHandled: 747
StatOverallLinesHandled: 706
StatOverallOrdersHandled: 485
StatOverallCollisions: 0
StatOverallDistanceTraveled: 5079.60163793121
StatOverallDistanceEstimated: 5000
StatOverallAssignedTasks: 216
StatMaxMemoryUsed: 76,26953125
StatRealTimeUsed: 10.2957809
StatAverageTurnoverTime: 483.3075353516765
StatMedianTurnoverTime: 377.9075035964612
StatLowerQuartileTurnoverTime: 173.613888888889
StatUpperQuartileTurnoverTime: 702.5591630702097
StatAverageThroughputTime: 99.37754683784456
StatMedianThroughputTime: 23.844725818683287
StatLowerQuartileThroughputTime: 15.228795097476223
StatUpperQuartileThroughputTime: 83.51231601363492

Marked tag finished after 1 tries!
.Fin. - SUCCESS
<<< Welcome to the RAWSimO CLI >>>
The time is: 06/21/2024 16:18:19
Starting RAWSimO wrapper with the following arguments:
Instance: ..\..\..\..\Material\Instances\01.Weighted30min Demand Gall\Dp\Weighted2.xinst
Setting: ..\..\..\..\Material\Instances\01.Weighted30min Demand Gall\Dp\Weighted2.xsett
ControlConfig: ..\..\..\..\Material\Instances\01.Weighted30min Demand Gall\Dp\Weighted2.xconf
StatisticsDir: ..\..\..\..\Material\Instances\01.Weighted30min Demand Gall\Dp
Seed: 2
Additionally the following tag was passed: 1, 0.01, 1.0, 0.103, 0.72, 1.0
Adding handler for unhandled exceptions ...
Initializing ... 
Instance recognized!
Parsing setting config ...
Parsing control config ...
Parsing instance ...
StatisticsFolder: Weighted2-Dp_[[1, 0.01, 1.0]]_2_[0.103, 0.72, 1.0].csv-2
Done!
