Executing ... 
 16:32:13 | >>> Warming up ...
 00:00:00 | >>> Warmup finished - starting simulation ...
 Realtime |   ETA    |  Sim.Time  | Progress | #Orders | #Bundles | Inv. | Distance | #Coll. |   Memory    
 00:00:00 |   n/a    | 0.00:00:00 |  0.00%   |    0    |    0     | 83%  |    0     |   0    | 108.50MB  
 00:00:00 | Reactivating bundle generation paused by inventory+reserved+backlog level (currently at: 0.6491666666666667)
 00:00:00 | 00:00:00 | 0.00:30:00 | 100.00%  |   341   |    0     | 41%  |   4227   |   0    |  72.14MB  
 00:00:00 | >>> Simulation finished - writing results ...
 00:00:00 | >>> Results written
Simulation finished.
>>> Timings
StatTimingPathPlanningAverage: 7.198423236514523E-05
StatTimingPathPlanningOverall: 0.052044599999999996
StatTimingPathPlanningCount: 723
StatTimingTaskAllocationAverage: 0.0011211829787234036
StatTimingTaskAllocationOverall: 0.2107823999999999
StatTimingTaskAllocationCount: 188
StatTimingItemStorageAverage: 1.037575757575761E-06
StatTimingItemStorageOverall: 0.0005136000000000016
StatTimingItemStorageCount: 495
StatTimingPodStorageAverage: 0.0012280523809523806
StatTimingPodStorageOverall: 0.10315639999999997
StatTimingPodStorageCount: 84
StatTimingReplenishmentBatchingAverage: 8.225E-06
StatTimingReplenishmentBatchingOverall: 3.29E-05
StatTimingReplenishmentBatchingCount: 4
StatTimingOrderBatchingAverage: 9.846222961730438E-05
StatTimingOrderBatchingOverall: 0.05917579999999994
StatTimingOrderBatchingCount: 601
>>> Overall
StatOverallBundlesPlaced: 180
StatOverallItemsOrdered: 586
StatOverallOrdersPlaced: 374
StatOverallBundlesRejected: 0
StatOverallOrdersRejected: 0
StatOverallBundlesHandled: 0
StatOverallItemsHandled: 514
StatOverallLinesHandled: 481
StatOverallOrdersHandled: 341
StatOverallCollisions: 0
StatOverallDistanceTraveled: 4226.870089794874
StatOverallDistanceEstimated: 4093
StatOverallAssignedTasks: 188
StatMaxMemoryUsed: 108,49609375
StatRealTimeUsed: 0.7916564
StatAverageTurnoverTime: 587.9914021592095
StatMedianTurnoverTime: 509.1356565398962
StatLowerQuartileTurnoverTime: 234.79981961009577
StatUpperQuartileTurnoverTime: 833.4724026121276
StatAverageThroughputTime: 135.02830586904528
StatMedianThroughputTime: 60.14722222222326
StatLowerQuartileThroughputTime: 40.46944444444455
StatUpperQuartileThroughputTime: 133.20165228082374

Marked tag finished after 1 tries!
.Fin. - SUCCESS
<<< Welcome to the RAWSimO CLI >>>
The time is: 06/03/2024 16:32:14
Starting RAWSimO wrapper with the following arguments:
Instance: ..\..\..\..\Material\Instances\0.Weighted30min\Weighted2.xinst
Setting: ..\..\..\..\Material\Instances\0.Weighted30min\WeightedScenario.xsett
ControlConfig: ..\..\..\..\Material\Instances\0.Weighted30min\WeightedScenario.xconf
StatisticsDir: ..\..\..\..\Material\Instances\0.Weighted30min
Seed: 1
Additionally the following tag was passed: Dcwhigh
Adding handler for unhandled exceptions ...
Initializing ... 
Instance recognized!
Parsing setting config ...
Parsing control config ...
Parsing instance ...
StatisticsFolder: WeightedScenario-Dc_whigh_1.csv-1
Done!
