Executing ... 
 09:56:04 | >>> Warming up ...
 00:00:00 | >>> Warmup finished - starting simulation ...
 Realtime |   ETA    |  Sim.Time  | Progress | #Orders | #Bundles | Inv. | Distance | #Coll. |   Memory    
 00:00:00 |   n/a    | 0.00:00:00 |  0.00%   |    0    |    0     | 60%  |    0     |   0    | 108.35MB  
 00:00:01 | Cannot generate further orders - suspending generation for now
 00:00:01 | Cannot generate further orders - suspending generation for now
 00:00:01 | Cannot generate further orders - suspending generation for now
 00:00:01 | Cannot generate further orders - suspending generation for now
 00:00:01 | Cannot generate further orders - suspending generation for now
 00:00:01 | Cannot generate further orders - suspending generation for now
 00:00:01 | Cannot generate further orders - suspending generation for now
 00:00:01 | Cannot generate further orders - suspending generation for now
 00:00:01 | 00:00:00 | 0.00:30:00 | 100.00%  |   464   |    0     | 17%  |   5204   |   0    | 103.47MB  
 00:00:01 | >>> Simulation finished - writing results ...
 00:00:01 | >>> Results written
Simulation finished.
>>> Timings
StatTimingPathPlanningAverage: 0.00019429171597633123
StatTimingPathPlanningOverall: 0.1641764999999999
StatTimingPathPlanningCount: 845
StatTimingTaskAllocationAverage: 0.0037157202764976967
StatTimingTaskAllocationOverall: 0.8063113000000002
StatTimingTaskAllocationCount: 217
StatTimingItemStorageAverage: 2.111806543385492E-06
StatTimingItemStorageOverall: 0.0014846000000000006
StatTimingItemStorageCount: 703
StatTimingPodStorageAverage: 0.004067793203883495
StatTimingPodStorageOverall: 0.4189827
StatTimingPodStorageCount: 103
StatTimingReplenishmentBatchingAverage: 8.45E-06
StatTimingReplenishmentBatchingOverall: 1.69E-05
StatTimingReplenishmentBatchingCount: 2
StatTimingOrderBatchingAverage: 0.00018229846350832277
StatTimingOrderBatchingOverall: 0.1423751000000001
StatTimingOrderBatchingCount: 781
>>> Overall
StatOverallBundlesPlaced: 0
StatOverallItemsOrdered: 667
StatOverallOrdersPlaced: 414
StatOverallBundlesRejected: 0
StatOverallOrdersRejected: 0
StatOverallBundlesHandled: 0
StatOverallItemsHandled: 721
StatOverallLinesHandled: 683
StatOverallOrdersHandled: 464
StatOverallCollisions: 0
StatOverallDistanceTraveled: 5203.608095116638
StatOverallDistanceEstimated: 5025
StatOverallAssignedTasks: 217
StatMaxMemoryUsed: 108,34765625
StatRealTimeUsed: 1.9107251
StatAverageTurnoverTime: 444.27609278563364
StatMedianTurnoverTime: 316.9151875828256
StatLowerQuartileTurnoverTime: 116.78009379141321
StatUpperQuartileTurnoverTime: 666.1020418323187
StatAverageThroughputTime: 97.58964280924089
StatMedianThroughputTime: 27.266111111111513
StatLowerQuartileThroughputTime: 17.00888888888892
StatUpperQuartileThroughputTime: 93.03833333333341

Marked tag finished after 1 tries!
.Fin. - SUCCESS
<<< Welcome to the RAWSimO CLI >>>
The time is: 06/13/2024 09:56:06
Starting RAWSimO wrapper with the following arguments:
Instance: ..\..\..\..\Material\Instances\0.Weighted30min Demand separate\Dd\Weighted2.xinst
Setting: ..\..\..\..\Material\Instances\0.Weighted30min Demand separate\Dd\Weighted2.xsett
ControlConfig: ..\..\..\..\Material\Instances\0.Weighted30min Demand separate\Dd\Weighted2.xconf
StatisticsDir: ..\..\..\..\Material\Instances\0.Weighted30min Demand separate\Dd
Seed: 1
Additionally the following tag was passed: 1, 0.346, 0.05, 0.139, 0.408, 1.0
Adding handler for unhandled exceptions ...
Initializing ... 
Instance recognized!
Parsing setting config ...
Parsing control config ...
Parsing instance ...
StatisticsFolder: Weighted2-Dd_[[1, 0.346, 0.05]]_3_[0.139, 0.408, 1.0].csv-1
Done!
