Executing ... 
 09:42:04 | >>> Warming up ...
 00:00:00 | >>> Warmup finished - starting simulation ...
 Realtime |   ETA    |  Sim.Time  | Progress | #Orders | #Bundles | Inv. | Distance | #Coll. |   Memory    
 00:00:00 |   n/a    | 0.00:00:00 |  0.00%   |    0    |    0     | 60%  |    0     |   0    |  94.61MB  
 00:00:01 | Cannot generate further orders - suspending generation for now
 00:00:01 | Cannot generate further orders - suspending generation for now
 00:00:01 | Cannot generate further orders - suspending generation for now
 00:00:01 | Cannot generate further orders - suspending generation for now
 00:00:01 | Cannot generate further orders - suspending generation for now
 00:00:01 | Cannot generate further orders - suspending generation for now
 00:00:01 | 00:00:00 | 0.00:30:00 | 100.00%  |   455   |    0     | 19%  |   5066   |   0    |  92.23MB  
 00:00:01 | >>> Simulation finished - writing results ...
 00:00:01 | >>> Results written
Simulation finished.
>>> Timings
StatTimingPathPlanningAverage: 0.0001236854729729729
StatTimingPathPlanningOverall: 0.10983269999999994
StatTimingPathPlanningCount: 888
StatTimingTaskAllocationAverage: 0.002141595734597158
StatTimingTaskAllocationOverall: 0.4518767000000003
StatTimingTaskAllocationCount: 211
StatTimingItemStorageAverage: 1.2564491654021235E-06
StatTimingItemStorageOverall: 0.0008279999999999994
StatTimingItemStorageCount: 659
StatTimingPodStorageAverage: 0.002078920792079208
StatTimingPodStorageOverall: 0.20997100000000002
StatTimingPodStorageCount: 101
StatTimingReplenishmentBatchingAverage: 8.3E-06
StatTimingReplenishmentBatchingOverall: 1.66E-05
StatTimingReplenishmentBatchingCount: 2
StatTimingOrderBatchingAverage: 0.00012265494791666666
StatTimingOrderBatchingOverall: 0.09419899999999999
StatTimingOrderBatchingCount: 768
>>> Overall
StatOverallBundlesPlaced: 0
StatOverallItemsOrdered: 644
StatOverallOrdersPlaced: 415
StatOverallBundlesRejected: 0
StatOverallOrdersRejected: 0
StatOverallBundlesHandled: 0
StatOverallItemsHandled: 677
StatOverallLinesHandled: 640
StatOverallOrdersHandled: 455
StatOverallCollisions: 0
StatOverallDistanceTraveled: 5066.291864343243
StatOverallDistanceEstimated: 4900
StatOverallAssignedTasks: 211
StatMaxMemoryUsed: 94,60546875
StatRealTimeUsed: 1.2521194
StatAverageTurnoverTime: 456.9157860301127
StatMedianTurnoverTime: 340.4804689570658
StatLowerQuartileTurnoverTime: 179.8627849707009
StatUpperQuartileTurnoverTime: 582.0983333333332
StatAverageThroughputTime: 89.07044461833947
StatMedianThroughputTime: 24.966666666666924
StatLowerQuartileThroughputTime: 16.026666666666692
StatUpperQuartileThroughputTime: 86.44740980504798

Marked tag finished after 1 tries!
.Fin. - SUCCESS
<<< Welcome to the RAWSimO CLI >>>
The time is: 06/13/2024 09:42:05
Starting RAWSimO wrapper with the following arguments:
Instance: ..\..\..\..\Material\Instances\0.Weighted30min Demand separate\Db\Weighted2.xinst
Setting: ..\..\..\..\Material\Instances\0.Weighted30min Demand separate\Db\Weighted2.xsett
ControlConfig: ..\..\..\..\Material\Instances\0.Weighted30min Demand separate\Db\Weighted2.xconf
StatisticsDir: ..\..\..\..\Material\Instances\0.Weighted30min Demand separate\Db
Seed: 3
Additionally the following tag was passed: 1, 0.059, 0.059, 0.121, 0.39, 0.667
Adding handler for unhandled exceptions ...
Initializing ... 
Instance recognized!
Parsing setting config ...
Parsing control config ...
Parsing instance ...
StatisticsFolder: Weighted2-Db_[[1, 0.059, 0.059]]_3_[0.121, 0.39, 0.667].csv-3
Done!
