Executing ... 
 13:46:21 | >>> Warming up ...
 00:00:00 | >>> Warmup finished - starting simulation ...
 Realtime |   ETA    |  Sim.Time  | Progress | #Orders | #Bundles | Inv. | Distance | #Coll. |   Memory    
 00:00:00 |   n/a    | 0.00:00:00 |  0.00%   |    0    |    0     | 60%  |    0     |   0    |  82.39MB  
 00:00:00 | Cannot generate further orders - suspending generation for now
 00:00:00 | Cannot generate further orders - suspending generation for now
 00:00:00 | Cannot generate further orders - suspending generation for now
 00:00:00 | Cannot generate further orders - suspending generation for now
 00:00:00 | Cannot generate further orders - suspending generation for now
 00:00:01 | Cannot generate further orders - suspending generation for now
 00:00:01 | Cannot generate further orders - suspending generation for now
 00:00:01 | Cannot generate further orders - suspending generation for now
 00:00:01 | Cannot generate further orders - suspending generation for now
 00:00:01 | Cannot generate further orders - suspending generation for now
 00:00:01 | Cannot generate further orders - suspending generation for now
 00:00:01 | Cannot generate further orders - suspending generation for now
 00:00:01 | Cannot generate further orders - suspending generation for now
 00:00:01 | 00:00:00 | 0.00:30:00 | 100.00%  |   464   |    0     | 18%  |   4964   |   0    |  87.39MB  
 00:00:01 | >>> Simulation finished - writing results ...
 00:00:01 | >>> Results written
Simulation finished.
>>> Timings
StatTimingPathPlanningAverage: 9.590860091743134E-05
StatTimingPathPlanningOverall: 0.08363230000000013
StatTimingPathPlanningCount: 872
StatTimingTaskAllocationAverage: 0.0021692730593607305
StatTimingTaskAllocationOverall: 0.47507079999999996
StatTimingTaskAllocationCount: 219
StatTimingItemStorageAverage: 1.1310043668122286E-06
StatTimingItemStorageOverall: 0.000777000000000001
StatTimingItemStorageCount: 687
StatTimingPodStorageAverage: 0.0017625999999999998
StatTimingPodStorageOverall: 0.18331039999999998
StatTimingPodStorageCount: 104
StatTimingReplenishmentBatchingAverage: 8.5E-06
StatTimingReplenishmentBatchingOverall: 1.7E-05
StatTimingReplenishmentBatchingCount: 2
StatTimingOrderBatchingAverage: 0.00010384321808510634
StatTimingOrderBatchingOverall: 0.07809009999999997
StatTimingOrderBatchingCount: 752
>>> Overall
StatOverallBundlesPlaced: 0
StatOverallItemsOrdered: 619
StatOverallOrdersPlaced: 399
StatOverallBundlesRejected: 0
StatOverallOrdersRejected: 0
StatOverallBundlesHandled: 0
StatOverallItemsHandled: 705
StatOverallLinesHandled: 668
StatOverallOrdersHandled: 464
StatOverallCollisions: 0
StatOverallDistanceTraveled: 4964.44932716183
StatOverallDistanceEstimated: 4834
StatOverallAssignedTasks: 219
StatMaxMemoryUsed: 90,1875
StatRealTimeUsed: 1.1937315
StatAverageTurnoverTime: 415.87028124004206
StatMedianTurnoverTime: 250.79555555555552
StatLowerQuartileTurnoverTime: 97.94101731969803
StatUpperQuartileTurnoverTime: 554.7532467348418
StatAverageThroughputTime: 91.42116877555225
StatMedianThroughputTime: 21.48685424949241
StatLowerQuartileThroughputTime: 12.579538235857285
StatUpperQuartileThroughputTime: 84.11222222222273

Marked tag finished after 1 tries!
.Fin. - SUCCESS
<<< Welcome to the RAWSimO CLI >>>
The time is: 06/07/2024 13:46:22
Starting RAWSimO wrapper with the following arguments:
Instance: ..\..\..\..\Material\Instances\0.Weighted30min Demand separate\De\Weighted2.xinst
Setting: ..\..\..\..\Material\Instances\0.Weighted30min Demand separate\De\Weighted2.xsett
ControlConfig: ..\..\..\..\Material\Instances\0.Weighted30min Demand separate\De\Weighted2.xconf
StatisticsDir: ..\..\..\..\Material\Instances\0.Weighted30min Demand separate\De
Seed: 2
Additionally the following tag was passed: wmin
Adding handler for unhandled exceptions ...
Initializing ... 
Instance recognized!
Parsing setting config ...
Parsing control config ...
Parsing instance ...
StatisticsFolder: Weighted2-De_wmin_2.csv-2
Done!
