Executing ... 
 09:42:19 | >>> Warming up ...
 00:00:00 | >>> Warmup finished - starting simulation ...
 Realtime |   ETA    |  Sim.Time  | Progress | #Orders | #Bundles | Inv. | Distance | #Coll. |   Memory    
 00:00:00 |   n/a    | 0.00:00:00 |  0.00%   |    0    |    0     | 60%  |    0     |   0    |  96.39MB  
 00:00:01 | Cannot generate further orders - suspending generation for now
 00:00:01 | Cannot generate further orders - suspending generation for now
 00:00:01 | Cannot generate further orders - suspending generation for now
 00:00:01 | Cannot generate further orders - suspending generation for now
 00:00:01 | Cannot generate further orders - suspending generation for now
 00:00:01 | Cannot generate further orders - suspending generation for now
 00:00:01 | Cannot generate further orders - suspending generation for now
 00:00:01 | 00:00:00 | 0.00:30:00 | 100.00%  |   463   |    0     | 17%  |   5233   |   0    |  92.12MB  
 00:00:01 | >>> Simulation finished - writing results ...
 00:00:01 | >>> Results written
Simulation finished.
>>> Timings
StatTimingPathPlanningAverage: 0.00014161064327485373
StatTimingPathPlanningOverall: 0.12107709999999995
StatTimingPathPlanningCount: 855
StatTimingTaskAllocationAverage: 0.0023781279279279305
StatTimingTaskAllocationOverall: 0.5279444000000005
StatTimingTaskAllocationCount: 222
StatTimingItemStorageAverage: 1.3684736091298146E-06
StatTimingItemStorageOverall: 0.0009593000000000001
StatTimingItemStorageCount: 701
StatTimingPodStorageAverage: 0.001766570754716981
StatTimingPodStorageOverall: 0.1872565
StatTimingPodStorageCount: 106
StatTimingReplenishmentBatchingAverage: 9.149999999999999E-06
StatTimingReplenishmentBatchingOverall: 1.8299999999999998E-05
StatTimingReplenishmentBatchingCount: 2
StatTimingOrderBatchingAverage: 0.00012903529411764707
StatTimingOrderBatchingOverall: 0.1009056
StatTimingOrderBatchingCount: 782
>>> Overall
StatOverallBundlesPlaced: 0
StatOverallItemsOrdered: 667
StatOverallOrdersPlaced: 433
StatOverallBundlesRejected: 0
StatOverallOrdersRejected: 0
StatOverallBundlesHandled: 0
StatOverallItemsHandled: 715
StatOverallLinesHandled: 676
StatOverallOrdersHandled: 463
StatOverallCollisions: 0
StatOverallDistanceTraveled: 5233.150277532551
StatOverallDistanceEstimated: 5078
StatOverallAssignedTasks: 222
StatMaxMemoryUsed: 96,58984375
StatRealTimeUsed: 1.4380867
StatAverageTurnoverTime: 462.3679066889792
StatMedianTurnoverTime: 309.9267604580795
StatLowerQuartileTurnoverTime: 126.51388888888926
StatUpperQuartileTurnoverTime: 663.0561111111132
StatAverageThroughputTime: 93.17964687029396
StatMedianThroughputTime: 24.8033333333334
StatLowerQuartileThroughputTime: 16.140649346968758
StatUpperQuartileThroughputTime: 83.93499999999989

Marked tag finished after 1 tries!
.Fin. - SUCCESS
<<< Welcome to the RAWSimO CLI >>>
The time is: 06/13/2024 09:42:21
Starting RAWSimO wrapper with the following arguments:
Instance: ..\..\..\..\Material\Instances\0.Weighted30min Demand separate\Db\Weighted2.xinst
Setting: ..\..\..\..\Material\Instances\0.Weighted30min Demand separate\Db\Weighted2.xsett
ControlConfig: ..\..\..\..\Material\Instances\0.Weighted30min Demand separate\Db\Weighted2.xconf
StatisticsDir: ..\..\..\..\Material\Instances\0.Weighted30min Demand separate\Db
Seed: 3
Additionally the following tag was passed: 1, 0.059, 0.30400000000000005, 0.21, 0.22, 0.442
Adding handler for unhandled exceptions ...
Initializing ... 
Instance recognized!
Parsing setting config ...
Parsing control config ...
Parsing instance ...
StatisticsFolder: Weighted2-Db_[[1, 0.059, 0.30400000000000005]]_3_[0.21, 0.22, 0.442].csv-3
Done!
