Executing ... 
 19:10:09 | >>> Warming up ...
 00:00:00 | >>> Warmup finished - starting simulation ...
 Realtime |   ETA    |  Sim.Time  | Progress | #Orders | #Bundles | Inv. | Distance | #Coll. |   Memory    
 00:00:00 |   n/a    | 0.00:00:00 |  0.00%   |    0    |    0     | 60%  |    0     |   0    | 100.97MB  
 00:00:00 | Cannot generate further orders - suspending generation for now
 00:00:00 | Cannot generate further orders - suspending generation for now
 00:00:01 | Cannot generate further orders - suspending generation for now
 00:00:01 | Cannot generate further orders - suspending generation for now
 00:00:01 | Cannot generate further orders - suspending generation for now
 00:00:01 | Cannot generate further orders - suspending generation for now
 00:00:01 | Cannot generate further orders - suspending generation for now
 00:00:01 | Cannot generate further orders - suspending generation for now
 00:00:01 | Cannot generate further orders - suspending generation for now
 00:00:01 | Cannot generate further orders - suspending generation for now
 00:00:01 | 00:00:00 | 0.00:30:00 | 100.00%  |   470   |    0     | 16%  |   5096   |   0    |  97.63MB  
 00:00:01 | >>> Simulation finished - writing results ...
 00:00:01 | >>> Results written
Simulation finished.
>>> Timings
StatTimingPathPlanningAverage: 0.00010215582524271841
StatTimingPathPlanningOverall: 0.08417639999999997
StatTimingPathPlanningCount: 824
StatTimingTaskAllocationAverage: 0.0023005174528301876
StatTimingTaskAllocationOverall: 0.4877096999999998
StatTimingTaskAllocationCount: 212
StatTimingItemStorageAverage: 1.069803370786517E-06
StatTimingItemStorageOverall: 0.0007617000000000001
StatTimingItemStorageCount: 712
StatTimingPodStorageAverage: 0.002361983168316833
StatTimingPodStorageOverall: 0.23856030000000011
StatTimingPodStorageCount: 101
StatTimingReplenishmentBatchingAverage: 7.6E-06
StatTimingReplenishmentBatchingOverall: 1.52E-05
StatTimingReplenishmentBatchingCount: 2
StatTimingOrderBatchingAverage: 0.00010148945312500006
StatTimingOrderBatchingOverall: 0.07794390000000005
StatTimingOrderBatchingCount: 768
>>> Overall
StatOverallBundlesPlaced: 0
StatOverallItemsOrdered: 636
StatOverallOrdersPlaced: 404
StatOverallBundlesRejected: 0
StatOverallOrdersRejected: 0
StatOverallBundlesHandled: 0
StatOverallItemsHandled: 731
StatOverallLinesHandled: 693
StatOverallOrdersHandled: 470
StatOverallCollisions: 0
StatOverallDistanceTraveled: 5096.056861048214
StatOverallDistanceEstimated: 4977
StatOverallAssignedTasks: 212
StatMaxMemoryUsed: 101,16015625
StatRealTimeUsed: 1.1911657
StatAverageTurnoverTime: 455.24966657001835
StatMedianTurnoverTime: 291.9689754873804
StatLowerQuartileTurnoverTime: 92.84796536060354
StatUpperQuartileTurnoverTime: 672.8003679727299
StatAverageThroughputTime: 91.23770796070171
StatMedianThroughputTime: 21.29833333333329
StatLowerQuartileThroughputTime: 16.133888888889032
StatUpperQuartileThroughputTime: 77.01296536060454

Marked tag finished after 1 tries!
.Fin. - SUCCESS
<<< Welcome to the RAWSimO CLI >>>
The time is: 06/12/2024 19:10:11
Starting RAWSimO wrapper with the following arguments:
Instance: ..\..\..\..\Material\Instances\0.Weighted30min Demand separate\Da\Weighted2.xinst
Setting: ..\..\..\..\Material\Instances\0.Weighted30min Demand separate\Da\Weighted2.xsett
ControlConfig: ..\..\..\..\Material\Instances\0.Weighted30min Demand separate\Da\Weighted2.xconf
StatisticsDir: ..\..\..\..\Material\Instances\0.Weighted30min Demand separate\Da
Seed: 2
Additionally the following tag was passed: [[1, 1, 1]]
Adding handler for unhandled exceptions ...
Initializing ... 
Instance recognized!
Parsing setting config ...
Parsing control config ...
Parsing instance ...
StatisticsFolder: Weighted2-Da_[[1, 1, 1]]_2.csv-2
Done!
