Executing ... 
 19:21:43 | >>> Warming up ...
 00:00:00 | >>> Warmup finished - starting simulation ...
 Realtime |   ETA    |  Sim.Time  | Progress | #Orders | #Bundles | Inv. | Distance | #Coll. |   Memory    
 00:00:00 |   n/a    | 0.00:00:00 |  0.00%   |    0    |    0     | 60%  |    0     |   0    |  99.73MB  
 00:00:00 | Cannot generate further orders - suspending generation for now
 00:00:00 | Cannot generate further orders - suspending generation for now
 00:00:00 | Cannot generate further orders - suspending generation for now
 00:00:00 | Cannot generate further orders - suspending generation for now
 00:00:00 | Cannot generate further orders - suspending generation for now
 00:00:00 | Cannot generate further orders - suspending generation for now
 00:00:00 | Cannot generate further orders - suspending generation for now
 00:00:00 | Cannot generate further orders - suspending generation for now
 00:00:00 | Cannot generate further orders - suspending generation for now
 00:00:00 | Cannot generate further orders - suspending generation for now
 00:00:00 | 00:00:00 | 0.00:30:00 | 100.00%  |   483   |    0     | 15%  |   4904   |   0    |  97.00MB  
 00:00:00 | >>> Simulation finished - writing results ...
 00:00:00 | >>> Results written
Simulation finished.
>>> Timings
StatTimingPathPlanningAverage: 8.778651817116059E-05
StatTimingPathPlanningOverall: 0.07488189999999999
StatTimingPathPlanningCount: 853
StatTimingTaskAllocationAverage: 0.0017364590909090911
StatTimingTaskAllocationOverall: 0.34381890000000004
StatTimingTaskAllocationCount: 198
StatTimingItemStorageAverage: 8.440976933514288E-07
StatTimingItemStorageOverall: 0.000622100000000003
StatTimingItemStorageCount: 737
StatTimingPodStorageAverage: 0.0015655553191489355
StatTimingPodStorageOverall: 0.14716219999999994
StatTimingPodStorageCount: 94
StatTimingReplenishmentBatchingAverage: 7.8E-06
StatTimingReplenishmentBatchingOverall: 1.56E-05
StatTimingReplenishmentBatchingCount: 2
StatTimingOrderBatchingAverage: 8.416687344913151E-05
StatTimingOrderBatchingOverall: 0.0678385
StatTimingOrderBatchingCount: 806
>>> Overall
StatOverallBundlesPlaced: 0
StatOverallItemsOrdered: 660
StatOverallOrdersPlaced: 408
StatOverallBundlesRejected: 0
StatOverallOrdersRejected: 0
StatOverallBundlesHandled: 0
StatOverallItemsHandled: 752
StatOverallLinesHandled: 702
StatOverallOrdersHandled: 483
StatOverallCollisions: 0
StatOverallDistanceTraveled: 4904.42064489537
StatOverallDistanceEstimated: 4740
StatOverallAssignedTasks: 198
StatMaxMemoryUsed: 99,734375
StatRealTimeUsed: 0.9166919
StatAverageTurnoverTime: 480.34028510410366
StatMedianTurnoverTime: 334.6525901949527
StatLowerQuartileTurnoverTime: 159.10398987322304
StatUpperQuartileTurnoverTime: 737.129170263133
StatAverageThroughputTime: 91.6788393699231
StatMedianThroughputTime: 25.247222222222945
StatLowerQuartileThroughputTime: 16.513614707571833
StatUpperQuartileThroughputTime: 87.82722222222242

Marked tag finished after 1 tries!
.Fin. - SUCCESS
<<< Welcome to the RAWSimO CLI >>>
The time is: 06/25/2024 19:21:44
Starting RAWSimO wrapper with the following arguments:
Instance: ..\..\..\..\Material\Instances\10.Weighted30min Demand Gall\Dp\Weighted2.xinst
Setting: ..\..\..\..\Material\Instances\10.Weighted30min Demand Gall\Dp\Weighted2.xsett
ControlConfig: ..\..\..\..\Material\Instances\10.Weighted30min Demand Gall\Dp\Weighted2.xconf
StatisticsDir: ..\..\..\..\Material\Instances\10.Weighted30min Demand Gall\Dp
Seed: 5
Additionally the following tag was passed: 1, 0.45999999999999996, 1.0, 0.169, 0.367, 1.0
Adding handler for unhandled exceptions ...
Initializing ... 
Instance recognized!
Parsing setting config ...
Parsing control config ...
Parsing instance ...
StatisticsFolder: Weighted2-Dp_[[1, 0.45999999999999996, 1.0]]_3_[0.169, 0.367, 1.0].csv-5
Done!
