Executing ... 
 21:29:34 | >>> Warming up ...
 00:00:00 | >>> Warmup finished - starting simulation ...
 Realtime |   ETA    |  Sim.Time  | Progress | #Orders | #Bundles | Inv. | Distance | #Coll. |   Memory    
 00:00:00 |   n/a    | 0.00:00:00 |  0.00%   |    0    |    0     | 60%  |    0     |   0    |  79.97MB  
 00:00:00 | Cannot generate further orders - suspending generation for now
 00:00:00 | Cannot generate further orders - suspending generation for now
 00:00:00 | Cannot generate further orders - suspending generation for now
 00:00:00 | Cannot generate further orders - suspending generation for now
 00:00:00 | Cannot generate further orders - suspending generation for now
 00:00:00 | Cannot generate further orders - suspending generation for now
 00:00:00 | Cannot generate further orders - suspending generation for now
 00:00:00 | Cannot generate further orders - suspending generation for now
 00:00:01 | Cannot generate further orders - suspending generation for now
 00:00:01 | Cannot generate further orders - suspending generation for now
 00:00:01 | 00:00:00 | 0.00:30:00 | 100.00%  |   479   |    0     | 16%  |   5162   |   0    |  76.21MB  
 00:00:01 | >>> Simulation finished - writing results ...
 00:00:01 | >>> Results written
Simulation finished.
>>> Timings
StatTimingPathPlanningAverage: 9.38401183431953E-05
StatTimingPathPlanningOverall: 0.07929490000000003
StatTimingPathPlanningCount: 845
StatTimingTaskAllocationAverage: 0.0018535724770642208
StatTimingTaskAllocationOverall: 0.4040788000000001
StatTimingTaskAllocationCount: 218
StatTimingItemStorageAverage: 1.0725738396624509E-06
StatTimingItemStorageOverall: 0.0007626000000000026
StatTimingItemStorageCount: 711
StatTimingPodStorageAverage: 0.0016723394230769224
StatTimingPodStorageOverall: 0.17392329999999992
StatTimingPodStorageCount: 104
StatTimingReplenishmentBatchingAverage: 7.699999999999999E-06
StatTimingReplenishmentBatchingOverall: 1.5399999999999998E-05
StatTimingReplenishmentBatchingCount: 2
StatTimingOrderBatchingAverage: 0.00011370287206266328
StatTimingOrderBatchingOverall: 0.08709640000000007
StatTimingOrderBatchingCount: 766
>>> Overall
StatOverallBundlesPlaced: 0
StatOverallItemsOrdered: 667
StatOverallOrdersPlaced: 417
StatOverallBundlesRejected: 0
StatOverallOrdersRejected: 0
StatOverallBundlesHandled: 0
StatOverallItemsHandled: 727
StatOverallLinesHandled: 690
StatOverallOrdersHandled: 479
StatOverallCollisions: 0
StatOverallDistanceTraveled: 5162.316144320395
StatOverallDistanceEstimated: 5089
StatOverallAssignedTasks: 218
StatMaxMemoryUsed: 80,4765625
StatRealTimeUsed: 1.1562271
StatAverageTurnoverTime: 468.4216279637383
StatMedianTurnoverTime: 351.0216594737483
StatLowerQuartileTurnoverTime: 150.56629869393691
StatUpperQuartileTurnoverTime: 663.1068614424138
StatAverageThroughputTime: 86.81734660926496
StatMedianThroughputTime: 20.871666666666442
StatLowerQuartileThroughputTime: 12.48277777777821
StatUpperQuartileThroughputTime: 74.99611111111102

Marked tag finished after 1 tries!
.Fin. - SUCCESS
<<< Welcome to the RAWSimO CLI >>>
The time is: 06/12/2024 21:29:36
Starting RAWSimO wrapper with the following arguments:
Instance: ..\..\..\..\Material\Instances\0.Weighted30min Demand separate\Da\Weighted2.xinst
Setting: ..\..\..\..\Material\Instances\0.Weighted30min Demand separate\Da\Weighted2.xsett
ControlConfig: ..\..\..\..\Material\Instances\0.Weighted30min Demand separate\Da\Weighted2.xconf
StatisticsDir: ..\..\..\..\Material\Instances\0.Weighted30min Demand separate\Da
Seed: 4
Additionally the following tag was passed: 1, 5.026, 0.5455, 0.198, 0.1, 0.359
Adding handler for unhandled exceptions ...
Initializing ... 
Instance recognized!
Parsing setting config ...
Parsing control config ...
Parsing instance ...
StatisticsFolder: Weighted2-Da_[[1, 5.026, 0.5455]]_1_[0.198, 0.1, 0.359].csv-4
Done!
