Executing ... 
 16:20:12 | >>> Warming up ...
 00:00:00 | >>> Warmup finished - starting simulation ...
 Realtime |   ETA    |  Sim.Time  | Progress | #Orders | #Bundles | Inv. | Distance | #Coll. |   Memory    
 00:00:00 |   n/a    | 0.00:00:00 |  0.00%   |    0    |    0     | 60%  |    0     |   0    |  80.11MB  
 00:00:00 | Cannot generate further orders - suspending generation for now
 00:00:00 | Cannot generate further orders - suspending generation for now
 00:00:01 | Cannot generate further orders - suspending generation for now
 00:00:01 | Cannot generate further orders - suspending generation for now
 00:00:01 | Cannot generate further orders - suspending generation for now
 00:00:01 | Cannot generate further orders - suspending generation for now
 00:00:01 | Cannot generate further orders - suspending generation for now
 00:00:01 | Cannot generate further orders - suspending generation for now
 00:00:01 | Cannot generate further orders - suspending generation for now
 00:00:01 | Cannot generate further orders - suspending generation for now
 00:00:01 | Cannot generate further orders - suspending generation for now
 00:00:01 | 00:00:00 | 0.00:30:00 | 100.00%  |   497   |    0     | 14%  |   4897   |   0    |  77.09MB  
 00:00:01 | >>> Simulation finished - writing results ...
 00:00:01 | >>> Results written
Simulation finished.
>>> Timings
StatTimingPathPlanningAverage: 0.00013213561151079152
StatTimingPathPlanningOverall: 0.11020110000000014
StatTimingPathPlanningCount: 834
StatTimingTaskAllocationAverage: 0.0024296648241206036
StatTimingTaskAllocationOverall: 0.4835033000000001
StatTimingTaskAllocationCount: 199
StatTimingItemStorageAverage: 1.4136302294197001E-06
StatTimingItemStorageOverall: 0.0010474999999999979
StatTimingItemStorageCount: 741
StatTimingPodStorageAverage: 0.0022853343749999993
StatTimingPodStorageOverall: 0.21939209999999995
StatTimingPodStorageCount: 96
StatTimingReplenishmentBatchingAverage: 1.0300000000000001E-05
StatTimingReplenishmentBatchingOverall: 2.0600000000000003E-05
StatTimingReplenishmentBatchingCount: 2
StatTimingOrderBatchingAverage: 0.00012016080910240201
StatTimingOrderBatchingOverall: 0.09504719999999998
StatTimingOrderBatchingCount: 791
>>> Overall
StatOverallBundlesPlaced: 0
StatOverallItemsOrdered: 663
StatOverallOrdersPlaced: 416
StatOverallBundlesRejected: 0
StatOverallOrdersRejected: 0
StatOverallBundlesHandled: 0
StatOverallItemsHandled: 773
StatOverallLinesHandled: 732
StatOverallOrdersHandled: 497
StatOverallCollisions: 0
StatOverallDistanceTraveled: 4897.130481748947
StatOverallDistanceEstimated: 4707
StatOverallAssignedTasks: 199
StatMaxMemoryUsed: 80,10546875
StatRealTimeUsed: 1.2651561
StatAverageTurnoverTime: 441.7454657481225
StatMedianTurnoverTime: 275.4560173196983
StatLowerQuartileTurnoverTime: 122.79417026312683
StatUpperQuartileTurnoverTime: 611.8537084989885
StatAverageThroughputTime: 96.54927393930427
StatMedianThroughputTime: 24.19666666666717
StatLowerQuartileThroughputTime: 15.946666666666601
StatUpperQuartileThroughputTime: 85.6450937914135

Marked tag finished after 1 tries!
.Fin. - SUCCESS
<<< Welcome to the RAWSimO CLI >>>
The time is: 06/21/2024 16:20:13
Starting RAWSimO wrapper with the following arguments:
Instance: ..\..\..\..\Material\Instances\01.Weighted30min Demand Gall\Dp\Weighted2.xinst
Setting: ..\..\..\..\Material\Instances\01.Weighted30min Demand Gall\Dp\Weighted2.xsett
ControlConfig: ..\..\..\..\Material\Instances\01.Weighted30min Demand Gall\Dp\Weighted2.xconf
StatisticsDir: ..\..\..\..\Material\Instances\01.Weighted30min Demand Gall\Dp
Seed: 1
Additionally the following tag was passed: 1, 1.0, 1.0, 0.2, 0.2, 1.0
Adding handler for unhandled exceptions ...
Initializing ... 
Instance recognized!
Parsing setting config ...
Parsing control config ...
Parsing instance ...
StatisticsFolder: Weighted2-Dp_[[1, 1.0, 1.0]]_2_[0.2, 0.2, 1.0].csv-1
Done!
