Executing ... 
 13:45:37 | >>> Warming up ...
 00:00:00 | >>> Warmup finished - starting simulation ...
 Realtime |   ETA    |  Sim.Time  | Progress | #Orders | #Bundles | Inv. | Distance | #Coll. |   Memory    
 00:00:00 |   n/a    | 0.00:00:00 |  0.00%   |    0    |    0     | 60%  |    0     |   0    |  92.03MB  
 00:00:01 | Cannot generate further orders - suspending generation for now
 00:00:01 | Cannot generate further orders - suspending generation for now
 00:00:01 | Cannot generate further orders - suspending generation for now
 00:00:01 | Cannot generate further orders - suspending generation for now
 00:00:01 | Cannot generate further orders - suspending generation for now
 00:00:01 | Cannot generate further orders - suspending generation for now
 00:00:01 | Cannot generate further orders - suspending generation for now
 00:00:01 | Cannot generate further orders - suspending generation for now
 00:00:01 | Cannot generate further orders - suspending generation for now
 00:00:01 | Cannot generate further orders - suspending generation for now
 00:00:01 | 00:00:00 | 0.00:30:00 | 100.00%  |   493   |    0     | 15%  |   4952   |   0    |  64.63MB  
 00:00:01 | >>> Simulation finished - writing results ...
 00:00:01 | >>> Results written
Simulation finished.
>>> Timings
StatTimingPathPlanningAverage: 0.00010791130221130218
StatTimingPathPlanningOverall: 0.08783979999999998
StatTimingPathPlanningCount: 814
StatTimingTaskAllocationAverage: 0.003213927586206898
StatTimingTaskAllocationOverall: 0.6524273000000003
StatTimingTaskAllocationCount: 203
StatTimingItemStorageAverage: 1.2980446927374244E-06
StatTimingItemStorageOverall: 0.0009293999999999959
StatTimingItemStorageCount: 716
StatTimingPodStorageAverage: 0.003472075000000001
StatTimingPodStorageOverall: 0.3333192000000001
StatTimingPodStorageCount: 96
StatTimingReplenishmentBatchingAverage: 9.55E-06
StatTimingReplenishmentBatchingOverall: 1.91E-05
StatTimingReplenishmentBatchingCount: 2
StatTimingOrderBatchingAverage: 0.00012363657289002564
StatTimingOrderBatchingOverall: 0.09668380000000004
StatTimingOrderBatchingCount: 782
>>> Overall
StatOverallBundlesPlaced: 0
StatOverallItemsOrdered: 663
StatOverallOrdersPlaced: 433
StatOverallBundlesRejected: 0
StatOverallOrdersRejected: 0
StatOverallBundlesHandled: 0
StatOverallItemsHandled: 749
StatOverallLinesHandled: 708
StatOverallOrdersHandled: 493
StatOverallCollisions: 0
StatOverallDistanceTraveled: 4952.478306174989
StatOverallDistanceEstimated: 4834
StatOverallAssignedTasks: 203
StatMaxMemoryUsed: 92,50390625
StatRealTimeUsed: 1.4221353
StatAverageTurnoverTime: 453.8382386415764
StatMedianTurnoverTime: 316.19009379141403
StatLowerQuartileTurnoverTime: 128.0275035964609
StatUpperQuartileTurnoverTime: 667.8711111111122
StatAverageThroughputTime: 84.30409954275805
StatMedianThroughputTime: 24.625
StatLowerQuartileThroughputTime: 16.027316013635016
StatUpperQuartileThroughputTime: 79.07500000000073

Marked tag finished after 1 tries!
.Fin. - SUCCESS
<<< Welcome to the RAWSimO CLI >>>
The time is: 06/07/2024 13:45:38
Starting RAWSimO wrapper with the following arguments:
Instance: ..\..\..\..\Material\Instances\0.Weighted30min Demand separate\Dd\Weighted2.xinst
Setting: ..\..\..\..\Material\Instances\0.Weighted30min Demand separate\Dd\Weighted2.xsett
ControlConfig: ..\..\..\..\Material\Instances\0.Weighted30min Demand separate\Dd\Weighted2.xconf
StatisticsDir: ..\..\..\..\Material\Instances\0.Weighted30min Demand separate\Dd
Seed: 1
Additionally the following tag was passed: [[1, 1, 0.05]]
Adding handler for unhandled exceptions ...
Initializing ... 
Instance recognized!
Parsing setting config ...
Parsing control config ...
Parsing instance ...
StatisticsFolder: Weighted2-Dd_[[1, 1, 0.05]]_2.csv-1
Done!
