Executing ... 
 09:45:47 | >>> Warming up ...
 00:00:00 | >>> Warmup finished - starting simulation ...
 Realtime |   ETA    |  Sim.Time  | Progress | #Orders | #Bundles | Inv. | Distance | #Coll. |   Memory    
 00:00:00 |   n/a    | 0.00:00:00 |  0.00%   |    0    |    0     | 60%  |    0     |   0    | 160.39MB  
 00:00:01 | Cannot generate further orders - suspending generation for now
 00:00:01 | Cannot generate further orders - suspending generation for now
 00:00:01 | Cannot generate further orders - suspending generation for now
 00:00:01 | Cannot generate further orders - suspending generation for now
 00:00:01 | Cannot generate further orders - suspending generation for now
 00:00:01 | Cannot generate further orders - suspending generation for now
 00:00:01 | Cannot generate further orders - suspending generation for now
 00:00:01 | Cannot generate further orders - suspending generation for now
 00:00:01 | Cannot generate further orders - suspending generation for now
 00:00:01 | 00:00:00 | 0.00:30:00 | 100.00%  |   470   |    0     | 16%  |   5146   |   0    |  69.99MB  
 00:00:01 | >>> Simulation finished - writing results ...
 00:00:01 | >>> Results written
Simulation finished.
>>> Timings
StatTimingPathPlanningAverage: 0.0001414500580720094
StatTimingPathPlanningOverall: 0.12178850000000009
StatTimingPathPlanningCount: 861
StatTimingTaskAllocationAverage: 0.0023472741626794262
StatTimingTaskAllocationOverall: 0.4905803000000001
StatTimingTaskAllocationCount: 209
StatTimingItemStorageAverage: 1.2597765363128497E-06
StatTimingItemStorageOverall: 0.0009020000000000003
StatTimingItemStorageCount: 716
StatTimingPodStorageAverage: 0.0020422670000000004
StatTimingPodStorageOverall: 0.20422670000000004
StatTimingPodStorageCount: 100
StatTimingReplenishmentBatchingAverage: 9.7E-06
StatTimingReplenishmentBatchingOverall: 1.94E-05
StatTimingReplenishmentBatchingCount: 2
StatTimingOrderBatchingAverage: 0.0001468320561941251
StatTimingOrderBatchingOverall: 0.11496949999999995
StatTimingOrderBatchingCount: 783
>>> Overall
StatOverallBundlesPlaced: 0
StatOverallItemsOrdered: 655
StatOverallOrdersPlaced: 415
StatOverallBundlesRejected: 0
StatOverallOrdersRejected: 0
StatOverallBundlesHandled: 0
StatOverallItemsHandled: 728
StatOverallLinesHandled: 687
StatOverallOrdersHandled: 470
StatOverallCollisions: 0
StatOverallDistanceTraveled: 5145.998100280852
StatOverallDistanceEstimated: 5007
StatOverallAssignedTasks: 209
StatMaxMemoryUsed: 160,38671875
StatRealTimeUsed: 1.3679766
StatAverageTurnoverTime: 473.90842642464935
StatMedianTurnoverTime: 337.6755555555551
StatLowerQuartileTurnoverTime: 143.18888888888898
StatUpperQuartileTurnoverTime: 694.675555555556
StatAverageThroughputTime: 90.37775585964097
StatMedianThroughputTime: 23.970555555555563
StatLowerQuartileThroughputTime: 13.187777777777796
StatUpperQuartileThroughputTime: 86.61888888889007

Marked tag finished after 1 tries!
.Fin. - SUCCESS
<<< Welcome to the RAWSimO CLI >>>
The time is: 06/13/2024 09:45:48
Starting RAWSimO wrapper with the following arguments:
Instance: ..\..\..\..\Material\Instances\0.Weighted30min Demand separate\Db\Weighted2.xinst
Setting: ..\..\..\..\Material\Instances\0.Weighted30min Demand separate\Db\Weighted2.xsett
ControlConfig: ..\..\..\..\Material\Instances\0.Weighted30min Demand separate\Db\Weighted2.xconf
StatisticsDir: ..\..\..\..\Material\Instances\0.Weighted30min Demand separate\Db
Seed: 2
Additionally the following tag was passed: 1, 0.8006, 0.794, 0.215, 0.27, 0.333
Adding handler for unhandled exceptions ...
Initializing ... 
Instance recognized!
Parsing setting config ...
Parsing control config ...
Parsing instance ...
StatisticsFolder: Weighted2-Db_[[1, 0.8006, 0.794]]_3_[0.215, 0.27, 0.333].csv-2
Done!
