Executing ... 
 15:39:14 | >>> Warming up ...
 00:00:00 | >>> Warmup finished - starting simulation ...
 Realtime |   ETA    |  Sim.Time  | Progress | #Orders | #Bundles | Inv. | Distance | #Coll. |   Memory    
 00:00:00 |   n/a    | 0.00:00:00 |  0.00%   |    0    |    0     | 83%  |    0     |   0    |  75.15MB  
 00:00:00 | Reactivating bundle generation paused by inventory+reserved+backlog level (currently at: 0.6491666666666667)
 00:00:00 | 00:00:00 | 0.00:30:00 | 100.00%  |   327   |    0     | 40%  |   2824   |   0    |  72.13MB  
 00:00:00 | >>> Simulation finished - writing results ...
 00:00:00 | >>> Results written
Simulation finished.
>>> Timings
StatTimingPathPlanningAverage: 7.4646468401487E-05
StatTimingPathPlanningOverall: 0.0401598
StatTimingPathPlanningCount: 538
StatTimingTaskAllocationAverage: 0.001556899242424243
StatTimingTaskAllocationOverall: 0.20551070000000007
StatTimingTaskAllocationCount: 132
StatTimingItemStorageAverage: 1.002857142857148E-06
StatTimingItemStorageOverall: 0.0004914000000000025
StatTimingItemStorageCount: 490
StatTimingPodStorageAverage: 0.0012968474576271183
StatTimingPodStorageOverall: 0.07651399999999998
StatTimingPodStorageCount: 59
StatTimingReplenishmentBatchingAverage: 6.375000000000001E-06
StatTimingReplenishmentBatchingOverall: 2.5500000000000003E-05
StatTimingReplenishmentBatchingCount: 4
StatTimingOrderBatchingAverage: 0.00010162636986301368
StatTimingOrderBatchingOverall: 0.05934979999999999
StatTimingOrderBatchingCount: 584
>>> Overall
StatOverallBundlesPlaced: 180
StatOverallItemsOrdered: 562
StatOverallOrdersPlaced: 362
StatOverallBundlesRejected: 0
StatOverallOrdersRejected: 0
StatOverallBundlesHandled: 0
StatOverallItemsHandled: 516
StatOverallLinesHandled: 487
StatOverallOrdersHandled: 327
StatOverallCollisions: 0
StatOverallDistanceTraveled: 2824.3625083151023
StatOverallDistanceEstimated: 2731
StatOverallAssignedTasks: 132
StatMaxMemoryUsed: 75,25390625
StatRealTimeUsed: 0.7490945
StatAverageTurnoverTime: 529.7222537719848
StatMedianTurnoverTime: 398.11203463939853
StatLowerQuartileTurnoverTime: 162.87287156919064
StatUpperQuartileTurnoverTime: 773.4838888888892
StatAverageThroughputTime: 146.26540567257308
StatMedianThroughputTime: 81.14268398636568
StatLowerQuartileThroughputTime: 51.29444444444448
StatUpperQuartileThroughputTime: 172.99027418131868

Marked tag finished after 1 tries!
.Fin. - SUCCESS
<<< Welcome to the RAWSimO CLI >>>
The time is: 06/03/2024 15:39:14
Starting RAWSimO wrapper with the following arguments:
Instance: ..\..\..\..\Material\Instances\0.Weighted30min\WeightedScenario.xinst
Setting: ..\..\..\..\Material\Instances\0.Weighted30min\WeightedScenario.xsett
ControlConfig: ..\..\..\..\Material\Instances\0.Weighted30min\WeightedScenario.xconf
StatisticsDir: ..\..\..\..\Material\Instances\0.Weighted30min
Seed: 1
Additionally the following tag was passed: Dcwhigh
Adding handler for unhandled exceptions ...
Initializing ... 
Instance recognized!
Parsing setting config ...
Parsing control config ...
Parsing instance ...
StatisticsFolder: WeightedScenario-Dc_whigh_2.csv-1
Done!
