Executing ... 
 10:00:06 | >>> Warming up ...
 00:00:00 | >>> Warmup finished - starting simulation ...
 Realtime |   ETA    |  Sim.Time  | Progress | #Orders | #Bundles | Inv. | Distance | #Coll. |   Memory    
 00:00:00 |   n/a    | 0.00:00:00 |  0.00%   |    0    |    0     | 60%  |    0     |   0    | 109.20MB  
 00:00:00 | Cannot generate further orders - suspending generation for now
 00:00:00 | Cannot generate further orders - suspending generation for now
 00:00:00 | Cannot generate further orders - suspending generation for now
 00:00:00 | Cannot generate further orders - suspending generation for now
 00:00:01 | Cannot generate further orders - suspending generation for now
 00:00:01 | Cannot generate further orders - suspending generation for now
 00:00:01 | Cannot generate further orders - suspending generation for now
 00:00:01 | Cannot generate further orders - suspending generation for now
 00:00:01 | Cannot generate further orders - suspending generation for now
 00:00:01 | Cannot generate further orders - suspending generation for now
 00:00:01 | Cannot generate further orders - suspending generation for now
 00:00:01 | Cannot generate further orders - suspending generation for now
 00:00:01 | Cannot generate further orders - suspending generation for now
 00:00:01 | Cannot generate further orders - suspending generation for now
 00:00:01 | Pausing order generation due to inventory level (currently at: 0.09583333333333334)
 00:00:01 | 00:00:00 | 0.00:30:00 | 100.00%  |   535   |    0     |  9%  |   4456   |   0    | 105.08MB  
 00:00:01 | >>> Simulation finished - writing results ...
 00:00:01 | >>> Results written
Simulation finished.
>>> Timings
StatTimingPathPlanningAverage: 0.00018832452830188693
StatTimingPathPlanningOverall: 0.1497180000000001
StatTimingPathPlanningCount: 795
StatTimingTaskAllocationAverage: 0.002691187362637363
StatTimingTaskAllocationOverall: 0.48979610000000007
StatTimingTaskAllocationCount: 182
StatTimingItemStorageAverage: 1.3750602409638563E-06
StatTimingItemStorageOverall: 0.0011413000000000007
StatTimingItemStorageCount: 830
StatTimingPodStorageAverage: 0.002345831395348836
StatTimingPodStorageOverall: 0.2017414999999999
StatTimingPodStorageCount: 86
StatTimingReplenishmentBatchingAverage: 8.1E-06
StatTimingReplenishmentBatchingOverall: 1.62E-05
StatTimingReplenishmentBatchingCount: 2
StatTimingOrderBatchingAverage: 0.00012641997607655504
StatTimingOrderBatchingOverall: 0.1056871
StatTimingOrderBatchingCount: 836
>>> Overall
StatOverallBundlesPlaced: 0
StatOverallItemsOrdered: 612
StatOverallOrdersPlaced: 397
StatOverallBundlesRejected: 0
StatOverallOrdersRejected: 0
StatOverallBundlesHandled: 0
StatOverallItemsHandled: 845
StatOverallLinesHandled: 805
StatOverallOrdersHandled: 535
StatOverallCollisions: 0
StatOverallDistanceTraveled: 4455.953496805903
StatOverallDistanceEstimated: 4310
StatOverallAssignedTasks: 182
StatMaxMemoryUsed: 109,19921875
StatRealTimeUsed: 1.4676701
StatAverageTurnoverTime: 433.5253536732992
StatMedianTurnoverTime: 281.5414790838421
StatLowerQuartileTurnoverTime: 133.39120490252404
StatUpperQuartileTurnoverTime: 608.1315728752534
StatAverageThroughputTime: 87.53742023185245
StatMedianThroughputTime: 39.88359287337414
StatLowerQuartileThroughputTime: 21.037777777777933
StatUpperQuartileThroughputTime: 87.95444444444456

Marked tag finished after 1 tries!
.Fin. - SUCCESS
<<< Welcome to the RAWSimO CLI >>>
The time is: 06/13/2024 10:00:08
Starting RAWSimO wrapper with the following arguments:
Instance: ..\..\..\..\Material\Instances\0.Weighted30min Demand separate\De\Weighted2.xinst
Setting: ..\..\..\..\Material\Instances\0.Weighted30min Demand separate\De\Weighted2.xsett
ControlConfig: ..\..\..\..\Material\Instances\0.Weighted30min Demand separate\De\Weighted2.xconf
StatisticsDir: ..\..\..\..\Material\Instances\0.Weighted30min Demand separate\De
Seed: 3
Additionally the following tag was passed: 1, 0.529, 0.058, 0.164, 0.317, 1.0
Adding handler for unhandled exceptions ...
Initializing ... 
Instance recognized!
Parsing setting config ...
Parsing control config ...
Parsing instance ...
StatisticsFolder: Weighted2-De_[[1, 0.529, 0.058]]_3_[0.164, 0.317, 1.0].csv-3
Done!
