Executing ... 
 09:40:38 | >>> Warming up ...
 00:00:00 | >>> Warmup finished - starting simulation ...
 Realtime |   ETA    |  Sim.Time  | Progress | #Orders | #Bundles | Inv. | Distance | #Coll. |   Memory    
 00:00:00 |   n/a    | 0.00:00:00 |  0.00%   |    0    |    0     | 60%  |    0     |   0    | 103.07MB  
 00:00:00 | Cannot generate further orders - suspending generation for now
 00:00:00 | Cannot generate further orders - suspending generation for now
 00:00:00 | Cannot generate further orders - suspending generation for now
 00:00:00 | Cannot generate further orders - suspending generation for now
 00:00:00 | Cannot generate further orders - suspending generation for now
 00:00:00 | Cannot generate further orders - suspending generation for now
 00:00:00 | Cannot generate further orders - suspending generation for now
 00:00:00 | Cannot generate further orders - suspending generation for now
 00:00:00 | Cannot generate further orders - suspending generation for now
 00:00:01 | Cannot generate further orders - suspending generation for now
 00:00:01 | 00:00:00 | 0.00:30:00 | 100.00%  |   478   |    0     | 17%  |   5036   |   0    |  98.44MB  
 00:00:01 | >>> Simulation finished - writing results ...
 00:00:01 | >>> Results written
Simulation finished.
>>> Timings
StatTimingPathPlanningAverage: 9.785971563981039E-05
StatTimingPathPlanningOverall: 0.08259359999999998
StatTimingPathPlanningCount: 844
StatTimingTaskAllocationAverage: 0.0019265697115384622
StatTimingTaskAllocationOverall: 0.40072650000000015
StatTimingTaskAllocationCount: 208
StatTimingItemStorageAverage: 9.107604017216681E-07
StatTimingItemStorageOverall: 0.0006348000000000026
StatTimingItemStorageCount: 697
StatTimingPodStorageAverage: 0.0016464010101010106
StatTimingPodStorageOverall: 0.16299370000000005
StatTimingPodStorageCount: 99
StatTimingReplenishmentBatchingAverage: 7.05E-06
StatTimingReplenishmentBatchingOverall: 1.41E-05
StatTimingReplenishmentBatchingCount: 2
StatTimingOrderBatchingAverage: 8.916356382978713E-05
StatTimingOrderBatchingOverall: 0.06705099999999992
StatTimingOrderBatchingCount: 752
>>> Overall
StatOverallBundlesPlaced: 0
StatOverallItemsOrdered: 664
StatOverallOrdersPlaced: 424
StatOverallBundlesRejected: 0
StatOverallOrdersRejected: 0
StatOverallBundlesHandled: 0
StatOverallItemsHandled: 723
StatOverallLinesHandled: 683
StatOverallOrdersHandled: 478
StatOverallCollisions: 0
StatOverallDistanceTraveled: 5036.038740802237
StatOverallDistanceEstimated: 4935
StatOverallAssignedTasks: 208
StatMaxMemoryUsed: 103,0703125
StatRealTimeUsed: 1.0281502
StatAverageTurnoverTime: 463.38769161901166
StatMedianTurnoverTime: 341.74972581868286
StatLowerQuartileTurnoverTime: 145.23639248534977
StatUpperQuartileTurnoverTime: 676.2197258186832
StatAverageThroughputTime: 85.2992173825505
StatMedianThroughputTime: 24.538888888889005
StatLowerQuartileThroughputTime: 15.432222222222435
StatUpperQuartileThroughputTime: 77.66388888888889

Marked tag finished after 1 tries!
.Fin. - SUCCESS
<<< Welcome to the RAWSimO CLI >>>
The time is: 06/13/2024 09:40:39
Starting RAWSimO wrapper with the following arguments:
Instance: ..\..\..\..\Material\Instances\0.Weighted30min Demand separate\Da\Weighted2.xinst
Setting: ..\..\..\..\Material\Instances\0.Weighted30min Demand separate\Da\Weighted2.xsett
ControlConfig: ..\..\..\..\Material\Instances\0.Weighted30min Demand separate\Da\Weighted2.xconf
StatisticsDir: ..\..\..\..\Material\Instances\0.Weighted30min Demand separate\Da
Seed: 2
Additionally the following tag was passed: 1, 6.0207999999999995, 1.039, 0.259, 0.1, 0.25
Adding handler for unhandled exceptions ...
Initializing ... 
Instance recognized!
Parsing setting config ...
Parsing control config ...
Parsing instance ...
StatisticsFolder: Weighted2-Da_[[1, 6.0207999999999995, 1.039]]_1_[0.259, 0.1, 0.25].csv-2
Done!
