Executing ... 
 19:26:06 | >>> Warming up ...
 00:00:00 | >>> Warmup finished - starting simulation ...
 Realtime |   ETA    |  Sim.Time  | Progress | #Orders | #Bundles | Inv. | Distance | #Coll. |   Memory    
 00:00:00 |   n/a    | 0.00:00:00 |  0.00%   |    0    |    0     | 60%  |    0     |   0    | 132.56MB  
 00:00:00 | Cannot generate further orders - suspending generation for now
 00:00:00 | Cannot generate further orders - suspending generation for now
 00:00:00 | Cannot generate further orders - suspending generation for now
 00:00:00 | Cannot generate further orders - suspending generation for now
 00:00:00 | Cannot generate further orders - suspending generation for now
 00:00:00 | Cannot generate further orders - suspending generation for now
 00:00:00 | Cannot generate further orders - suspending generation for now
 00:00:00 | Cannot generate further orders - suspending generation for now
 00:00:00 | 00:00:00 | 0.00:30:00 | 100.00%  |   469   |    0     | 16%  |   5082   |   0    | 129.34MB  
 00:00:00 | >>> Simulation finished - writing results ...
 00:00:00 | >>> Results written
Simulation finished.
>>> Timings
StatTimingPathPlanningAverage: 8.147187127532769E-05
StatTimingPathPlanningOverall: 0.06835489999999993
StatTimingPathPlanningCount: 839
StatTimingTaskAllocationAverage: 0.0016854179245283023
StatTimingTaskAllocationOverall: 0.3573086000000001
StatTimingTaskAllocationCount: 212
StatTimingItemStorageAverage: 8.815186246418378E-07
StatTimingItemStorageOverall: 0.0006153000000000028
StatTimingItemStorageCount: 698
StatTimingPodStorageAverage: 0.0014549594059405932
StatTimingPodStorageOverall: 0.1469508999999999
StatTimingPodStorageCount: 101
StatTimingReplenishmentBatchingAverage: 9.75E-06
StatTimingReplenishmentBatchingOverall: 1.95E-05
StatTimingReplenishmentBatchingCount: 2
StatTimingOrderBatchingAverage: 8.864755614266838E-05
StatTimingOrderBatchingOverall: 0.06710619999999996
StatTimingOrderBatchingCount: 757
>>> Overall
StatOverallBundlesPlaced: 0
StatOverallItemsOrdered: 659
StatOverallOrdersPlaced: 412
StatOverallBundlesRejected: 0
StatOverallOrdersRejected: 0
StatOverallBundlesHandled: 0
StatOverallItemsHandled: 726
StatOverallLinesHandled: 686
StatOverallOrdersHandled: 469
StatOverallCollisions: 0
StatOverallDistanceTraveled: 5082.21901172839
StatOverallDistanceEstimated: 4974
StatOverallAssignedTasks: 212
StatMaxMemoryUsed: 133,2265625
StatRealTimeUsed: 0.91419
StatAverageTurnoverTime: 495.2192060388463
StatMedianTurnoverTime: 342.55323954192033
StatLowerQuartileTurnoverTime: 140.79093072120708
StatUpperQuartileTurnoverTime: 774.4162049025239
StatAverageThroughputTime: 105.0657847123601
StatMedianThroughputTime: 25.388427124746613
StatLowerQuartileThroughputTime: 16.21759019495215
StatUpperQuartileThroughputTime: 88.6132395419204

Marked tag finished after 1 tries!
.Fin. - SUCCESS
<<< Welcome to the RAWSimO CLI >>>
The time is: 06/25/2024 19:26:07
Starting RAWSimO wrapper with the following arguments:
Instance: ..\..\..\..\Material\Instances\10.Weighted30min Demand Gall\Dr\Weighted2.xinst
Setting: ..\..\..\..\Material\Instances\10.Weighted30min Demand Gall\Dr\Weighted2.xsett
ControlConfig: ..\..\..\..\Material\Instances\10.Weighted30min Demand Gall\Dr\Weighted2.xconf
StatisticsDir: ..\..\..\..\Material\Instances\10.Weighted30min Demand Gall\Dr
Seed: 4
Additionally the following tag was passed: 1, 0.7327272727272728, 1.0, 0.185, 0.252, 1.0
Adding handler for unhandled exceptions ...
Initializing ... 
Instance recognized!
Parsing setting config ...
Parsing control config ...
Parsing instance ...
StatisticsFolder: Weighted2-Dr_[[1, 0.7327272727272728, 1.0]]_1_[0.185, 0.252, 1.0].csv-4
Done!
