Executing ... 
 13:45:55 | >>> Warming up ...
 00:00:00 | >>> Warmup finished - starting simulation ...
 Realtime |   ETA    |  Sim.Time  | Progress | #Orders | #Bundles | Inv. | Distance | #Coll. |   Memory    
 00:00:00 |   n/a    | 0.00:00:00 |  0.00%   |    0    |    0     | 60%  |    0     |   0    |  90.30MB  
 00:00:01 | Cannot generate further orders - suspending generation for now
 00:00:01 | Cannot generate further orders - suspending generation for now
 00:00:01 | Cannot generate further orders - suspending generation for now
 00:00:01 | Cannot generate further orders - suspending generation for now
 00:00:01 | Cannot generate further orders - suspending generation for now
 00:00:01 | Cannot generate further orders - suspending generation for now
 00:00:01 | Cannot generate further orders - suspending generation for now
 00:00:01 | Cannot generate further orders - suspending generation for now
 00:00:01 | Cannot generate further orders - suspending generation for now
 00:00:01 | Cannot generate further orders - suspending generation for now
 00:00:01 | 00:00:00 | 0.00:30:00 | 100.00%  |   506   |    0     | 13%  |   4833   |   0    |  87.07MB  
 00:00:01 | >>> Simulation finished - writing results ...
 00:00:01 | >>> Results written
Simulation finished.
>>> Timings
StatTimingPathPlanningAverage: 0.00015550861244019145
StatTimingPathPlanningOverall: 0.13000520000000004
StatTimingPathPlanningCount: 836
StatTimingTaskAllocationAverage: 0.003258433333333335
StatTimingTaskAllocationOverall: 0.6549451000000004
StatTimingTaskAllocationCount: 201
StatTimingItemStorageAverage: 2.1868632707774743E-06
StatTimingItemStorageOverall: 0.001631399999999996
StatTimingItemStorageCount: 746
StatTimingPodStorageAverage: 0.0030921368421052637
StatTimingPodStorageOverall: 0.29375300000000004
StatTimingPodStorageCount: 95
StatTimingReplenishmentBatchingAverage: 1.3350000000000001E-05
StatTimingReplenishmentBatchingOverall: 2.6700000000000002E-05
StatTimingReplenishmentBatchingCount: 2
StatTimingOrderBatchingAverage: 0.00015339656862745093
StatTimingOrderBatchingOverall: 0.12517159999999997
StatTimingOrderBatchingCount: 816
>>> Overall
StatOverallBundlesPlaced: 0
StatOverallItemsOrdered: 660
StatOverallOrdersPlaced: 428
StatOverallBundlesRejected: 0
StatOverallOrdersRejected: 0
StatOverallBundlesHandled: 0
StatOverallItemsHandled: 780
StatOverallLinesHandled: 741
StatOverallOrdersHandled: 506
StatOverallCollisions: 0
StatOverallDistanceTraveled: 4832.711103918166
StatOverallDistanceEstimated: 4732
StatOverallAssignedTasks: 201
StatMaxMemoryUsed: 90,0390625
StatRealTimeUsed: 1.6499964
StatAverageTurnoverTime: 470.4262057724564
StatMedianTurnoverTime: 328.2835209161583
StatLowerQuartileTurnoverTime: 161.29120490252404
StatUpperQuartileTurnoverTime: 663.6704689570641
StatAverageThroughputTime: 81.84945013313767
StatMedianThroughputTime: 25.51055555555547
StatLowerQuartileThroughputTime: 16.213888888888846
StatUpperQuartileThroughputTime: 83.11638529242714

Marked tag finished after 1 tries!
.Fin. - SUCCESS
<<< Welcome to the RAWSimO CLI >>>
The time is: 06/07/2024 13:45:57
Starting RAWSimO wrapper with the following arguments:
Instance: ..\..\..\..\Material\Instances\0.Weighted30min Demand separate\Dd\Weighted2.xinst
Setting: ..\..\..\..\Material\Instances\0.Weighted30min Demand separate\Dd\Weighted2.xsett
ControlConfig: ..\..\..\..\Material\Instances\0.Weighted30min Demand separate\Dd\Weighted2.xconf
StatisticsDir: ..\..\..\..\Material\Instances\0.Weighted30min Demand separate\Dd
Seed: 1
Additionally the following tag was passed: [[1, 3, 0.05]]
Adding handler for unhandled exceptions ...
Initializing ... 
Instance recognized!
Parsing setting config ...
Parsing control config ...
Parsing instance ...
StatisticsFolder: Weighted2-Dd_[[1, 3, 0.05]]_1.csv-1
Done!
