Executing ... 
 09:55:16 | >>> Warming up ...
 00:00:00 | >>> Warmup finished - starting simulation ...
 Realtime |   ETA    |  Sim.Time  | Progress | #Orders | #Bundles | Inv. | Distance | #Coll. |   Memory    
 00:00:00 |   n/a    | 0.00:00:00 |  0.00%   |    0    |    0     | 60%  |    0     |   0    | 108.54MB  
 00:00:01 | Cannot generate further orders - suspending generation for now
 00:00:01 | Cannot generate further orders - suspending generation for now
 00:00:01 | Cannot generate further orders - suspending generation for now
 00:00:01 | Cannot generate further orders - suspending generation for now
 00:00:01 | Cannot generate further orders - suspending generation for now
 00:00:01 | Cannot generate further orders - suspending generation for now
 00:00:01 | Cannot generate further orders - suspending generation for now
 00:00:01 | Cannot generate further orders - suspending generation for now
 00:00:01 | Cannot generate further orders - suspending generation for now
 00:00:01 | 00:00:00 | 0.00:30:00 | 100.00%  |   489   |    0     | 15%  |   5025   |   0    | 103.89MB  
 00:00:01 | >>> Simulation finished - writing results ...
 00:00:01 | >>> Results written
Simulation finished.
>>> Timings
StatTimingPathPlanningAverage: 0.00017285042630937867
StatTimingPathPlanningOverall: 0.14191019999999988
StatTimingPathPlanningCount: 821
StatTimingTaskAllocationAverage: 0.003647422831050226
StatTimingTaskAllocationOverall: 0.7987855999999995
StatTimingTaskAllocationCount: 219
StatTimingItemStorageAverage: 2.396169630642958E-06
StatTimingItemStorageOverall: 0.0017516000000000022
StatTimingItemStorageCount: 731
StatTimingPodStorageAverage: 0.003925502884615389
StatTimingPodStorageOverall: 0.40825230000000046
StatTimingPodStorageCount: 104
StatTimingReplenishmentBatchingAverage: 9.4E-06
StatTimingReplenishmentBatchingOverall: 1.88E-05
StatTimingReplenishmentBatchingCount: 2
StatTimingOrderBatchingAverage: 0.00017122202970297026
StatTimingOrderBatchingOverall: 0.13834739999999998
StatTimingOrderBatchingCount: 808
>>> Overall
StatOverallBundlesPlaced: 0
StatOverallItemsOrdered: 666
StatOverallOrdersPlaced: 433
StatOverallBundlesRejected: 0
StatOverallOrdersRejected: 0
StatOverallBundlesHandled: 0
StatOverallItemsHandled: 744
StatOverallLinesHandled: 704
StatOverallOrdersHandled: 489
StatOverallCollisions: 0
StatOverallDistanceTraveled: 5024.924092186275
StatOverallDistanceEstimated: 4950
StatOverallAssignedTasks: 219
StatMaxMemoryUsed: 108,33203125
StatRealTimeUsed: 1.9124809
StatAverageTurnoverTime: 470.2958777482889
StatMedianTurnoverTime: 289.28277777777754
StatLowerQuartileTurnoverTime: 117.74120490252413
StatUpperQuartileTurnoverTime: 730.5587950974763
StatAverageThroughputTime: 98.21048707859252
StatMedianThroughputTime: 24.146111111111026
StatLowerQuartileThroughputTime: 12.898333333333312
StatUpperQuartileThroughputTime: 82.29074313838157

Marked tag finished after 1 tries!
.Fin. - SUCCESS
<<< Welcome to the RAWSimO CLI >>>
The time is: 06/13/2024 09:55:18
Starting RAWSimO wrapper with the following arguments:
Instance: ..\..\..\..\Material\Instances\0.Weighted30min Demand separate\Dd\Weighted2.xinst
Setting: ..\..\..\..\Material\Instances\0.Weighted30min Demand separate\Dd\Weighted2.xsett
ControlConfig: ..\..\..\..\Material\Instances\0.Weighted30min Demand separate\Dd\Weighted2.xconf
StatisticsDir: ..\..\..\..\Material\Instances\0.Weighted30min Demand separate\Dd
Seed: 3
Additionally the following tag was passed: 1, 0.198, 0.3766666666666667, 0.143, 0.717, 0.5
Adding handler for unhandled exceptions ...
Initializing ... 
Instance recognized!
Parsing setting config ...
Parsing control config ...
Parsing instance ...
StatisticsFolder: Weighted2-Dd_[[1, 0.198, 0.3766666666666667]]_1_[0.143, 0.717, 0.5].csv-3
Done!
