Executing ... 
 09:24:40 | >>> Warming up ...
 00:00:00 | >>> Warmup finished - starting simulation ...
 Realtime |   ETA    |  Sim.Time  | Progress | #Orders | #Bundles | Inv. | Distance | #Coll. |   Memory    
 00:00:00 |   n/a    | 0.00:00:00 |  0.00%   |    0    |    0     | 60%  |    0     |   0    |  78.89MB  
 00:00:00 | Cannot generate further orders - suspending generation for now
 00:00:00 | Cannot generate further orders - suspending generation for now
 00:00:00 | Cannot generate further orders - suspending generation for now
 00:00:00 | Cannot generate further orders - suspending generation for now
 00:00:00 | Cannot generate further orders - suspending generation for now
 00:00:01 | Cannot generate further orders - suspending generation for now
 00:00:01 | Cannot generate further orders - suspending generation for now
 00:00:01 | Cannot generate further orders - suspending generation for now
 00:00:01 | Cannot generate further orders - suspending generation for now
 00:00:01 | Cannot generate further orders - suspending generation for now
 00:00:01 | 00:00:00 | 0.00:30:00 | 100.00%  |   463   |    0     | 18%  |   5286   |   0    |  74.76MB  
 00:00:01 | >>> Simulation finished - writing results ...
 00:00:01 | >>> Results written
Simulation finished.
>>> Timings
StatTimingPathPlanningAverage: 0.00010429725400457677
StatTimingPathPlanningOverall: 0.09115580000000009
StatTimingPathPlanningCount: 874
StatTimingTaskAllocationAverage: 0.00206462606635071
StatTimingTaskAllocationOverall: 0.43563609999999986
StatTimingTaskAllocationCount: 211
StatTimingItemStorageAverage: 1.1406480117820322E-06
StatTimingItemStorageOverall: 0.0007744999999999998
StatTimingItemStorageCount: 679
StatTimingPodStorageAverage: 0.0016494326732673264
StatTimingPodStorageOverall: 0.16659269999999995
StatTimingPodStorageCount: 101
StatTimingReplenishmentBatchingAverage: 8.35E-06
StatTimingReplenishmentBatchingOverall: 1.67E-05
StatTimingReplenishmentBatchingCount: 2
StatTimingOrderBatchingAverage: 9.474708222811672E-05
StatTimingOrderBatchingOverall: 0.07143930000000001
StatTimingOrderBatchingCount: 754
>>> Overall
StatOverallBundlesPlaced: 0
StatOverallItemsOrdered: 633
StatOverallOrdersPlaced: 404
StatOverallBundlesRejected: 0
StatOverallOrdersRejected: 0
StatOverallBundlesHandled: 0
StatOverallItemsHandled: 699
StatOverallLinesHandled: 661
StatOverallOrdersHandled: 463
StatOverallCollisions: 0
StatOverallDistanceTraveled: 5285.667711265421
StatOverallDistanceEstimated: 5130
StatOverallAssignedTasks: 211
StatMaxMemoryUsed: 79,3828125
StatRealTimeUsed: 1.1143389
StatAverageTurnoverTime: 461.24143368794654
StatMedianTurnoverTime: 291.1734271247462
StatLowerQuartileTurnoverTime: 138.60944444444448
StatUpperQuartileTurnoverTime: 635.057316013635
StatAverageThroughputTime: 88.02704794987034
StatMedianThroughputTime: 20.88639893808613
StatLowerQuartileThroughputTime: 12.932222222223345
StatUpperQuartileThroughputTime: 77.09777777777788

Marked tag finished after 1 tries!
.Fin. - SUCCESS
<<< Welcome to the RAWSimO CLI >>>
The time is: 06/13/2024 09:24:41
Starting RAWSimO wrapper with the following arguments:
Instance: ..\..\..\..\Material\Instances\0.Weighted30min Demand separate\Da\Weighted2.xinst
Setting: ..\..\..\..\Material\Instances\0.Weighted30min Demand separate\Da\Weighted2.xsett
ControlConfig: ..\..\..\..\Material\Instances\0.Weighted30min Demand separate\Da\Weighted2.xconf
StatisticsDir: ..\..\..\..\Material\Instances\0.Weighted30min Demand separate\Da
Seed: 2
Additionally the following tag was passed: 1, 0.052, 1.039, 0.103, 1.0, 0.25
Adding handler for unhandled exceptions ...
Initializing ... 
Instance recognized!
Parsing setting config ...
Parsing control config ...
Parsing instance ...
StatisticsFolder: Weighted2-Da_[[1, 0.052, 1.039]]_2_[0.103, 1.0, 0.25].csv-2
Done!
