Executing ... 
 14:00:00 | >>> Warming up ...
 00:00:00 | >>> Warmup finished - starting simulation ...
 Realtime |   ETA    |  Sim.Time  | Progress | #Orders | #Bundles | Inv. | Distance | #Coll. |   Memory    
 00:00:00 |   n/a    | 0.00:00:00 |  0.00%   |    0    |    0     | 60%  |    0     |   0    |  83.55MB  
 00:00:00 | Cannot generate further orders - suspending generation for now
 00:00:00 | Cannot generate further orders - suspending generation for now
 00:00:00 | Cannot generate further orders - suspending generation for now
 00:00:00 | Cannot generate further orders - suspending generation for now
 00:00:00 | Cannot generate further orders - suspending generation for now
 00:00:00 | Cannot generate further orders - suspending generation for now
 00:00:00 | Cannot generate further orders - suspending generation for now
 00:00:00 | 00:00:00 | 0.00:30:00 | 100.00%  |   473   |    0     | 16%  |   5125   |   0    |  83.41MB  
 00:00:00 | >>> Simulation finished - writing results ...
 00:00:01 | >>> Results written
Simulation finished.
>>> Timings
StatTimingPathPlanningAverage: 8.170581947743465E-05
StatTimingPathPlanningOverall: 0.06879629999999998
StatTimingPathPlanningCount: 842
StatTimingTaskAllocationAverage: 0.0016183224390243888
StatTimingTaskAllocationOverall: 0.3317560999999997
StatTimingTaskAllocationCount: 205
StatTimingItemStorageAverage: 8.950634696756036E-07
StatTimingItemStorageOverall: 0.000634600000000003
StatTimingItemStorageCount: 709
StatTimingPodStorageAverage: 0.001387218367346939
StatTimingPodStorageOverall: 0.13594740000000002
StatTimingPodStorageCount: 98
StatTimingReplenishmentBatchingAverage: 1.1E-05
StatTimingReplenishmentBatchingOverall: 2.2E-05
StatTimingReplenishmentBatchingCount: 2
StatTimingOrderBatchingAverage: 7.324328165374676E-05
StatTimingOrderBatchingOverall: 0.056690299999999985
StatTimingOrderBatchingCount: 774
>>> Overall
StatOverallBundlesPlaced: 0
StatOverallItemsOrdered: 661
StatOverallOrdersPlaced: 417
StatOverallBundlesRejected: 0
StatOverallOrdersRejected: 0
StatOverallBundlesHandled: 0
StatOverallItemsHandled: 733
StatOverallLinesHandled: 690
StatOverallOrdersHandled: 473
StatOverallCollisions: 0
StatOverallDistanceTraveled: 5124.85040053087
StatOverallDistanceEstimated: 5010
StatOverallAssignedTasks: 205
StatMaxMemoryUsed: 83,41015625
StatRealTimeUsed: 0.9442485
StatAverageTurnoverTime: 442.93249440565614
StatMedianTurnoverTime: 261.7522222222223
StatLowerQuartileTurnoverTime: 96.46073594546374
StatUpperQuartileTurnoverTime: 675.0559307212085
StatAverageThroughputTime: 90.03827721412235
StatMedianThroughputTime: 22.64055555555558
StatLowerQuartileThroughputTime: 13.166111111111135
StatUpperQuartileThroughputTime: 69.24953823585732

Marked tag finished after 1 tries!
.Fin. - SUCCESS
<<< Welcome to the RAWSimO CLI >>>
The time is: 06/07/2024 14:00:01
Starting RAWSimO wrapper with the following arguments:
Instance: ..\..\..\..\Material\Instances\0.Weighted30min Demand separate\Da\Weighted2.xinst
Setting: ..\..\..\..\Material\Instances\0.Weighted30min Demand separate\Da\Weighted2.xsett
ControlConfig: ..\..\..\..\Material\Instances\0.Weighted30min Demand separate\Da\Weighted2.xconf
StatisticsDir: ..\..\..\..\Material\Instances\0.Weighted30min Demand separate\Da
Seed: 2
Additionally the following tag was passed: [[1, 10, 4]]
Adding handler for unhandled exceptions ...
Initializing ... 
Instance recognized!
Parsing setting config ...
Parsing control config ...
Parsing instance ...
StatisticsFolder: Weighted2-Da_[[1, 10, 4]]_1.csv-2
Done!
