Executing ... 
 09:42:31 | >>> Warming up ...
 00:00:00 | >>> Warmup finished - starting simulation ...
 Realtime |   ETA    |  Sim.Time  | Progress | #Orders | #Bundles | Inv. | Distance | #Coll. |   Memory    
 00:00:00 |   n/a    | 0.00:00:00 |  0.00%   |    0    |    0     | 60%  |    0     |   0    |  96.71MB  
 00:00:01 | Cannot generate further orders - suspending generation for now
 00:00:01 | Cannot generate further orders - suspending generation for now
 00:00:01 | Cannot generate further orders - suspending generation for now
 00:00:01 | Cannot generate further orders - suspending generation for now
 00:00:01 | Cannot generate further orders - suspending generation for now
 00:00:01 | Cannot generate further orders - suspending generation for now
 00:00:01 | Cannot generate further orders - suspending generation for now
 00:00:01 | Cannot generate further orders - suspending generation for now
 00:00:01 | 00:00:00 | 0.00:30:00 | 100.00%  |   454   |    0     | 18%  |   5223   |   0    |  91.67MB  
 00:00:01 | >>> Simulation finished - writing results ...
 00:00:01 | >>> Results written
Simulation finished.
>>> Timings
StatTimingPathPlanningAverage: 0.00012285925058548017
StatTimingPathPlanningOverall: 0.10492180000000005
StatTimingPathPlanningCount: 854
StatTimingTaskAllocationAverage: 0.0022164866071428565
StatTimingTaskAllocationOverall: 0.49649299999999985
StatTimingTaskAllocationCount: 224
StatTimingItemStorageAverage: 1.3416543574593793E-06
StatTimingItemStorageOverall: 0.0009082999999999998
StatTimingItemStorageCount: 677
StatTimingPodStorageAverage: 0.001836550000000001
StatTimingPodStorageOverall: 0.19834740000000012
StatTimingPodStorageCount: 108
StatTimingReplenishmentBatchingAverage: 8.750000000000001E-06
StatTimingReplenishmentBatchingOverall: 1.7500000000000002E-05
StatTimingReplenishmentBatchingCount: 2
StatTimingOrderBatchingAverage: 0.0001267588235294117
StatTimingOrderBatchingOverall: 0.09266069999999994
StatTimingOrderBatchingCount: 731
>>> Overall
StatOverallBundlesPlaced: 0
StatOverallItemsOrdered: 667
StatOverallOrdersPlaced: 415
StatOverallBundlesRejected: 0
StatOverallOrdersRejected: 0
StatOverallBundlesHandled: 0
StatOverallItemsHandled: 702
StatOverallLinesHandled: 661
StatOverallOrdersHandled: 454
StatOverallCollisions: 0
StatOverallDistanceTraveled: 5222.529704961966
StatOverallDistanceEstimated: 5054
StatOverallAssignedTasks: 224
StatMaxMemoryUsed: 96,9609375
StatRealTimeUsed: 1.2937739
StatAverageTurnoverTime: 463.91554231239735
StatMedianTurnoverTime: 317.9291702631274
StatLowerQuartileTurnoverTime: 149.88138529242804
StatUpperQuartileTurnoverTime: 659.8907431383808
StatAverageThroughputTime: 90.62002706316117
StatMedianThroughputTime: 21.427683986365082
StatLowerQuartileThroughputTime: 12.840000000000146
StatUpperQuartileThroughputTime: 85.6516666666671

Marked tag finished after 1 tries!
.Fin. - SUCCESS
<<< Welcome to the RAWSimO CLI >>>
The time is: 06/13/2024 09:42:32
Starting RAWSimO wrapper with the following arguments:
Instance: ..\..\..\..\Material\Instances\0.Weighted30min Demand separate\Db\Weighted2.xinst
Setting: ..\..\..\..\Material\Instances\0.Weighted30min Demand separate\Db\Weighted2.xsett
ControlConfig: ..\..\..\..\Material\Instances\0.Weighted30min Demand separate\Db\Weighted2.xconf
StatisticsDir: ..\..\..\..\Material\Instances\0.Weighted30min Demand separate\Db
Seed: 1
Additionally the following tag was passed: 1, 0.059, 0.549, 0.196, 0.305, 0.383
Adding handler for unhandled exceptions ...
Initializing ... 
Instance recognized!
Parsing setting config ...
Parsing control config ...
Parsing instance ...
StatisticsFolder: Weighted2-Db_[[1, 0.059, 0.549]]_3_[0.196, 0.305, 0.383].csv-1
Done!
