Executing ... 
 09:37:55 | >>> Warming up ...
 00:00:00 | >>> Warmup finished - starting simulation ...
 Realtime |   ETA    |  Sim.Time  | Progress | #Orders | #Bundles | Inv. | Distance | #Coll. |   Memory    
 00:00:00 |   n/a    | 0.00:00:00 |  0.00%   |    0    |    0     | 60%  |    0     |   0    |  86.95MB  
 00:00:00 | Cannot generate further orders - suspending generation for now
 00:00:00 | Cannot generate further orders - suspending generation for now
 00:00:00 | Cannot generate further orders - suspending generation for now
 00:00:00 | Cannot generate further orders - suspending generation for now
 00:00:00 | Cannot generate further orders - suspending generation for now
 00:00:00 | Cannot generate further orders - suspending generation for now
 00:00:00 | Cannot generate further orders - suspending generation for now
 00:00:00 | Cannot generate further orders - suspending generation for now
 00:00:00 | Cannot generate further orders - suspending generation for now
 00:00:00 | 00:00:00 | 0.00:30:00 | 100.00%  |   473   |    0     | 17%  |   5179   |   0    |  62.69MB  
 00:00:00 | >>> Simulation finished - writing results ...
 00:00:01 | >>> Results written
Simulation finished.
>>> Timings
StatTimingPathPlanningAverage: 8.498815165876766E-05
StatTimingPathPlanningOverall: 0.0717299999999999
StatTimingPathPlanningCount: 844
StatTimingTaskAllocationAverage: 0.0015811857798165134
StatTimingTaskAllocationOverall: 0.3446984999999999
StatTimingTaskAllocationCount: 218
StatTimingItemStorageAverage: 8.92917847025499E-07
StatTimingItemStorageOverall: 0.0006304000000000023
StatTimingItemStorageCount: 706
StatTimingPodStorageAverage: 0.0014088761904761905
StatTimingPodStorageOverall: 0.147932
StatTimingPodStorageCount: 105
StatTimingReplenishmentBatchingAverage: 8.400000000000001E-06
StatTimingReplenishmentBatchingOverall: 1.6800000000000002E-05
StatTimingReplenishmentBatchingCount: 2
StatTimingOrderBatchingAverage: 9.157657657657651E-05
StatTimingOrderBatchingOverall: 0.07115499999999995
StatTimingOrderBatchingCount: 777
>>> Overall
StatOverallBundlesPlaced: 0
StatOverallItemsOrdered: 629
StatOverallOrdersPlaced: 409
StatOverallBundlesRejected: 0
StatOverallOrdersRejected: 0
StatOverallBundlesHandled: 0
StatOverallItemsHandled: 722
StatOverallLinesHandled: 682
StatOverallOrdersHandled: 473
StatOverallCollisions: 0
StatOverallDistanceTraveled: 5179.132578451377
StatOverallDistanceEstimated: 5035
StatOverallAssignedTasks: 218
StatMaxMemoryUsed: 88,609375
StatRealTimeUsed: 0.9710643
StatAverageTurnoverTime: 484.4255929686392
StatMedianTurnoverTime: 331.07249640353945
StatLowerQuartileTurnoverTime: 131.59787156919106
StatUpperQuartileTurnoverTime: 718.3061111111112
StatAverageThroughputTime: 96.03541973576891
StatMedianThroughputTime: 23.643239541920877
StatLowerQuartileThroughputTime: 16.05277777777792
StatUpperQuartileThroughputTime: 82.33073594545499

Marked tag finished after 1 tries!
.Fin. - SUCCESS
<<< Welcome to the RAWSimO CLI >>>
The time is: 06/13/2024 09:37:56
Starting RAWSimO wrapper with the following arguments:
Instance: ..\..\..\..\Material\Instances\0.Weighted30min Demand separate\Da\Weighted2.xinst
Setting: ..\..\..\..\Material\Instances\0.Weighted30min Demand separate\Da\Weighted2.xsett
ControlConfig: ..\..\..\..\Material\Instances\0.Weighted30min Demand separate\Da\Weighted2.xconf
StatisticsDir: ..\..\..\..\Material\Instances\0.Weighted30min Demand separate\Da
Seed: 3
Additionally the following tag was passed: 1, 10.0, 0.38099999999999995, 0.162, 0.1, 0.425
Adding handler for unhandled exceptions ...
Initializing ... 
Instance recognized!
Parsing setting config ...
Parsing control config ...
Parsing instance ...
StatisticsFolder: Weighted2-Da_[[1, 10.0, 0.38099999999999995]]_3_[0.162, 0.1, 0.425].csv-3
Done!
