Executing ... 
 09:46:16 | >>> Warming up ...
 00:00:00 | >>> Warmup finished - starting simulation ...
 Realtime |   ETA    |  Sim.Time  | Progress | #Orders | #Bundles | Inv. | Distance | #Coll. |   Memory    
 00:00:00 |   n/a    | 0.00:00:00 |  0.00%   |    0    |    0     | 60%  |    0     |   0    | 125.30MB  
 00:00:01 | Cannot generate further orders - suspending generation for now
 00:00:01 | Cannot generate further orders - suspending generation for now
 00:00:01 | Cannot generate further orders - suspending generation for now
 00:00:01 | Cannot generate further orders - suspending generation for now
 00:00:01 | Cannot generate further orders - suspending generation for now
 00:00:01 | Cannot generate further orders - suspending generation for now
 00:00:01 | 00:00:00 | 0.00:30:00 | 100.00%  |   454   |    0     | 18%  |   5294   |   0    | 128.00MB  
 00:00:01 | >>> Simulation finished - writing results ...
 00:00:01 | >>> Results written
Simulation finished.
>>> Timings
StatTimingPathPlanningAverage: 0.00011605428240740745
StatTimingPathPlanningOverall: 0.10027090000000004
StatTimingPathPlanningCount: 864
StatTimingTaskAllocationAverage: 0.002723199999999999
StatTimingTaskAllocationOverall: 0.5882111999999998
StatTimingTaskAllocationCount: 216
StatTimingItemStorageAverage: 1.1558610709117228E-06
StatTimingItemStorageOverall: 0.0007987000000000005
StatTimingItemStorageCount: 691
StatTimingPodStorageAverage: 0.0031667233009708734
StatTimingPodStorageOverall: 0.3261725
StatTimingPodStorageCount: 103
StatTimingReplenishmentBatchingAverage: 7.8E-06
StatTimingReplenishmentBatchingOverall: 1.56E-05
StatTimingReplenishmentBatchingCount: 2
StatTimingOrderBatchingAverage: 0.00012044536082474221
StatTimingOrderBatchingOverall: 0.09346559999999995
StatTimingOrderBatchingCount: 776
>>> Overall
StatOverallBundlesPlaced: 0
StatOverallItemsOrdered: 667
StatOverallOrdersPlaced: 415
StatOverallBundlesRejected: 0
StatOverallOrdersRejected: 0
StatOverallBundlesHandled: 0
StatOverallItemsHandled: 704
StatOverallLinesHandled: 668
StatOverallOrdersHandled: 454
StatOverallCollisions: 0
StatOverallDistanceTraveled: 5294.191366902529
StatOverallDistanceEstimated: 5162
StatOverallAssignedTasks: 216
StatMaxMemoryUsed: 130,76953125
StatRealTimeUsed: 1.4568552
StatAverageTurnoverTime: 507.50629270535325
StatMedianTurnoverTime: 405.8250937914123
StatLowerQuartileTurnoverTime: 186.52907647171415
StatUpperQuartileTurnoverTime: 725.1112915010202
StatAverageThroughputTime: 91.70154685526272
StatMedianThroughputTime: 22.101111111111322
StatLowerQuartileThroughputTime: 12.92277777777781
StatUpperQuartileThroughputTime: 85.59342712474609

Marked tag finished after 1 tries!
.Fin. - SUCCESS
<<< Welcome to the RAWSimO CLI >>>
The time is: 06/13/2024 09:46:17
Starting RAWSimO wrapper with the following arguments:
Instance: ..\..\..\..\Material\Instances\0.Weighted30min Demand separate\Db\Weighted2.xinst
Setting: ..\..\..\..\Material\Instances\0.Weighted30min Demand separate\Db\Weighted2.xsett
ControlConfig: ..\..\..\..\Material\Instances\0.Weighted30min Demand separate\Db\Weighted2.xconf
StatisticsDir: ..\..\..\..\Material\Instances\0.Weighted30min Demand separate\Db
Seed: 1
Additionally the following tag was passed: 1, 1.0478, 0.059, 0.118, 0.2, 1.0
Adding handler for unhandled exceptions ...
Initializing ... 
Instance recognized!
Parsing setting config ...
Parsing control config ...
Parsing instance ...
StatisticsFolder: Weighted2-Db_[[1, 1.0478, 0.059]]_3_[0.118, 0.2, 1.0].csv-1
Done!
