Executing ... 
 09:50:15 | >>> Warming up ...
 00:00:00 | >>> Warmup finished - starting simulation ...
 Realtime |   ETA    |  Sim.Time  | Progress | #Orders | #Bundles | Inv. | Distance | #Coll. |   Memory    
 00:00:00 |   n/a    | 0.00:00:00 |  0.00%   |    0    |    0     | 60%  |    0     |   0    |  93.77MB  
 00:00:00 | Cannot generate further orders - suspending generation for now
 00:00:00 | Cannot generate further orders - suspending generation for now
 00:00:00 | Cannot generate further orders - suspending generation for now
 00:00:00 | Cannot generate further orders - suspending generation for now
 00:00:00 | Cannot generate further orders - suspending generation for now
 00:00:00 | Cannot generate further orders - suspending generation for now
 00:00:00 | Cannot generate further orders - suspending generation for now
 00:00:00 | Cannot generate further orders - suspending generation for now
 00:00:00 | Cannot generate further orders - suspending generation for now
 00:00:00 | Cannot generate further orders - suspending generation for now
 00:00:00 | Cannot generate further orders - suspending generation for now
 00:00:01 | 00:00:00 | 0.00:30:00 | 100.00%  |   470   |    0     | 17%  |   4970   |   0    |  92.72MB  
 00:00:01 | >>> Simulation finished - writing results ...
 00:00:01 | >>> Results written
Simulation finished.
>>> Timings
StatTimingPathPlanningAverage: 0.00010659255813953489
StatTimingPathPlanningOverall: 0.0916696
StatTimingPathPlanningCount: 860
StatTimingTaskAllocationAverage: 0.0017027995327102794
StatTimingTaskAllocationOverall: 0.3643990999999998
StatTimingTaskAllocationCount: 214
StatTimingItemStorageAverage: 9.415451895043786E-07
StatTimingItemStorageOverall: 0.0006459000000000037
StatTimingItemStorageCount: 686
StatTimingPodStorageAverage: 0.001429887254901961
StatTimingPodStorageOverall: 0.14584850000000002
StatTimingPodStorageCount: 102
StatTimingReplenishmentBatchingAverage: 7.5E-06
StatTimingReplenishmentBatchingOverall: 1.5E-05
StatTimingReplenishmentBatchingCount: 2
StatTimingOrderBatchingAverage: 7.90062416998673E-05
StatTimingOrderBatchingOverall: 0.05949170000000007
StatTimingOrderBatchingCount: 753
>>> Overall
StatOverallBundlesPlaced: 0
StatOverallItemsOrdered: 624
StatOverallOrdersPlaced: 401
StatOverallBundlesRejected: 0
StatOverallOrdersRejected: 0
StatOverallBundlesHandled: 0
StatOverallItemsHandled: 710
StatOverallLinesHandled: 669
StatOverallOrdersHandled: 470
StatOverallCollisions: 0
StatOverallDistanceTraveled: 4969.583894373964
StatOverallDistanceEstimated: 4827
StatOverallAssignedTasks: 214
StatMaxMemoryUsed: 93,76953125
StatRealTimeUsed: 1.0414771
StatAverageTurnoverTime: 416.3901301294369
StatMedianTurnoverTime: 264.72417026312723
StatLowerQuartileTurnoverTime: 119.1387156919065
StatUpperQuartileTurnoverTime: 613.6464934696844
StatAverageThroughputTime: 93.82516877198252
StatMedianThroughputTime: 17.99222222222204
StatLowerQuartileThroughputTime: 12.301760458079798
StatUpperQuartileThroughputTime: 79.4528715691905

Marked tag finished after 1 tries!
.Fin. - SUCCESS
<<< Welcome to the RAWSimO CLI >>>
The time is: 06/13/2024 09:50:16
Starting RAWSimO wrapper with the following arguments:
Instance: ..\..\..\..\Material\Instances\0.Weighted30min Demand separate\Dc\Weighted2.xinst
Setting: ..\..\..\..\Material\Instances\0.Weighted30min Demand separate\Dc\Weighted2.xsett
ControlConfig: ..\..\..\..\Material\Instances\0.Weighted30min Demand separate\Dc\Weighted2.xconf
StatisticsDir: ..\..\..\..\Material\Instances\0.Weighted30min Demand separate\Dc
Seed: 2
Additionally the following tag was passed: 1, 2.4696, 0.27199999999999996, 0.146, 0.143, 0.538
Adding handler for unhandled exceptions ...
Initializing ... 
Instance recognized!
Parsing setting config ...
Parsing control config ...
Parsing instance ...
StatisticsFolder: Weighted2-Dc_[[1, 2.4696, 0.27199999999999996]]_2_[0.146, 0.143, 0.538].csv-2
Done!
