Executing ... 
 09:49:12 | >>> Warming up ...
 00:00:00 | >>> Warmup finished - starting simulation ...
 Realtime |   ETA    |  Sim.Time  | Progress | #Orders | #Bundles | Inv. | Distance | #Coll. |   Memory    
 00:00:00 |   n/a    | 0.00:00:00 |  0.00%   |    0    |    0     | 60%  |    0     |   0    | 147.09MB  
 00:00:00 | Cannot generate further orders - suspending generation for now
 00:00:00 | Cannot generate further orders - suspending generation for now
 00:00:00 | Cannot generate further orders - suspending generation for now
 00:00:01 | Cannot generate further orders - suspending generation for now
 00:00:01 | Cannot generate further orders - suspending generation for now
 00:00:01 | Cannot generate further orders - suspending generation for now
 00:00:01 | Cannot generate further orders - suspending generation for now
 00:00:01 | Cannot generate further orders - suspending generation for now
 00:00:01 | Cannot generate further orders - suspending generation for now
 00:00:01 | Cannot generate further orders - suspending generation for now
 00:00:01 | Cannot generate further orders - suspending generation for now
 00:00:01 | Cannot generate further orders - suspending generation for now
 00:00:01 | Cannot generate further orders - suspending generation for now
 00:00:01 | 00:00:00 | 0.00:30:00 | 100.00%  |   496   |    0     | 14%  |   5009   |   0    | 141.99MB  
 00:00:01 | >>> Simulation finished - writing results ...
 00:00:01 | >>> Results written
Simulation finished.
>>> Timings
StatTimingPathPlanningAverage: 0.00011474535315985137
StatTimingPathPlanningOverall: 0.09259950000000006
StatTimingPathPlanningCount: 807
StatTimingTaskAllocationAverage: 0.0023561187192118233
StatTimingTaskAllocationOverall: 0.4782921000000001
StatTimingTaskAllocationCount: 203
StatTimingItemStorageAverage: 1.325466666666662E-06
StatTimingItemStorageOverall: 0.0009940999999999965
StatTimingItemStorageCount: 750
StatTimingPodStorageAverage: 0.001884235051546392
StatTimingPodStorageOverall: 0.18277080000000004
StatTimingPodStorageCount: 97
StatTimingReplenishmentBatchingAverage: 9.95E-06
StatTimingReplenishmentBatchingOverall: 1.99E-05
StatTimingReplenishmentBatchingCount: 2
StatTimingOrderBatchingAverage: 0.00015402760814249374
StatTimingOrderBatchingOverall: 0.12106570000000008
StatTimingOrderBatchingCount: 786
>>> Overall
StatOverallBundlesPlaced: 0
StatOverallItemsOrdered: 667
StatOverallOrdersPlaced: 417
StatOverallBundlesRejected: 0
StatOverallOrdersRejected: 0
StatOverallBundlesHandled: 0
StatOverallItemsHandled: 773
StatOverallLinesHandled: 732
StatOverallOrdersHandled: 496
StatOverallCollisions: 0
StatOverallDistanceTraveled: 5009.234212481389
StatOverallDistanceEstimated: 4830
StatOverallAssignedTasks: 203
StatMaxMemoryUsed: 145,4140625
StatRealTimeUsed: 1.2879565
StatAverageTurnoverTime: 399.6817047746799
StatMedianTurnoverTime: 237.218802290398
StatLowerQuartileTurnoverTime: 113.75898268030124
StatUpperQuartileTurnoverTime: 547.9073232065565
StatAverageThroughputTime: 92.03644953228059
StatMedianThroughputTime: 25.273333333333312
StatLowerQuartileThroughputTime: 16.178888888888878
StatUpperQuartileThroughputTime: 81.3861111111114

Marked tag finished after 1 tries!
.Fin. - SUCCESS
<<< Welcome to the RAWSimO CLI >>>
The time is: 06/13/2024 09:49:14
Starting RAWSimO wrapper with the following arguments:
Instance: ..\..\..\..\Material\Instances\0.Weighted30min Demand separate\Dc\Weighted2.xinst
Setting: ..\..\..\..\Material\Instances\0.Weighted30min Demand separate\Dc\Weighted2.xsett
ControlConfig: ..\..\..\..\Material\Instances\0.Weighted30min Demand separate\Dc\Weighted2.xconf
StatisticsDir: ..\..\..\..\Material\Instances\0.Weighted30min Demand separate\Dc
Seed: 1
Additionally the following tag was passed: 1, 1.2638, 0.058, 0.084, 0.171, 0.708
Adding handler for unhandled exceptions ...
Initializing ... 
Instance recognized!
Parsing setting config ...
Parsing control config ...
Parsing instance ...
StatisticsFolder: Weighted2-Dc_[[1, 1.2638, 0.058]]_3_[0.084, 0.171, 0.708].csv-1
Done!
