Executing ... 
 16:48:37 | >>> Warming up ...
 00:00:00 | >>> Warmup finished - starting simulation ...
 Realtime |   ETA    |  Sim.Time  | Progress | #Orders | #Bundles | Inv. | Distance | #Coll. |   Memory    
 00:00:00 |   n/a    | 0.00:00:00 |  0.00%   |    0    |    0     | 60%  |    0     |   0    | 114.10MB  
 00:00:00 | Cannot generate further orders - suspending generation for now
 00:00:00 | Cannot generate further orders - suspending generation for now
 00:00:00 | Cannot generate further orders - suspending generation for now
 00:00:00 | Cannot generate further orders - suspending generation for now
 00:00:00 | Cannot generate further orders - suspending generation for now
 00:00:00 | Cannot generate further orders - suspending generation for now
 00:00:00 | Cannot generate further orders - suspending generation for now
 00:00:00 | Cannot generate further orders - suspending generation for now
 00:00:00 | Cannot generate further orders - suspending generation for now
 00:00:00 | Cannot generate further orders - suspending generation for now
 00:00:00 | Cannot generate further orders - suspending generation for now
 00:00:01 | Cannot generate further orders - suspending generation for now
 00:00:01 | 00:00:00 | 0.00:30:00 | 100.00%  |   495   |    0     | 14%  |   4833   |   0    | 109.61MB  
 00:00:01 | >>> Simulation finished - writing results ...
 00:00:01 | >>> Results written
Simulation finished.
>>> Timings
StatTimingPathPlanningAverage: 8.624786324786322E-05
StatTimingPathPlanningOverall: 0.07063699999999998
StatTimingPathPlanningCount: 819
StatTimingTaskAllocationAverage: 0.0019307163551401875
StatTimingTaskAllocationOverall: 0.41317330000000013
StatTimingTaskAllocationCount: 214
StatTimingItemStorageAverage: 1.1230359520639144E-06
StatTimingItemStorageOverall: 0.0008433999999999997
StatTimingItemStorageCount: 751
StatTimingPodStorageAverage: 0.0016001990291262137
StatTimingPodStorageOverall: 0.1648205
StatTimingPodStorageCount: 103
StatTimingReplenishmentBatchingAverage: 8.3E-06
StatTimingReplenishmentBatchingOverall: 1.66E-05
StatTimingReplenishmentBatchingCount: 2
StatTimingOrderBatchingAverage: 8.854955640050699E-05
StatTimingOrderBatchingOverall: 0.06986560000000001
StatTimingOrderBatchingCount: 789
>>> Overall
StatOverallBundlesPlaced: 0
StatOverallItemsOrdered: 635
StatOverallOrdersPlaced: 406
StatOverallBundlesRejected: 0
StatOverallOrdersRejected: 0
StatOverallBundlesHandled: 0
StatOverallItemsHandled: 765
StatOverallLinesHandled: 722
StatOverallOrdersHandled: 495
StatOverallCollisions: 0
StatOverallDistanceTraveled: 4833.189837734101
StatOverallDistanceEstimated: 4728
StatOverallAssignedTasks: 214
StatMaxMemoryUsed: 114,09765625
StatRealTimeUsed: 1.0393854
StatAverageTurnoverTime: 453.38144377737325
StatMedianTurnoverTime: 260.87777777777785
StatLowerQuartileTurnoverTime: 117.33120490252429
StatUpperQuartileTurnoverTime: 614.6561254969546
StatAverageThroughputTime: 89.48704394541772
StatMedianThroughputTime: 23.368888888888705
StatLowerQuartileThroughputTime: 12.364444444444501
StatUpperQuartileThroughputTime: 79.0899999999998

Marked tag finished after 1 tries!
.Fin. - SUCCESS
<<< Welcome to the RAWSimO CLI >>>
The time is: 06/03/2024 16:48:38
Starting RAWSimO wrapper with the following arguments:
Instance: ..\..\..\..\Material\Instances\0.Weighted30min\Weighted2.xinst
Setting: ..\..\..\..\Material\Instances\0.Weighted30min\Weighted2.xsett
ControlConfig: ..\..\..\..\Material\Instances\0.Weighted30min\Weighted2.xconf
StatisticsDir: ..\..\..\..\Material\Instances\0.Weighted30min
Seed: 2
Additionally the following tag was passed: Dfwhigh
Adding handler for unhandled exceptions ...
Initializing ... 
Instance recognized!
Parsing setting config ...
Parsing control config ...
Parsing instance ...
StatisticsFolder: Weighted2-Df_whigh_1.csv-2
Done!
