Executing ... 
 16:20:26 | >>> Warming up ...
 00:00:00 | >>> Warmup finished - starting simulation ...
 Realtime |   ETA    |  Sim.Time  | Progress | #Orders | #Bundles | Inv. | Distance | #Coll. |   Memory    
 00:00:00 |   n/a    | 0.00:00:00 |  0.00%   |    0    |    0     | 60%  |    0     |   0    |  90.83MB  
 00:00:00 | Cannot generate further orders - suspending generation for now
 00:00:00 | Cannot generate further orders - suspending generation for now
 00:00:00 | Cannot generate further orders - suspending generation for now
 00:00:01 | Cannot generate further orders - suspending generation for now
 00:00:01 | Cannot generate further orders - suspending generation for now
 00:00:01 | Cannot generate further orders - suspending generation for now
 00:00:01 | Cannot generate further orders - suspending generation for now
 00:00:01 | Cannot generate further orders - suspending generation for now
 00:00:01 | Cannot generate further orders - suspending generation for now
 00:00:01 | Cannot generate further orders - suspending generation for now
 00:00:01 | 00:00:00 | 0.00:30:00 | 100.00%  |   507   |    0     | 14%  |   5006   |   0    |  87.44MB  
 00:00:01 | >>> Simulation finished - writing results ...
 00:00:01 | >>> Results written
Simulation finished.
>>> Timings
StatTimingPathPlanningAverage: 0.00011706095808383241
StatTimingPathPlanningOverall: 0.09774590000000007
StatTimingPathPlanningCount: 835
StatTimingTaskAllocationAverage: 0.002213887019230769
StatTimingTaskAllocationOverall: 0.4604885
StatTimingTaskAllocationCount: 208
StatTimingItemStorageAverage: 1.235676392572948E-06
StatTimingItemStorageOverall: 0.0009317000000000026
StatTimingItemStorageCount: 754
StatTimingPodStorageAverage: 0.0017660673267326729
StatTimingPodStorageOverall: 0.17837279999999997
StatTimingPodStorageCount: 101
StatTimingReplenishmentBatchingAverage: 7.8E-06
StatTimingReplenishmentBatchingOverall: 1.56E-05
StatTimingReplenishmentBatchingCount: 2
StatTimingOrderBatchingAverage: 0.0001108913520097442
StatTimingOrderBatchingOverall: 0.09104179999999998
StatTimingOrderBatchingCount: 821
>>> Overall
StatOverallBundlesPlaced: 0
StatOverallItemsOrdered: 639
StatOverallOrdersPlaced: 414
StatOverallBundlesRejected: 0
StatOverallOrdersRejected: 0
StatOverallBundlesHandled: 0
StatOverallItemsHandled: 768
StatOverallLinesHandled: 727
StatOverallOrdersHandled: 507
StatOverallCollisions: 0
StatOverallDistanceTraveled: 5005.826525979526
StatOverallDistanceEstimated: 4908
StatOverallAssignedTasks: 208
StatMaxMemoryUsed: 91,79296875
StatRealTimeUsed: 1.2156102
StatAverageTurnoverTime: 475.34612912412524
StatMedianTurnoverTime: 354.06639248534964
StatLowerQuartileTurnoverTime: 181.9362986939369
StatUpperQuartileTurnoverTime: 660.0456565398907
StatAverageThroughputTime: 92.23482729446417
StatMedianThroughputTime: 24.973888888888894
StatLowerQuartileThroughputTime: 16.116666666667243
StatUpperQuartileThroughputTime: 83.1550937914131

Marked tag finished after 1 tries!
.Fin. - SUCCESS
<<< Welcome to the RAWSimO CLI >>>
The time is: 06/21/2024 16:20:28
Starting RAWSimO wrapper with the following arguments:
Instance: ..\..\..\..\Material\Instances\01.Weighted30min Demand Gall\Dr\Weighted2.xinst
Setting: ..\..\..\..\Material\Instances\01.Weighted30min Demand Gall\Dr\Weighted2.xsett
ControlConfig: ..\..\..\..\Material\Instances\01.Weighted30min Demand Gall\Dr\Weighted2.xconf
StatisticsDir: ..\..\..\..\Material\Instances\01.Weighted30min Demand Gall\Dr
Seed: 3
Additionally the following tag was passed: 1, 0.01, 1.0, 0.115, 0.5, 1.0
Adding handler for unhandled exceptions ...
Initializing ... 
Instance recognized!
Parsing setting config ...
Parsing control config ...
Parsing instance ...
StatisticsFolder: Weighted2-Dr_[[1, 0.01, 1.0]]_1_[0.115, 0.5, 1.0].csv-3
Done!
