Executing ... 
 09:44:00 | >>> Warming up ...
 00:00:00 | >>> Warmup finished - starting simulation ...
 Realtime |   ETA    |  Sim.Time  | Progress | #Orders | #Bundles | Inv. | Distance | #Coll. |   Memory    
 00:00:00 |   n/a    | 0.00:00:00 |  0.00%   |    0    |    0     | 60%  |    0     |   0    | 102.23MB  
 00:00:01 | Cannot generate further orders - suspending generation for now
 00:00:01 | Cannot generate further orders - suspending generation for now
 00:00:01 | Cannot generate further orders - suspending generation for now
 00:00:01 | Cannot generate further orders - suspending generation for now
 00:00:01 | Cannot generate further orders - suspending generation for now
 00:00:01 | Cannot generate further orders - suspending generation for now
 00:00:01 | Cannot generate further orders - suspending generation for now
 00:00:01 | 00:00:00 | 0.00:30:00 | 100.00%  |   454   |    0     | 19%  |   5285   |   0    | 105.19MB  
 00:00:01 | >>> Simulation finished - writing results ...
 00:00:01 | >>> Results written
Simulation finished.
>>> Timings
StatTimingPathPlanningAverage: 0.0001379151581243183
StatTimingPathPlanningOverall: 0.1264681999999999
StatTimingPathPlanningCount: 917
StatTimingTaskAllocationAverage: 0.0024109537735849066
StatTimingTaskAllocationOverall: 0.5111222000000002
StatTimingTaskAllocationCount: 212
StatTimingItemStorageAverage: 1.340868263473054E-06
StatTimingItemStorageOverall: 0.0008957
StatTimingItemStorageCount: 668
StatTimingPodStorageAverage: 0.0021688038834951446
StatTimingPodStorageOverall: 0.2233867999999999
StatTimingPodStorageCount: 103
StatTimingReplenishmentBatchingAverage: 8.599999999999999E-06
StatTimingReplenishmentBatchingOverall: 1.7199999999999998E-05
StatTimingReplenishmentBatchingCount: 2
StatTimingOrderBatchingAverage: 0.00012792549800796815
StatTimingOrderBatchingOverall: 0.09632790000000002
StatTimingOrderBatchingCount: 753
>>> Overall
StatOverallBundlesPlaced: 0
StatOverallItemsOrdered: 658
StatOverallOrdersPlaced: 410
StatOverallBundlesRejected: 0
StatOverallOrdersRejected: 0
StatOverallBundlesHandled: 0
StatOverallItemsHandled: 681
StatOverallLinesHandled: 644
StatOverallOrdersHandled: 454
StatOverallCollisions: 0
StatOverallDistanceTraveled: 5285.46938198709
StatOverallDistanceEstimated: 5140
StatOverallAssignedTasks: 212
StatMaxMemoryUsed: 107,453125
StatRealTimeUsed: 1.356134
StatAverageTurnoverTime: 487.56970595512985
StatMedianTurnoverTime: 307.71583692979675
StatLowerQuartileTurnoverTime: 139.4381601363507
StatUpperQuartileTurnoverTime: 749.3544298031691
StatAverageThroughputTime: 103.40474054302057
StatMedianThroughputTime: 20.96777777777811
StatLowerQuartileThroughputTime: 13.58888888888896
StatUpperQuartileThroughputTime: 79.39231601363599

Marked tag finished after 1 tries!
.Fin. - SUCCESS
<<< Welcome to the RAWSimO CLI >>>
The time is: 06/13/2024 09:44:02
Starting RAWSimO wrapper with the following arguments:
Instance: ..\..\..\..\Material\Instances\0.Weighted30min Demand separate\Db\Weighted2.xinst
Setting: ..\..\..\..\Material\Instances\0.Weighted30min Demand separate\Db\Weighted2.xsett
ControlConfig: ..\..\..\..\Material\Instances\0.Weighted30min Demand separate\Db\Weighted2.xconf
StatisticsDir: ..\..\..\..\Material\Instances\0.Weighted30min Demand separate\Db
Seed: 1
Additionally the following tag was passed: 1, 0.5534, 0.059, 0.115, 0.21, 1.0
Adding handler for unhandled exceptions ...
Initializing ... 
Instance recognized!
Parsing setting config ...
Parsing control config ...
Parsing instance ...
StatisticsFolder: Weighted2-Db_[[1, 0.5534, 0.059]]_3_[0.115, 0.21, 1.0].csv-1
Done!
