Executing ... 
 19:23:40 | >>> Warming up ...
 00:00:00 | >>> Warmup finished - starting simulation ...
 Realtime |   ETA    |  Sim.Time  | Progress | #Orders | #Bundles | Inv. | Distance | #Coll. |   Memory    
 00:00:00 |   n/a    | 0.00:00:00 |  0.00%   |    0    |    0     | 60%  |    0     |   0    |  97.63MB  
 00:00:00 | Cannot generate further orders - suspending generation for now
 00:00:00 | Cannot generate further orders - suspending generation for now
 00:00:01 | Cannot generate further orders - suspending generation for now
 00:00:01 | Cannot generate further orders - suspending generation for now
 00:00:01 | Cannot generate further orders - suspending generation for now
 00:00:01 | Cannot generate further orders - suspending generation for now
 00:00:01 | Cannot generate further orders - suspending generation for now
 00:00:01 | Cannot generate further orders - suspending generation for now
 00:00:01 | Cannot generate further orders - suspending generation for now
 00:00:01 | 00:00:00 | 0.00:30:00 | 100.00%  |   491   |    0     | 14%  |   4986   |   0    |  97.50MB  
 00:00:01 | >>> Simulation finished - writing results ...
 00:00:01 | >>> Results written
Simulation finished.
>>> Timings
StatTimingPathPlanningAverage: 0.00011910681818181803
StatTimingPathPlanningOverall: 0.09433259999999988
StatTimingPathPlanningCount: 792
StatTimingTaskAllocationAverage: 0.0021872962441314564
StatTimingTaskAllocationOverall: 0.4658941000000002
StatTimingTaskAllocationCount: 213
StatTimingItemStorageAverage: 1.5697010869565171E-06
StatTimingItemStorageOverall: 0.0011552999999999967
StatTimingItemStorageCount: 736
StatTimingPodStorageAverage: 0.0018675196078431374
StatTimingPodStorageOverall: 0.19048700000000002
StatTimingPodStorageCount: 102
StatTimingReplenishmentBatchingAverage: 8.4E-06
StatTimingReplenishmentBatchingOverall: 1.68E-05
StatTimingReplenishmentBatchingCount: 2
StatTimingOrderBatchingAverage: 0.00012772849936948315
StatTimingOrderBatchingOverall: 0.10128870000000015
StatTimingOrderBatchingCount: 793
>>> Overall
StatOverallBundlesPlaced: 0
StatOverallItemsOrdered: 666
StatOverallOrdersPlaced: 416
StatOverallBundlesRejected: 0
StatOverallOrdersRejected: 0
StatOverallBundlesHandled: 0
StatOverallItemsHandled: 764
StatOverallLinesHandled: 725
StatOverallOrdersHandled: 491
StatOverallCollisions: 0
StatOverallDistanceTraveled: 4986.418906871176
StatOverallDistanceEstimated: 4846
StatOverallAssignedTasks: 213
StatMaxMemoryUsed: 97,6328125
StatRealTimeUsed: 1.2242713
StatAverageTurnoverTime: 479.3110439759245
StatMedianTurnoverTime: 378.8797258186824
StatLowerQuartileTurnoverTime: 163.0605555555561
StatUpperQuartileTurnoverTime: 668.0263924853494
StatAverageThroughputTime: 100.28258939464112
StatMedianThroughputTime: 23.154538235857444
StatLowerQuartileThroughputTime: 15.813333333333276
StatUpperQuartileThroughputTime: 87.08333333333553

Marked tag finished after 1 tries!
.Fin. - SUCCESS
<<< Welcome to the RAWSimO CLI >>>
The time is: 06/25/2024 19:23:41
Starting RAWSimO wrapper with the following arguments:
Instance: ..\..\..\..\Material\Instances\10.Weighted30min Demand Gall\Dp\Weighted2.xinst
Setting: ..\..\..\..\Material\Instances\10.Weighted30min Demand Gall\Dp\Weighted2.xsett
ControlConfig: ..\..\..\..\Material\Instances\10.Weighted30min Demand Gall\Dp\Weighted2.xconf
StatisticsDir: ..\..\..\..\Material\Instances\10.Weighted30min Demand Gall\Dp
Seed: 4
Additionally the following tag was passed: 1, 0.9099999999999999, 1.0, 0.198, 0.213, 1.0
Adding handler for unhandled exceptions ...
Initializing ... 
Instance recognized!
Parsing setting config ...
Parsing control config ...
Parsing instance ...
StatisticsFolder: Weighted2-Dp_[[1, 0.9099999999999999, 1.0]]_3_[0.198, 0.213, 1.0].csv-4
Done!
