Executing ... 
 09:57:54 | >>> Warming up ...
 00:00:00 | >>> Warmup finished - starting simulation ...
 Realtime |   ETA    |  Sim.Time  | Progress | #Orders | #Bundles | Inv. | Distance | #Coll. |   Memory    
 00:00:00 |   n/a    | 0.00:00:00 |  0.00%   |    0    |    0     | 60%  |    0     |   0    | 108.45MB  
 00:00:00 | Cannot generate further orders - suspending generation for now
 00:00:00 | Cannot generate further orders - suspending generation for now
 00:00:00 | Cannot generate further orders - suspending generation for now
 00:00:00 | Cannot generate further orders - suspending generation for now
 00:00:00 | Cannot generate further orders - suspending generation for now
 00:00:00 | Cannot generate further orders - suspending generation for now
 00:00:00 | Cannot generate further orders - suspending generation for now
 00:00:00 | Cannot generate further orders - suspending generation for now
 00:00:00 | Cannot generate further orders - suspending generation for now
 00:00:00 | 00:00:00 | 0.00:30:00 | 100.00%  |   469   |    0     | 17%  |   5019   |   0    | 104.25MB  
 00:00:00 | >>> Simulation finished - writing results ...
 00:00:01 | >>> Results written
Simulation finished.
>>> Timings
StatTimingPathPlanningAverage: 9.180639810426534E-05
StatTimingPathPlanningOverall: 0.07748459999999995
StatTimingPathPlanningCount: 844
StatTimingTaskAllocationAverage: 0.00168166018957346
StatTimingTaskAllocationOverall: 0.35483030000000004
StatTimingTaskAllocationCount: 211
StatTimingItemStorageAverage: 9.921540656205428E-07
StatTimingItemStorageOverall: 0.0006955000000000005
StatTimingItemStorageCount: 701
StatTimingPodStorageAverage: 0.001395678431372549
StatTimingPodStorageOverall: 0.1423592
StatTimingPodStorageCount: 102
StatTimingReplenishmentBatchingAverage: 7.45E-06
StatTimingReplenishmentBatchingOverall: 1.49E-05
StatTimingReplenishmentBatchingCount: 2
StatTimingOrderBatchingAverage: 8.939729381443311E-05
StatTimingOrderBatchingOverall: 0.0693723000000001
StatTimingOrderBatchingCount: 776
>>> Overall
StatOverallBundlesPlaced: 0
StatOverallItemsOrdered: 643
StatOverallOrdersPlaced: 415
StatOverallBundlesRejected: 0
StatOverallOrdersRejected: 0
StatOverallBundlesHandled: 0
StatOverallItemsHandled: 717
StatOverallLinesHandled: 678
StatOverallOrdersHandled: 469
StatOverallCollisions: 0
StatOverallDistanceTraveled: 5019.4429979865245
StatOverallDistanceEstimated: 4917
StatOverallAssignedTasks: 211
StatMaxMemoryUsed: 108,44921875
StatRealTimeUsed: 0.9677462
StatAverageTurnoverTime: 498.14746014694424
StatMedianTurnoverTime: 320
StatLowerQuartileTurnoverTime: 163.0405555555554
StatUpperQuartileTurnoverTime: 761.6861111111133
StatAverageThroughputTime: 95.39323650729152
StatMedianThroughputTime: 22.840093791412983
StatLowerQuartileThroughputTime: 15.776111111111277
StatUpperQuartileThroughputTime: 87.46342712474666

Marked tag finished after 1 tries!
.Fin. - SUCCESS
<<< Welcome to the RAWSimO CLI >>>
The time is: 06/13/2024 09:57:55
Starting RAWSimO wrapper with the following arguments:
Instance: ..\..\..\..\Material\Instances\0.Weighted30min Demand separate\Dd\Weighted2.xinst
Setting: ..\..\..\..\Material\Instances\0.Weighted30min Demand separate\Dd\Weighted2.xsett
ControlConfig: ..\..\..\..\Material\Instances\0.Weighted30min Demand separate\Dd\Weighted2.xconf
StatisticsDir: ..\..\..\..\Material\Instances\0.Weighted30min Demand separate\Dd
Seed: 3
Additionally the following tag was passed: 1, 0.642, 0.21333333333333337, 0.17, 0.333, 0.8
Adding handler for unhandled exceptions ...
Initializing ... 
Instance recognized!
Parsing setting config ...
Parsing control config ...
Parsing instance ...
StatisticsFolder: Weighted2-Dd_[[1, 0.642, 0.21333333333333337]]_2_[0.17, 0.333, 0.8].csv-3
Done!
