Executing ... 
 19:11:04 | >>> Warming up ...
 00:00:00 | >>> Warmup finished - starting simulation ...
 Realtime |   ETA    |  Sim.Time  | Progress | #Orders | #Bundles | Inv. | Distance | #Coll. |   Memory    
 00:00:00 |   n/a    | 0.00:00:00 |  0.00%   |    0    |    0     | 60%  |    0     |   0    | 106.86MB  
 00:00:00 | Cannot generate further orders - suspending generation for now
 00:00:01 | Cannot generate further orders - suspending generation for now
 00:00:01 | Cannot generate further orders - suspending generation for now
 00:00:01 | Cannot generate further orders - suspending generation for now
 00:00:01 | Cannot generate further orders - suspending generation for now
 00:00:01 | Cannot generate further orders - suspending generation for now
 00:00:01 | Cannot generate further orders - suspending generation for now
 00:00:01 | Cannot generate further orders - suspending generation for now
 00:00:01 | Cannot generate further orders - suspending generation for now
 00:00:01 | Cannot generate further orders - suspending generation for now
 00:00:01 | Cannot generate further orders - suspending generation for now
 00:00:01 | 00:00:00 | 0.00:30:00 | 100.00%  |   482   |    0     | 15%  |   5096   |   0    | 107.87MB  
 00:00:01 | >>> Simulation finished - writing results ...
 00:00:01 | >>> Results written
Simulation finished.
>>> Timings
StatTimingPathPlanningAverage: 0.00012213881334981462
StatTimingPathPlanningOverall: 0.09881030000000003
StatTimingPathPlanningCount: 809
StatTimingTaskAllocationAverage: 0.0021657019047619055
StatTimingTaskAllocationOverall: 0.45479740000000013
StatTimingTaskAllocationCount: 210
StatTimingItemStorageAverage: 1.3984931506849324E-06
StatTimingItemStorageOverall: 0.0010209000000000006
StatTimingItemStorageCount: 730
StatTimingPodStorageAverage: 0.0018530673267326745
StatTimingPodStorageOverall: 0.18715980000000013
StatTimingPodStorageCount: 101
StatTimingReplenishmentBatchingAverage: 8.4E-06
StatTimingReplenishmentBatchingOverall: 1.68E-05
StatTimingReplenishmentBatchingCount: 2
StatTimingOrderBatchingAverage: 0.00014412203608247417
StatTimingOrderBatchingOverall: 0.11183869999999996
StatTimingOrderBatchingCount: 776
>>> Overall
StatOverallBundlesPlaced: 0
StatOverallItemsOrdered: 649
StatOverallOrdersPlaced: 413
StatOverallBundlesRejected: 0
StatOverallOrdersRejected: 0
StatOverallBundlesHandled: 0
StatOverallItemsHandled: 745
StatOverallLinesHandled: 704
StatOverallOrdersHandled: 482
StatOverallCollisions: 0
StatOverallDistanceTraveled: 5095.731360533307
StatOverallDistanceEstimated: 4967
StatOverallAssignedTasks: 210
StatMaxMemoryUsed: 107,87109375
StatRealTimeUsed: 1.2817708
StatAverageTurnoverTime: 461.33095894234793
StatMedianTurnoverTime: 275.8706493469684
StatLowerQuartileTurnoverTime: 110.20388888888868
StatUpperQuartileTurnoverTime: 734.7035209161598
StatAverageThroughputTime: 91.66598457709007
StatMedianThroughputTime: 20.732777777777798
StatLowerQuartileThroughputTime: 12.727871569191166
StatUpperQuartileThroughputTime: 77.91388888888875

Marked tag finished after 1 tries!
.Fin. - SUCCESS
<<< Welcome to the RAWSimO CLI >>>
The time is: 06/12/2024 19:11:05
Starting RAWSimO wrapper with the following arguments:
Instance: ..\..\..\..\Material\Instances\0.Weighted30min Demand separate\Da\Weighted2.xinst
Setting: ..\..\..\..\Material\Instances\0.Weighted30min Demand separate\Da\Weighted2.xsett
ControlConfig: ..\..\..\..\Material\Instances\0.Weighted30min Demand separate\Da\Weighted2.xconf
StatisticsDir: ..\..\..\..\Material\Instances\0.Weighted30min Demand separate\Da
Seed: 2
Additionally the following tag was passed: [[1, 2.539, 0.7922499999999999]]
Adding handler for unhandled exceptions ...
Initializing ... 
Instance recognized!
Parsing setting config ...
Parsing control config ...
Parsing instance ...
StatisticsFolder: Weighted2-Da_[[1, 2.539, 0.7922499999999999]]_2.csv-2
Done!
