Executing ... 
 09:55:18 | >>> Warming up ...
 00:00:00 | >>> Warmup finished - starting simulation ...
 Realtime |   ETA    |  Sim.Time  | Progress | #Orders | #Bundles | Inv. | Distance | #Coll. |   Memory    
 00:00:00 |   n/a    | 0.00:00:00 |  0.00%   |    0    |    0     | 60%  |    0     |   0    | 107.33MB  
 00:00:01 | Cannot generate further orders - suspending generation for now
 00:00:01 | Cannot generate further orders - suspending generation for now
 00:00:01 | Cannot generate further orders - suspending generation for now
 00:00:01 | Cannot generate further orders - suspending generation for now
 00:00:01 | Cannot generate further orders - suspending generation for now
 00:00:01 | Cannot generate further orders - suspending generation for now
 00:00:01 | Cannot generate further orders - suspending generation for now
 00:00:01 | Cannot generate further orders - suspending generation for now
 00:00:01 | Cannot generate further orders - suspending generation for now
 00:00:01 | Cannot generate further orders - suspending generation for now
 00:00:01 | Cannot generate further orders - suspending generation for now
 00:00:01 | 00:00:00 | 0.00:30:00 | 100.00%  |   488   |    0     | 15%  |   4886   |   0    | 103.89MB  
 00:00:01 | >>> Simulation finished - writing results ...
 00:00:01 | >>> Results written
Simulation finished.
>>> Timings
StatTimingPathPlanningAverage: 0.0001795245508982036
StatTimingPathPlanningOverall: 0.149903
StatTimingPathPlanningCount: 835
StatTimingTaskAllocationAverage: 0.002997297549019606
StatTimingTaskAllocationOverall: 0.6114486999999996
StatTimingTaskAllocationCount: 204
StatTimingItemStorageAverage: 1.7802182810368348E-06
StatTimingItemStorageOverall: 0.0013049
StatTimingItemStorageCount: 733
StatTimingPodStorageAverage: 0.002523039175257732
StatTimingPodStorageOverall: 0.24473479999999997
StatTimingPodStorageCount: 97
StatTimingReplenishmentBatchingAverage: 1.17E-05
StatTimingReplenishmentBatchingOverall: 2.34E-05
StatTimingReplenishmentBatchingCount: 2
StatTimingOrderBatchingAverage: 0.00014915874840357594
StatTimingOrderBatchingOverall: 0.11679129999999996
StatTimingOrderBatchingCount: 783
>>> Overall
StatOverallBundlesPlaced: 0
StatOverallItemsOrdered: 667
StatOverallOrdersPlaced: 416
StatOverallBundlesRejected: 0
StatOverallOrdersRejected: 0
StatOverallBundlesHandled: 0
StatOverallItemsHandled: 749
StatOverallLinesHandled: 709
StatOverallOrdersHandled: 488
StatOverallCollisions: 0
StatOverallDistanceTraveled: 4886.015987654313
StatOverallDistanceEstimated: 4728
StatOverallAssignedTasks: 204
StatMaxMemoryUsed: 108,921875
StatRealTimeUsed: 1.660422
StatAverageTurnoverTime: 439.7141008735706
StatMedianTurnoverTime: 300.4273160136371
StatLowerQuartileTurnoverTime: 129.7455555555552
StatUpperQuartileTurnoverTime: 612.9622222222229
StatAverageThroughputTime: 91.30234517615983
StatMedianThroughputTime: 24.651666666666713
StatLowerQuartileThroughputTime: 16.21944444444466
StatUpperQuartileThroughputTime: 84.47157287525397

Marked tag finished after 1 tries!
.Fin. - SUCCESS
<<< Welcome to the RAWSimO CLI >>>
The time is: 06/13/2024 09:55:20
Starting RAWSimO wrapper with the following arguments:
Instance: ..\..\..\..\Material\Instances\0.Weighted30min Demand separate\Dd\Weighted2.xinst
Setting: ..\..\..\..\Material\Instances\0.Weighted30min Demand separate\Dd\Weighted2.xsett
ControlConfig: ..\..\..\..\Material\Instances\0.Weighted30min Demand separate\Dd\Weighted2.xconf
StatisticsDir: ..\..\..\..\Material\Instances\0.Weighted30min Demand separate\Dd
Seed: 1
Additionally the following tag was passed: 1, 0.198, 0.3766666666666667, 0.143, 0.717, 0.5
Adding handler for unhandled exceptions ...
Initializing ... 
Instance recognized!
Parsing setting config ...
Parsing control config ...
Parsing instance ...
StatisticsFolder: Weighted2-Dd_[[1, 0.198, 0.3766666666666667]]_2_[0.143, 0.717, 0.5].csv-1
Done!
