Executing ... 
 18:20:09 | >>> Warming up ...
 00:00:00 | >>> Warmup finished - starting simulation ...
 Realtime |   ETA    |  Sim.Time  | Progress | #Orders | #Bundles | Inv. | Distance | #Coll. |   Memory    
 00:00:00 |   n/a    | 0.00:00:00 |  0.00%   |    0    |    0     | 60%  |    0     |   0    |  71.66MB  
 00:00:00 | Cannot generate further orders - suspending generation for now
 00:00:00 | 00:00:00 | 0.00:30:00 | 100.00%  |   396   |    0     | 24%  |   5592   |   0    |  72.58MB  
 00:00:00 | >>> Simulation finished - writing results ...
 00:00:00 | >>> Results written
Simulation finished.
>>> Timings
StatTimingPathPlanningAverage: 8.209988738738722E-05
StatTimingPathPlanningOverall: 0.07290469999999985
StatTimingPathPlanningCount: 888
StatTimingTaskAllocationAverage: 0.0013612669421487612
StatTimingTaskAllocationOverall: 0.32942660000000024
StatTimingTaskAllocationCount: 242
StatTimingItemStorageAverage: 1.024913494809693E-06
StatTimingItemStorageOverall: 0.0005924000000000025
StatTimingItemStorageCount: 578
StatTimingPodStorageAverage: 0.001216601724137931
StatTimingPodStorageOverall: 0.1411258
StatTimingPodStorageCount: 116
StatTimingReplenishmentBatchingAverage: 7.65E-06
StatTimingReplenishmentBatchingOverall: 1.53E-05
StatTimingReplenishmentBatchingCount: 2
StatTimingOrderBatchingAverage: 7.606755244755244E-05
StatTimingOrderBatchingOverall: 0.0543883
StatTimingOrderBatchingCount: 715
>>> Overall
StatOverallBundlesPlaced: 0
StatOverallItemsOrdered: 667
StatOverallOrdersPlaced: 426
StatOverallBundlesRejected: 0
StatOverallOrdersRejected: 0
StatOverallBundlesHandled: 0
StatOverallItemsHandled: 595
StatOverallLinesHandled: 560
StatOverallOrdersHandled: 396
StatOverallCollisions: 0
StatOverallDistanceTraveled: 5591.929862061885
StatOverallDistanceEstimated: 5434
StatOverallAssignedTasks: 242
StatMaxMemoryUsed: 72,58203125
StatRealTimeUsed: 0.9270581
StatAverageTurnoverTime: 505.3354376748264
StatMedianTurnoverTime: 382.5385931288131
StatLowerQuartileTurnoverTime: 166.93575033130236
StatUpperQuartileTurnoverTime: 754.5090620858732
StatAverageThroughputTime: 100.0431456888586
StatMedianThroughputTime: 16.517777777777837
StatLowerQuartileThroughputTime: 10.116666666666646
StatUpperQuartileThroughputTime: 75.17166666666645

Marked tag finished after 1 tries!
.Fin. - SUCCESS
<<< Welcome to the RAWSimO CLI >>>
The time is: 06/05/2024 18:20:10
Starting RAWSimO wrapper with the following arguments:
Instance: ..\..\..\..\Material\Instances\0.Weighted30min Demand separate\Db\Weighted2.xinst
Setting: ..\..\..\..\Material\Instances\0.Weighted30min Demand separate\Db\Weighted2.xsett
ControlConfig: ..\..\..\..\Material\Instances\0.Weighted30min Demand separate\Db\Weighted2.xconf
StatisticsDir: ..\..\..\..\Material\Instances\0.Weighted30min Demand separate\Db
Seed: 1
Additionally the following tag was passed: wlow
Adding handler for unhandled exceptions ...
Initializing ... 
Instance recognized!
Parsing setting config ...
Parsing control config ...
Parsing instance ...
StatisticsFolder: Weighted2-Db_wlow_2.csv-1
Done!
