Executing ... 
 17:04:57 | >>> Warming up ...
 00:00:00 | >>> Warmup finished - starting simulation ...
 Realtime |   ETA    |  Sim.Time  | Progress | #Orders | #Bundles | Inv. | Distance | #Coll. |   Memory    
 00:00:00 |   n/a    | 0.00:00:00 |  0.00%   |    0    |    0     | 97%  |    0     |   0    | 117.30MB  
 00:00:03 | Reactivating bundle generation paused by inventory+reserved+backlog level (currently at: 0.6494252873563219)
 00:00:04 | Cannot generate further orders - suspending generation for now
 00:00:04 | Cannot generate further orders - suspending generation for now
 00:00:04 | Cannot generate further orders - suspending generation for now
 00:00:04 | 00:00:00 | 0.00:30:00 | 100.00%  |   510   |    0     | 26%  |  12316   |   0    | 116.03MB  
 00:00:04 | >>> Simulation finished - writing results ...
 00:00:04 | >>> Results written
Simulation finished.
>>> Timings
StatTimingPathPlanningAverage: 0.00021232222222222262
StatTimingPathPlanningOverall: 0.2885459000000005
StatTimingPathPlanningCount: 1359
StatTimingTaskAllocationAverage: 0.007349357783018863
StatTimingTaskAllocationOverall: 3.116127699999998
StatTimingTaskAllocationCount: 424
StatTimingItemStorageAverage: 1.9142512077294688E-06
StatTimingItemStorageOverall: 0.0015850000000000003
StatTimingItemStorageCount: 828
StatTimingPodStorageAverage: 0.007121122279792747
StatTimingPodStorageOverall: 1.3743766000000002
StatTimingPodStorageCount: 193
StatTimingReplenishmentBatchingAverage: 5.0999999999999995E-06
StatTimingReplenishmentBatchingOverall: 1.53E-05
StatTimingReplenishmentBatchingCount: 3
StatTimingOrderBatchingAverage: 0.00023500191657271728
StatTimingOrderBatchingOverall: 0.20844670000000023
StatTimingOrderBatchingCount: 887
>>> Overall
StatOverallBundlesPlaced: 200
StatOverallItemsOrdered: 838
StatOverallOrdersPlaced: 520
StatOverallBundlesRejected: 0
StatOverallOrdersRejected: 0
StatOverallBundlesHandled: 0
StatOverallItemsHandled: 865
StatOverallLinesHandled: 816
StatOverallOrdersHandled: 510
StatOverallCollisions: 0
StatOverallDistanceTraveled: 12316.014583959874
StatOverallDistanceEstimated: 12099
StatOverallAssignedTasks: 424
StatMaxMemoryUsed: 117,296875
StatRealTimeUsed: 4.7496769
StatAverageTurnoverTime: 504.8018290274493
StatMedianTurnoverTime: 365.4936147075716
StatLowerQuartileTurnoverTime: 206.64222222222182
StatUpperQuartileTurnoverTime: 708.5047258186853
StatAverageThroughputTime: 159.475400346842
StatMedianThroughputTime: 130.41564934696999
StatLowerQuartileThroughputTime: 50.953333333333376
StatUpperQuartileThroughputTime: 181.24120490252403

Marked tag finished after 1 tries!
.Fin. - SUCCESS
