Executing ... 
 09:58:21 | >>> Warming up ...
 00:00:00 | >>> Warmup finished - starting simulation ...
 Realtime |   ETA    |  Sim.Time  | Progress | #Orders | #Bundles | Inv. | Distance | #Coll. |   Memory    
 00:00:00 |   n/a    | 0.00:00:00 |  0.00%   |    0    |    0     | 60%  |    0     |   0    | 109.50MB  
 00:00:00 | Cannot generate further orders - suspending generation for now
 00:00:00 | Cannot generate further orders - suspending generation for now
 00:00:00 | Cannot generate further orders - suspending generation for now
 00:00:00 | Cannot generate further orders - suspending generation for now
 00:00:00 | Cannot generate further orders - suspending generation for now
 00:00:00 | Cannot generate further orders - suspending generation for now
 00:00:00 | Cannot generate further orders - suspending generation for now
 00:00:00 | Cannot generate further orders - suspending generation for now
 00:00:00 | Cannot generate further orders - suspending generation for now
 00:00:01 | Cannot generate further orders - suspending generation for now
 00:00:01 | 00:00:00 | 0.00:30:00 | 100.00%  |   517   |    0     | 12%  |   4807   |   0    | 104.55MB  
 00:00:01 | >>> Simulation finished - writing results ...
 00:00:01 | >>> Results written
Simulation finished.
>>> Timings
StatTimingPathPlanningAverage: 9.350486555697821E-05
StatTimingPathPlanningOverall: 0.07302729999999999
StatTimingPathPlanningCount: 781
StatTimingTaskAllocationAverage: 0.0019494769607843142
StatTimingTaskAllocationOverall: 0.3976933000000001
StatTimingTaskAllocationCount: 204
StatTimingItemStorageAverage: 9.611688311688328E-07
StatTimingItemStorageOverall: 0.0007401000000000013
StatTimingItemStorageCount: 770
StatTimingPodStorageAverage: 0.0018237387755102032
StatTimingPodStorageOverall: 0.17872639999999992
StatTimingPodStorageCount: 98
StatTimingReplenishmentBatchingAverage: 7.9E-06
StatTimingReplenishmentBatchingOverall: 1.58E-05
StatTimingReplenishmentBatchingCount: 2
StatTimingOrderBatchingAverage: 9.926409638554218E-05
StatTimingOrderBatchingOverall: 0.08238920000000001
StatTimingOrderBatchingCount: 830
>>> Overall
StatOverallBundlesPlaced: 0
StatOverallItemsOrdered: 667
StatOverallOrdersPlaced: 434
StatOverallBundlesRejected: 0
StatOverallOrdersRejected: 0
StatOverallBundlesHandled: 0
StatOverallItemsHandled: 795
StatOverallLinesHandled: 754
StatOverallOrdersHandled: 517
StatOverallCollisions: 0
StatOverallDistanceTraveled: 4806.579948796417
StatOverallDistanceEstimated: 4667
StatOverallAssignedTasks: 204
StatMaxMemoryUsed: 108,08203125
StatRealTimeUsed: 1.0491215
StatAverageTurnoverTime: 463.26748179098763
StatMedianTurnoverTime: 273.6620418323199
StatLowerQuartileTurnoverTime: 135.35629869393745
StatUpperQuartileTurnoverTime: 616.5628715691909
StatAverageThroughputTime: 98.44682172553964
StatMedianThroughputTime: 26.47555555555573
StatLowerQuartileThroughputTime: 16.791204902523987
StatUpperQuartileThroughputTime: 79.23676045807954

Marked tag finished after 1 tries!
.Fin. - SUCCESS
<<< Welcome to the RAWSimO CLI >>>
The time is: 06/13/2024 09:58:22
Starting RAWSimO wrapper with the following arguments:
Instance: ..\..\..\..\Material\Instances\0.Weighted30min Demand separate\Dd\Weighted2.xinst
Setting: ..\..\..\..\Material\Instances\0.Weighted30min Demand separate\Dd\Weighted2.xsett
ControlConfig: ..\..\..\..\Material\Instances\0.Weighted30min Demand separate\Dd\Weighted2.xconf
StatisticsDir: ..\..\..\..\Material\Instances\0.Weighted30min Demand separate\Dd
Seed: 3
Additionally the following tag was passed: 1, 0.642, 0.54, 0.2, 0.333, 0.5
Adding handler for unhandled exceptions ...
Initializing ... 
Instance recognized!
Parsing setting config ...
Parsing control config ...
Parsing instance ...
StatisticsFolder: Weighted2-Dd_[[1, 0.642, 0.54]]_3_[0.2, 0.333, 0.5].csv-3
Done!
