Executing ... 
 16:22:33 | >>> Warming up ...
 00:00:00 | >>> Warmup finished - starting simulation ...
 Realtime |   ETA    |  Sim.Time  | Progress | #Orders | #Bundles | Inv. | Distance | #Coll. |   Memory    
 00:00:00 |   n/a    | 0.00:00:00 |  0.00%   |    0    |    0     | 60%  |    0     |   0    |  91.65MB  
 00:00:00 | Cannot generate further orders - suspending generation for now
 00:00:00 | Cannot generate further orders - suspending generation for now
 00:00:00 | Cannot generate further orders - suspending generation for now
 00:00:01 | Cannot generate further orders - suspending generation for now
 00:00:01 | Cannot generate further orders - suspending generation for now
 00:00:01 | Cannot generate further orders - suspending generation for now
 00:00:01 | Cannot generate further orders - suspending generation for now
 00:00:01 | Cannot generate further orders - suspending generation for now
 00:00:01 | Cannot generate further orders - suspending generation for now
 00:00:01 | Cannot generate further orders - suspending generation for now
 00:00:01 | 00:00:00 | 0.00:30:00 | 100.00%  |   489   |    0     | 14%  |   5002   |   0    |  87.80MB  
 00:00:01 | >>> Simulation finished - writing results ...
 00:00:01 | >>> Results written
Simulation finished.
>>> Timings
StatTimingPathPlanningAverage: 0.00018503901292596947
StatTimingPathPlanningOverall: 0.15746820000000003
StatTimingPathPlanningCount: 851
StatTimingTaskAllocationAverage: 0.00225999380952381
StatTimingTaskAllocationOverall: 0.4745987000000001
StatTimingTaskAllocationCount: 210
StatTimingItemStorageAverage: 1.2405835543766566E-06
StatTimingItemStorageOverall: 0.000935399999999999
StatTimingItemStorageCount: 754
StatTimingPodStorageAverage: 0.0019719439999999998
StatTimingPodStorageOverall: 0.1971944
StatTimingPodStorageCount: 100
StatTimingReplenishmentBatchingAverage: 7.5500000000000006E-06
StatTimingReplenishmentBatchingOverall: 1.5100000000000001E-05
StatTimingReplenishmentBatchingCount: 2
StatTimingOrderBatchingAverage: 0.00012229526184538646
StatTimingOrderBatchingOverall: 0.09808079999999994
StatTimingOrderBatchingCount: 802
>>> Overall
StatOverallBundlesPlaced: 0
StatOverallItemsOrdered: 646
StatOverallOrdersPlaced: 410
StatOverallBundlesRejected: 0
StatOverallOrdersRejected: 0
StatOverallBundlesHandled: 0
StatOverallItemsHandled: 761
StatOverallLinesHandled: 719
StatOverallOrdersHandled: 489
StatOverallCollisions: 0
StatOverallDistanceTraveled: 5002.119273501744
StatOverallDistanceEstimated: 4864
StatOverallAssignedTasks: 210
StatMaxMemoryUsed: 91,65234375
StatRealTimeUsed: 1.3875312
StatAverageTurnoverTime: 496.02241598569907
StatMedianTurnoverTime: 384.4450937914162
StatLowerQuartileTurnoverTime: 176.39666666666676
StatUpperQuartileTurnoverTime: 733.1165800681782
StatAverageThroughputTime: 87.74704122553445
StatMedianThroughputTime: 25.4988888888887
StatLowerQuartileThroughputTime: 15.929444444444698
StatUpperQuartileThroughputTime: 83.72666666666646

Marked tag finished after 1 tries!
.Fin. - SUCCESS
<<< Welcome to the RAWSimO CLI >>>
The time is: 06/21/2024 16:22:34
Starting RAWSimO wrapper with the following arguments:
Instance: ..\..\..\..\Material\Instances\01.Weighted30min Demand Gall\Dr\Weighted2.xinst
Setting: ..\..\..\..\Material\Instances\01.Weighted30min Demand Gall\Dr\Weighted2.xsett
ControlConfig: ..\..\..\..\Material\Instances\01.Weighted30min Demand Gall\Dr\Weighted2.xconf
StatisticsDir: ..\..\..\..\Material\Instances\01.Weighted30min Demand Gall\Dr
Seed: 2
Additionally the following tag was passed: 1, 1.6, 1.0, 0.216, 0.143, 1.0
Adding handler for unhandled exceptions ...
Initializing ... 
Instance recognized!
Parsing setting config ...
Parsing control config ...
Parsing instance ...
StatisticsFolder: Weighted2-Dr_[[1, 1.6, 1.0]]_1_[0.216, 0.143, 1.0].csv-2
Done!
