Executing ... 
 21:28:44 | >>> Warming up ...
 00:00:00 | >>> Warmup finished - starting simulation ...
 Realtime |   ETA    |  Sim.Time  | Progress | #Orders | #Bundles | Inv. | Distance | #Coll. |   Memory    
 00:00:00 |   n/a    | 0.00:00:00 |  0.00%   |    0    |    0     | 60%  |    0     |   0    |  88.60MB  
 00:00:01 | Cannot generate further orders - suspending generation for now
 00:00:01 | Cannot generate further orders - suspending generation for now
 00:00:01 | Cannot generate further orders - suspending generation for now
 00:00:01 | Cannot generate further orders - suspending generation for now
 00:00:01 | Cannot generate further orders - suspending generation for now
 00:00:01 | Cannot generate further orders - suspending generation for now
 00:00:01 | Cannot generate further orders - suspending generation for now
 00:00:01 | Cannot generate further orders - suspending generation for now
 00:00:01 | Cannot generate further orders - suspending generation for now
 00:00:01 | Cannot generate further orders - suspending generation for now
 00:00:01 | 00:00:00 | 0.00:30:00 | 100.00%  |   468   |    0     | 16%  |   5133   |   0    |  61.94MB  
 00:00:01 | >>> Simulation finished - writing results ...
 00:00:01 | >>> Results written
Simulation finished.
>>> Timings
StatTimingPathPlanningAverage: 0.00013028879907621226
StatTimingPathPlanningOverall: 0.11283009999999981
StatTimingPathPlanningCount: 866
StatTimingTaskAllocationAverage: 0.002414695327102803
StatTimingTaskAllocationOverall: 0.5167447999999998
StatTimingTaskAllocationCount: 214
StatTimingItemStorageAverage: 1.3055096418732803E-06
StatTimingItemStorageOverall: 0.0009478000000000015
StatTimingItemStorageCount: 726
StatTimingPodStorageAverage: 0.0017538269230769228
StatTimingPodStorageOverall: 0.18239799999999998
StatTimingPodStorageCount: 104
StatTimingReplenishmentBatchingAverage: 7.9E-06
StatTimingReplenishmentBatchingOverall: 1.58E-05
StatTimingReplenishmentBatchingCount: 2
StatTimingOrderBatchingAverage: 0.00010986386010362689
StatTimingOrderBatchingOverall: 0.08481489999999996
StatTimingOrderBatchingCount: 772
>>> Overall
StatOverallBundlesPlaced: 0
StatOverallItemsOrdered: 662
StatOverallOrdersPlaced: 408
StatOverallBundlesRejected: 0
StatOverallOrdersRejected: 0
StatOverallBundlesHandled: 0
StatOverallItemsHandled: 736
StatOverallLinesHandled: 686
StatOverallOrdersHandled: 468
StatOverallCollisions: 0
StatOverallDistanceTraveled: 5132.963637328519
StatOverallDistanceEstimated: 5008
StatOverallAssignedTasks: 214
StatMaxMemoryUsed: 88,6015625
StatRealTimeUsed: 1.3925059
StatAverageTurnoverTime: 441.13381142974896
StatMedianTurnoverTime: 274.5712915010155
StatLowerQuartileTurnoverTime: 95.90055555555561
StatUpperQuartileTurnoverTime: 642.3731529434339
StatAverageThroughputTime: 86.3065657658064
StatMedianThroughputTime: 22.108333333333235
StatLowerQuartileThroughputTime: 12.43898268030182
StatUpperQuartileThroughputTime: 71.8717604580811

Marked tag finished after 1 tries!
.Fin. - SUCCESS
<<< Welcome to the RAWSimO CLI >>>
The time is: 06/12/2024 21:28:45
Starting RAWSimO wrapper with the following arguments:
Instance: ..\..\..\..\Material\Instances\0.Weighted30min Demand separate\Da\Weighted2.xinst
Setting: ..\..\..\..\Material\Instances\0.Weighted30min Demand separate\Da\Weighted2.xsett
ControlConfig: ..\..\..\..\Material\Instances\0.Weighted30min Demand separate\Da\Weighted2.xconf
StatisticsDir: ..\..\..\..\Material\Instances\0.Weighted30min Demand separate\Da
Seed: 1
Additionally the following tag was passed: 1, 2.539, 0.7922499999999999, 0.234, 0.1, 0.294
Adding handler for unhandled exceptions ...
Initializing ... 
Instance recognized!
Parsing setting config ...
Parsing control config ...
Parsing instance ...
StatisticsFolder: Weighted2-Da_[[1, 2.539, 0.7922499999999999]]_1_[0.234, 0.1, 0.294].csv-1
Done!
