Executing ... 
 19:11:44 | >>> Warming up ...
 00:00:00 | >>> Warmup finished - starting simulation ...
 Realtime |   ETA    |  Sim.Time  | Progress | #Orders | #Bundles | Inv. | Distance | #Coll. |   Memory    
 00:00:00 |   n/a    | 0.00:00:00 |  0.00%   |    0    |    0     | 60%  |    0     |   0    |  80.46MB  
 00:00:00 | Cannot generate further orders - suspending generation for now
 00:00:00 | Cannot generate further orders - suspending generation for now
 00:00:00 | Cannot generate further orders - suspending generation for now
 00:00:00 | Cannot generate further orders - suspending generation for now
 00:00:00 | Cannot generate further orders - suspending generation for now
 00:00:01 | Cannot generate further orders - suspending generation for now
 00:00:01 | Cannot generate further orders - suspending generation for now
 00:00:01 | Cannot generate further orders - suspending generation for now
 00:00:01 | Cannot generate further orders - suspending generation for now
 00:00:01 | 00:00:00 | 0.00:30:00 | 100.00%  |   453   |    0     | 18%  |   5364   |   0    |  85.28MB  
 00:00:01 | >>> Simulation finished - writing results ...
 00:00:01 | >>> Results written
Simulation finished.
>>> Timings
StatTimingPathPlanningAverage: 9.92919708029197E-05
StatTimingPathPlanningOverall: 0.081618
StatTimingPathPlanningCount: 822
StatTimingTaskAllocationAverage: 0.0017871241071428575
StatTimingTaskAllocationOverall: 0.40031580000000005
StatTimingTaskAllocationCount: 224
StatTimingItemStorageAverage: 1.1306184012066409E-06
StatTimingItemStorageOverall: 0.0007496000000000028
StatTimingItemStorageCount: 663
StatTimingPodStorageAverage: 0.0014334472222222218
StatTimingPodStorageOverall: 0.15481229999999996
StatTimingPodStorageCount: 108
StatTimingReplenishmentBatchingAverage: 7.6E-06
StatTimingReplenishmentBatchingOverall: 1.52E-05
StatTimingReplenishmentBatchingCount: 2
StatTimingOrderBatchingAverage: 9.321648351648341E-05
StatTimingOrderBatchingOverall: 0.06786159999999992
StatTimingOrderBatchingCount: 728
>>> Overall
StatOverallBundlesPlaced: 0
StatOverallItemsOrdered: 636
StatOverallOrdersPlaced: 405
StatOverallBundlesRejected: 0
StatOverallOrdersRejected: 0
StatOverallBundlesHandled: 0
StatOverallItemsHandled: 691
StatOverallLinesHandled: 650
StatOverallOrdersHandled: 453
StatOverallCollisions: 0
StatOverallDistanceTraveled: 5363.770573608701
StatOverallDistanceEstimated: 5253
StatOverallAssignedTasks: 224
StatMaxMemoryUsed: 87,91796875
StatRealTimeUsed: 1.1190048
StatAverageTurnoverTime: 447.1193015739677
StatMedianTurnoverTime: 302.41251078938603
StatLowerQuartileTurnoverTime: 128.7241702631275
StatUpperQuartileTurnoverTime: 632.4512049025237
StatAverageThroughputTime: 89.49268914223356
StatMedianThroughputTime: 20.5573160136355
StatLowerQuartileThroughputTime: 12.65833333333319
StatUpperQuartileThroughputTime: 72.8814718909191

Marked tag finished after 1 tries!
.Fin. - SUCCESS
<<< Welcome to the RAWSimO CLI >>>
The time is: 06/12/2024 19:11:45
Starting RAWSimO wrapper with the following arguments:
Instance: ..\..\..\..\Material\Instances\0.Weighted30min Demand separate\Da\Weighted2.xinst
Setting: ..\..\..\..\Material\Instances\0.Weighted30min Demand separate\Da\Weighted2.xsett
ControlConfig: ..\..\..\..\Material\Instances\0.Weighted30min Demand separate\Da\Weighted2.xconf
StatisticsDir: ..\..\..\..\Material\Instances\0.Weighted30min Demand separate\Da
Seed: 2
Additionally the following tag was passed: [[1, 7.513, 0.052]]
Adding handler for unhandled exceptions ...
Initializing ... 
Instance recognized!
Parsing setting config ...
Parsing control config ...
Parsing instance ...
StatisticsFolder: Weighted2-Da_[[1, 7.513, 0.052]]_2.csv-2
Done!
