Executing ... 
 09:45:26 | >>> Warming up ...
 00:00:00 | >>> Warmup finished - starting simulation ...
 Realtime |   ETA    |  Sim.Time  | Progress | #Orders | #Bundles | Inv. | Distance | #Coll. |   Memory    
 00:00:00 |   n/a    | 0.00:00:00 |  0.00%   |    0    |    0     | 60%  |    0     |   0    |  89.97MB  
 00:00:01 | Cannot generate further orders - suspending generation for now
 00:00:01 | Cannot generate further orders - suspending generation for now
 00:00:01 | Cannot generate further orders - suspending generation for now
 00:00:01 | Cannot generate further orders - suspending generation for now
 00:00:01 | Cannot generate further orders - suspending generation for now
 00:00:01 | Cannot generate further orders - suspending generation for now
 00:00:01 | Cannot generate further orders - suspending generation for now
 00:00:01 | 00:00:00 | 0.00:30:00 | 100.00%  |   458   |    0     | 18%  |   5206   |   0    |  94.09MB  
 00:00:01 | >>> Simulation finished - writing results ...
 00:00:01 | >>> Results written
Simulation finished.
>>> Timings
StatTimingPathPlanningAverage: 0.00012158576429404897
StatTimingPathPlanningOverall: 0.10419899999999997
StatTimingPathPlanningCount: 857
StatTimingTaskAllocationAverage: 0.002325312500000002
StatTimingTaskAllocationOverall: 0.5022675000000004
StatTimingTaskAllocationCount: 216
StatTimingItemStorageAverage: 1.2898678414096906E-06
StatTimingItemStorageOverall: 0.0008783999999999993
StatTimingItemStorageCount: 681
StatTimingPodStorageAverage: 0.001983274999999999
StatTimingPodStorageOverall: 0.2062605999999999
StatTimingPodStorageCount: 104
StatTimingReplenishmentBatchingAverage: 1.28E-05
StatTimingReplenishmentBatchingOverall: 2.56E-05
StatTimingReplenishmentBatchingCount: 2
StatTimingOrderBatchingAverage: 0.00011770282258064506
StatTimingOrderBatchingOverall: 0.08757089999999992
StatTimingOrderBatchingCount: 744
>>> Overall
StatOverallBundlesPlaced: 0
StatOverallItemsOrdered: 661
StatOverallOrdersPlaced: 413
StatOverallBundlesRejected: 0
StatOverallOrdersRejected: 0
StatOverallBundlesHandled: 0
StatOverallItemsHandled: 702
StatOverallLinesHandled: 663
StatOverallOrdersHandled: 458
StatOverallCollisions: 0
StatOverallDistanceTraveled: 5206.060340277773
StatOverallDistanceEstimated: 4987
StatOverallAssignedTasks: 216
StatMaxMemoryUsed: 97,35546875
StatRealTimeUsed: 1.3106891
StatAverageTurnoverTime: 476.1843987650708
StatMedianTurnoverTime: 361.197770584855
StatLowerQuartileTurnoverTime: 168.4690764717147
StatUpperQuartileTurnoverTime: 678.9468542494953
StatAverageThroughputTime: 95.17190964426779
StatMedianThroughputTime: 22.869444444445207
StatLowerQuartileThroughputTime: 12.884444444444625
StatUpperQuartileThroughputTime: 81.8034271247461

Marked tag finished after 1 tries!
.Fin. - SUCCESS
<<< Welcome to the RAWSimO CLI >>>
The time is: 06/13/2024 09:45:27
Starting RAWSimO wrapper with the following arguments:
Instance: ..\..\..\..\Material\Instances\0.Weighted30min Demand separate\Db\Weighted2.xinst
Setting: ..\..\..\..\Material\Instances\0.Weighted30min Demand separate\Db\Weighted2.xsett
ControlConfig: ..\..\..\..\Material\Instances\0.Weighted30min Demand separate\Db\Weighted2.xconf
StatisticsDir: ..\..\..\..\Material\Instances\0.Weighted30min Demand separate\Db
Seed: 1
Additionally the following tag was passed: 1, 0.8006, 0.549, 0.209, 0.26, 0.383
Adding handler for unhandled exceptions ...
Initializing ... 
Instance recognized!
Parsing setting config ...
Parsing control config ...
Parsing instance ...
StatisticsFolder: Weighted2-Db_[[1, 0.8006, 0.549]]_2_[0.209, 0.26, 0.383].csv-1
Done!
