Executing ... 
 16:18:22 | >>> Warming up ...
 00:00:00 | >>> Warmup finished - starting simulation ...
 Realtime |   ETA    |  Sim.Time  | Progress | #Orders | #Bundles | Inv. | Distance | #Coll. |   Memory    
 00:00:00 |   n/a    | 0.00:00:00 |  0.00%   |    0    |    0     | 60%  |    0     |   0    |  88.98MB  
 00:00:01 | Cannot generate further orders - suspending generation for now
 00:00:01 | Cannot generate further orders - suspending generation for now
 00:00:01 | Cannot generate further orders - suspending generation for now
 00:00:01 | Cannot generate further orders - suspending generation for now
 00:00:01 | Cannot generate further orders - suspending generation for now
 00:00:01 | Cannot generate further orders - suspending generation for now
 00:00:01 | Cannot generate further orders - suspending generation for now
 00:00:01 | Cannot generate further orders - suspending generation for now
 00:00:01 | Cannot generate further orders - suspending generation for now
 00:00:01 | Cannot generate further orders - suspending generation for now
 00:00:01 | 00:00:00 | 0.00:30:00 | 100.00%  |   512   |    0     | 12%  |   4891   |   0    |  62.89MB  
 00:00:01 | >>> Simulation finished - writing results ...
 00:00:01 | >>> Results written
Simulation finished.
>>> Timings
StatTimingPathPlanningAverage: 0.00014510315917375463
StatTimingPathPlanningOverall: 0.11941990000000005
StatTimingPathPlanningCount: 823
StatTimingTaskAllocationAverage: 0.0024514043902439013
StatTimingTaskAllocationOverall: 0.5025378999999998
StatTimingTaskAllocationCount: 205
StatTimingItemStorageAverage: 1.5984354628422384E-06
StatTimingItemStorageOverall: 0.0012259999999999968
StatTimingItemStorageCount: 767
StatTimingPodStorageAverage: 0.0019233505050505046
StatTimingPodStorageOverall: 0.19041169999999996
StatTimingPodStorageCount: 99
StatTimingReplenishmentBatchingAverage: 1.24E-05
StatTimingReplenishmentBatchingOverall: 2.48E-05
StatTimingReplenishmentBatchingCount: 2
StatTimingOrderBatchingAverage: 0.00018669040590405905
StatTimingOrderBatchingOverall: 0.1517793
StatTimingOrderBatchingCount: 813
>>> Overall
StatOverallBundlesPlaced: 0
StatOverallItemsOrdered: 667
StatOverallOrdersPlaced: 422
StatOverallBundlesRejected: 0
StatOverallOrdersRejected: 0
StatOverallBundlesHandled: 0
StatOverallItemsHandled: 799
StatOverallLinesHandled: 758
StatOverallOrdersHandled: 512
StatOverallCollisions: 0
StatOverallDistanceTraveled: 4891.149669362644
StatOverallDistanceEstimated: 4694
StatOverallAssignedTasks: 205
StatMaxMemoryUsed: 87,38671875
StatRealTimeUsed: 1.436282
StatAverageTurnoverTime: 468.26909167556926
StatMedianTurnoverTime: 346.88442977517536
StatLowerQuartileTurnoverTime: 142.9133333333359
StatUpperQuartileTurnoverTime: 641.9575179823095
StatAverageThroughputTime: 92.8684529181751
StatMedianThroughputTime: 25.703333333334058
StatLowerQuartileThroughputTime: 15.847633352482148
StatUpperQuartileThroughputTime: 82.2710173196983

Marked tag finished after 1 tries!
.Fin. - SUCCESS
<<< Welcome to the RAWSimO CLI >>>
The time is: 06/21/2024 16:18:24
Starting RAWSimO wrapper with the following arguments:
Instance: ..\..\..\..\Material\Instances\01.Weighted30min Demand Gall\Dp\Weighted2.xinst
Setting: ..\..\..\..\Material\Instances\01.Weighted30min Demand Gall\Dp\Weighted2.xsett
ControlConfig: ..\..\..\..\Material\Instances\01.Weighted30min Demand Gall\Dp\Weighted2.xconf
StatisticsDir: ..\..\..\..\Material\Instances\01.Weighted30min Demand Gall\Dp
Seed: 2
Additionally the following tag was passed: 1, 0.01, 1.0, 0.077, 0.853, 1.0
Adding handler for unhandled exceptions ...
Initializing ... 
Instance recognized!
Parsing setting config ...
Parsing control config ...
Parsing instance ...
StatisticsFolder: Weighted2-Dp_[[1, 0.01, 1.0]]_3_[0.077, 0.853, 1.0].csv-2
Done!
