Executing ... 
 09:39:17 | >>> Warming up ...
 00:00:00 | >>> Warmup finished - starting simulation ...
 Realtime |   ETA    |  Sim.Time  | Progress | #Orders | #Bundles | Inv. | Distance | #Coll. |   Memory    
 00:00:00 |   n/a    | 0.00:00:00 |  0.00%   |    0    |    0     | 60%  |    0     |   0    |  81.03MB  
 00:00:00 | Cannot generate further orders - suspending generation for now
 00:00:00 | Cannot generate further orders - suspending generation for now
 00:00:00 | Cannot generate further orders - suspending generation for now
 00:00:00 | Cannot generate further orders - suspending generation for now
 00:00:01 | Cannot generate further orders - suspending generation for now
 00:00:01 | Cannot generate further orders - suspending generation for now
 00:00:01 | Cannot generate further orders - suspending generation for now
 00:00:01 | Cannot generate further orders - suspending generation for now
 00:00:01 | Cannot generate further orders - suspending generation for now
 00:00:01 | Cannot generate further orders - suspending generation for now
 00:00:01 | 00:00:00 | 0.00:30:00 | 100.00%  |   469   |    0     | 18%  |   5088   |   0    |  77.03MB  
 00:00:01 | >>> Simulation finished - writing results ...
 00:00:01 | >>> Results written
Simulation finished.
>>> Timings
StatTimingPathPlanningAverage: 0.0001416504142011835
StatTimingPathPlanningOverall: 0.11969460000000005
StatTimingPathPlanningCount: 845
StatTimingTaskAllocationAverage: 0.002056012380952382
StatTimingTaskAllocationOverall: 0.43176260000000016
StatTimingTaskAllocationCount: 210
StatTimingItemStorageAverage: 1.124637681159425E-06
StatTimingItemStorageOverall: 0.0007760000000000031
StatTimingItemStorageCount: 690
StatTimingPodStorageAverage: 0.0018325300000000015
StatTimingPodStorageOverall: 0.18325300000000014
StatTimingPodStorageCount: 100
StatTimingReplenishmentBatchingAverage: 8.25E-06
StatTimingReplenishmentBatchingOverall: 1.65E-05
StatTimingReplenishmentBatchingCount: 2
StatTimingOrderBatchingAverage: 0.00011201994680851066
StatTimingOrderBatchingOverall: 0.08423900000000002
StatTimingOrderBatchingCount: 752
>>> Overall
StatOverallBundlesPlaced: 0
StatOverallItemsOrdered: 661
StatOverallOrdersPlaced: 422
StatOverallBundlesRejected: 0
StatOverallOrdersRejected: 0
StatOverallBundlesHandled: 0
StatOverallItemsHandled: 706
StatOverallLinesHandled: 664
StatOverallOrdersHandled: 469
StatOverallCollisions: 0
StatOverallDistanceTraveled: 5088.177517160526
StatOverallDistanceEstimated: 4968
StatOverallAssignedTasks: 210
StatMaxMemoryUsed: 80,83203125
StatRealTimeUsed: 1.2443512
StatAverageTurnoverTime: 457.60013594786153
StatMedianTurnoverTime: 281.3468542494925
StatLowerQuartileTurnoverTime: 128.07055555555561
StatUpperQuartileTurnoverTime: 752.7552741813182
StatAverageThroughputTime: 97.97794886348643
StatMedianThroughputTime: 21.435000000000173
StatLowerQuartileThroughputTime: 12.66111111111104
StatUpperQuartileThroughputTime: 77.90158006817546

Marked tag finished after 1 tries!
.Fin. - SUCCESS
<<< Welcome to the RAWSimO CLI >>>
The time is: 06/13/2024 09:39:18
Starting RAWSimO wrapper with the following arguments:
Instance: ..\..\..\..\Material\Instances\0.Weighted30min Demand separate\Da\Weighted2.xinst
Setting: ..\..\..\..\Material\Instances\0.Weighted30min Demand separate\Da\Weighted2.xsett
ControlConfig: ..\..\..\..\Material\Instances\0.Weighted30min Demand separate\Da\Weighted2.xconf
StatisticsDir: ..\..\..\..\Material\Instances\0.Weighted30min Demand separate\Da
Seed: 2
Additionally the following tag was passed: 1, 4.0312, 0.052, 0.093, 0.88, 0.306
Adding handler for unhandled exceptions ...
Initializing ... 
Instance recognized!
Parsing setting config ...
Parsing control config ...
Parsing instance ...
StatisticsFolder: Weighted2-Da_[[1, 4.0312, 0.052]]_2_[0.093, 0.88, 0.306].csv-2
Done!
