Executing ... 
 19:24:38 | >>> Warming up ...
 00:00:00 | >>> Warmup finished - starting simulation ...
 Realtime |   ETA    |  Sim.Time  | Progress | #Orders | #Bundles | Inv. | Distance | #Coll. |   Memory    
 00:00:00 |   n/a    | 0.00:00:00 |  0.00%   |    0    |    0     | 60%  |    0     |   0    | 138.20MB  
 00:00:00 | Cannot generate further orders - suspending generation for now
 00:00:00 | Cannot generate further orders - suspending generation for now
 00:00:00 | Cannot generate further orders - suspending generation for now
 00:00:00 | Cannot generate further orders - suspending generation for now
 00:00:00 | Cannot generate further orders - suspending generation for now
 00:00:00 | Cannot generate further orders - suspending generation for now
 00:00:01 | Cannot generate further orders - suspending generation for now
 00:00:01 | Cannot generate further orders - suspending generation for now
 00:00:01 | Cannot generate further orders - suspending generation for now
 00:00:01 | Cannot generate further orders - suspending generation for now
 00:00:01 | Cannot generate further orders - suspending generation for now
 00:00:01 | 00:00:00 | 0.00:30:00 | 100.00%  |   476   |    0     | 16%  |   5081   |   0    | 140.13MB  
 00:00:01 | >>> Simulation finished - writing results ...
 00:00:01 | >>> Results written
Simulation finished.
>>> Timings
StatTimingPathPlanningAverage: 0.00011019630071599038
StatTimingPathPlanningOverall: 0.09234449999999994
StatTimingPathPlanningCount: 838
StatTimingTaskAllocationAverage: 0.001853981531531532
StatTimingTaskAllocationOverall: 0.4115839000000001
StatTimingTaskAllocationCount: 222
StatTimingItemStorageAverage: 1.3360497237569062E-06
StatTimingItemStorageOverall: 0.0009673
StatTimingItemStorageCount: 724
StatTimingPodStorageAverage: 0.0016402934579439247
StatTimingPodStorageOverall: 0.17551139999999993
StatTimingPodStorageCount: 107
StatTimingReplenishmentBatchingAverage: 7.35E-06
StatTimingReplenishmentBatchingOverall: 1.47E-05
StatTimingReplenishmentBatchingCount: 2
StatTimingOrderBatchingAverage: 0.00011970826032540674
StatTimingOrderBatchingOverall: 0.09564689999999998
StatTimingOrderBatchingCount: 799
>>> Overall
StatOverallBundlesPlaced: 0
StatOverallItemsOrdered: 660
StatOverallOrdersPlaced: 432
StatOverallBundlesRejected: 0
StatOverallOrdersRejected: 0
StatOverallBundlesHandled: 0
StatOverallItemsHandled: 731
StatOverallLinesHandled: 694
StatOverallOrdersHandled: 476
StatOverallCollisions: 0
StatOverallDistanceTraveled: 5081.169285775002
StatOverallDistanceEstimated: 4975
StatOverallAssignedTasks: 222
StatMaxMemoryUsed: 140,1328125
StatRealTimeUsed: 1.1311727
StatAverageTurnoverTime: 466.31996740021145
StatMedianTurnoverTime: 348.0789826803009
StatLowerQuartileTurnoverTime: 160.24074313838173
StatUpperQuartileTurnoverTime: 650.950555555555
StatAverageThroughputTime: 95.04476416168698
StatMedianThroughputTime: 21.3057359454599
StatLowerQuartileThroughputTime: 13.106948040905763
StatUpperQuartileThroughputTime: 84.80499999999961

Marked tag finished after 1 tries!
.Fin. - SUCCESS
<<< Welcome to the RAWSimO CLI >>>
The time is: 06/25/2024 19:24:40
Starting RAWSimO wrapper with the following arguments:
Instance: ..\..\..\..\Material\Instances\10.Weighted30min Demand Gall\Dr\Weighted2.xinst
Setting: ..\..\..\..\Material\Instances\10.Weighted30min Demand Gall\Dr\Weighted2.xsett
ControlConfig: ..\..\..\..\Material\Instances\10.Weighted30min Demand Gall\Dr\Weighted2.xconf
StatisticsDir: ..\..\..\..\Material\Instances\10.Weighted30min Demand Gall\Dr
Seed: 3
Additionally the following tag was passed: 1, 0.15454545454545457, 1.0, 0.091, 0.586, 1.0
Adding handler for unhandled exceptions ...
Initializing ... 
Instance recognized!
Parsing setting config ...
Parsing control config ...
Parsing instance ...
StatisticsFolder: Weighted2-Dr_[[1, 0.15454545454545457, 1.0]]_1_[0.091, 0.586, 1.0].csv-3
Done!
