Executing ... 
 19:19:50 | >>> Warming up ...
 00:00:00 | >>> Warmup finished - starting simulation ...
 Realtime |   ETA    |  Sim.Time  | Progress | #Orders | #Bundles | Inv. | Distance | #Coll. |   Memory    
 00:00:00 |   n/a    | 0.00:00:00 |  0.00%   |    0    |    0     | 60%  |    0     |   0    | 110.89MB  
 00:00:00 | Cannot generate further orders - suspending generation for now
 00:00:00 | Cannot generate further orders - suspending generation for now
 00:00:00 | Cannot generate further orders - suspending generation for now
 00:00:00 | Cannot generate further orders - suspending generation for now
 00:00:00 | Cannot generate further orders - suspending generation for now
 00:00:00 | Cannot generate further orders - suspending generation for now
 00:00:00 | Cannot generate further orders - suspending generation for now
 00:00:00 | Cannot generate further orders - suspending generation for now
 00:00:00 | Cannot generate further orders - suspending generation for now
 00:00:00 | Cannot generate further orders - suspending generation for now
 00:00:00 | 00:00:00 | 0.00:30:00 | 100.00%  |   479   |    0     | 16%  |   5093   |   0    | 109.35MB  
 00:00:00 | >>> Simulation finished - writing results ...
 00:00:01 | >>> Results written
Simulation finished.
>>> Timings
StatTimingPathPlanningAverage: 8.828454221165282E-05
StatTimingPathPlanningOverall: 0.07424730000000003
StatTimingPathPlanningCount: 841
StatTimingTaskAllocationAverage: 0.0016623729357798161
StatTimingTaskAllocationOverall: 0.3623972999999999
StatTimingTaskAllocationCount: 218
StatTimingItemStorageAverage: 9.941258741258782E-07
StatTimingItemStorageOverall: 0.000710800000000003
StatTimingItemStorageCount: 715
StatTimingPodStorageAverage: 0.001376303809523809
StatTimingPodStorageOverall: 0.14451189999999994
StatTimingPodStorageCount: 105
StatTimingReplenishmentBatchingAverage: 7.15E-06
StatTimingReplenishmentBatchingOverall: 1.43E-05
StatTimingReplenishmentBatchingCount: 2
StatTimingOrderBatchingAverage: 8.477531969309456E-05
StatTimingOrderBatchingOverall: 0.06629429999999994
StatTimingOrderBatchingCount: 782
>>> Overall
StatOverallBundlesPlaced: 0
StatOverallItemsOrdered: 667
StatOverallOrdersPlaced: 415
StatOverallBundlesRejected: 0
StatOverallOrdersRejected: 0
StatOverallBundlesHandled: 0
StatOverallItemsHandled: 733
StatOverallLinesHandled: 693
StatOverallOrdersHandled: 479
StatOverallCollisions: 0
StatOverallDistanceTraveled: 5092.676337654856
StatOverallDistanceEstimated: 4913
StatOverallAssignedTasks: 218
StatMaxMemoryUsed: 110,89453125
StatRealTimeUsed: 0.9487395
StatAverageTurnoverTime: 437.4364558160588
StatMedianTurnoverTime: 287.2744444444447
StatLowerQuartileTurnoverTime: 136.34852091615903
StatUpperQuartileTurnoverTime: 610.5722222222223
StatAverageThroughputTime: 98.83607589416194
StatMedianThroughputTime: 24.474531042935496
StatLowerQuartileThroughputTime: 14.312777777777804
StatUpperQuartileThroughputTime: 88.66648627676246

Marked tag finished after 1 tries!
.Fin. - SUCCESS
<<< Welcome to the RAWSimO CLI >>>
The time is: 06/25/2024 19:19:51
Starting RAWSimO wrapper with the following arguments:
Instance: ..\..\..\..\Material\Instances\10.Weighted30min Demand Gall\Dp\Weighted2.xinst
Setting: ..\..\..\..\Material\Instances\10.Weighted30min Demand Gall\Dp\Weighted2.xsett
ControlConfig: ..\..\..\..\Material\Instances\10.Weighted30min Demand Gall\Dp\Weighted2.xconf
StatisticsDir: ..\..\..\..\Material\Instances\10.Weighted30min Demand Gall\Dp
Seed: 4
Additionally the following tag was passed: 1, 0.09999999999999999, 1.0, 0.092, 0.773, 1.0
Adding handler for unhandled exceptions ...
Initializing ... 
Instance recognized!
Parsing setting config ...
Parsing control config ...
Parsing instance ...
StatisticsFolder: Weighted2-Dp_[[1, 0.09999999999999999, 1.0]]_1_[0.092, 0.773, 1.0].csv-4
Done!
