Executing ... 
 13:46:09 | >>> Warming up ...
 00:00:00 | >>> Warmup finished - starting simulation ...
 Realtime |   ETA    |  Sim.Time  | Progress | #Orders | #Bundles | Inv. | Distance | #Coll. |   Memory    
 00:00:00 |   n/a    | 0.00:00:00 |  0.00%   |    0    |    0     | 60%  |    0     |   0    | 116.16MB  
 00:00:00 | Cannot generate further orders - suspending generation for now
 00:00:01 | Cannot generate further orders - suspending generation for now
 00:00:01 | Cannot generate further orders - suspending generation for now
 00:00:01 | Cannot generate further orders - suspending generation for now
 00:00:01 | Cannot generate further orders - suspending generation for now
 00:00:01 | Cannot generate further orders - suspending generation for now
 00:00:01 | Cannot generate further orders - suspending generation for now
 00:00:01 | Cannot generate further orders - suspending generation for now
 00:00:01 | Cannot generate further orders - suspending generation for now
 00:00:01 | Cannot generate further orders - suspending generation for now
 00:00:01 | Cannot generate further orders - suspending generation for now
 00:00:01 | 00:00:00 | 0.00:30:00 | 100.00%  |   518   |    0     | 12%  |   4835   |   0    | 113.36MB  
 00:00:01 | >>> Simulation finished - writing results ...
 00:00:01 | >>> Results written
Simulation finished.
>>> Timings
StatTimingPathPlanningAverage: 0.00011327298636926888
StatTimingPathPlanningOverall: 0.09141129999999999
StatTimingPathPlanningCount: 807
StatTimingTaskAllocationAverage: 0.0025240620689655187
StatTimingTaskAllocationOverall: 0.5123846000000003
StatTimingTaskAllocationCount: 203
StatTimingItemStorageAverage: 1.2079842931937194E-06
StatTimingItemStorageOverall: 0.0009229000000000017
StatTimingItemStorageCount: 764
StatTimingPodStorageAverage: 0.0025459906250000003
StatTimingPodStorageOverall: 0.24441510000000002
StatTimingPodStorageCount: 96
StatTimingReplenishmentBatchingAverage: 8.9E-06
StatTimingReplenishmentBatchingOverall: 1.78E-05
StatTimingReplenishmentBatchingCount: 2
StatTimingOrderBatchingAverage: 0.00010768021712907107
StatTimingOrderBatchingOverall: 0.08926689999999991
StatTimingOrderBatchingCount: 829
>>> Overall
StatOverallBundlesPlaced: 0
StatOverallItemsOrdered: 654
StatOverallOrdersPlaced: 424
StatOverallBundlesRejected: 0
StatOverallOrdersRejected: 0
StatOverallBundlesHandled: 0
StatOverallItemsHandled: 793
StatOverallLinesHandled: 753
StatOverallOrdersHandled: 518
StatOverallCollisions: 0
StatOverallDistanceTraveled: 4835.1823579585325
StatOverallDistanceEstimated: 4677
StatOverallAssignedTasks: 203
StatMaxMemoryUsed: 116,921875
StatRealTimeUsed: 1.3090402
StatAverageTurnoverTime: 448.2417902664819
StatMedianTurnoverTime: 270.2418542494925
StatLowerQuartileTurnoverTime: 122.97749640353936
StatUpperQuartileTurnoverTime: 644.8240764717149
StatAverageThroughputTime: 84.05667902071093
StatMedianThroughputTime: 25.19740980504912
StatLowerQuartileThroughputTime: 16.63176045807961
StatUpperQuartileThroughputTime: 70.91509379141371

Marked tag finished after 1 tries!
.Fin. - SUCCESS
<<< Welcome to the RAWSimO CLI >>>
The time is: 06/07/2024 13:46:11
Starting RAWSimO wrapper with the following arguments:
Instance: ..\..\..\..\Material\Instances\0.Weighted30min Demand separate\Dd\Weighted2.xinst
Setting: ..\..\..\..\Material\Instances\0.Weighted30min Demand separate\Dd\Weighted2.xsett
ControlConfig: ..\..\..\..\Material\Instances\0.Weighted30min Demand separate\Dd\Weighted2.xconf
StatisticsDir: ..\..\..\..\Material\Instances\0.Weighted30min Demand separate\Dd
Seed: 1
Additionally the following tag was passed: [[1, 3, 2]]
Adding handler for unhandled exceptions ...
Initializing ... 
Instance recognized!
Parsing setting config ...
Parsing control config ...
Parsing instance ...
StatisticsFolder: Weighted2-Dd_[[1, 3, 2]]_1.csv-1
Done!
