Executing ... 
 19:26:02 | >>> Warming up ...
 00:00:00 | >>> Warmup finished - starting simulation ...
 Realtime |   ETA    |  Sim.Time  | Progress | #Orders | #Bundles | Inv. | Distance | #Coll. |   Memory    
 00:00:00 |   n/a    | 0.00:00:00 |  0.00%   |    0    |    0     | 60%  |    0     |   0    | 113.86MB  
 00:00:00 | Cannot generate further orders - suspending generation for now
 00:00:00 | Cannot generate further orders - suspending generation for now
 00:00:00 | Cannot generate further orders - suspending generation for now
 00:00:00 | Cannot generate further orders - suspending generation for now
 00:00:00 | Cannot generate further orders - suspending generation for now
 00:00:00 | Cannot generate further orders - suspending generation for now
 00:00:00 | Cannot generate further orders - suspending generation for now
 00:00:01 | Cannot generate further orders - suspending generation for now
 00:00:01 | Cannot generate further orders - suspending generation for now
 00:00:01 | 00:00:00 | 0.00:30:00 | 100.00%  |   504   |    0     | 13%  |   5064   |   0    | 116.20MB  
 00:00:01 | >>> Simulation finished - writing results ...
 00:00:01 | >>> Results written
Simulation finished.
>>> Timings
StatTimingPathPlanningAverage: 9.967089371980675E-05
StatTimingPathPlanningOverall: 0.08252749999999999
StatTimingPathPlanningCount: 828
StatTimingTaskAllocationAverage: 0.0019655840579710154
StatTimingTaskAllocationOverall: 0.4068759000000002
StatTimingTaskAllocationCount: 207
StatTimingItemStorageAverage: 1.058902275769745E-06
StatTimingItemStorageOverall: 0.0007909999999999996
StatTimingItemStorageCount: 747
StatTimingPodStorageAverage: 0.0017265252525252527
StatTimingPodStorageOverall: 0.17092600000000002
StatTimingPodStorageCount: 99
StatTimingReplenishmentBatchingAverage: 7.4E-06
StatTimingReplenishmentBatchingOverall: 1.48E-05
StatTimingReplenishmentBatchingCount: 2
StatTimingOrderBatchingAverage: 9.751086691086691E-05
StatTimingOrderBatchingOverall: 0.0798614
StatTimingOrderBatchingCount: 819
>>> Overall
StatOverallBundlesPlaced: 0
StatOverallItemsOrdered: 667
StatOverallOrdersPlaced: 422
StatOverallBundlesRejected: 0
StatOverallOrdersRejected: 0
StatOverallBundlesHandled: 0
StatOverallItemsHandled: 777
StatOverallLinesHandled: 732
StatOverallOrdersHandled: 504
StatOverallCollisions: 0
StatOverallDistanceTraveled: 5064.427118981477
StatOverallDistanceEstimated: 4912
StatOverallAssignedTasks: 207
StatMaxMemoryUsed: 119,37109375
StatRealTimeUsed: 1.0461478
StatAverageTurnoverTime: 458.0961291543642
StatMedianTurnoverTime: 362.44648627676247
StatLowerQuartileTurnoverTime: 143.60055555555732
StatUpperQuartileTurnoverTime: 637.1526839863652
StatAverageThroughputTime: 90.76494455486397
StatMedianThroughputTime: 25.231111111111318
StatLowerQuartileThroughputTime: 16.151666666667097
StatUpperQuartileThroughputTime: 84.54712843080938

Marked tag finished after 1 tries!
.Fin. - SUCCESS
<<< Welcome to the RAWSimO CLI >>>
The time is: 06/25/2024 19:26:03
Starting RAWSimO wrapper with the following arguments:
Instance: ..\..\..\..\Material\Instances\10.Weighted30min Demand Gall\Dr\Weighted2.xinst
Setting: ..\..\..\..\Material\Instances\10.Weighted30min Demand Gall\Dr\Weighted2.xsett
ControlConfig: ..\..\..\..\Material\Instances\10.Weighted30min Demand Gall\Dr\Weighted2.xconf
StatisticsDir: ..\..\..\..\Material\Instances\10.Weighted30min Demand Gall\Dr
Seed: 1
Additionally the following tag was passed: 1, 0.7327272727272728, 1.0, 0.185, 0.252, 1.0
Adding handler for unhandled exceptions ...
Initializing ... 
Instance recognized!
Parsing setting config ...
Parsing control config ...
Parsing instance ...
StatisticsFolder: Weighted2-Dr_[[1, 0.7327272727272728, 1.0]]_1_[0.185, 0.252, 1.0].csv-1
Done!
