Executing ... 
 09:57:04 | >>> Warming up ...
 00:00:00 | >>> Warmup finished - starting simulation ...
 Realtime |   ETA    |  Sim.Time  | Progress | #Orders | #Bundles | Inv. | Distance | #Coll. |   Memory    
 00:00:00 |   n/a    | 0.00:00:00 |  0.00%   |    0    |    0     | 60%  |    0     |   0    | 106.85MB  
 00:00:00 | Cannot generate further orders - suspending generation for now
 00:00:00 | Cannot generate further orders - suspending generation for now
 00:00:00 | Cannot generate further orders - suspending generation for now
 00:00:00 | Cannot generate further orders - suspending generation for now
 00:00:00 | Cannot generate further orders - suspending generation for now
 00:00:00 | Cannot generate further orders - suspending generation for now
 00:00:00 | Cannot generate further orders - suspending generation for now
 00:00:00 | Cannot generate further orders - suspending generation for now
 00:00:00 | Cannot generate further orders - suspending generation for now
 00:00:00 | 00:00:00 | 0.00:30:00 | 100.00%  |   466   |    0     | 17%  |   5156   |   0    | 104.00MB  
 00:00:01 | >>> Simulation finished - writing results ...
 00:00:01 | >>> Results written
Simulation finished.
>>> Timings
StatTimingPathPlanningAverage: 8.937855504587151E-05
StatTimingPathPlanningOverall: 0.07793809999999995
StatTimingPathPlanningCount: 872
StatTimingTaskAllocationAverage: 0.0017635602803738341
StatTimingTaskAllocationOverall: 0.3774019000000005
StatTimingTaskAllocationCount: 214
StatTimingItemStorageAverage: 9.401146131805216E-07
StatTimingItemStorageOverall: 0.0006562000000000041
StatTimingItemStorageCount: 698
StatTimingPodStorageAverage: 0.0015551349514563103
StatTimingPodStorageOverall: 0.16017889999999996
StatTimingPodStorageCount: 103
StatTimingReplenishmentBatchingAverage: 7.75E-06
StatTimingReplenishmentBatchingOverall: 1.55E-05
StatTimingReplenishmentBatchingCount: 2
StatTimingOrderBatchingAverage: 8.567179818887448E-05
StatTimingOrderBatchingOverall: 0.06622429999999997
StatTimingOrderBatchingCount: 773
>>> Overall
StatOverallBundlesPlaced: 0
StatOverallItemsOrdered: 659
StatOverallOrdersPlaced: 418
StatOverallBundlesRejected: 0
StatOverallOrdersRejected: 0
StatOverallBundlesHandled: 0
StatOverallItemsHandled: 717
StatOverallLinesHandled: 674
StatOverallOrdersHandled: 466
StatOverallCollisions: 0
StatOverallDistanceTraveled: 5155.692800617267
StatOverallDistanceEstimated: 4993
StatOverallAssignedTasks: 214
StatMaxMemoryUsed: 106,84765625
StatRealTimeUsed: 0.9998824
StatAverageTurnoverTime: 433.97446159801893
StatMedianTurnoverTime: 297.99222222222227
StatLowerQuartileTurnoverTime: 121.5161111111114
StatUpperQuartileTurnoverTime: 608.3583333333333
StatAverageThroughputTime: 92.17577417321296
StatMedianThroughputTime: 20.570555555555757
StatLowerQuartileThroughputTime: 12.861111111111086
StatUpperQuartileThroughputTime: 84.13472581868518

Marked tag finished after 1 tries!
.Fin. - SUCCESS
<<< Welcome to the RAWSimO CLI >>>
The time is: 06/13/2024 09:57:05
Starting RAWSimO wrapper with the following arguments:
Instance: ..\..\..\..\Material\Instances\0.Weighted30min Demand separate\Dd\Weighted2.xinst
Setting: ..\..\..\..\Material\Instances\0.Weighted30min Demand separate\Dd\Weighted2.xsett
ControlConfig: ..\..\..\..\Material\Instances\0.Weighted30min Demand separate\Dd\Weighted2.xconf
StatisticsDir: ..\..\..\..\Material\Instances\0.Weighted30min Demand separate\Dd
Seed: 2
Additionally the following tag was passed: 1, 0.49399999999999994, 0.21333333333333337, 0.169, 0.342, 0.8
Adding handler for unhandled exceptions ...
Initializing ... 
Instance recognized!
Parsing setting config ...
Parsing control config ...
Parsing instance ...
StatisticsFolder: Weighted2-Dd_[[1, 0.49399999999999994, 0.21333333333333337]]_1_[0.169, 0.342, 0.8].csv-2
Done!
