Executing ... 
 19:24:53 | >>> Warming up ...
 00:00:00 | >>> Warmup finished - starting simulation ...
 Realtime |   ETA    |  Sim.Time  | Progress | #Orders | #Bundles | Inv. | Distance | #Coll. |   Memory    
 00:00:00 |   n/a    | 0.00:00:00 |  0.00%   |    0    |    0     | 60%  |    0     |   0    | 146.34MB  
 00:00:00 | Cannot generate further orders - suspending generation for now
 00:00:00 | Cannot generate further orders - suspending generation for now
 00:00:00 | Cannot generate further orders - suspending generation for now
 00:00:00 | Cannot generate further orders - suspending generation for now
 00:00:00 | Cannot generate further orders - suspending generation for now
 00:00:00 | Cannot generate further orders - suspending generation for now
 00:00:00 | Cannot generate further orders - suspending generation for now
 00:00:00 | Cannot generate further orders - suspending generation for now
 00:00:00 | Cannot generate further orders - suspending generation for now
 00:00:00 | 00:00:00 | 0.00:30:00 | 100.00%  |   473   |    0     | 17%  |   5091   |   0    | 141.46MB  
 00:00:00 | >>> Simulation finished - writing results ...
 00:00:00 | >>> Results written
Simulation finished.
>>> Timings
StatTimingPathPlanningAverage: 8.583966942148763E-05
StatTimingPathPlanningOverall: 0.07270620000000003
StatTimingPathPlanningCount: 847
StatTimingTaskAllocationAverage: 0.001654713425925926
StatTimingTaskAllocationOverall: 0.3574181
StatTimingTaskAllocationCount: 216
StatTimingItemStorageAverage: 8.521367521367588E-07
StatTimingItemStorageOverall: 0.0005982000000000047
StatTimingItemStorageCount: 702
StatTimingPodStorageAverage: 0.0013271490384615383
StatTimingPodStorageOverall: 0.1380235
StatTimingPodStorageCount: 104
StatTimingReplenishmentBatchingAverage: 7E-06
StatTimingReplenishmentBatchingOverall: 1.4E-05
StatTimingReplenishmentBatchingCount: 2
StatTimingOrderBatchingAverage: 7.598905852417305E-05
StatTimingOrderBatchingOverall: 0.059727400000000014
StatTimingOrderBatchingCount: 786
>>> Overall
StatOverallBundlesPlaced: 0
StatOverallItemsOrdered: 641
StatOverallOrdersPlaced: 415
StatOverallBundlesRejected: 0
StatOverallOrdersRejected: 0
StatOverallBundlesHandled: 0
StatOverallItemsHandled: 711
StatOverallLinesHandled: 674
StatOverallOrdersHandled: 473
StatOverallCollisions: 0
StatOverallDistanceTraveled: 5091.3135893979015
StatOverallDistanceEstimated: 4877
StatOverallAssignedTasks: 216
StatMaxMemoryUsed: 146,34375
StatRealTimeUsed: 0.8981006
StatAverageTurnoverTime: 462.77932223627454
StatMedianTurnoverTime: 351.69075033130224
StatLowerQuartileTurnoverTime: 161.65750359646083
StatUpperQuartileTurnoverTime: 616.1052669883977
StatAverageThroughputTime: 96.91081605504348
StatMedianThroughputTime: 24.55277777777792
StatLowerQuartileThroughputTime: 16.15444444444438
StatUpperQuartileThroughputTime: 84.47500000000014

Marked tag finished after 1 tries!
.Fin. - SUCCESS
<<< Welcome to the RAWSimO CLI >>>
The time is: 06/25/2024 19:24:54
Starting RAWSimO wrapper with the following arguments:
Instance: ..\..\..\..\Material\Instances\10.Weighted30min Demand Gall\Dr\Weighted2.xinst
Setting: ..\..\..\..\Material\Instances\10.Weighted30min Demand Gall\Dr\Weighted2.xsett
ControlConfig: ..\..\..\..\Material\Instances\10.Weighted30min Demand Gall\Dr\Weighted2.xconf
StatisticsDir: ..\..\..\..\Material\Instances\10.Weighted30min Demand Gall\Dr
Seed: 3
Additionally the following tag was passed: 1, 0.15454545454545457, 1.0, 0.091, 0.586, 1.0
Adding handler for unhandled exceptions ...
Initializing ... 
Instance recognized!
Parsing setting config ...
Parsing control config ...
Parsing instance ...
StatisticsFolder: Weighted2-Dr_[[1, 0.15454545454545457, 1.0]]_3_[0.091, 0.586, 1.0].csv-3
Done!
