Executing ... 
 13:59:36 | >>> Warming up ...
 00:00:00 | >>> Warmup finished - starting simulation ...
 Realtime |   ETA    |  Sim.Time  | Progress | #Orders | #Bundles | Inv. | Distance | #Coll. |   Memory    
 00:00:00 |   n/a    | 0.00:00:00 |  0.00%   |    0    |    0     | 60%  |    0     |   0    | 100.84MB  
 00:00:00 | Cannot generate further orders - suspending generation for now
 00:00:00 | Cannot generate further orders - suspending generation for now
 00:00:00 | Cannot generate further orders - suspending generation for now
 00:00:00 | Cannot generate further orders - suspending generation for now
 00:00:00 | Cannot generate further orders - suspending generation for now
 00:00:00 | Cannot generate further orders - suspending generation for now
 00:00:00 | Cannot generate further orders - suspending generation for now
 00:00:00 | Cannot generate further orders - suspending generation for now
 00:00:00 | 00:00:00 | 0.00:30:00 | 100.00%  |   456   |    0     | 19%  |   5168   |   0    |  96.77MB  
 00:00:00 | >>> Simulation finished - writing results ...
 00:00:01 | >>> Results written
Simulation finished.
>>> Timings
StatTimingPathPlanningAverage: 8.821346375143831E-05
StatTimingPathPlanningOverall: 0.07665749999999989
StatTimingPathPlanningCount: 869
StatTimingTaskAllocationAverage: 0.0015621466367713003
StatTimingTaskAllocationOverall: 0.34835869999999997
StatTimingTaskAllocationCount: 223
StatTimingItemStorageAverage: 1.1524737631184408E-06
StatTimingItemStorageOverall: 0.0007687
StatTimingItemStorageCount: 667
StatTimingPodStorageAverage: 0.0013393401869158876
StatTimingPodStorageOverall: 0.14330939999999998
StatTimingPodStorageCount: 107
StatTimingReplenishmentBatchingAverage: 9E-06
StatTimingReplenishmentBatchingOverall: 1.8E-05
StatTimingReplenishmentBatchingCount: 2
StatTimingOrderBatchingAverage: 8.353454301075275E-05
StatTimingOrderBatchingOverall: 0.06214970000000005
StatTimingOrderBatchingCount: 744
>>> Overall
StatOverallBundlesPlaced: 0
StatOverallItemsOrdered: 636
StatOverallOrdersPlaced: 405
StatOverallBundlesRejected: 0
StatOverallOrdersRejected: 0
StatOverallBundlesHandled: 0
StatOverallItemsHandled: 688
StatOverallLinesHandled: 650
StatOverallOrdersHandled: 456
StatOverallCollisions: 0
StatOverallDistanceTraveled: 5168.037454279969
StatOverallDistanceEstimated: 5025
StatOverallAssignedTasks: 223
StatMaxMemoryUsed: 101,16015625
StatRealTimeUsed: 0.9717621
StatAverageTurnoverTime: 488.523042036742
StatMedianTurnoverTime: 350.8784271247459
StatLowerQuartileTurnoverTime: 137.6244372515241
StatUpperQuartileTurnoverTime: 704.5873160136351
StatAverageThroughputTime: 85.27023684553103
StatMedianThroughputTime: 21.44453823585718
StatLowerQuartileThroughputTime: 12.933888888888887
StatUpperQuartileThroughputTime: 78.74593072120729

Marked tag finished after 1 tries!
.Fin. - SUCCESS
<<< Welcome to the RAWSimO CLI >>>
The time is: 06/07/2024 13:59:37
Starting RAWSimO wrapper with the following arguments:
Instance: ..\..\..\..\Material\Instances\0.Weighted30min Demand separate\Da\Weighted2.xinst
Setting: ..\..\..\..\Material\Instances\0.Weighted30min Demand separate\Da\Weighted2.xsett
ControlConfig: ..\..\..\..\Material\Instances\0.Weighted30min Demand separate\Da\Weighted2.xconf
StatisticsDir: ..\..\..\..\Material\Instances\0.Weighted30min Demand separate\Da
Seed: 2
Additionally the following tag was passed: [[1, 1, 0.052]]
Adding handler for unhandled exceptions ...
Initializing ... 
Instance recognized!
Parsing setting config ...
Parsing control config ...
Parsing instance ...
StatisticsFolder: Weighted2-Da_[[1, 1, 0.052]]_1.csv-2
Done!
