Executing ... 
 10:02:01 | >>> Warming up ...
 00:00:00 | >>> Warmup finished - starting simulation ...
 Realtime |   ETA    |  Sim.Time  | Progress | #Orders | #Bundles | Inv. | Distance | #Coll. |   Memory    
 00:00:00 |   n/a    | 0.00:00:00 |  0.00%   |    0    |    0     | 60%  |    0     |   0    | 116.34MB  
 00:00:00 | Cannot generate further orders - suspending generation for now
 00:00:00 | Cannot generate further orders - suspending generation for now
 00:00:00 | Cannot generate further orders - suspending generation for now
 00:00:00 | Cannot generate further orders - suspending generation for now
 00:00:00 | Cannot generate further orders - suspending generation for now
 00:00:00 | Cannot generate further orders - suspending generation for now
 00:00:00 | Cannot generate further orders - suspending generation for now
 00:00:00 | Cannot generate further orders - suspending generation for now
 00:00:00 | Cannot generate further orders - suspending generation for now
 00:00:01 | Cannot generate further orders - suspending generation for now
 00:00:01 | Cannot generate further orders - suspending generation for now
 00:00:01 | 00:00:00 | 0.00:30:00 | 100.00%  |   506   |    0     | 13%  |   4822   |   0    | 111.36MB  
 00:00:01 | >>> Simulation finished - writing results ...
 00:00:01 | >>> Results written
Simulation finished.
>>> Timings
StatTimingPathPlanningAverage: 9.423949685534597E-05
StatTimingPathPlanningOverall: 0.07492040000000005
StatTimingPathPlanningCount: 795
StatTimingTaskAllocationAverage: 0.0021330446153846154
StatTimingTaskAllocationOverall: 0.4159437
StatTimingTaskAllocationCount: 195
StatTimingItemStorageAverage: 9.337696335078569E-07
StatTimingItemStorageOverall: 0.0007134000000000027
StatTimingItemStorageCount: 764
StatTimingPodStorageAverage: 0.00182018494623656
StatTimingPodStorageOverall: 0.1692772000000001
StatTimingPodStorageCount: 93
StatTimingReplenishmentBatchingAverage: 7.6E-06
StatTimingReplenishmentBatchingOverall: 1.52E-05
StatTimingReplenishmentBatchingCount: 2
StatTimingOrderBatchingAverage: 8.949492574257432E-05
StatTimingOrderBatchingOverall: 0.07231190000000005
StatTimingOrderBatchingCount: 808
>>> Overall
StatOverallBundlesPlaced: 0
StatOverallItemsOrdered: 656
StatOverallOrdersPlaced: 417
StatOverallBundlesRejected: 0
StatOverallOrdersRejected: 0
StatOverallBundlesHandled: 0
StatOverallItemsHandled: 786
StatOverallLinesHandled: 744
StatOverallOrdersHandled: 506
StatOverallCollisions: 0
StatOverallDistanceTraveled: 4822.224233682731
StatOverallDistanceEstimated: 4644
StatOverallAssignedTasks: 195
StatMaxMemoryUsed: 116,33984375
StatRealTimeUsed: 1.0597949
StatAverageTurnoverTime: 468.9747125052217
StatMedianTurnoverTime: 336.75926405454425
StatLowerQuartileTurnoverTime: 166.27009379141555
StatUpperQuartileTurnoverTime: 627.7145382358576
StatAverageThroughputTime: 92.81270756618265
StatMedianThroughputTime: 28.166096725263287
StatLowerQuartileThroughputTime: 16.52055555555559
StatUpperQuartileThroughputTime: 91.16406208587034

Marked tag finished after 1 tries!
.Fin. - SUCCESS
<<< Welcome to the RAWSimO CLI >>>
The time is: 06/13/2024 10:02:02
Starting RAWSimO wrapper with the following arguments:
Instance: ..\..\..\..\Material\Instances\0.Weighted30min Demand separate\Df\Weighted2.xinst
Setting: ..\..\..\..\Material\Instances\0.Weighted30min Demand separate\Df\Weighted2.xsett
ControlConfig: ..\..\..\..\Material\Instances\0.Weighted30min Demand separate\Df\Weighted2.xconf
StatisticsDir: ..\..\..\..\Material\Instances\0.Weighted30min Demand separate\Df
Seed: 2
Additionally the following tag was passed: 1, 0.2866666666666667, 0.068, 0.173, 0.6, 1.0
Adding handler for unhandled exceptions ...
Initializing ... 
Instance recognized!
Parsing setting config ...
Parsing control config ...
Parsing instance ...
StatisticsFolder: Weighted2-Df_[[1, 0.2866666666666667, 0.068]]_3_[0.173, 0.6, 1.0].csv-2
Done!
