Executing ... 
 09:52:48 | >>> Warming up ...
 00:00:00 | >>> Warmup finished - starting simulation ...
 Realtime |   ETA    |  Sim.Time  | Progress | #Orders | #Bundles | Inv. | Distance | #Coll. |   Memory    
 00:00:00 |   n/a    | 0.00:00:00 |  0.00%   |    0    |    0     | 60%  |    0     |   0    |  96.17MB  
 00:00:01 | Cannot generate further orders - suspending generation for now
 00:00:01 | Cannot generate further orders - suspending generation for now
 00:00:01 | Cannot generate further orders - suspending generation for now
 00:00:01 | Cannot generate further orders - suspending generation for now
 00:00:01 | Cannot generate further orders - suspending generation for now
 00:00:01 | Cannot generate further orders - suspending generation for now
 00:00:01 | Cannot generate further orders - suspending generation for now
 00:00:01 | Cannot generate further orders - suspending generation for now
 00:00:01 | Cannot generate further orders - suspending generation for now
 00:00:01 | Cannot generate further orders - suspending generation for now
 00:00:01 | Cannot generate further orders - suspending generation for now
 00:00:01 | 00:00:00 | 0.00:30:00 | 100.00%  |   490   |    0     | 16%  |   4930   |   0    |  90.66MB  
 00:00:01 | >>> Simulation finished - writing results ...
 00:00:01 | >>> Results written
Simulation finished.
>>> Timings
StatTimingPathPlanningAverage: 0.00016776799065420565
StatTimingPathPlanningOverall: 0.14360940000000003
StatTimingPathPlanningCount: 856
StatTimingTaskAllocationAverage: 0.0034415032407407427
StatTimingTaskAllocationOverall: 0.7433647000000004
StatTimingTaskAllocationCount: 216
StatTimingItemStorageAverage: 1.9320970042796003E-06
StatTimingItemStorageOverall: 0.0013543999999999997
StatTimingItemStorageCount: 701
StatTimingPodStorageAverage: 0.00357107378640777
StatTimingPodStorageOverall: 0.36782060000000033
StatTimingPodStorageCount: 103
StatTimingReplenishmentBatchingAverage: 1.135E-05
StatTimingReplenishmentBatchingOverall: 2.27E-05
StatTimingReplenishmentBatchingCount: 2
StatTimingOrderBatchingAverage: 0.00019832386363636363
StatTimingOrderBatchingOverall: 0.1570725
StatTimingOrderBatchingCount: 792
>>> Overall
StatOverallBundlesPlaced: 0
StatOverallItemsOrdered: 666
StatOverallOrdersPlaced: 435
StatOverallBundlesRejected: 0
StatOverallOrdersRejected: 0
StatOverallBundlesHandled: 0
StatOverallItemsHandled: 728
StatOverallLinesHandled: 688
StatOverallOrdersHandled: 490
StatOverallCollisions: 0
StatOverallDistanceTraveled: 4930.38413492048
StatOverallDistanceEstimated: 4815
StatOverallAssignedTasks: 216
StatMaxMemoryUsed: 94,7578125
StatRealTimeUsed: 1.8411068
StatAverageTurnoverTime: 399.68390471902404
StatMedianTurnoverTime: 217.82620490252395
StatLowerQuartileTurnoverTime: 101.56231601363518
StatUpperQuartileTurnoverTime: 506.2940692787952
StatAverageThroughputTime: 79.54464000123522
StatMedianThroughputTime: 20.86000000000007
StatLowerQuartileThroughputTime: 12.974444444444458
StatUpperQuartileThroughputTime: 70.36500000000115

Marked tag finished after 1 tries!
.Fin. - SUCCESS
<<< Welcome to the RAWSimO CLI >>>
The time is: 06/13/2024 09:52:50
Starting RAWSimO wrapper with the following arguments:
Instance: ..\..\..\..\Material\Instances\0.Weighted30min Demand separate\Dc\Weighted2.xinst
Setting: ..\..\..\..\Material\Instances\0.Weighted30min Demand separate\Dc\Weighted2.xsett
ControlConfig: ..\..\..\..\Material\Instances\0.Weighted30min Demand separate\Dc\Weighted2.xconf
StatisticsDir: ..\..\..\..\Material\Instances\0.Weighted30min Demand separate\Dc
Seed: 3
Additionally the following tag was passed: 1, 6.087, 0.058, 0.074, 0.171, 0.737
Adding handler for unhandled exceptions ...
Initializing ... 
Instance recognized!
Parsing setting config ...
Parsing control config ...
Parsing instance ...
StatisticsFolder: Weighted2-Dc_[[1, 6.087, 0.058]]_2_[0.074, 0.171, 0.737].csv-3
Done!
