Executing ... 
 09:39:04 | >>> Warming up ...
 00:00:00 | >>> Warmup finished - starting simulation ...
 Realtime |   ETA    |  Sim.Time  | Progress | #Orders | #Bundles | Inv. | Distance | #Coll. |   Memory    
 00:00:00 |   n/a    | 0.00:00:00 |  0.00%   |    0    |    0     | 60%  |    0     |   0    |  78.57MB  
 00:00:00 | Cannot generate further orders - suspending generation for now
 00:00:00 | Cannot generate further orders - suspending generation for now
 00:00:01 | Cannot generate further orders - suspending generation for now
 00:00:01 | Cannot generate further orders - suspending generation for now
 00:00:01 | Cannot generate further orders - suspending generation for now
 00:00:01 | Cannot generate further orders - suspending generation for now
 00:00:01 | 00:00:00 | 0.00:30:00 | 100.00%  |   451   |    0     | 18%  |   5049   |   0    |  74.96MB  
 00:00:01 | >>> Simulation finished - writing results ...
 00:00:01 | >>> Results written
Simulation finished.
>>> Timings
StatTimingPathPlanningAverage: 0.00010790059594755653
StatTimingPathPlanningOverall: 0.09052859999999993
StatTimingPathPlanningCount: 839
StatTimingTaskAllocationAverage: 0.002043103317535544
StatTimingTaskAllocationOverall: 0.4310947999999998
StatTimingTaskAllocationCount: 211
StatTimingItemStorageAverage: 9.626488095238118E-07
StatTimingItemStorageOverall: 0.0006469000000000015
StatTimingItemStorageCount: 672
StatTimingPodStorageAverage: 0.0018292019801980208
StatTimingPodStorageOverall: 0.1847494000000001
StatTimingPodStorageCount: 101
StatTimingReplenishmentBatchingAverage: 1.005E-05
StatTimingReplenishmentBatchingOverall: 2.01E-05
StatTimingReplenishmentBatchingCount: 2
StatTimingOrderBatchingAverage: 8.477330623306237E-05
StatTimingOrderBatchingOverall: 0.06256270000000003
StatTimingOrderBatchingCount: 738
>>> Overall
StatOverallBundlesPlaced: 0
StatOverallItemsOrdered: 652
StatOverallOrdersPlaced: 412
StatOverallBundlesRejected: 0
StatOverallOrdersRejected: 0
StatOverallBundlesHandled: 0
StatOverallItemsHandled: 696
StatOverallLinesHandled: 654
StatOverallOrdersHandled: 451
StatOverallCollisions: 0
StatOverallDistanceTraveled: 5049.067117798407
StatOverallDistanceEstimated: 4934
StatOverallAssignedTasks: 211
StatMaxMemoryUsed: 78,875
StatRealTimeUsed: 1.0913895
StatAverageTurnoverTime: 489.2329003503748
StatMedianTurnoverTime: 323.08842712474615
StatLowerQuartileTurnoverTime: 104.83092352829249
StatUpperQuartileTurnoverTime: 762.8755555555595
StatAverageThroughputTime: 95.55308213497636
StatMedianThroughputTime: 20.803333333332716
StatLowerQuartileThroughputTime: 12.668888888888887
StatUpperQuartileThroughputTime: 81.28444444444426

Marked tag finished after 1 tries!
.Fin. - SUCCESS
<<< Welcome to the RAWSimO CLI >>>
The time is: 06/13/2024 09:39:05
Starting RAWSimO wrapper with the following arguments:
Instance: ..\..\..\..\Material\Instances\0.Weighted30min Demand separate\Da\Weighted2.xinst
Setting: ..\..\..\..\Material\Instances\0.Weighted30min Demand separate\Da\Weighted2.xsett
ControlConfig: ..\..\..\..\Material\Instances\0.Weighted30min Demand separate\Da\Weighted2.xconf
StatisticsDir: ..\..\..\..\Material\Instances\0.Weighted30min Demand separate\Da
Seed: 2
Additionally the following tag was passed: 1, 2.0416, 1.039, 0.255, 0.12, 0.25
Adding handler for unhandled exceptions ...
Initializing ... 
Instance recognized!
Parsing setting config ...
Parsing control config ...
Parsing instance ...
StatisticsFolder: Weighted2-Da_[[1, 2.0416, 1.039]]_2_[0.255, 0.12, 0.25].csv-2
Done!
