Executing ... 
 09:49:53 | >>> Warming up ...
 00:00:00 | >>> Warmup finished - starting simulation ...
 Realtime |   ETA    |  Sim.Time  | Progress | #Orders | #Bundles | Inv. | Distance | #Coll. |   Memory    
 00:00:00 |   n/a    | 0.00:00:00 |  0.00%   |    0    |    0     | 60%  |    0     |   0    | 132.70MB  
 00:00:00 | Cannot generate further orders - suspending generation for now
 00:00:00 | Cannot generate further orders - suspending generation for now
 00:00:00 | Cannot generate further orders - suspending generation for now
 00:00:01 | Cannot generate further orders - suspending generation for now
 00:00:01 | Cannot generate further orders - suspending generation for now
 00:00:01 | Cannot generate further orders - suspending generation for now
 00:00:01 | Cannot generate further orders - suspending generation for now
 00:00:01 | Cannot generate further orders - suspending generation for now
 00:00:01 | Cannot generate further orders - suspending generation for now
 00:00:01 | Cannot generate further orders - suspending generation for now
 00:00:01 | Cannot generate further orders - suspending generation for now
 00:00:01 | Cannot generate further orders - suspending generation for now
 00:00:01 | 00:00:00 | 0.00:30:00 | 100.00%  |   512   |    0     | 11%  |   4851   |   0    | 128.20MB  
 00:00:01 | >>> Simulation finished - writing results ...
 00:00:01 | >>> Results written
Simulation finished.
>>> Timings
StatTimingPathPlanningAverage: 0.00010673949367088624
StatTimingPathPlanningOverall: 0.08432420000000013
StatTimingPathPlanningCount: 790
StatTimingTaskAllocationAverage: 0.002258835858585857
StatTimingTaskAllocationOverall: 0.44724949999999974
StatTimingTaskAllocationCount: 198
StatTimingItemStorageAverage: 1.3568831168831107E-06
StatTimingItemStorageOverall: 0.0010447999999999953
StatTimingItemStorageCount: 770
StatTimingPodStorageAverage: 0.001888654255319149
StatTimingPodStorageOverall: 0.1775335
StatTimingPodStorageCount: 94
StatTimingReplenishmentBatchingAverage: 1.58E-05
StatTimingReplenishmentBatchingOverall: 3.16E-05
StatTimingReplenishmentBatchingCount: 2
StatTimingOrderBatchingAverage: 0.00012710401505646178
StatTimingOrderBatchingOverall: 0.10130190000000004
StatTimingOrderBatchingCount: 797
>>> Overall
StatOverallBundlesPlaced: 0
StatOverallItemsOrdered: 666
StatOverallOrdersPlaced: 417
StatOverallBundlesRejected: 0
StatOverallOrdersRejected: 0
StatOverallBundlesHandled: 0
StatOverallItemsHandled: 812
StatOverallLinesHandled: 771
StatOverallOrdersHandled: 512
StatOverallCollisions: 0
StatOverallDistanceTraveled: 4850.952627564037
StatOverallDistanceEstimated: 4704
StatOverallAssignedTasks: 198
StatMaxMemoryUsed: 133,12890625
StatRealTimeUsed: 1.2288893
StatAverageTurnoverTime: 429.06115704320496
StatMedianTurnoverTime: 269.96453823585756
StatLowerQuartileTurnoverTime: 92.526204902524
StatUpperQuartileTurnoverTime: 639.4778787621159
StatAverageThroughputTime: 93.38833675601882
StatMedianThroughputTime: 27.835555555555587
StatLowerQuartileThroughputTime: 16.983874503039488
StatUpperQuartileThroughputTime: 80.74518758282716

Marked tag finished after 1 tries!
.Fin. - SUCCESS
<<< Welcome to the RAWSimO CLI >>>
The time is: 06/13/2024 09:49:54
Starting RAWSimO wrapper with the following arguments:
Instance: ..\..\..\..\Material\Instances\0.Weighted30min Demand separate\Dc\Weighted2.xinst
Setting: ..\..\..\..\Material\Instances\0.Weighted30min Demand separate\Dc\Weighted2.xsett
ControlConfig: ..\..\..\..\Material\Instances\0.Weighted30min Demand separate\Dc\Weighted2.xconf
StatisticsDir: ..\..\..\..\Material\Instances\0.Weighted30min Demand separate\Dc
Seed: 1
Additionally the following tag was passed: 1, 1.2638, 0.7, 0.214, 0.171, 0.333
Adding handler for unhandled exceptions ...
Initializing ... 
Instance recognized!
Parsing setting config ...
Parsing control config ...
Parsing instance ...
StatisticsFolder: Weighted2-Dc_[[1, 1.2638, 0.7]]_3_[0.214, 0.171, 0.333].csv-1
Done!
