Executing ... 
 21:29:00 | >>> Warming up ...
 00:00:00 | >>> Warmup finished - starting simulation ...
 Realtime |   ETA    |  Sim.Time  | Progress | #Orders | #Bundles | Inv. | Distance | #Coll. |   Memory    
 00:00:00 |   n/a    | 0.00:00:00 |  0.00%   |    0    |    0     | 60%  |    0     |   0    |  70.66MB  
 00:00:01 | Cannot generate further orders - suspending generation for now
 00:00:01 | Cannot generate further orders - suspending generation for now
 00:00:01 | Cannot generate further orders - suspending generation for now
 00:00:01 | Cannot generate further orders - suspending generation for now
 00:00:01 | Cannot generate further orders - suspending generation for now
 00:00:01 | Cannot generate further orders - suspending generation for now
 00:00:01 | Cannot generate further orders - suspending generation for now
 00:00:01 | 00:00:00 | 0.00:30:00 | 100.00%  |   465   |    0     | 16%  |   5028   |   0    |  72.87MB  
 00:00:01 | >>> Simulation finished - writing results ...
 00:00:01 | >>> Results written
Simulation finished.
>>> Timings
StatTimingPathPlanningAverage: 0.00011322765196662699
StatTimingPathPlanningOverall: 0.09499800000000004
StatTimingPathPlanningCount: 839
StatTimingTaskAllocationAverage: 0.001814205633802817
StatTimingTaskAllocationOverall: 0.38642580000000004
StatTimingTaskAllocationCount: 213
StatTimingItemStorageAverage: 1.4698863636363611E-06
StatTimingItemStorageOverall: 0.0010347999999999983
StatTimingItemStorageCount: 704
StatTimingPodStorageAverage: 0.0015981666666666672
StatTimingPodStorageOverall: 0.16301300000000005
StatTimingPodStorageCount: 102
StatTimingReplenishmentBatchingAverage: 1.11E-05
StatTimingReplenishmentBatchingOverall: 2.22E-05
StatTimingReplenishmentBatchingCount: 2
StatTimingOrderBatchingAverage: 0.00014874142857142868
StatTimingOrderBatchingOverall: 0.11453090000000009
StatTimingOrderBatchingCount: 770
>>> Overall
StatOverallBundlesPlaced: 0
StatOverallItemsOrdered: 667
StatOverallOrdersPlaced: 415
StatOverallBundlesRejected: 0
StatOverallOrdersRejected: 0
StatOverallBundlesHandled: 0
StatOverallItemsHandled: 728
StatOverallLinesHandled: 691
StatOverallOrdersHandled: 465
StatOverallCollisions: 0
StatOverallDistanceTraveled: 5027.745776465217
StatOverallDistanceEstimated: 4902
StatOverallAssignedTasks: 213
StatMaxMemoryUsed: 73,6328125
StatRealTimeUsed: 1.2278587
StatAverageTurnoverTime: 463.720721622413
StatMedianTurnoverTime: 276.01787156918977
StatLowerQuartileTurnoverTime: 110.76406927879312
StatUpperQuartileTurnoverTime: 676.8436147075727
StatAverageThroughputTime: 89.05116020386014
StatMedianThroughputTime: 24.027777777777757
StatLowerQuartileThroughputTime: 16.3795382358569
StatUpperQuartileThroughputTime: 74.63111111111266

Marked tag finished after 1 tries!
.Fin. - SUCCESS
<<< Welcome to the RAWSimO CLI >>>
The time is: 06/12/2024 21:29:01
Starting RAWSimO wrapper with the following arguments:
Instance: ..\..\..\..\Material\Instances\0.Weighted30min Demand separate\Da\Weighted2.xinst
Setting: ..\..\..\..\Material\Instances\0.Weighted30min Demand separate\Da\Weighted2.xsett
ControlConfig: ..\..\..\..\Material\Instances\0.Weighted30min Demand separate\Da\Weighted2.xconf
StatisticsDir: ..\..\..\..\Material\Instances\0.Weighted30min Demand separate\Da
Seed: 4
Additionally the following tag was passed: 1, 2.539, 1.039, 0.259, 0.1, 0.25
Adding handler for unhandled exceptions ...
Initializing ... 
Instance recognized!
Parsing setting config ...
Parsing control config ...
Parsing instance ...
StatisticsFolder: Weighted2-Da_[[1, 2.539, 1.039]]_1_[0.259, 0.1, 0.25].csv-4
Done!
