Executing ... 
 09:52:42 | >>> Warming up ...
 00:00:00 | >>> Warmup finished - starting simulation ...
 Realtime |   ETA    |  Sim.Time  | Progress | #Orders | #Bundles | Inv. | Distance | #Coll. |   Memory    
 00:00:00 |   n/a    | 0.00:00:00 |  0.00%   |    0    |    0     | 60%  |    0     |   0    |  89.34MB  
 00:00:00 | Cannot generate further orders - suspending generation for now
 00:00:00 | Cannot generate further orders - suspending generation for now
 00:00:00 | Cannot generate further orders - suspending generation for now
 00:00:00 | Cannot generate further orders - suspending generation for now
 00:00:00 | Cannot generate further orders - suspending generation for now
 00:00:00 | Cannot generate further orders - suspending generation for now
 00:00:00 | Cannot generate further orders - suspending generation for now
 00:00:01 | Cannot generate further orders - suspending generation for now
 00:00:01 | Cannot generate further orders - suspending generation for now
 00:00:01 | Cannot generate further orders - suspending generation for now
 00:00:01 | Cannot generate further orders - suspending generation for now
 00:00:01 | Cannot generate further orders - suspending generation for now
 00:00:01 | 00:00:00 | 0.00:30:00 | 100.00%  |   509   |    0     | 12%  |   4951   |   0    |  89.65MB  
 00:00:01 | >>> Simulation finished - writing results ...
 00:00:01 | >>> Results written
Simulation finished.
>>> Timings
StatTimingPathPlanningAverage: 0.00010444203431372555
StatTimingPathPlanningOverall: 0.08522470000000006
StatTimingPathPlanningCount: 816
StatTimingTaskAllocationAverage: 0.0021181266331658294
StatTimingTaskAllocationOverall: 0.4215072000000001
StatTimingTaskAllocationCount: 199
StatTimingItemStorageAverage: 1.168292682926823E-06
StatTimingItemStorageOverall: 0.0009100999999999952
StatTimingItemStorageCount: 779
StatTimingPodStorageAverage: 0.001940916842105263
StatTimingPodStorageOverall: 0.18438709999999997
StatTimingPodStorageCount: 95
StatTimingReplenishmentBatchingAverage: 1.0500000000000001E-05
StatTimingReplenishmentBatchingOverall: 2.1000000000000002E-05
StatTimingReplenishmentBatchingCount: 2
StatTimingOrderBatchingAverage: 9.683600973235996E-05
StatTimingOrderBatchingOverall: 0.07959919999999988
StatTimingOrderBatchingCount: 822
>>> Overall
StatOverallBundlesPlaced: 0
StatOverallItemsOrdered: 636
StatOverallOrdersPlaced: 408
StatOverallBundlesRejected: 0
StatOverallOrdersRejected: 0
StatOverallBundlesHandled: 0
StatOverallItemsHandled: 793
StatOverallLinesHandled: 751
StatOverallOrdersHandled: 509
StatOverallCollisions: 0
StatOverallDistanceTraveled: 4950.999999999996
StatOverallDistanceEstimated: 4833
StatOverallAssignedTasks: 199
StatMaxMemoryUsed: 90,19921875
StatRealTimeUsed: 1.1337806
StatAverageTurnoverTime: 457.38396706753366
StatMedianTurnoverTime: 250.93444444444444
StatLowerQuartileTurnoverTime: 81.81111111111105
StatUpperQuartileTurnoverTime: 742.8163996782773
StatAverageThroughputTime: 91.08297002934907
StatMedianThroughputTime: 28.06444444444446
StatLowerQuartileThroughputTime: 16.59101731969804
StatUpperQuartileThroughputTime: 70.01944444444422

Marked tag finished after 1 tries!
.Fin. - SUCCESS
<<< Welcome to the RAWSimO CLI >>>
The time is: 06/13/2024 09:52:44
Starting RAWSimO wrapper with the following arguments:
Instance: ..\..\..\..\Material\Instances\0.Weighted30min Demand separate\Dc\Weighted2.xinst
Setting: ..\..\..\..\Material\Instances\0.Weighted30min Demand separate\Dc\Weighted2.xsett
ControlConfig: ..\..\..\..\Material\Instances\0.Weighted30min Demand separate\Dc\Weighted2.xconf
StatisticsDir: ..\..\..\..\Material\Instances\0.Weighted30min Demand separate\Dc
Seed: 2
Additionally the following tag was passed: 1, 6.087, 0.058, 0.096, 0.643, 0.538
Adding handler for unhandled exceptions ...
Initializing ... 
Instance recognized!
Parsing setting config ...
Parsing control config ...
Parsing instance ...
StatisticsFolder: Weighted2-Dc_[[1, 6.087, 0.058]]_1_[0.096, 0.643, 0.538].csv-2
Done!
