Executing ... 
 09:38:20 | >>> Warming up ...
 00:00:00 | >>> Warmup finished - starting simulation ...
 Realtime |   ETA    |  Sim.Time  | Progress | #Orders | #Bundles | Inv. | Distance | #Coll. |   Memory    
 00:00:00 |   n/a    | 0.00:00:00 |  0.00%   |    0    |    0     | 60%  |    0     |   0    |  70.72MB  
 00:00:00 | Cannot generate further orders - suspending generation for now
 00:00:00 | Cannot generate further orders - suspending generation for now
 00:00:00 | Cannot generate further orders - suspending generation for now
 00:00:01 | Cannot generate further orders - suspending generation for now
 00:00:01 | Cannot generate further orders - suspending generation for now
 00:00:01 | Cannot generate further orders - suspending generation for now
 00:00:01 | Cannot generate further orders - suspending generation for now
 00:00:01 | Cannot generate further orders - suspending generation for now
 00:00:01 | 00:00:00 | 0.00:30:00 | 100.00%  |   473   |    0     | 16%  |   5103   |   0    |  74.12MB  
 00:00:01 | >>> Simulation finished - writing results ...
 00:00:01 | >>> Results written
Simulation finished.
>>> Timings
StatTimingPathPlanningAverage: 0.00012069197324414715
StatTimingPathPlanningOverall: 0.1082607
StatTimingPathPlanningCount: 897
StatTimingTaskAllocationAverage: 0.002117032178217821
StatTimingTaskAllocationOverall: 0.42764049999999987
StatTimingTaskAllocationCount: 202
StatTimingItemStorageAverage: 9.692524682651644E-07
StatTimingItemStorageOverall: 0.0006872000000000015
StatTimingItemStorageCount: 709
StatTimingPodStorageAverage: 0.0018926907216494863
StatTimingPodStorageOverall: 0.18359100000000017
StatTimingPodStorageCount: 97
StatTimingReplenishmentBatchingAverage: 8.2E-06
StatTimingReplenishmentBatchingOverall: 1.64E-05
StatTimingReplenishmentBatchingCount: 2
StatTimingOrderBatchingAverage: 9.962924050632906E-05
StatTimingOrderBatchingOverall: 0.07870709999999996
StatTimingOrderBatchingCount: 790
>>> Overall
StatOverallBundlesPlaced: 0
StatOverallItemsOrdered: 660
StatOverallOrdersPlaced: 427
StatOverallBundlesRejected: 0
StatOverallOrdersRejected: 0
StatOverallBundlesHandled: 0
StatOverallItemsHandled: 725
StatOverallLinesHandled: 686
StatOverallOrdersHandled: 473
StatOverallCollisions: 0
StatOverallDistanceTraveled: 5103.0725925925735
StatOverallDistanceEstimated: 4896
StatOverallAssignedTasks: 202
StatMaxMemoryUsed: 77,73046875
StatRealTimeUsed: 1.1348725
StatAverageTurnoverTime: 440.10754700109806
StatMedianTurnoverTime: 285.9030519590948
StatLowerQuartileTurnoverTime: 123.91388888888991
StatUpperQuartileTurnoverTime: 639.8767604580755
StatAverageThroughputTime: 86.03523345775129
StatMedianThroughputTime: 23.579444444444476
StatLowerQuartileThroughputTime: 16.252222222222144
StatUpperQuartileThroughputTime: 65.5695382358573

Marked tag finished after 1 tries!
.Fin. - SUCCESS
<<< Welcome to the RAWSimO CLI >>>
The time is: 06/13/2024 09:38:22
Starting RAWSimO wrapper with the following arguments:
Instance: ..\..\..\..\Material\Instances\0.Weighted30min Demand separate\Da\Weighted2.xinst
Setting: ..\..\..\..\Material\Instances\0.Weighted30min Demand separate\Da\Weighted2.xsett
ControlConfig: ..\..\..\..\Material\Instances\0.Weighted30min Demand separate\Da\Weighted2.xconf
StatisticsDir: ..\..\..\..\Material\Instances\0.Weighted30min Demand separate\Da
Seed: 3
Additionally the following tag was passed: 1, 10.0, 1.039, 0.259, 0.1, 0.25
Adding handler for unhandled exceptions ...
Initializing ... 
Instance recognized!
Parsing setting config ...
Parsing control config ...
Parsing instance ...
StatisticsFolder: Weighted2-Da_[[1, 10.0, 1.039]]_3_[0.259, 0.1, 0.25].csv-3
Done!
