Executing ... 
 09:38:03 | >>> Warming up ...
 00:00:00 | >>> Warmup finished - starting simulation ...
 Realtime |   ETA    |  Sim.Time  | Progress | #Orders | #Bundles | Inv. | Distance | #Coll. |   Memory    
 00:00:00 |   n/a    | 0.00:00:00 |  0.00%   |    0    |    0     | 60%  |    0     |   0    |  83.64MB  
 00:00:00 | Cannot generate further orders - suspending generation for now
 00:00:00 | Cannot generate further orders - suspending generation for now
 00:00:00 | Cannot generate further orders - suspending generation for now
 00:00:00 | Cannot generate further orders - suspending generation for now
 00:00:00 | Cannot generate further orders - suspending generation for now
 00:00:00 | Cannot generate further orders - suspending generation for now
 00:00:01 | 00:00:00 | 0.00:30:00 | 100.00%  |   456   |    0     | 19%  |   5373   |   0    |  83.62MB  
 00:00:01 | >>> Simulation finished - writing results ...
 00:00:01 | >>> Results written
Simulation finished.
>>> Timings
StatTimingPathPlanningAverage: 0.00010429591611479011
StatTimingPathPlanningOverall: 0.09449209999999984
StatTimingPathPlanningCount: 906
StatTimingTaskAllocationAverage: 0.0016737716216216217
StatTimingTaskAllocationOverall: 0.3715773
StatTimingTaskAllocationCount: 222
StatTimingItemStorageAverage: 8.938176197836229E-07
StatTimingItemStorageOverall: 0.000578300000000004
StatTimingItemStorageCount: 647
StatTimingPodStorageAverage: 0.0014033990654205614
StatTimingPodStorageOverall: 0.15016370000000007
StatTimingPodStorageCount: 107
StatTimingReplenishmentBatchingAverage: 8.5E-06
StatTimingReplenishmentBatchingOverall: 1.7E-05
StatTimingReplenishmentBatchingCount: 2
StatTimingOrderBatchingAverage: 8.566289893617026E-05
StatTimingOrderBatchingOverall: 0.06441850000000003
StatTimingOrderBatchingCount: 752
>>> Overall
StatOverallBundlesPlaced: 0
StatOverallItemsOrdered: 658
StatOverallOrdersPlaced: 425
StatOverallBundlesRejected: 0
StatOverallOrdersRejected: 0
StatOverallBundlesHandled: 0
StatOverallItemsHandled: 681
StatOverallLinesHandled: 641
StatOverallOrdersHandled: 456
StatOverallCollisions: 0
StatOverallDistanceTraveled: 5373.298625611181
StatOverallDistanceEstimated: 5234
StatOverallAssignedTasks: 222
StatMaxMemoryUsed: 83,64453125
StatRealTimeUsed: 1.0062539
StatAverageTurnoverTime: 473.6546271917394
StatMedianTurnoverTime: 365.3777849706993
StatLowerQuartileTurnoverTime: 125.19166666666695
StatUpperQuartileTurnoverTime: 665.623427124747
StatAverageThroughputTime: 94.45649874369468
StatMedianThroughputTime: 20.552222222222326
StatLowerQuartileThroughputTime: 12.56064934696849
StatUpperQuartileThroughputTime: 81.65944444444472

Marked tag finished after 1 tries!
.Fin. - SUCCESS
<<< Welcome to the RAWSimO CLI >>>
The time is: 06/13/2024 09:38:05
Starting RAWSimO wrapper with the following arguments:
Instance: ..\..\..\..\Material\Instances\0.Weighted30min Demand separate\Da\Weighted2.xinst
Setting: ..\..\..\..\Material\Instances\0.Weighted30min Demand separate\Da\Weighted2.xsett
ControlConfig: ..\..\..\..\Material\Instances\0.Weighted30min Demand separate\Da\Weighted2.xconf
StatisticsDir: ..\..\..\..\Material\Instances\0.Weighted30min Demand separate\Da
Seed: 3
Additionally the following tag was passed: 1, 10.0, 0.71, 0.224, 0.1, 0.312
Adding handler for unhandled exceptions ...
Initializing ... 
Instance recognized!
Parsing setting config ...
Parsing control config ...
Parsing instance ...
StatisticsFolder: Weighted2-Da_[[1, 10.0, 0.71]]_2_[0.224, 0.1, 0.312].csv-3
Done!
