Executing ... 
 09:48:14 | >>> Warming up ...
 00:00:00 | >>> Warmup finished - starting simulation ...
 Realtime |   ETA    |  Sim.Time  | Progress | #Orders | #Bundles | Inv. | Distance | #Coll. |   Memory    
 00:00:00 |   n/a    | 0.00:00:00 |  0.00%   |    0    |    0     | 60%  |    0     |   0    | 126.92MB  
 00:00:00 | Cannot generate further orders - suspending generation for now
 00:00:00 | Cannot generate further orders - suspending generation for now
 00:00:00 | Cannot generate further orders - suspending generation for now
 00:00:00 | Cannot generate further orders - suspending generation for now
 00:00:00 | Cannot generate further orders - suspending generation for now
 00:00:00 | Cannot generate further orders - suspending generation for now
 00:00:00 | Cannot generate further orders - suspending generation for now
 00:00:00 | Cannot generate further orders - suspending generation for now
 00:00:00 | Cannot generate further orders - suspending generation for now
 00:00:01 | Cannot generate further orders - suspending generation for now
 00:00:01 | Cannot generate further orders - suspending generation for now
 00:00:01 | 00:00:00 | 0.00:30:00 | 100.00%  |   484   |    0     | 15%  |   4958   |   0    | 126.92MB  
 00:00:01 | >>> Simulation finished - writing results ...
 00:00:01 | >>> Results written
Simulation finished.
>>> Timings
StatTimingPathPlanningAverage: 8.878544542032615E-05
StatTimingPathPlanningOverall: 0.07076199999999994
StatTimingPathPlanningCount: 797
StatTimingTaskAllocationAverage: 0.001961456937799042
StatTimingTaskAllocationOverall: 0.4099444999999997
StatTimingTaskAllocationCount: 209
StatTimingItemStorageAverage: 9.712078651685413E-07
StatTimingItemStorageOverall: 0.0006915000000000015
StatTimingItemStorageCount: 712
StatTimingPodStorageAverage: 0.0016900330000000014
StatTimingPodStorageOverall: 0.16900330000000013
StatTimingPodStorageCount: 100
StatTimingReplenishmentBatchingAverage: 8.7E-06
StatTimingReplenishmentBatchingOverall: 1.74E-05
StatTimingReplenishmentBatchingCount: 2
StatTimingOrderBatchingAverage: 9.202918287937737E-05
StatTimingOrderBatchingOverall: 0.07095449999999995
StatTimingOrderBatchingCount: 771
>>> Overall
StatOverallBundlesPlaced: 0
StatOverallItemsOrdered: 664
StatOverallOrdersPlaced: 416
StatOverallBundlesRejected: 0
StatOverallOrdersRejected: 0
StatOverallBundlesHandled: 0
StatOverallItemsHandled: 742
StatOverallLinesHandled: 703
StatOverallOrdersHandled: 484
StatOverallCollisions: 0
StatOverallDistanceTraveled: 4958.16377223186
StatOverallDistanceEstimated: 4823
StatOverallAssignedTasks: 209
StatMaxMemoryUsed: 126,921875
StatRealTimeUsed: 1.0553413
StatAverageTurnoverTime: 439.46803483810385
StatMedianTurnoverTime: 288.1184271247462
StatLowerQuartileTurnoverTime: 123.71953823585736
StatUpperQuartileTurnoverTime: 610.5683333333334
StatAverageThroughputTime: 91.0020159512934
StatMedianThroughputTime: 21.616111111110968
StatLowerQuartileThroughputTime: 15.954444444444448
StatUpperQuartileThroughputTime: 79.63147908384144

Marked tag finished after 1 tries!
.Fin. - SUCCESS
<<< Welcome to the RAWSimO CLI >>>
The time is: 06/13/2024 09:48:15
Starting RAWSimO wrapper with the following arguments:
Instance: ..\..\..\..\Material\Instances\0.Weighted30min Demand separate\Dc\Weighted2.xinst
Setting: ..\..\..\..\Material\Instances\0.Weighted30min Demand separate\Dc\Weighted2.xsett
ControlConfig: ..\..\..\..\Material\Instances\0.Weighted30min Demand separate\Dc\Weighted2.xconf
StatisticsDir: ..\..\..\..\Material\Instances\0.Weighted30min Demand separate\Dc
Seed: 1
Additionally the following tag was passed: 1, 0.058, 0.27199999999999996, 0.107, 1.0, 0.4
Adding handler for unhandled exceptions ...
Initializing ... 
Instance recognized!
Parsing setting config ...
Parsing control config ...
Parsing instance ...
StatisticsFolder: Weighted2-Dc_[[1, 0.058, 0.27199999999999996]]_2_[0.107, 1.0, 0.4].csv-1
Done!
