Executing ... 
 19:24:36 | >>> Warming up ...
 00:00:00 | >>> Warmup finished - starting simulation ...
 Realtime |   ETA    |  Sim.Time  | Progress | #Orders | #Bundles | Inv. | Distance | #Coll. |   Memory    
 00:00:00 |   n/a    | 0.00:00:00 |  0.00%   |    0    |    0     | 60%  |    0     |   0    | 130.61MB  
 00:00:00 | Cannot generate further orders - suspending generation for now
 00:00:00 | Cannot generate further orders - suspending generation for now
 00:00:00 | Cannot generate further orders - suspending generation for now
 00:00:00 | Cannot generate further orders - suspending generation for now
 00:00:00 | Cannot generate further orders - suspending generation for now
 00:00:00 | Cannot generate further orders - suspending generation for now
 00:00:00 | Cannot generate further orders - suspending generation for now
 00:00:00 | Cannot generate further orders - suspending generation for now
 00:00:01 | Cannot generate further orders - suspending generation for now
 00:00:01 | Cannot generate further orders - suspending generation for now
 00:00:01 | 00:00:00 | 0.00:30:00 | 100.00%  |   509   |    0     | 12%  |   5042   |   0    | 126.09MB  
 00:00:01 | >>> Simulation finished - writing results ...
 00:00:01 | >>> Results written
Simulation finished.
>>> Timings
StatTimingPathPlanningAverage: 0.00011454905422446409
StatTimingPathPlanningOverall: 0.09083740000000003
StatTimingPathPlanningCount: 793
StatTimingTaskAllocationAverage: 0.0019193185714285693
StatTimingTaskAllocationOverall: 0.40305689999999955
StatTimingTaskAllocationCount: 210
StatTimingItemStorageAverage: 1.0976714100905554E-06
StatTimingItemStorageOverall: 0.0008484999999999993
StatTimingItemStorageCount: 773
StatTimingPodStorageAverage: 0.0016521029702970301
StatTimingPodStorageOverall: 0.16686240000000005
StatTimingPodStorageCount: 101
StatTimingReplenishmentBatchingAverage: 8.45E-06
StatTimingReplenishmentBatchingOverall: 1.69E-05
StatTimingReplenishmentBatchingCount: 2
StatTimingOrderBatchingAverage: 0.00010221937424789407
StatTimingOrderBatchingOverall: 0.08494429999999997
StatTimingOrderBatchingCount: 831
>>> Overall
StatOverallBundlesPlaced: 0
StatOverallItemsOrdered: 667
StatOverallOrdersPlaced: 423
StatOverallBundlesRejected: 0
StatOverallOrdersRejected: 0
StatOverallBundlesHandled: 0
StatOverallItemsHandled: 798
StatOverallLinesHandled: 750
StatOverallOrdersHandled: 509
StatOverallCollisions: 0
StatOverallDistanceTraveled: 5041.669047690352
StatOverallDistanceEstimated: 4893
StatOverallAssignedTasks: 210
StatMaxMemoryUsed: 130,61328125
StatRealTimeUsed: 1.0591405
StatAverageTurnoverTime: 485.2576611872213
StatMedianTurnoverTime: 360.1550000000004
StatLowerQuartileTurnoverTime: 182.15629869393752
StatUpperQuartileTurnoverTime: 700.7193506530338
StatAverageThroughputTime: 96.15393308558875
StatMedianThroughputTime: 25.371111111111134
StatLowerQuartileThroughputTime: 16.29222222222188
StatUpperQuartileThroughputTime: 82.30453823586004

Marked tag finished after 1 tries!
.Fin. - SUCCESS
<<< Welcome to the RAWSimO CLI >>>
The time is: 06/25/2024 19:24:37
Starting RAWSimO wrapper with the following arguments:
Instance: ..\..\..\..\Material\Instances\10.Weighted30min Demand Gall\Dr\Weighted2.xinst
Setting: ..\..\..\..\Material\Instances\10.Weighted30min Demand Gall\Dr\Weighted2.xsett
ControlConfig: ..\..\..\..\Material\Instances\10.Weighted30min Demand Gall\Dr\Weighted2.xconf
StatisticsDir: ..\..\..\..\Material\Instances\10.Weighted30min Demand Gall\Dr
Seed: 1
Additionally the following tag was passed: 1, 0.15454545454545457, 1.0, 0.091, 0.586, 1.0
Adding handler for unhandled exceptions ...
Initializing ... 
Instance recognized!
Parsing setting config ...
Parsing control config ...
Parsing instance ...
StatisticsFolder: Weighted2-Dr_[[1, 0.15454545454545457, 1.0]]_1_[0.091, 0.586, 1.0].csv-1
Done!
