Executing ... 
 16:48:33 | >>> Warming up ...
 00:00:00 | >>> Warmup finished - starting simulation ...
 Realtime |   ETA    |  Sim.Time  | Progress | #Orders | #Bundles | Inv. | Distance | #Coll. |   Memory    
 00:00:00 |   n/a    | 0.00:00:00 |  0.00%   |    0    |    0     | 60%  |    0     |   0    | 113.53MB  
 00:00:00 | Cannot generate further orders - suspending generation for now
 00:00:00 | Cannot generate further orders - suspending generation for now
 00:00:00 | Cannot generate further orders - suspending generation for now
 00:00:00 | Cannot generate further orders - suspending generation for now
 00:00:00 | Cannot generate further orders - suspending generation for now
 00:00:00 | Cannot generate further orders - suspending generation for now
 00:00:00 | Cannot generate further orders - suspending generation for now
 00:00:00 | Cannot generate further orders - suspending generation for now
 00:00:00 | Cannot generate further orders - suspending generation for now
 00:00:01 | Cannot generate further orders - suspending generation for now
 00:00:01 | Cannot generate further orders - suspending generation for now
 00:00:01 | Cannot generate further orders - suspending generation for now
 00:00:01 | 00:00:00 | 0.00:30:00 | 100.00%  |   511   |    0     | 13%  |   4886   |   0    | 108.89MB  
 00:00:01 | >>> Simulation finished - writing results ...
 00:00:01 | >>> Results written
Simulation finished.
>>> Timings
StatTimingPathPlanningAverage: 9.049151061173526E-05
StatTimingPathPlanningOverall: 0.07248369999999994
StatTimingPathPlanningCount: 801
StatTimingTaskAllocationAverage: 0.0019847680000000013
StatTimingTaskAllocationOverall: 0.39695360000000024
StatTimingTaskAllocationCount: 200
StatTimingItemStorageAverage: 9.712220762155063E-07
StatTimingItemStorageOverall: 0.0007391000000000003
StatTimingItemStorageCount: 761
StatTimingPodStorageAverage: 0.001633591752577319
StatTimingPodStorageOverall: 0.15845839999999994
StatTimingPodStorageCount: 97
StatTimingReplenishmentBatchingAverage: 1.0700000000000001E-05
StatTimingReplenishmentBatchingOverall: 2.1400000000000002E-05
StatTimingReplenishmentBatchingCount: 2
StatTimingOrderBatchingAverage: 9.07842615012108E-05
StatTimingOrderBatchingOverall: 0.07498780000000012
StatTimingOrderBatchingCount: 826
>>> Overall
StatOverallBundlesPlaced: 0
StatOverallItemsOrdered: 638
StatOverallOrdersPlaced: 414
StatOverallBundlesRejected: 0
StatOverallOrdersRejected: 0
StatOverallBundlesHandled: 0
StatOverallItemsHandled: 787
StatOverallLinesHandled: 747
StatOverallOrdersHandled: 511
StatOverallCollisions: 0
StatOverallDistanceTraveled: 4885.999999999997
StatOverallDistanceEstimated: 4722
StatOverallAssignedTasks: 200
StatMaxMemoryUsed: 113,53125
StatRealTimeUsed: 1.0562929
StatAverageTurnoverTime: 446.4279907668293
StatMedianTurnoverTime: 304.80064934696895
StatLowerQuartileTurnoverTime: 149.79870849898492
StatUpperQuartileTurnoverTime: 600.3757431383879
StatAverageThroughputTime: 84.21609378640618
StatMedianThroughputTime: 24.020555555555546
StatLowerQuartileThroughputTime: 15.896385292428135
StatUpperQuartileThroughputTime: 90.4573160136365

Marked tag finished after 1 tries!
.Fin. - SUCCESS
<<< Welcome to the RAWSimO CLI >>>
The time is: 06/03/2024 16:48:34
Starting RAWSimO wrapper with the following arguments:
Instance: ..\..\..\..\Material\Instances\0.Weighted30min\Weighted2.xinst
Setting: ..\..\..\..\Material\Instances\0.Weighted30min\Weighted2.xsett
ControlConfig: ..\..\..\..\Material\Instances\0.Weighted30min\Weighted2.xconf
StatisticsDir: ..\..\..\..\Material\Instances\0.Weighted30min
Seed: 1
Additionally the following tag was passed: Dewlow
Adding handler for unhandled exceptions ...
Initializing ... 
Instance recognized!
Parsing setting config ...
Parsing control config ...
Parsing instance ...
StatisticsFolder: Weighted2-De_wlow_2.csv-1
Done!
