Executing ... 
 19:12:02 | >>> Warming up ...
 00:00:00 | >>> Warmup finished - starting simulation ...
 Realtime |   ETA    |  Sim.Time  | Progress | #Orders | #Bundles | Inv. | Distance | #Coll. |   Memory    
 00:00:00 |   n/a    | 0.00:00:00 |  0.00%   |    0    |    0     | 60%  |    0     |   0    |  86.53MB  
 00:00:00 | Cannot generate further orders - suspending generation for now
 00:00:00 | Cannot generate further orders - suspending generation for now
 00:00:00 | Cannot generate further orders - suspending generation for now
 00:00:00 | Cannot generate further orders - suspending generation for now
 00:00:00 | Cannot generate further orders - suspending generation for now
 00:00:00 | Cannot generate further orders - suspending generation for now
 00:00:00 | Cannot generate further orders - suspending generation for now
 00:00:00 | Cannot generate further orders - suspending generation for now
 00:00:00 | Cannot generate further orders - suspending generation for now
 00:00:00 | Cannot generate further orders - suspending generation for now
 00:00:00 | 00:00:00 | 0.00:30:00 | 100.00%  |   494   |    0     | 14%  |   4918   |   0    |  85.97MB  
 00:00:00 | >>> Simulation finished - writing results ...
 00:00:01 | >>> Results written
Simulation finished.
>>> Timings
StatTimingPathPlanningAverage: 8.184058323207773E-05
StatTimingPathPlanningOverall: 0.06735479999999998
StatTimingPathPlanningCount: 823
StatTimingTaskAllocationAverage: 0.0018219714975845405
StatTimingTaskAllocationOverall: 0.3771480999999999
StatTimingTaskAllocationCount: 207
StatTimingItemStorageAverage: 1.019754768392372E-06
StatTimingItemStorageOverall: 0.000748500000000001
StatTimingItemStorageCount: 734
StatTimingPodStorageAverage: 0.0015662565656565663
StatTimingPodStorageOverall: 0.15505940000000007
StatTimingPodStorageCount: 99
StatTimingReplenishmentBatchingAverage: 7.95E-06
StatTimingReplenishmentBatchingOverall: 1.59E-05
StatTimingReplenishmentBatchingCount: 2
StatTimingOrderBatchingAverage: 8.460821917808222E-05
StatTimingOrderBatchingOverall: 0.06794040000000003
StatTimingOrderBatchingCount: 803
>>> Overall
StatOverallBundlesPlaced: 0
StatOverallItemsOrdered: 632
StatOverallOrdersPlaced: 411
StatOverallBundlesRejected: 0
StatOverallOrdersRejected: 0
StatOverallBundlesHandled: 0
StatOverallItemsHandled: 765
StatOverallLinesHandled: 726
StatOverallOrdersHandled: 494
StatOverallCollisions: 0
StatOverallDistanceTraveled: 4917.532797649586
StatOverallDistanceEstimated: 4819
StatOverallAssignedTasks: 207
StatMaxMemoryUsed: 86,26171875
StatRealTimeUsed: 0.9843933
StatAverageTurnoverTime: 482.533908924514
StatMedianTurnoverTime: 314.99676045807934
StatLowerQuartileTurnoverTime: 106.58222222222234
StatUpperQuartileTurnoverTime: 753.4172222222227
StatAverageThroughputTime: 96.38674896678107
StatMedianThroughputTime: 24.092222222222233
StatLowerQuartileThroughputTime: 13.91944444444448
StatUpperQuartileThroughputTime: 76.13481241717386

Marked tag finished after 1 tries!
.Fin. - SUCCESS
<<< Welcome to the RAWSimO CLI >>>
The time is: 06/12/2024 19:12:03
Starting RAWSimO wrapper with the following arguments:
Instance: ..\..\..\..\Material\Instances\0.Weighted30min Demand separate\Da\Weighted2.xinst
Setting: ..\..\..\..\Material\Instances\0.Weighted30min Demand separate\Da\Weighted2.xsett
ControlConfig: ..\..\..\..\Material\Instances\0.Weighted30min Demand separate\Da\Weighted2.xconf
StatisticsDir: ..\..\..\..\Material\Instances\0.Weighted30min Demand separate\Da
Seed: 1
Additionally the following tag was passed: [[1, 7.513, 1.039]]
Adding handler for unhandled exceptions ...
Initializing ... 
Instance recognized!
Parsing setting config ...
Parsing control config ...
Parsing instance ...
StatisticsFolder: Weighted2-Da_[[1, 7.513, 1.039]]_1.csv-1
Done!
