Executing ... 
 09:39:22 | >>> Warming up ...
 00:00:00 | >>> Warmup finished - starting simulation ...
 Realtime |   ETA    |  Sim.Time  | Progress | #Orders | #Bundles | Inv. | Distance | #Coll. |   Memory    
 00:00:00 |   n/a    | 0.00:00:00 |  0.00%   |    0    |    0     | 60%  |    0     |   0    |  78.84MB  
 00:00:00 | Cannot generate further orders - suspending generation for now
 00:00:00 | Cannot generate further orders - suspending generation for now
 00:00:00 | Cannot generate further orders - suspending generation for now
 00:00:00 | Cannot generate further orders - suspending generation for now
 00:00:01 | Cannot generate further orders - suspending generation for now
 00:00:01 | Cannot generate further orders - suspending generation for now
 00:00:01 | Cannot generate further orders - suspending generation for now
 00:00:01 | Cannot generate further orders - suspending generation for now
 00:00:01 | Cannot generate further orders - suspending generation for now
 00:00:01 | Cannot generate further orders - suspending generation for now
 00:00:01 | 00:00:00 | 0.00:30:00 | 100.00%  |   491   |    0     | 15%  |   4989   |   0    |  63.52MB  
 00:00:01 | >>> Simulation finished - writing results ...
 00:00:01 | >>> Results written
Simulation finished.
>>> Timings
StatTimingPathPlanningAverage: 0.00010461414868105501
StatTimingPathPlanningOverall: 0.08724819999999989
StatTimingPathPlanningCount: 834
StatTimingTaskAllocationAverage: 0.0021110387850467286
StatTimingTaskAllocationOverall: 0.4517622999999999
StatTimingTaskAllocationCount: 214
StatTimingItemStorageAverage: 9.599443671766382E-07
StatTimingItemStorageOverall: 0.0006902000000000028
StatTimingItemStorageCount: 719
StatTimingPodStorageAverage: 0.0018599735294117644
StatTimingPodStorageOverall: 0.18971729999999998
StatTimingPodStorageCount: 102
StatTimingReplenishmentBatchingAverage: 7.4E-06
StatTimingReplenishmentBatchingOverall: 1.48E-05
StatTimingReplenishmentBatchingCount: 2
StatTimingOrderBatchingAverage: 9.498269720101789E-05
StatTimingOrderBatchingOverall: 0.07465640000000005
StatTimingOrderBatchingCount: 786
>>> Overall
StatOverallBundlesPlaced: 0
StatOverallItemsOrdered: 648
StatOverallOrdersPlaced: 423
StatOverallBundlesRejected: 0
StatOverallOrdersRejected: 0
StatOverallBundlesHandled: 0
StatOverallItemsHandled: 748
StatOverallLinesHandled: 709
StatOverallOrdersHandled: 491
StatOverallCollisions: 0
StatOverallDistanceTraveled: 4988.572732169538
StatOverallDistanceEstimated: 4867
StatOverallAssignedTasks: 214
StatMaxMemoryUsed: 80,5859375
StatRealTimeUsed: 1.1396861
StatAverageTurnoverTime: 437.94691371741874
StatMedianTurnoverTime: 267.9063924853489
StatLowerQuartileTurnoverTime: 107.31277777777785
StatUpperQuartileTurnoverTime: 615.0131529434284
StatAverageThroughputTime: 94.86015747991812
StatMedianThroughputTime: 23.935555555555766
StatLowerQuartileThroughputTime: 16.43879509747626
StatUpperQuartileThroughputTime: 89.91509379141371

Marked tag finished after 1 tries!
.Fin. - SUCCESS
<<< Welcome to the RAWSimO CLI >>>
The time is: 06/13/2024 09:39:23
Starting RAWSimO wrapper with the following arguments:
Instance: ..\..\..\..\Material\Instances\0.Weighted30min Demand separate\Da\Weighted2.xinst
Setting: ..\..\..\..\Material\Instances\0.Weighted30min Demand separate\Da\Weighted2.xsett
ControlConfig: ..\..\..\..\Material\Instances\0.Weighted30min Demand separate\Da\Weighted2.xconf
StatisticsDir: ..\..\..\..\Material\Instances\0.Weighted30min Demand separate\Da
Seed: 3
Additionally the following tag was passed: 1, 4.0312, 0.052, 0.105, 0.52, 0.397
Adding handler for unhandled exceptions ...
Initializing ... 
Instance recognized!
Parsing setting config ...
Parsing control config ...
Parsing instance ...
StatisticsFolder: Weighted2-Da_[[1, 4.0312, 0.052]]_3_[0.105, 0.52, 0.397].csv-3
Done!
