Executing ... 
 19:26:42 | >>> Warming up ...
 00:00:00 | >>> Warmup finished - starting simulation ...
 Realtime |   ETA    |  Sim.Time  | Progress | #Orders | #Bundles | Inv. | Distance | #Coll. |   Memory    
 00:00:00 |   n/a    | 0.00:00:00 |  0.00%   |    0    |    0     | 60%  |    0     |   0    | 114.38MB  
 00:00:00 | Cannot generate further orders - suspending generation for now
 00:00:00 | Cannot generate further orders - suspending generation for now
 00:00:00 | Cannot generate further orders - suspending generation for now
 00:00:00 | Cannot generate further orders - suspending generation for now
 00:00:00 | Cannot generate further orders - suspending generation for now
 00:00:00 | Cannot generate further orders - suspending generation for now
 00:00:00 | Cannot generate further orders - suspending generation for now
 00:00:00 | Cannot generate further orders - suspending generation for now
 00:00:00 | Cannot generate further orders - suspending generation for now
 00:00:00 | 00:00:00 | 0.00:30:00 | 100.00%  |   494   |    0     | 14%  |   4942   |   0    | 116.12MB  
 00:00:00 | >>> Simulation finished - writing results ...
 00:00:00 | >>> Results written
Simulation finished.
>>> Timings
StatTimingPathPlanningAverage: 9.963498190591078E-05
StatTimingPathPlanningOverall: 0.08259740000000003
StatTimingPathPlanningCount: 829
StatTimingTaskAllocationAverage: 0.0015809760975609767
StatTimingTaskAllocationOverall: 0.3241001000000002
StatTimingTaskAllocationCount: 205
StatTimingItemStorageAverage: 9.758904109589042E-07
StatTimingItemStorageOverall: 0.0007124000000000001
StatTimingItemStorageCount: 730
StatTimingPodStorageAverage: 0.0014529744897959181
StatTimingPodStorageOverall: 0.14239149999999998
StatTimingPodStorageCount: 98
StatTimingReplenishmentBatchingAverage: 1.1449999999999999E-05
StatTimingReplenishmentBatchingOverall: 2.2899999999999998E-05
StatTimingReplenishmentBatchingCount: 2
StatTimingOrderBatchingAverage: 8.568886043533932E-05
StatTimingOrderBatchingOverall: 0.06692300000000001
StatTimingOrderBatchingCount: 781
>>> Overall
StatOverallBundlesPlaced: 0
StatOverallItemsOrdered: 651
StatOverallOrdersPlaced: 415
StatOverallBundlesRejected: 0
StatOverallOrdersRejected: 0
StatOverallBundlesHandled: 0
StatOverallItemsHandled: 766
StatOverallLinesHandled: 720
StatOverallOrdersHandled: 494
StatOverallCollisions: 0
StatOverallDistanceTraveled: 4941.77505408669
StatOverallDistanceEstimated: 4809
StatOverallAssignedTasks: 205
StatMaxMemoryUsed: 119,66796875
StatRealTimeUsed: 0.886036
StatAverageTurnoverTime: 498.4497175753236
StatMedianTurnoverTime: 365.431392485355
StatLowerQuartileTurnoverTime: 157.9475035964606
StatUpperQuartileTurnoverTime: 679.5597258186828
StatAverageThroughputTime: 91.6276238080532
StatMedianThroughputTime: 24.666298693936938
StatLowerQuartileThroughputTime: 16.679444444445153
StatUpperQuartileThroughputTime: 78.86888888888905

Marked tag finished after 1 tries!
.Fin. - SUCCESS
<<< Welcome to the RAWSimO CLI >>>
The time is: 06/25/2024 19:26:43
Starting RAWSimO wrapper with the following arguments:
Instance: ..\..\..\..\Material\Instances\10.Weighted30min Demand Gall\Dr\Weighted2.xinst
Setting: ..\..\..\..\Material\Instances\10.Weighted30min Demand Gall\Dr\Weighted2.xsett
ControlConfig: ..\..\..\..\Material\Instances\10.Weighted30min Demand Gall\Dr\Weighted2.xconf
StatisticsDir: ..\..\..\..\Material\Instances\10.Weighted30min Demand Gall\Dr
Seed: 6
Additionally the following tag was passed: 1, 0.8772727272727274, 1.0, 0.195, 0.219, 1.0
Adding handler for unhandled exceptions ...
Initializing ... 
Instance recognized!
Parsing setting config ...
Parsing control config ...
Parsing instance ...
StatisticsFolder: Weighted2-Dr_[[1, 0.8772727272727274, 1.0]]_3_[0.195, 0.219, 1.0].csv-6
Done!
