Executing ... 
 09:51:26 | >>> Warming up ...
 00:00:00 | >>> Warmup finished - starting simulation ...
 Realtime |   ETA    |  Sim.Time  | Progress | #Orders | #Bundles | Inv. | Distance | #Coll. |   Memory    
 00:00:00 |   n/a    | 0.00:00:00 |  0.00%   |    0    |    0     | 60%  |    0     |   0    |  83.29MB  
 00:00:00 | Cannot generate further orders - suspending generation for now
 00:00:00 | Cannot generate further orders - suspending generation for now
 00:00:00 | Cannot generate further orders - suspending generation for now
 00:00:00 | Cannot generate further orders - suspending generation for now
 00:00:00 | Cannot generate further orders - suspending generation for now
 00:00:00 | Cannot generate further orders - suspending generation for now
 00:00:00 | Cannot generate further orders - suspending generation for now
 00:00:00 | Cannot generate further orders - suspending generation for now
 00:00:00 | Cannot generate further orders - suspending generation for now
 00:00:01 | Cannot generate further orders - suspending generation for now
 00:00:01 | Cannot generate further orders - suspending generation for now
 00:00:01 | Cannot generate further orders - suspending generation for now
 00:00:01 | Cannot generate further orders - suspending generation for now
 00:00:01 | 00:00:00 | 0.00:30:00 | 100.00%  |   506   |    0     | 12%  |   4883   |   0    |  83.29MB  
 00:00:01 | >>> Simulation finished - writing results ...
 00:00:01 | >>> Results written
Simulation finished.
>>> Timings
StatTimingPathPlanningAverage: 9.542420785804825E-05
StatTimingPathPlanningOverall: 0.07528970000000007
StatTimingPathPlanningCount: 789
StatTimingTaskAllocationAverage: 0.002071715533980582
StatTimingTaskAllocationOverall: 0.42677339999999986
StatTimingTaskAllocationCount: 206
StatTimingItemStorageAverage: 9.865556978233011E-07
StatTimingItemStorageOverall: 0.0007704999999999982
StatTimingItemStorageCount: 781
StatTimingPodStorageAverage: 0.001857956565656566
StatTimingPodStorageOverall: 0.18393770000000004
StatTimingPodStorageCount: 99
StatTimingReplenishmentBatchingAverage: 1.095E-05
StatTimingReplenishmentBatchingOverall: 2.19E-05
StatTimingReplenishmentBatchingCount: 2
StatTimingOrderBatchingAverage: 9.913052362707542E-05
StatTimingOrderBatchingOverall: 0.07761920000000005
StatTimingOrderBatchingCount: 783
>>> Overall
StatOverallBundlesPlaced: 0
StatOverallItemsOrdered: 667
StatOverallOrdersPlaced: 419
StatOverallBundlesRejected: 0
StatOverallOrdersRejected: 0
StatOverallBundlesHandled: 0
StatOverallItemsHandled: 800
StatOverallLinesHandled: 758
StatOverallOrdersHandled: 506
StatOverallCollisions: 0
StatOverallDistanceTraveled: 4882.732758233301
StatOverallDistanceEstimated: 4807
StatOverallAssignedTasks: 206
StatMaxMemoryUsed: 83,2890625
StatRealTimeUsed: 1.095673
StatAverageTurnoverTime: 465.05803529013514
StatMedianTurnoverTime: 318.07499280707805
StatLowerQuartileTurnoverTime: 123.52851372323715
StatUpperQuartileTurnoverTime: 708.5060245126228
StatAverageThroughputTime: 89.07826407752127
StatMedianThroughputTime: 28.548333333333403
StatLowerQuartileThroughputTime: 18.85888888888917
StatUpperQuartileThroughputTime: 78.46064934696915

Marked tag finished after 1 tries!
.Fin. - SUCCESS
<<< Welcome to the RAWSimO CLI >>>
The time is: 06/13/2024 09:51:27
Starting RAWSimO wrapper with the following arguments:
Instance: ..\..\..\..\Material\Instances\0.Weighted30min Demand separate\Dc\Weighted2.xinst
Setting: ..\..\..\..\Material\Instances\0.Weighted30min Demand separate\Dc\Weighted2.xsett
ControlConfig: ..\..\..\..\Material\Instances\0.Weighted30min Demand separate\Dc\Weighted2.xconf
StatisticsDir: ..\..\..\..\Material\Instances\0.Weighted30min Demand separate\Dc
Seed: 1
Additionally the following tag was passed: 1, 3.6754, 0.48599999999999993, 0.194, 0.143, 0.4
Adding handler for unhandled exceptions ...
Initializing ... 
Instance recognized!
Parsing setting config ...
Parsing control config ...
Parsing instance ...
StatisticsFolder: Weighted2-Dc_[[1, 3.6754, 0.48599999999999993]]_3_[0.194, 0.143, 0.4].csv-1
Done!
