Executing ... 
 09:57:28 | >>> Warming up ...
 00:00:00 | >>> Warmup finished - starting simulation ...
 Realtime |   ETA    |  Sim.Time  | Progress | #Orders | #Bundles | Inv. | Distance | #Coll. |   Memory    
 00:00:00 |   n/a    | 0.00:00:00 |  0.00%   |    0    |    0     | 60%  |    0     |   0    | 106.41MB  
 00:00:00 | Cannot generate further orders - suspending generation for now
 00:00:00 | Cannot generate further orders - suspending generation for now
 00:00:00 | Cannot generate further orders - suspending generation for now
 00:00:00 | Cannot generate further orders - suspending generation for now
 00:00:00 | Cannot generate further orders - suspending generation for now
 00:00:00 | Cannot generate further orders - suspending generation for now
 00:00:00 | Cannot generate further orders - suspending generation for now
 00:00:00 | Cannot generate further orders - suspending generation for now
 00:00:00 | Cannot generate further orders - suspending generation for now
 00:00:00 | Cannot generate further orders - suspending generation for now
 00:00:00 | Cannot generate further orders - suspending generation for now
 00:00:00 | Cannot generate further orders - suspending generation for now
 00:00:00 | 00:00:00 | 0.00:30:00 | 100.00%  |   520   |    0     | 12%  |   4913   |   0    | 104.18MB  
 00:00:00 | >>> Simulation finished - writing results ...
 00:00:00 | >>> Results written
Simulation finished.
>>> Timings
StatTimingPathPlanningAverage: 8.068483221476508E-05
StatTimingPathPlanningOverall: 0.06011019999999999
StatTimingPathPlanningCount: 745
StatTimingTaskAllocationAverage: 0.0017146587939698477
StatTimingTaskAllocationOverall: 0.3412170999999997
StatTimingTaskAllocationCount: 199
StatTimingItemStorageAverage: 9.528476821192063E-07
StatTimingItemStorageOverall: 0.0007194000000000008
StatTimingItemStorageCount: 755
StatTimingPodStorageAverage: 0.001545693684210526
StatTimingPodStorageOverall: 0.14684089999999997
StatTimingPodStorageCount: 95
StatTimingReplenishmentBatchingAverage: 7.8E-06
StatTimingReplenishmentBatchingOverall: 1.56E-05
StatTimingReplenishmentBatchingCount: 2
StatTimingOrderBatchingAverage: 8.420483271375462E-05
StatTimingOrderBatchingOverall: 0.06795329999999998
StatTimingOrderBatchingCount: 807
>>> Overall
StatOverallBundlesPlaced: 0
StatOverallItemsOrdered: 666
StatOverallOrdersPlaced: 432
StatOverallBundlesRejected: 0
StatOverallOrdersRejected: 0
StatOverallBundlesHandled: 0
StatOverallItemsHandled: 799
StatOverallLinesHandled: 758
StatOverallOrdersHandled: 520
StatOverallCollisions: 0
StatOverallDistanceTraveled: 4912.78684183363
StatOverallDistanceEstimated: 4809
StatOverallAssignedTasks: 199
StatMaxMemoryUsed: 106,40625
StatRealTimeUsed: 0.9252623
StatAverageTurnoverTime: 450.0891340688311
StatMedianTurnoverTime: 316.6484271247467
StatLowerQuartileTurnoverTime: 140.1966666666665
StatUpperQuartileTurnoverTime: 607.5757431383815
StatAverageThroughputTime: 90.48507885016109
StatMedianThroughputTime: 28.179538235857535
StatLowerQuartileThroughputTime: 20.13333333333344
StatUpperQuartileThroughputTime: 80.40287156919032

Marked tag finished after 1 tries!
.Fin. - SUCCESS
<<< Welcome to the RAWSimO CLI >>>
The time is: 06/13/2024 09:57:29
Starting RAWSimO wrapper with the following arguments:
Instance: ..\..\..\..\Material\Instances\0.Weighted30min Demand separate\Dd\Weighted2.xinst
Setting: ..\..\..\..\Material\Instances\0.Weighted30min Demand separate\Dd\Weighted2.xsett
ControlConfig: ..\..\..\..\Material\Instances\0.Weighted30min Demand separate\Dd\Weighted2.xconf
StatisticsDir: ..\..\..\..\Material\Instances\0.Weighted30min Demand separate\Dd
Seed: 3
Additionally the following tag was passed: 1, 0.49399999999999994, 0.54, 0.193, 0.383, 0.5
Adding handler for unhandled exceptions ...
Initializing ... 
Instance recognized!
Parsing setting config ...
Parsing control config ...
Parsing instance ...
StatisticsFolder: Weighted2-Dd_[[1, 0.49399999999999994, 0.54]]_1_[0.193, 0.383, 0.5].csv-3
Done!
