Executing ... 
 10:01:18 | >>> Warming up ...
 00:00:00 | >>> Warmup finished - starting simulation ...
 Realtime |   ETA    |  Sim.Time  | Progress | #Orders | #Bundles | Inv. | Distance | #Coll. |   Memory    
 00:00:00 |   n/a    | 0.00:00:00 |  0.00%   |    0    |    0     | 60%  |    0     |   0    | 126.28MB  
 00:00:00 | Cannot generate further orders - suspending generation for now
 00:00:00 | Cannot generate further orders - suspending generation for now
 00:00:00 | Cannot generate further orders - suspending generation for now
 00:00:00 | Cannot generate further orders - suspending generation for now
 00:00:00 | Cannot generate further orders - suspending generation for now
 00:00:00 | Cannot generate further orders - suspending generation for now
 00:00:00 | Cannot generate further orders - suspending generation for now
 00:00:00 | Cannot generate further orders - suspending generation for now
 00:00:00 | Cannot generate further orders - suspending generation for now
 00:00:00 | Cannot generate further orders - suspending generation for now
 00:00:00 | Cannot generate further orders - suspending generation for now
 00:00:00 | Cannot generate further orders - suspending generation for now
 00:00:01 | 00:00:00 | 0.00:30:00 | 100.00%  |   509   |    0     | 12%  |   4972   |   0    | 124.54MB  
 00:00:01 | >>> Simulation finished - writing results ...
 00:00:01 | >>> Results written
Simulation finished.
>>> Timings
StatTimingPathPlanningAverage: 9.013230579531454E-05
StatTimingPathPlanningOverall: 0.07309730000000009
StatTimingPathPlanningCount: 811
StatTimingTaskAllocationAverage: 0.0018055671568627458
StatTimingTaskAllocationOverall: 0.36833570000000015
StatTimingTaskAllocationCount: 204
StatTimingItemStorageAverage: 9.209635416666688E-07
StatTimingItemStorageOverall: 0.0007073000000000016
StatTimingItemStorageCount: 768
StatTimingPodStorageAverage: 0.0015013175257731957
StatTimingPodStorageOverall: 0.14562779999999997
StatTimingPodStorageCount: 97
StatTimingReplenishmentBatchingAverage: 7.4E-06
StatTimingReplenishmentBatchingOverall: 1.48E-05
StatTimingReplenishmentBatchingCount: 2
StatTimingOrderBatchingAverage: 9.169311193111931E-05
StatTimingOrderBatchingOverall: 0.0745465
StatTimingOrderBatchingCount: 813
>>> Overall
StatOverallBundlesPlaced: 0
StatOverallItemsOrdered: 655
StatOverallOrdersPlaced: 416
StatOverallBundlesRejected: 0
StatOverallOrdersRejected: 0
StatOverallBundlesHandled: 0
StatOverallItemsHandled: 793
StatOverallLinesHandled: 751
StatOverallOrdersHandled: 509
StatOverallCollisions: 0
StatOverallDistanceTraveled: 4971.564571628556
StatOverallDistanceEstimated: 4826
StatOverallAssignedTasks: 204
StatMaxMemoryUsed: 126,27734375
StatRealTimeUsed: 1.0001093
StatAverageTurnoverTime: 446.7454030455822
StatMedianTurnoverTime: 327.0825901949528
StatLowerQuartileTurnoverTime: 149.72120490252416
StatUpperQuartileTurnoverTime: 616.0621284308094
StatAverageThroughputTime: 87.20026003710775
StatMedianThroughputTime: 28.01186144241376
StatLowerQuartileThroughputTime: 16.714256861618765
StatUpperQuartileThroughputTime: 83.66129869394285

Marked tag finished after 1 tries!
.Fin. - SUCCESS
<<< Welcome to the RAWSimO CLI >>>
The time is: 06/13/2024 10:01:19
Starting RAWSimO wrapper with the following arguments:
Instance: ..\..\..\..\Material\Instances\0.Weighted30min Demand separate\Df\Weighted2.xinst
Setting: ..\..\..\..\Material\Instances\0.Weighted30min Demand separate\Df\Weighted2.xsett
ControlConfig: ..\..\..\..\Material\Instances\0.Weighted30min Demand separate\Df\Weighted2.xconf
StatisticsDir: ..\..\..\..\Material\Instances\0.Weighted30min Demand separate\Df
Seed: 2
Additionally the following tag was passed: 1, 0.14666666666666667, 0.068, 0.14, 0.962, 1.0
Adding handler for unhandled exceptions ...
Initializing ... 
Instance recognized!
Parsing setting config ...
Parsing control config ...
Parsing instance ...
StatisticsFolder: Weighted2-Df_[[1, 0.14666666666666667, 0.068]]_3_[0.14, 0.962, 1.0].csv-2
Done!
