Executing ... 
 09:44:30 | >>> Warming up ...
 00:00:00 | >>> Warmup finished - starting simulation ...
 Realtime |   ETA    |  Sim.Time  | Progress | #Orders | #Bundles | Inv. | Distance | #Coll. |   Memory    
 00:00:00 |   n/a    | 0.00:00:00 |  0.00%   |    0    |    0     | 60%  |    0     |   0    |  89.73MB  
 00:00:01 | Cannot generate further orders - suspending generation for now
 00:00:01 | Cannot generate further orders - suspending generation for now
 00:00:01 | Cannot generate further orders - suspending generation for now
 00:00:01 | Cannot generate further orders - suspending generation for now
 00:00:01 | Cannot generate further orders - suspending generation for now
 00:00:01 | Cannot generate further orders - suspending generation for now
 00:00:01 | Cannot generate further orders - suspending generation for now
 00:00:01 | 00:00:00 | 0.00:30:00 | 100.00%  |   440   |    0     | 19%  |   5298   |   0    |  93.78MB  
 00:00:01 | >>> Simulation finished - writing results ...
 00:00:01 | >>> Results written
Simulation finished.
>>> Timings
StatTimingPathPlanningAverage: 0.00011859502890173418
StatTimingPathPlanningOverall: 0.10258470000000007
StatTimingPathPlanningCount: 865
StatTimingTaskAllocationAverage: 0.002245436529680367
StatTimingTaskAllocationOverall: 0.4917506000000003
StatTimingTaskAllocationCount: 219
StatTimingItemStorageAverage: 1.4339393939393953E-06
StatTimingItemStorageOverall: 0.0009464000000000009
StatTimingItemStorageCount: 660
StatTimingPodStorageAverage: 0.001951940384615386
StatTimingPodStorageOverall: 0.20300180000000015
StatTimingPodStorageCount: 104
StatTimingReplenishmentBatchingAverage: 1.07E-05
StatTimingReplenishmentBatchingOverall: 2.14E-05
StatTimingReplenishmentBatchingCount: 2
StatTimingOrderBatchingAverage: 0.00014776896086369766
StatTimingOrderBatchingOverall: 0.10949679999999996
StatTimingOrderBatchingCount: 741
>>> Overall
StatOverallBundlesPlaced: 0
StatOverallItemsOrdered: 662
StatOverallOrdersPlaced: 412
StatOverallBundlesRejected: 0
StatOverallOrdersRejected: 0
StatOverallBundlesHandled: 0
StatOverallItemsHandled: 674
StatOverallLinesHandled: 636
StatOverallOrdersHandled: 440
StatOverallCollisions: 0
StatOverallDistanceTraveled: 5297.825536478573
StatOverallDistanceEstimated: 5156
StatOverallAssignedTasks: 219
StatMaxMemoryUsed: 96,3359375
StatRealTimeUsed: 1.3822071
StatAverageTurnoverTime: 473.2220743400926
StatMedianTurnoverTime: 331.90742419089395
StatLowerQuartileTurnoverTime: 154.49093072121354
StatUpperQuartileTurnoverTime: 719.5213058868588
StatAverageThroughputTime: 102.05932291978753
StatMedianThroughputTime: 20.781854249493108
StatLowerQuartileThroughputTime: 12.855158811136334
StatUpperQuartileThroughputTime: 82.64796536060362

Marked tag finished after 1 tries!
.Fin. - SUCCESS
<<< Welcome to the RAWSimO CLI >>>
The time is: 06/13/2024 09:44:31
Starting RAWSimO wrapper with the following arguments:
Instance: ..\..\..\..\Material\Instances\0.Weighted30min Demand separate\Db\Weighted2.xinst
Setting: ..\..\..\..\Material\Instances\0.Weighted30min Demand separate\Db\Weighted2.xsett
ControlConfig: ..\..\..\..\Material\Instances\0.Weighted30min Demand separate\Db\Weighted2.xconf
StatisticsDir: ..\..\..\..\Material\Instances\0.Weighted30min Demand separate\Db
Seed: 1
Additionally the following tag was passed: 1, 0.5534, 0.549, 0.19, 0.345, 0.35
Adding handler for unhandled exceptions ...
Initializing ... 
Instance recognized!
Parsing setting config ...
Parsing control config ...
Parsing instance ...
StatisticsFolder: Weighted2-Db_[[1, 0.5534, 0.549]]_3_[0.19, 0.345, 0.35].csv-1
Done!
