Executing ... 
 19:22:02 | >>> Warming up ...
 00:00:00 | >>> Warmup finished - starting simulation ...
 Realtime |   ETA    |  Sim.Time  | Progress | #Orders | #Bundles | Inv. | Distance | #Coll. |   Memory    
 00:00:00 |   n/a    | 0.00:00:00 |  0.00%   |    0    |    0     | 60%  |    0     |   0    | 102.36MB  
 00:00:00 | Cannot generate further orders - suspending generation for now
 00:00:00 | Cannot generate further orders - suspending generation for now
 00:00:00 | Cannot generate further orders - suspending generation for now
 00:00:00 | Cannot generate further orders - suspending generation for now
 00:00:00 | Cannot generate further orders - suspending generation for now
 00:00:00 | Cannot generate further orders - suspending generation for now
 00:00:00 | Cannot generate further orders - suspending generation for now
 00:00:00 | Cannot generate further orders - suspending generation for now
 00:00:00 | Cannot generate further orders - suspending generation for now
 00:00:00 | 00:00:00 | 0.00:30:00 | 100.00%  |   501   |    0     | 14%  |   4995   |   0    |  98.02MB  
 00:00:00 | >>> Simulation finished - writing results ...
 00:00:00 | >>> Results written
Simulation finished.
>>> Timings
StatTimingPathPlanningAverage: 8.23964460784314E-05
StatTimingPathPlanningOverall: 0.06723550000000002
StatTimingPathPlanningCount: 816
StatTimingTaskAllocationAverage: 0.0017632985576923063
StatTimingTaskAllocationOverall: 0.3667660999999997
StatTimingTaskAllocationCount: 208
StatTimingItemStorageAverage: 8.681755829904016E-07
StatTimingItemStorageOverall: 0.0006329000000000028
StatTimingItemStorageCount: 729
StatTimingPodStorageAverage: 0.0015055606060606062
StatTimingPodStorageOverall: 0.1490505
StatTimingPodStorageCount: 99
StatTimingReplenishmentBatchingAverage: 8.35E-06
StatTimingReplenishmentBatchingOverall: 1.67E-05
StatTimingReplenishmentBatchingCount: 2
StatTimingOrderBatchingAverage: 8.080445544554449E-05
StatTimingOrderBatchingOverall: 0.06528999999999995
StatTimingOrderBatchingCount: 808
>>> Overall
StatOverallBundlesPlaced: 0
StatOverallItemsOrdered: 664
StatOverallOrdersPlaced: 429
StatOverallBundlesRejected: 0
StatOverallOrdersRejected: 0
StatOverallBundlesHandled: 0
StatOverallItemsHandled: 759
StatOverallLinesHandled: 719
StatOverallOrdersHandled: 501
StatOverallCollisions: 0
StatOverallDistanceTraveled: 4995.026428432366
StatOverallDistanceEstimated: 4872
StatOverallAssignedTasks: 208
StatMaxMemoryUsed: 102,35546875
StatRealTimeUsed: 0.9193926
StatAverageTurnoverTime: 472.17453699718476
StatMedianTurnoverTime: 360.87658006817526
StatLowerQuartileTurnoverTime: 156.95352091615894
StatUpperQuartileTurnoverTime: 679.4066666666669
StatAverageThroughputTime: 90.14233378803705
StatMedianThroughputTime: 24.813239541920666
StatLowerQuartileThroughputTime: 16.307316013635045
StatUpperQuartileThroughputTime: 83.81231601363504

Marked tag finished after 1 tries!
.Fin. - SUCCESS
<<< Welcome to the RAWSimO CLI >>>
The time is: 06/25/2024 19:22:03
Starting RAWSimO wrapper with the following arguments:
Instance: ..\..\..\..\Material\Instances\10.Weighted30min Demand Gall\Dp\Weighted2.xinst
Setting: ..\..\..\..\Material\Instances\10.Weighted30min Demand Gall\Dp\Weighted2.xsett
ControlConfig: ..\..\..\..\Material\Instances\10.Weighted30min Demand Gall\Dp\Weighted2.xconf
StatisticsDir: ..\..\..\..\Material\Instances\10.Weighted30min Demand Gall\Dp
Seed: 3
Additionally the following tag was passed: 1, 0.55, 1.0, 0.177, 0.32, 1.0
Adding handler for unhandled exceptions ...
Initializing ... 
Instance recognized!
Parsing setting config ...
Parsing control config ...
Parsing instance ...
StatisticsFolder: Weighted2-Dp_[[1, 0.55, 1.0]]_3_[0.177, 0.32, 1.0].csv-3
Done!
