Executing ... 
 09:37:58 | >>> Warming up ...
 00:00:00 | >>> Warmup finished - starting simulation ...
 Realtime |   ETA    |  Sim.Time  | Progress | #Orders | #Bundles | Inv. | Distance | #Coll. |   Memory    
 00:00:00 |   n/a    | 0.00:00:00 |  0.00%   |    0    |    0     | 60%  |    0     |   0    |  77.06MB  
 00:00:00 | Cannot generate further orders - suspending generation for now
 00:00:00 | Cannot generate further orders - suspending generation for now
 00:00:01 | Cannot generate further orders - suspending generation for now
 00:00:01 | Cannot generate further orders - suspending generation for now
 00:00:01 | Cannot generate further orders - suspending generation for now
 00:00:01 | Cannot generate further orders - suspending generation for now
 00:00:01 | Cannot generate further orders - suspending generation for now
 00:00:01 | Cannot generate further orders - suspending generation for now
 00:00:01 | Cannot generate further orders - suspending generation for now
 00:00:01 | 00:00:00 | 0.00:30:00 | 100.00%  |   465   |    0     | 18%  |   5200   |   0    |  73.66MB  
 00:00:01 | >>> Simulation finished - writing results ...
 00:00:01 | >>> Results written
Simulation finished.
>>> Timings
StatTimingPathPlanningAverage: 0.00012276441241685143
StatTimingPathPlanningOverall: 0.11073349999999998
StatTimingPathPlanningCount: 902
StatTimingTaskAllocationAverage: 0.002146159907834102
StatTimingTaskAllocationOverall: 0.46571670000000015
StatTimingTaskAllocationCount: 217
StatTimingItemStorageAverage: 1.1004484304932735E-06
StatTimingItemStorageOverall: 0.0007362
StatTimingItemStorageCount: 669
StatTimingPodStorageAverage: 0.0018644902912621363
StatTimingPodStorageOverall: 0.19204250000000003
StatTimingPodStorageCount: 103
StatTimingReplenishmentBatchingAverage: 8.15E-06
StatTimingReplenishmentBatchingOverall: 1.63E-05
StatTimingReplenishmentBatchingCount: 2
StatTimingOrderBatchingAverage: 0.00010308452220726768
StatTimingOrderBatchingOverall: 0.07659179999999989
StatTimingOrderBatchingCount: 743
>>> Overall
StatOverallBundlesPlaced: 0
StatOverallItemsOrdered: 637
StatOverallOrdersPlaced: 405
StatOverallBundlesRejected: 0
StatOverallOrdersRejected: 0
StatOverallBundlesHandled: 0
StatOverallItemsHandled: 703
StatOverallLinesHandled: 666
StatOverallOrdersHandled: 465
StatOverallCollisions: 0
StatOverallDistanceTraveled: 5200.206796564355
StatOverallDistanceEstimated: 5044
StatOverallAssignedTasks: 217
StatMaxMemoryUsed: 77,21875
StatRealTimeUsed: 1.2192891
StatAverageTurnoverTime: 489.32375667275954
StatMedianTurnoverTime: 325.3187156919063
StatLowerQuartileTurnoverTime: 131.31
StatUpperQuartileTurnoverTime: 718.8532539277638
StatAverageThroughputTime: 97.01017616986248
StatMedianThroughputTime: 20.935649346968404
StatLowerQuartileThroughputTime: 12.769444444444503
StatUpperQuartileThroughputTime: 78.99509379141287

Marked tag finished after 1 tries!
.Fin. - SUCCESS
<<< Welcome to the RAWSimO CLI >>>
The time is: 06/13/2024 09:37:59
Starting RAWSimO wrapper with the following arguments:
Instance: ..\..\..\..\Material\Instances\0.Weighted30min Demand separate\Da\Weighted2.xinst
Setting: ..\..\..\..\Material\Instances\0.Weighted30min Demand separate\Da\Weighted2.xsett
ControlConfig: ..\..\..\..\Material\Instances\0.Weighted30min Demand separate\Da\Weighted2.xconf
StatisticsDir: ..\..\..\..\Material\Instances\0.Weighted30min Demand separate\Da
Seed: 2
Additionally the following tag was passed: 1, 10.0, 0.71, 0.224, 0.1, 0.312
Adding handler for unhandled exceptions ...
Initializing ... 
Instance recognized!
Parsing setting config ...
Parsing control config ...
Parsing instance ...
StatisticsFolder: Weighted2-Da_[[1, 10.0, 0.71]]_1_[0.224, 0.1, 0.312].csv-2
Done!
