Executing ... 
 14:00:42 | >>> Warming up ...
 00:00:00 | >>> Warmup finished - starting simulation ...
 Realtime |   ETA    |  Sim.Time  | Progress | #Orders | #Bundles | Inv. | Distance | #Coll. |   Memory    
 00:00:00 |   n/a    | 0.00:00:00 |  0.00%   |    0    |    0     | 60%  |    0     |   0    | 107.67MB  
 00:00:00 | Cannot generate further orders - suspending generation for now
 00:00:00 | Cannot generate further orders - suspending generation for now
 00:00:00 | Cannot generate further orders - suspending generation for now
 00:00:00 | Cannot generate further orders - suspending generation for now
 00:00:00 | Cannot generate further orders - suspending generation for now
 00:00:00 | Cannot generate further orders - suspending generation for now
 00:00:00 | Cannot generate further orders - suspending generation for now
 00:00:01 | 00:00:00 | 0.00:30:00 | 100.00%  |   464   |    0     | 19%  |   5277   |   0    | 110.96MB  
 00:00:01 | >>> Simulation finished - writing results ...
 00:00:01 | >>> Results written
Simulation finished.
>>> Timings
StatTimingPathPlanningAverage: 0.00010148996539792377
StatTimingPathPlanningOverall: 0.08799179999999991
StatTimingPathPlanningCount: 867
StatTimingTaskAllocationAverage: 0.0015604775784753369
StatTimingTaskAllocationOverall: 0.34798650000000014
StatTimingTaskAllocationCount: 223
StatTimingItemStorageAverage: 1.0479940564635993E-06
StatTimingItemStorageOverall: 0.0007053000000000023
StatTimingItemStorageCount: 673
StatTimingPodStorageAverage: 0.0013495158878504675
StatTimingPodStorageOverall: 0.14439820000000003
StatTimingPodStorageCount: 107
StatTimingReplenishmentBatchingAverage: 8.7E-06
StatTimingReplenishmentBatchingOverall: 1.74E-05
StatTimingReplenishmentBatchingCount: 2
StatTimingOrderBatchingAverage: 8.843506329113926E-05
StatTimingOrderBatchingOverall: 0.06986370000000001
StatTimingOrderBatchingCount: 790
>>> Overall
StatOverallBundlesPlaced: 0
StatOverallItemsOrdered: 667
StatOverallOrdersPlaced: 431
StatOverallBundlesRejected: 0
StatOverallOrdersRejected: 0
StatOverallBundlesHandled: 0
StatOverallItemsHandled: 686
StatOverallLinesHandled: 649
StatOverallOrdersHandled: 464
StatOverallCollisions: 0
StatOverallDistanceTraveled: 5277.353978316896
StatOverallDistanceEstimated: 5119
StatOverallAssignedTasks: 223
StatMaxMemoryUsed: 110,95703125
StatRealTimeUsed: 1.0000757
StatAverageTurnoverTime: 468.16683416289777
StatMedianTurnoverTime: 326.9667604580811
StatLowerQuartileTurnoverTime: 155.37471862576177
StatUpperQuartileTurnoverTime: 652.3795382358579
StatAverageThroughputTime: 90.2573713109566
StatMedianThroughputTime: 20.177777777777806
StatLowerQuartileThroughputTime: 12.767777777777802
StatUpperQuartileThroughputTime: 82.31712843080936

Marked tag finished after 1 tries!
.Fin. - SUCCESS
<<< Welcome to the RAWSimO CLI >>>
The time is: 06/07/2024 14:00:43
Starting RAWSimO wrapper with the following arguments:
Instance: ..\..\..\..\Material\Instances\0.Weighted30min Demand separate\Db\Weighted2.xinst
Setting: ..\..\..\..\Material\Instances\0.Weighted30min Demand separate\Db\Weighted2.xsett
ControlConfig: ..\..\..\..\Material\Instances\0.Weighted30min Demand separate\Db\Weighted2.xconf
StatisticsDir: ..\..\..\..\Material\Instances\0.Weighted30min Demand separate\Db
Seed: 1
Additionally the following tag was passed: [[1, 5, 0.059]]
Adding handler for unhandled exceptions ...
Initializing ... 
Instance recognized!
Parsing setting config ...
Parsing control config ...
Parsing instance ...
StatisticsFolder: Weighted2-Db_[[1, 5, 0.059]]_1.csv-1
Done!
