Executing ... 
 19:20:26 | >>> Warming up ...
 00:00:00 | >>> Warmup finished - starting simulation ...
 Realtime |   ETA    |  Sim.Time  | Progress | #Orders | #Bundles | Inv. | Distance | #Coll. |   Memory    
 00:00:00 |   n/a    | 0.00:00:00 |  0.00%   |    0    |    0     | 60%  |    0     |   0    | 106.21MB  
 00:00:00 | Cannot generate further orders - suspending generation for now
 00:00:00 | Cannot generate further orders - suspending generation for now
 00:00:00 | Cannot generate further orders - suspending generation for now
 00:00:00 | Cannot generate further orders - suspending generation for now
 00:00:00 | Cannot generate further orders - suspending generation for now
 00:00:00 | Cannot generate further orders - suspending generation for now
 00:00:00 | Cannot generate further orders - suspending generation for now
 00:00:00 | Cannot generate further orders - suspending generation for now
 00:00:00 | Cannot generate further orders - suspending generation for now
 00:00:00 | 00:00:00 | 0.00:30:00 | 100.00%  |   492   |    0     | 14%  |   4888   |   0    | 109.09MB  
 00:00:00 | >>> Simulation finished - writing results ...
 00:00:01 | >>> Results written
Simulation finished.
>>> Timings
StatTimingPathPlanningAverage: 8.827683823529424E-05
StatTimingPathPlanningOverall: 0.0720339000000001
StatTimingPathPlanningCount: 816
StatTimingTaskAllocationAverage: 0.0017803019138755987
StatTimingTaskAllocationOverall: 0.3720831000000001
StatTimingTaskAllocationCount: 209
StatTimingItemStorageAverage: 9.895460797799204E-07
StatTimingItemStorageOverall: 0.0007194000000000022
StatTimingItemStorageCount: 727
StatTimingPodStorageAverage: 0.0015141941176470594
StatTimingPodStorageOverall: 0.15444780000000005
StatTimingPodStorageCount: 102
StatTimingReplenishmentBatchingAverage: 7.6E-06
StatTimingReplenishmentBatchingOverall: 1.52E-05
StatTimingReplenishmentBatchingCount: 2
StatTimingOrderBatchingAverage: 8.563358208955222E-05
StatTimingOrderBatchingOverall: 0.06884939999999998
StatTimingOrderBatchingCount: 804
>>> Overall
StatOverallBundlesPlaced: 0
StatOverallItemsOrdered: 667
StatOverallOrdersPlaced: 423
StatOverallBundlesRejected: 0
StatOverallOrdersRejected: 0
StatOverallBundlesHandled: 0
StatOverallItemsHandled: 760
StatOverallLinesHandled: 710
StatOverallOrdersHandled: 492
StatOverallCollisions: 0
StatOverallDistanceTraveled: 4887.52681617713
StatOverallDistanceEstimated: 4765
StatOverallAssignedTasks: 209
StatMaxMemoryUsed: 112,109375
StatRealTimeUsed: 0.9730926
StatAverageTurnoverTime: 431.7989986805783
StatMedianTurnoverTime: 324.1713852924281
StatLowerQuartileTurnoverTime: 132.8587084989855
StatUpperQuartileTurnoverTime: 619.081572875257
StatAverageThroughputTime: 97.03091636446264
StatMedianThroughputTime: 25.576666666666824
StatLowerQuartileThroughputTime: 13.140649346968758
StatUpperQuartileThroughputTime: 83.37777777777728

Marked tag finished after 1 tries!
.Fin. - SUCCESS
<<< Welcome to the RAWSimO CLI >>>
The time is: 06/25/2024 19:20:27
Starting RAWSimO wrapper with the following arguments:
Instance: ..\..\..\..\Material\Instances\10.Weighted30min Demand Gall\Dp\Weighted2.xinst
Setting: ..\..\..\..\Material\Instances\10.Weighted30min Demand Gall\Dp\Weighted2.xsett
ControlConfig: ..\..\..\..\Material\Instances\10.Weighted30min Demand Gall\Dp\Weighted2.xconf
StatisticsDir: ..\..\..\..\Material\Instances\10.Weighted30min Demand Gall\Dp
Seed: 1
Additionally the following tag was passed: 1, 0.19, 1.0, 0.12, 0.627, 1.0
Adding handler for unhandled exceptions ...
Initializing ... 
Instance recognized!
Parsing setting config ...
Parsing control config ...
Parsing instance ...
StatisticsFolder: Weighted2-Dp_[[1, 0.19, 1.0]]_3_[0.12, 0.627, 1.0].csv-1
Done!
