Executing ... 
 18:20:05 | >>> Warming up ...
 00:00:00 | >>> Warmup finished - starting simulation ...
 Realtime |   ETA    |  Sim.Time  | Progress | #Orders | #Bundles | Inv. | Distance | #Coll. |   Memory    
 00:00:00 |   n/a    | 0.00:00:00 |  0.00%   |    0    |    0     | 60%  |    0     |   0    | 116.06MB  
 00:00:00 | Cannot generate further orders - suspending generation for now
 00:00:00 | Cannot generate further orders - suspending generation for now
 00:00:00 | Cannot generate further orders - suspending generation for now
 00:00:00 | Cannot generate further orders - suspending generation for now
 00:00:00 | Cannot generate further orders - suspending generation for now
 00:00:00 | Cannot generate further orders - suspending generation for now
 00:00:00 | Cannot generate further orders - suspending generation for now
 00:00:01 | 00:00:00 | 0.00:30:00 | 100.00%  |   449   |    0     | 18%  |   5323   |   0    | 111.01MB  
 00:00:01 | >>> Simulation finished - writing results ...
 00:00:01 | >>> Results written
Simulation finished.
>>> Timings
StatTimingPathPlanningAverage: 8.193467278989672E-05
StatTimingPathPlanningOverall: 0.07136510000000004
StatTimingPathPlanningCount: 871
StatTimingTaskAllocationAverage: 0.0017553907407407417
StatTimingTaskAllocationOverall: 0.3791644000000002
StatTimingTaskAllocationCount: 216
StatTimingItemStorageAverage: 1.028739002932553E-06
StatTimingItemStorageOverall: 0.0007016000000000012
StatTimingItemStorageCount: 682
StatTimingPodStorageAverage: 0.0015168000000000002
StatTimingPodStorageOverall: 0.15774720000000003
StatTimingPodStorageCount: 104
StatTimingReplenishmentBatchingAverage: 9.2E-06
StatTimingReplenishmentBatchingOverall: 1.84E-05
StatTimingReplenishmentBatchingCount: 2
StatTimingOrderBatchingAverage: 8.976375838926171E-05
StatTimingOrderBatchingOverall: 0.06687399999999998
StatTimingOrderBatchingCount: 745
>>> Overall
StatOverallBundlesPlaced: 0
StatOverallItemsOrdered: 667
StatOverallOrdersPlaced: 423
StatOverallBundlesRejected: 0
StatOverallOrdersRejected: 0
StatOverallBundlesHandled: 0
StatOverallItemsHandled: 699
StatOverallLinesHandled: 660
StatOverallOrdersHandled: 449
StatOverallCollisions: 0
StatOverallDistanceTraveled: 5323.002070503264
StatOverallDistanceEstimated: 5201
StatOverallAssignedTasks: 216
StatMaxMemoryUsed: 116,18359375
StatRealTimeUsed: 1.0015366
StatAverageTurnoverTime: 510.77726612043944
StatMedianTurnoverTime: 350.4736147075711
StatLowerQuartileTurnoverTime: 145.35574313838356
StatUpperQuartileTurnoverTime: 756.758051959096
StatAverageThroughputTime: 97.88947000970155
StatMedianThroughputTime: 25.528888888889128
StatLowerQuartileThroughputTime: 15.521111111111054
StatUpperQuartileThroughputTime: 82.04916307020588

Marked tag finished after 1 tries!
.Fin. - SUCCESS
<<< Welcome to the RAWSimO CLI >>>
The time is: 06/05/2024 18:20:06
Starting RAWSimO wrapper with the following arguments:
Instance: ..\..\..\..\Material\Instances\0.Weighted30min Demand separate\Db\Weighted2.xinst
Setting: ..\..\..\..\Material\Instances\0.Weighted30min Demand separate\Db\Weighted2.xsett
ControlConfig: ..\..\..\..\Material\Instances\0.Weighted30min Demand separate\Db\Weighted2.xconf
StatisticsDir: ..\..\..\..\Material\Instances\0.Weighted30min Demand separate\Db
Seed: 2
Additionally the following tag was passed: whigh
Adding handler for unhandled exceptions ...
Initializing ... 
Instance recognized!
Parsing setting config ...
Parsing control config ...
Parsing instance ...
StatisticsFolder: Weighted2-Db_whigh_2.csv-2
Done!
