Executing ... 
 09:55:12 | >>> Warming up ...
 00:00:00 | >>> Warmup finished - starting simulation ...
 Realtime |   ETA    |  Sim.Time  | Progress | #Orders | #Bundles | Inv. | Distance | #Coll. |   Memory    
 00:00:00 |   n/a    | 0.00:00:00 |  0.00%   |    0    |    0     | 60%  |    0     |   0    | 108.07MB  
 00:00:01 | Cannot generate further orders - suspending generation for now
 00:00:01 | Cannot generate further orders - suspending generation for now
 00:00:01 | Cannot generate further orders - suspending generation for now
 00:00:01 | Cannot generate further orders - suspending generation for now
 00:00:01 | Cannot generate further orders - suspending generation for now
 00:00:01 | Cannot generate further orders - suspending generation for now
 00:00:01 | Cannot generate further orders - suspending generation for now
 00:00:01 | Cannot generate further orders - suspending generation for now
 00:00:01 | Cannot generate further orders - suspending generation for now
 00:00:01 | 00:00:00 | 0.00:30:00 | 100.00%  |   443   |    0     | 19%  |   5232   |   0    | 104.49MB  
 00:00:01 | >>> Simulation finished - writing results ...
 00:00:01 | >>> Results written
Simulation finished.
>>> Timings
StatTimingPathPlanningAverage: 0.00019711916099773258
StatTimingPathPlanningOverall: 0.17385910000000013
StatTimingPathPlanningCount: 882
StatTimingTaskAllocationAverage: 0.002849211312217196
StatTimingTaskAllocationOverall: 0.6296757000000003
StatTimingTaskAllocationCount: 221
StatTimingItemStorageAverage: 2.1673252279635268E-06
StatTimingItemStorageOverall: 0.0014261000000000007
StatTimingItemStorageCount: 658
StatTimingPodStorageAverage: 0.0024378628571428565
StatTimingPodStorageOverall: 0.2559755999999999
StatTimingPodStorageCount: 105
StatTimingReplenishmentBatchingAverage: 9.149999999999999E-06
StatTimingReplenishmentBatchingOverall: 1.8299999999999998E-05
StatTimingReplenishmentBatchingCount: 2
StatTimingOrderBatchingAverage: 0.00016675020026702263
StatTimingOrderBatchingOverall: 0.12489589999999995
StatTimingOrderBatchingCount: 749
>>> Overall
StatOverallBundlesPlaced: 0
StatOverallItemsOrdered: 663
StatOverallOrdersPlaced: 414
StatOverallBundlesRejected: 0
StatOverallOrdersRejected: 0
StatOverallBundlesHandled: 0
StatOverallItemsHandled: 679
StatOverallLinesHandled: 645
StatOverallOrdersHandled: 443
StatOverallCollisions: 0
StatOverallDistanceTraveled: 5231.9470895933255
StatOverallDistanceEstimated: 5084
StatOverallAssignedTasks: 221
StatMaxMemoryUsed: 108,06640625
StatRealTimeUsed: 1.7713253
StatAverageTurnoverTime: 448.5934797465782
StatMedianTurnoverTime: 302.7855483626349
StatLowerQuartileTurnoverTime: 153.53064934696874
StatUpperQuartileTurnoverTime: 628.0828715691912
StatAverageThroughputTime: 99.26626829273768
StatMedianThroughputTime: 21.30499999999995
StatLowerQuartileThroughputTime: 12.855093791412799
StatUpperQuartileThroughputTime: 83.67611111111069

Marked tag finished after 1 tries!
.Fin. - SUCCESS
<<< Welcome to the RAWSimO CLI >>>
The time is: 06/13/2024 09:55:14
Starting RAWSimO wrapper with the following arguments:
Instance: ..\..\..\..\Material\Instances\0.Weighted30min Demand separate\Dd\Weighted2.xinst
Setting: ..\..\..\..\Material\Instances\0.Weighted30min Demand separate\Dd\Weighted2.xsett
ControlConfig: ..\..\..\..\Material\Instances\0.Weighted30min Demand separate\Dd\Weighted2.xconf
StatisticsDir: ..\..\..\..\Material\Instances\0.Weighted30min Demand separate\Dd
Seed: 1
Additionally the following tag was passed: 1, 0.198, 0.3766666666666667, 0.143, 0.717, 0.5
Adding handler for unhandled exceptions ...
Initializing ... 
Instance recognized!
Parsing setting config ...
Parsing control config ...
Parsing instance ...
StatisticsFolder: Weighted2-Dd_[[1, 0.198, 0.3766666666666667]]_1_[0.143, 0.717, 0.5].csv-1
Done!
