Executing ... 
 09:39:37 | >>> Warming up ...
 00:00:00 | >>> Warmup finished - starting simulation ...
 Realtime |   ETA    |  Sim.Time  | Progress | #Orders | #Bundles | Inv. | Distance | #Coll. |   Memory    
 00:00:00 |   n/a    | 0.00:00:00 |  0.00%   |    0    |    0     | 60%  |    0     |   0    |  78.61MB  
 00:00:00 | Cannot generate further orders - suspending generation for now
 00:00:00 | Cannot generate further orders - suspending generation for now
 00:00:00 | Cannot generate further orders - suspending generation for now
 00:00:00 | Cannot generate further orders - suspending generation for now
 00:00:00 | Cannot generate further orders - suspending generation for now
 00:00:00 | Cannot generate further orders - suspending generation for now
 00:00:00 | Cannot generate further orders - suspending generation for now
 00:00:00 | Cannot generate further orders - suspending generation for now
 00:00:00 | Cannot generate further orders - suspending generation for now
 00:00:00 | Cannot generate further orders - suspending generation for now
 00:00:00 | 00:00:00 | 0.00:30:00 | 100.00%  |   478   |    0     | 16%  |   5044   |   0    |  75.09MB  
 00:00:00 | >>> Simulation finished - writing results ...
 00:00:01 | >>> Results written
Simulation finished.
>>> Timings
StatTimingPathPlanningAverage: 9.927953216374266E-05
StatTimingPathPlanningOverall: 0.08488399999999997
StatTimingPathPlanningCount: 855
StatTimingTaskAllocationAverage: 0.0017914640394088672
StatTimingTaskAllocationOverall: 0.3636672
StatTimingTaskAllocationCount: 203
StatTimingItemStorageAverage: 8.926183844011177E-07
StatTimingItemStorageOverall: 0.0006409000000000025
StatTimingItemStorageCount: 718
StatTimingPodStorageAverage: 0.001774404166666667
StatTimingPodStorageOverall: 0.17034280000000004
StatTimingPodStorageCount: 96
StatTimingReplenishmentBatchingAverage: 8.599999999999999E-06
StatTimingReplenishmentBatchingOverall: 1.7199999999999998E-05
StatTimingReplenishmentBatchingCount: 2
StatTimingOrderBatchingAverage: 8.357052096569241E-05
StatTimingOrderBatchingOverall: 0.06576999999999993
StatTimingOrderBatchingCount: 787
>>> Overall
StatOverallBundlesPlaced: 0
StatOverallItemsOrdered: 653
StatOverallOrdersPlaced: 414
StatOverallBundlesRejected: 0
StatOverallOrdersRejected: 0
StatOverallBundlesHandled: 0
StatOverallItemsHandled: 736
StatOverallLinesHandled: 693
StatOverallOrdersHandled: 478
StatOverallCollisions: 0
StatOverallDistanceTraveled: 5044.089051786103
StatOverallDistanceEstimated: 4852
StatOverallAssignedTasks: 203
StatMaxMemoryUsed: 79,01171875
StatRealTimeUsed: 0.975538
StatAverageTurnoverTime: 454.7054584792287
StatMedianTurnoverTime: 290.3313924853496
StatLowerQuartileTurnoverTime: 129.72120490252564
StatUpperQuartileTurnoverTime: 686.5140764717203
StatAverageThroughputTime: 95.54963826703784
StatMedianThroughputTime: 20.759444444444398
StatLowerQuartileThroughputTime: 15.96333333333348
StatUpperQuartileThroughputTime: 86.4538888888889

Marked tag finished after 1 tries!
.Fin. - SUCCESS
<<< Welcome to the RAWSimO CLI >>>
The time is: 06/13/2024 09:39:38
Starting RAWSimO wrapper with the following arguments:
Instance: ..\..\..\..\Material\Instances\0.Weighted30min Demand separate\Da\Weighted2.xinst
Setting: ..\..\..\..\Material\Instances\0.Weighted30min Demand separate\Da\Weighted2.xsett
ControlConfig: ..\..\..\..\Material\Instances\0.Weighted30min Demand separate\Da\Weighted2.xconf
StatisticsDir: ..\..\..\..\Material\Instances\0.Weighted30min Demand separate\Da
Seed: 2
Additionally the following tag was passed: 1, 4.0312, 0.71, 0.224, 0.1, 0.312
Adding handler for unhandled exceptions ...
Initializing ... 
Instance recognized!
Parsing setting config ...
Parsing control config ...
Parsing instance ...
StatisticsFolder: Weighted2-Da_[[1, 4.0312, 0.71]]_1_[0.224, 0.1, 0.312].csv-2
Done!
