Executing ... 
 13:45:08 | >>> Warming up ...
 00:00:00 | >>> Warmup finished - starting simulation ...
 Realtime |   ETA    |  Sim.Time  | Progress | #Orders | #Bundles | Inv. | Distance | #Coll. |   Memory    
 00:00:00 |   n/a    | 0.00:00:00 |  0.00%   |    0    |    0     | 60%  |    0     |   0    | 141.68MB  
 00:00:00 | Cannot generate further orders - suspending generation for now
 00:00:01 | Cannot generate further orders - suspending generation for now
 00:00:01 | Cannot generate further orders - suspending generation for now
 00:00:01 | Cannot generate further orders - suspending generation for now
 00:00:01 | Cannot generate further orders - suspending generation for now
 00:00:01 | 00:00:00 | 0.00:30:00 | 100.00%  |   404   |    0     | 24%  |   5556   |   0    | 136.18MB  
 00:00:01 | >>> Simulation finished - writing results ...
 00:00:01 | >>> Results written
Simulation finished.
>>> Timings
StatTimingPathPlanningAverage: 0.00011092232346241464
StatTimingPathPlanningOverall: 0.09738980000000005
StatTimingPathPlanningCount: 878
StatTimingTaskAllocationAverage: 0.001730904621848739
StatTimingTaskAllocationOverall: 0.4119552999999999
StatTimingTaskAllocationCount: 238
StatTimingItemStorageAverage: 1.3183361629881197E-06
StatTimingItemStorageOverall: 0.0007765000000000024
StatTimingItemStorageCount: 589
StatTimingPodStorageAverage: 0.0017425587719298251
StatTimingPodStorageOverall: 0.19865170000000007
StatTimingPodStorageCount: 114
StatTimingReplenishmentBatchingAverage: 1.1E-05
StatTimingReplenishmentBatchingOverall: 2.2E-05
StatTimingReplenishmentBatchingCount: 2
StatTimingOrderBatchingAverage: 9.866000000000002E-05
StatTimingOrderBatchingOverall: 0.07054190000000002
StatTimingOrderBatchingCount: 715
>>> Overall
StatOverallBundlesPlaced: 0
StatOverallItemsOrdered: 662
StatOverallOrdersPlaced: 420
StatOverallBundlesRejected: 0
StatOverallOrdersRejected: 0
StatOverallBundlesHandled: 0
StatOverallItemsHandled: 606
StatOverallLinesHandled: 572
StatOverallOrdersHandled: 404
StatOverallCollisions: 0
StatOverallDistanceTraveled: 5555.852739238393
StatOverallDistanceEstimated: 5350
StatOverallAssignedTasks: 238
StatMaxMemoryUsed: 141,67578125
StatRealTimeUsed: 1.1646865
StatAverageTurnoverTime: 505.40251436961427
StatMedianTurnoverTime: 383.16740980504727
StatLowerQuartileTurnoverTime: 153.6721284308091
StatUpperQuartileTurnoverTime: 733.5576839863651
StatAverageThroughputTime: 114.57874614024868
StatMedianThroughputTime: 16.681111111111136
StatLowerQuartileThroughputTime: 8.469444444444491
StatUpperQuartileThroughputTime: 83.21083692979397

Marked tag finished after 1 tries!
.Fin. - SUCCESS
<<< Welcome to the RAWSimO CLI >>>
The time is: 06/07/2024 13:45:09
Starting RAWSimO wrapper with the following arguments:
Instance: ..\..\..\..\Material\Instances\0.Weighted30min Demand separate\Dd\Weighted2.xinst
Setting: ..\..\..\..\Material\Instances\0.Weighted30min Demand separate\Dd\Weighted2.xsett
ControlConfig: ..\..\..\..\Material\Instances\0.Weighted30min Demand separate\Dd\Weighted2.xconf
StatisticsDir: ..\..\..\..\Material\Instances\0.Weighted30min Demand separate\Dd
Seed: 2
Additionally the following tag was passed: wr
Adding handler for unhandled exceptions ...
Initializing ... 
Instance recognized!
Parsing setting config ...
Parsing control config ...
Parsing instance ...
StatisticsFolder: Weighted2-Dd_wr_1.csv-2
Done!
