Executing ... 
 16:18:34 | >>> Warming up ...
 00:00:00 | >>> Warmup finished - starting simulation ...
 Realtime |   ETA    |  Sim.Time  | Progress | #Orders | #Bundles | Inv. | Distance | #Coll. |   Memory    
 00:00:00 |   n/a    | 0.00:00:00 |  0.00%   |    0    |    0     | 60%  |    0     |   0    |  72.27MB  
 00:00:00 | Cannot generate further orders - suspending generation for now
 00:00:00 | Cannot generate further orders - suspending generation for now
 00:00:00 | Cannot generate further orders - suspending generation for now
 00:00:00 | Cannot generate further orders - suspending generation for now
 00:00:00 | Cannot generate further orders - suspending generation for now
 00:00:00 | Cannot generate further orders - suspending generation for now
 00:00:00 | Cannot generate further orders - suspending generation for now
 00:00:01 | Cannot generate further orders - suspending generation for now
 00:00:01 | Cannot generate further orders - suspending generation for now
 00:00:01 | Cannot generate further orders - suspending generation for now
 00:00:01 | Cannot generate further orders - suspending generation for now
 00:00:01 | 00:00:00 | 0.00:30:00 | 100.00%  |   498   |    0     | 14%  |   4956   |   0    |  72.93MB  
 00:00:01 | >>> Simulation finished - writing results ...
 00:00:01 | >>> Results written
Simulation finished.
>>> Timings
StatTimingPathPlanningAverage: 0.00012669752358490554
StatTimingPathPlanningOverall: 0.1074394999999999
StatTimingPathPlanningCount: 848
StatTimingTaskAllocationAverage: 0.002168583098591548
StatTimingTaskAllocationOverall: 0.46190819999999977
StatTimingTaskAllocationCount: 213
StatTimingItemStorageAverage: 1.0565934065934084E-06
StatTimingItemStorageOverall: 0.0007692000000000013
StatTimingItemStorageCount: 728
StatTimingPodStorageAverage: 0.0019334376237623763
StatTimingPodStorageOverall: 0.1952772
StatTimingPodStorageCount: 101
StatTimingReplenishmentBatchingAverage: 7.7E-06
StatTimingReplenishmentBatchingOverall: 1.54E-05
StatTimingReplenishmentBatchingCount: 2
StatTimingOrderBatchingAverage: 9.78380421313507E-05
StatTimingOrderBatchingOverall: 0.07895530000000002
StatTimingOrderBatchingCount: 807
>>> Overall
StatOverallBundlesPlaced: 0
StatOverallItemsOrdered: 667
StatOverallOrdersPlaced: 425
StatOverallBundlesRejected: 0
StatOverallOrdersRejected: 0
StatOverallBundlesHandled: 0
StatOverallItemsHandled: 760
StatOverallLinesHandled: 719
StatOverallOrdersHandled: 498
StatOverallCollisions: 0
StatOverallDistanceTraveled: 4956.169577938625
StatOverallDistanceEstimated: 4875
StatOverallAssignedTasks: 213
StatMaxMemoryUsed: 72,9296875
StatRealTimeUsed: 1.1508529
StatAverageTurnoverTime: 433.15426268504586
StatMedianTurnoverTime: 276.7247258186829
StatLowerQuartileTurnoverTime: 126.87963202727042
StatUpperQuartileTurnoverTime: 661.0125973878746
StatAverageThroughputTime: 97.37406134969547
StatMedianThroughputTime: 26.71333333333405
StatLowerQuartileThroughputTime: 16.43231601363516
StatUpperQuartileThroughputTime: 83.56304476617083

Marked tag finished after 1 tries!
.Fin. - SUCCESS
<<< Welcome to the RAWSimO CLI >>>
The time is: 06/21/2024 16:18:35
Starting RAWSimO wrapper with the following arguments:
Instance: ..\..\..\..\Material\Instances\01.Weighted30min Demand Gall\Dp\Weighted2.xinst
Setting: ..\..\..\..\Material\Instances\01.Weighted30min Demand Gall\Dp\Weighted2.xsett
ControlConfig: ..\..\..\..\Material\Instances\01.Weighted30min Demand Gall\Dp\Weighted2.xconf
StatisticsDir: ..\..\..\..\Material\Instances\01.Weighted30min Demand Gall\Dp
Seed: 2
Additionally the following tag was passed: 1, 0.15142857142857144, 1.0, 0.106, 0.7, 1.0
Adding handler for unhandled exceptions ...
Initializing ... 
Instance recognized!
Parsing setting config ...
Parsing control config ...
Parsing instance ...
StatisticsFolder: Weighted2-Dp_[[1, 0.15142857142857144, 1.0]]_2_[0.106, 0.7, 1.0].csv-2
Done!
