Executing ... 
 19:24:59 | >>> Warming up ...
 00:00:00 | >>> Warmup finished - starting simulation ...
 Realtime |   ETA    |  Sim.Time  | Progress | #Orders | #Bundles | Inv. | Distance | #Coll. |   Memory    
 00:00:00 |   n/a    | 0.00:00:00 |  0.00%   |    0    |    0     | 60%  |    0     |   0    | 146.49MB  
 00:00:01 | Cannot generate further orders - suspending generation for now
 00:00:01 | Cannot generate further orders - suspending generation for now
 00:00:01 | Cannot generate further orders - suspending generation for now
 00:00:01 | Cannot generate further orders - suspending generation for now
 00:00:01 | Cannot generate further orders - suspending generation for now
 00:00:01 | Cannot generate further orders - suspending generation for now
 00:00:01 | Cannot generate further orders - suspending generation for now
 00:00:01 | Cannot generate further orders - suspending generation for now
 00:00:01 | Cannot generate further orders - suspending generation for now
 00:00:01 | Cannot generate further orders - suspending generation for now
 00:00:01 | 00:00:00 | 0.00:30:00 | 100.00%  |   472   |    0     | 16%  |   5231   |   0    | 142.25MB  
 00:00:01 | >>> Simulation finished - writing results ...
 00:00:01 | >>> Results written
Simulation finished.
>>> Timings
StatTimingPathPlanningAverage: 0.00013786556776556783
StatTimingPathPlanningOverall: 0.11291190000000005
StatTimingPathPlanningCount: 819
StatTimingTaskAllocationAverage: 0.002198622119815669
StatTimingTaskAllocationOverall: 0.47710100000000016
StatTimingTaskAllocationCount: 217
StatTimingItemStorageAverage: 2.000000000000002E-06
StatTimingItemStorageOverall: 0.0014200000000000016
StatTimingItemStorageCount: 710
StatTimingPodStorageAverage: 0.0019114647619047603
StatTimingPodStorageOverall: 0.20070379999999982
StatTimingPodStorageCount: 105
StatTimingReplenishmentBatchingAverage: 8.4E-06
StatTimingReplenishmentBatchingOverall: 1.68E-05
StatTimingReplenishmentBatchingCount: 2
StatTimingOrderBatchingAverage: 0.00014949857697283325
StatTimingOrderBatchingOverall: 0.1155624000000001
StatTimingOrderBatchingCount: 773
>>> Overall
StatOverallBundlesPlaced: 0
StatOverallItemsOrdered: 646
StatOverallOrdersPlaced: 410
StatOverallBundlesRejected: 0
StatOverallOrdersRejected: 0
StatOverallBundlesHandled: 0
StatOverallItemsHandled: 727
StatOverallLinesHandled: 684
StatOverallOrdersHandled: 472
StatOverallCollisions: 0
StatOverallDistanceTraveled: 5231.16709528891
StatOverallDistanceEstimated: 5102
StatOverallAssignedTasks: 217
StatMaxMemoryUsed: 145,1640625
StatRealTimeUsed: 1.3437951
StatAverageTurnoverTime: 445.5746694747309
StatMedianTurnoverTime: 349.8805411697076
StatLowerQuartileTurnoverTime: 150.49463202727122
StatUpperQuartileTurnoverTime: 595.5256565398902
StatAverageThroughputTime: 104.21633477323925
StatMedianThroughputTime: 20.818888888888893
StatLowerQuartileThroughputTime: 12.854444444444425
StatUpperQuartileThroughputTime: 83.15620490252434

Marked tag finished after 1 tries!
.Fin. - SUCCESS
<<< Welcome to the RAWSimO CLI >>>
The time is: 06/25/2024 19:25:01
Starting RAWSimO wrapper with the following arguments:
Instance: ..\..\..\..\Material\Instances\10.Weighted30min Demand Gall\Dr\Weighted2.xinst
Setting: ..\..\..\..\Material\Instances\10.Weighted30min Demand Gall\Dr\Weighted2.xsett
ControlConfig: ..\..\..\..\Material\Instances\10.Weighted30min Demand Gall\Dr\Weighted2.xconf
StatisticsDir: ..\..\..\..\Material\Instances\10.Weighted30min Demand Gall\Dr
Seed: 2
Additionally the following tag was passed: 1, 0.29909090909090913, 1.0, 0.132, 0.438, 1.0
Adding handler for unhandled exceptions ...
Initializing ... 
Instance recognized!
Parsing setting config ...
Parsing control config ...
Parsing instance ...
StatisticsFolder: Weighted2-Dr_[[1, 0.29909090909090913, 1.0]]_1_[0.132, 0.438, 1.0].csv-2
Done!
