Executing ... 
 09:50:43 | >>> Warming up ...
 00:00:00 | >>> Warmup finished - starting simulation ...
 Realtime |   ETA    |  Sim.Time  | Progress | #Orders | #Bundles | Inv. | Distance | #Coll. |   Memory    
 00:00:00 |   n/a    | 0.00:00:00 |  0.00%   |    0    |    0     | 60%  |    0     |   0    | 102.52MB  
 00:00:01 | Cannot generate further orders - suspending generation for now
 00:00:01 | Cannot generate further orders - suspending generation for now
 00:00:01 | Cannot generate further orders - suspending generation for now
 00:00:01 | Cannot generate further orders - suspending generation for now
 00:00:01 | Cannot generate further orders - suspending generation for now
 00:00:01 | Cannot generate further orders - suspending generation for now
 00:00:01 | Cannot generate further orders - suspending generation for now
 00:00:01 | Cannot generate further orders - suspending generation for now
 00:00:01 | Cannot generate further orders - suspending generation for now
 00:00:01 | Cannot generate further orders - suspending generation for now
 00:00:01 | Cannot generate further orders - suspending generation for now
 00:00:01 | Cannot generate further orders - suspending generation for now
 00:00:01 | Cannot generate further orders - suspending generation for now
 00:00:01 | Cannot generate further orders - suspending generation for now
 00:00:01 | 00:00:00 | 0.00:30:00 | 100.00%  |   502   |    0     | 14%  |   4936   |   0    | 104.29MB  
 00:00:01 | >>> Simulation finished - writing results ...
 00:00:01 | >>> Results written
Simulation finished.
>>> Timings
StatTimingPathPlanningAverage: 0.00015364865497076023
StatTimingPathPlanningOverall: 0.1313696
StatTimingPathPlanningCount: 855
StatTimingTaskAllocationAverage: 0.0031340598958333366
StatTimingTaskAllocationOverall: 0.6017395000000006
StatTimingTaskAllocationCount: 192
StatTimingItemStorageAverage: 1.3431788079470165E-06
StatTimingItemStorageOverall: 0.0010140999999999974
StatTimingItemStorageCount: 755
StatTimingPodStorageAverage: 0.0027418239130434785
StatTimingPodStorageOverall: 0.2522478
StatTimingPodStorageCount: 92
StatTimingReplenishmentBatchingAverage: 8.1E-06
StatTimingReplenishmentBatchingOverall: 1.62E-05
StatTimingReplenishmentBatchingCount: 2
StatTimingOrderBatchingAverage: 0.0001346058441558442
StatTimingOrderBatchingOverall: 0.10364650000000004
StatTimingOrderBatchingCount: 770
>>> Overall
StatOverallBundlesPlaced: 0
StatOverallItemsOrdered: 667
StatOverallOrdersPlaced: 431
StatOverallBundlesRejected: 0
StatOverallOrdersRejected: 0
StatOverallBundlesHandled: 0
StatOverallItemsHandled: 773
StatOverallLinesHandled: 730
StatOverallOrdersHandled: 502
StatOverallCollisions: 0
StatOverallDistanceTraveled: 4936.056277149492
StatOverallDistanceEstimated: 4772
StatOverallAssignedTasks: 192
StatMaxMemoryUsed: 106,52734375
StatRealTimeUsed: 1.5197754
StatAverageTurnoverTime: 447.8773289418275
StatMedianTurnoverTime: 260.20823954192053
StatLowerQuartileTurnoverTime: 103.96388888888913
StatUpperQuartileTurnoverTime: 694.3775901949529
StatAverageThroughputTime: 80.34570263292423
StatMedianThroughputTime: 24.48555555555538
StatLowerQuartileThroughputTime: 16.588333333333352
StatUpperQuartileThroughputTime: 76.50676045807955

Marked tag finished after 1 tries!
.Fin. - SUCCESS
<<< Welcome to the RAWSimO CLI >>>
The time is: 06/13/2024 09:50:44
Starting RAWSimO wrapper with the following arguments:
Instance: ..\..\..\..\Material\Instances\0.Weighted30min Demand separate\Dc\Weighted2.xinst
Setting: ..\..\..\..\Material\Instances\0.Weighted30min Demand separate\Dc\Weighted2.xsett
ControlConfig: ..\..\..\..\Material\Instances\0.Weighted30min Demand separate\Dc\Weighted2.xconf
StatisticsDir: ..\..\..\..\Material\Instances\0.Weighted30min Demand separate\Dc
Seed: 2
Additionally the following tag was passed: 1, 2.4696, 0.7, 0.217, 0.143, 0.333
Adding handler for unhandled exceptions ...
Initializing ... 
Instance recognized!
Parsing setting config ...
Parsing control config ...
Parsing instance ...
StatisticsFolder: Weighted2-Dc_[[1, 2.4696, 0.7]]_2_[0.217, 0.143, 0.333].csv-2
Done!
