Executing ... 
 16:22:10 | >>> Warming up ...
 00:00:00 | >>> Warmup finished - starting simulation ...
 Realtime |   ETA    |  Sim.Time  | Progress | #Orders | #Bundles | Inv. | Distance | #Coll. |   Memory    
 00:00:00 |   n/a    | 0.00:00:00 |  0.00%   |    0    |    0     | 60%  |    0     |   0    |  91.63MB  
 00:00:01 | Cannot generate further orders - suspending generation for now
 00:00:01 | Cannot generate further orders - suspending generation for now
 00:00:01 | Cannot generate further orders - suspending generation for now
 00:00:01 | Cannot generate further orders - suspending generation for now
 00:00:01 | Cannot generate further orders - suspending generation for now
 00:00:01 | Cannot generate further orders - suspending generation for now
 00:00:01 | Cannot generate further orders - suspending generation for now
 00:00:01 | Cannot generate further orders - suspending generation for now
 00:00:01 | 00:00:00 | 0.00:30:00 | 100.00%  |   460   |    0     | 17%  |   5207   |   0    |  87.14MB  
 00:00:01 | >>> Simulation finished - writing results ...
 00:00:01 | >>> Results written
Simulation finished.
>>> Timings
StatTimingPathPlanningAverage: 0.00014342380952380956
StatTimingPathPlanningOverall: 0.12348790000000004
StatTimingPathPlanningCount: 861
StatTimingTaskAllocationAverage: 0.00256078558139535
StatTimingTaskAllocationOverall: 0.5505689000000002
StatTimingTaskAllocationCount: 215
StatTimingItemStorageAverage: 1.783452211126957E-06
StatTimingItemStorageOverall: 0.0012501999999999969
StatTimingItemStorageCount: 701
StatTimingPodStorageAverage: 0.0021739355769230767
StatTimingPodStorageOverall: 0.22608929999999997
StatTimingPodStorageCount: 104
StatTimingReplenishmentBatchingAverage: 1.24E-05
StatTimingReplenishmentBatchingOverall: 2.48E-05
StatTimingReplenishmentBatchingCount: 2
StatTimingOrderBatchingAverage: 0.00012712915567282307
StatTimingOrderBatchingOverall: 0.09636389999999989
StatTimingOrderBatchingCount: 758
>>> Overall
StatOverallBundlesPlaced: 0
StatOverallItemsOrdered: 660
StatOverallOrdersPlaced: 420
StatOverallBundlesRejected: 0
StatOverallOrdersRejected: 0
StatOverallBundlesHandled: 0
StatOverallItemsHandled: 710
StatOverallLinesHandled: 669
StatOverallOrdersHandled: 460
StatOverallCollisions: 0
StatOverallDistanceTraveled: 5206.907282848722
StatOverallDistanceEstimated: 5113
StatOverallAssignedTasks: 215
StatMaxMemoryUsed: 92,42578125
StatRealTimeUsed: 1.4170002
StatAverageTurnoverTime: 479.6055675785464
StatMedianTurnoverTime: 363.3787084989845
StatLowerQuartileTurnoverTime: 156.69518758282618
StatUpperQuartileTurnoverTime: 686.4721428166526
StatAverageThroughputTime: 94.16119696874492
StatMedianThroughputTime: 21.391111111111513
StatLowerQuartileThroughputTime: 12.743701306063201
StatUpperQuartileThroughputTime: 80.81722222222265

Marked tag finished after 1 tries!
.Fin. - SUCCESS
<<< Welcome to the RAWSimO CLI >>>
The time is: 06/21/2024 16:22:11
Starting RAWSimO wrapper with the following arguments:
Instance: ..\..\..\..\Material\Instances\01.Weighted30min Demand Gall\Dr\Weighted2.xinst
Setting: ..\..\..\..\Material\Instances\01.Weighted30min Demand Gall\Dr\Weighted2.xsett
ControlConfig: ..\..\..\..\Material\Instances\01.Weighted30min Demand Gall\Dr\Weighted2.xconf
StatisticsDir: ..\..\..\..\Material\Instances\01.Weighted30min Demand Gall\Dr
Seed: 2
Additionally the following tag was passed: 1, 1.1457142857142857, 1.0, 0.205, 0.181, 1.0
Adding handler for unhandled exceptions ...
Initializing ... 
Instance recognized!
Parsing setting config ...
Parsing control config ...
Parsing instance ...
StatisticsFolder: Weighted2-Dr_[[1, 1.1457142857142857, 1.0]]_3_[0.205, 0.181, 1.0].csv-2
Done!
