Executing ... 
 09:41:42 | >>> Warming up ...
 00:00:00 | >>> Warmup finished - starting simulation ...
 Realtime |   ETA    |  Sim.Time  | Progress | #Orders | #Bundles | Inv. | Distance | #Coll. |   Memory    
 00:00:00 |   n/a    | 0.00:00:00 |  0.00%   |    0    |    0     | 60%  |    0     |   0    |  80.97MB  
 00:00:01 | Cannot generate further orders - suspending generation for now
 00:00:01 | Cannot generate further orders - suspending generation for now
 00:00:01 | Cannot generate further orders - suspending generation for now
 00:00:01 | Cannot generate further orders - suspending generation for now
 00:00:01 | Cannot generate further orders - suspending generation for now
 00:00:01 | Cannot generate further orders - suspending generation for now
 00:00:01 | Cannot generate further orders - suspending generation for now
 00:00:01 | Cannot generate further orders - suspending generation for now
 00:00:01 | Cannot generate further orders - suspending generation for now
 00:00:01 | 00:00:00 | 0.00:30:00 | 100.00%  |   475   |    0     | 16%  |   5096   |   0    |  76.96MB  
 00:00:01 | >>> Simulation finished - writing results ...
 00:00:01 | >>> Results written
Simulation finished.
>>> Timings
StatTimingPathPlanningAverage: 0.00014038647990255793
StatTimingPathPlanningOverall: 0.11525730000000006
StatTimingPathPlanningCount: 821
StatTimingTaskAllocationAverage: 0.0023796897674418596
StatTimingTaskAllocationOverall: 0.5116332999999998
StatTimingTaskAllocationCount: 215
StatTimingItemStorageAverage: 1.5682584269662923E-06
StatTimingItemStorageOverall: 0.0011166000000000001
StatTimingItemStorageCount: 712
StatTimingPodStorageAverage: 0.0019313401960784308
StatTimingPodStorageOverall: 0.19699669999999994
StatTimingPodStorageCount: 102
StatTimingReplenishmentBatchingAverage: 8.550000000000001E-06
StatTimingReplenishmentBatchingOverall: 1.7100000000000002E-05
StatTimingReplenishmentBatchingCount: 2
StatTimingOrderBatchingAverage: 0.0001311201037613488
StatTimingOrderBatchingOverall: 0.10109359999999992
StatTimingOrderBatchingCount: 771
>>> Overall
StatOverallBundlesPlaced: 0
StatOverallItemsOrdered: 666
StatOverallOrdersPlaced: 423
StatOverallBundlesRejected: 0
StatOverallOrdersRejected: 0
StatOverallBundlesHandled: 0
StatOverallItemsHandled: 739
StatOverallLinesHandled: 698
StatOverallOrdersHandled: 475
StatOverallCollisions: 0
StatOverallDistanceTraveled: 5096.211008631231
StatOverallDistanceEstimated: 5034
StatOverallAssignedTasks: 215
StatMaxMemoryUsed: 82,046875
StatRealTimeUsed: 1.3776328
StatAverageTurnoverTime: 467.6144667854242
StatMedianTurnoverTime: 266.15963202726994
StatLowerQuartileTurnoverTime: 106.14796536060419
StatUpperQuartileTurnoverTime: 668.0962049025256
StatAverageThroughputTime: 94.21544815007537
StatMedianThroughputTime: 23.598246734844906
StatLowerQuartileThroughputTime: 14.107222222222617
StatUpperQuartileThroughputTime: 76.15879509747597

Marked tag finished after 1 tries!
.Fin. - SUCCESS
<<< Welcome to the RAWSimO CLI >>>
The time is: 06/13/2024 09:41:43
Starting RAWSimO wrapper with the following arguments:
Instance: ..\..\..\..\Material\Instances\0.Weighted30min Demand separate\Da\Weighted2.xinst
Setting: ..\..\..\..\Material\Instances\0.Weighted30min Demand separate\Da\Weighted2.xsett
ControlConfig: ..\..\..\..\Material\Instances\0.Weighted30min Demand separate\Da\Weighted2.xconf
StatisticsDir: ..\..\..\..\Material\Instances\0.Weighted30min Demand separate\Da
Seed: 2
Additionally the following tag was passed: 1, 8.0104, 1.039, 0.259, 0.1, 0.25
Adding handler for unhandled exceptions ...
Initializing ... 
Instance recognized!
Parsing setting config ...
Parsing control config ...
Parsing instance ...
StatisticsFolder: Weighted2-Da_[[1, 8.0104, 1.039]]_2_[0.259, 0.1, 0.25].csv-2
Done!
