Executing ... 
 19:20:24 | >>> Warming up ...
 00:00:00 | >>> Warmup finished - starting simulation ...
 Realtime |   ETA    |  Sim.Time  | Progress | #Orders | #Bundles | Inv. | Distance | #Coll. |   Memory    
 00:00:00 |   n/a    | 0.00:00:00 |  0.00%   |    0    |    0     | 60%  |    0     |   0    |  96.33MB  
 00:00:00 | Cannot generate further orders - suspending generation for now
 00:00:00 | Cannot generate further orders - suspending generation for now
 00:00:00 | Cannot generate further orders - suspending generation for now
 00:00:00 | Cannot generate further orders - suspending generation for now
 00:00:00 | Cannot generate further orders - suspending generation for now
 00:00:00 | Cannot generate further orders - suspending generation for now
 00:00:00 | Cannot generate further orders - suspending generation for now
 00:00:00 | Cannot generate further orders - suspending generation for now
 00:00:00 | Cannot generate further orders - suspending generation for now
 00:00:00 | Cannot generate further orders - suspending generation for now
 00:00:00 | Cannot generate further orders - suspending generation for now
 00:00:00 | 00:00:00 | 0.00:30:00 | 100.00%  |   495   |    0     | 13%  |   4902   |   0    |  95.70MB  
 00:00:00 | >>> Simulation finished - writing results ...
 00:00:01 | >>> Results written
Simulation finished.
>>> Timings
StatTimingPathPlanningAverage: 9.079498164014685E-05
StatTimingPathPlanningOverall: 0.07417949999999998
StatTimingPathPlanningCount: 817
StatTimingTaskAllocationAverage: 0.0018805383084577118
StatTimingTaskAllocationOverall: 0.37798820000000005
StatTimingTaskAllocationCount: 201
StatTimingItemStorageAverage: 1.481059602648998E-06
StatTimingItemStorageOverall: 0.0011181999999999935
StatTimingItemStorageCount: 755
StatTimingPodStorageAverage: 0.001610906185567012
StatTimingPodStorageOverall: 0.15625790000000014
StatTimingPodStorageCount: 97
StatTimingReplenishmentBatchingAverage: 7.95E-06
StatTimingReplenishmentBatchingOverall: 1.59E-05
StatTimingReplenishmentBatchingCount: 2
StatTimingOrderBatchingAverage: 9.258219178082187E-05
StatTimingOrderBatchingOverall: 0.07434349999999997
StatTimingOrderBatchingCount: 803
>>> Overall
StatOverallBundlesPlaced: 0
StatOverallItemsOrdered: 665
StatOverallOrdersPlaced: 411
StatOverallBundlesRejected: 0
StatOverallOrdersRejected: 0
StatOverallBundlesHandled: 0
StatOverallItemsHandled: 776
StatOverallLinesHandled: 724
StatOverallOrdersHandled: 495
StatOverallCollisions: 0
StatOverallDistanceTraveled: 4902.432182324053
StatOverallDistanceEstimated: 4774
StatOverallAssignedTasks: 201
StatMaxMemoryUsed: 96,328125
StatRealTimeUsed: 0.9874319
StatAverageTurnoverTime: 473.9832918343035
StatMedianTurnoverTime: 345.1466666666671
StatLowerQuartileTurnoverTime: 181.76092352828618
StatUpperQuartileTurnoverTime: 621.3779653606028
StatAverageThroughputTime: 94.72671056849093
StatMedianThroughputTime: 24.066111111111127
StatLowerQuartileThroughputTime: 16.223333333333358
StatUpperQuartileThroughputTime: 88.55898268030171

Marked tag finished after 1 tries!
.Fin. - SUCCESS
<<< Welcome to the RAWSimO CLI >>>
The time is: 06/25/2024 19:20:25
Starting RAWSimO wrapper with the following arguments:
Instance: ..\..\..\..\Material\Instances\10.Weighted30min Demand Gall\Dp\Weighted2.xinst
Setting: ..\..\..\..\Material\Instances\10.Weighted30min Demand Gall\Dp\Weighted2.xsett
ControlConfig: ..\..\..\..\Material\Instances\10.Weighted30min Demand Gall\Dp\Weighted2.xconf
StatisticsDir: ..\..\..\..\Material\Instances\10.Weighted30min Demand Gall\Dp
Seed: 5
Additionally the following tag was passed: 1, 0.19, 1.0, 0.12, 0.627, 1.0
Adding handler for unhandled exceptions ...
Initializing ... 
Instance recognized!
Parsing setting config ...
Parsing control config ...
Parsing instance ...
StatisticsFolder: Weighted2-Dp_[[1, 0.19, 1.0]]_2_[0.12, 0.627, 1.0].csv-5
Done!
