Executing ... 
 16:18:38 | >>> Warming up ...
 00:00:00 | >>> Warmup finished - starting simulation ...
 Realtime |   ETA    |  Sim.Time  | Progress | #Orders | #Bundles | Inv. | Distance | #Coll. |   Memory    
 00:00:00 |   n/a    | 0.00:00:00 |  0.00%   |    0    |    0     | 60%  |    0     |   0    |  79.25MB  
 00:00:01 | Cannot generate further orders - suspending generation for now
 00:00:01 | Cannot generate further orders - suspending generation for now
 00:00:01 | Cannot generate further orders - suspending generation for now
 00:00:01 | Cannot generate further orders - suspending generation for now
 00:00:01 | Cannot generate further orders - suspending generation for now
 00:00:01 | Cannot generate further orders - suspending generation for now
 00:00:01 | Cannot generate further orders - suspending generation for now
 00:00:01 | Cannot generate further orders - suspending generation for now
 00:00:01 | Cannot generate further orders - suspending generation for now
 00:00:01 | 00:00:00 | 0.00:30:00 | 100.00%  |   456   |    0     | 18%  |   5150   |   0    |  74.24MB  
 00:00:01 | >>> Simulation finished - writing results ...
 00:00:01 | >>> Results written
Simulation finished.
>>> Timings
StatTimingPathPlanningAverage: 0.00011403718411552345
StatTimingPathPlanningOverall: 0.09476489999999999
StatTimingPathPlanningCount: 831
StatTimingTaskAllocationAverage: 0.002158110697674419
StatTimingTaskAllocationOverall: 0.46399380000000007
StatTimingTaskAllocationCount: 215
StatTimingItemStorageAverage: 1.823865300146409E-06
StatTimingItemStorageOverall: 0.0012456999999999974
StatTimingItemStorageCount: 683
StatTimingPodStorageAverage: 0.0016875456310679613
StatTimingPodStorageOverall: 0.1738172
StatTimingPodStorageCount: 103
StatTimingReplenishmentBatchingAverage: 1.445E-05
StatTimingReplenishmentBatchingOverall: 2.89E-05
StatTimingReplenishmentBatchingCount: 2
StatTimingOrderBatchingAverage: 0.00013659088471849857
StatTimingOrderBatchingOverall: 0.10189679999999994
StatTimingOrderBatchingCount: 746
>>> Overall
StatOverallBundlesPlaced: 0
StatOverallItemsOrdered: 651
StatOverallOrdersPlaced: 407
StatOverallBundlesRejected: 0
StatOverallOrdersRejected: 0
StatOverallBundlesHandled: 0
StatOverallItemsHandled: 704
StatOverallLinesHandled: 662
StatOverallOrdersHandled: 456
StatOverallCollisions: 0
StatOverallDistanceTraveled: 5150.301814514173
StatOverallDistanceEstimated: 5029
StatOverallAssignedTasks: 215
StatMaxMemoryUsed: 79,25390625
StatRealTimeUsed: 1.3117727
StatAverageTurnoverTime: 473.56169055556904
StatMedianTurnoverTime: 359.08796536060663
StatLowerQuartileTurnoverTime: 150.43111111111216
StatUpperQuartileTurnoverTime: 644.0122222222222
StatAverageThroughputTime: 104.90951325606615
StatMedianThroughputTime: 24.828982680301806
StatLowerQuartileThroughputTime: 16.04250359646062
StatUpperQuartileThroughputTime: 93.78611111111195

Marked tag finished after 1 tries!
.Fin. - SUCCESS
<<< Welcome to the RAWSimO CLI >>>
The time is: 06/21/2024 16:18:39
Starting RAWSimO wrapper with the following arguments:
Instance: ..\..\..\..\Material\Instances\01.Weighted30min Demand Gall\Dp\Weighted2.xinst
Setting: ..\..\..\..\Material\Instances\01.Weighted30min Demand Gall\Dp\Weighted2.xsett
ControlConfig: ..\..\..\..\Material\Instances\01.Weighted30min Demand Gall\Dp\Weighted2.xconf
StatisticsDir: ..\..\..\..\Material\Instances\01.Weighted30min Demand Gall\Dp
Seed: 1
Additionally the following tag was passed: 1, 0.15142857142857144, 1.0, 0.106, 0.7, 1.0
Adding handler for unhandled exceptions ...
Initializing ... 
Instance recognized!
Parsing setting config ...
Parsing control config ...
Parsing instance ...
StatisticsFolder: Weighted2-Dp_[[1, 0.15142857142857144, 1.0]]_3_[0.106, 0.7, 1.0].csv-1
Done!
