Executing ... 
 09:46:06 | >>> Warming up ...
 00:00:00 | >>> Warmup finished - starting simulation ...
 Realtime |   ETA    |  Sim.Time  | Progress | #Orders | #Bundles | Inv. | Distance | #Coll. |   Memory    
 00:00:00 |   n/a    | 0.00:00:00 |  0.00%   |    0    |    0     | 60%  |    0     |   0    | 143.92MB  
 00:00:01 | Cannot generate further orders - suspending generation for now
 00:00:01 | Cannot generate further orders - suspending generation for now
 00:00:01 | Cannot generate further orders - suspending generation for now
 00:00:01 | Cannot generate further orders - suspending generation for now
 00:00:01 | Cannot generate further orders - suspending generation for now
 00:00:01 | Cannot generate further orders - suspending generation for now
 00:00:01 | Cannot generate further orders - suspending generation for now
 00:00:01 | Cannot generate further orders - suspending generation for now
 00:00:01 | Cannot generate further orders - suspending generation for now
 00:00:01 | 00:00:00 | 0.00:30:00 | 100.00%  |   489   |    0     | 14%  |   4961   |   0    | 140.34MB  
 00:00:01 | >>> Simulation finished - writing results ...
 00:00:01 | >>> Results written
Simulation finished.
>>> Timings
StatTimingPathPlanningAverage: 0.0001469624849215922
StatTimingPathPlanningOverall: 0.12183189999999994
StatTimingPathPlanningCount: 829
StatTimingTaskAllocationAverage: 0.002482035406698564
StatTimingTaskAllocationOverall: 0.5187453999999999
StatTimingTaskAllocationCount: 209
StatTimingItemStorageAverage: 1.5840324763193516E-06
StatTimingItemStorageOverall: 0.0011706000000000008
StatTimingItemStorageCount: 739
StatTimingPodStorageAverage: 0.002095656999999999
StatTimingPodStorageOverall: 0.2095656999999999
StatTimingPodStorageCount: 100
StatTimingReplenishmentBatchingAverage: 8.3E-06
StatTimingReplenishmentBatchingOverall: 1.66E-05
StatTimingReplenishmentBatchingCount: 2
StatTimingOrderBatchingAverage: 0.00015037299363057316
StatTimingOrderBatchingOverall: 0.11804279999999993
StatTimingOrderBatchingCount: 785
>>> Overall
StatOverallBundlesPlaced: 0
StatOverallItemsOrdered: 667
StatOverallOrdersPlaced: 416
StatOverallBundlesRejected: 0
StatOverallOrdersRejected: 0
StatOverallBundlesHandled: 0
StatOverallItemsHandled: 772
StatOverallLinesHandled: 733
StatOverallOrdersHandled: 489
StatOverallCollisions: 0
StatOverallDistanceTraveled: 4961.382747994985
StatOverallDistanceEstimated: 4820
StatOverallAssignedTasks: 209
StatMaxMemoryUsed: 143,921875
StatRealTimeUsed: 1.4965109
StatAverageTurnoverTime: 454.352097551989
StatMedianTurnoverTime: 312.45953823585876
StatLowerQuartileTurnoverTime: 148.73444444444465
StatUpperQuartileTurnoverTime: 648.0373160136376
StatAverageThroughputTime: 92.50784151677806
StatMedianThroughputTime: 24.444538235857358
StatLowerQuartileThroughputTime: 16.163333333333526
StatUpperQuartileThroughputTime: 80.32888888888868

Marked tag finished after 1 tries!
.Fin. - SUCCESS
<<< Welcome to the RAWSimO CLI >>>
The time is: 06/13/2024 09:46:08
Starting RAWSimO wrapper with the following arguments:
Instance: ..\..\..\..\Material\Instances\0.Weighted30min Demand separate\Db\Weighted2.xinst
Setting: ..\..\..\..\Material\Instances\0.Weighted30min Demand separate\Db\Weighted2.xsett
ControlConfig: ..\..\..\..\Material\Instances\0.Weighted30min Demand separate\Db\Weighted2.xconf
StatisticsDir: ..\..\..\..\Material\Instances\0.Weighted30min Demand separate\Db
Seed: 1
Additionally the following tag was passed: 1, 1.0478, 0.059, 0.118, 0.2, 1.0
Adding handler for unhandled exceptions ...
Initializing ... 
Instance recognized!
Parsing setting config ...
Parsing control config ...
Parsing instance ...
StatisticsFolder: Weighted2-Db_[[1, 1.0478, 0.059]]_1_[0.118, 0.2, 1.0].csv-1
Done!
