Executing ... 
 19:27:18 | >>> Warming up ...
 00:00:00 | >>> Warmup finished - starting simulation ...
 Realtime |   ETA    |  Sim.Time  | Progress | #Orders | #Bundles | Inv. | Distance | #Coll. |   Memory    
 00:00:00 |   n/a    | 0.00:00:00 |  0.00%   |    0    |    0     | 60%  |    0     |   0    | 104.86MB  
 00:00:00 | Cannot generate further orders - suspending generation for now
 00:00:00 | Cannot generate further orders - suspending generation for now
 00:00:00 | Cannot generate further orders - suspending generation for now
 00:00:00 | Cannot generate further orders - suspending generation for now
 00:00:00 | Cannot generate further orders - suspending generation for now
 00:00:00 | Cannot generate further orders - suspending generation for now
 00:00:00 | Cannot generate further orders - suspending generation for now
 00:00:00 | Cannot generate further orders - suspending generation for now
 00:00:00 | 00:00:00 | 0.00:30:00 | 100.00%  |   478   |    0     | 15%  |   5143   |   0    | 103.88MB  
 00:00:00 | >>> Simulation finished - writing results ...
 00:00:00 | >>> Results written
Simulation finished.
>>> Timings
StatTimingPathPlanningAverage: 7.525054811205843E-05
StatTimingPathPlanningOverall: 0.061780699999999966
StatTimingPathPlanningCount: 821
StatTimingTaskAllocationAverage: 0.0015897629629629622
StatTimingTaskAllocationOverall: 0.3433887999999998
StatTimingTaskAllocationCount: 216
StatTimingItemStorageAverage: 9.44613259668511E-07
StatTimingItemStorageOverall: 0.0006839000000000019
StatTimingItemStorageCount: 724
StatTimingPodStorageAverage: 0.0014074644230769229
StatTimingPodStorageOverall: 0.1463763
StatTimingPodStorageCount: 104
StatTimingReplenishmentBatchingAverage: 8.05E-06
StatTimingReplenishmentBatchingOverall: 1.61E-05
StatTimingReplenishmentBatchingCount: 2
StatTimingOrderBatchingAverage: 9.352306701030924E-05
StatTimingOrderBatchingOverall: 0.07257389999999997
StatTimingOrderBatchingCount: 776
>>> Overall
StatOverallBundlesPlaced: 0
StatOverallItemsOrdered: 659
StatOverallOrdersPlaced: 418
StatOverallBundlesRejected: 0
StatOverallOrdersRejected: 0
StatOverallBundlesHandled: 0
StatOverallItemsHandled: 748
StatOverallLinesHandled: 700
StatOverallOrdersHandled: 478
StatOverallCollisions: 0
StatOverallDistanceTraveled: 5143.336637550688
StatOverallDistanceEstimated: 5002
StatOverallAssignedTasks: 216
StatMaxMemoryUsed: 105,47265625
StatRealTimeUsed: 0.9001511
StatAverageTurnoverTime: 488.3943393249681
StatMedianTurnoverTime: 360.76815294343135
StatLowerQuartileTurnoverTime: 159.93823954192158
StatUpperQuartileTurnoverTime: 708.2923232065633
StatAverageThroughputTime: 101.10794157861889
StatMedianThroughputTime: 28.02555555555591
StatLowerQuartileThroughputTime: 17.016111111110263
StatUpperQuartileThroughputTime: 91.71287156919163

Marked tag finished after 1 tries!
.Fin. - SUCCESS
<<< Welcome to the RAWSimO CLI >>>
The time is: 06/25/2024 19:27:19
Starting RAWSimO wrapper with the following arguments:
Instance: ..\..\..\..\Material\Instances\10.Weighted30min Demand Gall\Dr\Weighted2.xinst
Setting: ..\..\..\..\Material\Instances\10.Weighted30min Demand Gall\Dr\Weighted2.xsett
ControlConfig: ..\..\..\..\Material\Instances\10.Weighted30min Demand Gall\Dr\Weighted2.xconf
StatisticsDir: ..\..\..\..\Material\Instances\10.Weighted30min Demand Gall\Dr
Seed: 1
Additionally the following tag was passed: 1, 1.1663636363636365, 1.0, 0.207, 0.176, 1.0
Adding handler for unhandled exceptions ...
Initializing ... 
Instance recognized!
Parsing setting config ...
Parsing control config ...
Parsing instance ...
StatisticsFolder: Weighted2-Dr_[[1, 1.1663636363636365, 1.0]]_3_[0.207, 0.176, 1.0].csv-1
Done!
