Executing ... 
 09:55:42 | >>> Warming up ...
 00:00:00 | >>> Warmup finished - starting simulation ...
 Realtime |   ETA    |  Sim.Time  | Progress | #Orders | #Bundles | Inv. | Distance | #Coll. |   Memory    
 00:00:00 |   n/a    | 0.00:00:00 |  0.00%   |    0    |    0     | 60%  |    0     |   0    | 106.85MB  
 00:00:01 | Cannot generate further orders - suspending generation for now
 00:00:01 | Cannot generate further orders - suspending generation for now
 00:00:01 | Cannot generate further orders - suspending generation for now
 00:00:01 | Cannot generate further orders - suspending generation for now
 00:00:01 | Cannot generate further orders - suspending generation for now
 00:00:01 | Cannot generate further orders - suspending generation for now
 00:00:01 | Cannot generate further orders - suspending generation for now
 00:00:01 | Cannot generate further orders - suspending generation for now
 00:00:01 | Cannot generate further orders - suspending generation for now
 00:00:01 | 00:00:00 | 0.00:30:00 | 100.00%  |   492   |    0     | 16%  |   4995   |   0    | 104.89MB  
 00:00:01 | >>> Simulation finished - writing results ...
 00:00:01 | >>> Results written
Simulation finished.
>>> Timings
StatTimingPathPlanningAverage: 0.00020400972716488734
StatTimingPathPlanningOverall: 0.17198020000000003
StatTimingPathPlanningCount: 843
StatTimingTaskAllocationAverage: 0.0031215898550724657
StatTimingTaskAllocationOverall: 0.6461691000000004
StatTimingTaskAllocationCount: 207
StatTimingItemStorageAverage: 2.1295358649789043E-06
StatTimingItemStorageOverall: 0.001514100000000001
StatTimingItemStorageCount: 711
StatTimingPodStorageAverage: 0.0026787707070707067
StatTimingPodStorageOverall: 0.26519829999999994
StatTimingPodStorageCount: 99
StatTimingReplenishmentBatchingAverage: 1.07E-05
StatTimingReplenishmentBatchingOverall: 2.14E-05
StatTimingReplenishmentBatchingCount: 2
StatTimingOrderBatchingAverage: 0.00017401961538461537
StatTimingOrderBatchingOverall: 0.13573529999999998
StatTimingOrderBatchingCount: 780
>>> Overall
StatOverallBundlesPlaced: 0
StatOverallItemsOrdered: 653
StatOverallOrdersPlaced: 426
StatOverallBundlesRejected: 0
StatOverallOrdersRejected: 0
StatOverallBundlesHandled: 0
StatOverallItemsHandled: 738
StatOverallLinesHandled: 698
StatOverallOrdersHandled: 492
StatOverallCollisions: 0
StatOverallDistanceTraveled: 4995.094663397271
StatOverallDistanceEstimated: 4905
StatOverallAssignedTasks: 207
StatMaxMemoryUsed: 106,84765625
StatRealTimeUsed: 1.8162426
StatAverageTurnoverTime: 440.1884808715002
StatMedianTurnoverTime: 331.8094444444444
StatLowerQuartileTurnoverTime: 128.11398268030325
StatUpperQuartileTurnoverTime: 619.4766666666668
StatAverageThroughputTime: 90.3157257255599
StatMedianThroughputTime: 23.69833333333395
StatLowerQuartileThroughputTime: 12.92731601363505
StatUpperQuartileThroughputTime: 79.73666666666671

Marked tag finished after 1 tries!
.Fin. - SUCCESS
<<< Welcome to the RAWSimO CLI >>>
The time is: 06/13/2024 09:55:44
Starting RAWSimO wrapper with the following arguments:
Instance: ..\..\..\..\Material\Instances\0.Weighted30min Demand separate\Dd\Weighted2.xinst
Setting: ..\..\..\..\Material\Instances\0.Weighted30min Demand separate\Dd\Weighted2.xsett
ControlConfig: ..\..\..\..\Material\Instances\0.Weighted30min Demand separate\Dd\Weighted2.xconf
StatisticsDir: ..\..\..\..\Material\Instances\0.Weighted30min Demand separate\Dd
Seed: 3
Additionally the following tag was passed: 1, 0.198, 0.54, 0.143, 0.717, 0.5
Adding handler for unhandled exceptions ...
Initializing ... 
Instance recognized!
Parsing setting config ...
Parsing control config ...
Parsing instance ...
StatisticsFolder: Weighted2-Dd_[[1, 0.198, 0.54]]_2_[0.143, 0.717, 0.5].csv-3
Done!
