Executing ... 
 19:27:14 | >>> Warming up ...
 00:00:00 | >>> Warmup finished - starting simulation ...
 Realtime |   ETA    |  Sim.Time  | Progress | #Orders | #Bundles | Inv. | Distance | #Coll. |   Memory    
 00:00:00 |   n/a    | 0.00:00:00 |  0.00%   |    0    |    0     | 60%  |    0     |   0    | 141.32MB  
 00:00:00 | Cannot generate further orders - suspending generation for now
 00:00:00 | Cannot generate further orders - suspending generation for now
 00:00:00 | Cannot generate further orders - suspending generation for now
 00:00:00 | Cannot generate further orders - suspending generation for now
 00:00:00 | Cannot generate further orders - suspending generation for now
 00:00:00 | Cannot generate further orders - suspending generation for now
 00:00:00 | Cannot generate further orders - suspending generation for now
 00:00:00 | Cannot generate further orders - suspending generation for now
 00:00:00 | 00:00:00 | 0.00:30:00 | 100.00%  |   486   |    0     | 14%  |   4966   |   0    |  70.62MB  
 00:00:00 | >>> Simulation finished - writing results ...
 00:00:00 | >>> Results written
Simulation finished.
>>> Timings
StatTimingPathPlanningAverage: 8.230272952853596E-05
StatTimingPathPlanningOverall: 0.06633599999999998
StatTimingPathPlanningCount: 806
StatTimingTaskAllocationAverage: 0.0018191077294686003
StatTimingTaskAllocationOverall: 0.37655530000000026
StatTimingTaskAllocationCount: 207
StatTimingItemStorageAverage: 9.248331108144194E-07
StatTimingItemStorageOverall: 0.0006927000000000001
StatTimingItemStorageCount: 749
StatTimingPodStorageAverage: 0.001491237373737373
StatTimingPodStorageOverall: 0.14763249999999992
StatTimingPodStorageCount: 99
StatTimingReplenishmentBatchingAverage: 7.95E-06
StatTimingReplenishmentBatchingOverall: 1.59E-05
StatTimingReplenishmentBatchingCount: 2
StatTimingOrderBatchingAverage: 8.769377334993773E-05
StatTimingOrderBatchingOverall: 0.0704181
StatTimingOrderBatchingCount: 803
>>> Overall
StatOverallBundlesPlaced: 0
StatOverallItemsOrdered: 665
StatOverallOrdersPlaced: 415
StatOverallBundlesRejected: 0
StatOverallOrdersRejected: 0
StatOverallBundlesHandled: 0
StatOverallItemsHandled: 767
StatOverallLinesHandled: 729
StatOverallOrdersHandled: 486
StatOverallCollisions: 0
StatOverallDistanceTraveled: 4965.842075192025
StatOverallDistanceEstimated: 4840
StatOverallAssignedTasks: 207
StatMaxMemoryUsed: 143,015625
StatRealTimeUsed: 0.9292548
StatAverageTurnoverTime: 473.79479021323664
StatMedianTurnoverTime: 323.99917026312653
StatLowerQuartileTurnoverTime: 149.46064934696892
StatUpperQuartileTurnoverTime: 688.4689754873831
StatAverageThroughputTime: 102.39770052049938
StatMedianThroughputTime: 25.933520916159523
StatLowerQuartileThroughputTime: 17.01000000000022
StatUpperQuartileThroughputTime: 82.02315294342924

Marked tag finished after 1 tries!
.Fin. - SUCCESS
<<< Welcome to the RAWSimO CLI >>>
The time is: 06/25/2024 19:27:15
Starting RAWSimO wrapper with the following arguments:
Instance: ..\..\..\..\Material\Instances\10.Weighted30min Demand Gall\Dr\Weighted2.xinst
Setting: ..\..\..\..\Material\Instances\10.Weighted30min Demand Gall\Dr\Weighted2.xsett
ControlConfig: ..\..\..\..\Material\Instances\10.Weighted30min Demand Gall\Dr\Weighted2.xconf
StatisticsDir: ..\..\..\..\Material\Instances\10.Weighted30min Demand Gall\Dr
Seed: 4
Additionally the following tag was passed: 1, 1.1663636363636365, 1.0, 0.207, 0.176, 1.0
Adding handler for unhandled exceptions ...
Initializing ... 
Instance recognized!
Parsing setting config ...
Parsing control config ...
Parsing instance ...
StatisticsFolder: Weighted2-Dr_[[1, 1.1663636363636365, 1.0]]_2_[0.207, 0.176, 1.0].csv-4
Done!
