Executing ... 
 21:30:57 | >>> Warming up ...
 00:00:00 | >>> Warmup finished - starting simulation ...
 Realtime |   ETA    |  Sim.Time  | Progress | #Orders | #Bundles | Inv. | Distance | #Coll. |   Memory    
 00:00:00 |   n/a    | 0.00:00:00 |  0.00%   |    0    |    0     | 60%  |    0     |   0    |  79.13MB  
 00:00:00 | Cannot generate further orders - suspending generation for now
 00:00:00 | Cannot generate further orders - suspending generation for now
 00:00:00 | Cannot generate further orders - suspending generation for now
 00:00:01 | Cannot generate further orders - suspending generation for now
 00:00:01 | Cannot generate further orders - suspending generation for now
 00:00:01 | Cannot generate further orders - suspending generation for now
 00:00:01 | Cannot generate further orders - suspending generation for now
 00:00:01 | Cannot generate further orders - suspending generation for now
 00:00:01 | 00:00:00 | 0.00:30:00 | 100.00%  |   482   |    0     | 15%  |   4981   |   0    |  77.40MB  
 00:00:01 | >>> Simulation finished - writing results ...
 00:00:01 | >>> Results written
Simulation finished.
>>> Timings
StatTimingPathPlanningAverage: 0.00010265511432009615
StatTimingPathPlanningOverall: 0.08530639999999991
StatTimingPathPlanningCount: 831
StatTimingTaskAllocationAverage: 0.0018667062500000002
StatTimingTaskAllocationOverall: 0.38827490000000003
StatTimingTaskAllocationCount: 208
StatTimingItemStorageAverage: 1.0892458100558665E-06
StatTimingItemStorageOverall: 0.0007799000000000005
StatTimingItemStorageCount: 716
StatTimingPodStorageAverage: 0.0016914540000000002
StatTimingPodStorageOverall: 0.16914540000000003
StatTimingPodStorageCount: 100
StatTimingReplenishmentBatchingAverage: 8.2E-06
StatTimingReplenishmentBatchingOverall: 1.64E-05
StatTimingReplenishmentBatchingCount: 2
StatTimingOrderBatchingAverage: 9.240250312891113E-05
StatTimingOrderBatchingOverall: 0.0738296
StatTimingOrderBatchingCount: 799
>>> Overall
StatOverallBundlesPlaced: 0
StatOverallItemsOrdered: 667
StatOverallOrdersPlaced: 421
StatOverallBundlesRejected: 0
StatOverallOrdersRejected: 0
StatOverallBundlesHandled: 0
StatOverallItemsHandled: 746
StatOverallLinesHandled: 705
StatOverallOrdersHandled: 482
StatOverallCollisions: 0
StatOverallDistanceTraveled: 4981.423001222052
StatOverallDistanceEstimated: 4884
StatOverallAssignedTasks: 208
StatMaxMemoryUsed: 79,01171875
StatRealTimeUsed: 1.1506895
StatAverageTurnoverTime: 464.51836020926737
StatMedianTurnoverTime: 304.96583692979397
StatLowerQuartileTurnoverTime: 106.48352091616107
StatUpperQuartileTurnoverTime: 753.1816666666663
StatAverageThroughputTime: 88.35262711484545
StatMedianThroughputTime: 20.786760458079584
StatLowerQuartileThroughputTime: 12.768333333333317
StatUpperQuartileThroughputTime: 74.91444444444447

Marked tag finished after 1 tries!
.Fin. - SUCCESS
<<< Welcome to the RAWSimO CLI >>>
The time is: 06/12/2024 21:30:59
Starting RAWSimO wrapper with the following arguments:
Instance: ..\..\..\..\Material\Instances\0.Weighted30min Demand separate\Da\Weighted2.xinst
Setting: ..\..\..\..\Material\Instances\0.Weighted30min Demand separate\Da\Weighted2.xsett
ControlConfig: ..\..\..\..\Material\Instances\0.Weighted30min Demand separate\Da\Weighted2.xconf
StatisticsDir: ..\..\..\..\Material\Instances\0.Weighted30min Demand separate\Da
Seed: 2
Additionally the following tag was passed: 1, 7.513, 1.039, 0.259, 0.1, 0.25
Adding handler for unhandled exceptions ...
Initializing ... 
Instance recognized!
Parsing setting config ...
Parsing control config ...
Parsing instance ...
StatisticsFolder: Weighted2-Da_[[1, 7.513, 1.039]]_1_[0.259, 0.1, 0.25].csv-2
Done!
