Executing ... 
 09:56:35 | >>> Warming up ...
 00:00:00 | >>> Warmup finished - starting simulation ...
 Realtime |   ETA    |  Sim.Time  | Progress | #Orders | #Bundles | Inv. | Distance | #Coll. |   Memory    
 00:00:00 |   n/a    | 0.00:00:00 |  0.00%   |    0    |    0     | 60%  |    0     |   0    | 108.07MB  
 00:00:00 | Cannot generate further orders - suspending generation for now
 00:00:00 | Cannot generate further orders - suspending generation for now
 00:00:00 | Cannot generate further orders - suspending generation for now
 00:00:00 | Cannot generate further orders - suspending generation for now
 00:00:00 | Cannot generate further orders - suspending generation for now
 00:00:00 | Cannot generate further orders - suspending generation for now
 00:00:01 | Cannot generate further orders - suspending generation for now
 00:00:01 | Cannot generate further orders - suspending generation for now
 00:00:01 | Cannot generate further orders - suspending generation for now
 00:00:01 | Cannot generate further orders - suspending generation for now
 00:00:01 | 00:00:00 | 0.00:30:00 | 100.00%  |   484   |    0     | 15%  |   5181   |   0    | 104.23MB  
 00:00:01 | >>> Simulation finished - writing results ...
 00:00:01 | >>> Results written
Simulation finished.
>>> Timings
StatTimingPathPlanningAverage: 9.196574654956105E-05
StatTimingPathPlanningOverall: 0.07329670000000016
StatTimingPathPlanningCount: 797
StatTimingTaskAllocationAverage: 0.0019971584474885846
StatTimingTaskAllocationOverall: 0.43737770000000004
StatTimingTaskAllocationCount: 219
StatTimingItemStorageAverage: 1.140581717451519E-06
StatTimingItemStorageOverall: 0.0008234999999999968
StatTimingItemStorageCount: 722
StatTimingPodStorageAverage: 0.001861725
StatTimingPodStorageOverall: 0.1936194
StatTimingPodStorageCount: 104
StatTimingReplenishmentBatchingAverage: 1.165E-05
StatTimingReplenishmentBatchingOverall: 2.33E-05
StatTimingReplenishmentBatchingCount: 2
StatTimingOrderBatchingAverage: 9.707863577863576E-05
StatTimingOrderBatchingOverall: 0.07543009999999999
StatTimingOrderBatchingCount: 777
>>> Overall
StatOverallBundlesPlaced: 0
StatOverallItemsOrdered: 667
StatOverallOrdersPlaced: 417
StatOverallBundlesRejected: 0
StatOverallOrdersRejected: 0
StatOverallBundlesHandled: 0
StatOverallItemsHandled: 752
StatOverallLinesHandled: 712
StatOverallOrdersHandled: 484
StatOverallCollisions: 0
StatOverallDistanceTraveled: 5181.2363870906465
StatOverallDistanceEstimated: 5006
StatOverallAssignedTasks: 219
StatMaxMemoryUsed: 108,14453125
StatRealTimeUsed: 1.0865027
StatAverageTurnoverTime: 449.48878431402903
StatMedianTurnoverTime: 301.72277058485986
StatLowerQuartileTurnoverTime: 148.92231601363503
StatUpperQuartileTurnoverTime: 637.2228715691906
StatAverageThroughputTime: 89.107120749661
StatMedianThroughputTime: 24.660180389903644
StatLowerQuartileThroughputTime: 16.50888888888892
StatUpperQuartileThroughputTime: 82.56555555555678

Marked tag finished after 1 tries!
.Fin. - SUCCESS
<<< Welcome to the RAWSimO CLI >>>
The time is: 06/13/2024 09:56:36
Starting RAWSimO wrapper with the following arguments:
Instance: ..\..\..\..\Material\Instances\0.Weighted30min Demand separate\Dd\Weighted2.xinst
Setting: ..\..\..\..\Material\Instances\0.Weighted30min Demand separate\Dd\Weighted2.xsett
ControlConfig: ..\..\..\..\Material\Instances\0.Weighted30min Demand separate\Dd\Weighted2.xconf
StatisticsDir: ..\..\..\..\Material\Instances\0.Weighted30min Demand separate\Dd
Seed: 1
Additionally the following tag was passed: 1, 0.346, 0.3766666666666667, 0.175, 0.5, 0.5
Adding handler for unhandled exceptions ...
Initializing ... 
Instance recognized!
Parsing setting config ...
Parsing control config ...
Parsing instance ...
StatisticsFolder: Weighted2-Dd_[[1, 0.346, 0.3766666666666667]]_3_[0.175, 0.5, 0.5].csv-1
Done!
