Executing ... 
 09:46:38 | >>> Warming up ...
 00:00:00 | >>> Warmup finished - starting simulation ...
 Realtime |   ETA    |  Sim.Time  | Progress | #Orders | #Bundles | Inv. | Distance | #Coll. |   Memory    
 00:00:00 |   n/a    | 0.00:00:00 |  0.00%   |    0    |    0     | 60%  |    0     |   0    | 125.84MB  
 00:00:00 | Cannot generate further orders - suspending generation for now
 00:00:00 | Cannot generate further orders - suspending generation for now
 00:00:00 | Cannot generate further orders - suspending generation for now
 00:00:00 | Cannot generate further orders - suspending generation for now
 00:00:01 | Cannot generate further orders - suspending generation for now
 00:00:01 | Cannot generate further orders - suspending generation for now
 00:00:01 | 00:00:00 | 0.00:30:00 | 100.00%  |   448   |    0     | 18%  |   5405   |   0    | 127.48MB  
 00:00:01 | >>> Simulation finished - writing results ...
 00:00:01 | >>> Results written
Simulation finished.
>>> Timings
StatTimingPathPlanningAverage: 8.359135514018705E-05
StatTimingPathPlanningOverall: 0.07155420000000012
StatTimingPathPlanningCount: 856
StatTimingTaskAllocationAverage: 0.001790137946428573
StatTimingTaskAllocationOverall: 0.4009909000000003
StatTimingTaskAllocationCount: 224
StatTimingItemStorageAverage: 1.211516034985418E-06
StatTimingItemStorageOverall: 0.0008310999999999966
StatTimingItemStorageCount: 686
StatTimingPodStorageAverage: 0.0015584299065420568
StatTimingPodStorageOverall: 0.16675200000000007
StatTimingPodStorageCount: 107
StatTimingReplenishmentBatchingAverage: 1.3749999999999999E-05
StatTimingReplenishmentBatchingOverall: 2.7499999999999998E-05
StatTimingReplenishmentBatchingCount: 2
StatTimingOrderBatchingAverage: 9.803459037711315E-05
StatTimingOrderBatchingOverall: 0.07538860000000001
StatTimingOrderBatchingCount: 769
>>> Overall
StatOverallBundlesPlaced: 0
StatOverallItemsOrdered: 663
StatOverallOrdersPlaced: 421
StatOverallBundlesRejected: 0
StatOverallOrdersRejected: 0
StatOverallBundlesHandled: 0
StatOverallItemsHandled: 699
StatOverallLinesHandled: 660
StatOverallOrdersHandled: 448
StatOverallCollisions: 0
StatOverallDistanceTraveled: 5404.9282539846245
StatOverallDistanceEstimated: 5230
StatOverallAssignedTasks: 224
StatMaxMemoryUsed: 129,7109375
StatRealTimeUsed: 1.0423277
StatAverageTurnoverTime: 492.24354564972936
StatMedianTurnoverTime: 352.7248196100958
StatLowerQuartileTurnoverTime: 158.11702025355373
StatUpperQuartileTurnoverTime: 707.3607575242244
StatAverageThroughputTime: 97.4892757911205
StatMedianThroughputTime: 24.102575809108828
StatLowerQuartileThroughputTime: 15.077222222222304
StatUpperQuartileThroughputTime: 77.76325392776391

Marked tag finished after 1 tries!
.Fin. - SUCCESS
<<< Welcome to the RAWSimO CLI >>>
The time is: 06/13/2024 09:46:39
Starting RAWSimO wrapper with the following arguments:
Instance: ..\..\..\..\Material\Instances\0.Weighted30min Demand separate\Db\Weighted2.xinst
Setting: ..\..\..\..\Material\Instances\0.Weighted30min Demand separate\Db\Weighted2.xsett
ControlConfig: ..\..\..\..\Material\Instances\0.Weighted30min Demand separate\Db\Weighted2.xconf
StatisticsDir: ..\..\..\..\Material\Instances\0.Weighted30min Demand separate\Db
Seed: 2
Additionally the following tag was passed: 1, 1.0478, 0.549, 0.221, 0.21, 0.4
Adding handler for unhandled exceptions ...
Initializing ... 
Instance recognized!
Parsing setting config ...
Parsing control config ...
Parsing instance ...
StatisticsFolder: Weighted2-Db_[[1, 1.0478, 0.549]]_2_[0.221, 0.21, 0.4].csv-2
Done!
