Executing ... 
 19:10:41 | >>> Warming up ...
 00:00:00 | >>> Warmup finished - starting simulation ...
 Realtime |   ETA    |  Sim.Time  | Progress | #Orders | #Bundles | Inv. | Distance | #Coll. |   Memory    
 00:00:00 |   n/a    | 0.00:00:00 |  0.00%   |    0    |    0     | 60%  |    0     |   0    |  99.49MB  
 00:00:01 | Cannot generate further orders - suspending generation for now
 00:00:01 | Cannot generate further orders - suspending generation for now
 00:00:01 | Cannot generate further orders - suspending generation for now
 00:00:01 | Cannot generate further orders - suspending generation for now
 00:00:01 | Cannot generate further orders - suspending generation for now
 00:00:01 | Cannot generate further orders - suspending generation for now
 00:00:01 | Cannot generate further orders - suspending generation for now
 00:00:01 | Cannot generate further orders - suspending generation for now
 00:00:01 | Cannot generate further orders - suspending generation for now
 00:00:01 | 00:00:00 | 0.00:30:00 | 100.00%  |   496   |    0     | 14%  |   4987   |   0    |  95.75MB  
 00:00:01 | >>> Simulation finished - writing results ...
 00:00:01 | >>> Results written
Simulation finished.
>>> Timings
StatTimingPathPlanningAverage: 0.00011650764488286065
StatTimingPathPlanningOverall: 0.0944877
StatTimingPathPlanningCount: 811
StatTimingTaskAllocationAverage: 0.0025299718446601944
StatTimingTaskAllocationOverall: 0.5211742
StatTimingTaskAllocationCount: 206
StatTimingItemStorageAverage: 1.230933333333332E-06
StatTimingItemStorageOverall: 0.000923199999999999
StatTimingItemStorageCount: 750
StatTimingPodStorageAverage: 0.0020114785714285713
StatTimingPodStorageOverall: 0.1971249
StatTimingPodStorageCount: 98
StatTimingReplenishmentBatchingAverage: 8.5E-06
StatTimingReplenishmentBatchingOverall: 1.7E-05
StatTimingReplenishmentBatchingCount: 2
StatTimingOrderBatchingAverage: 0.0001146556242274411
StatTimingOrderBatchingOverall: 0.09275639999999985
StatTimingOrderBatchingCount: 809
>>> Overall
StatOverallBundlesPlaced: 0
StatOverallItemsOrdered: 658
StatOverallOrdersPlaced: 430
StatOverallBundlesRejected: 0
StatOverallOrdersRejected: 0
StatOverallBundlesHandled: 0
StatOverallItemsHandled: 760
StatOverallLinesHandled: 723
StatOverallOrdersHandled: 496
StatOverallCollisions: 0
StatOverallDistanceTraveled: 4986.797326467112
StatOverallDistanceEstimated: 4887
StatOverallAssignedTasks: 206
StatMaxMemoryUsed: 99,140625
StatRealTimeUsed: 1.32375
StatAverageTurnoverTime: 481.1038193019307
StatMedianTurnoverTime: 316.53195523383897
StatLowerQuartileTurnoverTime: 110.25120490252385
StatUpperQuartileTurnoverTime: 761.4829653606198
StatAverageThroughputTime: 90.19873753190772
StatMedianThroughputTime: 24.081111111111795
StatLowerQuartileThroughputTime: 12.957409805047988
StatUpperQuartileThroughputTime: 73.8627633919184

Marked tag finished after 1 tries!
.Fin. - SUCCESS
<<< Welcome to the RAWSimO CLI >>>
The time is: 06/12/2024 19:10:43
Starting RAWSimO wrapper with the following arguments:
Instance: ..\..\..\..\Material\Instances\0.Weighted30min Demand separate\Da\Weighted2.xinst
Setting: ..\..\..\..\Material\Instances\0.Weighted30min Demand separate\Da\Weighted2.xsett
ControlConfig: ..\..\..\..\Material\Instances\0.Weighted30min Demand separate\Da\Weighted2.xconf
StatisticsDir: ..\..\..\..\Material\Instances\0.Weighted30min Demand separate\Da
Seed: 1
Additionally the following tag was passed: [[1, 2.539, 0.052]]
Adding handler for unhandled exceptions ...
Initializing ... 
Instance recognized!
Parsing setting config ...
Parsing control config ...
Parsing instance ...
StatisticsFolder: Weighted2-Da_[[1, 2.539, 0.052]]_1.csv-1
Done!
