Executing ... 
 16:48:24 | >>> Warming up ...
 00:00:00 | >>> Warmup finished - starting simulation ...
 Realtime |   ETA    |  Sim.Time  | Progress | #Orders | #Bundles | Inv. | Distance | #Coll. |   Memory    
 00:00:00 |   n/a    | 0.00:00:00 |  0.00%   |    0    |    0     | 60%  |    0     |   0    | 114.05MB  
 00:00:00 | Cannot generate further orders - suspending generation for now
 00:00:00 | Cannot generate further orders - suspending generation for now
 00:00:01 | Cannot generate further orders - suspending generation for now
 00:00:01 | Cannot generate further orders - suspending generation for now
 00:00:01 | Cannot generate further orders - suspending generation for now
 00:00:01 | 00:00:00 | 0.00:30:00 | 100.00%  |   418   |    0     | 22%  |   5305   |   0    | 109.27MB  
 00:00:01 | >>> Simulation finished - writing results ...
 00:00:01 | >>> Results written
Simulation finished.
>>> Timings
StatTimingPathPlanningAverage: 0.00011354004376367629
StatTimingPathPlanningOverall: 0.10377560000000013
StatTimingPathPlanningCount: 914
StatTimingTaskAllocationAverage: 0.0017977152466367723
StatTimingTaskAllocationOverall: 0.4008905000000002
StatTimingTaskAllocationCount: 223
StatTimingItemStorageAverage: 1.1764516129032284E-06
StatTimingItemStorageOverall: 0.0007294000000000016
StatTimingItemStorageCount: 620
StatTimingPodStorageAverage: 0.0015058411214953272
StatTimingPodStorageOverall: 0.16112500000000002
StatTimingPodStorageCount: 107
StatTimingReplenishmentBatchingAverage: 8.4E-06
StatTimingReplenishmentBatchingOverall: 1.68E-05
StatTimingReplenishmentBatchingCount: 2
StatTimingOrderBatchingAverage: 8.625283783783787E-05
StatTimingOrderBatchingOverall: 0.06382710000000003
StatTimingOrderBatchingCount: 740
>>> Overall
StatOverallBundlesPlaced: 0
StatOverallItemsOrdered: 655
StatOverallOrdersPlaced: 415
StatOverallBundlesRejected: 0
StatOverallOrdersRejected: 0
StatOverallBundlesHandled: 0
StatOverallItemsHandled: 625
StatOverallLinesHandled: 587
StatOverallOrdersHandled: 418
StatOverallCollisions: 0
StatOverallDistanceTraveled: 5304.7296190290135
StatOverallDistanceEstimated: 5069
StatOverallAssignedTasks: 223
StatMaxMemoryUsed: 114,05078125
StatRealTimeUsed: 1.0689297
StatAverageTurnoverTime: 490.96452340914374
StatMedianTurnoverTime: 326.4389898732234
StatLowerQuartileTurnoverTime: 178.5370418323189
StatUpperQuartileTurnoverTime: 641.7491774560494
StatAverageThroughputTime: 109.79008454770668
StatMedianThroughputTime: 16.84127711517067
StatLowerQuartileThroughputTime: 12.446111111111577
StatUpperQuartileThroughputTime: 92.04564934696828

Marked tag finished after 1 tries!
.Fin. - SUCCESS
<<< Welcome to the RAWSimO CLI >>>
The time is: 06/03/2024 16:48:25
Starting RAWSimO wrapper with the following arguments:
Instance: ..\..\..\..\Material\Instances\0.Weighted30min\Weighted2.xinst
Setting: ..\..\..\..\Material\Instances\0.Weighted30min\Weighted2.xsett
ControlConfig: ..\..\..\..\Material\Instances\0.Weighted30min\Weighted2.xconf
StatisticsDir: ..\..\..\..\Material\Instances\0.Weighted30min
Seed: 2
Additionally the following tag was passed: Ddwlow
Adding handler for unhandled exceptions ...
Initializing ... 
Instance recognized!
Parsing setting config ...
Parsing control config ...
Parsing instance ...
StatisticsFolder: Weighted2-Dd_wlow_2.csv-2
Done!
