Executing ... 
 09:59:01 | >>> Warming up ...
 00:00:00 | >>> Warmup finished - starting simulation ...
 Realtime |   ETA    |  Sim.Time  | Progress | #Orders | #Bundles | Inv. | Distance | #Coll. |   Memory    
 00:00:00 |   n/a    | 0.00:00:00 |  0.00%   |    0    |    0     | 60%  |    0     |   0    | 109.22MB  
 00:00:00 | Cannot generate further orders - suspending generation for now
 00:00:00 | Cannot generate further orders - suspending generation for now
 00:00:00 | Cannot generate further orders - suspending generation for now
 00:00:00 | Cannot generate further orders - suspending generation for now
 00:00:00 | Cannot generate further orders - suspending generation for now
 00:00:00 | Cannot generate further orders - suspending generation for now
 00:00:00 | Cannot generate further orders - suspending generation for now
 00:00:00 | Cannot generate further orders - suspending generation for now
 00:00:00 | Cannot generate further orders - suspending generation for now
 00:00:00 | Cannot generate further orders - suspending generation for now
 00:00:00 | Cannot generate further orders - suspending generation for now
 00:00:00 | Cannot generate further orders - suspending generation for now
 00:00:00 | 00:00:00 | 0.00:30:00 | 100.00%  |   518   |    0     | 11%  |   4734   |   0    | 104.64MB  
 00:00:00 | >>> Simulation finished - writing results ...
 00:00:01 | >>> Results written
Simulation finished.
>>> Timings
StatTimingPathPlanningAverage: 8.279390088945358E-05
StatTimingPathPlanningOverall: 0.06515879999999996
StatTimingPathPlanningCount: 787
StatTimingTaskAllocationAverage: 0.0016786096446700506
StatTimingTaskAllocationOverall: 0.3306861
StatTimingTaskAllocationCount: 197
StatTimingItemStorageAverage: 1.0253712871287097E-06
StatTimingItemStorageOverall: 0.0008284999999999975
StatTimingItemStorageCount: 808
StatTimingPodStorageAverage: 0.001522052127659574
StatTimingPodStorageOverall: 0.14307289999999995
StatTimingPodStorageCount: 94
StatTimingReplenishmentBatchingAverage: 9.3E-06
StatTimingReplenishmentBatchingOverall: 1.86E-05
StatTimingReplenishmentBatchingCount: 2
StatTimingOrderBatchingAverage: 8.412351515151508E-05
StatTimingOrderBatchingOverall: 0.06940189999999995
StatTimingOrderBatchingCount: 825
>>> Overall
StatOverallBundlesPlaced: 0
StatOverallItemsOrdered: 658
StatOverallOrdersPlaced: 413
StatOverallBundlesRejected: 0
StatOverallOrdersRejected: 0
StatOverallBundlesHandled: 0
StatOverallItemsHandled: 823
StatOverallLinesHandled: 783
StatOverallOrdersHandled: 518
StatOverallCollisions: 0
StatOverallDistanceTraveled: 4733.847975282757
StatOverallDistanceEstimated: 4597
StatOverallAssignedTasks: 197
StatMaxMemoryUsed: 109,22265625
StatRealTimeUsed: 0.9504054
StatAverageTurnoverTime: 466.0600048827239
StatMedianTurnoverTime: 299.0531457505077
StatLowerQuartileTurnoverTime: 126.85721502929687
StatUpperQuartileTurnoverTime: 665.4994444444446
StatAverageThroughputTime: 92.26657983409642
StatMedianThroughputTime: 28.985000000000127
StatLowerQuartileThroughputTime: 17.317777777777906
StatUpperQuartileThroughputTime: 78.9622222222223

Marked tag finished after 1 tries!
.Fin. - SUCCESS
<<< Welcome to the RAWSimO CLI >>>
The time is: 06/13/2024 09:59:02
Starting RAWSimO wrapper with the following arguments:
Instance: ..\..\..\..\Material\Instances\0.Weighted30min Demand separate\Dd\Weighted2.xinst
Setting: ..\..\..\..\Material\Instances\0.Weighted30min Demand separate\Dd\Weighted2.xsett
ControlConfig: ..\..\..\..\Material\Instances\0.Weighted30min Demand separate\Dd\Weighted2.xconf
StatisticsDir: ..\..\..\..\Material\Instances\0.Weighted30min Demand separate\Dd
Seed: 1
Additionally the following tag was passed: 1, 0.79, 0.54, 0.2, 0.333, 0.5
Adding handler for unhandled exceptions ...
Initializing ... 
Instance recognized!
Parsing setting config ...
Parsing control config ...
Parsing instance ...
StatisticsFolder: Weighted2-Dd_[[1, 0.79, 0.54]]_1_[0.2, 0.333, 0.5].csv-1
Done!
