Executing ... 
 21:30:30 | >>> Warming up ...
 00:00:00 | >>> Warmup finished - starting simulation ...
 Realtime |   ETA    |  Sim.Time  | Progress | #Orders | #Bundles | Inv. | Distance | #Coll. |   Memory    
 00:00:00 |   n/a    | 0.00:00:00 |  0.00%   |    0    |    0     | 60%  |    0     |   0    |  70.63MB  
 00:00:00 | Cannot generate further orders - suspending generation for now
 00:00:00 | Cannot generate further orders - suspending generation for now
 00:00:01 | Cannot generate further orders - suspending generation for now
 00:00:01 | Cannot generate further orders - suspending generation for now
 00:00:01 | Cannot generate further orders - suspending generation for now
 00:00:01 | Cannot generate further orders - suspending generation for now
 00:00:01 | Cannot generate further orders - suspending generation for now
 00:00:01 | Cannot generate further orders - suspending generation for now
 00:00:01 | Cannot generate further orders - suspending generation for now
 00:00:01 | 00:00:00 | 0.00:30:00 | 100.00%  |   428   |    0     | 20%  |   5381   |   0    |  67.07MB  
 00:00:01 | >>> Simulation finished - writing results ...
 00:00:01 | >>> Results written
Simulation finished.
>>> Timings
StatTimingPathPlanningAverage: 0.00011408906605922544
StatTimingPathPlanningOverall: 0.10017019999999995
StatTimingPathPlanningCount: 878
StatTimingTaskAllocationAverage: 0.0019952788990825676
StatTimingTaskAllocationOverall: 0.4349707999999997
StatTimingTaskAllocationCount: 218
StatTimingItemStorageAverage: 1.2329153605015677E-06
StatTimingItemStorageOverall: 0.0007866000000000003
StatTimingItemStorageCount: 638
StatTimingPodStorageAverage: 0.0017357807692307688
StatTimingPodStorageOverall: 0.18052119999999997
StatTimingPodStorageCount: 104
StatTimingReplenishmentBatchingAverage: 8.25E-06
StatTimingReplenishmentBatchingOverall: 1.65E-05
StatTimingReplenishmentBatchingCount: 2
StatTimingOrderBatchingAverage: 0.00011009495677233437
StatTimingOrderBatchingOverall: 0.07640590000000005
StatTimingOrderBatchingCount: 694
>>> Overall
StatOverallBundlesPlaced: 0
StatOverallItemsOrdered: 631
StatOverallOrdersPlaced: 393
StatOverallBundlesRejected: 0
StatOverallOrdersRejected: 0
StatOverallBundlesHandled: 0
StatOverallItemsHandled: 661
StatOverallLinesHandled: 624
StatOverallOrdersHandled: 428
StatOverallCollisions: 0
StatOverallDistanceTraveled: 5381.236375695754
StatOverallDistanceEstimated: 5198
StatOverallAssignedTasks: 218
StatMaxMemoryUsed: 71,41796875
StatRealTimeUsed: 1.180455
StatAverageTurnoverTime: 453.29453426395855
StatMedianTurnoverTime: 275.0830591520161
StatLowerQuartileTurnoverTime: 118.72444444444449
StatUpperQuartileTurnoverTime: 634.7183477191758
StatAverageThroughputTime: 110.67735229249226
StatMedianThroughputTime: 23.79620490252387
StatLowerQuartileThroughputTime: 13.044444444444423
StatUpperQuartileThroughputTime: 85.92398268030152

Marked tag finished after 1 tries!
.Fin. - SUCCESS
<<< Welcome to the RAWSimO CLI >>>
The time is: 06/12/2024 21:30:32
Starting RAWSimO wrapper with the following arguments:
Instance: ..\..\..\..\Material\Instances\0.Weighted30min Demand separate\Da\Weighted2.xinst
Setting: ..\..\..\..\Material\Instances\0.Weighted30min Demand separate\Da\Weighted2.xsett
ControlConfig: ..\..\..\..\Material\Instances\0.Weighted30min Demand separate\Da\Weighted2.xconf
StatisticsDir: ..\..\..\..\Material\Instances\0.Weighted30min Demand separate\Da
Seed: 4
Additionally the following tag was passed: 1, 7.513, 0.29874999999999996, 0.14, 0.1, 0.466
Adding handler for unhandled exceptions ...
Initializing ... 
Instance recognized!
Parsing setting config ...
Parsing control config ...
Parsing instance ...
StatisticsFolder: Weighted2-Da_[[1, 7.513, 0.29874999999999996]]_2_[0.14, 0.1, 0.466].csv-4
Done!
