Executing ... 
 09:52:28 | >>> Warming up ...
 00:00:00 | >>> Warmup finished - starting simulation ...
 Realtime |   ETA    |  Sim.Time  | Progress | #Orders | #Bundles | Inv. | Distance | #Coll. |   Memory    
 00:00:00 |   n/a    | 0.00:00:00 |  0.00%   |    0    |    0     | 60%  |    0     |   0    | 106.02MB  
 00:00:00 | Cannot generate further orders - suspending generation for now
 00:00:00 | Cannot generate further orders - suspending generation for now
 00:00:00 | Cannot generate further orders - suspending generation for now
 00:00:00 | Cannot generate further orders - suspending generation for now
 00:00:00 | Cannot generate further orders - suspending generation for now
 00:00:00 | Cannot generate further orders - suspending generation for now
 00:00:00 | Cannot generate further orders - suspending generation for now
 00:00:01 | Cannot generate further orders - suspending generation for now
 00:00:01 | Cannot generate further orders - suspending generation for now
 00:00:01 | Cannot generate further orders - suspending generation for now
 00:00:01 | Cannot generate further orders - suspending generation for now
 00:00:01 | 00:00:00 | 0.00:30:00 | 100.00%  |   508   |    0     | 14%  |   4909   |   0    | 104.37MB  
 00:00:01 | >>> Simulation finished - writing results ...
 00:00:01 | >>> Results written
Simulation finished.
>>> Timings
StatTimingPathPlanningAverage: 0.00010235937500000003
StatTimingPathPlanningOverall: 0.08188750000000003
StatTimingPathPlanningCount: 800
StatTimingTaskAllocationAverage: 0.002016219
StatTimingTaskAllocationOverall: 0.40324380000000004
StatTimingTaskAllocationCount: 200
StatTimingItemStorageAverage: 1.1077852348993281E-06
StatTimingItemStorageOverall: 0.0008252999999999995
StatTimingItemStorageCount: 745
StatTimingPodStorageAverage: 0.001724237499999999
StatTimingPodStorageOverall: 0.16552679999999992
StatTimingPodStorageCount: 96
StatTimingReplenishmentBatchingAverage: 7.85E-06
StatTimingReplenishmentBatchingOverall: 1.57E-05
StatTimingReplenishmentBatchingCount: 2
StatTimingOrderBatchingAverage: 9.609878787878787E-05
StatTimingOrderBatchingOverall: 0.07928149999999999
StatTimingOrderBatchingCount: 825
>>> Overall
StatOverallBundlesPlaced: 0
StatOverallItemsOrdered: 651
StatOverallOrdersPlaced: 425
StatOverallBundlesRejected: 0
StatOverallOrdersRejected: 0
StatOverallBundlesHandled: 0
StatOverallItemsHandled: 771
StatOverallLinesHandled: 731
StatOverallOrdersHandled: 508
StatOverallCollisions: 0
StatOverallDistanceTraveled: 4909.226363713635
StatOverallDistanceEstimated: 4764
StatOverallAssignedTasks: 200
StatMaxMemoryUsed: 106,01953125
StatRealTimeUsed: 1.1082576
StatAverageTurnoverTime: 449.38625658553605
StatMedianTurnoverTime: 290.89166666666694
StatLowerQuartileTurnoverTime: 120.55037516565164
StatUpperQuartileTurnoverTime: 637.4019480409058
StatAverageThroughputTime: 81.19522764091988
StatMedianThroughputTime: 24.446111111111577
StatLowerQuartileThroughputTime: 16.302770584855693
StatUpperQuartileThroughputTime: 74.398333333334

Marked tag finished after 1 tries!
.Fin. - SUCCESS
<<< Welcome to the RAWSimO CLI >>>
The time is: 06/13/2024 09:52:29
Starting RAWSimO wrapper with the following arguments:
Instance: ..\..\..\..\Material\Instances\0.Weighted30min Demand separate\Dc\Weighted2.xinst
Setting: ..\..\..\..\Material\Instances\0.Weighted30min Demand separate\Dc\Weighted2.xsett
ControlConfig: ..\..\..\..\Material\Instances\0.Weighted30min Demand separate\Dc\Weighted2.xconf
StatisticsDir: ..\..\..\..\Material\Instances\0.Weighted30min Demand separate\Dc
Seed: 3
Additionally the following tag was passed: 1, 4.8812, 0.7, 0.217, 0.143, 0.333
Adding handler for unhandled exceptions ...
Initializing ... 
Instance recognized!
Parsing setting config ...
Parsing control config ...
Parsing instance ...
StatisticsFolder: Weighted2-Dc_[[1, 4.8812, 0.7]]_1_[0.217, 0.143, 0.333].csv-3
Done!
