Executing ... 
 19:26:58 | >>> Warming up ...
 00:00:00 | >>> Warmup finished - starting simulation ...
 Realtime |   ETA    |  Sim.Time  | Progress | #Orders | #Bundles | Inv. | Distance | #Coll. |   Memory    
 00:00:00 |   n/a    | 0.00:00:00 |  0.00%   |    0    |    0     | 60%  |    0     |   0    | 143.92MB  
 00:00:00 | Cannot generate further orders - suspending generation for now
 00:00:00 | Cannot generate further orders - suspending generation for now
 00:00:00 | Cannot generate further orders - suspending generation for now
 00:00:00 | Cannot generate further orders - suspending generation for now
 00:00:00 | Cannot generate further orders - suspending generation for now
 00:00:00 | Cannot generate further orders - suspending generation for now
 00:00:00 | Cannot generate further orders - suspending generation for now
 00:00:00 | Cannot generate further orders - suspending generation for now
 00:00:00 | Cannot generate further orders - suspending generation for now
 00:00:00 | Cannot generate further orders - suspending generation for now
 00:00:00 | 00:00:00 | 0.00:30:00 | 100.00%  |   487   |    0     | 15%  |   5057   |   0    | 140.50MB  
 00:00:00 | >>> Simulation finished - writing results ...
 00:00:00 | >>> Results written
Simulation finished.
>>> Timings
StatTimingPathPlanningAverage: 8.177787081339707E-05
StatTimingPathPlanningOverall: 0.06836629999999995
StatTimingPathPlanningCount: 836
StatTimingTaskAllocationAverage: 0.00156906261682243
StatTimingTaskAllocationOverall: 0.3357794
StatTimingTaskAllocationCount: 214
StatTimingItemStorageAverage: 8.910096818810562E-07
StatTimingItemStorageOverall: 0.0006442000000000036
StatTimingItemStorageCount: 723
StatTimingPodStorageAverage: 0.0014160563106796118
StatTimingPodStorageOverall: 0.1458538
StatTimingPodStorageCount: 103
StatTimingReplenishmentBatchingAverage: 7.75E-06
StatTimingReplenishmentBatchingOverall: 1.55E-05
StatTimingReplenishmentBatchingCount: 2
StatTimingOrderBatchingAverage: 7.970496277915636E-05
StatTimingOrderBatchingOverall: 0.06424220000000003
StatTimingOrderBatchingCount: 806
>>> Overall
StatOverallBundlesPlaced: 0
StatOverallItemsOrdered: 667
StatOverallOrdersPlaced: 421
StatOverallBundlesRejected: 0
StatOverallOrdersRejected: 0
StatOverallBundlesHandled: 0
StatOverallItemsHandled: 746
StatOverallLinesHandled: 703
StatOverallOrdersHandled: 487
StatOverallCollisions: 0
StatOverallDistanceTraveled: 5057.110233541265
StatOverallDistanceEstimated: 4904
StatOverallAssignedTasks: 214
StatMaxMemoryUsed: 143,50390625
StatRealTimeUsed: 0.8852434
StatAverageTurnoverTime: 438.7084858989444
StatMedianTurnoverTime: 308.10740980504863
StatLowerQuartileTurnoverTime: 120
StatUpperQuartileTurnoverTime: 621.1360173196981
StatAverageThroughputTime: 92.64888331854377
StatMedianThroughputTime: 23.966760458079875
StatLowerQuartileThroughputTime: 12.803333333333399
StatUpperQuartileThroughputTime: 78.50564934696888

Marked tag finished after 1 tries!
.Fin. - SUCCESS
<<< Welcome to the RAWSimO CLI >>>
The time is: 06/25/2024 19:26:59
Starting RAWSimO wrapper with the following arguments:
Instance: ..\..\..\..\Material\Instances\10.Weighted30min Demand Gall\Dr\Weighted2.xinst
Setting: ..\..\..\..\Material\Instances\10.Weighted30min Demand Gall\Dr\Weighted2.xsett
ControlConfig: ..\..\..\..\Material\Instances\10.Weighted30min Demand Gall\Dr\Weighted2.xconf
StatisticsDir: ..\..\..\..\Material\Instances\10.Weighted30min Demand Gall\Dr
Seed: 2
Additionally the following tag was passed: 1, 1.021818181818182, 1.0, 0.201, 0.195, 1.0
Adding handler for unhandled exceptions ...
Initializing ... 
Instance recognized!
Parsing setting config ...
Parsing control config ...
Parsing instance ...
StatisticsFolder: Weighted2-Dr_[[1, 1.021818181818182, 1.0]]_3_[0.201, 0.195, 1.0].csv-2
Done!
