Executing ... 
 19:27:12 | >>> Warming up ...
 00:00:00 | >>> Warmup finished - starting simulation ...
 Realtime |   ETA    |  Sim.Time  | Progress | #Orders | #Bundles | Inv. | Distance | #Coll. |   Memory    
 00:00:00 |   n/a    | 0.00:00:00 |  0.00%   |    0    |    0     | 60%  |    0     |   0    | 143.35MB  
 00:00:00 | Cannot generate further orders - suspending generation for now
 00:00:00 | Cannot generate further orders - suspending generation for now
 00:00:00 | Cannot generate further orders - suspending generation for now
 00:00:00 | Cannot generate further orders - suspending generation for now
 00:00:00 | Cannot generate further orders - suspending generation for now
 00:00:00 | Cannot generate further orders - suspending generation for now
 00:00:00 | Cannot generate further orders - suspending generation for now
 00:00:00 | Cannot generate further orders - suspending generation for now
 00:00:00 | 00:00:00 | 0.00:30:00 | 100.00%  |   456   |    0     | 17%  |   5200   |   0    | 138.54MB  
 00:00:00 | >>> Simulation finished - writing results ...
 00:00:00 | >>> Results written
Simulation finished.
>>> Timings
StatTimingPathPlanningAverage: 8.373780193236715E-05
StatTimingPathPlanningOverall: 0.0693349
StatTimingPathPlanningCount: 828
StatTimingTaskAllocationAverage: 0.0016981518867924524
StatTimingTaskAllocationOverall: 0.3600081999999999
StatTimingTaskAllocationCount: 212
StatTimingItemStorageAverage: 9.030303030303078E-07
StatTimingItemStorageOverall: 0.0006258000000000033
StatTimingItemStorageCount: 693
StatTimingPodStorageAverage: 0.0014631217821782178
StatTimingPodStorageOverall: 0.1477753
StatTimingPodStorageCount: 101
StatTimingReplenishmentBatchingAverage: 7.25E-06
StatTimingReplenishmentBatchingOverall: 1.45E-05
StatTimingReplenishmentBatchingCount: 2
StatTimingOrderBatchingAverage: 8.12769331585846E-05
StatTimingOrderBatchingOverall: 0.06201430000000004
StatTimingOrderBatchingCount: 763
>>> Overall
StatOverallBundlesPlaced: 0
StatOverallItemsOrdered: 664
StatOverallOrdersPlaced: 422
StatOverallBundlesRejected: 0
StatOverallOrdersRejected: 0
StatOverallBundlesHandled: 0
StatOverallItemsHandled: 710
StatOverallLinesHandled: 667
StatOverallOrdersHandled: 456
StatOverallCollisions: 0
StatOverallDistanceTraveled: 5199.576125500838
StatOverallDistanceEstimated: 5066
StatOverallAssignedTasks: 212
StatMaxMemoryUsed: 143,3515625
StatRealTimeUsed: 0.924755
StatAverageTurnoverTime: 483.29976418985524
StatMedianTurnoverTime: 357.934899015665
StatLowerQuartileTurnoverTime: 153.6796320272702
StatUpperQuartileTurnoverTime: 737.6207503313113
StatAverageThroughputTime: 92.58794473418826
StatMedianThroughputTime: 21.01388888888914
StatLowerQuartileThroughputTime: 16.053333333333512
StatUpperQuartileThroughputTime: 79.07064934696844

Marked tag finished after 1 tries!
.Fin. - SUCCESS
<<< Welcome to the RAWSimO CLI >>>
The time is: 06/25/2024 19:27:13
Starting RAWSimO wrapper with the following arguments:
Instance: ..\..\..\..\Material\Instances\10.Weighted30min Demand Gall\Dr\Weighted2.xinst
Setting: ..\..\..\..\Material\Instances\10.Weighted30min Demand Gall\Dr\Weighted2.xsett
ControlConfig: ..\..\..\..\Material\Instances\10.Weighted30min Demand Gall\Dr\Weighted2.xconf
StatisticsDir: ..\..\..\..\Material\Instances\10.Weighted30min Demand Gall\Dr
Seed: 2
Additionally the following tag was passed: 1, 1.1663636363636365, 1.0, 0.207, 0.176, 1.0
Adding handler for unhandled exceptions ...
Initializing ... 
Instance recognized!
Parsing setting config ...
Parsing control config ...
Parsing instance ...
StatisticsFolder: Weighted2-Dr_[[1, 1.1663636363636365, 1.0]]_2_[0.207, 0.176, 1.0].csv-2
Done!
