Executing ... 
 16:21:16 | >>> Warming up ...
 00:00:00 | >>> Warmup finished - starting simulation ...
 Realtime |   ETA    |  Sim.Time  | Progress | #Orders | #Bundles | Inv. | Distance | #Coll. |   Memory    
 00:00:00 |   n/a    | 0.00:00:00 |  0.00%   |    0    |    0     | 60%  |    0     |   0    |  92.31MB  
 00:00:01 | Cannot generate further orders - suspending generation for now
 00:00:01 | Cannot generate further orders - suspending generation for now
 00:00:01 | Cannot generate further orders - suspending generation for now
 00:00:01 | Cannot generate further orders - suspending generation for now
 00:00:01 | Cannot generate further orders - suspending generation for now
 00:00:01 | Cannot generate further orders - suspending generation for now
 00:00:01 | Cannot generate further orders - suspending generation for now
 00:00:01 | Cannot generate further orders - suspending generation for now
 00:00:01 | Cannot generate further orders - suspending generation for now
 00:00:01 | Cannot generate further orders - suspending generation for now
 00:00:01 | 00:00:00 | 0.00:30:00 | 100.00%  |   495   |    0     | 14%  |   4987   |   0    |  87.96MB  
 00:00:01 | >>> Simulation finished - writing results ...
 00:00:01 | >>> Results written
Simulation finished.
>>> Timings
StatTimingPathPlanningAverage: 0.0001252175126903554
StatTimingPathPlanningOverall: 0.09867140000000006
StatTimingPathPlanningCount: 788
StatTimingTaskAllocationAverage: 0.0024713700000000014
StatTimingTaskAllocationOverall: 0.5189877000000003
StatTimingTaskAllocationCount: 210
StatTimingItemStorageAverage: 1.3453315290933684E-06
StatTimingItemStorageOverall: 0.0009941999999999993
StatTimingItemStorageCount: 739
StatTimingPodStorageAverage: 0.0021211811881188124
StatTimingPodStorageOverall: 0.21423930000000005
StatTimingPodStorageCount: 101
StatTimingReplenishmentBatchingAverage: 8.25E-06
StatTimingReplenishmentBatchingOverall: 1.65E-05
StatTimingReplenishmentBatchingCount: 2
StatTimingOrderBatchingAverage: 0.0001304225974025974
StatTimingOrderBatchingOverall: 0.1004254
StatTimingOrderBatchingCount: 770
>>> Overall
StatOverallBundlesPlaced: 0
StatOverallItemsOrdered: 664
StatOverallOrdersPlaced: 415
StatOverallBundlesRejected: 0
StatOverallOrdersRejected: 0
StatOverallBundlesHandled: 0
StatOverallItemsHandled: 771
StatOverallLinesHandled: 731
StatOverallOrdersHandled: 495
StatOverallCollisions: 0
StatOverallDistanceTraveled: 4987.08066822573
StatOverallDistanceEstimated: 4879
StatOverallAssignedTasks: 210
StatMaxMemoryUsed: 92,46875
StatRealTimeUsed: 1.3044236
StatAverageTurnoverTime: 477.25502936509884
StatMedianTurnoverTime: 361.8835209161587
StatLowerQuartileTurnoverTime: 166.2189176605783
StatUpperQuartileTurnoverTime: 703.782229415144
StatAverageThroughputTime: 94.914753894439
StatMedianThroughputTime: 24.162323206556607
StatLowerQuartileThroughputTime: 15.912871569190656
StatUpperQuartileThroughputTime: 83.28666666666669

Marked tag finished after 1 tries!
.Fin. - SUCCESS
<<< Welcome to the RAWSimO CLI >>>
The time is: 06/21/2024 16:21:18
Starting RAWSimO wrapper with the following arguments:
Instance: ..\..\..\..\Material\Instances\01.Weighted30min Demand Gall\Dr\Weighted2.xinst
Setting: ..\..\..\..\Material\Instances\01.Weighted30min Demand Gall\Dr\Weighted2.xsett
ControlConfig: ..\..\..\..\Material\Instances\01.Weighted30min Demand Gall\Dr\Weighted2.xconf
StatisticsDir: ..\..\..\..\Material\Instances\01.Weighted30min Demand Gall\Dr
Seed: 1
Additionally the following tag was passed: 1, 0.6914285714285715, 1.0, 0.182, 0.262, 1.0
Adding handler for unhandled exceptions ...
Initializing ... 
Instance recognized!
Parsing setting config ...
Parsing control config ...
Parsing instance ...
StatisticsFolder: Weighted2-Dr_[[1, 0.6914285714285715, 1.0]]_2_[0.182, 0.262, 1.0].csv-1
Done!
