Executing ... 
 09:55:50 | >>> Warming up ...
 00:00:00 | >>> Warmup finished - starting simulation ...
 Realtime |   ETA    |  Sim.Time  | Progress | #Orders | #Bundles | Inv. | Distance | #Coll. |   Memory    
 00:00:00 |   n/a    | 0.00:00:00 |  0.00%   |    0    |    0     | 60%  |    0     |   0    | 108.59MB  
 00:00:01 | Cannot generate further orders - suspending generation for now
 00:00:02 | Cannot generate further orders - suspending generation for now
 00:00:02 | Cannot generate further orders - suspending generation for now
 00:00:02 | Cannot generate further orders - suspending generation for now
 00:00:02 | Cannot generate further orders - suspending generation for now
 00:00:02 | Cannot generate further orders - suspending generation for now
 00:00:02 | Cannot generate further orders - suspending generation for now
 00:00:02 | Cannot generate further orders - suspending generation for now
 00:00:02 | Cannot generate further orders - suspending generation for now
 00:00:02 | Cannot generate further orders - suspending generation for now
 00:00:02 | 00:00:00 | 0.00:30:00 | 100.00%  |   467   |    0     | 16%  |   5075   |   0    | 104.14MB  
 00:00:02 | >>> Simulation finished - writing results ...
 00:00:02 | >>> Results written
Simulation finished.
>>> Timings
StatTimingPathPlanningAverage: 0.0002518997635933808
StatTimingPathPlanningOverall: 0.21310720000000016
StatTimingPathPlanningCount: 846
StatTimingTaskAllocationAverage: 0.004703021698113206
StatTimingTaskAllocationOverall: 0.9970405999999997
StatTimingTaskAllocationCount: 212
StatTimingItemStorageAverage: 3.112265512265514E-06
StatTimingItemStorageOverall: 0.0021568000000000013
StatTimingItemStorageCount: 693
StatTimingPodStorageAverage: 0.004093653465346534
StatTimingPodStorageOverall: 0.4134589999999999
StatTimingPodStorageCount: 101
StatTimingReplenishmentBatchingAverage: 9.2E-06
StatTimingReplenishmentBatchingOverall: 1.84E-05
StatTimingReplenishmentBatchingCount: 2
StatTimingOrderBatchingAverage: 0.00028287024128686327
StatTimingOrderBatchingOverall: 0.21102120000000002
StatTimingOrderBatchingCount: 746
>>> Overall
StatOverallBundlesPlaced: 0
StatOverallItemsOrdered: 653
StatOverallOrdersPlaced: 409
StatOverallBundlesRejected: 0
StatOverallOrdersRejected: 0
StatOverallBundlesHandled: 0
StatOverallItemsHandled: 724
StatOverallLinesHandled: 683
StatOverallOrdersHandled: 467
StatOverallCollisions: 0
StatOverallDistanceTraveled: 5075.144176861457
StatOverallDistanceEstimated: 4905
StatOverallAssignedTasks: 212
StatMaxMemoryUsed: 108,55859375
StatRealTimeUsed: 2.5292572
StatAverageTurnoverTime: 466.8117892180732
StatMedianTurnoverTime: 313.7187735187118
StatLowerQuartileTurnoverTime: 161.00111830403296
StatUpperQuartileTurnoverTime: 643.6904545712222
StatAverageThroughputTime: 105.63596307010756
StatMedianThroughputTime: 24.428982680302056
StatLowerQuartileThroughputTime: 16.333888888889305
StatUpperQuartileThroughputTime: 97.57917026312765

Marked tag finished after 1 tries!
.Fin. - SUCCESS
<<< Welcome to the RAWSimO CLI >>>
The time is: 06/13/2024 09:55:53
Starting RAWSimO wrapper with the following arguments:
Instance: ..\..\..\..\Material\Instances\0.Weighted30min Demand separate\Dd\Weighted2.xinst
Setting: ..\..\..\..\Material\Instances\0.Weighted30min Demand separate\Dd\Weighted2.xsett
ControlConfig: ..\..\..\..\Material\Instances\0.Weighted30min Demand separate\Dd\Weighted2.xconf
StatisticsDir: ..\..\..\..\Material\Instances\0.Weighted30min Demand separate\Dd
Seed: 1
Additionally the following tag was passed: 1, 0.346, 0.05, 0.139, 0.408, 1.0
Adding handler for unhandled exceptions ...
Initializing ... 
Instance recognized!
Parsing setting config ...
Parsing control config ...
Parsing instance ...
StatisticsFolder: Weighted2-Dd_[[1, 0.346, 0.05]]_1_[0.139, 0.408, 1.0].csv-1
Done!
