Executing ... 
 16:47:59 | >>> Warming up ...
 00:00:00 | >>> Warmup finished - starting simulation ...
 Realtime |   ETA    |  Sim.Time  | Progress | #Orders | #Bundles | Inv. | Distance | #Coll. |   Memory    
 00:00:00 |   n/a    | 0.00:00:00 |  0.00%   |    0    |    0     | 60%  |    0     |   0    |  73.30MB  
 00:00:00 | Cannot generate further orders - suspending generation for now
 00:00:00 | Cannot generate further orders - suspending generation for now
 00:00:00 | Cannot generate further orders - suspending generation for now
 00:00:00 | Cannot generate further orders - suspending generation for now
 00:00:00 | Cannot generate further orders - suspending generation for now
 00:00:00 | Cannot generate further orders - suspending generation for now
 00:00:00 | Cannot generate further orders - suspending generation for now
 00:00:01 | Cannot generate further orders - suspending generation for now
 00:00:01 | 00:00:00 | 0.00:30:00 | 100.00%  |   466   |    0     | 17%  |   5238   |   0    |  72.54MB  
 00:00:01 | >>> Simulation finished - writing results ...
 00:00:01 | >>> Results written
Simulation finished.
>>> Timings
StatTimingPathPlanningAverage: 8.222943262411351E-05
StatTimingPathPlanningOverall: 0.06956610000000003
StatTimingPathPlanningCount: 846
StatTimingTaskAllocationAverage: 0.0016917412556053796
StatTimingTaskAllocationOverall: 0.37725829999999966
StatTimingTaskAllocationCount: 223
StatTimingItemStorageAverage: 9.748211731044347E-07
StatTimingItemStorageOverall: 0.0006813999999999999
StatTimingItemStorageCount: 699
StatTimingPodStorageAverage: 0.0013920383177570097
StatTimingPodStorageOverall: 0.14894810000000003
StatTimingPodStorageCount: 107
StatTimingReplenishmentBatchingAverage: 9.2E-06
StatTimingReplenishmentBatchingOverall: 1.84E-05
StatTimingReplenishmentBatchingCount: 2
StatTimingOrderBatchingAverage: 0.00011954599211563732
StatTimingOrderBatchingOverall: 0.0909745
StatTimingOrderBatchingCount: 761
>>> Overall
StatOverallBundlesPlaced: 0
StatOverallItemsOrdered: 664
StatOverallOrdersPlaced: 433
StatOverallBundlesRejected: 0
StatOverallOrdersRejected: 0
StatOverallBundlesHandled: 0
StatOverallItemsHandled: 718
StatOverallLinesHandled: 679
StatOverallOrdersHandled: 466
StatOverallCollisions: 0
StatOverallDistanceTraveled: 5237.602770584832
StatOverallDistanceEstimated: 5050
StatOverallAssignedTasks: 223
StatMaxMemoryUsed: 73,30078125
StatRealTimeUsed: 1.0189688
StatAverageTurnoverTime: 450.50930758896754
StatMedianTurnoverTime: 343.61852091615896
StatLowerQuartileTurnoverTime: 145.23620490252597
StatUpperQuartileTurnoverTime: 653.4498196100964
StatAverageThroughputTime: 94.26531211822945
StatMedianThroughputTime: 24.474444444444316
StatLowerQuartileThroughputTime: 15.988982680301746
StatUpperQuartileThroughputTime: 83.85666666666634

Marked tag finished after 1 tries!
.Fin. - SUCCESS
<<< Welcome to the RAWSimO CLI >>>
The time is: 06/03/2024 16:48:01
Starting RAWSimO wrapper with the following arguments:
Instance: ..\..\..\..\Material\Instances\0.Weighted30min\Weighted2.xinst
Setting: ..\..\..\..\Material\Instances\0.Weighted30min\Weighted2.xsett
ControlConfig: ..\..\..\..\Material\Instances\0.Weighted30min\Weighted2.xconf
StatisticsDir: ..\..\..\..\Material\Instances\0.Weighted30min
Seed: 1
Additionally the following tag was passed: Dbwlow
Adding handler for unhandled exceptions ...
Initializing ... 
Instance recognized!
Parsing setting config ...
Parsing control config ...
Parsing instance ...
StatisticsFolder: Weighted2-Db_wlow_1.csv-1
Done!
