Executing ... 
 09:58:16 | >>> Warming up ...
 00:00:00 | >>> Warmup finished - starting simulation ...
 Realtime |   ETA    |  Sim.Time  | Progress | #Orders | #Bundles | Inv. | Distance | #Coll. |   Memory    
 00:00:00 |   n/a    | 0.00:00:00 |  0.00%   |    0    |    0     | 60%  |    0     |   0    | 107.78MB  
 00:00:00 | Cannot generate further orders - suspending generation for now
 00:00:00 | Cannot generate further orders - suspending generation for now
 00:00:00 | Cannot generate further orders - suspending generation for now
 00:00:00 | Cannot generate further orders - suspending generation for now
 00:00:00 | Cannot generate further orders - suspending generation for now
 00:00:01 | Cannot generate further orders - suspending generation for now
 00:00:01 | Cannot generate further orders - suspending generation for now
 00:00:01 | Cannot generate further orders - suspending generation for now
 00:00:01 | Cannot generate further orders - suspending generation for now
 00:00:01 | Cannot generate further orders - suspending generation for now
 00:00:01 | 00:00:00 | 0.00:30:00 | 100.00%  |   491   |    0     | 15%  |   5100   |   0    | 104.03MB  
 00:00:01 | >>> Simulation finished - writing results ...
 00:00:01 | >>> Results written
Simulation finished.
>>> Timings
StatTimingPathPlanningAverage: 9.991224242424241E-05
StatTimingPathPlanningOverall: 0.08242759999999999
StatTimingPathPlanningCount: 825
StatTimingTaskAllocationAverage: 0.0020296019323671494
StatTimingTaskAllocationOverall: 0.42012759999999993
StatTimingTaskAllocationCount: 207
StatTimingItemStorageAverage: 1.006166219839145E-06
StatTimingItemStorageOverall: 0.0007506000000000021
StatTimingItemStorageCount: 746
StatTimingPodStorageAverage: 0.0017145889999999986
StatTimingPodStorageOverall: 0.17145889999999986
StatTimingPodStorageCount: 100
StatTimingReplenishmentBatchingAverage: 7.5E-06
StatTimingReplenishmentBatchingOverall: 1.5E-05
StatTimingReplenishmentBatchingCount: 2
StatTimingOrderBatchingAverage: 0.00011061156211562124
StatTimingOrderBatchingOverall: 0.08992720000000007
StatTimingOrderBatchingCount: 813
>>> Overall
StatOverallBundlesPlaced: 0
StatOverallItemsOrdered: 667
StatOverallOrdersPlaced: 425
StatOverallBundlesRejected: 0
StatOverallOrdersRejected: 0
StatOverallBundlesHandled: 0
StatOverallItemsHandled: 754
StatOverallLinesHandled: 712
StatOverallOrdersHandled: 491
StatOverallCollisions: 0
StatOverallDistanceTraveled: 5099.690949877917
StatOverallDistanceEstimated: 4928
StatOverallAssignedTasks: 207
StatMaxMemoryUsed: 108,36328125
StatRealTimeUsed: 1.1159669
StatAverageTurnoverTime: 427.7837219142
StatMedianTurnoverTime: 295.7034271247461
StatLowerQuartileTurnoverTime: 118.26240980504805
StatUpperQuartileTurnoverTime: 606.5353751656507
StatAverageThroughputTime: 89.08418632045422
StatMedianThroughputTime: 21.197590194952568
StatLowerQuartileThroughputTime: 12.968239541920639
StatUpperQuartileThroughputTime: 77.3054617641435

Marked tag finished after 1 tries!
.Fin. - SUCCESS
<<< Welcome to the RAWSimO CLI >>>
The time is: 06/13/2024 09:58:17
Starting RAWSimO wrapper with the following arguments:
Instance: ..\..\..\..\Material\Instances\0.Weighted30min Demand separate\Dd\Weighted2.xinst
Setting: ..\..\..\..\Material\Instances\0.Weighted30min Demand separate\Dd\Weighted2.xsett
ControlConfig: ..\..\..\..\Material\Instances\0.Weighted30min Demand separate\Dd\Weighted2.xconf
StatisticsDir: ..\..\..\..\Material\Instances\0.Weighted30min Demand separate\Dd
Seed: 2
Additionally the following tag was passed: 1, 0.642, 0.54, 0.2, 0.333, 0.5
Adding handler for unhandled exceptions ...
Initializing ... 
Instance recognized!
Parsing setting config ...
Parsing control config ...
Parsing instance ...
StatisticsFolder: Weighted2-Dd_[[1, 0.642, 0.54]]_2_[0.2, 0.333, 0.5].csv-2
Done!
