Executing ... 
 09:37:37 | >>> Warming up ...
 00:00:00 | >>> Warmup finished - starting simulation ...
 Realtime |   ETA    |  Sim.Time  | Progress | #Orders | #Bundles | Inv. | Distance | #Coll. |   Memory    
 00:00:00 |   n/a    | 0.00:00:00 |  0.00%   |    0    |    0     | 60%  |    0     |   0    |  82.21MB  
 00:00:00 | Cannot generate further orders - suspending generation for now
 00:00:00 | Cannot generate further orders - suspending generation for now
 00:00:00 | Cannot generate further orders - suspending generation for now
 00:00:00 | Cannot generate further orders - suspending generation for now
 00:00:01 | Cannot generate further orders - suspending generation for now
 00:00:01 | Cannot generate further orders - suspending generation for now
 00:00:01 | Cannot generate further orders - suspending generation for now
 00:00:01 | Cannot generate further orders - suspending generation for now
 00:00:01 | Cannot generate further orders - suspending generation for now
 00:00:01 | 00:00:00 | 0.00:30:00 | 100.00%  |   479   |    0     | 16%  |   4927   |   0    |  78.83MB  
 00:00:01 | >>> Simulation finished - writing results ...
 00:00:01 | >>> Results written
Simulation finished.
>>> Timings
StatTimingPathPlanningAverage: 9.078838071693439E-05
StatTimingPathPlanningOverall: 0.07344779999999992
StatTimingPathPlanningCount: 809
StatTimingTaskAllocationAverage: 0.0018855153846153848
StatTimingTaskAllocationOverall: 0.41669890000000004
StatTimingTaskAllocationCount: 221
StatTimingItemStorageAverage: 9.797432239657657E-07
StatTimingItemStorageOverall: 0.0006868000000000017
StatTimingItemStorageCount: 701
StatTimingPodStorageAverage: 0.0016938339622641519
StatTimingPodStorageOverall: 0.1795464000000001
StatTimingPodStorageCount: 106
StatTimingReplenishmentBatchingAverage: 8E-06
StatTimingReplenishmentBatchingOverall: 1.6E-05
StatTimingReplenishmentBatchingCount: 2
StatTimingOrderBatchingAverage: 0.00011683102998696219
StatTimingOrderBatchingOverall: 0.0896094
StatTimingOrderBatchingCount: 767
>>> Overall
StatOverallBundlesPlaced: 0
StatOverallItemsOrdered: 667
StatOverallOrdersPlaced: 421
StatOverallBundlesRejected: 0
StatOverallOrdersRejected: 0
StatOverallBundlesHandled: 0
StatOverallItemsHandled: 738
StatOverallLinesHandled: 698
StatOverallOrdersHandled: 479
StatOverallCollisions: 0
StatOverallDistanceTraveled: 4927.1733398334
StatOverallDistanceEstimated: 4884
StatOverallAssignedTasks: 221
StatMaxMemoryUsed: 82,96484375
StatRealTimeUsed: 1.1310439
StatAverageTurnoverTime: 434.6536540147139
StatMedianTurnoverTime: 265.1242640545431
StatLowerQuartileTurnoverTime: 113.65676045807966
StatUpperQuartileTurnoverTime: 637.0523160136352
StatAverageThroughputTime: 94.25093129279547
StatMedianThroughputTime: 22.18166666666548
StatLowerQuartileThroughputTime: 16.181666666666615
StatUpperQuartileThroughputTime: 71.01777777777761

Marked tag finished after 1 tries!
.Fin. - SUCCESS
<<< Welcome to the RAWSimO CLI >>>
The time is: 06/13/2024 09:37:38
Starting RAWSimO wrapper with the following arguments:
Instance: ..\..\..\..\Material\Instances\0.Weighted30min Demand separate\Da\Weighted2.xinst
Setting: ..\..\..\..\Material\Instances\0.Weighted30min Demand separate\Da\Weighted2.xsett
ControlConfig: ..\..\..\..\Material\Instances\0.Weighted30min Demand separate\Da\Weighted2.xconf
StatisticsDir: ..\..\..\..\Material\Instances\0.Weighted30min Demand separate\Da
Seed: 2
Additionally the following tag was passed: 1, 10.0, 0.052, 0.095, 0.12, 0.541
Adding handler for unhandled exceptions ...
Initializing ... 
Instance recognized!
Parsing setting config ...
Parsing control config ...
Parsing instance ...
StatisticsFolder: Weighted2-Da_[[1, 10.0, 0.052]]_2_[0.095, 0.12, 0.541].csv-2
Done!
