Executing ... 
 21:28:42 | >>> Warming up ...
 00:00:00 | >>> Warmup finished - starting simulation ...
 Realtime |   ETA    |  Sim.Time  | Progress | #Orders | #Bundles | Inv. | Distance | #Coll. |   Memory    
 00:00:00 |   n/a    | 0.00:00:00 |  0.00%   |    0    |    0     | 60%  |    0     |   0    |  88.28MB  
 00:00:00 | Cannot generate further orders - suspending generation for now
 00:00:00 | Cannot generate further orders - suspending generation for now
 00:00:01 | Cannot generate further orders - suspending generation for now
 00:00:01 | Cannot generate further orders - suspending generation for now
 00:00:01 | Cannot generate further orders - suspending generation for now
 00:00:01 | Cannot generate further orders - suspending generation for now
 00:00:01 | Cannot generate further orders - suspending generation for now
 00:00:01 | Cannot generate further orders - suspending generation for now
 00:00:01 | Cannot generate further orders - suspending generation for now
 00:00:01 | 00:00:00 | 0.00:30:00 | 100.00%  |   474   |    0     | 17%  |   5240   |   0    |  84.33MB  
 00:00:01 | >>> Simulation finished - writing results ...
 00:00:01 | >>> Results written
Simulation finished.
>>> Timings
StatTimingPathPlanningAverage: 0.00010581604215456683
StatTimingPathPlanningOverall: 0.09036690000000007
StatTimingPathPlanningCount: 854
StatTimingTaskAllocationAverage: 0.001990675700934579
StatTimingTaskAllocationOverall: 0.4260045999999999
StatTimingTaskAllocationCount: 214
StatTimingItemStorageAverage: 1.1696581196581213E-06
StatTimingItemStorageOverall: 0.0008211000000000011
StatTimingItemStorageCount: 702
StatTimingPodStorageAverage: 0.0016519586538461537
StatTimingPodStorageOverall: 0.17180369999999998
StatTimingPodStorageCount: 104
StatTimingReplenishmentBatchingAverage: 1.18E-05
StatTimingReplenishmentBatchingOverall: 2.36E-05
StatTimingReplenishmentBatchingCount: 2
StatTimingOrderBatchingAverage: 0.00010992333767926984
StatTimingOrderBatchingOverall: 0.08431119999999996
StatTimingOrderBatchingCount: 767
>>> Overall
StatOverallBundlesPlaced: 0
StatOverallItemsOrdered: 657
StatOverallOrdersPlaced: 411
StatOverallBundlesRejected: 0
StatOverallOrdersRejected: 0
StatOverallBundlesHandled: 0
StatOverallItemsHandled: 722
StatOverallLinesHandled: 684
StatOverallOrdersHandled: 474
StatOverallCollisions: 0
StatOverallDistanceTraveled: 5240.239705119628
StatOverallDistanceEstimated: 5088
StatOverallAssignedTasks: 214
StatMaxMemoryUsed: 88,77734375
StatRealTimeUsed: 1.1932563
StatAverageTurnoverTime: 446.0925170146167
StatMedianTurnoverTime: 320.07250359646537
StatLowerQuartileTurnoverTime: 118.52777777777757
StatUpperQuartileTurnoverTime: 626.1634271247507
StatAverageThroughputTime: 91.27697611976619
StatMedianThroughputTime: 20.884444444444398
StatLowerQuartileThroughputTime: 12.825555555555582
StatUpperQuartileThroughputTime: 79.16111111111059

Marked tag finished after 1 tries!
.Fin. - SUCCESS
<<< Welcome to the RAWSimO CLI >>>
The time is: 06/12/2024 21:28:43
Starting RAWSimO wrapper with the following arguments:
Instance: ..\..\..\..\Material\Instances\0.Weighted30min Demand separate\Da\Weighted2.xinst
Setting: ..\..\..\..\Material\Instances\0.Weighted30min Demand separate\Da\Weighted2.xsett
ControlConfig: ..\..\..\..\Material\Instances\0.Weighted30min Demand separate\Da\Weighted2.xconf
StatisticsDir: ..\..\..\..\Material\Instances\0.Weighted30min Demand separate\Da
Seed: 4
Additionally the following tag was passed: 1, 2.539, 0.5455, 0.198, 0.1, 0.359
Adding handler for unhandled exceptions ...
Initializing ... 
Instance recognized!
Parsing setting config ...
Parsing control config ...
Parsing instance ...
StatisticsFolder: Weighted2-Da_[[1, 2.539, 0.5455]]_2_[0.198, 0.1, 0.359].csv-4
Done!
