Executing ... 
 09:47:35 | >>> Warming up ...
 00:00:00 | >>> Warmup finished - starting simulation ...
 Realtime |   ETA    |  Sim.Time  | Progress | #Orders | #Bundles | Inv. | Distance | #Coll. |   Memory    
 00:00:00 |   n/a    | 0.00:00:00 |  0.00%   |    0    |    0     | 60%  |    0     |   0    | 114.26MB  
 00:00:00 | Cannot generate further orders - suspending generation for now
 00:00:00 | Cannot generate further orders - suspending generation for now
 00:00:00 | Cannot generate further orders - suspending generation for now
 00:00:00 | Cannot generate further orders - suspending generation for now
 00:00:00 | Cannot generate further orders - suspending generation for now
 00:00:01 | Cannot generate further orders - suspending generation for now
 00:00:01 | Cannot generate further orders - suspending generation for now
 00:00:01 | 00:00:00 | 0.00:30:00 | 100.00%  |   442   |    0     | 20%  |   5360   |   0    | 115.76MB  
 00:00:01 | >>> Simulation finished - writing results ...
 00:00:01 | >>> Results written
Simulation finished.
>>> Timings
StatTimingPathPlanningAverage: 9.494892412231025E-05
StatTimingPathPlanningOverall: 0.08383989999999995
StatTimingPathPlanningCount: 883
StatTimingTaskAllocationAverage: 0.0017439520547945207
StatTimingTaskAllocationOverall: 0.38192550000000003
StatTimingTaskAllocationCount: 219
StatTimingItemStorageAverage: 1.1461890243902443E-06
StatTimingItemStorageOverall: 0.0007519000000000002
StatTimingItemStorageCount: 656
StatTimingPodStorageAverage: 0.0015517836538461542
StatTimingPodStorageOverall: 0.16138550000000004
StatTimingPodStorageCount: 104
StatTimingReplenishmentBatchingAverage: 7.9E-06
StatTimingReplenishmentBatchingOverall: 1.58E-05
StatTimingReplenishmentBatchingCount: 2
StatTimingOrderBatchingAverage: 9.367529880478089E-05
StatTimingOrderBatchingOverall: 0.0705375
StatTimingOrderBatchingCount: 753
>>> Overall
StatOverallBundlesPlaced: 0
StatOverallItemsOrdered: 653
StatOverallOrdersPlaced: 413
StatOverallBundlesRejected: 0
StatOverallOrdersRejected: 0
StatOverallBundlesHandled: 0
StatOverallItemsHandled: 669
StatOverallLinesHandled: 629
StatOverallOrdersHandled: 442
StatOverallCollisions: 0
StatOverallDistanceTraveled: 5359.791950847873
StatOverallDistanceEstimated: 5218
StatOverallAssignedTasks: 219
StatMaxMemoryUsed: 115,76171875
StatRealTimeUsed: 1.0494299
StatAverageTurnoverTime: 473.292996019213
StatMedianTurnoverTime: 320.29341273890134
StatLowerQuartileTurnoverTime: 119.82398268030272
StatUpperQuartileTurnoverTime: 715.4261039181895
StatAverageThroughputTime: 100.92670091251642
StatMedianThroughputTime: 23.13388888888889
StatLowerQuartileThroughputTime: 16.044444444444423
StatUpperQuartileThroughputTime: 81.93296536060359

Marked tag finished after 1 tries!
.Fin. - SUCCESS
<<< Welcome to the RAWSimO CLI >>>
The time is: 06/13/2024 09:47:36
Starting RAWSimO wrapper with the following arguments:
Instance: ..\..\..\..\Material\Instances\0.Weighted30min Demand separate\Db\Weighted2.xinst
Setting: ..\..\..\..\Material\Instances\0.Weighted30min Demand separate\Db\Weighted2.xsett
ControlConfig: ..\..\..\..\Material\Instances\0.Weighted30min Demand separate\Db\Weighted2.xconf
StatisticsDir: ..\..\..\..\Material\Instances\0.Weighted30min Demand separate\Db
Seed: 2
Additionally the following tag was passed: 1, 1.295, 0.549, 0.222, 0.2, 0.408
Adding handler for unhandled exceptions ...
Initializing ... 
Instance recognized!
Parsing setting config ...
Parsing control config ...
Parsing instance ...
StatisticsFolder: Weighted2-Db_[[1, 1.295, 0.549]]_2_[0.222, 0.2, 0.408].csv-2
Done!
