Executing ... 
 10:02:29 | >>> Warming up ...
 00:00:00 | >>> Warmup finished - starting simulation ...
 Realtime |   ETA    |  Sim.Time  | Progress | #Orders | #Bundles | Inv. | Distance | #Coll. |   Memory    
 00:00:00 |   n/a    | 0.00:00:00 |  0.00%   |    0    |    0     | 60%  |    0     |   0    | 111.29MB  
 00:00:01 | Cannot generate further orders - suspending generation for now
 00:00:01 | Cannot generate further orders - suspending generation for now
 00:00:01 | Cannot generate further orders - suspending generation for now
 00:00:01 | Cannot generate further orders - suspending generation for now
 00:00:01 | Cannot generate further orders - suspending generation for now
 00:00:01 | Cannot generate further orders - suspending generation for now
 00:00:01 | Cannot generate further orders - suspending generation for now
 00:00:01 | Cannot generate further orders - suspending generation for now
 00:00:01 | Cannot generate further orders - suspending generation for now
 00:00:01 | Cannot generate further orders - suspending generation for now
 00:00:01 | Cannot generate further orders - suspending generation for now
 00:00:01 | 00:00:00 | 0.00:30:00 | 100.00%  |   501   |    0     | 13%  |   4798   |   0    | 106.76MB  
 00:00:01 | >>> Simulation finished - writing results ...
 00:00:01 | >>> Results written
Simulation finished.
>>> Timings
StatTimingPathPlanningAverage: 0.00013691824999999998
StatTimingPathPlanningOverall: 0.10953459999999998
StatTimingPathPlanningCount: 800
StatTimingTaskAllocationAverage: 0.0024108241206030156
StatTimingTaskAllocationOverall: 0.47975400000000007
StatTimingTaskAllocationCount: 199
StatTimingItemStorageAverage: 1.2569390402075188E-06
StatTimingItemStorageOverall: 0.0009690999999999969
StatTimingItemStorageCount: 771
StatTimingPodStorageAverage: 0.0022207757894736834
StatTimingPodStorageOverall: 0.21097369999999993
StatTimingPodStorageCount: 95
StatTimingReplenishmentBatchingAverage: 8.25E-06
StatTimingReplenishmentBatchingOverall: 1.65E-05
StatTimingReplenishmentBatchingCount: 2
StatTimingOrderBatchingAverage: 0.00011536240786240788
StatTimingOrderBatchingOverall: 0.09390500000000002
StatTimingOrderBatchingCount: 814
>>> Overall
StatOverallBundlesPlaced: 0
StatOverallItemsOrdered: 646
StatOverallOrdersPlaced: 410
StatOverallBundlesRejected: 0
StatOverallOrdersRejected: 0
StatOverallBundlesHandled: 0
StatOverallItemsHandled: 789
StatOverallLinesHandled: 747
StatOverallOrdersHandled: 501
StatOverallCollisions: 0
StatOverallDistanceTraveled: 4797.711333260508
StatOverallDistanceEstimated: 4636
StatOverallAssignedTasks: 199
StatMaxMemoryUsed: 111,29296875
StatRealTimeUsed: 1.272958
StatAverageTurnoverTime: 472.52583191293405
StatMedianTurnoverTime: 340.60777777777776
StatLowerQuartileTurnoverTime: 155.85851372323694
StatUpperQuartileTurnoverTime: 690.7450937914124
StatAverageThroughputTime: 98.47443519831579
StatMedianThroughputTime: 27.943982680305453
StatLowerQuartileThroughputTime: 16.751854249492453
StatUpperQuartileThroughputTime: 93.30453823585754

Marked tag finished after 1 tries!
.Fin. - SUCCESS
<<< Welcome to the RAWSimO CLI >>>
The time is: 06/13/2024 10:02:30
Starting RAWSimO wrapper with the following arguments:
Instance: ..\..\..\..\Material\Instances\0.Weighted30min Demand separate\Df\Weighted2.xinst
Setting: ..\..\..\..\Material\Instances\0.Weighted30min Demand separate\Df\Weighted2.xsett
ControlConfig: ..\..\..\..\Material\Instances\0.Weighted30min Demand separate\Df\Weighted2.xconf
StatisticsDir: ..\..\..\..\Material\Instances\0.Weighted30min Demand separate\Df
Seed: 2
Additionally the following tag was passed: 1, 0.38, 0.068, 0.182, 0.5, 1.0
Adding handler for unhandled exceptions ...
Initializing ... 
Instance recognized!
Parsing setting config ...
Parsing control config ...
Parsing instance ...
StatisticsFolder: Weighted2-Df_[[1, 0.38, 0.068]]_3_[0.182, 0.5, 1.0].csv-2
Done!
