Executing ... 
 19:27:06 | >>> Warming up ...
 00:00:00 | >>> Warmup finished - starting simulation ...
 Realtime |   ETA    |  Sim.Time  | Progress | #Orders | #Bundles | Inv. | Distance | #Coll. |   Memory    
 00:00:00 |   n/a    | 0.00:00:00 |  0.00%   |    0    |    0     | 60%  |    0     |   0    | 129.11MB  
 00:00:00 | Cannot generate further orders - suspending generation for now
 00:00:00 | Cannot generate further orders - suspending generation for now
 00:00:00 | Cannot generate further orders - suspending generation for now
 00:00:00 | Cannot generate further orders - suspending generation for now
 00:00:00 | Cannot generate further orders - suspending generation for now
 00:00:00 | Cannot generate further orders - suspending generation for now
 00:00:00 | Cannot generate further orders - suspending generation for now
 00:00:00 | Cannot generate further orders - suspending generation for now
 00:00:00 | Cannot generate further orders - suspending generation for now
 00:00:00 | 00:00:00 | 0.00:30:00 | 100.00%  |   489   |    0     | 16%  |   4953   |   0    | 128.21MB  
 00:00:00 | >>> Simulation finished - writing results ...
 00:00:00 | >>> Results written
Simulation finished.
>>> Timings
StatTimingPathPlanningAverage: 8.703838028169013E-05
StatTimingPathPlanningOverall: 0.07415669999999999
StatTimingPathPlanningCount: 852
StatTimingTaskAllocationAverage: 0.0015786580188679245
StatTimingTaskAllocationOverall: 0.3346755
StatTimingTaskAllocationCount: 212
StatTimingItemStorageAverage: 8.210674157303433E-07
StatTimingItemStorageOverall: 0.0005846000000000045
StatTimingItemStorageCount: 712
StatTimingPodStorageAverage: 0.0013667088235294106
StatTimingPodStorageOverall: 0.13940429999999987
StatTimingPodStorageCount: 102
StatTimingReplenishmentBatchingAverage: 7.45E-06
StatTimingReplenishmentBatchingOverall: 1.49E-05
StatTimingReplenishmentBatchingCount: 2
StatTimingOrderBatchingAverage: 0.00011216435768261964
StatTimingOrderBatchingOverall: 0.0890585
StatTimingOrderBatchingCount: 794
>>> Overall
StatOverallBundlesPlaced: 0
StatOverallItemsOrdered: 660
StatOverallOrdersPlaced: 426
StatOverallBundlesRejected: 0
StatOverallOrdersRejected: 0
StatOverallBundlesHandled: 0
StatOverallItemsHandled: 740
StatOverallLinesHandled: 698
StatOverallOrdersHandled: 489
StatOverallCollisions: 0
StatOverallDistanceTraveled: 4953.48083243135
StatOverallDistanceEstimated: 4879
StatOverallAssignedTasks: 212
StatMaxMemoryUsed: 129,11328125
StatRealTimeUsed: 0.8995066
StatAverageTurnoverTime: 449.07801040940524
StatMedianTurnoverTime: 317.0269480409052
StatLowerQuartileTurnoverTime: 119.55749640353918
StatUpperQuartileTurnoverTime: 648.5429581676827
StatAverageThroughputTime: 88.34631574247383
StatMedianThroughputTime: 20.556760458079452
StatLowerQuartileThroughputTime: 15.847777777777708
StatUpperQuartileThroughputTime: 79.04620490252478

Marked tag finished after 1 tries!
.Fin. - SUCCESS
<<< Welcome to the RAWSimO CLI >>>
The time is: 06/25/2024 19:27:07
Starting RAWSimO wrapper with the following arguments:
Instance: ..\..\..\..\Material\Instances\10.Weighted30min Demand Gall\Dr\Weighted2.xinst
Setting: ..\..\..\..\Material\Instances\10.Weighted30min Demand Gall\Dr\Weighted2.xsett
ControlConfig: ..\..\..\..\Material\Instances\10.Weighted30min Demand Gall\Dr\Weighted2.xconf
StatisticsDir: ..\..\..\..\Material\Instances\10.Weighted30min Demand Gall\Dr
Seed: 3
Additionally the following tag was passed: 1, 1.1663636363636365, 1.0, 0.207, 0.176, 1.0
Adding handler for unhandled exceptions ...
Initializing ... 
Instance recognized!
Parsing setting config ...
Parsing control config ...
Parsing instance ...
StatisticsFolder: Weighted2-Dr_[[1, 1.1663636363636365, 1.0]]_1_[0.207, 0.176, 1.0].csv-3
Done!
