Executing ... 
 21:30:41 | >>> Warming up ...
 00:00:00 | >>> Warmup finished - starting simulation ...
 Realtime |   ETA    |  Sim.Time  | Progress | #Orders | #Bundles | Inv. | Distance | #Coll. |   Memory    
 00:00:00 |   n/a    | 0.00:00:00 |  0.00%   |    0    |    0     | 60%  |    0     |   0    |  71.84MB  
 00:00:00 | Cannot generate further orders - suspending generation for now
 00:00:00 | Cannot generate further orders - suspending generation for now
 00:00:00 | Cannot generate further orders - suspending generation for now
 00:00:00 | Cannot generate further orders - suspending generation for now
 00:00:01 | Cannot generate further orders - suspending generation for now
 00:00:01 | Cannot generate further orders - suspending generation for now
 00:00:01 | Cannot generate further orders - suspending generation for now
 00:00:01 | 00:00:00 | 0.00:30:00 | 100.00%  |   479   |    0     | 16%  |   5154   |   0    |  72.66MB  
 00:00:01 | >>> Simulation finished - writing results ...
 00:00:01 | >>> Results written
Simulation finished.
>>> Timings
StatTimingPathPlanningAverage: 8.92528846153845E-05
StatTimingPathPlanningOverall: 0.0742583999999999
StatTimingPathPlanningCount: 832
StatTimingTaskAllocationAverage: 0.0019222228971962614
StatTimingTaskAllocationOverall: 0.41135569999999994
StatTimingTaskAllocationCount: 214
StatTimingItemStorageAverage: 1.105694444444446E-06
StatTimingItemStorageOverall: 0.0007961000000000011
StatTimingItemStorageCount: 720
StatTimingPodStorageAverage: 0.0017180313725490197
StatTimingPodStorageOverall: 0.1752392
StatTimingPodStorageCount: 102
StatTimingReplenishmentBatchingAverage: 9.25E-06
StatTimingReplenishmentBatchingOverall: 1.85E-05
StatTimingReplenishmentBatchingCount: 2
StatTimingOrderBatchingAverage: 9.492567901234576E-05
StatTimingOrderBatchingOverall: 0.07688980000000006
StatTimingOrderBatchingCount: 810
>>> Overall
StatOverallBundlesPlaced: 0
StatOverallItemsOrdered: 667
StatOverallOrdersPlaced: 429
StatOverallBundlesRejected: 0
StatOverallOrdersRejected: 0
StatOverallBundlesHandled: 0
StatOverallItemsHandled: 736
StatOverallLinesHandled: 696
StatOverallOrdersHandled: 479
StatOverallCollisions: 0
StatOverallDistanceTraveled: 5154.046235138111
StatOverallDistanceEstimated: 5037
StatOverallAssignedTasks: 214
StatMaxMemoryUsed: 72,66015625
StatRealTimeUsed: 1.0809075
StatAverageTurnoverTime: 472.314078253134
StatMedianTurnoverTime: 315.42443725152293
StatLowerQuartileTurnoverTime: 118.84361470757202
StatUpperQuartileTurnoverTime: 681.7045382358571
StatAverageThroughputTime: 100.43495145258643
StatMedianThroughputTime: 23.07944444444456
StatLowerQuartileThroughputTime: 16.176392485349666
StatUpperQuartileThroughputTime: 82.70657287525478

Marked tag finished after 1 tries!
.Fin. - SUCCESS
<<< Welcome to the RAWSimO CLI >>>
The time is: 06/12/2024 21:30:42
Starting RAWSimO wrapper with the following arguments:
Instance: ..\..\..\..\Material\Instances\0.Weighted30min Demand separate\Da\Weighted2.xinst
Setting: ..\..\..\..\Material\Instances\0.Weighted30min Demand separate\Da\Weighted2.xsett
ControlConfig: ..\..\..\..\Material\Instances\0.Weighted30min Demand separate\Da\Weighted2.xconf
StatisticsDir: ..\..\..\..\Material\Instances\0.Weighted30min Demand separate\Da
Seed: 3
Additionally the following tag was passed: 1, 7.513, 0.5455, 0.198, 0.1, 0.359
Adding handler for unhandled exceptions ...
Initializing ... 
Instance recognized!
Parsing setting config ...
Parsing control config ...
Parsing instance ...
StatisticsFolder: Weighted2-Da_[[1, 7.513, 0.5455]]_2_[0.198, 0.1, 0.359].csv-3
Done!
