Executing ... 
 09:57:27 | >>> Warming up ...
 00:00:00 | >>> Warmup finished - starting simulation ...
 Realtime |   ETA    |  Sim.Time  | Progress | #Orders | #Bundles | Inv. | Distance | #Coll. |   Memory    
 00:00:00 |   n/a    | 0.00:00:00 |  0.00%   |    0    |    0     | 60%  |    0     |   0    | 106.84MB  
 00:00:00 | Cannot generate further orders - suspending generation for now
 00:00:00 | Cannot generate further orders - suspending generation for now
 00:00:00 | Cannot generate further orders - suspending generation for now
 00:00:00 | Cannot generate further orders - suspending generation for now
 00:00:00 | Cannot generate further orders - suspending generation for now
 00:00:00 | Cannot generate further orders - suspending generation for now
 00:00:00 | Cannot generate further orders - suspending generation for now
 00:00:00 | Cannot generate further orders - suspending generation for now
 00:00:00 | Cannot generate further orders - suspending generation for now
 00:00:00 | 00:00:00 | 0.00:30:00 | 100.00%  |   479   |    0     | 16%  |   4956   |   0    | 104.57MB  
 00:00:00 | >>> Simulation finished - writing results ...
 00:00:01 | >>> Results written
Simulation finished.
>>> Timings
StatTimingPathPlanningAverage: 9.755227537922983E-05
StatTimingPathPlanningOverall: 0.08360229999999996
StatTimingPathPlanningCount: 857
StatTimingTaskAllocationAverage: 0.0016809393203883493
StatTimingTaskAllocationOverall: 0.34627349999999996
StatTimingTaskAllocationCount: 206
StatTimingItemStorageAverage: 8.819580419580452E-07
StatTimingItemStorageOverall: 0.0006306000000000023
StatTimingItemStorageCount: 715
StatTimingPodStorageAverage: 0.001430650505050505
StatTimingPodStorageOverall: 0.1416344
StatTimingPodStorageCount: 99
StatTimingReplenishmentBatchingAverage: 8.25E-06
StatTimingReplenishmentBatchingOverall: 1.65E-05
StatTimingReplenishmentBatchingCount: 2
StatTimingOrderBatchingAverage: 8.008881748071986E-05
StatTimingOrderBatchingOverall: 0.06230910000000005
StatTimingOrderBatchingCount: 778
>>> Overall
StatOverallBundlesPlaced: 0
StatOverallItemsOrdered: 643
StatOverallOrdersPlaced: 408
StatOverallBundlesRejected: 0
StatOverallOrdersRejected: 0
StatOverallBundlesHandled: 0
StatOverallItemsHandled: 735
StatOverallLinesHandled: 695
StatOverallOrdersHandled: 479
StatOverallCollisions: 0
StatOverallDistanceTraveled: 4955.893046089979
StatOverallDistanceEstimated: 4776
StatOverallAssignedTasks: 206
StatMaxMemoryUsed: 106,8359375
StatRealTimeUsed: 0.9632717
StatAverageTurnoverTime: 462.72597030915256
StatMedianTurnoverTime: 343.49869205282494
StatLowerQuartileTurnoverTime: 165.0539826803015
StatUpperQuartileTurnoverTime: 645.6257431383813
StatAverageThroughputTime: 98.4059629234924
StatMedianThroughputTime: 23.328888888889082
StatLowerQuartileThroughputTime: 16.23055555555584
StatUpperQuartileThroughputTime: 82.17898268030251

Marked tag finished after 1 tries!
.Fin. - SUCCESS
<<< Welcome to the RAWSimO CLI >>>
The time is: 06/13/2024 09:57:28
Starting RAWSimO wrapper with the following arguments:
Instance: ..\..\..\..\Material\Instances\0.Weighted30min Demand separate\Dd\Weighted2.xinst
Setting: ..\..\..\..\Material\Instances\0.Weighted30min Demand separate\Dd\Weighted2.xsett
ControlConfig: ..\..\..\..\Material\Instances\0.Weighted30min Demand separate\Dd\Weighted2.xconf
StatisticsDir: ..\..\..\..\Material\Instances\0.Weighted30min Demand separate\Dd
Seed: 2
Additionally the following tag was passed: 1, 0.49399999999999994, 0.54, 0.193, 0.383, 0.5
Adding handler for unhandled exceptions ...
Initializing ... 
Instance recognized!
Parsing setting config ...
Parsing control config ...
Parsing instance ...
StatisticsFolder: Weighted2-Dd_[[1, 0.49399999999999994, 0.54]]_1_[0.193, 0.383, 0.5].csv-2
Done!
