Executing ... 
 09:51:34 | >>> Warming up ...
 00:00:00 | >>> Warmup finished - starting simulation ...
 Realtime |   ETA    |  Sim.Time  | Progress | #Orders | #Bundles | Inv. | Distance | #Coll. |   Memory    
 00:00:00 |   n/a    | 0.00:00:00 |  0.00%   |    0    |    0     | 60%  |    0     |   0    | 134.04MB  
 00:00:00 | Cannot generate further orders - suspending generation for now
 00:00:00 | Cannot generate further orders - suspending generation for now
 00:00:01 | Cannot generate further orders - suspending generation for now
 00:00:01 | Cannot generate further orders - suspending generation for now
 00:00:01 | Cannot generate further orders - suspending generation for now
 00:00:01 | Cannot generate further orders - suspending generation for now
 00:00:01 | Cannot generate further orders - suspending generation for now
 00:00:01 | Cannot generate further orders - suspending generation for now
 00:00:01 | Cannot generate further orders - suspending generation for now
 00:00:01 | Cannot generate further orders - suspending generation for now
 00:00:01 | Cannot generate further orders - suspending generation for now
 00:00:01 | Cannot generate further orders - suspending generation for now
 00:00:01 | Cannot generate further orders - suspending generation for now
 00:00:01 | 00:00:00 | 0.00:30:00 | 100.00%  |   499   |    0     | 12%  |   4892   |   0    | 129.46MB  
 00:00:01 | >>> Simulation finished - writing results ...
 00:00:01 | >>> Results written
Simulation finished.
>>> Timings
StatTimingPathPlanningAverage: 0.00011108385012919903
StatTimingPathPlanningOverall: 0.08597890000000005
StatTimingPathPlanningCount: 774
StatTimingTaskAllocationAverage: 0.0027239783505154645
StatTimingTaskAllocationOverall: 0.5284518000000001
StatTimingTaskAllocationCount: 194
StatTimingItemStorageAverage: 1.1306226175349392E-06
StatTimingItemStorageOverall: 0.0008897999999999971
StatTimingItemStorageCount: 787
StatTimingPodStorageAverage: 0.002734480851063832
StatTimingPodStorageOverall: 0.2570412000000002
StatTimingPodStorageCount: 94
StatTimingReplenishmentBatchingAverage: 7.75E-06
StatTimingReplenishmentBatchingOverall: 1.55E-05
StatTimingReplenishmentBatchingCount: 2
StatTimingOrderBatchingAverage: 0.00011983675324675315
StatTimingOrderBatchingOverall: 0.09227429999999992
StatTimingOrderBatchingCount: 770
>>> Overall
StatOverallBundlesPlaced: 0
StatOverallItemsOrdered: 622
StatOverallOrdersPlaced: 388
StatOverallBundlesRejected: 0
StatOverallOrdersRejected: 0
StatOverallBundlesHandled: 0
StatOverallItemsHandled: 803
StatOverallLinesHandled: 763
StatOverallOrdersHandled: 499
StatOverallCollisions: 0
StatOverallDistanceTraveled: 4892.245381081828
StatOverallDistanceEstimated: 4783
StatOverallAssignedTasks: 194
StatMaxMemoryUsed: 134,04296875
StatRealTimeUsed: 1.2865131
StatAverageTurnoverTime: 467.92278647813157
StatMedianTurnoverTime: 308.332503596461
StatLowerQuartileTurnoverTime: 123.27963202727028
StatUpperQuartileTurnoverTime: 687.0961111111116
StatAverageThroughputTime: 87.78811715727609
StatMedianThroughputTime: 28.831572875253187
StatLowerQuartileThroughputTime: 19.947222222222194
StatUpperQuartileThroughputTime: 80.42417026312796

Marked tag finished after 1 tries!
.Fin. - SUCCESS
<<< Welcome to the RAWSimO CLI >>>
The time is: 06/13/2024 09:51:35
Starting RAWSimO wrapper with the following arguments:
Instance: ..\..\..\..\Material\Instances\0.Weighted30min Demand separate\Dc\Weighted2.xinst
Setting: ..\..\..\..\Material\Instances\0.Weighted30min Demand separate\Dc\Weighted2.xsett
ControlConfig: ..\..\..\..\Material\Instances\0.Weighted30min Demand separate\Dc\Weighted2.xconf
StatisticsDir: ..\..\..\..\Material\Instances\0.Weighted30min Demand separate\Dc
Seed: 1
Additionally the following tag was passed: 1, 3.6754, 0.7, 0.217, 0.143, 0.333
Adding handler for unhandled exceptions ...
Initializing ... 
Instance recognized!
Parsing setting config ...
Parsing control config ...
Parsing instance ...
StatisticsFolder: Weighted2-Dc_[[1, 3.6754, 0.7]]_2_[0.217, 0.143, 0.333].csv-1
Done!
