Executing ... 
 19:11:13 | >>> Warming up ...
 00:00:00 | >>> Warmup finished - starting simulation ...
 Realtime |   ETA    |  Sim.Time  | Progress | #Orders | #Bundles | Inv. | Distance | #Coll. |   Memory    
 00:00:00 |   n/a    | 0.00:00:00 |  0.00%   |    0    |    0     | 60%  |    0     |   0    | 111.01MB  
 00:00:00 | Cannot generate further orders - suspending generation for now
 00:00:01 | Cannot generate further orders - suspending generation for now
 00:00:01 | Cannot generate further orders - suspending generation for now
 00:00:01 | Cannot generate further orders - suspending generation for now
 00:00:01 | Cannot generate further orders - suspending generation for now
 00:00:01 | Cannot generate further orders - suspending generation for now
 00:00:01 | Cannot generate further orders - suspending generation for now
 00:00:01 | Cannot generate further orders - suspending generation for now
 00:00:01 | Cannot generate further orders - suspending generation for now
 00:00:01 | 00:00:00 | 0.00:30:00 | 100.00%  |   490   |    0     | 15%  |   5047   |   0    |  62.68MB  
 00:00:01 | >>> Simulation finished - writing results ...
 00:00:01 | >>> Results written
Simulation finished.
>>> Timings
StatTimingPathPlanningAverage: 0.00013617356725146177
StatTimingPathPlanningOverall: 0.11642839999999981
StatTimingPathPlanningCount: 855
StatTimingTaskAllocationAverage: 0.00228935
StatTimingTaskAllocationOverall: 0.4716061
StatTimingTaskAllocationCount: 206
StatTimingItemStorageAverage: 1.2687499999999995E-06
StatTimingItemStorageOverall: 0.0009337999999999996
StatTimingItemStorageCount: 736
StatTimingPodStorageAverage: 0.00170719292929293
StatTimingPodStorageOverall: 0.16901210000000008
StatTimingPodStorageCount: 99
StatTimingReplenishmentBatchingAverage: 8.35E-06
StatTimingReplenishmentBatchingOverall: 1.67E-05
StatTimingReplenishmentBatchingCount: 2
StatTimingOrderBatchingAverage: 0.00010154590163934437
StatTimingOrderBatchingOverall: 0.08052590000000008
StatTimingOrderBatchingCount: 793
>>> Overall
StatOverallBundlesPlaced: 0
StatOverallItemsOrdered: 667
StatOverallOrdersPlaced: 425
StatOverallBundlesRejected: 0
StatOverallOrdersRejected: 0
StatOverallBundlesHandled: 0
StatOverallItemsHandled: 752
StatOverallLinesHandled: 713
StatOverallOrdersHandled: 490
StatOverallCollisions: 0
StatOverallDistanceTraveled: 5046.803200035303
StatOverallDistanceEstimated: 4863
StatOverallAssignedTasks: 206
StatMaxMemoryUsed: 112,453125
StatRealTimeUsed: 1.2344861
StatAverageTurnoverTime: 482.7619109530751
StatMedianTurnoverTime: 320.402051085558
StatLowerQuartileTurnoverTime: 134.64740980504848
StatUpperQuartileTurnoverTime: 714.0252040289913
StatAverageThroughputTime: 82.87539449958412
StatMedianThroughputTime: 23.15553910939161
StatLowerQuartileThroughputTime: 12.739999999999782
StatUpperQuartileThroughputTime: 75.34083692979459

Marked tag finished after 1 tries!
.Fin. - SUCCESS
<<< Welcome to the RAWSimO CLI >>>
The time is: 06/12/2024 19:11:14
Starting RAWSimO wrapper with the following arguments:
Instance: ..\..\..\..\Material\Instances\0.Weighted30min Demand separate\Da\Weighted2.xinst
Setting: ..\..\..\..\Material\Instances\0.Weighted30min Demand separate\Da\Weighted2.xsett
ControlConfig: ..\..\..\..\Material\Instances\0.Weighted30min Demand separate\Da\Weighted2.xconf
StatisticsDir: ..\..\..\..\Material\Instances\0.Weighted30min Demand separate\Da
Seed: 2
Additionally the following tag was passed: [[1, 5.026, 0.052]]
Adding handler for unhandled exceptions ...
Initializing ... 
Instance recognized!
Parsing setting config ...
Parsing control config ...
Parsing instance ...
StatisticsFolder: Weighted2-Da_[[1, 5.026, 0.052]]_1.csv-2
Done!
