Executing ... 
 16:19:22 | >>> Warming up ...
 00:00:00 | >>> Warmup finished - starting simulation ...
 Realtime |   ETA    |  Sim.Time  | Progress | #Orders | #Bundles | Inv. | Distance | #Coll. |   Memory    
 00:00:00 |   n/a    | 0.00:00:00 |  0.00%   |    0    |    0     | 60%  |    0     |   0    |  87.87MB  
 00:00:00 | Cannot generate further orders - suspending generation for now
 00:00:00 | Cannot generate further orders - suspending generation for now
 00:00:00 | Cannot generate further orders - suspending generation for now
 00:00:00 | Cannot generate further orders - suspending generation for now
 00:00:00 | Cannot generate further orders - suspending generation for now
 00:00:01 | Cannot generate further orders - suspending generation for now
 00:00:01 | Cannot generate further orders - suspending generation for now
 00:00:01 | Cannot generate further orders - suspending generation for now
 00:00:01 | Cannot generate further orders - suspending generation for now
 00:00:01 | Cannot generate further orders - suspending generation for now
 00:00:01 | Cannot generate further orders - suspending generation for now
 00:00:01 | 00:00:00 | 0.00:30:00 | 100.00%  |   503   |    0     | 13%  |   5036   |   0    |  83.71MB  
 00:00:01 | >>> Simulation finished - writing results ...
 00:00:01 | >>> Results written
Simulation finished.
>>> Timings
StatTimingPathPlanningAverage: 0.00011552982885085581
StatTimingPathPlanningOverall: 0.09450340000000006
StatTimingPathPlanningCount: 818
StatTimingTaskAllocationAverage: 0.0022200190476190473
StatTimingTaskAllocationOverall: 0.4662039999999999
StatTimingTaskAllocationCount: 210
StatTimingItemStorageAverage: 1.1410666666666668E-06
StatTimingItemStorageOverall: 0.0008558000000000001
StatTimingItemStorageCount: 750
StatTimingPodStorageAverage: 0.0018453459999999997
StatTimingPodStorageOverall: 0.18453459999999997
StatTimingPodStorageCount: 100
StatTimingReplenishmentBatchingAverage: 1.36E-05
StatTimingReplenishmentBatchingOverall: 2.72E-05
StatTimingReplenishmentBatchingCount: 2
StatTimingOrderBatchingAverage: 0.00010951310259579732
StatTimingOrderBatchingOverall: 0.08859610000000002
StatTimingOrderBatchingCount: 809
>>> Overall
StatOverallBundlesPlaced: 0
StatOverallItemsOrdered: 665
StatOverallOrdersPlaced: 425
StatOverallBundlesRejected: 0
StatOverallOrdersRejected: 0
StatOverallBundlesHandled: 0
StatOverallItemsHandled: 777
StatOverallLinesHandled: 735
StatOverallOrdersHandled: 503
StatOverallCollisions: 0
StatOverallDistanceTraveled: 5036.111298151758
StatOverallDistanceEstimated: 4961
StatOverallAssignedTasks: 210
StatMaxMemoryUsed: 87,80078125
StatRealTimeUsed: 1.1637152
StatAverageTurnoverTime: 469.8177386542146
StatMedianTurnoverTime: 288.3096320272707
StatLowerQuartileTurnoverTime: 142.36944444444444
StatUpperQuartileTurnoverTime: 660.539170263128
StatAverageThroughputTime: 99.04590732493509
StatMedianThroughputTime: 28.21767679343975
StatLowerQuartileThroughputTime: 16.637316013635427
StatUpperQuartileThroughputTime: 83.92944444444515

Marked tag finished after 1 tries!
.Fin. - SUCCESS
<<< Welcome to the RAWSimO CLI >>>
The time is: 06/21/2024 16:19:23
Starting RAWSimO wrapper with the following arguments:
Instance: ..\..\..\..\Material\Instances\01.Weighted30min Demand Gall\Dp\Weighted2.xinst
Setting: ..\..\..\..\Material\Instances\01.Weighted30min Demand Gall\Dp\Weighted2.xsett
ControlConfig: ..\..\..\..\Material\Instances\01.Weighted30min Demand Gall\Dp\Weighted2.xconf
StatisticsDir: ..\..\..\..\Material\Instances\01.Weighted30min Demand Gall\Dp
Seed: 2
Additionally the following tag was passed: 1, 0.5757142857142857, 1.0, 0.179, 0.313, 1.0
Adding handler for unhandled exceptions ...
Initializing ... 
Instance recognized!
Parsing setting config ...
Parsing control config ...
Parsing instance ...
StatisticsFolder: Weighted2-Dp_[[1, 0.5757142857142857, 1.0]]_2_[0.179, 0.313, 1.0].csv-2
Done!
