Executing ... 
 19:12:01 | >>> Warming up ...
 00:00:00 | >>> Warmup finished - starting simulation ...
 Realtime |   ETA    |  Sim.Time  | Progress | #Orders | #Bundles | Inv. | Distance | #Coll. |   Memory    
 00:00:00 |   n/a    | 0.00:00:00 |  0.00%   |    0    |    0     | 60%  |    0     |   0    |  70.14MB  
 00:00:00 | Cannot generate further orders - suspending generation for now
 00:00:00 | Cannot generate further orders - suspending generation for now
 00:00:00 | Cannot generate further orders - suspending generation for now
 00:00:00 | Cannot generate further orders - suspending generation for now
 00:00:01 | Cannot generate further orders - suspending generation for now
 00:00:01 | Cannot generate further orders - suspending generation for now
 00:00:01 | Cannot generate further orders - suspending generation for now
 00:00:01 | Cannot generate further orders - suspending generation for now
 00:00:01 | 00:00:00 | 0.00:30:00 | 100.00%  |   486   |    0     | 15%  |   4969   |   0    |  71.31MB  
 00:00:01 | >>> Simulation finished - writing results ...
 00:00:01 | >>> Results written
Simulation finished.
>>> Timings
StatTimingPathPlanningAverage: 0.00014393614595210942
StatTimingPathPlanningOverall: 0.12623199999999996
StatTimingPathPlanningCount: 877
StatTimingTaskAllocationAverage: 0.001848405825242719
StatTimingTaskAllocationOverall: 0.3807716000000001
StatTimingTaskAllocationCount: 206
StatTimingItemStorageAverage: 1.0727770177838594E-06
StatTimingItemStorageOverall: 0.0007842000000000013
StatTimingItemStorageCount: 731
StatTimingPodStorageAverage: 0.001604766326530611
StatTimingPodStorageOverall: 0.15726709999999988
StatTimingPodStorageCount: 98
StatTimingReplenishmentBatchingAverage: 7.3E-06
StatTimingReplenishmentBatchingOverall: 1.46E-05
StatTimingReplenishmentBatchingCount: 2
StatTimingOrderBatchingAverage: 9.717867830423942E-05
StatTimingOrderBatchingOverall: 0.07793730000000001
StatTimingOrderBatchingCount: 802
>>> Overall
StatOverallBundlesPlaced: 0
StatOverallItemsOrdered: 653
StatOverallOrdersPlaced: 413
StatOverallBundlesRejected: 0
StatOverallOrdersRejected: 0
StatOverallBundlesHandled: 0
StatOverallItemsHandled: 746
StatOverallLinesHandled: 706
StatOverallOrdersHandled: 486
StatOverallCollisions: 0
StatOverallDistanceTraveled: 4968.5321426749015
StatOverallDistanceEstimated: 4890
StatOverallAssignedTasks: 206
StatMaxMemoryUsed: 75,30078125
StatRealTimeUsed: 1.1362234
StatAverageTurnoverTime: 477.6710846602491
StatMedianTurnoverTime: 371.1173160136359
StatLowerQuartileTurnoverTime: 134.93907647171682
StatUpperQuartileTurnoverTime: 719.7444444444445
StatAverageThroughputTime: 86.14324818099035
StatMedianThroughputTime: 21.507871569191366
StatLowerQuartileThroughputTime: 16.324444444444566
StatUpperQuartileThroughputTime: 72.73722222222239

Marked tag finished after 1 tries!
.Fin. - SUCCESS
<<< Welcome to the RAWSimO CLI >>>
The time is: 06/12/2024 19:12:02
Starting RAWSimO wrapper with the following arguments:
Instance: ..\..\..\..\Material\Instances\0.Weighted30min Demand separate\Da\Weighted2.xinst
Setting: ..\..\..\..\Material\Instances\0.Weighted30min Demand separate\Da\Weighted2.xsett
ControlConfig: ..\..\..\..\Material\Instances\0.Weighted30min Demand separate\Da\Weighted2.xconf
StatisticsDir: ..\..\..\..\Material\Instances\0.Weighted30min Demand separate\Da
Seed: 2
Additionally the following tag was passed: [[1, 7.513, 0.7922499999999999]]
Adding handler for unhandled exceptions ...
Initializing ... 
Instance recognized!
Parsing setting config ...
Parsing control config ...
Parsing instance ...
StatisticsFolder: Weighted2-Da_[[1, 7.513, 0.7922499999999999]]_2.csv-2
Done!
