Executing ... 
 09:53:58 | >>> Warming up ...
 00:00:00 | >>> Warmup finished - starting simulation ...
 Realtime |   ETA    |  Sim.Time  | Progress | #Orders | #Bundles | Inv. | Distance | #Coll. |   Memory    
 00:00:00 |   n/a    | 0.00:00:00 |  0.00%   |    0    |    0     | 60%  |    0     |   0    |  95.74MB  
 00:00:01 | Cannot generate further orders - suspending generation for now
 00:00:01 | Cannot generate further orders - suspending generation for now
 00:00:01 | Cannot generate further orders - suspending generation for now
 00:00:01 | Cannot generate further orders - suspending generation for now
 00:00:01 | Cannot generate further orders - suspending generation for now
 00:00:01 | Cannot generate further orders - suspending generation for now
 00:00:01 | Cannot generate further orders - suspending generation for now
 00:00:01 | Cannot generate further orders - suspending generation for now
 00:00:01 | Cannot generate further orders - suspending generation for now
 00:00:01 | Cannot generate further orders - suspending generation for now
 00:00:01 | Cannot generate further orders - suspending generation for now
 00:00:01 | Cannot generate further orders - suspending generation for now
 00:00:01 | 00:00:00 | 0.00:30:00 | 100.00%  |   501   |    0     | 14%  |   5104   |   0    |  93.41MB  
 00:00:01 | >>> Simulation finished - writing results ...
 00:00:01 | >>> Results written
Simulation finished.
>>> Timings
StatTimingPathPlanningAverage: 0.00017244809976247051
StatTimingPathPlanningOverall: 0.14520130000000017
StatTimingPathPlanningCount: 842
StatTimingTaskAllocationAverage: 0.0029682466666666675
StatTimingTaskAllocationOverall: 0.6233318000000002
StatTimingTaskAllocationCount: 210
StatTimingItemStorageAverage: 1.868924302788846E-06
StatTimingItemStorageOverall: 0.001407300000000001
StatTimingItemStorageCount: 753
StatTimingPodStorageAverage: 0.0024169440000000007
StatTimingPodStorageOverall: 0.24169440000000006
StatTimingPodStorageCount: 100
StatTimingReplenishmentBatchingAverage: 8.8E-06
StatTimingReplenishmentBatchingOverall: 1.76E-05
StatTimingReplenishmentBatchingCount: 2
StatTimingOrderBatchingAverage: 0.0001736988650693571
StatTimingOrderBatchingOverall: 0.13774320000000018
StatTimingOrderBatchingCount: 793
>>> Overall
StatOverallBundlesPlaced: 0
StatOverallItemsOrdered: 664
StatOverallOrdersPlaced: 417
StatOverallBundlesRejected: 0
StatOverallOrdersRejected: 0
StatOverallBundlesHandled: 0
StatOverallItemsHandled: 773
StatOverallLinesHandled: 733
StatOverallOrdersHandled: 501
StatOverallCollisions: 0
StatOverallDistanceTraveled: 5103.560923879427
StatOverallDistanceEstimated: 5041
StatOverallAssignedTasks: 210
StatMaxMemoryUsed: 95,73828125
StatRealTimeUsed: 1.704019
StatAverageTurnoverTime: 446.03138664504195
StatMedianTurnoverTime: 320.8251875828264
StatLowerQuartileTurnoverTime: 141.81620490252476
StatUpperQuartileTurnoverTime: 608.3524098050502
StatAverageThroughputTime: 100.03011794469245
StatMedianThroughputTime: 24.898888888888905
StatLowerQuartileThroughputTime: 16.348239541920066
StatUpperQuartileThroughputTime: 90.40231601363519

Marked tag finished after 1 tries!
.Fin. - SUCCESS
<<< Welcome to the RAWSimO CLI >>>
The time is: 06/13/2024 09:54:00
Starting RAWSimO wrapper with the following arguments:
Instance: ..\..\..\..\Material\Instances\0.Weighted30min Demand separate\Dd\Weighted2.xinst
Setting: ..\..\..\..\Material\Instances\0.Weighted30min Demand separate\Dd\Weighted2.xsett
ControlConfig: ..\..\..\..\Material\Instances\0.Weighted30min Demand separate\Dd\Weighted2.xconf
StatisticsDir: ..\..\..\..\Material\Instances\0.Weighted30min Demand separate\Dd
Seed: 1
Additionally the following tag was passed: 1, 0.05, 0.3766666666666667, 0.1, 1.0, 0.5
Adding handler for unhandled exceptions ...
Initializing ... 
Instance recognized!
Parsing setting config ...
Parsing control config ...
Parsing instance ...
StatisticsFolder: Weighted2-Dd_[[1, 0.05, 0.3766666666666667]]_1_[0.1, 1.0, 0.5].csv-1
Done!
