Executing ... 
 09:59:09 | >>> Warming up ...
 00:00:00 | >>> Warmup finished - starting simulation ...
 Realtime |   ETA    |  Sim.Time  | Progress | #Orders | #Bundles | Inv. | Distance | #Coll. |   Memory    
 00:00:00 |   n/a    | 0.00:00:00 |  0.00%   |    0    |    0     | 60%  |    0     |   0    | 109.11MB  
 00:00:00 | Cannot generate further orders - suspending generation for now
 00:00:00 | Cannot generate further orders - suspending generation for now
 00:00:00 | Cannot generate further orders - suspending generation for now
 00:00:00 | Cannot generate further orders - suspending generation for now
 00:00:00 | Cannot generate further orders - suspending generation for now
 00:00:00 | Cannot generate further orders - suspending generation for now
 00:00:00 | Cannot generate further orders - suspending generation for now
 00:00:00 | Cannot generate further orders - suspending generation for now
 00:00:01 | Cannot generate further orders - suspending generation for now
 00:00:01 | Cannot generate further orders - suspending generation for now
 00:00:01 | Cannot generate further orders - suspending generation for now
 00:00:01 | Cannot generate further orders - suspending generation for now
 00:00:01 | 00:00:00 | 0.00:30:00 | 100.00%  |   490   |    0     | 14%  |   4940   |   0    | 104.83MB  
 00:00:01 | >>> Simulation finished - writing results ...
 00:00:01 | >>> Results written
Simulation finished.
>>> Timings
StatTimingPathPlanningAverage: 9.98273045507584E-05
StatTimingPathPlanningOverall: 0.08555199999999995
StatTimingPathPlanningCount: 857
StatTimingTaskAllocationAverage: 0.0019274581395348845
StatTimingTaskAllocationOverall: 0.41440350000000015
StatTimingTaskAllocationCount: 215
StatTimingItemStorageAverage: 1.1575635876840669E-06
StatTimingItemStorageOverall: 0.000864699999999998
StatTimingItemStorageCount: 747
StatTimingPodStorageAverage: 0.0015855718446601942
StatTimingPodStorageOverall: 0.1633139
StatTimingPodStorageCount: 103
StatTimingReplenishmentBatchingAverage: 8.35E-06
StatTimingReplenishmentBatchingOverall: 1.67E-05
StatTimingReplenishmentBatchingCount: 2
StatTimingOrderBatchingAverage: 9.912477987421394E-05
StatTimingOrderBatchingOverall: 0.07880420000000007
StatTimingOrderBatchingCount: 795
>>> Overall
StatOverallBundlesPlaced: 0
StatOverallItemsOrdered: 661
StatOverallOrdersPlaced: 415
StatOverallBundlesRejected: 0
StatOverallOrdersRejected: 0
StatOverallBundlesHandled: 0
StatOverallItemsHandled: 763
StatOverallLinesHandled: 722
StatOverallOrdersHandled: 490
StatOverallCollisions: 0
StatOverallDistanceTraveled: 4940.495069467325
StatOverallDistanceEstimated: 4822
StatOverallAssignedTasks: 215
StatMaxMemoryUsed: 109,10546875
StatRealTimeUsed: 1.0899188
StatAverageTurnoverTime: 439.8614020933598
StatMedianTurnoverTime: 321.2662986939368
StatLowerQuartileTurnoverTime: 128.04852091615953
StatUpperQuartileTurnoverTime: 559.4777777777773
StatAverageThroughputTime: 88.72467729760875
StatMedianThroughputTime: 25.002222222222144
StatLowerQuartileThroughputTime: 16.637222222222363
StatUpperQuartileThroughputTime: 79.35509379141399

Marked tag finished after 1 tries!
.Fin. - SUCCESS
<<< Welcome to the RAWSimO CLI >>>
The time is: 06/13/2024 09:59:10
Starting RAWSimO wrapper with the following arguments:
Instance: ..\..\..\..\Material\Instances\0.Weighted30min Demand separate\Dd\Weighted2.xinst
Setting: ..\..\..\..\Material\Instances\0.Weighted30min Demand separate\Dd\Weighted2.xsett
ControlConfig: ..\..\..\..\Material\Instances\0.Weighted30min Demand separate\Dd\Weighted2.xconf
StatisticsDir: ..\..\..\..\Material\Instances\0.Weighted30min Demand separate\Dd
Seed: 1
Additionally the following tag was passed: 1, 0.79, 0.54, 0.2, 0.333, 0.5
Adding handler for unhandled exceptions ...
Initializing ... 
Instance recognized!
Parsing setting config ...
Parsing control config ...
Parsing instance ...
StatisticsFolder: Weighted2-Dd_[[1, 0.79, 0.54]]_3_[0.2, 0.333, 0.5].csv-1
Done!
