Executing ... 
 13:45:50 | >>> Warming up ...
 00:00:00 | >>> Warmup finished - starting simulation ...
 Realtime |   ETA    |  Sim.Time  | Progress | #Orders | #Bundles | Inv. | Distance | #Coll. |   Memory    
 00:00:00 |   n/a    | 0.00:00:00 |  0.00%   |    0    |    0     | 60%  |    0     |   0    |  90.66MB  
 00:00:01 | Cannot generate further orders - suspending generation for now
 00:00:01 | Cannot generate further orders - suspending generation for now
 00:00:01 | Cannot generate further orders - suspending generation for now
 00:00:01 | Cannot generate further orders - suspending generation for now
 00:00:01 | Cannot generate further orders - suspending generation for now
 00:00:01 | Cannot generate further orders - suspending generation for now
 00:00:01 | Cannot generate further orders - suspending generation for now
 00:00:01 | Cannot generate further orders - suspending generation for now
 00:00:01 | Cannot generate further orders - suspending generation for now
 00:00:02 | Cannot generate further orders - suspending generation for now
 00:00:02 | Cannot generate further orders - suspending generation for now
 00:00:02 | Pausing order generation due to inventory level (currently at: 0.09166666666666666)
 00:00:02 | 00:00:00 | 0.00:30:00 | 100.00%  |   553   |    0     |  9%  |   4678   |   0    |  86.98MB  
 00:00:02 | >>> Simulation finished - writing results ...
 00:00:02 | >>> Results written
Simulation finished.
>>> Timings
StatTimingPathPlanningAverage: 0.00019211850443599506
StatTimingPathPlanningOverall: 0.1515815000000001
StatTimingPathPlanningCount: 789
StatTimingTaskAllocationAverage: 0.004728597927461143
StatTimingTaskAllocationOverall: 0.9126194000000005
StatTimingTaskAllocationCount: 193
StatTimingItemStorageAverage: 2.6862110311750577E-06
StatTimingItemStorageOverall: 0.002240299999999998
StatTimingItemStorageCount: 834
StatTimingPodStorageAverage: 0.004441824999999999
StatTimingPodStorageOverall: 0.40864789999999995
StatTimingPodStorageCount: 92
StatTimingReplenishmentBatchingAverage: 1.54E-05
StatTimingReplenishmentBatchingOverall: 3.08E-05
StatTimingReplenishmentBatchingCount: 2
StatTimingOrderBatchingAverage: 0.00021257836593785952
StatTimingOrderBatchingOverall: 0.1847305999999999
StatTimingOrderBatchingCount: 869
>>> Overall
StatOverallBundlesPlaced: 0
StatOverallItemsOrdered: 667
StatOverallOrdersPlaced: 434
StatOverallBundlesRejected: 0
StatOverallOrdersRejected: 0
StatOverallBundlesHandled: 0
StatOverallItemsHandled: 855
StatOverallLinesHandled: 814
StatOverallOrdersHandled: 553
StatOverallCollisions: 0
StatOverallDistanceTraveled: 4678.222005898292
StatOverallDistanceEstimated: 4551
StatOverallAssignedTasks: 193
StatMaxMemoryUsed: 89,55859375
StatRealTimeUsed: 2.148416
StatAverageTurnoverTime: 464.26226878035527
StatMedianTurnoverTime: 274.45009379141294
StatLowerQuartileTurnoverTime: 131.79981961009776
StatUpperQuartileTurnoverTime: 706.8905555555558
StatAverageThroughputTime: 87.95723782483225
StatMedianThroughputTime: 31.940266988387748
StatLowerQuartileThroughputTime: 20.5
StatUpperQuartileThroughputTime: 84.061392485351

Marked tag finished after 1 tries!
.Fin. - SUCCESS
<<< Welcome to the RAWSimO CLI >>>
The time is: 06/07/2024 13:45:52
Starting RAWSimO wrapper with the following arguments:
Instance: ..\..\..\..\Material\Instances\0.Weighted30min Demand separate\Dd\Weighted2.xinst
Setting: ..\..\..\..\Material\Instances\0.Weighted30min Demand separate\Dd\Weighted2.xsett
ControlConfig: ..\..\..\..\Material\Instances\0.Weighted30min Demand separate\Dd\Weighted2.xconf
StatisticsDir: ..\..\..\..\Material\Instances\0.Weighted30min Demand separate\Dd
Seed: 1
Additionally the following tag was passed: [[1, 1, 2]]
Adding handler for unhandled exceptions ...
Initializing ... 
Instance recognized!
Parsing setting config ...
Parsing control config ...
Parsing instance ...
StatisticsFolder: Weighted2-Dd_[[1, 1, 2]]_2.csv-1
Done!
