Executing ... 
 19:11:57 | >>> Warming up ...
 00:00:00 | >>> Warmup finished - starting simulation ...
 Realtime |   ETA    |  Sim.Time  | Progress | #Orders | #Bundles | Inv. | Distance | #Coll. |   Memory    
 00:00:00 |   n/a    | 0.00:00:00 |  0.00%   |    0    |    0     | 60%  |    0     |   0    | 103.84MB  
 00:00:00 | Cannot generate further orders - suspending generation for now
 00:00:00 | Cannot generate further orders - suspending generation for now
 00:00:00 | Cannot generate further orders - suspending generation for now
 00:00:00 | Cannot generate further orders - suspending generation for now
 00:00:01 | Cannot generate further orders - suspending generation for now
 00:00:01 | Cannot generate further orders - suspending generation for now
 00:00:01 | Cannot generate further orders - suspending generation for now
 00:00:01 | 00:00:00 | 0.00:30:00 | 100.00%  |   471   |    0     | 18%  |   5241   |   0    | 107.25MB  
 00:00:01 | >>> Simulation finished - writing results ...
 00:00:01 | >>> Results written
Simulation finished.
>>> Timings
StatTimingPathPlanningAverage: 9.378677685950417E-05
StatTimingPathPlanningOverall: 0.07943740000000003
StatTimingPathPlanningCount: 847
StatTimingTaskAllocationAverage: 0.0019065962616822423
StatTimingTaskAllocationOverall: 0.40801159999999986
StatTimingTaskAllocationCount: 214
StatTimingItemStorageAverage: 1.917732558139529E-06
StatTimingItemStorageOverall: 0.0013193999999999957
StatTimingItemStorageCount: 688
StatTimingPodStorageAverage: 0.001543091176470588
StatTimingPodStorageOverall: 0.1573953
StatTimingPodStorageCount: 102
StatTimingReplenishmentBatchingAverage: 8.5E-06
StatTimingReplenishmentBatchingOverall: 1.7E-05
StatTimingReplenishmentBatchingCount: 2
StatTimingOrderBatchingAverage: 9.17879220779221E-05
StatTimingOrderBatchingOverall: 0.07067670000000001
StatTimingOrderBatchingCount: 770
>>> Overall
StatOverallBundlesPlaced: 0
StatOverallItemsOrdered: 635
StatOverallOrdersPlaced: 412
StatOverallBundlesRejected: 0
StatOverallOrdersRejected: 0
StatOverallBundlesHandled: 0
StatOverallItemsHandled: 703
StatOverallLinesHandled: 663
StatOverallOrdersHandled: 471
StatOverallCollisions: 0
StatOverallDistanceTraveled: 5241.380404079026
StatOverallDistanceEstimated: 5124
StatOverallAssignedTasks: 214
StatMaxMemoryUsed: 111,37109375
StatRealTimeUsed: 1.0688462
StatAverageTurnoverTime: 472.88380017607125
StatMedianTurnoverTime: 344.81573594545955
StatLowerQuartileTurnoverTime: 141.43111111111097
StatUpperQuartileTurnoverTime: 716.9343506530322
StatAverageThroughputTime: 97.5967962297862
StatMedianThroughputTime: 20.822316013635827
StatLowerQuartileThroughputTime: 12.667871569190766
StatUpperQuartileThroughputTime: 81.17833333333336

Marked tag finished after 1 tries!
.Fin. - SUCCESS
<<< Welcome to the RAWSimO CLI >>>
The time is: 06/12/2024 19:11:58
Starting RAWSimO wrapper with the following arguments:
Instance: ..\..\..\..\Material\Instances\0.Weighted30min Demand separate\Da\Weighted2.xinst
Setting: ..\..\..\..\Material\Instances\0.Weighted30min Demand separate\Da\Weighted2.xsett
ControlConfig: ..\..\..\..\Material\Instances\0.Weighted30min Demand separate\Da\Weighted2.xconf
StatisticsDir: ..\..\..\..\Material\Instances\0.Weighted30min Demand separate\Da
Seed: 1
Additionally the following tag was passed: [[1, 7.513, 0.7922499999999999]]
Adding handler for unhandled exceptions ...
Initializing ... 
Instance recognized!
Parsing setting config ...
Parsing control config ...
Parsing instance ...
StatisticsFolder: Weighted2-Da_[[1, 7.513, 0.7922499999999999]]_1.csv-1
Done!
