Executing ... 
 21:29:53 | >>> Warming up ...
 00:00:00 | >>> Warmup finished - starting simulation ...
 Realtime |   ETA    |  Sim.Time  | Progress | #Orders | #Bundles | Inv. | Distance | #Coll. |   Memory    
 00:00:00 |   n/a    | 0.00:00:00 |  0.00%   |    0    |    0     | 60%  |    0     |   0    |  79.14MB  
 00:00:00 | Cannot generate further orders - suspending generation for now
 00:00:00 | Cannot generate further orders - suspending generation for now
 00:00:00 | Cannot generate further orders - suspending generation for now
 00:00:00 | Cannot generate further orders - suspending generation for now
 00:00:00 | Cannot generate further orders - suspending generation for now
 00:00:00 | Cannot generate further orders - suspending generation for now
 00:00:00 | Cannot generate further orders - suspending generation for now
 00:00:00 | Cannot generate further orders - suspending generation for now
 00:00:00 | Cannot generate further orders - suspending generation for now
 00:00:01 | Cannot generate further orders - suspending generation for now
 00:00:01 | 00:00:00 | 0.00:30:00 | 100.00%  |   466   |    0     | 16%  |   4916   |   0    |  74.38MB  
 00:00:01 | >>> Simulation finished - writing results ...
 00:00:01 | >>> Results written
Simulation finished.
>>> Timings
StatTimingPathPlanningAverage: 0.00010705159763313618
StatTimingPathPlanningOverall: 0.09045860000000007
StatTimingPathPlanningCount: 845
StatTimingTaskAllocationAverage: 0.0019509673170731725
StatTimingTaskAllocationOverall: 0.39994830000000037
StatTimingTaskAllocationCount: 205
StatTimingItemStorageAverage: 9.9666666666667E-07
StatTimingItemStorageOverall: 0.0007176000000000023
StatTimingItemStorageCount: 720
StatTimingPodStorageAverage: 0.0018475112244897968
StatTimingPodStorageOverall: 0.18105610000000008
StatTimingPodStorageCount: 98
StatTimingReplenishmentBatchingAverage: 8.4E-06
StatTimingReplenishmentBatchingOverall: 1.68E-05
StatTimingReplenishmentBatchingCount: 2
StatTimingOrderBatchingAverage: 9.113941798941787E-05
StatTimingOrderBatchingOverall: 0.0689013999999999
StatTimingOrderBatchingCount: 756
>>> Overall
StatOverallBundlesPlaced: 0
StatOverallItemsOrdered: 627
StatOverallOrdersPlaced: 384
StatOverallBundlesRejected: 0
StatOverallOrdersRejected: 0
StatOverallBundlesHandled: 0
StatOverallItemsHandled: 737
StatOverallLinesHandled: 684
StatOverallOrdersHandled: 466
StatOverallCollisions: 0
StatOverallDistanceTraveled: 4915.647879013979
StatOverallDistanceEstimated: 4759
StatOverallAssignedTasks: 205
StatMaxMemoryUsed: 78,7421875
StatRealTimeUsed: 1.0380814
StatAverageTurnoverTime: 467.58834161082575
StatMedianTurnoverTime: 305.535743138385
StatLowerQuartileTurnoverTime: 124.16787156919051
StatUpperQuartileTurnoverTime: 699.389906208587
StatAverageThroughputTime: 90.85801652179973
StatMedianThroughputTime: 24.147316013635134
StatLowerQuartileThroughputTime: 12.839999999999975
StatUpperQuartileThroughputTime: 76.76685424949238

Marked tag finished after 1 tries!
.Fin. - SUCCESS
<<< Welcome to the RAWSimO CLI >>>
The time is: 06/12/2024 21:29:54
Starting RAWSimO wrapper with the following arguments:
Instance: ..\..\..\..\Material\Instances\0.Weighted30min Demand separate\Da\Weighted2.xinst
Setting: ..\..\..\..\Material\Instances\0.Weighted30min Demand separate\Da\Weighted2.xsett
ControlConfig: ..\..\..\..\Material\Instances\0.Weighted30min Demand separate\Da\Weighted2.xconf
StatisticsDir: ..\..\..\..\Material\Instances\0.Weighted30min Demand separate\Da
Seed: 1
Additionally the following tag was passed: 1, 5.026, 1.039, 0.259, 0.1, 0.25
Adding handler for unhandled exceptions ...
Initializing ... 
Instance recognized!
Parsing setting config ...
Parsing control config ...
Parsing instance ...
StatisticsFolder: Weighted2-Da_[[1, 5.026, 1.039]]_1_[0.259, 0.1, 0.25].csv-1
Done!
