Executing ... 
 09:59:20 | >>> Warming up ...
 00:00:00 | >>> Warmup finished - starting simulation ...
 Realtime |   ETA    |  Sim.Time  | Progress | #Orders | #Bundles | Inv. | Distance | #Coll. |   Memory    
 00:00:00 |   n/a    | 0.00:00:00 |  0.00%   |    0    |    0     | 60%  |    0     |   0    | 107.79MB  
 00:00:00 | Cannot generate further orders - suspending generation for now
 00:00:00 | Cannot generate further orders - suspending generation for now
 00:00:00 | Cannot generate further orders - suspending generation for now
 00:00:00 | Cannot generate further orders - suspending generation for now
 00:00:00 | Cannot generate further orders - suspending generation for now
 00:00:01 | Cannot generate further orders - suspending generation for now
 00:00:01 | Cannot generate further orders - suspending generation for now
 00:00:01 | Cannot generate further orders - suspending generation for now
 00:00:01 | Cannot generate further orders - suspending generation for now
 00:00:01 | Cannot generate further orders - suspending generation for now
 00:00:01 | Cannot generate further orders - suspending generation for now
 00:00:01 | 00:00:00 | 0.00:30:00 | 100.00%  |   526   |    0     | 11%  |   4757   |   0    | 105.50MB  
 00:00:01 | >>> Simulation finished - writing results ...
 00:00:01 | >>> Results written
Simulation finished.
>>> Timings
StatTimingPathPlanningAverage: 0.0001009761433868974
StatTimingPathPlanningOverall: 0.08168969999999999
StatTimingPathPlanningCount: 809
StatTimingTaskAllocationAverage: 0.0020596161764705875
StatTimingTaskAllocationOverall: 0.42016169999999986
StatTimingTaskAllocationCount: 204
StatTimingItemStorageAverage: 1.1143939393939398E-06
StatTimingItemStorageOverall: 0.0008826000000000003
StatTimingItemStorageCount: 792
StatTimingPodStorageAverage: 0.0018308704081632648
StatTimingPodStorageOverall: 0.17942529999999995
StatTimingPodStorageCount: 98
StatTimingReplenishmentBatchingAverage: 7.85E-06
StatTimingReplenishmentBatchingOverall: 1.57E-05
StatTimingReplenishmentBatchingCount: 2
StatTimingOrderBatchingAverage: 9.547841306884472E-05
StatTimingOrderBatchingOverall: 0.08182499999999993
StatTimingOrderBatchingCount: 857
>>> Overall
StatOverallBundlesPlaced: 0
StatOverallItemsOrdered: 664
StatOverallOrdersPlaced: 428
StatOverallBundlesRejected: 0
StatOverallOrdersRejected: 0
StatOverallBundlesHandled: 0
StatOverallItemsHandled: 809
StatOverallLinesHandled: 767
StatOverallOrdersHandled: 526
StatOverallCollisions: 0
StatOverallDistanceTraveled: 4756.8163903115765
StatOverallDistanceEstimated: 4720
StatOverallAssignedTasks: 204
StatMaxMemoryUsed: 107,7890625
StatRealTimeUsed: 1.1696761
StatAverageTurnoverTime: 447.1838809377981
StatMedianTurnoverTime: 272.3438888888891
StatLowerQuartileTurnoverTime: 106.84731601363517
StatUpperQuartileTurnoverTime: 669.8005555555557
StatAverageThroughputTime: 91.75518341869527
StatMedianThroughputTime: 27.23546176414311
StatLowerQuartileThroughputTime: 16.21388888888896
StatUpperQuartileThroughputTime: 79.27606795355564

Marked tag finished after 1 tries!
.Fin. - SUCCESS
<<< Welcome to the RAWSimO CLI >>>
The time is: 06/13/2024 09:59:21
Starting RAWSimO wrapper with the following arguments:
Instance: ..\..\..\..\Material\Instances\0.Weighted30min Demand separate\Dd\Weighted2.xinst
Setting: ..\..\..\..\Material\Instances\0.Weighted30min Demand separate\Dd\Weighted2.xsett
ControlConfig: ..\..\..\..\Material\Instances\0.Weighted30min Demand separate\Dd\Weighted2.xconf
StatisticsDir: ..\..\..\..\Material\Instances\0.Weighted30min Demand separate\Dd
Seed: 3
Additionally the following tag was passed: 1, 1, 1, 0.2, 0.333, 0.5
Adding handler for unhandled exceptions ...
Initializing ... 
Instance recognized!
Parsing setting config ...
Parsing control config ...
Parsing instance ...
StatisticsFolder: Weighted2-Dd_[[1, 1, 1]]_2_[0.2, 0.333, 0.5].csv-3
Done!
