Executing ... 
 09:36:57 | >>> Warming up ...
 00:00:00 | >>> Warmup finished - starting simulation ...
 Realtime |   ETA    |  Sim.Time  | Progress | #Orders | #Bundles | Inv. | Distance | #Coll. |   Memory    
 00:00:00 |   n/a    | 0.00:00:00 |  0.00%   |    0    |    0     | 60%  |    0     |   0    |  86.32MB  
 00:00:00 | Cannot generate further orders - suspending generation for now
 00:00:00 | Cannot generate further orders - suspending generation for now
 00:00:00 | Cannot generate further orders - suspending generation for now
 00:00:00 | Cannot generate further orders - suspending generation for now
 00:00:00 | Cannot generate further orders - suspending generation for now
 00:00:00 | Cannot generate further orders - suspending generation for now
 00:00:00 | Cannot generate further orders - suspending generation for now
 00:00:00 | Cannot generate further orders - suspending generation for now
 00:00:01 | 00:00:00 | 0.00:30:00 | 100.00%  |   461   |    0     | 17%  |   5115   |   0    |  84.49MB  
 00:00:01 | >>> Simulation finished - writing results ...
 00:00:01 | >>> Results written
Simulation finished.
>>> Timings
StatTimingPathPlanningAverage: 9.937318435754195E-05
StatTimingPathPlanningOverall: 0.08893900000000005
StatTimingPathPlanningCount: 895
StatTimingTaskAllocationAverage: 0.0015690819444444445
StatTimingTaskAllocationOverall: 0.3389217
StatTimingTaskAllocationCount: 216
StatTimingItemStorageAverage: 1.0009985734664765E-06
StatTimingItemStorageOverall: 0.0007017000000000001
StatTimingItemStorageCount: 701
StatTimingPodStorageAverage: 0.001421901941747574
StatTimingPodStorageOverall: 0.1464559000000001
StatTimingPodStorageCount: 103
StatTimingReplenishmentBatchingAverage: 8.5E-06
StatTimingReplenishmentBatchingOverall: 1.7E-05
StatTimingReplenishmentBatchingCount: 2
StatTimingOrderBatchingAverage: 8.421041131105398E-05
StatTimingOrderBatchingOverall: 0.0655157
StatTimingOrderBatchingCount: 778
>>> Overall
StatOverallBundlesPlaced: 0
StatOverallItemsOrdered: 667
StatOverallOrdersPlaced: 414
StatOverallBundlesRejected: 0
StatOverallOrdersRejected: 0
StatOverallBundlesHandled: 0
StatOverallItemsHandled: 710
StatOverallLinesHandled: 672
StatOverallOrdersHandled: 461
StatOverallCollisions: 0
StatOverallDistanceTraveled: 5114.5941298876505
StatOverallDistanceEstimated: 4956
StatOverallAssignedTasks: 216
StatMaxMemoryUsed: 86,30078125
StatRealTimeUsed: 1.0002175
StatAverageTurnoverTime: 438.3681383347207
StatMedianTurnoverTime: 279.38342712474673
StatLowerQuartileTurnoverTime: 132.37463202727236
StatUpperQuartileTurnoverTime: 565.0922294151433
StatAverageThroughputTime: 95.34580293930934
StatMedianThroughputTime: 24.902222222222235
StatLowerQuartileThroughputTime: 16.054906208587227
StatUpperQuartileThroughputTime: 81.00454702365141

Marked tag finished after 1 tries!
.Fin. - SUCCESS
<<< Welcome to the RAWSimO CLI >>>
The time is: 06/13/2024 09:36:58
Starting RAWSimO wrapper with the following arguments:
Instance: ..\..\..\..\Material\Instances\0.Weighted30min Demand separate\Da\Weighted2.xinst
Setting: ..\..\..\..\Material\Instances\0.Weighted30min Demand separate\Da\Weighted2.xsett
ControlConfig: ..\..\..\..\Material\Instances\0.Weighted30min Demand separate\Da\Weighted2.xconf
StatisticsDir: ..\..\..\..\Material\Instances\0.Weighted30min Demand separate\Da
Seed: 1
Additionally the following tag was passed: 1, 0.052, 0.71, 0.103, 1.0, 0.25
Adding handler for unhandled exceptions ...
Initializing ... 
Instance recognized!
Parsing setting config ...
Parsing control config ...
Parsing instance ...
StatisticsFolder: Weighted2-Da_[[1, 0.052, 0.71]]_2_[0.103, 1.0, 0.25].csv-1
Done!
