Executing ... 
 19:23:04 | >>> Warming up ...
 00:00:00 | >>> Warmup finished - starting simulation ...
 Realtime |   ETA    |  Sim.Time  | Progress | #Orders | #Bundles | Inv. | Distance | #Coll. |   Memory    
 00:00:00 |   n/a    | 0.00:00:00 |  0.00%   |    0    |    0     | 60%  |    0     |   0    | 114.27MB  
 00:00:00 | Cannot generate further orders - suspending generation for now
 00:00:00 | Cannot generate further orders - suspending generation for now
 00:00:00 | Cannot generate further orders - suspending generation for now
 00:00:00 | Cannot generate further orders - suspending generation for now
 00:00:00 | Cannot generate further orders - suspending generation for now
 00:00:00 | Cannot generate further orders - suspending generation for now
 00:00:00 | Cannot generate further orders - suspending generation for now
 00:00:01 | Cannot generate further orders - suspending generation for now
 00:00:01 | Cannot generate further orders - suspending generation for now
 00:00:01 | 00:00:00 | 0.00:30:00 | 100.00%  |   472   |    0     | 16%  |   5296   |   0    | 109.43MB  
 00:00:01 | >>> Simulation finished - writing results ...
 00:00:01 | >>> Results written
Simulation finished.
>>> Timings
StatTimingPathPlanningAverage: 9.881757225433517E-05
StatTimingPathPlanningOverall: 0.08547719999999992
StatTimingPathPlanningCount: 865
StatTimingTaskAllocationAverage: 0.0018439548387096784
StatTimingTaskAllocationOverall: 0.4001382000000002
StatTimingTaskAllocationCount: 217
StatTimingItemStorageAverage: 1.1173216885007292E-06
StatTimingItemStorageOverall: 0.000767600000000001
StatTimingItemStorageCount: 687
StatTimingPodStorageAverage: 0.0015902769230769253
StatTimingPodStorageOverall: 0.16538880000000022
StatTimingPodStorageCount: 104
StatTimingReplenishmentBatchingAverage: 8.2E-06
StatTimingReplenishmentBatchingOverall: 1.64E-05
StatTimingReplenishmentBatchingCount: 2
StatTimingOrderBatchingAverage: 0.00011412941952506603
StatTimingOrderBatchingOverall: 0.08651010000000005
StatTimingOrderBatchingCount: 758
>>> Overall
StatOverallBundlesPlaced: 0
StatOverallItemsOrdered: 664
StatOverallOrdersPlaced: 416
StatOverallBundlesRejected: 0
StatOverallOrdersRejected: 0
StatOverallBundlesHandled: 0
StatOverallItemsHandled: 724
StatOverallLinesHandled: 687
StatOverallOrdersHandled: 472
StatOverallCollisions: 0
StatOverallDistanceTraveled: 5295.964307401549
StatOverallDistanceEstimated: 5095
StatOverallAssignedTasks: 217
StatMaxMemoryUsed: 112,87109375
StatRealTimeUsed: 1.0466373
StatAverageTurnoverTime: 466.2601550899233
StatMedianTurnoverTime: 339.0585137232373
StatLowerQuartileTurnoverTime: 160.0730591520165
StatUpperQuartileTurnoverTime: 667.0900937914154
StatAverageThroughputTime: 90.73930161122131
StatMedianThroughputTime: 25.045649346968503
StatLowerQuartileThroughputTime: 16.21777777777777
StatUpperQuartileThroughputTime: 82.55009379141289

Marked tag finished after 1 tries!
.Fin. - SUCCESS
<<< Welcome to the RAWSimO CLI >>>
The time is: 06/25/2024 19:23:06
Starting RAWSimO wrapper with the following arguments:
Instance: ..\..\..\..\Material\Instances\10.Weighted30min Demand Gall\Dp\Weighted2.xinst
Setting: ..\..\..\..\Material\Instances\10.Weighted30min Demand Gall\Dp\Weighted2.xsett
ControlConfig: ..\..\..\..\Material\Instances\10.Weighted30min Demand Gall\Dp\Weighted2.xconf
StatisticsDir: ..\..\..\..\Material\Instances\10.Weighted30min Demand Gall\Dp
Seed: 4
Additionally the following tag was passed: 1, 0.82, 1.0, 0.194, 0.233, 1.0
Adding handler for unhandled exceptions ...
Initializing ... 
Instance recognized!
Parsing setting config ...
Parsing control config ...
Parsing instance ...
StatisticsFolder: Weighted2-Dp_[[1, 0.82, 1.0]]_2_[0.194, 0.233, 1.0].csv-4
Done!
