Executing ... 
 19:21:13 | >>> Warming up ...
 00:00:00 | >>> Warmup finished - starting simulation ...
 Realtime |   ETA    |  Sim.Time  | Progress | #Orders | #Bundles | Inv. | Distance | #Coll. |   Memory    
 00:00:00 |   n/a    | 0.00:00:00 |  0.00%   |    0    |    0     | 60%  |    0     |   0    | 112.68MB  
 00:00:00 | Cannot generate further orders - suspending generation for now
 00:00:00 | Cannot generate further orders - suspending generation for now
 00:00:00 | Cannot generate further orders - suspending generation for now
 00:00:00 | Cannot generate further orders - suspending generation for now
 00:00:00 | Cannot generate further orders - suspending generation for now
 00:00:00 | Cannot generate further orders - suspending generation for now
 00:00:00 | Cannot generate further orders - suspending generation for now
 00:00:00 | Cannot generate further orders - suspending generation for now
 00:00:00 | Cannot generate further orders - suspending generation for now
 00:00:00 | Cannot generate further orders - suspending generation for now
 00:00:00 | Cannot generate further orders - suspending generation for now
 00:00:00 | 00:00:00 | 0.00:30:00 | 100.00%  |   503   |    0     | 14%  |   4871   |   0    |  72.90MB  
 00:00:00 | >>> Simulation finished - writing results ...
 00:00:01 | >>> Results written
Simulation finished.
>>> Timings
StatTimingPathPlanningAverage: 9.852145454545439E-05
StatTimingPathPlanningOverall: 0.08128019999999987
StatTimingPathPlanningCount: 825
StatTimingTaskAllocationAverage: 0.0017719795000000005
StatTimingTaskAllocationOverall: 0.3543959000000001
StatTimingTaskAllocationCount: 200
StatTimingItemStorageAverage: 9.515436241610773E-07
StatTimingItemStorageOverall: 0.0007089000000000025
StatTimingItemStorageCount: 745
StatTimingPodStorageAverage: 0.0015528385416666679
StatTimingPodStorageOverall: 0.1490725000000001
StatTimingPodStorageCount: 96
StatTimingReplenishmentBatchingAverage: 7.2E-06
StatTimingReplenishmentBatchingOverall: 1.44E-05
StatTimingReplenishmentBatchingCount: 2
StatTimingOrderBatchingAverage: 8.980343558282208E-05
StatTimingOrderBatchingOverall: 0.0731898
StatTimingOrderBatchingCount: 815
>>> Overall
StatOverallBundlesPlaced: 0
StatOverallItemsOrdered: 667
StatOverallOrdersPlaced: 427
StatOverallBundlesRejected: 0
StatOverallOrdersRejected: 0
StatOverallBundlesHandled: 0
StatOverallItemsHandled: 774
StatOverallLinesHandled: 728
StatOverallOrdersHandled: 503
StatOverallCollisions: 0
StatOverallDistanceTraveled: 4871.136420467217
StatOverallDistanceEstimated: 4756
StatOverallAssignedTasks: 200
StatMaxMemoryUsed: 112,68359375
StatRealTimeUsed: 0.9525278
StatAverageTurnoverTime: 435.0160710894629
StatMedianTurnoverTime: 284.7299134015088
StatLowerQuartileTurnoverTime: 122.22185424949244
StatUpperQuartileTurnoverTime: 642.258888888889
StatAverageThroughputTime: 92.33954568350032
StatMedianThroughputTime: 28.01916307020582
StatLowerQuartileThroughputTime: 17.233888888888714
StatUpperQuartileThroughputTime: 85.93564934696809

Marked tag finished after 1 tries!
.Fin. - SUCCESS
<<< Welcome to the RAWSimO CLI >>>
The time is: 06/25/2024 19:21:14
Starting RAWSimO wrapper with the following arguments:
Instance: ..\..\..\..\Material\Instances\10.Weighted30min Demand Gall\Dp\Weighted2.xinst
Setting: ..\..\..\..\Material\Instances\10.Weighted30min Demand Gall\Dp\Weighted2.xsett
ControlConfig: ..\..\..\..\Material\Instances\10.Weighted30min Demand Gall\Dp\Weighted2.xconf
StatisticsDir: ..\..\..\..\Material\Instances\10.Weighted30min Demand Gall\Dp
Seed: 6
Additionally the following tag was passed: 1, 0.37, 1.0, 0.158, 0.427, 1.0
Adding handler for unhandled exceptions ...
Initializing ... 
Instance recognized!
Parsing setting config ...
Parsing control config ...
Parsing instance ...
StatisticsFolder: Weighted2-Dp_[[1, 0.37, 1.0]]_2_[0.158, 0.427, 1.0].csv-6
Done!
