Executing ... 
 10:02:18 | >>> Warming up ...
 00:00:00 | >>> Warmup finished - starting simulation ...
 Realtime |   ETA    |  Sim.Time  | Progress | #Orders | #Bundles | Inv. | Distance | #Coll. |   Memory    
 00:00:00 |   n/a    | 0.00:00:00 |  0.00%   |    0    |    0     | 60%  |    0     |   0    | 114.15MB  
 00:00:00 | Cannot generate further orders - suspending generation for now
 00:00:00 | Cannot generate further orders - suspending generation for now
 00:00:00 | Cannot generate further orders - suspending generation for now
 00:00:00 | Cannot generate further orders - suspending generation for now
 00:00:01 | Cannot generate further orders - suspending generation for now
 00:00:01 | Cannot generate further orders - suspending generation for now
 00:00:01 | Cannot generate further orders - suspending generation for now
 00:00:01 | Cannot generate further orders - suspending generation for now
 00:00:01 | Cannot generate further orders - suspending generation for now
 00:00:01 | Cannot generate further orders - suspending generation for now
 00:00:01 | Cannot generate further orders - suspending generation for now
 00:00:01 | Cannot generate further orders - suspending generation for now
 00:00:01 | 00:00:00 | 0.00:30:00 | 100.00%  |   483   |    0     | 15%  |   5018   |   0    | 111.52MB  
 00:00:01 | >>> Simulation finished - writing results ...
 00:00:01 | >>> Results written
Simulation finished.
>>> Timings
StatTimingPathPlanningAverage: 0.00010893099762470306
StatTimingPathPlanningOverall: 0.09171989999999998
StatTimingPathPlanningCount: 842
StatTimingTaskAllocationAverage: 0.0022453339805825227
StatTimingTaskAllocationOverall: 0.4625387999999997
StatTimingTaskAllocationCount: 206
StatTimingItemStorageAverage: 1.3217150760719227E-06
StatTimingItemStorageOverall: 0.0009556
StatTimingItemStorageCount: 723
StatTimingPodStorageAverage: 0.001953610101010101
StatTimingPodStorageOverall: 0.1934074
StatTimingPodStorageCount: 99
StatTimingReplenishmentBatchingAverage: 8.7E-06
StatTimingReplenishmentBatchingOverall: 1.74E-05
StatTimingReplenishmentBatchingCount: 2
StatTimingOrderBatchingAverage: 0.00011795600000000001
StatTimingOrderBatchingOverall: 0.09141590000000001
StatTimingOrderBatchingCount: 775
>>> Overall
StatOverallBundlesPlaced: 0
StatOverallItemsOrdered: 642
StatOverallOrdersPlaced: 408
StatOverallBundlesRejected: 0
StatOverallOrdersRejected: 0
StatOverallBundlesHandled: 0
StatOverallItemsHandled: 757
StatOverallLinesHandled: 717
StatOverallOrdersHandled: 483
StatOverallCollisions: 0
StatOverallDistanceTraveled: 5018.107209743985
StatOverallDistanceEstimated: 4818
StatOverallAssignedTasks: 206
StatMaxMemoryUsed: 114,1484375
StatRealTimeUsed: 1.2365587
StatAverageTurnoverTime: 468.71743914306865
StatMedianTurnoverTime: 296.462222222222
StatLowerQuartileTurnoverTime: 147.4300000000004
StatUpperQuartileTurnoverTime: 647.0407431383811
StatAverageThroughputTime: 95.69998056483591
StatMedianThroughputTime: 24.723333333333358
StatLowerQuartileThroughputTime: 15.813888888888698
StatUpperQuartileThroughputTime: 92.07971862576119

Marked tag finished after 1 tries!
.Fin. - SUCCESS
<<< Welcome to the RAWSimO CLI >>>
The time is: 06/13/2024 10:02:20
Starting RAWSimO wrapper with the following arguments:
Instance: ..\..\..\..\Material\Instances\0.Weighted30min Demand separate\Df\Weighted2.xinst
Setting: ..\..\..\..\Material\Instances\0.Weighted30min Demand separate\Df\Weighted2.xsett
ControlConfig: ..\..\..\..\Material\Instances\0.Weighted30min Demand separate\Df\Weighted2.xconf
StatisticsDir: ..\..\..\..\Material\Instances\0.Weighted30min Demand separate\Df
Seed: 2
Additionally the following tag was passed: 1, 0.38, 0.068, 0.182, 0.5, 1.0
Adding handler for unhandled exceptions ...
Initializing ... 
Instance recognized!
Parsing setting config ...
Parsing control config ...
Parsing instance ...
StatisticsFolder: Weighted2-Df_[[1, 0.38, 0.068]]_1_[0.182, 0.5, 1.0].csv-2
Done!
