Executing ... 
 21:30:54 | >>> Warming up ...
 00:00:00 | >>> Warmup finished - starting simulation ...
 Realtime |   ETA    |  Sim.Time  | Progress | #Orders | #Bundles | Inv. | Distance | #Coll. |   Memory    
 00:00:00 |   n/a    | 0.00:00:00 |  0.00%   |    0    |    0     | 60%  |    0     |   0    |  78.30MB  
 00:00:01 | Cannot generate further orders - suspending generation for now
 00:00:01 | Cannot generate further orders - suspending generation for now
 00:00:01 | Cannot generate further orders - suspending generation for now
 00:00:01 | Cannot generate further orders - suspending generation for now
 00:00:01 | Cannot generate further orders - suspending generation for now
 00:00:01 | Cannot generate further orders - suspending generation for now
 00:00:01 | Cannot generate further orders - suspending generation for now
 00:00:01 | 00:00:00 | 0.00:30:00 | 100.00%  |   463   |    0     | 17%  |   5230   |   0    |  76.75MB  
 00:00:01 | >>> Simulation finished - writing results ...
 00:00:01 | >>> Results written
Simulation finished.
>>> Timings
StatTimingPathPlanningAverage: 0.00013119047058823526
StatTimingPathPlanningOverall: 0.11151189999999997
StatTimingPathPlanningCount: 850
StatTimingTaskAllocationAverage: 0.002034493457943924
StatTimingTaskAllocationOverall: 0.4353815999999998
StatTimingTaskAllocationCount: 214
StatTimingItemStorageAverage: 1.245272206303728E-06
StatTimingItemStorageOverall: 0.0008692000000000022
StatTimingItemStorageCount: 698
StatTimingPodStorageAverage: 0.001882518446601943
StatTimingPodStorageOverall: 0.19389940000000014
StatTimingPodStorageCount: 103
StatTimingReplenishmentBatchingAverage: 7.9E-06
StatTimingReplenishmentBatchingOverall: 1.58E-05
StatTimingReplenishmentBatchingCount: 2
StatTimingOrderBatchingAverage: 0.00011930312093628083
StatTimingOrderBatchingOverall: 0.09174409999999995
StatTimingOrderBatchingCount: 769
>>> Overall
StatOverallBundlesPlaced: 0
StatOverallItemsOrdered: 667
StatOverallOrdersPlaced: 414
StatOverallBundlesRejected: 0
StatOverallOrdersRejected: 0
StatOverallBundlesHandled: 0
StatOverallItemsHandled: 718
StatOverallLinesHandled: 680
StatOverallOrdersHandled: 463
StatOverallCollisions: 0
StatOverallDistanceTraveled: 5230.375236410325
StatOverallDistanceEstimated: 5060
StatOverallAssignedTasks: 214
StatMaxMemoryUsed: 79,80859375
StatRealTimeUsed: 1.2710133
StatAverageTurnoverTime: 462.3187015329741
StatMedianTurnoverTime: 287.5980591520164
StatLowerQuartileTurnoverTime: 135.1813924853497
StatUpperQuartileTurnoverTime: 663.7051660040652
StatAverageThroughputTime: 87.85654637986784
StatMedianThroughputTime: 21.430649346968437
StatLowerQuartileThroughputTime: 15.811298693937033
StatUpperQuartileThroughputTime: 83.92055555555635

Marked tag finished after 1 tries!
.Fin. - SUCCESS
<<< Welcome to the RAWSimO CLI >>>
The time is: 06/12/2024 21:30:56
Starting RAWSimO wrapper with the following arguments:
Instance: ..\..\..\..\Material\Instances\0.Weighted30min Demand separate\Da\Weighted2.xinst
Setting: ..\..\..\..\Material\Instances\0.Weighted30min Demand separate\Da\Weighted2.xsett
ControlConfig: ..\..\..\..\Material\Instances\0.Weighted30min Demand separate\Da\Weighted2.xconf
StatisticsDir: ..\..\..\..\Material\Instances\0.Weighted30min Demand separate\Da
Seed: 4
Additionally the following tag was passed: 1, 7.513, 0.7922499999999999, 0.234, 0.1, 0.294
Adding handler for unhandled exceptions ...
Initializing ... 
Instance recognized!
Parsing setting config ...
Parsing control config ...
Parsing instance ...
StatisticsFolder: Weighted2-Da_[[1, 7.513, 0.7922499999999999]]_2_[0.234, 0.1, 0.294].csv-4
Done!
