Executing ... 
 16:21:17 | >>> Warming up ...
 00:00:00 | >>> Warmup finished - starting simulation ...
 Realtime |   ETA    |  Sim.Time  | Progress | #Orders | #Bundles | Inv. | Distance | #Coll. |   Memory    
 00:00:00 |   n/a    | 0.00:00:00 |  0.00%   |    0    |    0     | 83%  |    0     |   0    |  83.86MB  
 00:00:00 | Reactivating bundle generation paused by inventory+reserved+backlog level (currently at: 0.6491666666666667)
 00:00:00 | Cannot generate further orders - suspending generation for now
 00:00:00 | Cannot generate further orders - suspending generation for now
 00:00:00 | Cannot generate further orders - suspending generation for now
 00:00:00 | Cannot generate further orders - suspending generation for now
 00:00:00 | Cannot generate further orders - suspending generation for now
 00:00:00 | Cannot generate further orders - suspending generation for now
 00:00:00 | Cannot generate further orders - suspending generation for now
 00:00:00 | 00:00:00 | 0.00:30:00 | 100.00%  |   457   |    0     | 26%  |   5017   |   0    |  82.98MB  
 00:00:00 | >>> Simulation finished - writing results ...
 00:00:00 | >>> Results written
Simulation finished.
>>> Timings
StatTimingPathPlanningAverage: 8.051689612015024E-05
StatTimingPathPlanningOverall: 0.06433300000000004
StatTimingPathPlanningCount: 799
StatTimingTaskAllocationAverage: 0.0011853290476190484
StatTimingTaskAllocationOverall: 0.24891910000000014
StatTimingTaskAllocationCount: 210
StatTimingItemStorageAverage: 1.0450951683748148E-06
StatTimingItemStorageOverall: 0.0007137999999999986
StatTimingItemStorageCount: 683
StatTimingPodStorageAverage: 0.0008208898989898988
StatTimingPodStorageOverall: 0.08126809999999998
StatTimingPodStorageCount: 99
StatTimingReplenishmentBatchingAverage: 1.2875000000000001E-05
StatTimingReplenishmentBatchingOverall: 5.1500000000000005E-05
StatTimingReplenishmentBatchingCount: 4
StatTimingOrderBatchingAverage: 8.230892626131958E-05
StatTimingOrderBatchingOverall: 0.06362480000000004
StatTimingOrderBatchingCount: 773
>>> Overall
StatOverallBundlesPlaced: 180
StatOverallItemsOrdered: 649
StatOverallOrdersPlaced: 409
StatOverallBundlesRejected: 0
StatOverallOrdersRejected: 0
StatOverallBundlesHandled: 0
StatOverallItemsHandled: 695
StatOverallLinesHandled: 659
StatOverallOrdersHandled: 457
StatOverallCollisions: 0
StatOverallDistanceTraveled: 5016.5888330429725
StatOverallDistanceEstimated: 4861
StatOverallAssignedTasks: 210
StatMaxMemoryUsed: 83,34375
StatRealTimeUsed: 0.8635111
StatAverageTurnoverTime: 484.54552178347166
StatMedianTurnoverTime: 348.4143506530322
StatLowerQuartileTurnoverTime: 148.33231601363548
StatUpperQuartileTurnoverTime: 706.926111111112
StatAverageThroughputTime: 94.84179566803495
StatMedianThroughputTime: 26.051111111111084
StatLowerQuartileThroughputTime: 16.360555555555493
StatUpperQuartileThroughputTime: 68.06342712474634

Marked tag finished after 1 tries!
.Fin. - SUCCESS
<<< Welcome to the RAWSimO CLI >>>
The time is: 06/03/2024 16:21:18
Starting RAWSimO wrapper with the following arguments:
Instance: ..\..\..\..\Material\Instances\0.Weighted30min\Weighted6.xinst
Setting: ..\..\..\..\Material\Instances\0.Weighted30min\WeightedScenario.xsett
ControlConfig: ..\..\..\..\Material\Instances\0.Weighted30min\WeightedScenario.xconf
StatisticsDir: ..\..\..\..\Material\Instances\0.Weighted30min
Seed: 2
Additionally the following tag was passed: Dbwlow
Adding handler for unhandled exceptions ...
Initializing ... 
Instance recognized!
Parsing setting config ...
Parsing control config ...
Parsing instance ...
StatisticsFolder: WeightedScenario-Db_wlow_1.csv-2
Done!
