Executing ... 
 16:19:40 | >>> Warming up ...
 00:00:00 | >>> Warmup finished - starting simulation ...
 Realtime |   ETA    |  Sim.Time  | Progress | #Orders | #Bundles | Inv. | Distance | #Coll. |   Memory    
 00:00:00 |   n/a    | 0.00:00:00 |  0.00%   |    0    |    0     | 60%  |    0     |   0    |  81.25MB  
 00:00:00 | Cannot generate further orders - suspending generation for now
 00:00:00 | Cannot generate further orders - suspending generation for now
 00:00:00 | Cannot generate further orders - suspending generation for now
 00:00:00 | Cannot generate further orders - suspending generation for now
 00:00:00 | Cannot generate further orders - suspending generation for now
 00:00:00 | Cannot generate further orders - suspending generation for now
 00:00:01 | Cannot generate further orders - suspending generation for now
 00:00:01 | Cannot generate further orders - suspending generation for now
 00:00:01 | Cannot generate further orders - suspending generation for now
 00:00:01 | 00:00:00 | 0.00:30:00 | 100.00%  |   493   |    0     | 15%  |   4986   |   0    |  76.93MB  
 00:00:01 | >>> Simulation finished - writing results ...
 00:00:01 | >>> Results written
Simulation finished.
>>> Timings
StatTimingPathPlanningAverage: 0.0001061728662420382
StatTimingPathPlanningOverall: 0.08334569999999998
StatTimingPathPlanningCount: 785
StatTimingTaskAllocationAverage: 0.0021304961165048535
StatTimingTaskAllocationOverall: 0.43888219999999983
StatTimingTaskAllocationCount: 206
StatTimingItemStorageAverage: 1.0082880434782637E-06
StatTimingItemStorageOverall: 0.000742100000000002
StatTimingItemStorageCount: 736
StatTimingPodStorageAverage: 0.001668046938775511
StatTimingPodStorageOverall: 0.16346860000000007
StatTimingPodStorageCount: 98
StatTimingReplenishmentBatchingAverage: 8.15E-06
StatTimingReplenishmentBatchingOverall: 1.63E-05
StatTimingReplenishmentBatchingCount: 2
StatTimingOrderBatchingAverage: 9.779138576779017E-05
StatTimingOrderBatchingOverall: 0.07833089999999993
StatTimingOrderBatchingCount: 801
>>> Overall
StatOverallBundlesPlaced: 0
StatOverallItemsOrdered: 667
StatOverallOrdersPlaced: 425
StatOverallBundlesRejected: 0
StatOverallOrdersRejected: 0
StatOverallBundlesHandled: 0
StatOverallItemsHandled: 756
StatOverallLinesHandled: 714
StatOverallOrdersHandled: 493
StatOverallCollisions: 0
StatOverallDistanceTraveled: 4986.271492896834
StatOverallDistanceEstimated: 4869
StatOverallAssignedTasks: 206
StatMaxMemoryUsed: 81,24609375
StatRealTimeUsed: 1.0669535
StatAverageTurnoverTime: 448.02103540308644
StatMedianTurnoverTime: 292.04971143284047
StatLowerQuartileTurnoverTime: 131.3050000000003
StatUpperQuartileTurnoverTime: 575.3592640545398
StatAverageThroughputTime: 90.93117155221584
StatMedianThroughputTime: 25.6538888888889
StatLowerQuartileThroughputTime: 16.141760458079716
StatUpperQuartileThroughputTime: 78.97722222222251

Marked tag finished after 1 tries!
.Fin. - SUCCESS
<<< Welcome to the RAWSimO CLI >>>
The time is: 06/21/2024 16:19:41
Starting RAWSimO wrapper with the following arguments:
Instance: ..\..\..\..\Material\Instances\01.Weighted30min Demand Gall\Dp\Weighted2.xinst
Setting: ..\..\..\..\Material\Instances\01.Weighted30min Demand Gall\Dp\Weighted2.xsett
ControlConfig: ..\..\..\..\Material\Instances\01.Weighted30min Demand Gall\Dp\Weighted2.xconf
StatisticsDir: ..\..\..\..\Material\Instances\01.Weighted30min Demand Gall\Dp
Seed: 2
Additionally the following tag was passed: 1, 0.7171428571428572, 1.0, 0.189, 0.26, 1.0
Adding handler for unhandled exceptions ...
Initializing ... 
Instance recognized!
Parsing setting config ...
Parsing control config ...
Parsing instance ...
StatisticsFolder: Weighted2-Dp_[[1, 0.7171428571428572, 1.0]]_2_[0.189, 0.26, 1.0].csv-2
Done!
