Executing ... 
 09:57:40 | >>> Warming up ...
 00:00:00 | >>> Warmup finished - starting simulation ...
 Realtime |   ETA    |  Sim.Time  | Progress | #Orders | #Bundles | Inv. | Distance | #Coll. |   Memory    
 00:00:00 |   n/a    | 0.00:00:00 |  0.00%   |    0    |    0     | 60%  |    0     |   0    | 106.84MB  
 00:00:00 | Cannot generate further orders - suspending generation for now
 00:00:00 | Cannot generate further orders - suspending generation for now
 00:00:00 | Cannot generate further orders - suspending generation for now
 00:00:00 | Cannot generate further orders - suspending generation for now
 00:00:00 | Cannot generate further orders - suspending generation for now
 00:00:00 | Cannot generate further orders - suspending generation for now
 00:00:00 | Cannot generate further orders - suspending generation for now
 00:00:00 | Cannot generate further orders - suspending generation for now
 00:00:00 | Cannot generate further orders - suspending generation for now
 00:00:00 | Cannot generate further orders - suspending generation for now
 00:00:00 | Cannot generate further orders - suspending generation for now
 00:00:00 | Cannot generate further orders - suspending generation for now
 00:00:00 | 00:00:00 | 0.00:30:00 | 100.00%  |   496   |    0     | 13%  |   5022   |   0    | 103.99MB  
 00:00:00 | >>> Simulation finished - writing results ...
 00:00:01 | >>> Results written
Simulation finished.
>>> Timings
StatTimingPathPlanningAverage: 8.013407407407404E-05
StatTimingPathPlanningOverall: 0.06490859999999997
StatTimingPathPlanningCount: 810
StatTimingTaskAllocationAverage: 0.0017145444444444438
StatTimingTaskAllocationOverall: 0.35491069999999986
StatTimingTaskAllocationCount: 207
StatTimingItemStorageAverage: 8.470511140235965E-07
StatTimingItemStorageOverall: 0.0006463000000000041
StatTimingItemStorageCount: 763
StatTimingPodStorageAverage: 0.0015089070707070705
StatTimingPodStorageOverall: 0.14938179999999998
StatTimingPodStorageCount: 99
StatTimingReplenishmentBatchingAverage: 7.45E-06
StatTimingReplenishmentBatchingOverall: 1.49E-05
StatTimingReplenishmentBatchingCount: 2
StatTimingOrderBatchingAverage: 8.337413793103446E-05
StatTimingOrderBatchingOverall: 0.06769979999999999
StatTimingOrderBatchingCount: 812
>>> Overall
StatOverallBundlesPlaced: 0
StatOverallItemsOrdered: 658
StatOverallOrdersPlaced: 413
StatOverallBundlesRejected: 0
StatOverallOrdersRejected: 0
StatOverallBundlesHandled: 0
StatOverallItemsHandled: 776
StatOverallLinesHandled: 736
StatOverallOrdersHandled: 496
StatOverallCollisions: 0
StatOverallDistanceTraveled: 5022.4347231856145
StatOverallDistanceEstimated: 4877
StatOverallAssignedTasks: 207
StatMaxMemoryUsed: 106,8359375
StatRealTimeUsed: 0.9449184
StatAverageTurnoverTime: 456.65361055911507
StatMedianTurnoverTime: 292.8907431383814
StatLowerQuartileTurnoverTime: 144.33463202727
StatUpperQuartileTurnoverTime: 678.2089898732236
StatAverageThroughputTime: 102.49199693936689
StatMedianThroughputTime: 24.898888888888933
StatLowerQuartileThroughputTime: 15.997316013635043
StatUpperQuartileThroughputTime: 93.1538888888889

Marked tag finished after 1 tries!
.Fin. - SUCCESS
<<< Welcome to the RAWSimO CLI >>>
The time is: 06/13/2024 09:57:41
Starting RAWSimO wrapper with the following arguments:
Instance: ..\..\..\..\Material\Instances\0.Weighted30min Demand separate\Dd\Weighted2.xinst
Setting: ..\..\..\..\Material\Instances\0.Weighted30min Demand separate\Dd\Weighted2.xsett
ControlConfig: ..\..\..\..\Material\Instances\0.Weighted30min Demand separate\Dd\Weighted2.xconf
StatisticsDir: ..\..\..\..\Material\Instances\0.Weighted30min Demand separate\Dd
Seed: 1
Additionally the following tag was passed: 1, 0.642, 0.05, 0.15, 0.333, 1.0
Adding handler for unhandled exceptions ...
Initializing ... 
Instance recognized!
Parsing setting config ...
Parsing control config ...
Parsing instance ...
StatisticsFolder: Weighted2-Dd_[[1, 0.642, 0.05]]_2_[0.15, 0.333, 1.0].csv-1
Done!
