Executing ... 
 09:50:16 | >>> Warming up ...
 00:00:00 | >>> Warmup finished - starting simulation ...
 Realtime |   ETA    |  Sim.Time  | Progress | #Orders | #Bundles | Inv. | Distance | #Coll. |   Memory    
 00:00:00 |   n/a    | 0.00:00:00 |  0.00%   |    0    |    0     | 60%  |    0     |   0    | 101.25MB  
 00:00:00 | Cannot generate further orders - suspending generation for now
 00:00:00 | Cannot generate further orders - suspending generation for now
 00:00:00 | Cannot generate further orders - suspending generation for now
 00:00:00 | Cannot generate further orders - suspending generation for now
 00:00:00 | Cannot generate further orders - suspending generation for now
 00:00:00 | Cannot generate further orders - suspending generation for now
 00:00:00 | Cannot generate further orders - suspending generation for now
 00:00:01 | Cannot generate further orders - suspending generation for now
 00:00:01 | Cannot generate further orders - suspending generation for now
 00:00:01 | Cannot generate further orders - suspending generation for now
 00:00:01 | 00:00:00 | 0.00:30:00 | 100.00%  |   504   |    0     | 14%  |   4913   |   0    | 105.47MB  
 00:00:01 | >>> Simulation finished - writing results ...
 00:00:01 | >>> Results written
Simulation finished.
>>> Timings
StatTimingPathPlanningAverage: 9.425121359223303E-05
StatTimingPathPlanningOverall: 0.07766300000000001
StatTimingPathPlanningCount: 824
StatTimingTaskAllocationAverage: 0.0020222756218905473
StatTimingTaskAllocationOverall: 0.40647740000000004
StatTimingTaskAllocationCount: 201
StatTimingItemStorageAverage: 9.601915184678526E-07
StatTimingItemStorageOverall: 0.0007019000000000003
StatTimingItemStorageCount: 731
StatTimingPodStorageAverage: 0.0017770431578947362
StatTimingPodStorageOverall: 0.16881909999999994
StatTimingPodStorageCount: 95
StatTimingReplenishmentBatchingAverage: 7.8E-06
StatTimingReplenishmentBatchingOverall: 1.56E-05
StatTimingReplenishmentBatchingCount: 2
StatTimingOrderBatchingAverage: 9.259332509270696E-05
StatTimingOrderBatchingOverall: 0.07490799999999993
StatTimingOrderBatchingCount: 809
>>> Overall
StatOverallBundlesPlaced: 0
StatOverallItemsOrdered: 667
StatOverallOrdersPlaced: 434
StatOverallBundlesRejected: 0
StatOverallOrdersRejected: 0
StatOverallBundlesHandled: 0
StatOverallItemsHandled: 760
StatOverallLinesHandled: 720
StatOverallOrdersHandled: 504
StatOverallCollisions: 0
StatOverallDistanceTraveled: 4912.991478418295
StatOverallDistanceEstimated: 4742
StatOverallAssignedTasks: 201
StatMaxMemoryUsed: 105,47265625
StatRealTimeUsed: 1.0641245
StatAverageTurnoverTime: 444.89046224431905
StatMedianTurnoverTime: 264.66518758282643
StatLowerQuartileTurnoverTime: 122.29009379141257
StatUpperQuartileTurnoverTime: 684.7142640545403
StatAverageThroughputTime: 97.14757398206065
StatMedianThroughputTime: 21.688333333333333
StatLowerQuartileThroughputTime: 15.18444444444448
StatUpperQuartileThroughputTime: 88.34611111111127

Marked tag finished after 1 tries!
.Fin. - SUCCESS
<<< Welcome to the RAWSimO CLI >>>
The time is: 06/13/2024 09:50:17
Starting RAWSimO wrapper with the following arguments:
Instance: ..\..\..\..\Material\Instances\0.Weighted30min Demand separate\Dc\Weighted2.xinst
Setting: ..\..\..\..\Material\Instances\0.Weighted30min Demand separate\Dc\Weighted2.xsett
ControlConfig: ..\..\..\..\Material\Instances\0.Weighted30min Demand separate\Dc\Weighted2.xconf
StatisticsDir: ..\..\..\..\Material\Instances\0.Weighted30min Demand separate\Dc
Seed: 3
Additionally the following tag was passed: 1, 2.4696, 0.27199999999999996, 0.146, 0.143, 0.538
Adding handler for unhandled exceptions ...
Initializing ... 
Instance recognized!
Parsing setting config ...
Parsing control config ...
Parsing instance ...
StatisticsFolder: Weighted2-Dc_[[1, 2.4696, 0.27199999999999996]]_2_[0.146, 0.143, 0.538].csv-3
Done!
