Executing ... 
 09:57:51 | >>> Warming up ...
 00:00:00 | >>> Warmup finished - starting simulation ...
 Realtime |   ETA    |  Sim.Time  | Progress | #Orders | #Bundles | Inv. | Distance | #Coll. |   Memory    
 00:00:00 |   n/a    | 0.00:00:00 |  0.00%   |    0    |    0     | 60%  |    0     |   0    | 108.67MB  
 00:00:00 | Cannot generate further orders - suspending generation for now
 00:00:00 | Cannot generate further orders - suspending generation for now
 00:00:00 | Cannot generate further orders - suspending generation for now
 00:00:00 | Cannot generate further orders - suspending generation for now
 00:00:00 | Cannot generate further orders - suspending generation for now
 00:00:00 | Cannot generate further orders - suspending generation for now
 00:00:00 | Cannot generate further orders - suspending generation for now
 00:00:00 | Cannot generate further orders - suspending generation for now
 00:00:00 | Cannot generate further orders - suspending generation for now
 00:00:00 | 00:00:00 | 0.00:30:00 | 100.00%  |   464   |    0     | 17%  |   4938   |   0    | 103.42MB  
 00:00:00 | >>> Simulation finished - writing results ...
 00:00:01 | >>> Results written
Simulation finished.
>>> Timings
StatTimingPathPlanningAverage: 9.185519713261638E-05
StatTimingPathPlanningOverall: 0.0768827999999999
StatTimingPathPlanningCount: 837
StatTimingTaskAllocationAverage: 0.0017409053140096623
StatTimingTaskAllocationOverall: 0.3603674000000001
StatTimingTaskAllocationCount: 207
StatTimingItemStorageAverage: 8.811239193083621E-07
StatTimingItemStorageOverall: 0.0006115000000000033
StatTimingItemStorageCount: 694
StatTimingPodStorageAverage: 0.0016101232323232325
StatTimingPodStorageOverall: 0.15940220000000002
StatTimingPodStorageCount: 99
StatTimingReplenishmentBatchingAverage: 1.95E-05
StatTimingReplenishmentBatchingOverall: 3.9E-05
StatTimingReplenishmentBatchingCount: 2
StatTimingOrderBatchingAverage: 8.930389784946238E-05
StatTimingOrderBatchingOverall: 0.0664421
StatTimingOrderBatchingCount: 744
>>> Overall
StatOverallBundlesPlaced: 0
StatOverallItemsOrdered: 667
StatOverallOrdersPlaced: 415
StatOverallBundlesRejected: 0
StatOverallOrdersRejected: 0
StatOverallBundlesHandled: 0
StatOverallItemsHandled: 717
StatOverallLinesHandled: 677
StatOverallOrdersHandled: 464
StatOverallCollisions: 0
StatOverallDistanceTraveled: 4938.443973447778
StatOverallDistanceEstimated: 4808
StatOverallAssignedTasks: 207
StatMaxMemoryUsed: 108,79296875
StatRealTimeUsed: 0.9686216
StatAverageTurnoverTime: 452.2821558067741
StatMedianTurnoverTime: 321.8406493469684
StatLowerQuartileTurnoverTime: 146.3110173196975
StatUpperQuartileTurnoverTime: 626.4476839863654
StatAverageThroughputTime: 90.09455658684223
StatMedianThroughputTime: 23.22277777777788
StatLowerQuartileThroughputTime: 15.832128430809362
StatUpperQuartileThroughputTime: 88.34166666666681

Marked tag finished after 1 tries!
.Fin. - SUCCESS
<<< Welcome to the RAWSimO CLI >>>
The time is: 06/13/2024 09:57:52
Starting RAWSimO wrapper with the following arguments:
Instance: ..\..\..\..\Material\Instances\0.Weighted30min Demand separate\Dd\Weighted2.xinst
Setting: ..\..\..\..\Material\Instances\0.Weighted30min Demand separate\Dd\Weighted2.xsett
ControlConfig: ..\..\..\..\Material\Instances\0.Weighted30min Demand separate\Dd\Weighted2.xconf
StatisticsDir: ..\..\..\..\Material\Instances\0.Weighted30min Demand separate\Dd
Seed: 1
Additionally the following tag was passed: 1, 0.642, 0.21333333333333337, 0.17, 0.333, 0.8
Adding handler for unhandled exceptions ...
Initializing ... 
Instance recognized!
Parsing setting config ...
Parsing control config ...
Parsing instance ...
StatisticsFolder: Weighted2-Dd_[[1, 0.642, 0.21333333333333337]]_2_[0.17, 0.333, 0.8].csv-1
Done!
