Executing ... 
 19:59:36 | >>> Warming up ...
 00:00:00 | >>> Warmup finished - starting simulation ...
 Realtime |   ETA    |  Sim.Time  | Progress | #Orders | #Bundles | Inv. | Distance | #Coll. |   Memory    
 00:00:00 |   n/a    | 0.00:00:00 |  0.00%   |    0    |    0     | 60%  |    0     |   0    | 112.02MB  
 00:00:00 | Cannot generate further orders - suspending generation for now
 00:00:00 | Cannot generate further orders - suspending generation for now
 00:00:00 | Cannot generate further orders - suspending generation for now
 00:00:00 | Cannot generate further orders - suspending generation for now
 00:00:00 | Cannot generate further orders - suspending generation for now
 00:00:00 | Cannot generate further orders - suspending generation for now
 00:00:00 | Cannot generate further orders - suspending generation for now
 00:00:00 | Cannot generate further orders - suspending generation for now
 00:00:00 | Cannot generate further orders - suspending generation for now
 00:00:00 | Cannot generate further orders - suspending generation for now
 00:00:00 | Cannot generate further orders - suspending generation for now
 00:00:01 | Cannot generate further orders - suspending generation for now
 00:00:01 | 00:00:00 | 0.00:30:00 | 100.00%  |   498   |    0     | 13%  |   4770   |   0    | 107.41MB  
 00:00:01 | >>> Simulation finished - writing results ...
 00:00:01 | >>> Results written
Simulation finished.
>>> Timings
StatTimingPathPlanningAverage: 8.76003703703704E-05
StatTimingPathPlanningOverall: 0.07095630000000003
StatTimingPathPlanningCount: 810
StatTimingTaskAllocationAverage: 0.0019827582914572865
StatTimingTaskAllocationOverall: 0.39456890000000006
StatTimingTaskAllocationCount: 199
StatTimingItemStorageAverage: 9.732467532467567E-07
StatTimingItemStorageOverall: 0.0007494000000000026
StatTimingItemStorageCount: 770
StatTimingPodStorageAverage: 0.0017278833333333342
StatTimingPodStorageOverall: 0.16587680000000007
StatTimingPodStorageCount: 96
StatTimingReplenishmentBatchingAverage: 1.165E-05
StatTimingReplenishmentBatchingOverall: 2.33E-05
StatTimingReplenishmentBatchingCount: 2
StatTimingOrderBatchingAverage: 8.852567901234568E-05
StatTimingOrderBatchingOverall: 0.0717058
StatTimingOrderBatchingCount: 810
>>> Overall
StatOverallBundlesPlaced: 0
StatOverallItemsOrdered: 663
StatOverallOrdersPlaced: 415
StatOverallBundlesRejected: 0
StatOverallOrdersRejected: 0
StatOverallBundlesHandled: 0
StatOverallItemsHandled: 784
StatOverallLinesHandled: 743
StatOverallOrdersHandled: 498
StatOverallCollisions: 0
StatOverallDistanceTraveled: 4770.235911052815
StatOverallDistanceEstimated: 4705
StatOverallAssignedTasks: 199
StatMaxMemoryUsed: 112,0234375
StatRealTimeUsed: 1.0219926
StatAverageTurnoverTime: 436.979205721627
StatMedianTurnoverTime: 320.17500000000035
StatLowerQuartileTurnoverTime: 146.79555555555515
StatUpperQuartileTurnoverTime: 627.344913401511
StatAverageThroughputTime: 90.68211366267867
StatMedianThroughputTime: 26.687222222222147
StatLowerQuartileThroughputTime: 16.761666666666997
StatUpperQuartileThroughputTime: 91.55676045807922

Marked tag finished after 1 tries!
.Fin. - SUCCESS
<<< Welcome to the RAWSimO CLI >>>
The time is: 06/11/2024 19:59:37
Starting RAWSimO wrapper with the following arguments:
Instance: ..\..\..\..\Material\Instances\0.Weighted30min Demand separate\Df\Weighted2.xinst
Setting: ..\..\..\..\Material\Instances\0.Weighted30min Demand separate\Df\Weighted2.xsett
ControlConfig: ..\..\..\..\Material\Instances\0.Weighted30min Demand separate\Df\Weighted2.xconf
StatisticsDir: ..\..\..\..\Material\Instances\0.Weighted30min Demand separate\Df
Seed: 4
Additionally the following tag was passed: [[1, 0.1602857142857143, 0.068]]
Adding handler for unhandled exceptions ...
Initializing ... 
Instance recognized!
Parsing setting config ...
Parsing control config ...
Parsing instance ...
StatisticsFolder: Weighted2-Df_[[1, 0.1602857142857143, 0.068]]_1.csv-4
Done!
