Executing ... 
 09:40:02 | >>> Warming up ...
 00:00:00 | >>> Warmup finished - starting simulation ...
 Realtime |   ETA    |  Sim.Time  | Progress | #Orders | #Bundles | Inv. | Distance | #Coll. |   Memory    
 00:00:00 |   n/a    | 0.00:00:00 |  0.00%   |    0    |    0     | 60%  |    0     |   0    |  77.82MB  
 00:00:00 | Cannot generate further orders - suspending generation for now
 00:00:00 | Cannot generate further orders - suspending generation for now
 00:00:00 | Cannot generate further orders - suspending generation for now
 00:00:00 | Cannot generate further orders - suspending generation for now
 00:00:01 | Cannot generate further orders - suspending generation for now
 00:00:01 | Cannot generate further orders - suspending generation for now
 00:00:01 | Cannot generate further orders - suspending generation for now
 00:00:01 | Cannot generate further orders - suspending generation for now
 00:00:01 | 00:00:00 | 0.00:30:00 | 100.00%  |   484   |    0     | 15%  |   5143   |   0    |  76.76MB  
 00:00:01 | >>> Simulation finished - writing results ...
 00:00:01 | >>> Results written
Simulation finished.
>>> Timings
StatTimingPathPlanningAverage: 0.00011831000000000005
StatTimingPathPlanningOverall: 0.09583110000000004
StatTimingPathPlanningCount: 810
StatTimingTaskAllocationAverage: 0.001833617961165048
StatTimingTaskAllocationOverall: 0.3777252999999999
StatTimingTaskAllocationCount: 206
StatTimingItemStorageAverage: 9.883522727272746E-07
StatTimingItemStorageOverall: 0.0006958000000000013
StatTimingItemStorageCount: 704
StatTimingPodStorageAverage: 0.0017692515151515149
StatTimingPodStorageOverall: 0.17515589999999998
StatTimingPodStorageCount: 99
StatTimingReplenishmentBatchingAverage: 7.65E-06
StatTimingReplenishmentBatchingOverall: 1.53E-05
StatTimingReplenishmentBatchingCount: 2
StatTimingOrderBatchingAverage: 0.00011412838541666663
StatTimingOrderBatchingOverall: 0.08765059999999997
StatTimingOrderBatchingCount: 768
>>> Overall
StatOverallBundlesPlaced: 0
StatOverallItemsOrdered: 657
StatOverallOrdersPlaced: 416
StatOverallBundlesRejected: 0
StatOverallOrdersRejected: 0
StatOverallBundlesHandled: 0
StatOverallItemsHandled: 745
StatOverallLinesHandled: 705
StatOverallOrdersHandled: 484
StatOverallCollisions: 0
StatOverallDistanceTraveled: 5143.305481841349
StatOverallDistanceEstimated: 5044
StatOverallAssignedTasks: 206
StatMaxMemoryUsed: 77,82421875
StatRealTimeUsed: 1.1101931
StatAverageTurnoverTime: 475.0538888265162
StatMedianTurnoverTime: 343.1150937914129
StatLowerQuartileTurnoverTime: 125.84777777777781
StatUpperQuartileTurnoverTime: 697.7187084989846
StatAverageThroughputTime: 88.91138395453714
StatMedianThroughputTime: 20.6400000000001
StatLowerQuartileThroughputTime: 15.409718625761457
StatUpperQuartileThroughputTime: 71.47018758282479

Marked tag finished after 1 tries!
.Fin. - SUCCESS
<<< Welcome to the RAWSimO CLI >>>
The time is: 06/13/2024 09:40:03
Starting RAWSimO wrapper with the following arguments:
Instance: ..\..\..\..\Material\Instances\0.Weighted30min Demand separate\Da\Weighted2.xinst
Setting: ..\..\..\..\Material\Instances\0.Weighted30min Demand separate\Da\Weighted2.xsett
ControlConfig: ..\..\..\..\Material\Instances\0.Weighted30min Demand separate\Da\Weighted2.xconf
StatisticsDir: ..\..\..\..\Material\Instances\0.Weighted30min Demand separate\Da
Seed: 2
Additionally the following tag was passed: 1, 6.0207999999999995, 0.052, 0.102, 0.1, 0.534
Adding handler for unhandled exceptions ...
Initializing ... 
Instance recognized!
Parsing setting config ...
Parsing control config ...
Parsing instance ...
StatisticsFolder: Weighted2-Da_[[1, 6.0207999999999995, 0.052]]_1_[0.102, 0.1, 0.534].csv-2
Done!
