Executing ... 
 09:53:01 | >>> Warming up ...
 00:00:00 | >>> Warmup finished - starting simulation ...
 Realtime |   ETA    |  Sim.Time  | Progress | #Orders | #Bundles | Inv. | Distance | #Coll. |   Memory    
 00:00:00 |   n/a    | 0.00:00:00 |  0.00%   |    0    |    0     | 60%  |    0     |   0    |  94.46MB  
 00:00:00 | Cannot generate further orders - suspending generation for now
 00:00:00 | Cannot generate further orders - suspending generation for now
 00:00:00 | Cannot generate further orders - suspending generation for now
 00:00:00 | Cannot generate further orders - suspending generation for now
 00:00:00 | Cannot generate further orders - suspending generation for now
 00:00:00 | Cannot generate further orders - suspending generation for now
 00:00:00 | Cannot generate further orders - suspending generation for now
 00:00:00 | Cannot generate further orders - suspending generation for now
 00:00:00 | Cannot generate further orders - suspending generation for now
 00:00:00 | Cannot generate further orders - suspending generation for now
 00:00:01 | 00:00:00 | 0.00:30:00 | 100.00%  |   488   |    0     | 14%  |   4944   |   0    |  91.31MB  
 00:00:01 | >>> Simulation finished - writing results ...
 00:00:01 | >>> Results written
Simulation finished.
>>> Timings
StatTimingPathPlanningAverage: 0.00010942206405693952
StatTimingPathPlanningOverall: 0.09224280000000001
StatTimingPathPlanningCount: 843
StatTimingTaskAllocationAverage: 0.0017807365384615377
StatTimingTaskAllocationOverall: 0.37039319999999987
StatTimingTaskAllocationCount: 208
StatTimingItemStorageAverage: 9.051351351351365E-07
StatTimingItemStorageOverall: 0.000669800000000001
StatTimingItemStorageCount: 740
StatTimingPodStorageAverage: 0.0016997599999999994
StatTimingPodStorageOverall: 0.16997599999999993
StatTimingPodStorageCount: 100
StatTimingReplenishmentBatchingAverage: 7.2999999999999996E-06
StatTimingReplenishmentBatchingOverall: 1.4599999999999999E-05
StatTimingReplenishmentBatchingCount: 2
StatTimingOrderBatchingAverage: 8.389346153846159E-05
StatTimingOrderBatchingOverall: 0.06543690000000003
StatTimingOrderBatchingCount: 780
>>> Overall
StatOverallBundlesPlaced: 0
StatOverallItemsOrdered: 664
StatOverallOrdersPlaced: 415
StatOverallBundlesRejected: 0
StatOverallOrdersRejected: 0
StatOverallBundlesHandled: 0
StatOverallItemsHandled: 759
StatOverallLinesHandled: 720
StatOverallOrdersHandled: 488
StatOverallCollisions: 0
StatOverallDistanceTraveled: 4943.921476234497
StatOverallDistanceEstimated: 4854
StatOverallAssignedTasks: 208
StatMaxMemoryUsed: 95,30078125
StatRealTimeUsed: 1.009569
StatAverageTurnoverTime: 456.25086004967346
StatMedianTurnoverTime: 261.73908366463263
StatLowerQuartileTurnoverTime: 110.59685424949248
StatUpperQuartileTurnoverTime: 643.2892424757922
StatAverageThroughputTime: 83.317844619923
StatMedianThroughputTime: 24.43158006817248
StatLowerQuartileThroughputTime: 16.261111111111177
StatUpperQuartileThroughputTime: 81.35888888888985

Marked tag finished after 1 tries!
.Fin. - SUCCESS
<<< Welcome to the RAWSimO CLI >>>
The time is: 06/13/2024 09:53:02
Starting RAWSimO wrapper with the following arguments:
Instance: ..\..\..\..\Material\Instances\0.Weighted30min Demand separate\Dc\Weighted2.xinst
Setting: ..\..\..\..\Material\Instances\0.Weighted30min Demand separate\Dc\Weighted2.xsett
ControlConfig: ..\..\..\..\Material\Instances\0.Weighted30min Demand separate\Dc\Weighted2.xconf
StatisticsDir: ..\..\..\..\Material\Instances\0.Weighted30min Demand separate\Dc
Seed: 1
Additionally the following tag was passed: 1, 6.087, 0.27199999999999996, 0.146, 0.143, 0.538
Adding handler for unhandled exceptions ...
Initializing ... 
Instance recognized!
Parsing setting config ...
Parsing control config ...
Parsing instance ...
StatisticsFolder: Weighted2-Dc_[[1, 6.087, 0.27199999999999996]]_3_[0.146, 0.143, 0.538].csv-1
Done!
