Executing ... 
 19:27:05 | >>> Warming up ...
 00:00:00 | >>> Warmup finished - starting simulation ...
 Realtime |   ETA    |  Sim.Time  | Progress | #Orders | #Bundles | Inv. | Distance | #Coll. |   Memory    
 00:00:00 |   n/a    | 0.00:00:00 |  0.00%   |    0    |    0     | 60%  |    0     |   0    | 115.29MB  
 00:00:00 | Cannot generate further orders - suspending generation for now
 00:00:00 | Cannot generate further orders - suspending generation for now
 00:00:00 | Cannot generate further orders - suspending generation for now
 00:00:00 | Cannot generate further orders - suspending generation for now
 00:00:00 | Cannot generate further orders - suspending generation for now
 00:00:00 | Cannot generate further orders - suspending generation for now
 00:00:00 | Cannot generate further orders - suspending generation for now
 00:00:00 | 00:00:00 | 0.00:30:00 | 100.00%  |   477   |    0     | 16%  |   5001   |   0    | 116.00MB  
 00:00:00 | >>> Simulation finished - writing results ...
 00:00:00 | >>> Results written
Simulation finished.
>>> Timings
StatTimingPathPlanningAverage: 8.791137440758293E-05
StatTimingPathPlanningOverall: 0.07419719999999999
StatTimingPathPlanningCount: 844
StatTimingTaskAllocationAverage: 0.0016154457547169806
StatTimingTaskAllocationOverall: 0.3424744999999999
StatTimingTaskAllocationCount: 212
StatTimingItemStorageAverage: 9.189655172413837E-07
StatTimingItemStorageOverall: 0.0006396000000000031
StatTimingItemStorageCount: 696
StatTimingPodStorageAverage: 0.0014371178217821793
StatTimingPodStorageOverall: 0.1451489000000001
StatTimingPodStorageCount: 101
StatTimingReplenishmentBatchingAverage: 6.95E-06
StatTimingReplenishmentBatchingOverall: 1.39E-05
StatTimingReplenishmentBatchingCount: 2
StatTimingOrderBatchingAverage: 8.140944881889765E-05
StatTimingOrderBatchingOverall: 0.062034000000000006
StatTimingOrderBatchingCount: 762
>>> Overall
StatOverallBundlesPlaced: 0
StatOverallItemsOrdered: 652
StatOverallOrdersPlaced: 413
StatOverallBundlesRejected: 0
StatOverallOrdersRejected: 0
StatOverallBundlesHandled: 0
StatOverallItemsHandled: 731
StatOverallLinesHandled: 689
StatOverallOrdersHandled: 477
StatOverallCollisions: 0
StatOverallDistanceTraveled: 5001.090784544203
StatOverallDistanceEstimated: 4904
StatOverallAssignedTasks: 212
StatMaxMemoryUsed: 116,00390625
StatRealTimeUsed: 0.8998457
StatAverageTurnoverTime: 484.3150217187516
StatMedianTurnoverTime: 337.19184705657074
StatLowerQuartileTurnoverTime: 137.55852091615913
StatUpperQuartileTurnoverTime: 714.0451875828269
StatAverageThroughputTime: 91.55272552630997
StatMedianThroughputTime: 24.266666666666424
StatLowerQuartileThroughputTime: 13.044999999999959
StatUpperQuartileThroughputTime: 93.90398268030214

Marked tag finished after 1 tries!
.Fin. - SUCCESS
<<< Welcome to the RAWSimO CLI >>>
The time is: 06/25/2024 19:27:06
Starting RAWSimO wrapper with the following arguments:
Instance: ..\..\..\..\Material\Instances\10.Weighted30min Demand Gall\Dr\Weighted2.xinst
Setting: ..\..\..\..\Material\Instances\10.Weighted30min Demand Gall\Dr\Weighted2.xsett
ControlConfig: ..\..\..\..\Material\Instances\10.Weighted30min Demand Gall\Dr\Weighted2.xconf
StatisticsDir: ..\..\..\..\Material\Instances\10.Weighted30min Demand Gall\Dr
Seed: 2
Additionally the following tag was passed: 1, 1.1663636363636365, 1.0, 0.207, 0.176, 1.0
Adding handler for unhandled exceptions ...
Initializing ... 
Instance recognized!
Parsing setting config ...
Parsing control config ...
Parsing instance ...
StatisticsFolder: Weighted2-Dr_[[1, 1.1663636363636365, 1.0]]_1_[0.207, 0.176, 1.0].csv-2
Done!
