Executing ... 
 19:27:42 | >>> Warming up ...
 00:00:00 | >>> Warmup finished - starting simulation ...
 Realtime |   ETA    |  Sim.Time  | Progress | #Orders | #Bundles | Inv. | Distance | #Coll. |   Memory    
 00:00:00 |   n/a    | 0.00:00:00 |  0.00%   |    0    |    0     | 60%  |    0     |   0    | 132.89MB  
 00:00:00 | Cannot generate further orders - suspending generation for now
 00:00:00 | Cannot generate further orders - suspending generation for now
 00:00:00 | Cannot generate further orders - suspending generation for now
 00:00:00 | Cannot generate further orders - suspending generation for now
 00:00:00 | Cannot generate further orders - suspending generation for now
 00:00:00 | Cannot generate further orders - suspending generation for now
 00:00:00 | Cannot generate further orders - suspending generation for now
 00:00:00 | Cannot generate further orders - suspending generation for now
 00:00:00 | Cannot generate further orders - suspending generation for now
 00:00:00 | 00:00:00 | 0.00:30:00 | 100.00%  |   463   |    0     | 16%  |   5069   |   0    | 129.39MB  
 00:00:00 | >>> Simulation finished - writing results ...
 00:00:00 | >>> Results written
Simulation finished.
>>> Timings
StatTimingPathPlanningAverage: 8.811465116279071E-05
StatTimingPathPlanningOverall: 0.07577860000000002
StatTimingPathPlanningCount: 860
StatTimingTaskAllocationAverage: 0.0016887180487804878
StatTimingTaskAllocationOverall: 0.3461872
StatTimingTaskAllocationCount: 205
StatTimingItemStorageAverage: 9.521739130434805E-07
StatTimingItemStorageOverall: 0.0006570000000000015
StatTimingItemStorageCount: 690
StatTimingPodStorageAverage: 0.0015722826530612242
StatTimingPodStorageOverall: 0.15408369999999996
StatTimingPodStorageCount: 98
StatTimingReplenishmentBatchingAverage: 6.75E-06
StatTimingReplenishmentBatchingOverall: 1.35E-05
StatTimingReplenishmentBatchingCount: 2
StatTimingOrderBatchingAverage: 8.348655126498004E-05
StatTimingOrderBatchingOverall: 0.06269840000000002
StatTimingOrderBatchingCount: 751
>>> Overall
StatOverallBundlesPlaced: 0
StatOverallItemsOrdered: 657
StatOverallOrdersPlaced: 411
StatOverallBundlesRejected: 0
StatOverallOrdersRejected: 0
StatOverallBundlesHandled: 0
StatOverallItemsHandled: 728
StatOverallLinesHandled: 687
StatOverallOrdersHandled: 463
StatOverallCollisions: 0
StatOverallDistanceTraveled: 5069.401075769569
StatOverallDistanceEstimated: 4895
StatOverallAssignedTasks: 205
StatMaxMemoryUsed: 132,3671875
StatRealTimeUsed: 0.9120627
StatAverageTurnoverTime: 486.4416532931593
StatMedianTurnoverTime: 400.7159307212123
StatLowerQuartileTurnoverTime: 176.6289826803021
StatUpperQuartileTurnoverTime: 688.7462120954461
StatAverageThroughputTime: 92.73569368372341
StatMedianThroughputTime: 24.684170263122496
StatLowerQuartileThroughputTime: 16.107222222222276
StatUpperQuartileThroughputTime: 85.73851372323725

Marked tag finished after 1 tries!
.Fin. - SUCCESS
<<< Welcome to the RAWSimO CLI >>>
The time is: 06/25/2024 19:27:43
Starting RAWSimO wrapper with the following arguments:
Instance: ..\..\..\..\Material\Instances\10.Weighted30min Demand Gall\Dr\Weighted2.xinst
Setting: ..\..\..\..\Material\Instances\10.Weighted30min Demand Gall\Dr\Weighted2.xsett
ControlConfig: ..\..\..\..\Material\Instances\10.Weighted30min Demand Gall\Dr\Weighted2.xconf
StatisticsDir: ..\..\..\..\Material\Instances\10.Weighted30min Demand Gall\Dr
Seed: 4
Additionally the following tag was passed: 1, 1.310909090909091, 1.0, 0.211, 0.162, 1.0
Adding handler for unhandled exceptions ...
Initializing ... 
Instance recognized!
Parsing setting config ...
Parsing control config ...
Parsing instance ...
StatisticsFolder: Weighted2-Dr_[[1, 1.310909090909091, 1.0]]_3_[0.211, 0.162, 1.0].csv-4
Done!
