Executing ... 
 09:40:04 | >>> Warming up ...
 00:00:00 | >>> Warmup finished - starting simulation ...
 Realtime |   ETA    |  Sim.Time  | Progress | #Orders | #Bundles | Inv. | Distance | #Coll. |   Memory    
 00:00:00 |   n/a    | 0.00:00:00 |  0.00%   |    0    |    0     | 60%  |    0     |   0    |  78.80MB  
 00:00:00 | Cannot generate further orders - suspending generation for now
 00:00:00 | Cannot generate further orders - suspending generation for now
 00:00:01 | Cannot generate further orders - suspending generation for now
 00:00:01 | Cannot generate further orders - suspending generation for now
 00:00:01 | Cannot generate further orders - suspending generation for now
 00:00:01 | Cannot generate further orders - suspending generation for now
 00:00:01 | Cannot generate further orders - suspending generation for now
 00:00:01 | Cannot generate further orders - suspending generation for now
 00:00:01 | Cannot generate further orders - suspending generation for now
 00:00:01 | Cannot generate further orders - suspending generation for now
 00:00:01 | Cannot generate further orders - suspending generation for now
 00:00:01 | 00:00:00 | 0.00:30:00 | 100.00%  |   461   |    0     | 17%  |   5004   |   0    |  74.08MB  
 00:00:01 | >>> Simulation finished - writing results ...
 00:00:01 | >>> Results written
Simulation finished.
>>> Timings
StatTimingPathPlanningAverage: 0.00010827463942307684
StatTimingPathPlanningOverall: 0.09008449999999993
StatTimingPathPlanningCount: 832
StatTimingTaskAllocationAverage: 0.002441695693779904
StatTimingTaskAllocationOverall: 0.5103144
StatTimingTaskAllocationCount: 209
StatTimingItemStorageAverage: 1.0328530259365993E-06
StatTimingItemStorageOverall: 0.0007167999999999999
StatTimingItemStorageCount: 694
StatTimingPodStorageAverage: 0.0024451729999999993
StatTimingPodStorageOverall: 0.24451729999999994
StatTimingPodStorageCount: 100
StatTimingReplenishmentBatchingAverage: 8.15E-06
StatTimingReplenishmentBatchingOverall: 1.63E-05
StatTimingReplenishmentBatchingCount: 2
StatTimingOrderBatchingAverage: 0.0001052497333333333
StatTimingOrderBatchingOverall: 0.07893729999999997
StatTimingOrderBatchingCount: 750
>>> Overall
StatOverallBundlesPlaced: 0
StatOverallItemsOrdered: 642
StatOverallOrdersPlaced: 402
StatOverallBundlesRejected: 0
StatOverallOrdersRejected: 0
StatOverallBundlesHandled: 0
StatOverallItemsHandled: 709
StatOverallLinesHandled: 669
StatOverallOrdersHandled: 461
StatOverallCollisions: 0
StatOverallDistanceTraveled: 5004.003217718179
StatOverallDistanceEstimated: 4826
StatOverallAssignedTasks: 209
StatMaxMemoryUsed: 78,9453125
StatRealTimeUsed: 1.2273799
StatAverageTurnoverTime: 446.68435587176805
StatMedianTurnoverTime: 324.154812417175
StatLowerQuartileTurnoverTime: 153.50787156919068
StatUpperQuartileTurnoverTime: 585.6825973878733
StatAverageThroughputTime: 95.54245051906149
StatMedianThroughputTime: 25.127128430809364
StatLowerQuartileThroughputTime: 13.928427124746577
StatUpperQuartileThroughputTime: 83.2868542494922

Marked tag finished after 1 tries!
.Fin. - SUCCESS
<<< Welcome to the RAWSimO CLI >>>
The time is: 06/13/2024 09:40:06
Starting RAWSimO wrapper with the following arguments:
Instance: ..\..\..\..\Material\Instances\0.Weighted30min Demand separate\Da\Weighted2.xinst
Setting: ..\..\..\..\Material\Instances\0.Weighted30min Demand separate\Da\Weighted2.xsett
ControlConfig: ..\..\..\..\Material\Instances\0.Weighted30min Demand separate\Da\Weighted2.xconf
StatisticsDir: ..\..\..\..\Material\Instances\0.Weighted30min Demand separate\Da
Seed: 1
Additionally the following tag was passed: 1, 6.0207999999999995, 0.052, 0.086, 0.13, 0.553
Adding handler for unhandled exceptions ...
Initializing ... 
Instance recognized!
Parsing setting config ...
Parsing control config ...
Parsing instance ...
StatisticsFolder: Weighted2-Da_[[1, 6.0207999999999995, 0.052]]_2_[0.086, 0.13, 0.553].csv-1
Done!
