Executing ... 
 16:22:06 | >>> Warming up ...
 00:00:00 | >>> Warmup finished - starting simulation ...
 Realtime |   ETA    |  Sim.Time  | Progress | #Orders | #Bundles | Inv. | Distance | #Coll. |   Memory    
 00:00:00 |   n/a    | 0.00:00:00 |  0.00%   |    0    |    0     | 60%  |    0     |   0    |  90.86MB  
 00:00:01 | Cannot generate further orders - suspending generation for now
 00:00:01 | Cannot generate further orders - suspending generation for now
 00:00:01 | Cannot generate further orders - suspending generation for now
 00:00:01 | Cannot generate further orders - suspending generation for now
 00:00:01 | Cannot generate further orders - suspending generation for now
 00:00:01 | Cannot generate further orders - suspending generation for now
 00:00:01 | Cannot generate further orders - suspending generation for now
 00:00:01 | Cannot generate further orders - suspending generation for now
 00:00:01 | Cannot generate further orders - suspending generation for now
 00:00:01 | Cannot generate further orders - suspending generation for now
 00:00:01 | 00:00:00 | 0.00:30:00 | 100.00%  |   483   |    0     | 16%  |   5061   |   0    |  88.72MB  
 00:00:01 | >>> Simulation finished - writing results ...
 00:00:01 | >>> Results written
Simulation finished.
>>> Timings
StatTimingPathPlanningAverage: 0.00012866662665066023
StatTimingPathPlanningOverall: 0.10717929999999996
StatTimingPathPlanningCount: 833
StatTimingTaskAllocationAverage: 0.00251864855769231
StatTimingTaskAllocationOverall: 0.5238789000000005
StatTimingTaskAllocationCount: 208
StatTimingItemStorageAverage: 1.4573426573426533E-06
StatTimingItemStorageOverall: 0.0010419999999999971
StatTimingItemStorageCount: 715
StatTimingPodStorageAverage: 0.0021534529999999983
StatTimingPodStorageOverall: 0.21534529999999985
StatTimingPodStorageCount: 100
StatTimingReplenishmentBatchingAverage: 8.25E-06
StatTimingReplenishmentBatchingOverall: 1.65E-05
StatTimingReplenishmentBatchingCount: 2
StatTimingOrderBatchingAverage: 0.00012891265822784803
StatTimingOrderBatchingOverall: 0.10184099999999995
StatTimingOrderBatchingCount: 790
>>> Overall
StatOverallBundlesPlaced: 0
StatOverallItemsOrdered: 653
StatOverallOrdersPlaced: 426
StatOverallBundlesRejected: 0
StatOverallOrdersRejected: 0
StatOverallBundlesHandled: 0
StatOverallItemsHandled: 728
StatOverallLinesHandled: 689
StatOverallOrdersHandled: 483
StatOverallCollisions: 0
StatOverallDistanceTraveled: 5060.573036898349
StatOverallDistanceEstimated: 4894
StatOverallAssignedTasks: 208
StatMaxMemoryUsed: 90,60546875
StatRealTimeUsed: 1.3329029
StatAverageTurnoverTime: 459.7749478631677
StatMedianTurnoverTime: 312.4637013060633
StatLowerQuartileTurnoverTime: 131.0533333333334
StatUpperQuartileTurnoverTime: 709.3108369297947
StatAverageThroughputTime: 98.255791961523
StatMedianThroughputTime: 22.85833333333335
StatLowerQuartileThroughputTime: 15.884444444444398
StatUpperQuartileThroughputTime: 83.53296536060498

Marked tag finished after 1 tries!
.Fin. - SUCCESS
<<< Welcome to the RAWSimO CLI >>>
The time is: 06/21/2024 16:22:08
Starting RAWSimO wrapper with the following arguments:
Instance: ..\..\..\..\Material\Instances\01.Weighted30min Demand Gall\Dr\Weighted2.xinst
Setting: ..\..\..\..\Material\Instances\01.Weighted30min Demand Gall\Dr\Weighted2.xsett
ControlConfig: ..\..\..\..\Material\Instances\01.Weighted30min Demand Gall\Dr\Weighted2.xconf
StatisticsDir: ..\..\..\..\Material\Instances\01.Weighted30min Demand Gall\Dr
Seed: 3
Additionally the following tag was passed: 1, 1.1457142857142857, 1.0, 0.205, 0.181, 1.0
Adding handler for unhandled exceptions ...
Initializing ... 
Instance recognized!
Parsing setting config ...
Parsing control config ...
Parsing instance ...
StatisticsFolder: Weighted2-Dr_[[1, 1.1457142857142857, 1.0]]_2_[0.205, 0.181, 1.0].csv-3
Done!
