Executing ... 
 09:37:00 | >>> Warming up ...
 00:00:00 | >>> Warmup finished - starting simulation ...
 Realtime |   ETA    |  Sim.Time  | Progress | #Orders | #Bundles | Inv. | Distance | #Coll. |   Memory    
 00:00:00 |   n/a    | 0.00:00:00 |  0.00%   |    0    |    0     | 60%  |    0     |   0    |  70.29MB  
 00:00:00 | Cannot generate further orders - suspending generation for now
 00:00:00 | Cannot generate further orders - suspending generation for now
 00:00:00 | Cannot generate further orders - suspending generation for now
 00:00:00 | Cannot generate further orders - suspending generation for now
 00:00:00 | Cannot generate further orders - suspending generation for now
 00:00:00 | Cannot generate further orders - suspending generation for now
 00:00:00 | Cannot generate further orders - suspending generation for now
 00:00:00 | Cannot generate further orders - suspending generation for now
 00:00:01 | Cannot generate further orders - suspending generation for now
 00:00:01 | 00:00:00 | 0.00:30:00 | 100.00%  |   489   |    0     | 15%  |   5099   |   0    |  68.77MB  
 00:00:01 | >>> Simulation finished - writing results ...
 00:00:01 | >>> Results written
Simulation finished.
>>> Timings
StatTimingPathPlanningAverage: 8.694105263157882E-05
StatTimingPathPlanningOverall: 0.07433459999999989
StatTimingPathPlanningCount: 855
StatTimingTaskAllocationAverage: 0.0018119785714285723
StatTimingTaskAllocationOverall: 0.3805155000000002
StatTimingTaskAllocationCount: 210
StatTimingItemStorageAverage: 9.095966620306024E-07
StatTimingItemStorageOverall: 0.0006540000000000031
StatTimingItemStorageCount: 719
StatTimingPodStorageAverage: 0.0015946849999999998
StatTimingPodStorageOverall: 0.15946849999999999
StatTimingPodStorageCount: 100
StatTimingReplenishmentBatchingAverage: 7.95E-06
StatTimingReplenishmentBatchingOverall: 1.59E-05
StatTimingReplenishmentBatchingCount: 2
StatTimingOrderBatchingAverage: 9.637762148337582E-05
StatTimingOrderBatchingOverall: 0.07536729999999989
StatTimingOrderBatchingCount: 782
>>> Overall
StatOverallBundlesPlaced: 0
StatOverallItemsOrdered: 632
StatOverallOrdersPlaced: 411
StatOverallBundlesRejected: 0
StatOverallOrdersRejected: 0
StatOverallBundlesHandled: 0
StatOverallItemsHandled: 741
StatOverallLinesHandled: 704
StatOverallOrdersHandled: 489
StatOverallCollisions: 0
StatOverallDistanceTraveled: 5098.859783076781
StatOverallDistanceEstimated: 4974
StatOverallAssignedTasks: 210
StatMaxMemoryUsed: 71,82421875
StatRealTimeUsed: 1.0304798
StatAverageTurnoverTime: 452.61172949817956
StatMedianTurnoverTime: 291.80518758282574
StatLowerQuartileTurnoverTime: 132.4727777777778
StatUpperQuartileTurnoverTime: 641.4940042590803
StatAverageThroughputTime: 100.56975416827791
StatMedianThroughputTime: 23.102777777777987
StatLowerQuartileThroughputTime: 13.04666666666617
StatUpperQuartileThroughputTime: 75.68908366463779

Marked tag finished after 1 tries!
.Fin. - SUCCESS
<<< Welcome to the RAWSimO CLI >>>
The time is: 06/13/2024 09:37:01
Starting RAWSimO wrapper with the following arguments:
Instance: ..\..\..\..\Material\Instances\0.Weighted30min Demand separate\Da\Weighted2.xinst
Setting: ..\..\..\..\Material\Instances\0.Weighted30min Demand separate\Da\Weighted2.xsett
ControlConfig: ..\..\..\..\Material\Instances\0.Weighted30min Demand separate\Da\Weighted2.xconf
StatisticsDir: ..\..\..\..\Material\Instances\0.Weighted30min Demand separate\Da
Seed: 3
Additionally the following tag was passed: 1, 0.052, 0.71, 0.103, 1.0, 0.25
Adding handler for unhandled exceptions ...
Initializing ... 
Instance recognized!
Parsing setting config ...
Parsing control config ...
Parsing instance ...
StatisticsFolder: Weighted2-Da_[[1, 0.052, 0.71]]_2_[0.103, 1.0, 0.25].csv-3
Done!
