Executing ... 
 19:25:12 | >>> Warming up ...
 00:00:00 | >>> Warmup finished - starting simulation ...
 Realtime |   ETA    |  Sim.Time  | Progress | #Orders | #Bundles | Inv. | Distance | #Coll. |   Memory    
 00:00:00 |   n/a    | 0.00:00:00 |  0.00%   |    0    |    0     | 60%  |    0     |   0    | 106.10MB  
 00:00:00 | Cannot generate further orders - suspending generation for now
 00:00:00 | Cannot generate further orders - suspending generation for now
 00:00:00 | Cannot generate further orders - suspending generation for now
 00:00:00 | Cannot generate further orders - suspending generation for now
 00:00:00 | Cannot generate further orders - suspending generation for now
 00:00:00 | Cannot generate further orders - suspending generation for now
 00:00:00 | Cannot generate further orders - suspending generation for now
 00:00:00 | Cannot generate further orders - suspending generation for now
 00:00:00 | Cannot generate further orders - suspending generation for now
 00:00:00 | Cannot generate further orders - suspending generation for now
 00:00:00 | 00:00:00 | 0.00:30:00 | 100.00%  |   487   |    0     | 16%  |   5048   |   0    | 105.46MB  
 00:00:00 | >>> Simulation finished - writing results ...
 00:00:00 | >>> Results written
Simulation finished.
>>> Timings
StatTimingPathPlanningAverage: 8.461132530120478E-05
StatTimingPathPlanningOverall: 0.07022739999999997
StatTimingPathPlanningCount: 830
StatTimingTaskAllocationAverage: 0.0017138124401913884
StatTimingTaskAllocationOverall: 0.3581868000000002
StatTimingTaskAllocationCount: 209
StatTimingItemStorageAverage: 9.064066852367728E-07
StatTimingItemStorageOverall: 0.0006508000000000029
StatTimingItemStorageCount: 718
StatTimingPodStorageAverage: 0.0014960489999999995
StatTimingPodStorageOverall: 0.14960489999999996
StatTimingPodStorageCount: 100
StatTimingReplenishmentBatchingAverage: 7.55E-06
StatTimingReplenishmentBatchingOverall: 1.51E-05
StatTimingReplenishmentBatchingCount: 2
StatTimingOrderBatchingAverage: 8.02979746835443E-05
StatTimingOrderBatchingOverall: 0.0634354
StatTimingOrderBatchingCount: 790
>>> Overall
StatOverallBundlesPlaced: 0
StatOverallItemsOrdered: 667
StatOverallOrdersPlaced: 426
StatOverallBundlesRejected: 0
StatOverallOrdersRejected: 0
StatOverallBundlesHandled: 0
StatOverallItemsHandled: 738
StatOverallLinesHandled: 692
StatOverallOrdersHandled: 487
StatOverallCollisions: 0
StatOverallDistanceTraveled: 5048.111655877266
StatOverallDistanceEstimated: 4916
StatOverallAssignedTasks: 209
StatMaxMemoryUsed: 106,05859375
StatRealTimeUsed: 0.9252796
StatAverageTurnoverTime: 457.8113273962752
StatMedianTurnoverTime: 331.53018758282974
StatLowerQuartileTurnoverTime: 152.9978715691907
StatUpperQuartileTurnoverTime: 644.3934343176683
StatAverageThroughputTime: 89.55926349131991
StatMedianThroughputTime: 23.85833333333312
StatLowerQuartileThroughputTime: 12.902777777778283
StatUpperQuartileThroughputTime: 82.87564934697002

Marked tag finished after 1 tries!
.Fin. - SUCCESS
<<< Welcome to the RAWSimO CLI >>>
The time is: 06/25/2024 19:25:13
Starting RAWSimO wrapper with the following arguments:
Instance: ..\..\..\..\Material\Instances\10.Weighted30min Demand Gall\Dr\Weighted2.xinst
Setting: ..\..\..\..\Material\Instances\10.Weighted30min Demand Gall\Dr\Weighted2.xsett
ControlConfig: ..\..\..\..\Material\Instances\10.Weighted30min Demand Gall\Dr\Weighted2.xconf
StatisticsDir: ..\..\..\..\Material\Instances\10.Weighted30min Demand Gall\Dr
Seed: 6
Additionally the following tag was passed: 1, 0.29909090909090913, 1.0, 0.132, 0.438, 1.0
Adding handler for unhandled exceptions ...
Initializing ... 
Instance recognized!
Parsing setting config ...
Parsing control config ...
Parsing instance ...
StatisticsFolder: Weighted2-Dr_[[1, 0.29909090909090913, 1.0]]_2_[0.132, 0.438, 1.0].csv-6
Done!
