Executing ... 
 09:37:51 | >>> Warming up ...
 00:00:00 | >>> Warmup finished - starting simulation ...
 Realtime |   ETA    |  Sim.Time  | Progress | #Orders | #Bundles | Inv. | Distance | #Coll. |   Memory    
 00:00:00 |   n/a    | 0.00:00:00 |  0.00%   |    0    |    0     | 60%  |    0     |   0    |  72.71MB  
 00:00:00 | Cannot generate further orders - suspending generation for now
 00:00:00 | Cannot generate further orders - suspending generation for now
 00:00:00 | Cannot generate further orders - suspending generation for now
 00:00:00 | Cannot generate further orders - suspending generation for now
 00:00:00 | Cannot generate further orders - suspending generation for now
 00:00:00 | Cannot generate further orders - suspending generation for now
 00:00:00 | Cannot generate further orders - suspending generation for now
 00:00:00 | Cannot generate further orders - suspending generation for now
 00:00:01 | Cannot generate further orders - suspending generation for now
 00:00:01 | 00:00:00 | 0.00:30:00 | 100.00%  |   487   |    0     | 16%  |   5130   |   0    |  72.26MB  
 00:00:01 | >>> Simulation finished - writing results ...
 00:00:01 | >>> Results written
Simulation finished.
>>> Timings
StatTimingPathPlanningAverage: 8.487418967587042E-05
StatTimingPathPlanningOverall: 0.07070020000000006
StatTimingPathPlanningCount: 833
StatTimingTaskAllocationAverage: 0.0018224906976744182
StatTimingTaskAllocationOverall: 0.3918354999999999
StatTimingTaskAllocationCount: 215
StatTimingItemStorageAverage: 9.014184397163165E-07
StatTimingItemStorageOverall: 0.0006355000000000031
StatTimingItemStorageCount: 705
StatTimingPodStorageAverage: 0.0015900582524271836
StatTimingPodStorageOverall: 0.16377599999999992
StatTimingPodStorageCount: 103
StatTimingReplenishmentBatchingAverage: 7.95E-06
StatTimingReplenishmentBatchingOverall: 1.59E-05
StatTimingReplenishmentBatchingCount: 2
StatTimingOrderBatchingAverage: 8.47084595959596E-05
StatTimingOrderBatchingOverall: 0.0670891
StatTimingOrderBatchingCount: 792
>>> Overall
StatOverallBundlesPlaced: 0
StatOverallItemsOrdered: 657
StatOverallOrdersPlaced: 426
StatOverallBundlesRejected: 0
StatOverallOrdersRejected: 0
StatOverallBundlesHandled: 0
StatOverallItemsHandled: 724
StatOverallLinesHandled: 688
StatOverallOrdersHandled: 487
StatOverallCollisions: 0
StatOverallDistanceTraveled: 5129.880346535644
StatOverallDistanceEstimated: 4967
StatOverallAssignedTasks: 215
StatMaxMemoryUsed: 72,70703125
StatRealTimeUsed: 1.0158301
StatAverageTurnoverTime: 463.5043362049161
StatMedianTurnoverTime: 329.1971356237308
StatLowerQuartileTurnoverTime: 171.21620490252474
StatUpperQuartileTurnoverTime: 592.7418542494939
StatAverageThroughputTime: 95.43513736401127
StatMedianThroughputTime: 20.461572875253978
StatLowerQuartileThroughputTime: 12.357871569191502
StatUpperQuartileThroughputTime: 73.73398268030292

Marked tag finished after 1 tries!
.Fin. - SUCCESS
<<< Welcome to the RAWSimO CLI >>>
The time is: 06/13/2024 09:37:52
Starting RAWSimO wrapper with the following arguments:
Instance: ..\..\..\..\Material\Instances\0.Weighted30min Demand separate\Da\Weighted2.xinst
Setting: ..\..\..\..\Material\Instances\0.Weighted30min Demand separate\Da\Weighted2.xsett
ControlConfig: ..\..\..\..\Material\Instances\0.Weighted30min Demand separate\Da\Weighted2.xconf
StatisticsDir: ..\..\..\..\Material\Instances\0.Weighted30min Demand separate\Da
Seed: 3
Additionally the following tag was passed: 1, 10.0, 0.38099999999999995, 0.162, 0.1, 0.425
Adding handler for unhandled exceptions ...
Initializing ... 
Instance recognized!
Parsing setting config ...
Parsing control config ...
Parsing instance ...
StatisticsFolder: Weighted2-Da_[[1, 10.0, 0.38099999999999995]]_2_[0.162, 0.1, 0.425].csv-3
Done!
