Executing ... 
 13:45:09 | >>> Warming up ...
 00:00:00 | >>> Warmup finished - starting simulation ...
 Realtime |   ETA    |  Sim.Time  | Progress | #Orders | #Bundles | Inv. | Distance | #Coll. |   Memory    
 00:00:00 |   n/a    | 0.00:00:00 |  0.00%   |    0    |    0     | 60%  |    0     |   0    | 141.60MB  
 00:00:00 | Cannot generate further orders - suspending generation for now
 00:00:00 | Cannot generate further orders - suspending generation for now
 00:00:00 | Cannot generate further orders - suspending generation for now
 00:00:00 | Cannot generate further orders - suspending generation for now
 00:00:00 | Cannot generate further orders - suspending generation for now
 00:00:00 | Cannot generate further orders - suspending generation for now
 00:00:00 | Cannot generate further orders - suspending generation for now
 00:00:00 | Cannot generate further orders - suspending generation for now
 00:00:00 | Cannot generate further orders - suspending generation for now
 00:00:01 | Cannot generate further orders - suspending generation for now
 00:00:01 | 00:00:00 | 0.00:30:00 | 100.00%  |   485   |    0     | 16%  |   4959   |   0    |  75.62MB  
 00:00:01 | >>> Simulation finished - writing results ...
 00:00:01 | >>> Results written
Simulation finished.
>>> Timings
StatTimingPathPlanningAverage: 8.835226993865027E-05
StatTimingPathPlanningOverall: 0.07200709999999998
StatTimingPathPlanningCount: 815
StatTimingTaskAllocationAverage: 0.0018461236714975846
StatTimingTaskAllocationOverall: 0.38214760000000003
StatTimingTaskAllocationCount: 207
StatTimingItemStorageAverage: 9.533052039381185E-07
StatTimingItemStorageOverall: 0.0006778000000000023
StatTimingItemStorageCount: 711
StatTimingPodStorageAverage: 0.0015898050000000006
StatTimingPodStorageOverall: 0.15898050000000005
StatTimingPodStorageCount: 100
StatTimingReplenishmentBatchingAverage: 8.95E-06
StatTimingReplenishmentBatchingOverall: 1.79E-05
StatTimingReplenishmentBatchingCount: 2
StatTimingOrderBatchingAverage: 8.894355444305374E-05
StatTimingOrderBatchingOverall: 0.07106589999999995
StatTimingOrderBatchingCount: 799
>>> Overall
StatOverallBundlesPlaced: 0
StatOverallItemsOrdered: 661
StatOverallOrdersPlaced: 429
StatOverallBundlesRejected: 0
StatOverallOrdersRejected: 0
StatOverallBundlesHandled: 0
StatOverallItemsHandled: 728
StatOverallLinesHandled: 689
StatOverallOrdersHandled: 485
StatOverallCollisions: 0
StatOverallDistanceTraveled: 4958.637197179272
StatOverallDistanceEstimated: 4873
StatOverallAssignedTasks: 207
StatMaxMemoryUsed: 140,6875
StatRealTimeUsed: 1.0440724
StatAverageTurnoverTime: 437.2101426025157
StatMedianTurnoverTime: 304.9900937914124
StatLowerQuartileTurnoverTime: 128.42647908384083
StatUpperQuartileTurnoverTime: 597.3272222222237
StatAverageThroughputTime: 92.84611383332302
StatMedianThroughputTime: 22.98009379141331
StatLowerQuartileThroughputTime: 16.167222222222563
StatUpperQuartileThroughputTime: 82.19676045808478

Marked tag finished after 1 tries!
.Fin. - SUCCESS
<<< Welcome to the RAWSimO CLI >>>
The time is: 06/07/2024 13:45:11
Starting RAWSimO wrapper with the following arguments:
Instance: ..\..\..\..\Material\Instances\0.Weighted30min Demand separate\Dd\Weighted2.xinst
Setting: ..\..\..\..\Material\Instances\0.Weighted30min Demand separate\Dd\Weighted2.xsett
ControlConfig: ..\..\..\..\Material\Instances\0.Weighted30min Demand separate\Dd\Weighted2.xconf
StatisticsDir: ..\..\..\..\Material\Instances\0.Weighted30min Demand separate\Dd
Seed: 1
Additionally the following tag was passed: wr
Adding handler for unhandled exceptions ...
Initializing ... 
Instance recognized!
Parsing setting config ...
Parsing control config ...
Parsing instance ...
StatisticsFolder: Weighted2-Dd_wr_2.csv-1
Done!
