Executing ... 
 16:47:51 | >>> Warming up ...
 00:00:00 | >>> Warmup finished - starting simulation ...
 Realtime |   ETA    |  Sim.Time  | Progress | #Orders | #Bundles | Inv. | Distance | #Coll. |   Memory    
 00:00:00 |   n/a    | 0.00:00:00 |  0.00%   |    0    |    0     | 60%  |    0     |   0    |  98.91MB  
 00:00:00 | Cannot generate further orders - suspending generation for now
 00:00:00 | Cannot generate further orders - suspending generation for now
 00:00:00 | Cannot generate further orders - suspending generation for now
 00:00:00 | Cannot generate further orders - suspending generation for now
 00:00:01 | Cannot generate further orders - suspending generation for now
 00:00:01 | Cannot generate further orders - suspending generation for now
 00:00:01 | Cannot generate further orders - suspending generation for now
 00:00:01 | Cannot generate further orders - suspending generation for now
 00:00:01 | 00:00:00 | 0.00:30:00 | 100.00%  |   462   |    0     | 18%  |   5006   |   0    |  95.57MB  
 00:00:01 | >>> Simulation finished - writing results ...
 00:00:01 | >>> Results written
Simulation finished.
>>> Timings
StatTimingPathPlanningAverage: 0.00012049781609195407
StatTimingPathPlanningOverall: 0.10483310000000004
StatTimingPathPlanningCount: 870
StatTimingTaskAllocationAverage: 0.0019911718446601946
StatTimingTaskAllocationOverall: 0.4101814000000001
StatTimingTaskAllocationCount: 206
StatTimingItemStorageAverage: 1.1995645863570396E-06
StatTimingItemStorageOverall: 0.0008265000000000003
StatTimingItemStorageCount: 689
StatTimingPodStorageAverage: 0.0017166319999999985
StatTimingPodStorageOverall: 0.17166319999999985
StatTimingPodStorageCount: 100
StatTimingReplenishmentBatchingAverage: 8.8E-06
StatTimingReplenishmentBatchingOverall: 1.76E-05
StatTimingReplenishmentBatchingCount: 2
StatTimingOrderBatchingAverage: 9.715366492146599E-05
StatTimingOrderBatchingOverall: 0.07422540000000001
StatTimingOrderBatchingCount: 764
>>> Overall
StatOverallBundlesPlaced: 0
StatOverallItemsOrdered: 635
StatOverallOrdersPlaced: 403
StatOverallBundlesRejected: 0
StatOverallOrdersRejected: 0
StatOverallBundlesHandled: 0
StatOverallItemsHandled: 703
StatOverallLinesHandled: 660
StatOverallOrdersHandled: 462
StatOverallCollisions: 0
StatOverallDistanceTraveled: 5006.0806818568135
StatOverallDistanceEstimated: 4862
StatOverallAssignedTasks: 206
StatMaxMemoryUsed: 98,625
StatRealTimeUsed: 1.1355637
StatAverageTurnoverTime: 462.45054999148647
StatMedianTurnoverTime: 302.2669480409051
StatLowerQuartileTurnoverTime: 112.93129869393661
StatUpperQuartileTurnoverTime: 700.1439826803023
StatAverageThroughputTime: 84.43282080576566
StatMedianThroughputTime: 20.017777777778065
StatLowerQuartileThroughputTime: 12.469444444444207
StatUpperQuartileThroughputTime: 69.09296536060351

Marked tag finished after 1 tries!
.Fin. - SUCCESS
<<< Welcome to the RAWSimO CLI >>>
The time is: 06/03/2024 16:47:52
Starting RAWSimO wrapper with the following arguments:
Instance: ..\..\..\..\Material\Instances\0.Weighted30min\Weighted2.xinst
Setting: ..\..\..\..\Material\Instances\0.Weighted30min\Weighted2.xsett
ControlConfig: ..\..\..\..\Material\Instances\0.Weighted30min\Weighted2.xconf
StatisticsDir: ..\..\..\..\Material\Instances\0.Weighted30min
Seed: 2
Additionally the following tag was passed: Dawlow
Adding handler for unhandled exceptions ...
Initializing ... 
Instance recognized!
Parsing setting config ...
Parsing control config ...
Parsing instance ...
StatisticsFolder: Weighted2-Da_wlow_1.csv-2
Done!
