Executing ... 
 09:47:04 | >>> Warming up ...
 00:00:00 | >>> Warmup finished - starting simulation ...
 Realtime |   ETA    |  Sim.Time  | Progress | #Orders | #Bundles | Inv. | Distance | #Coll. |   Memory    
 00:00:00 |   n/a    | 0.00:00:00 |  0.00%   |    0    |    0     | 60%  |    0     |   0    | 155.80MB  
 00:00:01 | Cannot generate further orders - suspending generation for now
 00:00:01 | Cannot generate further orders - suspending generation for now
 00:00:01 | Cannot generate further orders - suspending generation for now
 00:00:01 | Cannot generate further orders - suspending generation for now
 00:00:01 | Cannot generate further orders - suspending generation for now
 00:00:01 | Cannot generate further orders - suspending generation for now
 00:00:01 | 00:00:00 | 0.00:30:00 | 100.00%  |   448   |    0     | 19%  |   5207   |   0    | 150.85MB  
 00:00:01 | >>> Simulation finished - writing results ...
 00:00:01 | >>> Results written
Simulation finished.
>>> Timings
StatTimingPathPlanningAverage: 0.00011293108747044908
StatTimingPathPlanningOverall: 0.09553969999999992
StatTimingPathPlanningCount: 846
StatTimingTaskAllocationAverage: 0.001782194999999999
StatTimingTaskAllocationOverall: 0.3920828999999998
StatTimingTaskAllocationCount: 220
StatTimingItemStorageAverage: 1.2711738484398214E-06
StatTimingItemStorageOverall: 0.0008554999999999998
StatTimingItemStorageCount: 673
StatTimingPodStorageAverage: 0.001584987619047617
StatTimingPodStorageOverall: 0.16642369999999979
StatTimingPodStorageCount: 105
StatTimingReplenishmentBatchingAverage: 9.15E-06
StatTimingReplenishmentBatchingOverall: 1.83E-05
StatTimingReplenishmentBatchingCount: 2
StatTimingOrderBatchingAverage: 0.00010613197368421052
StatTimingOrderBatchingOverall: 0.08066029999999999
StatTimingOrderBatchingCount: 760
>>> Overall
StatOverallBundlesPlaced: 0
StatOverallItemsOrdered: 667
StatOverallOrdersPlaced: 415
StatOverallBundlesRejected: 0
StatOverallOrdersRejected: 0
StatOverallBundlesHandled: 0
StatOverallItemsHandled: 684
StatOverallLinesHandled: 651
StatOverallOrdersHandled: 448
StatOverallCollisions: 0
StatOverallDistanceTraveled: 5206.807218374727
StatOverallDistanceEstimated: 5066
StatOverallAssignedTasks: 220
StatMaxMemoryUsed: 155,8046875
StatRealTimeUsed: 1.1827893
StatAverageTurnoverTime: 465.54704410794363
StatMedianTurnoverTime: 302.217316013635
StatLowerQuartileTurnoverTime: 136.09898268030167
StatUpperQuartileTurnoverTime: 679.2947258186823
StatAverageThroughputTime: 101.06964110391633
StatMedianThroughputTime: 20.481666666667024
StatLowerQuartileThroughputTime: 12.936111111111813
StatUpperQuartileThroughputTime: 85.11777777777782

Marked tag finished after 1 tries!
.Fin. - SUCCESS
<<< Welcome to the RAWSimO CLI >>>
The time is: 06/13/2024 09:47:06
Starting RAWSimO wrapper with the following arguments:
Instance: ..\..\..\..\Material\Instances\0.Weighted30min Demand separate\Db\Weighted2.xinst
Setting: ..\..\..\..\Material\Instances\0.Weighted30min Demand separate\Db\Weighted2.xsett
ControlConfig: ..\..\..\..\Material\Instances\0.Weighted30min Demand separate\Db\Weighted2.xconf
StatisticsDir: ..\..\..\..\Material\Instances\0.Weighted30min Demand separate\Db
Seed: 1
Additionally the following tag was passed: 1, 1.295, 0.059, 0.118, 0.2, 1.0
Adding handler for unhandled exceptions ...
Initializing ... 
Instance recognized!
Parsing setting config ...
Parsing control config ...
Parsing instance ...
StatisticsFolder: Weighted2-Db_[[1, 1.295, 0.059]]_2_[0.118, 0.2, 1.0].csv-1
Done!
