Executing ... 
 18:20:35 | >>> Warming up ...
 00:00:00 | >>> Warmup finished - starting simulation ...
 Realtime |   ETA    |  Sim.Time  | Progress | #Orders | #Bundles | Inv. | Distance | #Coll. |   Memory    
 00:00:00 |   n/a    | 0.00:00:00 |  0.00%   |    0    |    0     | 60%  |    0     |   0    |  97.53MB  
 00:00:00 | Cannot generate further orders - suspending generation for now
 00:00:00 | Cannot generate further orders - suspending generation for now
 00:00:00 | Cannot generate further orders - suspending generation for now
 00:00:00 | Cannot generate further orders - suspending generation for now
 00:00:00 | Cannot generate further orders - suspending generation for now
 00:00:00 | Cannot generate further orders - suspending generation for now
 00:00:00 | Cannot generate further orders - suspending generation for now
 00:00:00 | Cannot generate further orders - suspending generation for now
 00:00:00 | Cannot generate further orders - suspending generation for now
 00:00:00 | Cannot generate further orders - suspending generation for now
 00:00:00 | Cannot generate further orders - suspending generation for now
 00:00:00 | Cannot generate further orders - suspending generation for now
 00:00:00 | Pausing order generation due to inventory level (currently at: 0.0994047619047619)
 00:00:00 | 00:00:00 | 0.00:30:00 | 100.00%  |   551   |    0     |  8%  |   4506   |   0    |  96.31MB  
 00:00:00 | >>> Simulation finished - writing results ...
 00:00:00 | >>> Results written
Simulation finished.
>>> Timings
StatTimingPathPlanningAverage: 8.444202898550717E-05
StatTimingPathPlanningOverall: 0.06409149999999994
StatTimingPathPlanningCount: 759
StatTimingTaskAllocationAverage: 0.00175513105263158
StatTimingTaskAllocationOverall: 0.3334749000000002
StatTimingTaskAllocationCount: 190
StatTimingItemStorageAverage: 8.844636251541343E-07
StatTimingItemStorageOverall: 0.000717300000000003
StatTimingItemStorageCount: 811
StatTimingPodStorageAverage: 0.0017024577777777774
StatTimingPodStorageOverall: 0.15322119999999997
StatTimingPodStorageCount: 90
StatTimingReplenishmentBatchingAverage: 7.75E-06
StatTimingReplenishmentBatchingOverall: 1.55E-05
StatTimingReplenishmentBatchingCount: 2
StatTimingOrderBatchingAverage: 8.37873619631902E-05
StatTimingOrderBatchingOverall: 0.06828670000000002
StatTimingOrderBatchingCount: 815
>>> Overall
StatOverallBundlesPlaced: 0
StatOverallItemsOrdered: 625
StatOverallOrdersPlaced: 410
StatOverallBundlesRejected: 0
StatOverallOrdersRejected: 0
StatOverallBundlesHandled: 0
StatOverallItemsHandled: 859
StatOverallLinesHandled: 818
StatOverallOrdersHandled: 551
StatOverallCollisions: 0
StatOverallDistanceTraveled: 4505.71881494511
StatOverallDistanceEstimated: 4482
StatOverallAssignedTasks: 190
StatMaxMemoryUsed: 97,52734375
StatRealTimeUsed: 0.944234
StatAverageTurnoverTime: 444.45969092196896
StatMedianTurnoverTime: 278.5823160136351
StatLowerQuartileTurnoverTime: 115.24944444444448
StatUpperQuartileTurnoverTime: 633.3877705848565
StatAverageThroughputTime: 82.79813428478221
StatMedianThroughputTime: 33.04120490252433
StatLowerQuartileThroughputTime: 19.791760458077988
StatUpperQuartileThroughputTime: 84.03166666666664

Marked tag finished after 1 tries!
.Fin. - SUCCESS
<<< Welcome to the RAWSimO CLI >>>
The time is: 06/05/2024 18:20:36
Starting RAWSimO wrapper with the following arguments:
Instance: ..\..\..\..\Material\Instances\0.Weighted30min Demand separate\De\Weighted2.xinst
Setting: ..\..\..\..\Material\Instances\0.Weighted30min Demand separate\De\Weighted2.xsett
ControlConfig: ..\..\..\..\Material\Instances\0.Weighted30min Demand separate\De\Weighted2.xconf
StatisticsDir: ..\..\..\..\Material\Instances\0.Weighted30min Demand separate\De
Seed: 1
Additionally the following tag was passed: wlow
Adding handler for unhandled exceptions ...
Initializing ... 
Instance recognized!
Parsing setting config ...
Parsing control config ...
Parsing instance ...
StatisticsFolder: Weighted2-De_wlow_1.csv-1
Done!
