Executing ... 
 09:46:24 | >>> Warming up ...
 00:00:00 | >>> Warmup finished - starting simulation ...
 Realtime |   ETA    |  Sim.Time  | Progress | #Orders | #Bundles | Inv. | Distance | #Coll. |   Memory    
 00:00:00 |   n/a    | 0.00:00:00 |  0.00%   |    0    |    0     | 60%  |    0     |   0    | 148.81MB  
 00:00:00 | Cannot generate further orders - suspending generation for now
 00:00:00 | Cannot generate further orders - suspending generation for now
 00:00:00 | Cannot generate further orders - suspending generation for now
 00:00:00 | Cannot generate further orders - suspending generation for now
 00:00:00 | Cannot generate further orders - suspending generation for now
 00:00:00 | Cannot generate further orders - suspending generation for now
 00:00:01 | Cannot generate further orders - suspending generation for now
 00:00:01 | Cannot generate further orders - suspending generation for now
 00:00:01 | 00:00:00 | 0.00:30:00 | 100.00%  |   445   |    0     | 19%  |   5301   |   0    | 144.03MB  
 00:00:01 | >>> Simulation finished - writing results ...
 00:00:01 | >>> Results written
Simulation finished.
>>> Timings
StatTimingPathPlanningAverage: 8.901640091116172E-05
StatTimingPathPlanningOverall: 0.07815639999999999
StatTimingPathPlanningCount: 878
StatTimingTaskAllocationAverage: 0.0018706039473684209
StatTimingTaskAllocationOverall: 0.4264977
StatTimingTaskAllocationCount: 228
StatTimingItemStorageAverage: 9.368421052631624E-07
StatTimingItemStorageOverall: 0.000623000000000003
StatTimingItemStorageCount: 665
StatTimingPodStorageAverage: 0.0015906477064220185
StatTimingPodStorageOverall: 0.17338060000000002
StatTimingPodStorageCount: 109
StatTimingReplenishmentBatchingAverage: 9.349999999999999E-06
StatTimingReplenishmentBatchingOverall: 1.8699999999999997E-05
StatTimingReplenishmentBatchingCount: 2
StatTimingOrderBatchingAverage: 9.094972752043592E-05
StatTimingOrderBatchingOverall: 0.06675709999999996
StatTimingOrderBatchingCount: 734
>>> Overall
StatOverallBundlesPlaced: 0
StatOverallItemsOrdered: 653
StatOverallOrdersPlaced: 408
StatOverallBundlesRejected: 0
StatOverallOrdersRejected: 0
StatOverallBundlesHandled: 0
StatOverallItemsHandled: 690
StatOverallLinesHandled: 653
StatOverallOrdersHandled: 445
StatOverallCollisions: 0
StatOverallDistanceTraveled: 5301.078723026517
StatOverallDistanceEstimated: 5190
StatOverallAssignedTasks: 228
StatMaxMemoryUsed: 148,8125
StatRealTimeUsed: 1.0534771
StatAverageTurnoverTime: 484.3049063961849
StatMedianTurnoverTime: 333.84815294342906
StatLowerQuartileTurnoverTime: 150.04444444444445
StatUpperQuartileTurnoverTime: 680.5209307212066
StatAverageThroughputTime: 99.96604439170122
StatMedianThroughputTime: 25.800656539889815
StatLowerQuartileThroughputTime: 16.107222222222617
StatUpperQuartileThroughputTime: 79.3440764717146

Marked tag finished after 1 tries!
.Fin. - SUCCESS
<<< Welcome to the RAWSimO CLI >>>
The time is: 06/13/2024 09:46:25
Starting RAWSimO wrapper with the following arguments:
Instance: ..\..\..\..\Material\Instances\0.Weighted30min Demand separate\Db\Weighted2.xinst
Setting: ..\..\..\..\Material\Instances\0.Weighted30min Demand separate\Db\Weighted2.xsett
ControlConfig: ..\..\..\..\Material\Instances\0.Weighted30min Demand separate\Db\Weighted2.xconf
StatisticsDir: ..\..\..\..\Material\Instances\0.Weighted30min Demand separate\Db
Seed: 1
Additionally the following tag was passed: 1, 1.0478, 0.30400000000000005, 0.187, 0.2, 0.608
Adding handler for unhandled exceptions ...
Initializing ... 
Instance recognized!
Parsing setting config ...
Parsing control config ...
Parsing instance ...
StatisticsFolder: Weighted2-Db_[[1, 1.0478, 0.30400000000000005]]_2_[0.187, 0.2, 0.608].csv-1
Done!
