Executing ... 
 09:59:08 | >>> Warming up ...
 00:00:00 | >>> Warmup finished - starting simulation ...
 Realtime |   ETA    |  Sim.Time  | Progress | #Orders | #Bundles | Inv. | Distance | #Coll. |   Memory    
 00:00:00 |   n/a    | 0.00:00:00 |  0.00%   |    0    |    0     | 60%  |    0     |   0    | 107.82MB  
 00:00:00 | Cannot generate further orders - suspending generation for now
 00:00:00 | Cannot generate further orders - suspending generation for now
 00:00:00 | Cannot generate further orders - suspending generation for now
 00:00:00 | Cannot generate further orders - suspending generation for now
 00:00:00 | Cannot generate further orders - suspending generation for now
 00:00:01 | Cannot generate further orders - suspending generation for now
 00:00:01 | Cannot generate further orders - suspending generation for now
 00:00:01 | Cannot generate further orders - suspending generation for now
 00:00:01 | Cannot generate further orders - suspending generation for now
 00:00:01 | Cannot generate further orders - suspending generation for now
 00:00:01 | 00:00:00 | 0.00:30:00 | 100.00%  |   506   |    0     | 13%  |   4839   |   0    | 105.62MB  
 00:00:01 | >>> Simulation finished - writing results ...
 00:00:01 | >>> Results written
Simulation finished.
>>> Timings
StatTimingPathPlanningAverage: 0.00011759634591961021
StatTimingPathPlanningOverall: 0.09654659999999998
StatTimingPathPlanningCount: 821
StatTimingTaskAllocationAverage: 0.002177732663316583
StatTimingTaskAllocationOverall: 0.43336880000000005
StatTimingTaskAllocationCount: 199
StatTimingItemStorageAverage: 1.0629726205997432E-06
StatTimingItemStorageOverall: 0.000815300000000003
StatTimingItemStorageCount: 767
StatTimingPodStorageAverage: 0.0019619642105263156
StatTimingPodStorageOverall: 0.18638659999999999
StatTimingPodStorageCount: 95
StatTimingReplenishmentBatchingAverage: 3.1E-05
StatTimingReplenishmentBatchingOverall: 6.2E-05
StatTimingReplenishmentBatchingCount: 2
StatTimingOrderBatchingAverage: 0.00010445066991473811
StatTimingOrderBatchingOverall: 0.08575399999999998
StatTimingOrderBatchingCount: 821
>>> Overall
StatOverallBundlesPlaced: 0
StatOverallItemsOrdered: 648
StatOverallOrdersPlaced: 421
StatOverallBundlesRejected: 0
StatOverallOrdersRejected: 0
StatOverallBundlesHandled: 0
StatOverallItemsHandled: 780
StatOverallLinesHandled: 739
StatOverallOrdersHandled: 506
StatOverallCollisions: 0
StatOverallDistanceTraveled: 4838.998572771162
StatOverallDistanceEstimated: 4689
StatOverallAssignedTasks: 199
StatMaxMemoryUsed: 107,8203125
StatRealTimeUsed: 1.1696633
StatAverageTurnoverTime: 472.00047227853184
StatMedianTurnoverTime: 341.54074313838146
StatLowerQuartileTurnoverTime: 165.94935784595384
StatUpperQuartileTurnoverTime: 711.3907431383816
StatAverageThroughputTime: 92.22346401557373
StatMedianThroughputTime: 25.794538235857544
StatLowerQuartileThroughputTime: 16.601017319698485
StatUpperQuartileThroughputTime: 80.3677777777782

Marked tag finished after 1 tries!
.Fin. - SUCCESS
<<< Welcome to the RAWSimO CLI >>>
The time is: 06/13/2024 09:59:09
Starting RAWSimO wrapper with the following arguments:
Instance: ..\..\..\..\Material\Instances\0.Weighted30min Demand separate\Dd\Weighted2.xinst
Setting: ..\..\..\..\Material\Instances\0.Weighted30min Demand separate\Dd\Weighted2.xsett
ControlConfig: ..\..\..\..\Material\Instances\0.Weighted30min Demand separate\Dd\Weighted2.xconf
StatisticsDir: ..\..\..\..\Material\Instances\0.Weighted30min Demand separate\Dd
Seed: 3
Additionally the following tag was passed: 1, 0.79, 0.54, 0.2, 0.333, 0.5
Adding handler for unhandled exceptions ...
Initializing ... 
Instance recognized!
Parsing setting config ...
Parsing control config ...
Parsing instance ...
StatisticsFolder: Weighted2-Dd_[[1, 0.79, 0.54]]_2_[0.2, 0.333, 0.5].csv-3
Done!
