Executing ... 
 14:00:30 | >>> Warming up ...
 00:00:00 | >>> Warmup finished - starting simulation ...
 Realtime |   ETA    |  Sim.Time  | Progress | #Orders | #Bundles | Inv. | Distance | #Coll. |   Memory    
 00:00:00 |   n/a    | 0.00:00:00 |  0.00%   |    0    |    0     | 60%  |    0     |   0    | 112.35MB  
 00:00:00 | Cannot generate further orders - suspending generation for now
 00:00:00 | Cannot generate further orders - suspending generation for now
 00:00:00 | Cannot generate further orders - suspending generation for now
 00:00:00 | Cannot generate further orders - suspending generation for now
 00:00:00 | Cannot generate further orders - suspending generation for now
 00:00:00 | Cannot generate further orders - suspending generation for now
 00:00:00 | Cannot generate further orders - suspending generation for now
 00:00:00 | Cannot generate further orders - suspending generation for now
 00:00:00 | 00:00:00 | 0.00:30:00 | 100.00%  |   468   |    0     | 18%  |   5190   |   0    | 109.93MB  
 00:00:00 | >>> Simulation finished - writing results ...
 00:00:01 | >>> Results written
Simulation finished.
>>> Timings
StatTimingPathPlanningAverage: 7.900365997638729E-05
StatTimingPathPlanningOverall: 0.06691610000000003
StatTimingPathPlanningCount: 847
StatTimingTaskAllocationAverage: 0.0015798168949771674
StatTimingTaskAllocationOverall: 0.3459798999999997
StatTimingTaskAllocationCount: 219
StatTimingItemStorageAverage: 9.094339622641564E-07
StatTimingItemStorageOverall: 0.0006266000000000037
StatTimingItemStorageCount: 689
StatTimingPodStorageAverage: 0.001324239047619048
StatTimingPodStorageOverall: 0.13904510000000006
StatTimingPodStorageCount: 105
StatTimingReplenishmentBatchingAverage: 8.55E-06
StatTimingReplenishmentBatchingOverall: 1.71E-05
StatTimingReplenishmentBatchingCount: 2
StatTimingOrderBatchingAverage: 7.475214105793448E-05
StatTimingOrderBatchingOverall: 0.059353199999999974
StatTimingOrderBatchingCount: 794
>>> Overall
StatOverallBundlesPlaced: 0
StatOverallItemsOrdered: 660
StatOverallOrdersPlaced: 427
StatOverallBundlesRejected: 0
StatOverallOrdersRejected: 0
StatOverallBundlesHandled: 0
StatOverallItemsHandled: 703
StatOverallLinesHandled: 663
StatOverallOrdersHandled: 468
StatOverallCollisions: 0
StatOverallDistanceTraveled: 5190.423559252275
StatOverallDistanceEstimated: 5061
StatOverallAssignedTasks: 219
StatMaxMemoryUsed: 112,34765625
StatRealTimeUsed: 0.9508794
StatAverageTurnoverTime: 453.05525112724473
StatMedianTurnoverTime: 316.80259738787413
StatLowerQuartileTurnoverTime: 136.03953823585738
StatUpperQuartileTurnoverTime: 688.1557431383815
StatAverageThroughputTime: 83.84759126597156
StatMedianThroughputTime: 20.515555555555522
StatLowerQuartileThroughputTime: 12.714444444444553
StatUpperQuartileThroughputTime: 77.55388888888896

Marked tag finished after 1 tries!
.Fin. - SUCCESS
<<< Welcome to the RAWSimO CLI >>>
The time is: 06/07/2024 14:00:31
Starting RAWSimO wrapper with the following arguments:
Instance: ..\..\..\..\Material\Instances\0.Weighted30min Demand separate\Db\Weighted2.xinst
Setting: ..\..\..\..\Material\Instances\0.Weighted30min Demand separate\Db\Weighted2.xsett
ControlConfig: ..\..\..\..\Material\Instances\0.Weighted30min Demand separate\Db\Weighted2.xconf
StatisticsDir: ..\..\..\..\Material\Instances\0.Weighted30min Demand separate\Db
Seed: 1
Additionally the following tag was passed: [[1, 1, 0.059]]
Adding handler for unhandled exceptions ...
Initializing ... 
Instance recognized!
Parsing setting config ...
Parsing control config ...
Parsing instance ...
StatisticsFolder: Weighted2-Db_[[1, 1, 0.059]]_2.csv-1
Done!
