Executing ... 
 09:40:21 | >>> Warming up ...
 00:00:00 | >>> Warmup finished - starting simulation ...
 Realtime |   ETA    |  Sim.Time  | Progress | #Orders | #Bundles | Inv. | Distance | #Coll. |   Memory    
 00:00:00 |   n/a    | 0.00:00:00 |  0.00%   |    0    |    0     | 60%  |    0     |   0    | 114.98MB  
 00:00:00 | Cannot generate further orders - suspending generation for now
 00:00:00 | Cannot generate further orders - suspending generation for now
 00:00:00 | Cannot generate further orders - suspending generation for now
 00:00:00 | Cannot generate further orders - suspending generation for now
 00:00:01 | Cannot generate further orders - suspending generation for now
 00:00:01 | Cannot generate further orders - suspending generation for now
 00:00:01 | Cannot generate further orders - suspending generation for now
 00:00:01 | Cannot generate further orders - suspending generation for now
 00:00:01 | Cannot generate further orders - suspending generation for now
 00:00:01 | 00:00:00 | 0.00:30:00 | 100.00%  |   455   |    0     | 18%  |   5248   |   0    |  74.49MB  
 00:00:01 | >>> Simulation finished - writing results ...
 00:00:01 | >>> Results written
Simulation finished.
>>> Timings
StatTimingPathPlanningAverage: 9.321562867215045E-05
StatTimingPathPlanningOverall: 0.07932650000000004
StatTimingPathPlanningCount: 851
StatTimingTaskAllocationAverage: 0.002103991743119266
StatTimingTaskAllocationOverall: 0.4586702
StatTimingTaskAllocationCount: 218
StatTimingItemStorageAverage: 9.870639534883728E-07
StatTimingItemStorageOverall: 0.0006791000000000004
StatTimingItemStorageCount: 688
StatTimingPodStorageAverage: 0.0016909576923076926
StatTimingPodStorageOverall: 0.17585960000000003
StatTimingPodStorageCount: 104
StatTimingReplenishmentBatchingAverage: 7.65E-06
StatTimingReplenishmentBatchingOverall: 1.53E-05
StatTimingReplenishmentBatchingCount: 2
StatTimingOrderBatchingAverage: 0.00010312493261455532
StatTimingOrderBatchingOverall: 0.07651870000000005
StatTimingOrderBatchingCount: 742
>>> Overall
StatOverallBundlesPlaced: 0
StatOverallItemsOrdered: 634
StatOverallOrdersPlaced: 394
StatOverallBundlesRejected: 0
StatOverallOrdersRejected: 0
StatOverallBundlesHandled: 0
StatOverallItemsHandled: 705
StatOverallLinesHandled: 665
StatOverallOrdersHandled: 455
StatOverallCollisions: 0
StatOverallDistanceTraveled: 5247.851339506166
StatOverallDistanceEstimated: 5042
StatOverallAssignedTasks: 218
StatMaxMemoryUsed: 114,984375
StatRealTimeUsed: 1.1147996
StatAverageTurnoverTime: 494.3349748573757
StatMedianTurnoverTime: 324.30083692979554
StatLowerQuartileTurnoverTime: 127.49787156919126
StatUpperQuartileTurnoverTime: 764.513694113142
StatAverageThroughputTime: 93.75659484891541
StatMedianThroughputTime: 20.80731601363516
StatLowerQuartileThroughputTime: 13.062222222222545
StatUpperQuartileThroughputTime: 86.85639248534994

Marked tag finished after 1 tries!
.Fin. - SUCCESS
<<< Welcome to the RAWSimO CLI >>>
The time is: 06/13/2024 09:40:22
Starting RAWSimO wrapper with the following arguments:
Instance: ..\..\..\..\Material\Instances\0.Weighted30min Demand separate\Da\Weighted2.xinst
Setting: ..\..\..\..\Material\Instances\0.Weighted30min Demand separate\Da\Weighted2.xsett
ControlConfig: ..\..\..\..\Material\Instances\0.Weighted30min Demand separate\Da\Weighted2.xconf
StatisticsDir: ..\..\..\..\Material\Instances\0.Weighted30min Demand separate\Da
Seed: 1
Additionally the following tag was passed: 1, 6.0207999999999995, 0.38099999999999995, 0.162, 0.1, 0.425
Adding handler for unhandled exceptions ...
Initializing ... 
Instance recognized!
Parsing setting config ...
Parsing control config ...
Parsing instance ...
StatisticsFolder: Weighted2-Da_[[1, 6.0207999999999995, 0.38099999999999995]]_3_[0.162, 0.1, 0.425].csv-1
Done!
