Executing ... 
 19:59:38 | >>> Warming up ...
 00:00:00 | >>> Warmup finished - starting simulation ...
 Realtime |   ETA    |  Sim.Time  | Progress | #Orders | #Bundles | Inv. | Distance | #Coll. |   Memory    
 00:00:00 |   n/a    | 0.00:00:00 |  0.00%   |    0    |    0     | 60%  |    0     |   0    |  70.45MB  
 00:00:00 | Cannot generate further orders - suspending generation for now
 00:00:00 | Cannot generate further orders - suspending generation for now
 00:00:00 | Cannot generate further orders - suspending generation for now
 00:00:00 | Cannot generate further orders - suspending generation for now
 00:00:00 | Cannot generate further orders - suspending generation for now
 00:00:00 | Cannot generate further orders - suspending generation for now
 00:00:00 | Cannot generate further orders - suspending generation for now
 00:00:00 | Cannot generate further orders - suspending generation for now
 00:00:00 | Cannot generate further orders - suspending generation for now
 00:00:01 | Cannot generate further orders - suspending generation for now
 00:00:01 | Cannot generate further orders - suspending generation for now
 00:00:01 | Cannot generate further orders - suspending generation for now
 00:00:01 | 00:00:00 | 0.00:30:00 | 100.00%  |   503   |    0     | 14%  |   4902   |   0    |  73.55MB  
 00:00:01 | >>> Simulation finished - writing results ...
 00:00:01 | >>> Results written
Simulation finished.
>>> Timings
StatTimingPathPlanningAverage: 8.804963768115939E-05
StatTimingPathPlanningOverall: 0.07290509999999997
StatTimingPathPlanningCount: 828
StatTimingTaskAllocationAverage: 0.0019099114832535904
StatTimingTaskAllocationOverall: 0.3991715000000004
StatTimingTaskAllocationCount: 209
StatTimingItemStorageAverage: 1.0417890520694281E-06
StatTimingItemStorageOverall: 0.0007803000000000017
StatTimingItemStorageCount: 749
StatTimingPodStorageAverage: 0.001512380392156864
StatTimingPodStorageOverall: 0.15426280000000014
StatTimingPodStorageCount: 102
StatTimingReplenishmentBatchingAverage: 1.62E-05
StatTimingReplenishmentBatchingOverall: 3.24E-05
StatTimingReplenishmentBatchingCount: 2
StatTimingOrderBatchingAverage: 9.496547911547906E-05
StatTimingOrderBatchingOverall: 0.07730189999999995
StatTimingOrderBatchingCount: 814
>>> Overall
StatOverallBundlesPlaced: 0
StatOverallItemsOrdered: 667
StatOverallOrdersPlaced: 425
StatOverallBundlesRejected: 0
StatOverallOrdersRejected: 0
StatOverallBundlesHandled: 0
StatOverallItemsHandled: 770
StatOverallLinesHandled: 731
StatOverallOrdersHandled: 503
StatOverallCollisions: 0
StatOverallDistanceTraveled: 4901.7582292856705
StatOverallDistanceEstimated: 4823
StatOverallAssignedTasks: 209
StatMaxMemoryUsed: 76,41015625
StatRealTimeUsed: 1.0822598
StatAverageTurnoverTime: 413.27954659982976
StatMedianTurnoverTime: 265.50342712474605
StatLowerQuartileTurnoverTime: 136.31342712474634
StatUpperQuartileTurnoverTime: 574.336948040905
StatAverageThroughputTime: 89.2895768961855
StatMedianThroughputTime: 25.38842712474684
StatLowerQuartileThroughputTime: 16.717871569190635
StatUpperQuartileThroughputTime: 81.76000000000009

Marked tag finished after 1 tries!
.Fin. - SUCCESS
<<< Welcome to the RAWSimO CLI >>>
The time is: 06/11/2024 19:59:39
Starting RAWSimO wrapper with the following arguments:
Instance: ..\..\..\..\Material\Instances\0.Weighted30min Demand separate\Df\Weighted2.xinst
Setting: ..\..\..\..\Material\Instances\0.Weighted30min Demand separate\Df\Weighted2.xsett
ControlConfig: ..\..\..\..\Material\Instances\0.Weighted30min Demand separate\Df\Weighted2.xconf
StatisticsDir: ..\..\..\..\Material\Instances\0.Weighted30min Demand separate\Df
Seed: 2
Additionally the following tag was passed: [[1, 0.1602857142857143, 0.068]]
Adding handler for unhandled exceptions ...
Initializing ... 
Instance recognized!
Parsing setting config ...
Parsing control config ...
Parsing instance ...
StatisticsFolder: Weighted2-Df_[[1, 0.1602857142857143, 0.068]]_2.csv-2
Done!
