Executing ... 
 19:24:30 | >>> Warming up ...
 00:00:00 | >>> Warmup finished - starting simulation ...
 Realtime |   ETA    |  Sim.Time  | Progress | #Orders | #Bundles | Inv. | Distance | #Coll. |   Memory    
 00:00:00 |   n/a    | 0.00:00:00 |  0.00%   |    0    |    0     | 60%  |    0     |   0    |  90.30MB  
 00:00:00 | Cannot generate further orders - suspending generation for now
 00:00:00 | Cannot generate further orders - suspending generation for now
 00:00:00 | Cannot generate further orders - suspending generation for now
 00:00:00 | Cannot generate further orders - suspending generation for now
 00:00:00 | Cannot generate further orders - suspending generation for now
 00:00:01 | Cannot generate further orders - suspending generation for now
 00:00:01 | Cannot generate further orders - suspending generation for now
 00:00:01 | Cannot generate further orders - suspending generation for now
 00:00:01 | Cannot generate further orders - suspending generation for now
 00:00:01 | Cannot generate further orders - suspending generation for now
 00:00:01 | 00:00:00 | 0.00:30:00 | 100.00%  |   508   |    0     | 14%  |   5054   |   0    |  92.49MB  
 00:00:01 | >>> Simulation finished - writing results ...
 00:00:01 | >>> Results written
Simulation finished.
>>> Timings
StatTimingPathPlanningAverage: 0.00010602706310679626
StatTimingPathPlanningOverall: 0.08736630000000012
StatTimingPathPlanningCount: 824
StatTimingTaskAllocationAverage: 0.0022040285024154584
StatTimingTaskAllocationOverall: 0.45623389999999986
StatTimingTaskAllocationCount: 207
StatTimingItemStorageAverage: 1.8200260078023333E-06
StatTimingItemStorageOverall: 0.0013995999999999943
StatTimingItemStorageCount: 769
StatTimingPodStorageAverage: 0.0019029306122448982
StatTimingPodStorageOverall: 0.18648720000000002
StatTimingPodStorageCount: 98
StatTimingReplenishmentBatchingAverage: 8.249999999999999E-06
StatTimingReplenishmentBatchingOverall: 1.6499999999999998E-05
StatTimingReplenishmentBatchingCount: 2
StatTimingOrderBatchingAverage: 0.000105875956937799
StatTimingOrderBatchingOverall: 0.08851229999999997
StatTimingOrderBatchingCount: 836
>>> Overall
StatOverallBundlesPlaced: 0
StatOverallItemsOrdered: 667
StatOverallOrdersPlaced: 431
StatOverallBundlesRejected: 0
StatOverallOrdersRejected: 0
StatOverallBundlesHandled: 0
StatOverallItemsHandled: 774
StatOverallLinesHandled: 733
StatOverallOrdersHandled: 508
StatOverallCollisions: 0
StatOverallDistanceTraveled: 5053.830798533421
StatOverallDistanceEstimated: 4849
StatOverallAssignedTasks: 207
StatMaxMemoryUsed: 96,44140625
StatRealTimeUsed: 1.1376523
StatAverageTurnoverTime: 446.1232751674616
StatMedianTurnoverTime: 315.0157431383813
StatLowerQuartileTurnoverTime: 131.98944444444487
StatUpperQuartileTurnoverTime: 657.8103751656515
StatAverageThroughputTime: 98.98342619023278
StatMedianThroughputTime: 24.971111111111156
StatLowerQuartileThroughputTime: 16.133333333333354
StatUpperQuartileThroughputTime: 91.36944444444435

Marked tag finished after 1 tries!
.Fin. - SUCCESS
<<< Welcome to the RAWSimO CLI >>>
The time is: 06/25/2024 19:24:31
Starting RAWSimO wrapper with the following arguments:
Instance: ..\..\..\..\Material\Instances\10.Weighted30min Demand Gall\Dr\Weighted2.xinst
Setting: ..\..\..\..\Material\Instances\10.Weighted30min Demand Gall\Dr\Weighted2.xsett
ControlConfig: ..\..\..\..\Material\Instances\10.Weighted30min Demand Gall\Dr\Weighted2.xconf
StatisticsDir: ..\..\..\..\Material\Instances\10.Weighted30min Demand Gall\Dr
Seed: 3
Additionally the following tag was passed: 1, 0.01, 1.0, 0.118, 0.49, 1.0
Adding handler for unhandled exceptions ...
Initializing ... 
Instance recognized!
Parsing setting config ...
Parsing control config ...
Parsing instance ...
StatisticsFolder: Weighted2-Dr_[[1, 0.01, 1.0]]_3_[0.118, 0.49, 1.0].csv-3
Done!
