Executing ... 
 19:26:26 | >>> Warming up ...
 00:00:00 | >>> Warmup finished - starting simulation ...
 Realtime |   ETA    |  Sim.Time  | Progress | #Orders | #Bundles | Inv. | Distance | #Coll. |   Memory    
 00:00:00 |   n/a    | 0.00:00:00 |  0.00%   |    0    |    0     | 60%  |    0     |   0    | 124.40MB  
 00:00:00 | Cannot generate further orders - suspending generation for now
 00:00:00 | Cannot generate further orders - suspending generation for now
 00:00:00 | Cannot generate further orders - suspending generation for now
 00:00:00 | Cannot generate further orders - suspending generation for now
 00:00:00 | Cannot generate further orders - suspending generation for now
 00:00:00 | Cannot generate further orders - suspending generation for now
 00:00:00 | Cannot generate further orders - suspending generation for now
 00:00:00 | Cannot generate further orders - suspending generation for now
 00:00:00 | 00:00:00 | 0.00:30:00 | 100.00%  |   456   |    0     | 19%  |   5215   |   0    | 127.57MB  
 00:00:00 | >>> Simulation finished - writing results ...
 00:00:01 | >>> Results written
Simulation finished.
>>> Timings
StatTimingPathPlanningAverage: 8.046129398410898E-05
StatTimingPathPlanningOverall: 0.0708864
StatTimingPathPlanningCount: 881
StatTimingTaskAllocationAverage: 0.0016729855855855864
StatTimingTaskAllocationOverall: 0.3714028000000002
StatTimingTaskAllocationCount: 222
StatTimingItemStorageAverage: 9.004497751124497E-07
StatTimingItemStorageOverall: 0.000600600000000004
StatTimingItemStorageCount: 667
StatTimingPodStorageAverage: 0.0013797641509433955
StatTimingPodStorageOverall: 0.1462549999999999
StatTimingPodStorageCount: 106
StatTimingReplenishmentBatchingAverage: 8.050000000000001E-06
StatTimingReplenishmentBatchingOverall: 1.6100000000000002E-05
StatTimingReplenishmentBatchingCount: 2
StatTimingOrderBatchingAverage: 7.980105960264899E-05
StatTimingOrderBatchingOverall: 0.06024979999999999
StatTimingOrderBatchingCount: 755
>>> Overall
StatOverallBundlesPlaced: 0
StatOverallItemsOrdered: 661
StatOverallOrdersPlaced: 413
StatOverallBundlesRejected: 0
StatOverallOrdersRejected: 0
StatOverallBundlesHandled: 0
StatOverallItemsHandled: 687
StatOverallLinesHandled: 650
StatOverallOrdersHandled: 456
StatOverallCollisions: 0
StatOverallDistanceTraveled: 5215.0440312501805
StatOverallDistanceEstimated: 5130
StatOverallAssignedTasks: 222
StatMaxMemoryUsed: 130,00390625
StatRealTimeUsed: 0.9614001
StatAverageTurnoverTime: 436.0760197331133
StatMedianTurnoverTime: 285.587871569192
StatLowerQuartileTurnoverTime: 116.2377777777782
StatUpperQuartileTurnoverTime: 591.112777777778
StatAverageThroughputTime: 99.89499969843054
StatMedianThroughputTime: 23.223982680302015
StatLowerQuartileThroughputTime: 12.910000000000537
StatUpperQuartileThroughputTime: 85.47064934696868

Marked tag finished after 1 tries!
.Fin. - SUCCESS
<<< Welcome to the RAWSimO CLI >>>
The time is: 06/25/2024 19:26:27
Starting RAWSimO wrapper with the following arguments:
Instance: ..\..\..\..\Material\Instances\10.Weighted30min Demand Gall\Dr\Weighted2.xinst
Setting: ..\..\..\..\Material\Instances\10.Weighted30min Demand Gall\Dr\Weighted2.xsett
ControlConfig: ..\..\..\..\Material\Instances\10.Weighted30min Demand Gall\Dr\Weighted2.xconf
StatisticsDir: ..\..\..\..\Material\Instances\10.Weighted30min Demand Gall\Dr
Seed: 4
Additionally the following tag was passed: 1, 0.8772727272727274, 1.0, 0.195, 0.219, 1.0
Adding handler for unhandled exceptions ...
Initializing ... 
Instance recognized!
Parsing setting config ...
Parsing control config ...
Parsing instance ...
StatisticsFolder: Weighted2-Dr_[[1, 0.8772727272727274, 1.0]]_1_[0.195, 0.219, 1.0].csv-4
Done!
