Executing ... 
 09:52:29 | >>> Warming up ...
 00:00:00 | >>> Warmup finished - starting simulation ...
 Realtime |   ETA    |  Sim.Time  | Progress | #Orders | #Bundles | Inv. | Distance | #Coll. |   Memory    
 00:00:00 |   n/a    | 0.00:00:00 |  0.00%   |    0    |    0     | 60%  |    0     |   0    | 107.55MB  
 00:00:00 | Cannot generate further orders - suspending generation for now
 00:00:00 | Cannot generate further orders - suspending generation for now
 00:00:00 | Cannot generate further orders - suspending generation for now
 00:00:00 | Cannot generate further orders - suspending generation for now
 00:00:00 | Cannot generate further orders - suspending generation for now
 00:00:01 | Cannot generate further orders - suspending generation for now
 00:00:01 | Cannot generate further orders - suspending generation for now
 00:00:01 | Cannot generate further orders - suspending generation for now
 00:00:01 | Cannot generate further orders - suspending generation for now
 00:00:01 | Cannot generate further orders - suspending generation for now
 00:00:01 | Cannot generate further orders - suspending generation for now
 00:00:01 | 00:00:00 | 0.00:30:00 | 100.00%  |   511   |    0     | 11%  |   4933   |   0    | 106.13MB  
 00:00:01 | >>> Simulation finished - writing results ...
 00:00:01 | >>> Results written
Simulation finished.
>>> Timings
StatTimingPathPlanningAverage: 0.00010629717948717946
StatTimingPathPlanningOverall: 0.08291179999999998
StatTimingPathPlanningCount: 780
StatTimingTaskAllocationAverage: 0.0019960834951456303
StatTimingTaskAllocationOverall: 0.41119319999999987
StatTimingTaskAllocationCount: 206
StatTimingItemStorageAverage: 1.0753494282083867E-06
StatTimingItemStorageOverall: 0.0008463000000000002
StatTimingItemStorageCount: 787
StatTimingPodStorageAverage: 0.00175446530612245
StatTimingPodStorageOverall: 0.1719376000000001
StatTimingPodStorageCount: 98
StatTimingReplenishmentBatchingAverage: 7.65E-06
StatTimingReplenishmentBatchingOverall: 1.53E-05
StatTimingReplenishmentBatchingCount: 2
StatTimingOrderBatchingAverage: 0.00010487095990279473
StatTimingOrderBatchingOverall: 0.08630880000000006
StatTimingOrderBatchingCount: 823
>>> Overall
StatOverallBundlesPlaced: 0
StatOverallItemsOrdered: 665
StatOverallOrdersPlaced: 416
StatOverallBundlesRejected: 0
StatOverallOrdersRejected: 0
StatOverallBundlesHandled: 0
StatOverallItemsHandled: 808
StatOverallLinesHandled: 769
StatOverallOrdersHandled: 511
StatOverallCollisions: 0
StatOverallDistanceTraveled: 4933.08305195907
StatOverallDistanceEstimated: 4860
StatOverallAssignedTasks: 206
StatMaxMemoryUsed: 107,875
StatRealTimeUsed: 1.1421117
StatAverageTurnoverTime: 470.8074203722939
StatMedianTurnoverTime: 308.5460173196989
StatLowerQuartileTurnoverTime: 97.71222222222218
StatUpperQuartileTurnoverTime: 675.6600000000042
StatAverageThroughputTime: 81.48910419530543
StatMedianThroughputTime: 28.559906208583698
StatLowerQuartileThroughputTime: 16.538982680306162
StatUpperQuartileThroughputTime: 76.48833333333369

Marked tag finished after 1 tries!
.Fin. - SUCCESS
<<< Welcome to the RAWSimO CLI >>>
The time is: 06/13/2024 09:52:30
Starting RAWSimO wrapper with the following arguments:
Instance: ..\..\..\..\Material\Instances\0.Weighted30min Demand separate\Dc\Weighted2.xinst
Setting: ..\..\..\..\Material\Instances\0.Weighted30min Demand separate\Dc\Weighted2.xsett
ControlConfig: ..\..\..\..\Material\Instances\0.Weighted30min Demand separate\Dc\Weighted2.xconf
StatisticsDir: ..\..\..\..\Material\Instances\0.Weighted30min Demand separate\Dc
Seed: 1
Additionally the following tag was passed: 1, 4.8812, 0.7, 0.217, 0.143, 0.333
Adding handler for unhandled exceptions ...
Initializing ... 
Instance recognized!
Parsing setting config ...
Parsing control config ...
Parsing instance ...
StatisticsFolder: Weighted2-Dc_[[1, 4.8812, 0.7]]_2_[0.217, 0.143, 0.333].csv-1
Done!
