Executing ... 
 19:25:28 | >>> Warming up ...
 00:00:00 | >>> Warmup finished - starting simulation ...
 Realtime |   ETA    |  Sim.Time  | Progress | #Orders | #Bundles | Inv. | Distance | #Coll. |   Memory    
 00:00:00 |   n/a    | 0.00:00:00 |  0.00%   |    0    |    0     | 60%  |    0     |   0    | 145.32MB  
 00:00:00 | Cannot generate further orders - suspending generation for now
 00:00:00 | Cannot generate further orders - suspending generation for now
 00:00:00 | Cannot generate further orders - suspending generation for now
 00:00:00 | Cannot generate further orders - suspending generation for now
 00:00:00 | Cannot generate further orders - suspending generation for now
 00:00:00 | Cannot generate further orders - suspending generation for now
 00:00:00 | Cannot generate further orders - suspending generation for now
 00:00:00 | Cannot generate further orders - suspending generation for now
 00:00:00 | Cannot generate further orders - suspending generation for now
 00:00:00 | Cannot generate further orders - suspending generation for now
 00:00:00 | 00:00:00 | 0.00:30:00 | 100.00%  |   468   |    0     | 16%  |   5128   |   0    | 140.44MB  
 00:00:00 | >>> Simulation finished - writing results ...
 00:00:01 | >>> Results written
Simulation finished.
>>> Timings
StatTimingPathPlanningAverage: 9.939802555168407E-05
StatTimingPathPlanningOverall: 0.08558169999999998
StatTimingPathPlanningCount: 861
StatTimingTaskAllocationAverage: 0.0016837752293578
StatTimingTaskAllocationOverall: 0.3670630000000004
StatTimingTaskAllocationCount: 218
StatTimingItemStorageAverage: 9.360515021459271E-07
StatTimingItemStorageOverall: 0.0006543000000000031
StatTimingItemStorageCount: 699
StatTimingPodStorageAverage: 0.001399989423076923
StatTimingPodStorageOverall: 0.1455989
StatTimingPodStorageCount: 104
StatTimingReplenishmentBatchingAverage: 7.699999999999999E-06
StatTimingReplenishmentBatchingOverall: 1.5399999999999998E-05
StatTimingReplenishmentBatchingCount: 2
StatTimingOrderBatchingAverage: 7.985764248704666E-05
StatTimingOrderBatchingOverall: 0.06165010000000002
StatTimingOrderBatchingCount: 772
>>> Overall
StatOverallBundlesPlaced: 0
StatOverallItemsOrdered: 656
StatOverallOrdersPlaced: 417
StatOverallBundlesRejected: 0
StatOverallOrdersRejected: 0
StatOverallBundlesHandled: 0
StatOverallItemsHandled: 725
StatOverallLinesHandled: 685
StatOverallOrdersHandled: 468
StatOverallCollisions: 0
StatOverallDistanceTraveled: 5127.874548106704
StatOverallDistanceEstimated: 5036
StatOverallAssignedTasks: 218
StatMaxMemoryUsed: 145,62890625
StatRealTimeUsed: 0.9444042
StatAverageTurnoverTime: 487.3338579990465
StatMedianTurnoverTime: 359.3916666666661
StatLowerQuartileTurnoverTime: 138.01000000000008
StatUpperQuartileTurnoverTime: 693.2345454287838
StatAverageThroughputTime: 97.07167466921416
StatMedianThroughputTime: 23.642777777777837
StatLowerQuartileThroughputTime: 14.76490620858749
StatUpperQuartileThroughputTime: 87.24898268030154

Marked tag finished after 1 tries!
.Fin. - SUCCESS
<<< Welcome to the RAWSimO CLI >>>
The time is: 06/25/2024 19:25:29
Starting RAWSimO wrapper with the following arguments:
Instance: ..\..\..\..\Material\Instances\10.Weighted30min Demand Gall\Dr\Weighted2.xinst
Setting: ..\..\..\..\Material\Instances\10.Weighted30min Demand Gall\Dr\Weighted2.xsett
ControlConfig: ..\..\..\..\Material\Instances\10.Weighted30min Demand Gall\Dr\Weighted2.xconf
StatisticsDir: ..\..\..\..\Material\Instances\10.Weighted30min Demand Gall\Dr
Seed: 2
Additionally the following tag was passed: 1, 0.4436363636363637, 1.0, 0.157, 0.352, 1.0
Adding handler for unhandled exceptions ...
Initializing ... 
Instance recognized!
Parsing setting config ...
Parsing control config ...
Parsing instance ...
StatisticsFolder: Weighted2-Dr_[[1, 0.4436363636363637, 1.0]]_2_[0.157, 0.352, 1.0].csv-2
Done!
