Executing ... 
 09:46:43 | >>> Warming up ...
 00:00:00 | >>> Warmup finished - starting simulation ...
 Realtime |   ETA    |  Sim.Time  | Progress | #Orders | #Bundles | Inv. | Distance | #Coll. |   Memory    
 00:00:00 |   n/a    | 0.00:00:00 |  0.00%   |    0    |    0     | 60%  |    0     |   0    | 143.61MB  
 00:00:00 | Cannot generate further orders - suspending generation for now
 00:00:00 | Cannot generate further orders - suspending generation for now
 00:00:00 | Cannot generate further orders - suspending generation for now
 00:00:00 | Cannot generate further orders - suspending generation for now
 00:00:01 | Cannot generate further orders - suspending generation for now
 00:00:01 | Cannot generate further orders - suspending generation for now
 00:00:01 | Cannot generate further orders - suspending generation for now
 00:00:01 | 00:00:00 | 0.00:30:00 | 100.00%  |   459   |    0     | 18%  |   5287   |   0    | 139.57MB  
 00:00:01 | >>> Simulation finished - writing results ...
 00:00:01 | >>> Results written
Simulation finished.
>>> Timings
StatTimingPathPlanningAverage: 0.00010444016587677721
StatTimingPathPlanningOverall: 0.08814749999999996
StatTimingPathPlanningCount: 844
StatTimingTaskAllocationAverage: 0.001716903669724771
StatTimingTaskAllocationOverall: 0.3742850000000001
StatTimingTaskAllocationCount: 218
StatTimingItemStorageAverage: 1.0694323144104815E-06
StatTimingItemStorageOverall: 0.0007347000000000008
StatTimingItemStorageCount: 687
StatTimingPodStorageAverage: 0.0014937161904761903
StatTimingPodStorageOverall: 0.15684019999999999
StatTimingPodStorageCount: 105
StatTimingReplenishmentBatchingAverage: 7.85E-06
StatTimingReplenishmentBatchingOverall: 1.57E-05
StatTimingReplenishmentBatchingCount: 2
StatTimingOrderBatchingAverage: 9.614269081500645E-05
StatTimingOrderBatchingOverall: 0.07431829999999999
StatTimingOrderBatchingCount: 773
>>> Overall
StatOverallBundlesPlaced: 0
StatOverallItemsOrdered: 667
StatOverallOrdersPlaced: 432
StatOverallBundlesRejected: 0
StatOverallOrdersRejected: 0
StatOverallBundlesHandled: 0
StatOverallItemsHandled: 700
StatOverallLinesHandled: 661
StatOverallOrdersHandled: 459
StatOverallCollisions: 0
StatOverallDistanceTraveled: 5287.014176812296
StatOverallDistanceEstimated: 5109
StatOverallAssignedTasks: 218
StatMaxMemoryUsed: 143,1640625
StatRealTimeUsed: 1.0756963
StatAverageTurnoverTime: 495.3189713620903
StatMedianTurnoverTime: 355.5625973878734
StatLowerQuartileTurnoverTime: 152.45574313838142
StatUpperQuartileTurnoverTime: 734.7799134015086
StatAverageThroughputTime: 96.2604240499713
StatMedianThroughputTime: 20.657316013634954
StatLowerQuartileThroughputTime: 12.598888888888837
StatUpperQuartileThroughputTime: 81.33148627676258

Marked tag finished after 1 tries!
.Fin. - SUCCESS
<<< Welcome to the RAWSimO CLI >>>
The time is: 06/13/2024 09:46:45
Starting RAWSimO wrapper with the following arguments:
Instance: ..\..\..\..\Material\Instances\0.Weighted30min Demand separate\Db\Weighted2.xinst
Setting: ..\..\..\..\Material\Instances\0.Weighted30min Demand separate\Db\Weighted2.xsett
ControlConfig: ..\..\..\..\Material\Instances\0.Weighted30min Demand separate\Db\Weighted2.xconf
StatisticsDir: ..\..\..\..\Material\Instances\0.Weighted30min Demand separate\Db
Seed: 3
Additionally the following tag was passed: 1, 1.0478, 0.549, 0.221, 0.21, 0.4
Adding handler for unhandled exceptions ...
Initializing ... 
Instance recognized!
Parsing setting config ...
Parsing control config ...
Parsing instance ...
StatisticsFolder: Weighted2-Db_[[1, 1.0478, 0.549]]_3_[0.221, 0.21, 0.4].csv-3
Done!
