Executing ... 
 09:44:20 | >>> Warming up ...
 00:00:00 | >>> Warmup finished - starting simulation ...
 Realtime |   ETA    |  Sim.Time  | Progress | #Orders | #Bundles | Inv. | Distance | #Coll. |   Memory    
 00:00:00 |   n/a    | 0.00:00:00 |  0.00%   |    0    |    0     | 60%  |    0     |   0    | 137.94MB  
 00:00:01 | Cannot generate further orders - suspending generation for now
 00:00:01 | Cannot generate further orders - suspending generation for now
 00:00:01 | Cannot generate further orders - suspending generation for now
 00:00:01 | Cannot generate further orders - suspending generation for now
 00:00:01 | Cannot generate further orders - suspending generation for now
 00:00:01 | Cannot generate further orders - suspending generation for now
 00:00:01 | Cannot generate further orders - suspending generation for now
 00:00:01 | 00:00:00 | 0.00:30:00 | 100.00%  |   446   |    0     | 18%  |   5327   |   0    | 139.73MB  
 00:00:01 | >>> Simulation finished - writing results ...
 00:00:01 | >>> Results written
Simulation finished.
>>> Timings
StatTimingPathPlanningAverage: 0.00012207508342602878
StatTimingPathPlanningOverall: 0.10974549999999988
StatTimingPathPlanningCount: 899
StatTimingTaskAllocationAverage: 0.002456899999999999
StatTimingTaskAllocationOverall: 0.5528024999999998
StatTimingTaskAllocationCount: 225
StatTimingItemStorageAverage: 1.653892215568857E-06
StatTimingItemStorageOverall: 0.0011047999999999965
StatTimingItemStorageCount: 668
StatTimingPodStorageAverage: 0.002056361682242989
StatTimingPodStorageOverall: 0.22003069999999983
StatTimingPodStorageCount: 107
StatTimingReplenishmentBatchingAverage: 9.85E-06
StatTimingReplenishmentBatchingOverall: 1.97E-05
StatTimingReplenishmentBatchingCount: 2
StatTimingOrderBatchingAverage: 0.0001154276
StatTimingOrderBatchingOverall: 0.0865707
StatTimingOrderBatchingCount: 750
>>> Overall
StatOverallBundlesPlaced: 0
StatOverallItemsOrdered: 667
StatOverallOrdersPlaced: 415
StatOverallBundlesRejected: 0
StatOverallOrdersRejected: 0
StatOverallBundlesHandled: 0
StatOverallItemsHandled: 691
StatOverallLinesHandled: 652
StatOverallOrdersHandled: 446
StatOverallCollisions: 0
StatOverallDistanceTraveled: 5326.910688156773
StatOverallDistanceEstimated: 5154
StatOverallAssignedTasks: 225
StatMaxMemoryUsed: 141,6328125
StatRealTimeUsed: 1.3477372
StatAverageTurnoverTime: 468.3222570776676
StatMedianTurnoverTime: 339.50407647171494
StatLowerQuartileTurnoverTime: 164.460562748477
StatUpperQuartileTurnoverTime: 653.1929725535255
StatAverageThroughputTime: 99.60155805214339
StatMedianThroughputTime: 24.033982680301847
StatLowerQuartileThroughputTime: 14.646204902523834
StatUpperQuartileThroughputTime: 81.66564934696845

Marked tag finished after 1 tries!
.Fin. - SUCCESS
<<< Welcome to the RAWSimO CLI >>>
The time is: 06/13/2024 09:44:21
Starting RAWSimO wrapper with the following arguments:
Instance: ..\..\..\..\Material\Instances\0.Weighted30min Demand separate\Db\Weighted2.xinst
Setting: ..\..\..\..\Material\Instances\0.Weighted30min Demand separate\Db\Weighted2.xsett
ControlConfig: ..\..\..\..\Material\Instances\0.Weighted30min Demand separate\Db\Weighted2.xconf
StatisticsDir: ..\..\..\..\Material\Instances\0.Weighted30min Demand separate\Db
Seed: 1
Additionally the following tag was passed: 1, 0.5534, 0.549, 0.19, 0.345, 0.35
Adding handler for unhandled exceptions ...
Initializing ... 
Instance recognized!
Parsing setting config ...
Parsing control config ...
Parsing instance ...
StatisticsFolder: Weighted2-Db_[[1, 0.5534, 0.549]]_1_[0.19, 0.345, 0.35].csv-1
Done!
