Executing ... 
 19:59:41 | >>> Warming up ...
 00:00:00 | >>> Warmup finished - starting simulation ...
 Realtime |   ETA    |  Sim.Time  | Progress | #Orders | #Bundles | Inv. | Distance | #Coll. |   Memory    
 00:00:00 |   n/a    | 0.00:00:00 |  0.00%   |    0    |    0     | 60%  |    0     |   0    |  93.79MB  
 00:00:00 | Cannot generate further orders - suspending generation for now
 00:00:00 | Cannot generate further orders - suspending generation for now
 00:00:00 | Cannot generate further orders - suspending generation for now
 00:00:00 | Cannot generate further orders - suspending generation for now
 00:00:00 | Cannot generate further orders - suspending generation for now
 00:00:00 | Cannot generate further orders - suspending generation for now
 00:00:01 | Cannot generate further orders - suspending generation for now
 00:00:01 | Cannot generate further orders - suspending generation for now
 00:00:01 | 00:00:00 | 0.00:30:00 | 100.00%  |   466   |    0     | 16%  |   4876   |   0    |  90.14MB  
 00:00:01 | >>> Simulation finished - writing results ...
 00:00:01 | >>> Results written
Simulation finished.
>>> Timings
StatTimingPathPlanningAverage: 9.386871239470517E-05
StatTimingPathPlanningOverall: 0.0780049
StatTimingPathPlanningCount: 831
StatTimingTaskAllocationAverage: 0.001989784285714285
StatTimingTaskAllocationOverall: 0.4178546999999999
StatTimingTaskAllocationCount: 210
StatTimingItemStorageAverage: 1.024647887323947E-06
StatTimingItemStorageOverall: 0.0007275000000000023
StatTimingItemStorageCount: 710
StatTimingPodStorageAverage: 0.00162589
StatTimingPodStorageOverall: 0.162589
StatTimingPodStorageCount: 100
StatTimingReplenishmentBatchingAverage: 2.18E-05
StatTimingReplenishmentBatchingOverall: 4.36E-05
StatTimingReplenishmentBatchingCount: 2
StatTimingOrderBatchingAverage: 8.692815656565666E-05
StatTimingOrderBatchingOverall: 0.06884710000000008
StatTimingOrderBatchingCount: 792
>>> Overall
StatOverallBundlesPlaced: 0
StatOverallItemsOrdered: 665
StatOverallOrdersPlaced: 415
StatOverallBundlesRejected: 0
StatOverallOrdersRejected: 0
StatOverallBundlesHandled: 0
StatOverallItemsHandled: 724
StatOverallLinesHandled: 683
StatOverallOrdersHandled: 466
StatOverallCollisions: 0
StatOverallDistanceTraveled: 4875.5847275186115
StatOverallDistanceEstimated: 4764
StatOverallAssignedTasks: 210
StatMaxMemoryUsed: 95,1953125
StatRealTimeUsed: 1.0471881
StatAverageTurnoverTime: 446.32760992364695
StatMedianTurnoverTime: 316.4534271247461
StatLowerQuartileTurnoverTime: 119.14500000000001
StatUpperQuartileTurnoverTime: 641.8006493469678
StatAverageThroughputTime: 104.33510840451936
StatMedianThroughputTime: 21.34379509747606
StatLowerQuartileThroughputTime: 13.099812417174277
StatUpperQuartileThroughputTime: 83.93842712474634

Marked tag finished after 1 tries!
.Fin. - SUCCESS
<<< Welcome to the RAWSimO CLI >>>
The time is: 06/11/2024 19:59:42
Starting RAWSimO wrapper with the following arguments:
Instance: ..\..\..\..\Material\Instances\0.Weighted30min Demand separate\Df\Weighted2.xinst
Setting: ..\..\..\..\Material\Instances\0.Weighted30min Demand separate\Df\Weighted2.xsett
ControlConfig: ..\..\..\..\Material\Instances\0.Weighted30min Demand separate\Df\Weighted2.xconf
StatisticsDir: ..\..\..\..\Material\Instances\0.Weighted30min Demand separate\Df
Seed: 4
Additionally the following tag was passed: [[1, 0.1602857142857143, 0.068]]
Adding handler for unhandled exceptions ...
Initializing ... 
Instance recognized!
Parsing setting config ...
Parsing control config ...
Parsing instance ...
StatisticsFolder: Weighted2-Df_[[1, 0.1602857142857143, 0.068]]_2.csv-4
Done!
