Executing ... 
 14:00:48 | >>> Warming up ...
 00:00:00 | >>> Warmup finished - starting simulation ...
 Realtime |   ETA    |  Sim.Time  | Progress | #Orders | #Bundles | Inv. | Distance | #Coll. |   Memory    
 00:00:00 |   n/a    | 0.00:00:00 |  0.00%   |    0    |    0     | 60%  |    0     |   0    | 116.11MB  
 00:00:00 | Cannot generate further orders - suspending generation for now
 00:00:00 | Cannot generate further orders - suspending generation for now
 00:00:00 | Cannot generate further orders - suspending generation for now
 00:00:00 | Cannot generate further orders - suspending generation for now
 00:00:00 | Cannot generate further orders - suspending generation for now
 00:00:01 | 00:00:00 | 0.00:30:00 | 100.00%  |   435   |    0     | 21%  |   5408   |   0    | 111.80MB  
 00:00:01 | >>> Simulation finished - writing results ...
 00:00:01 | >>> Results written
Simulation finished.
>>> Timings
StatTimingPathPlanningAverage: 8.235843091334892E-05
StatTimingPathPlanningOverall: 0.07033409999999998
StatTimingPathPlanningCount: 854
StatTimingTaskAllocationAverage: 0.0016958751091703062
StatTimingTaskAllocationOverall: 0.38835540000000013
StatTimingTaskAllocationCount: 229
StatTimingItemStorageAverage: 1.1058641975308642E-06
StatTimingItemStorageOverall: 0.0007166000000000001
StatTimingItemStorageCount: 648
StatTimingPodStorageAverage: 0.0012933509090909086
StatTimingPodStorageOverall: 0.14226859999999994
StatTimingPodStorageCount: 110
StatTimingReplenishmentBatchingAverage: 1.22E-05
StatTimingReplenishmentBatchingOverall: 2.44E-05
StatTimingReplenishmentBatchingCount: 2
StatTimingOrderBatchingAverage: 8.289336870026538E-05
StatTimingOrderBatchingOverall: 0.0625016000000001
StatTimingOrderBatchingCount: 754
>>> Overall
StatOverallBundlesPlaced: 0
StatOverallItemsOrdered: 667
StatOverallOrdersPlaced: 422
StatOverallBundlesRejected: 0
StatOverallOrdersRejected: 0
StatOverallBundlesHandled: 0
StatOverallItemsHandled: 652
StatOverallLinesHandled: 611
StatOverallOrdersHandled: 435
StatOverallCollisions: 0
StatOverallDistanceTraveled: 5407.86536813837
StatOverallDistanceEstimated: 5301
StatOverallAssignedTasks: 229
StatMaxMemoryUsed: 116,11328125
StatRealTimeUsed: 1.0004704
StatAverageTurnoverTime: 485.4813728370074
StatMedianTurnoverTime: 398.7933549121018
StatLowerQuartileTurnoverTime: 166.82361470757166
StatUpperQuartileTurnoverTime: 680.842965360604
StatAverageThroughputTime: 99.00875442027986
StatMedianThroughputTime: 19.364444444444388
StatLowerQuartileThroughputTime: 12.433427124746238
StatUpperQuartileThroughputTime: 85.66500719292208

Marked tag finished after 1 tries!
.Fin. - SUCCESS
<<< Welcome to the RAWSimO CLI >>>
The time is: 06/07/2024 14:00:49
Starting RAWSimO wrapper with the following arguments:
Instance: ..\..\..\..\Material\Instances\0.Weighted30min Demand separate\Db\Weighted2.xinst
Setting: ..\..\..\..\Material\Instances\0.Weighted30min Demand separate\Db\Weighted2.xsett
ControlConfig: ..\..\..\..\Material\Instances\0.Weighted30min Demand separate\Db\Weighted2.xconf
StatisticsDir: ..\..\..\..\Material\Instances\0.Weighted30min Demand separate\Db
Seed: 2
Additionally the following tag was passed: [[1, 5, 1]]
Adding handler for unhandled exceptions ...
Initializing ... 
Instance recognized!
Parsing setting config ...
Parsing control config ...
Parsing instance ...
StatisticsFolder: Weighted2-Db_[[1, 5, 1]]_1.csv-2
Done!
