Executing ... 
 19:26:48 | >>> Warming up ...
 00:00:00 | >>> Warmup finished - starting simulation ...
 Realtime |   ETA    |  Sim.Time  | Progress | #Orders | #Bundles | Inv. | Distance | #Coll. |   Memory    
 00:00:00 |   n/a    | 0.00:00:00 |  0.00%   |    0    |    0     | 60%  |    0     |   0    | 145.05MB  
 00:00:00 | Cannot generate further orders - suspending generation for now
 00:00:00 | Cannot generate further orders - suspending generation for now
 00:00:00 | Cannot generate further orders - suspending generation for now
 00:00:00 | Cannot generate further orders - suspending generation for now
 00:00:00 | Cannot generate further orders - suspending generation for now
 00:00:00 | Cannot generate further orders - suspending generation for now
 00:00:00 | Cannot generate further orders - suspending generation for now
 00:00:00 | Cannot generate further orders - suspending generation for now
 00:00:00 | Cannot generate further orders - suspending generation for now
 00:00:00 | 00:00:00 | 0.00:30:00 | 100.00%  |   471   |    0     | 15%  |   5034   |   0    | 140.55MB  
 00:00:00 | >>> Simulation finished - writing results ...
 00:00:00 | >>> Results written
Simulation finished.
>>> Timings
StatTimingPathPlanningAverage: 8.028516746411475E-05
StatTimingPathPlanningOverall: 0.06711839999999994
StatTimingPathPlanningCount: 836
StatTimingTaskAllocationAverage: 0.0016781023474178416
StatTimingTaskAllocationOverall: 0.35743580000000025
StatTimingTaskAllocationCount: 213
StatTimingItemStorageAverage: 9.086111111111147E-07
StatTimingItemStorageOverall: 0.0006542000000000026
StatTimingItemStorageCount: 720
StatTimingPodStorageAverage: 0.0014725294117647059
StatTimingPodStorageOverall: 0.150198
StatTimingPodStorageCount: 102
StatTimingReplenishmentBatchingAverage: 7.45E-06
StatTimingReplenishmentBatchingOverall: 1.49E-05
StatTimingReplenishmentBatchingCount: 2
StatTimingOrderBatchingAverage: 8.965181347150263E-05
StatTimingOrderBatchingOverall: 0.06921120000000003
StatTimingOrderBatchingCount: 772
>>> Overall
StatOverallBundlesPlaced: 0
StatOverallItemsOrdered: 656
StatOverallOrdersPlaced: 405
StatOverallBundlesRejected: 0
StatOverallOrdersRejected: 0
StatOverallBundlesHandled: 0
StatOverallItemsHandled: 743
StatOverallLinesHandled: 689
StatOverallOrdersHandled: 471
StatOverallCollisions: 0
StatOverallDistanceTraveled: 5033.934326959784
StatOverallDistanceEstimated: 4938
StatOverallAssignedTasks: 213
StatMaxMemoryUsed: 145,046875
StatRealTimeUsed: 0.9225988
StatAverageTurnoverTime: 477.66444981741256
StatMedianTurnoverTime: 341.1865728752573
StatLowerQuartileTurnoverTime: 128.27509379141293
StatUpperQuartileTurnoverTime: 721.0860173196997
StatAverageThroughputTime: 94.01485902343597
StatMedianThroughputTime: 21.360555555555948
StatLowerQuartileThroughputTime: 12.851666666667143
StatUpperQuartileThroughputTime: 81.6217604580811

Marked tag finished after 1 tries!
.Fin. - SUCCESS
<<< Welcome to the RAWSimO CLI >>>
The time is: 06/25/2024 19:26:49
Starting RAWSimO wrapper with the following arguments:
Instance: ..\..\..\..\Material\Instances\10.Weighted30min Demand Gall\Dr\Weighted2.xinst
Setting: ..\..\..\..\Material\Instances\10.Weighted30min Demand Gall\Dr\Weighted2.xsett
ControlConfig: ..\..\..\..\Material\Instances\10.Weighted30min Demand Gall\Dr\Weighted2.xconf
StatisticsDir: ..\..\..\..\Material\Instances\10.Weighted30min Demand Gall\Dr
Seed: 5
Additionally the following tag was passed: 1, 1.021818181818182, 1.0, 0.201, 0.195, 1.0
Adding handler for unhandled exceptions ...
Initializing ... 
Instance recognized!
Parsing setting config ...
Parsing control config ...
Parsing instance ...
StatisticsFolder: Weighted2-Dr_[[1, 1.021818181818182, 1.0]]_1_[0.201, 0.195, 1.0].csv-5
Done!
