Executing ... 
 16:18:30 | >>> Warming up ...
 00:00:00 | >>> Warmup finished - starting simulation ...
 Realtime |   ETA    |  Sim.Time  | Progress | #Orders | #Bundles | Inv. | Distance | #Coll. |   Memory    
 00:00:00 |   n/a    | 0.00:00:00 |  0.00%   |    0    |    0     | 60%  |    0     |   0    |  88.34MB  
 00:00:01 | Cannot generate further orders - suspending generation for now
 00:00:01 | Cannot generate further orders - suspending generation for now
 00:00:01 | Cannot generate further orders - suspending generation for now
 00:00:01 | Cannot generate further orders - suspending generation for now
 00:00:02 | Cannot generate further orders - suspending generation for now
 00:00:02 | Cannot generate further orders - suspending generation for now
 00:00:02 | Cannot generate further orders - suspending generation for now
 00:00:02 | Cannot generate further orders - suspending generation for now
 00:00:02 | Cannot generate further orders - suspending generation for now
 00:00:02 | Cannot generate further orders - suspending generation for now
 00:00:02 | Cannot generate further orders - suspending generation for now
 00:00:02 | 00:00:00 | 0.00:30:00 | 100.00%  |   495   |    0     | 15%  |   4914   |   0    |  85.23MB  
 00:00:02 | >>> Simulation finished - writing results ...
 00:00:02 | >>> Results written
Simulation finished.
>>> Timings
StatTimingPathPlanningAverage: 0.00031191713947990553
StatTimingPathPlanningOverall: 0.26388190000000006
StatTimingPathPlanningCount: 846
StatTimingTaskAllocationAverage: 0.004090716915422883
StatTimingTaskAllocationOverall: 0.8222340999999995
StatTimingTaskAllocationCount: 201
StatTimingItemStorageAverage: 2.9674796747967426E-06
StatTimingItemStorageOverall: 0.002189999999999996
StatTimingItemStorageCount: 738
StatTimingPodStorageAverage: 0.003989511458333333
StatTimingPodStorageOverall: 0.38299310000000003
StatTimingPodStorageCount: 96
StatTimingReplenishmentBatchingAverage: 8.15E-06
StatTimingReplenishmentBatchingOverall: 1.63E-05
StatTimingReplenishmentBatchingCount: 2
StatTimingOrderBatchingAverage: 0.00022256406443618332
StatTimingOrderBatchingOverall: 0.17960919999999994
StatTimingOrderBatchingCount: 807
>>> Overall
StatOverallBundlesPlaced: 0
StatOverallItemsOrdered: 657
StatOverallOrdersPlaced: 425
StatOverallBundlesRejected: 0
StatOverallOrdersRejected: 0
StatOverallBundlesHandled: 0
StatOverallItemsHandled: 756
StatOverallLinesHandled: 716
StatOverallOrdersHandled: 495
StatOverallCollisions: 0
StatOverallDistanceTraveled: 4914.171644795694
StatOverallDistanceEstimated: 4794
StatOverallAssignedTasks: 201
StatMaxMemoryUsed: 88,71875
StatRealTimeUsed: 2.4323225
StatAverageTurnoverTime: 445.5717264960146
StatMedianTurnoverTime: 314.76361470757456
StatLowerQuartileTurnoverTime: 143.65185424949246
StatUpperQuartileTurnoverTime: 622.2680663449407
StatAverageThroughputTime: 99.44403788759635
StatMedianThroughputTime: 25.38953823585723
StatLowerQuartileThroughputTime: 16.21268398636488
StatUpperQuartileThroughputTime: 93.21833333333484

Marked tag finished after 1 tries!
.Fin. - SUCCESS
<<< Welcome to the RAWSimO CLI >>>
The time is: 06/21/2024 16:18:32
Starting RAWSimO wrapper with the following arguments:
Instance: ..\..\..\..\Material\Instances\01.Weighted30min Demand Gall\Dp\Weighted2.xinst
Setting: ..\..\..\..\Material\Instances\01.Weighted30min Demand Gall\Dp\Weighted2.xsett
ControlConfig: ..\..\..\..\Material\Instances\01.Weighted30min Demand Gall\Dp\Weighted2.xconf
StatisticsDir: ..\..\..\..\Material\Instances\01.Weighted30min Demand Gall\Dp
Seed: 3
Additionally the following tag was passed: 1, 0.15142857142857144, 1.0, 0.106, 0.7, 1.0
Adding handler for unhandled exceptions ...
Initializing ... 
Instance recognized!
Parsing setting config ...
Parsing control config ...
Parsing instance ...
StatisticsFolder: Weighted2-Dp_[[1, 0.15142857142857144, 1.0]]_1_[0.106, 0.7, 1.0].csv-3
Done!
