Executing ... 
 18:14:32 | >>> Warming up ...
 00:00:00 | >>> Warmup finished - starting simulation ...
 Realtime |   ETA    |  Sim.Time  | Progress | #Orders | #Bundles | Inv. | Distance | #Coll. |   Memory    
 00:00:00 |   n/a    | 0.00:00:00 |  0.00%   |    0    |    0     | 60%  |    0     |   0    |  77.39MB  
 00:00:00 | Cannot generate further orders - suspending generation for now
 00:00:01 | Cannot generate further orders - suspending generation for now
 00:00:01 | Cannot generate further orders - suspending generation for now
 00:00:01 | Cannot generate further orders - suspending generation for now
 00:00:01 | Cannot generate further orders - suspending generation for now
 00:00:01 | Cannot generate further orders - suspending generation for now
 00:00:01 | Cannot generate further orders - suspending generation for now
 00:00:01 | Cannot generate further orders - suspending generation for now
 00:00:01 | Cannot generate further orders - suspending generation for now
 00:00:01 | Cannot generate further orders - suspending generation for now
 00:00:01 | Cannot generate further orders - suspending generation for now
 00:00:01 | Cannot generate further orders - suspending generation for now
 00:00:01 | 00:00:00 | 0.00:30:00 | 100.00%  |   502   |    0     | 14%  |   4878   |   0    |  73.98MB  
 00:00:01 | >>> Simulation finished - writing results ...
 00:00:01 | >>> Results written
Simulation finished.
>>> Timings
StatTimingPathPlanningAverage: 0.00013487939698492477
StatTimingPathPlanningOverall: 0.10736400000000011
StatTimingPathPlanningCount: 796
StatTimingTaskAllocationAverage: 0.0024553005154639164
StatTimingTaskAllocationOverall: 0.47632829999999976
StatTimingTaskAllocationCount: 194
StatTimingItemStorageAverage: 1.5429333333333343E-06
StatTimingItemStorageOverall: 0.0011572000000000008
StatTimingItemStorageCount: 750
StatTimingPodStorageAverage: 0.002136770967741935
StatTimingPodStorageOverall: 0.19871969999999994
StatTimingPodStorageCount: 93
StatTimingReplenishmentBatchingAverage: 1.045E-05
StatTimingReplenishmentBatchingOverall: 2.09E-05
StatTimingReplenishmentBatchingCount: 2
StatTimingOrderBatchingAverage: 0.00013132832298136648
StatTimingOrderBatchingOverall: 0.10571930000000002
StatTimingOrderBatchingCount: 805
>>> Overall
StatOverallBundlesPlaced: 0
StatOverallItemsOrdered: 667
StatOverallOrdersPlaced: 427
StatOverallBundlesRejected: 0
StatOverallOrdersRejected: 0
StatOverallBundlesHandled: 0
StatOverallItemsHandled: 768
StatOverallLinesHandled: 726
StatOverallOrdersHandled: 502
StatOverallCollisions: 0
StatOverallDistanceTraveled: 4878.497953639194
StatOverallDistanceEstimated: 4759
StatOverallAssignedTasks: 194
StatMaxMemoryUsed: 77,6015625
StatRealTimeUsed: 1.3918704
StatAverageTurnoverTime: 450.85622478042154
StatMedianTurnoverTime: 293.51676045807955
StatLowerQuartileTurnoverTime: 132.79888888889081
StatUpperQuartileTurnoverTime: 678.0705555555561
StatAverageThroughputTime: 86.72961612380766
StatMedianThroughputTime: 24.549264054540288
StatLowerQuartileThroughputTime: 16.65444444444347
StatUpperQuartileThroughputTime: 86.42009379141336

Marked tag finished after 1 tries!
.Fin. - SUCCESS
<<< Welcome to the RAWSimO CLI >>>
The time is: 06/07/2024 18:14:34
Starting RAWSimO wrapper with the following arguments:
Instance: ..\..\..\..\Material\Instances\0.Weighted30min Demand separate\Df\Weighted2.xinst
Setting: ..\..\..\..\Material\Instances\0.Weighted30min Demand separate\Df\Weighted2.xsett
ControlConfig: ..\..\..\..\Material\Instances\0.Weighted30min Demand separate\Df\Weighted2.xconf
StatisticsDir: ..\..\..\..\Material\Instances\0.Weighted30min Demand separate\Df
Seed: 2
Additionally the following tag was passed: [[1, 2, 0.068]]
Adding handler for unhandled exceptions ...
Initializing ... 
Instance recognized!
Parsing setting config ...
Parsing control config ...
Parsing instance ...
StatisticsFolder: Weighted2-Df_[[1, 2, 0.068]]_2.csv-2
Done!
