Executing ... 
 09:24:20 | >>> Warming up ...
 00:00:00 | >>> Warmup finished - starting simulation ...
 Realtime |   ETA    |  Sim.Time  | Progress | #Orders | #Bundles | Inv. | Distance | #Coll. |   Memory    
 00:00:00 |   n/a    | 0.00:00:00 |  0.00%   |    0    |    0     | 60%  |    0     |   0    |  94.41MB  
 00:00:00 | Cannot generate further orders - suspending generation for now
 00:00:00 | Cannot generate further orders - suspending generation for now
 00:00:00 | Cannot generate further orders - suspending generation for now
 00:00:01 | Cannot generate further orders - suspending generation for now
 00:00:01 | Cannot generate further orders - suspending generation for now
 00:00:01 | Cannot generate further orders - suspending generation for now
 00:00:01 | Cannot generate further orders - suspending generation for now
 00:00:01 | Cannot generate further orders - suspending generation for now
 00:00:01 | Cannot generate further orders - suspending generation for now
 00:00:01 | 00:00:00 | 0.00:30:00 | 100.00%  |   482   |    0     | 15%  |   5083   |   0    |  63.10MB  
 00:00:01 | >>> Simulation finished - writing results ...
 00:00:01 | >>> Results written
Simulation finished.
>>> Timings
StatTimingPathPlanningAverage: 0.00011196981132075483
StatTimingPathPlanningOverall: 0.09495040000000009
StatTimingPathPlanningCount: 848
StatTimingTaskAllocationAverage: 0.001837349537037038
StatTimingTaskAllocationOverall: 0.3968675000000002
StatTimingTaskAllocationCount: 216
StatTimingItemStorageAverage: 8.460416666666622E-06
StatTimingItemStorageOverall: 0.0060914999999999685
StatTimingItemStorageCount: 720
StatTimingPodStorageAverage: 0.0017123028846153855
StatTimingPodStorageOverall: 0.17807950000000008
StatTimingPodStorageCount: 104
StatTimingReplenishmentBatchingAverage: 7.5500000000000006E-06
StatTimingReplenishmentBatchingOverall: 1.5100000000000001E-05
StatTimingReplenishmentBatchingCount: 2
StatTimingOrderBatchingAverage: 8.982905759162312E-05
StatTimingOrderBatchingOverall: 0.06862940000000006
StatTimingOrderBatchingCount: 764
>>> Overall
StatOverallBundlesPlaced: 0
StatOverallItemsOrdered: 667
StatOverallOrdersPlaced: 416
StatOverallBundlesRejected: 0
StatOverallOrdersRejected: 0
StatOverallBundlesHandled: 0
StatOverallItemsHandled: 741
StatOverallLinesHandled: 701
StatOverallOrdersHandled: 482
StatOverallCollisions: 0
StatOverallDistanceTraveled: 5083.0430164878035
StatOverallDistanceEstimated: 4954
StatOverallAssignedTasks: 216
StatMaxMemoryUsed: 95,484375
StatRealTimeUsed: 1.1314575
StatAverageTurnoverTime: 480.4548202963354
StatMedianTurnoverTime: 342.9288888888888
StatLowerQuartileTurnoverTime: 138.20166666666677
StatUpperQuartileTurnoverTime: 720.1354689570683
StatAverageThroughputTime: 89.54777786731626
StatMedianThroughputTime: 21.031204902524223
StatLowerQuartileThroughputTime: 15.260000000000005
StatUpperQuartileThroughputTime: 79.4827777777777

Marked tag finished after 1 tries!
.Fin. - SUCCESS
<<< Welcome to the RAWSimO CLI >>>
The time is: 06/13/2024 09:24:22
Starting RAWSimO wrapper with the following arguments:
Instance: ..\..\..\..\Material\Instances\0.Weighted30min Demand separate\Da\Weighted2.xinst
Setting: ..\..\..\..\Material\Instances\0.Weighted30min Demand separate\Da\Weighted2.xsett
ControlConfig: ..\..\..\..\Material\Instances\0.Weighted30min Demand separate\Da\Weighted2.xconf
StatisticsDir: ..\..\..\..\Material\Instances\0.Weighted30min Demand separate\Da
Seed: 1
Additionally the following tag was passed: 1, 0.052, 0.5455, 0.103, 1.0, 0.25
Adding handler for unhandled exceptions ...
Initializing ... 
Instance recognized!
Parsing setting config ...
Parsing control config ...
Parsing instance ...
StatisticsFolder: Weighted2-Da_[[1, 0.052, 0.5455]]_2_[0.103, 1.0, 0.25].csv-1
Done!
