Executing ... 
 13:59:58 | >>> Warming up ...
 00:00:00 | >>> Warmup finished - starting simulation ...
 Realtime |   ETA    |  Sim.Time  | Progress | #Orders | #Bundles | Inv. | Distance | #Coll. |   Memory    
 00:00:00 |   n/a    | 0.00:00:00 |  0.00%   |    0    |    0     | 60%  |    0     |   0    | 110.54MB  
 00:00:00 | Cannot generate further orders - suspending generation for now
 00:00:00 | Cannot generate further orders - suspending generation for now
 00:00:00 | Cannot generate further orders - suspending generation for now
 00:00:00 | Cannot generate further orders - suspending generation for now
 00:00:00 | Cannot generate further orders - suspending generation for now
 00:00:00 | Cannot generate further orders - suspending generation for now
 00:00:00 | Cannot generate further orders - suspending generation for now
 00:00:00 | Cannot generate further orders - suspending generation for now
 00:00:00 | Cannot generate further orders - suspending generation for now
 00:00:00 | Cannot generate further orders - suspending generation for now
 00:00:00 | 00:00:00 | 0.00:30:00 | 100.00%  |   472   |    0     | 16%  |   5205   |   0    |  70.49MB  
 00:00:00 | >>> Simulation finished - writing results ...
 00:00:01 | >>> Results written
Simulation finished.
>>> Timings
StatTimingPathPlanningAverage: 8.65233611442193E-05
StatTimingPathPlanningOverall: 0.0725931
StatTimingPathPlanningCount: 839
StatTimingTaskAllocationAverage: 0.0016649552380952374
StatTimingTaskAllocationOverall: 0.34964059999999986
StatTimingTaskAllocationCount: 210
StatTimingItemStorageAverage: 1.0929775280898863E-06
StatTimingItemStorageOverall: 0.0007781999999999991
StatTimingItemStorageCount: 712
StatTimingPodStorageAverage: 0.0014611584158415849
StatTimingPodStorageOverall: 0.14757700000000007
StatTimingPodStorageCount: 101
StatTimingReplenishmentBatchingAverage: 1.075E-05
StatTimingReplenishmentBatchingOverall: 2.15E-05
StatTimingReplenishmentBatchingCount: 2
StatTimingOrderBatchingAverage: 9.02742483660131E-05
StatTimingOrderBatchingOverall: 0.06905980000000002
StatTimingOrderBatchingCount: 765
>>> Overall
StatOverallBundlesPlaced: 0
StatOverallItemsOrdered: 641
StatOverallOrdersPlaced: 407
StatOverallBundlesRejected: 0
StatOverallOrdersRejected: 0
StatOverallBundlesHandled: 0
StatOverallItemsHandled: 735
StatOverallLinesHandled: 692
StatOverallOrdersHandled: 472
StatOverallCollisions: 0
StatOverallDistanceTraveled: 5205.248783550406
StatOverallDistanceEstimated: 5032
StatOverallAssignedTasks: 210
StatMaxMemoryUsed: 110,37109375
StatRealTimeUsed: 0.9846639
StatAverageTurnoverTime: 471.12174145865714
StatMedianTurnoverTime: 281.978051959095
StatLowerQuartileTurnoverTime: 115.45074313838154
StatUpperQuartileTurnoverTime: 699.655000000002
StatAverageThroughputTime: 97.0393864794984
StatMedianThroughputTime: 24.437871569190634
StatLowerQuartileThroughputTime: 15.820555555555984
StatUpperQuartileThroughputTime: 86.8316666666667

Marked tag finished after 1 tries!
.Fin. - SUCCESS
<<< Welcome to the RAWSimO CLI >>>
The time is: 06/07/2024 13:59:59
Starting RAWSimO wrapper with the following arguments:
Instance: ..\..\..\..\Material\Instances\0.Weighted30min Demand separate\Da\Weighted2.xinst
Setting: ..\..\..\..\Material\Instances\0.Weighted30min Demand separate\Da\Weighted2.xsett
ControlConfig: ..\..\..\..\Material\Instances\0.Weighted30min Demand separate\Da\Weighted2.xconf
StatisticsDir: ..\..\..\..\Material\Instances\0.Weighted30min Demand separate\Da
Seed: 2
Additionally the following tag was passed: [[1, 10, 1]]
Adding handler for unhandled exceptions ...
Initializing ... 
Instance recognized!
Parsing setting config ...
Parsing control config ...
Parsing instance ...
StatisticsFolder: Weighted2-Da_[[1, 10, 1]]_2.csv-2
Done!
