Executing ... 
 16:19:14 | >>> Warming up ...
 00:00:00 | >>> Warmup finished - starting simulation ...
 Realtime |   ETA    |  Sim.Time  | Progress | #Orders | #Bundles | Inv. | Distance | #Coll. |   Memory    
 00:00:00 |   n/a    | 0.00:00:00 |  0.00%   |    0    |    0     | 60%  |    0     |   0    |  77.85MB  
 00:00:01 | Cannot generate further orders - suspending generation for now
 00:00:01 | Cannot generate further orders - suspending generation for now
 00:00:01 | Cannot generate further orders - suspending generation for now
 00:00:01 | Cannot generate further orders - suspending generation for now
 00:00:01 | Cannot generate further orders - suspending generation for now
 00:00:01 | Cannot generate further orders - suspending generation for now
 00:00:01 | Cannot generate further orders - suspending generation for now
 00:00:01 | Cannot generate further orders - suspending generation for now
 00:00:01 | Cannot generate further orders - suspending generation for now
 00:00:01 | Cannot generate further orders - suspending generation for now
 00:00:01 | 00:00:00 | 0.00:30:00 | 100.00%  |   494   |    0     | 15%  |   4865   |   0    |  74.04MB  
 00:00:01 | >>> Simulation finished - writing results ...
 00:00:01 | >>> Results written
Simulation finished.
>>> Timings
StatTimingPathPlanningAverage: 0.00011255959232613902
StatTimingPathPlanningOverall: 0.09387469999999994
StatTimingPathPlanningCount: 834
StatTimingTaskAllocationAverage: 0.0027519351219512217
StatTimingTaskAllocationOverall: 0.5641467000000004
StatTimingTaskAllocationCount: 205
StatTimingItemStorageAverage: 1.3171232876712303E-06
StatTimingItemStorageOverall: 0.0009614999999999982
StatTimingItemStorageCount: 730
StatTimingPodStorageAverage: 0.0020349387755102047
StatTimingPodStorageOverall: 0.19942400000000005
StatTimingPodStorageCount: 98
StatTimingReplenishmentBatchingAverage: 7.45E-06
StatTimingReplenishmentBatchingOverall: 1.49E-05
StatTimingReplenishmentBatchingCount: 2
StatTimingOrderBatchingAverage: 0.00010577117794486216
StatTimingOrderBatchingOverall: 0.0844054
StatTimingOrderBatchingCount: 798
>>> Overall
StatOverallBundlesPlaced: 0
StatOverallItemsOrdered: 660
StatOverallOrdersPlaced: 428
StatOverallBundlesRejected: 0
StatOverallOrdersRejected: 0
StatOverallBundlesHandled: 0
StatOverallItemsHandled: 749
StatOverallLinesHandled: 708
StatOverallOrdersHandled: 494
StatOverallCollisions: 0
StatOverallDistanceTraveled: 4865.266115980026
StatOverallDistanceEstimated: 4743
StatOverallAssignedTasks: 205
StatMaxMemoryUsed: 77,84765625
StatRealTimeUsed: 1.2850004
StatAverageTurnoverTime: 440.14384713421254
StatMedianTurnoverTime: 318.29861470757197
StatLowerQuartileTurnoverTime: 134.76453823585743
StatUpperQuartileTurnoverTime: 591.7504689570696
StatAverageThroughputTime: 88.86175306862893
StatMedianThroughputTime: 22.848333333333358
StatLowerQuartileThroughputTime: 12.97176045807953
StatUpperQuartileThroughputTime: 82.33166666666716

Marked tag finished after 1 tries!
.Fin. - SUCCESS
<<< Welcome to the RAWSimO CLI >>>
The time is: 06/21/2024 16:19:15
Starting RAWSimO wrapper with the following arguments:
Instance: ..\..\..\..\Material\Instances\01.Weighted30min Demand Gall\Dp\Weighted2.xinst
Setting: ..\..\..\..\Material\Instances\01.Weighted30min Demand Gall\Dp\Weighted2.xsett
ControlConfig: ..\..\..\..\Material\Instances\01.Weighted30min Demand Gall\Dp\Weighted2.xconf
StatisticsDir: ..\..\..\..\Material\Instances\01.Weighted30min Demand Gall\Dp
Seed: 3
Additionally the following tag was passed: 1, 0.4342857142857143, 1.0, 0.166, 0.38, 1.0
Adding handler for unhandled exceptions ...
Initializing ... 
Instance recognized!
Parsing setting config ...
Parsing control config ...
Parsing instance ...
StatisticsFolder: Weighted2-Dp_[[1, 0.4342857142857143, 1.0]]_3_[0.166, 0.38, 1.0].csv-3
Done!
