Executing ... 
 09:44:12 | >>> Warming up ...
 00:00:00 | >>> Warmup finished - starting simulation ...
 Realtime |   ETA    |  Sim.Time  | Progress | #Orders | #Bundles | Inv. | Distance | #Coll. |   Memory    
 00:00:00 |   n/a    | 0.00:00:00 |  0.00%   |    0    |    0     | 60%  |    0     |   0    | 110.51MB  
 00:00:00 | Cannot generate further orders - suspending generation for now
 00:00:01 | Cannot generate further orders - suspending generation for now
 00:00:01 | Cannot generate further orders - suspending generation for now
 00:00:01 | Cannot generate further orders - suspending generation for now
 00:00:01 | Cannot generate further orders - suspending generation for now
 00:00:01 | Cannot generate further orders - suspending generation for now
 00:00:01 | Cannot generate further orders - suspending generation for now
 00:00:01 | 00:00:00 | 0.00:30:00 | 100.00%  |   457   |    0     | 18%  |   5260   |   0    | 105.03MB  
 00:00:01 | >>> Simulation finished - writing results ...
 00:00:01 | >>> Results written
Simulation finished.
>>> Timings
StatTimingPathPlanningAverage: 0.00010751317647058821
StatTimingPathPlanningOverall: 0.09138619999999997
StatTimingPathPlanningCount: 850
StatTimingTaskAllocationAverage: 0.001966164383561643
StatTimingTaskAllocationOverall: 0.43058999999999975
StatTimingTaskAllocationCount: 219
StatTimingItemStorageAverage: 1.4026587887739992E-06
StatTimingItemStorageOverall: 0.0009495999999999975
StatTimingItemStorageCount: 677
StatTimingPodStorageAverage: 0.0015955933962264151
StatTimingPodStorageOverall: 0.1691329
StatTimingPodStorageCount: 106
StatTimingReplenishmentBatchingAverage: 9.35E-06
StatTimingReplenishmentBatchingOverall: 1.87E-05
StatTimingReplenishmentBatchingCount: 2
StatTimingOrderBatchingAverage: 0.00010435780645161269
StatTimingOrderBatchingOverall: 0.08087729999999983
StatTimingOrderBatchingCount: 775
>>> Overall
StatOverallBundlesPlaced: 0
StatOverallItemsOrdered: 664
StatOverallOrdersPlaced: 421
StatOverallBundlesRejected: 0
StatOverallOrdersRejected: 0
StatOverallBundlesHandled: 0
StatOverallItemsHandled: 691
StatOverallLinesHandled: 651
StatOverallOrdersHandled: 457
StatOverallCollisions: 0
StatOverallDistanceTraveled: 5259.904938493805
StatOverallDistanceEstimated: 5126
StatOverallAssignedTasks: 219
StatMaxMemoryUsed: 110,5078125
StatRealTimeUsed: 1.1671473
StatAverageTurnoverTime: 470.01644825751197
StatMedianTurnoverTime: 330.64259019495285
StatLowerQuartileTurnoverTime: 168.88194084798334
StatUpperQuartileTurnoverTime: 639.0933333333338
StatAverageThroughputTime: 100.15270482195795
StatMedianThroughputTime: 19.486111111111313
StatLowerQuartileThroughputTime: 12.50833333333344
StatUpperQuartileThroughputTime: 80.9788888888889

Marked tag finished after 1 tries!
.Fin. - SUCCESS
<<< Welcome to the RAWSimO CLI >>>
The time is: 06/13/2024 09:44:13
Starting RAWSimO wrapper with the following arguments:
Instance: ..\..\..\..\Material\Instances\0.Weighted30min Demand separate\Db\Weighted2.xinst
Setting: ..\..\..\..\Material\Instances\0.Weighted30min Demand separate\Db\Weighted2.xsett
ControlConfig: ..\..\..\..\Material\Instances\0.Weighted30min Demand separate\Db\Weighted2.xconf
StatisticsDir: ..\..\..\..\Material\Instances\0.Weighted30min Demand separate\Db
Seed: 2
Additionally the following tag was passed: 1, 0.5534, 0.30400000000000005, 0.168, 0.3, 0.55
Adding handler for unhandled exceptions ...
Initializing ... 
Instance recognized!
Parsing setting config ...
Parsing control config ...
Parsing instance ...
StatisticsFolder: Weighted2-Db_[[1, 0.5534, 0.30400000000000005]]_2_[0.168, 0.3, 0.55].csv-2
Done!
