Executing ... 
 15:28:10 | >>> Warming up ...
 00:00:00 | >>> Warmup finished - starting simulation ...
 Realtime |   ETA    |  Sim.Time  | Progress | #Orders | #Bundles | Inv. | Distance | #Coll. |   Memory    
 00:00:00 |   n/a    | 0.00:00:00 |  0.00%   |    0    |    0     | 97%  |    0     |   0    | 130.71MB  
 00:00:03 | Reactivating bundle generation paused by inventory+reserved+backlog level (currently at: 0.6494252873563219)
 00:00:03 | Pausing bundle generation due to inventory+reserved+backlog level (currently at: 0.8505747126436781)
 00:00:04 | Reactivating bundle generation paused by inventory+reserved+backlog level (currently at: 0.6494252873563219)
 00:00:05 | 00:01:22 | 0.00:27:33 |  5.74%   |   449   |    70    | 40%  |  11718   |   0    | 126.53MB  
 00:00:05 | Cannot generate further orders - suspending generation for now
 00:00:05 | Cannot generate further orders - suspending generation for now
 00:00:05 | Cannot generate further orders - suspending generation for now
 00:00:05 | Cannot generate further orders - suspending generation for now
 00:00:05 | Cannot generate further orders - suspending generation for now
 00:00:06 | Cannot generate further orders - suspending generation for now
 00:00:06 | Cannot generate further orders - suspending generation for now
 00:00:06 | Cannot generate further orders - suspending generation for now
 00:00:06 | Cannot generate further orders - suspending generation for now
 00:00:06 | Cannot generate further orders - suspending generation for now
 00:00:06 | Cannot generate further orders - suspending generation for now
 00:00:06 | Cannot generate further orders - suspending generation for now
 00:00:06 | Cannot generate further orders - suspending generation for now
 00:00:06 | Cannot generate further orders - suspending generation for now
 00:00:07 | Cannot generate further orders - suspending generation for now
 00:00:07 | Cannot generate further orders - suspending generation for now
 00:00:07 | Cannot generate further orders - suspending generation for now
 00:00:07 | Cannot generate further orders - suspending generation for now
 00:00:07 | Cannot generate further orders - suspending generation for now
 00:00:07 | Pausing order generation due to inventory level (currently at: 0.0960591133004926)
 00:00:09 | 00:00:27 | 0.02:08:53 |  26.85%  |   854   |   630    | 36%  |  38124   |   0    | 130.43MB  
 00:00:11 | Reactivating order generation paused by inventory level (currently at: 0.6001642036124795)
 00:00:13 | Cannot generate further orders - suspending generation for now
 00:00:13 | Cannot generate further orders - suspending generation for now
 00:00:13 | Cannot generate further orders - suspending generation for now
 00:00:13 | Cannot generate further orders - suspending generation for now
 00:00:13 | Cannot generate further orders - suspending generation for now
 00:00:13 | Cannot generate further orders - suspending generation for now
 00:00:13 | Cannot generate further orders - suspending generation for now
 00:00:13 | Cannot generate further orders - suspending generation for now
 00:00:14 | Cannot generate further orders - suspending generation for now
 00:00:14 | Cannot generate further orders - suspending generation for now
 00:00:14 | Cannot generate further orders - suspending generation for now
 00:00:14 | Cannot generate further orders - suspending generation for now
 00:00:14 | Cannot generate further orders - suspending generation for now
 00:00:14 | Cannot generate further orders - suspending generation for now
 00:00:14 | Cannot generate further orders - suspending generation for now
 00:00:14 | Cannot generate further orders - suspending generation for now
 00:00:14 | Cannot generate further orders - suspending generation for now
 00:00:14 | Cannot generate further orders - suspending generation for now
 00:00:14 | Cannot generate further orders - suspending generation for now
 00:00:14 | 00:00:17 | 0.03:39:10 |  45.66%  |  1313   |   1128   | 18%  |  64148   |   0    | 139.77MB  
 00:00:15 | Cannot generate further orders - suspending generation for now
 00:00:15 | Cannot generate further orders - suspending generation for now
 00:00:15 | Cannot generate further orders - suspending generation for now
 00:00:15 | Cannot generate further orders - suspending generation for now
 00:00:15 | Cannot generate further orders - suspending generation for now
 00:00:15 | Cannot generate further orders - suspending generation for now
 00:00:15 | Cannot generate further orders - suspending generation for now
 00:00:15 | Cannot generate further orders - suspending generation for now
 00:00:15 | Pausing order generation due to inventory level (currently at: 0.0993431855500821)
 00:00:20 | 00:00:07 | 0.05:51:33 |  73.24%  |  1468   |   1859   | 57%  |  89476   |   0    | 144.87MB  
 00:00:20 | Reactivating order generation paused by inventory level (currently at: 0.6001642036124795)
 00:00:21 | Cannot generate further orders - suspending generation for now
 00:00:21 | Cannot generate further orders - suspending generation for now
 00:00:22 | Cannot generate further orders - suspending generation for now
 00:00:22 | Cannot generate further orders - suspending generation for now
 00:00:22 | Cannot generate further orders - suspending generation for now
 00:00:22 | Cannot generate further orders - suspending generation for now
 00:00:22 | Cannot generate further orders - suspending generation for now
 00:00:22 | Cannot generate further orders - suspending generation for now
 00:00:22 | Cannot generate further orders - suspending generation for now
 00:00:22 | Cannot generate further orders - suspending generation for now
 00:00:22 | Cannot generate further orders - suspending generation for now
 00:00:22 | Cannot generate further orders - suspending generation for now
 00:00:22 | Cannot generate further orders - suspending generation for now
 00:00:22 | Cannot generate further orders - suspending generation for now
 00:00:22 | Cannot generate further orders - suspending generation for now
 00:00:22 | Cannot generate further orders - suspending generation for now
 00:00:23 | Cannot generate further orders - suspending generation for now
 00:00:23 | Cannot generate further orders - suspending generation for now
 00:00:23 | Cannot generate further orders - suspending generation for now
 00:00:23 | Cannot generate further orders - suspending generation for now
 00:00:23 | Cannot generate further orders - suspending generation for now
 00:00:23 | Cannot generate further orders - suspending generation for now
 00:00:23 | Cannot generate further orders - suspending generation for now
 00:00:23 | Cannot generate further orders - suspending generation for now
 00:00:23 | Cannot generate further orders - suspending generation for now
 00:00:23 | Cannot generate further orders - suspending generation for now
 00:00:23 | Cannot generate further orders - suspending generation for now
 00:00:23 | Pausing order generation due to inventory level (currently at: 0.09688013136288999)
 00:00:25 | 00:00:03 | 0.07:06:36 |  88.88%  |  2089   |   2273   | 10%  |  126397  |   0    | 149.87MB  
 00:00:26 | 00:00:00 | 0.08:00:00 | 100.00%  |  2089   |   2568   | 34%  |  131188  |   0    | 149.85MB  
 00:00:26 | >>> Simulation finished - writing results ...
 00:00:26 | >>> Results written
Simulation finished.
>>> Timings
StatTimingPathPlanningAverage: 0.000300791781830076
StatTimingPathPlanningOverall: 3.6783827
StatTimingPathPlanningCount: 12229
StatTimingTaskAllocationAverage: 0.00019759611660005413
StatTimingTaskAllocationOverall: 8.059747999999608
StatTimingTaskAllocationCount: 40789
StatTimingItemStorageAverage: 3.987789757412371E-06
StatTimingItemStorageOverall: 0.014794699999999897
StatTimingItemStorageCount: 3710
StatTimingPodStorageAverage: 0.001371145443425075
StatTimingPodStorageOverall: 2.2418227999999973
StatTimingPodStorageCount: 1635
StatTimingReplenishmentBatchingAverage: 1.2972139303482615E-05
StatTimingReplenishmentBatchingOverall: 0.044325800000000096
StatTimingReplenishmentBatchingCount: 3417
StatTimingOrderBatchingAverage: 0.00015077295214196155
StatTimingOrderBatchingOverall: 0.8411623000000035
StatTimingOrderBatchingCount: 5579
>>> Overall
StatOverallBundlesPlaced: 2866
StatOverallItemsOrdered: 3001
StatOverallOrdersPlaced: 1889
StatOverallBundlesRejected: 0
StatOverallOrdersRejected: 0
StatOverallBundlesHandled: 2568
StatOverallItemsHandled: 3334
StatOverallLinesHandled: 3181
StatOverallOrdersHandled: 2089
StatOverallCollisions: 0
StatOverallDistanceTraveled: 131187.80843021916
StatOverallDistanceEstimated: 122622
StatOverallAssignedTasks: 40789
StatMaxMemoryUsed: 151,671875
StatRealTimeUsed: 26.2458817
StatAverageTurnoverTime: 881.3812607031682
StatMedianTurnoverTime: 679.4608441227222
StatLowerQuartileTurnoverTime: 325.72435065300306
StatUpperQuartileTurnoverTime: 1230.0058369296894
StatAverageThroughputTime: 258.65521689796986
StatMedianThroughputTime: 93.82841273890654
StatLowerQuartileThroughputTime: 43.34620490252928
StatUpperQuartileThroughputTime: 213.28277777776566

Marked tag finished after 1 tries!
.Fin. - SUCCESS
