Executing ... 
 09:25:08 | >>> Warming up ...
 00:00:00 | >>> Warmup finished - starting simulation ...
 Realtime |   ETA    |  Sim.Time  | Progress | #Orders | #Bundles | Inv. | Distance | #Coll. |   Memory    
 00:00:00 |   n/a    | 0.00:00:00 |  0.00%   |    0    |    0     | 60%  |    0     |   0    |  78.59MB  
 00:00:00 | Cannot generate further orders - suspending generation for now
 00:00:00 | Cannot generate further orders - suspending generation for now
 00:00:00 | Cannot generate further orders - suspending generation for now
 00:00:01 | Cannot generate further orders - suspending generation for now
 00:00:01 | Cannot generate further orders - suspending generation for now
 00:00:01 | Cannot generate further orders - suspending generation for now
 00:00:01 | Cannot generate further orders - suspending generation for now
 00:00:01 | 00:00:00 | 0.00:30:00 | 100.00%  |   473   |    0     | 16%  |   5039   |   0    |  77.45MB  
 00:00:01 | >>> Simulation finished - writing results ...
 00:00:01 | >>> Results written
Simulation finished.
>>> Timings
StatTimingPathPlanningAverage: 9.661769596199524E-05
StatTimingPathPlanningOverall: 0.0813521
StatTimingPathPlanningCount: 842
StatTimingTaskAllocationAverage: 0.0018788526066350717
StatTimingTaskAllocationOverall: 0.3964379000000001
StatTimingTaskAllocationCount: 211
StatTimingItemStorageAverage: 1.0218055555555565E-06
StatTimingItemStorageOverall: 0.0007357000000000006
StatTimingItemStorageCount: 720
StatTimingPodStorageAverage: 0.0018605861386138613
StatTimingPodStorageOverall: 0.18791919999999998
StatTimingPodStorageCount: 101
StatTimingReplenishmentBatchingAverage: 8.5E-06
StatTimingReplenishmentBatchingOverall: 1.7E-05
StatTimingReplenishmentBatchingCount: 2
StatTimingOrderBatchingAverage: 9.844617346938778E-05
StatTimingOrderBatchingOverall: 0.07718180000000002
StatTimingOrderBatchingCount: 784
>>> Overall
StatOverallBundlesPlaced: 0
StatOverallItemsOrdered: 667
StatOverallOrdersPlaced: 415
StatOverallBundlesRejected: 0
StatOverallOrdersRejected: 0
StatOverallBundlesHandled: 0
StatOverallItemsHandled: 731
StatOverallLinesHandled: 691
StatOverallOrdersHandled: 473
StatOverallCollisions: 0
StatOverallDistanceTraveled: 5039.442028380103
StatOverallDistanceEstimated: 4918
StatOverallAssignedTasks: 211
StatMaxMemoryUsed: 80,12109375
StatRealTimeUsed: 1.1010724
StatAverageTurnoverTime: 479.6453777968405
StatMedianTurnoverTime: 336.03841993182584
StatLowerQuartileTurnoverTime: 142.31453823585744
StatUpperQuartileTurnoverTime: 702.2873232065658
StatAverageThroughputTime: 91.3204545746705
StatMedianThroughputTime: 24.11722222222204
StatLowerQuartileThroughputTime: 16.119812417171943
StatUpperQuartileThroughputTime: 81.71989901565962

Marked tag finished after 1 tries!
.Fin. - SUCCESS
<<< Welcome to the RAWSimO CLI >>>
The time is: 06/13/2024 09:25:09
Starting RAWSimO wrapper with the following arguments:
Instance: ..\..\..\..\Material\Instances\0.Weighted30min Demand separate\Da\Weighted2.xinst
Setting: ..\..\..\..\Material\Instances\0.Weighted30min Demand separate\Da\Weighted2.xsett
ControlConfig: ..\..\..\..\Material\Instances\0.Weighted30min Demand separate\Da\Weighted2.xconf
StatisticsDir: ..\..\..\..\Material\Instances\0.Weighted30min Demand separate\Da
Seed: 1
Additionally the following tag was passed: 1, 10.0, 0.5455, 0.198, 0.1, 0.359
Adding handler for unhandled exceptions ...
Initializing ... 
Instance recognized!
Parsing setting config ...
Parsing control config ...
Parsing instance ...
StatisticsFolder: Weighted2-Da_[[1, 10.0, 0.5455]]_1_[0.198, 0.1, 0.359].csv-1
Done!
