Executing ... 
 09:48:31 | >>> Warming up ...
 00:00:00 | >>> Warmup finished - starting simulation ...
 Realtime |   ETA    |  Sim.Time  | Progress | #Orders | #Bundles | Inv. | Distance | #Coll. |   Memory    
 00:00:00 |   n/a    | 0.00:00:00 |  0.00%   |    0    |    0     | 60%  |    0     |   0    | 131.62MB  
 00:00:01 | Cannot generate further orders - suspending generation for now
 00:00:01 | Cannot generate further orders - suspending generation for now
 00:00:01 | Cannot generate further orders - suspending generation for now
 00:00:01 | Cannot generate further orders - suspending generation for now
 00:00:01 | Cannot generate further orders - suspending generation for now
 00:00:01 | Cannot generate further orders - suspending generation for now
 00:00:01 | Cannot generate further orders - suspending generation for now
 00:00:01 | Cannot generate further orders - suspending generation for now
 00:00:01 | Cannot generate further orders - suspending generation for now
 00:00:01 | Cannot generate further orders - suspending generation for now
 00:00:01 | 00:00:00 | 0.00:30:00 | 100.00%  |   475   |    0     | 17%  |   5063   |   0    | 129.32MB  
 00:00:01 | >>> Simulation finished - writing results ...
 00:00:01 | >>> Results written
Simulation finished.
>>> Timings
StatTimingPathPlanningAverage: 0.00012380436408977554
StatTimingPathPlanningOverall: 0.09929109999999998
StatTimingPathPlanningCount: 802
StatTimingTaskAllocationAverage: 0.002365590821256039
StatTimingTaskAllocationOverall: 0.48967730000000015
StatTimingTaskAllocationCount: 207
StatTimingItemStorageAverage: 1.2991404011461309E-06
StatTimingItemStorageOverall: 0.0009067999999999993
StatTimingItemStorageCount: 698
StatTimingPodStorageAverage: 0.0019057673469387768
StatTimingPodStorageOverall: 0.18676520000000013
StatTimingPodStorageCount: 98
StatTimingReplenishmentBatchingAverage: 8.5E-06
StatTimingReplenishmentBatchingOverall: 1.7E-05
StatTimingReplenishmentBatchingCount: 2
StatTimingOrderBatchingAverage: 0.00010915410256410274
StatTimingOrderBatchingOverall: 0.08514020000000014
StatTimingOrderBatchingCount: 780
>>> Overall
StatOverallBundlesPlaced: 0
StatOverallItemsOrdered: 618
StatOverallOrdersPlaced: 401
StatOverallBundlesRejected: 0
StatOverallOrdersRejected: 0
StatOverallBundlesHandled: 0
StatOverallItemsHandled: 723
StatOverallLinesHandled: 691
StatOverallOrdersHandled: 475
StatOverallCollisions: 0
StatOverallDistanceTraveled: 5063.369626398308
StatOverallDistanceEstimated: 4922
StatOverallAssignedTasks: 207
StatMaxMemoryUsed: 131,93359375
StatRealTimeUsed: 1.3026481
StatAverageTurnoverTime: 462.33929257818437
StatMedianTurnoverTime: 275.0799062085869
StatLowerQuartileTurnoverTime: 108.83611111111112
StatUpperQuartileTurnoverTime: 661.303982680302
StatAverageThroughputTime: 90.9738302718766
StatMedianThroughputTime: 22.035743138381463
StatLowerQuartileThroughputTime: 14.613333333333458
StatUpperQuartileThroughputTime: 82.43722222222243

Marked tag finished after 1 tries!
.Fin. - SUCCESS
<<< Welcome to the RAWSimO CLI >>>
The time is: 06/13/2024 09:48:32
Starting RAWSimO wrapper with the following arguments:
Instance: ..\..\..\..\Material\Instances\0.Weighted30min Demand separate\Dc\Weighted2.xinst
Setting: ..\..\..\..\Material\Instances\0.Weighted30min Demand separate\Dc\Weighted2.xsett
ControlConfig: ..\..\..\..\Material\Instances\0.Weighted30min Demand separate\Dc\Weighted2.xconf
StatisticsDir: ..\..\..\..\Material\Instances\0.Weighted30min Demand separate\Dc
Seed: 3
Additionally the following tag was passed: 1, 0.058, 0.48599999999999993, 0.13, 1.0, 0.333
Adding handler for unhandled exceptions ...
Initializing ... 
Instance recognized!
Parsing setting config ...
Parsing control config ...
Parsing instance ...
StatisticsFolder: Weighted2-Dc_[[1, 0.058, 0.48599999999999993]]_2_[0.13, 1.0, 0.333].csv-3
Done!
