Executing ... 
 09:54:10 | >>> Warming up ...
 00:00:00 | >>> Warmup finished - starting simulation ...
 Realtime |   ETA    |  Sim.Time  | Progress | #Orders | #Bundles | Inv. | Distance | #Coll. |   Memory    
 00:00:00 |   n/a    | 0.00:00:00 |  0.00%   |    0    |    0     | 60%  |    0     |   0    |  96.37MB  
 00:00:01 | Cannot generate further orders - suspending generation for now
 00:00:01 | Cannot generate further orders - suspending generation for now
 00:00:01 | Cannot generate further orders - suspending generation for now
 00:00:01 | Cannot generate further orders - suspending generation for now
 00:00:01 | Cannot generate further orders - suspending generation for now
 00:00:01 | Cannot generate further orders - suspending generation for now
 00:00:01 | Cannot generate further orders - suspending generation for now
 00:00:02 | Cannot generate further orders - suspending generation for now
 00:00:02 | Cannot generate further orders - suspending generation for now
 00:00:02 | Cannot generate further orders - suspending generation for now
 00:00:02 | 00:00:00 | 0.00:30:00 | 100.00%  |   490   |    0     | 16%  |   4972   |   0    |  93.49MB  
 00:00:02 | >>> Simulation finished - writing results ...
 00:00:02 | >>> Results written
Simulation finished.
>>> Timings
StatTimingPathPlanningAverage: 0.00021179058679706607
StatTimingPathPlanningOverall: 0.17324470000000006
StatTimingPathPlanningCount: 818
StatTimingTaskAllocationAverage: 0.003113043661971832
StatTimingTaskAllocationOverall: 0.6630783000000002
StatTimingTaskAllocationCount: 213
StatTimingItemStorageAverage: 2.8562499999999995E-06
StatTimingItemStorageOverall: 0.0020564999999999997
StatTimingItemStorageCount: 720
StatTimingPodStorageAverage: 0.0022359359223300974
StatTimingPodStorageOverall: 0.23030140000000004
StatTimingPodStorageCount: 103
StatTimingReplenishmentBatchingAverage: 9.45E-06
StatTimingReplenishmentBatchingOverall: 1.89E-05
StatTimingReplenishmentBatchingCount: 2
StatTimingOrderBatchingAverage: 0.00025734529702970316
StatTimingOrderBatchingOverall: 0.20793500000000015
StatTimingOrderBatchingCount: 808
>>> Overall
StatOverallBundlesPlaced: 0
StatOverallItemsOrdered: 667
StatOverallOrdersPlaced: 431
StatOverallBundlesRejected: 0
StatOverallOrdersRejected: 0
StatOverallBundlesHandled: 0
StatOverallItemsHandled: 739
StatOverallLinesHandled: 699
StatOverallOrdersHandled: 490
StatOverallCollisions: 0
StatOverallDistanceTraveled: 4971.670270584846
StatOverallDistanceEstimated: 4844
StatOverallAssignedTasks: 213
StatMaxMemoryUsed: 96,8359375
StatRealTimeUsed: 2.1216429
StatAverageTurnoverTime: 425.78299049879666
StatMedianTurnoverTime: 272.3887950974755
StatLowerQuartileTurnoverTime: 121.21879509747714
StatUpperQuartileTurnoverTime: 615.8889826803018
StatAverageThroughputTime: 92.15283561500819
StatMedianThroughputTime: 22.36824673484216
StatLowerQuartileThroughputTime: 14.291760458079693
StatUpperQuartileThroughputTime: 82.70176045807946

Marked tag finished after 1 tries!
.Fin. - SUCCESS
<<< Welcome to the RAWSimO CLI >>>
The time is: 06/13/2024 09:54:12
Starting RAWSimO wrapper with the following arguments:
Instance: ..\..\..\..\Material\Instances\0.Weighted30min Demand separate\Dd\Weighted2.xinst
Setting: ..\..\..\..\Material\Instances\0.Weighted30min Demand separate\Dd\Weighted2.xsett
ControlConfig: ..\..\..\..\Material\Instances\0.Weighted30min Demand separate\Dd\Weighted2.xconf
StatisticsDir: ..\..\..\..\Material\Instances\0.Weighted30min Demand separate\Dd
Seed: 3
Additionally the following tag was passed: 1, 0.05, 0.3766666666666667, 0.1, 1.0, 0.5
Adding handler for unhandled exceptions ...
Initializing ... 
Instance recognized!
Parsing setting config ...
Parsing control config ...
Parsing instance ...
StatisticsFolder: Weighted2-Dd_[[1, 0.05, 0.3766666666666667]]_3_[0.1, 1.0, 0.5].csv-3
Done!
