Executing ... 
 19:26:29 | >>> Warming up ...
 00:00:00 | >>> Warmup finished - starting simulation ...
 Realtime |   ETA    |  Sim.Time  | Progress | #Orders | #Bundles | Inv. | Distance | #Coll. |   Memory    
 00:00:00 |   n/a    | 0.00:00:00 |  0.00%   |    0    |    0     | 60%  |    0     |   0    | 131.03MB  
 00:00:00 | Cannot generate further orders - suspending generation for now
 00:00:00 | Cannot generate further orders - suspending generation for now
 00:00:00 | Cannot generate further orders - suspending generation for now
 00:00:00 | Cannot generate further orders - suspending generation for now
 00:00:00 | Cannot generate further orders - suspending generation for now
 00:00:00 | Cannot generate further orders - suspending generation for now
 00:00:00 | Cannot generate further orders - suspending generation for now
 00:00:00 | Cannot generate further orders - suspending generation for now
 00:00:00 | Cannot generate further orders - suspending generation for now
 00:00:00 | Cannot generate further orders - suspending generation for now
 00:00:00 | 00:00:00 | 0.00:30:00 | 100.00%  |   493   |    0     | 14%  |   5017   |   0    | 128.09MB  
 00:00:00 | >>> Simulation finished - writing results ...
 00:00:00 | >>> Results written
Simulation finished.
>>> Timings
StatTimingPathPlanningAverage: 9.474878612716763E-05
StatTimingPathPlanningOverall: 0.0819577
StatTimingPathPlanningCount: 865
StatTimingTaskAllocationAverage: 0.001585034741784038
StatTimingTaskAllocationOverall: 0.3376124000000001
StatTimingTaskAllocationCount: 213
StatTimingItemStorageAverage: 8.447439353099795E-07
StatTimingItemStorageOverall: 0.0006268000000000048
StatTimingItemStorageCount: 742
StatTimingPodStorageAverage: 0.001502930392156863
StatTimingPodStorageOverall: 0.15329890000000002
StatTimingPodStorageCount: 102
StatTimingReplenishmentBatchingAverage: 7.2999999999999996E-06
StatTimingReplenishmentBatchingOverall: 1.4599999999999999E-05
StatTimingReplenishmentBatchingCount: 2
StatTimingOrderBatchingAverage: 8.391740226986128E-05
StatTimingOrderBatchingOverall: 0.0665465
StatTimingOrderBatchingCount: 793
>>> Overall
StatOverallBundlesPlaced: 0
StatOverallItemsOrdered: 651
StatOverallOrdersPlaced: 415
StatOverallBundlesRejected: 0
StatOverallOrdersRejected: 0
StatOverallBundlesHandled: 0
StatOverallItemsHandled: 759
StatOverallLinesHandled: 713
StatOverallOrdersHandled: 493
StatOverallCollisions: 0
StatOverallDistanceTraveled: 5016.809329511741
StatOverallDistanceEstimated: 4936
StatOverallAssignedTasks: 213
StatMaxMemoryUsed: 132,26171875
StatRealTimeUsed: 0.9009364
StatAverageTurnoverTime: 479.69442636472536
StatMedianTurnoverTime: 292.47518758282615
StatLowerQuartileTurnoverTime: 119.61787156919104
StatUpperQuartileTurnoverTime: 729.766760458081
StatAverageThroughputTime: 93.5469073070716
StatMedianThroughputTime: 24.95287156919062
StatLowerQuartileThroughputTime: 16.148982680301685
StatUpperQuartileThroughputTime: 80.07861470757439

Marked tag finished after 1 tries!
.Fin. - SUCCESS
<<< Welcome to the RAWSimO CLI >>>
The time is: 06/25/2024 19:26:30
Starting RAWSimO wrapper with the following arguments:
Instance: ..\..\..\..\Material\Instances\10.Weighted30min Demand Gall\Dr\Weighted2.xinst
Setting: ..\..\..\..\Material\Instances\10.Weighted30min Demand Gall\Dr\Weighted2.xsett
ControlConfig: ..\..\..\..\Material\Instances\10.Weighted30min Demand Gall\Dr\Weighted2.xconf
StatisticsDir: ..\..\..\..\Material\Instances\10.Weighted30min Demand Gall\Dr
Seed: 6
Additionally the following tag was passed: 1, 0.8772727272727274, 1.0, 0.195, 0.219, 1.0
Adding handler for unhandled exceptions ...
Initializing ... 
Instance recognized!
Parsing setting config ...
Parsing control config ...
Parsing instance ...
StatisticsFolder: Weighted2-Dr_[[1, 0.8772727272727274, 1.0]]_1_[0.195, 0.219, 1.0].csv-6
Done!
