Executing ... 
 09:51:16 | >>> Warming up ...
 00:00:00 | >>> Warmup finished - starting simulation ...
 Realtime |   ETA    |  Sim.Time  | Progress | #Orders | #Bundles | Inv. | Distance | #Coll. |   Memory    
 00:00:00 |   n/a    | 0.00:00:00 |  0.00%   |    0    |    0     | 60%  |    0     |   0    | 143.81MB  
 00:00:00 | Cannot generate further orders - suspending generation for now
 00:00:00 | Cannot generate further orders - suspending generation for now
 00:00:00 | Cannot generate further orders - suspending generation for now
 00:00:00 | Cannot generate further orders - suspending generation for now
 00:00:00 | Cannot generate further orders - suspending generation for now
 00:00:00 | Cannot generate further orders - suspending generation for now
 00:00:00 | Cannot generate further orders - suspending generation for now
 00:00:00 | Cannot generate further orders - suspending generation for now
 00:00:00 | Cannot generate further orders - suspending generation for now
 00:00:00 | Cannot generate further orders - suspending generation for now
 00:00:01 | Cannot generate further orders - suspending generation for now
 00:00:01 | 00:00:00 | 0.00:30:00 | 100.00%  |   520   |    0     | 12%  |   4946   |   0    | 141.93MB  
 00:00:01 | >>> Simulation finished - writing results ...
 00:00:01 | >>> Results written
Simulation finished.
>>> Timings
StatTimingPathPlanningAverage: 8.706531130876736E-05
StatTimingPathPlanningOverall: 0.06852039999999991
StatTimingPathPlanningCount: 787
StatTimingTaskAllocationAverage: 0.0018357376884422095
StatTimingTaskAllocationOverall: 0.3653117999999997
StatTimingTaskAllocationCount: 199
StatTimingItemStorageAverage: 8.807989690721669E-07
StatTimingItemStorageOverall: 0.0006835000000000015
StatTimingItemStorageCount: 776
StatTimingPodStorageAverage: 0.0016343105263157888
StatTimingPodStorageOverall: 0.15525949999999994
StatTimingPodStorageCount: 95
StatTimingReplenishmentBatchingAverage: 8.550000000000001E-06
StatTimingReplenishmentBatchingOverall: 1.7100000000000002E-05
StatTimingReplenishmentBatchingCount: 2
StatTimingOrderBatchingAverage: 9.142931873479337E-05
StatTimingOrderBatchingOverall: 0.07515490000000015
StatTimingOrderBatchingCount: 822
>>> Overall
StatOverallBundlesPlaced: 0
StatOverallItemsOrdered: 654
StatOverallOrdersPlaced: 423
StatOverallBundlesRejected: 0
StatOverallOrdersRejected: 0
StatOverallBundlesHandled: 0
StatOverallItemsHandled: 801
StatOverallLinesHandled: 761
StatOverallOrdersHandled: 520
StatOverallCollisions: 0
StatOverallDistanceTraveled: 4945.863899566165
StatOverallDistanceEstimated: 4835
StatOverallAssignedTasks: 199
StatMaxMemoryUsed: 143,80859375
StatRealTimeUsed: 1.0113651
StatAverageTurnoverTime: 461.5667397688998
StatMedianTurnoverTime: 280.8426839863656
StatLowerQuartileTurnoverTime: 119.9440764717146
StatUpperQuartileTurnoverTime: 697.4774098050559
StatAverageThroughputTime: 89.92060880618888
StatMedianThroughputTime: 28.526111111111277
StatLowerQuartileThroughputTime: 16.930093791412872
StatUpperQuartileThroughputTime: 84.64055555555535

Marked tag finished after 1 tries!
.Fin. - SUCCESS
<<< Welcome to the RAWSimO CLI >>>
The time is: 06/13/2024 09:51:17
Starting RAWSimO wrapper with the following arguments:
Instance: ..\..\..\..\Material\Instances\0.Weighted30min Demand separate\Dc\Weighted2.xinst
Setting: ..\..\..\..\Material\Instances\0.Weighted30min Demand separate\Dc\Weighted2.xsett
ControlConfig: ..\..\..\..\Material\Instances\0.Weighted30min Demand separate\Dc\Weighted2.xconf
StatisticsDir: ..\..\..\..\Material\Instances\0.Weighted30min Demand separate\Dc
Seed: 3
Additionally the following tag was passed: 1, 3.6754, 0.27199999999999996, 0.146, 0.143, 0.538
Adding handler for unhandled exceptions ...
Initializing ... 
Instance recognized!
Parsing setting config ...
Parsing control config ...
Parsing instance ...
StatisticsFolder: Weighted2-Dc_[[1, 3.6754, 0.27199999999999996]]_3_[0.146, 0.143, 0.538].csv-3
Done!
