Executing ... 
 16:32:32 | >>> Warming up ...
 00:00:00 | >>> Warmup finished - starting simulation ...
 Realtime |   ETA    |  Sim.Time  | Progress | #Orders | #Bundles | Inv. | Distance | #Coll. |   Memory    
 00:00:00 |   n/a    | 0.00:00:00 |  0.00%   |    0    |    0     | 83%  |    0     |   0    |  83.22MB  
 00:00:00 | Reactivating bundle generation paused by inventory+reserved+backlog level (currently at: 0.6491666666666667)
 00:00:00 | 00:00:00 | 0.00:30:00 | 100.00%  |   330   |    0     | 40%  |   1959   |   0    |  83.22MB  
 00:00:00 | >>> Simulation finished - writing results ...
 00:00:00 | >>> Results written
Simulation finished.
>>> Timings
StatTimingPathPlanningAverage: 7.81754237288135E-05
StatTimingPathPlanningOverall: 0.02767409999999998
StatTimingPathPlanningCount: 354
StatTimingTaskAllocationAverage: 0.0014316062499999996
StatTimingTaskAllocationOverall: 0.18324559999999995
StatTimingTaskAllocationCount: 128
StatTimingItemStorageAverage: 1.0356031128404692E-06
StatTimingItemStorageOverall: 0.0005323000000000012
StatTimingItemStorageCount: 514
StatTimingPodStorageAverage: 0.002350780555555555
StatTimingPodStorageOverall: 0.08462809999999998
StatTimingPodStorageCount: 36
StatTimingReplenishmentBatchingAverage: 7.7E-06
StatTimingReplenishmentBatchingOverall: 3.08E-05
StatTimingReplenishmentBatchingCount: 4
StatTimingOrderBatchingAverage: 8.908774509803927E-05
StatTimingOrderBatchingOverall: 0.054521700000000034
StatTimingOrderBatchingCount: 612
>>> Overall
StatOverallBundlesPlaced: 180
StatOverallItemsOrdered: 584
StatOverallOrdersPlaced: 363
StatOverallBundlesRejected: 0
StatOverallOrdersRejected: 0
StatOverallBundlesHandled: 0
StatOverallItemsHandled: 520
StatOverallLinesHandled: 486
StatOverallOrdersHandled: 330
StatOverallCollisions: 0
StatOverallDistanceTraveled: 1959.1691351778525
StatOverallDistanceEstimated: 1925
StatOverallAssignedTasks: 128
StatMaxMemoryUsed: 83,21875
StatRealTimeUsed: 0.676832
StatAverageTurnoverTime: 553.8123894111528
StatMedianTurnoverTime: 432.6467604580795
StatLowerQuartileTurnoverTime: 215.41499999999988
StatUpperQuartileTurnoverTime: 808.7322222222226
StatAverageThroughputTime: 153.16269661923212
StatMedianThroughputTime: 102.51666666666688
StatLowerQuartileThroughputTime: 51.86277777777772
StatUpperQuartileThroughputTime: 173.91722222222415

Marked tag finished after 1 tries!
.Fin. - SUCCESS
<<< Welcome to the RAWSimO CLI >>>
The time is: 06/03/2024 16:32:33
Starting RAWSimO wrapper with the following arguments:
Instance: ..\..\..\..\Material\Instances\0.Weighted30min\Weighted2.xinst
Setting: ..\..\..\..\Material\Instances\0.Weighted30min\WeightedScenario.xsett
ControlConfig: ..\..\..\..\Material\Instances\0.Weighted30min\WeightedScenario.xconf
StatisticsDir: ..\..\..\..\Material\Instances\0.Weighted30min
Seed: 2
Additionally the following tag was passed: Dewhigh
Adding handler for unhandled exceptions ...
Initializing ... 
Instance recognized!
Parsing setting config ...
Parsing control config ...
Parsing instance ...
StatisticsFolder: WeightedScenario-De_whigh_2.csv-2
Done!
