Executing ... 
 19:26:34 | >>> Warming up ...
 00:00:00 | >>> Warmup finished - starting simulation ...
 Realtime |   ETA    |  Sim.Time  | Progress | #Orders | #Bundles | Inv. | Distance | #Coll. |   Memory    
 00:00:00 |   n/a    | 0.00:00:00 |  0.00%   |    0    |    0     | 60%  |    0     |   0    | 155.10MB  
 00:00:00 | Cannot generate further orders - suspending generation for now
 00:00:00 | Cannot generate further orders - suspending generation for now
 00:00:00 | Cannot generate further orders - suspending generation for now
 00:00:00 | Cannot generate further orders - suspending generation for now
 00:00:00 | Cannot generate further orders - suspending generation for now
 00:00:00 | Cannot generate further orders - suspending generation for now
 00:00:00 | Cannot generate further orders - suspending generation for now
 00:00:00 | Cannot generate further orders - suspending generation for now
 00:00:00 | Cannot generate further orders - suspending generation for now
 00:00:00 | Cannot generate further orders - suspending generation for now
 00:00:00 | 00:00:00 | 0.00:30:00 | 100.00%  |   472   |    0     | 16%  |   5110   |   0    | 152.44MB  
 00:00:00 | >>> Simulation finished - writing results ...
 00:00:00 | >>> Results written
Simulation finished.
>>> Timings
StatTimingPathPlanningAverage: 7.61699879951981E-05
StatTimingPathPlanningOverall: 0.06344960000000002
StatTimingPathPlanningCount: 833
StatTimingTaskAllocationAverage: 0.0016543336448598123
StatTimingTaskAllocationOverall: 0.3540273999999998
StatTimingTaskAllocationCount: 214
StatTimingItemStorageAverage: 8.888888888888945E-07
StatTimingItemStorageOverall: 0.0006400000000000041
StatTimingItemStorageCount: 720
StatTimingPodStorageAverage: 0.0014318990196078435
StatTimingPodStorageOverall: 0.14605370000000004
StatTimingPodStorageCount: 102
StatTimingReplenishmentBatchingAverage: 7.149999999999999E-06
StatTimingReplenishmentBatchingOverall: 1.4299999999999999E-05
StatTimingReplenishmentBatchingCount: 2
StatTimingOrderBatchingAverage: 8.377329910141207E-05
StatTimingOrderBatchingOverall: 0.0652594
StatTimingOrderBatchingCount: 779
>>> Overall
StatOverallBundlesPlaced: 0
StatOverallItemsOrdered: 659
StatOverallOrdersPlaced: 408
StatOverallBundlesRejected: 0
StatOverallOrdersRejected: 0
StatOverallBundlesHandled: 0
StatOverallItemsHandled: 734
StatOverallLinesHandled: 682
StatOverallOrdersHandled: 472
StatOverallCollisions: 0
StatOverallDistanceTraveled: 5110.398120731163
StatOverallDistanceEstimated: 4950
StatOverallAssignedTasks: 214
StatMaxMemoryUsed: 153,7890625
StatRealTimeUsed: 0.9021358
StatAverageTurnoverTime: 465.0177879998523
StatMedianTurnoverTime: 300.0114862767632
StatLowerQuartileTurnoverTime: 137.2667604580797
StatUpperQuartileTurnoverTime: 678.646118304033
StatAverageThroughputTime: 89.3157604797295
StatMedianThroughputTime: 24.177777777777692
StatLowerQuartileThroughputTime: 15.553888888888878
StatUpperQuartileThroughputTime: 78.90676045807955

Marked tag finished after 1 tries!
.Fin. - SUCCESS
<<< Welcome to the RAWSimO CLI >>>
The time is: 06/25/2024 19:26:35
Starting RAWSimO wrapper with the following arguments:
Instance: ..\..\..\..\Material\Instances\10.Weighted30min Demand Gall\Dr\Weighted2.xinst
Setting: ..\..\..\..\Material\Instances\10.Weighted30min Demand Gall\Dr\Weighted2.xsett
ControlConfig: ..\..\..\..\Material\Instances\10.Weighted30min Demand Gall\Dr\Weighted2.xconf
StatisticsDir: ..\..\..\..\Material\Instances\10.Weighted30min Demand Gall\Dr
Seed: 5
Additionally the following tag was passed: 1, 0.8772727272727274, 1.0, 0.195, 0.219, 1.0
Adding handler for unhandled exceptions ...
Initializing ... 
Instance recognized!
Parsing setting config ...
Parsing control config ...
Parsing instance ...
StatisticsFolder: Weighted2-Dr_[[1, 0.8772727272727274, 1.0]]_2_[0.195, 0.219, 1.0].csv-5
Done!
