Executing ... 
 09:57:38 | >>> Warming up ...
 00:00:00 | >>> Warmup finished - starting simulation ...
 Realtime |   ETA    |  Sim.Time  | Progress | #Orders | #Bundles | Inv. | Distance | #Coll. |   Memory    
 00:00:00 |   n/a    | 0.00:00:00 |  0.00%   |    0    |    0     | 60%  |    0     |   0    | 107.51MB  
 00:00:00 | Cannot generate further orders - suspending generation for now
 00:00:00 | Cannot generate further orders - suspending generation for now
 00:00:00 | Cannot generate further orders - suspending generation for now
 00:00:00 | Cannot generate further orders - suspending generation for now
 00:00:00 | Cannot generate further orders - suspending generation for now
 00:00:00 | Cannot generate further orders - suspending generation for now
 00:00:00 | Cannot generate further orders - suspending generation for now
 00:00:00 | Cannot generate further orders - suspending generation for now
 00:00:00 | Cannot generate further orders - suspending generation for now
 00:00:00 | 00:00:00 | 0.00:30:00 | 100.00%  |   484   |    0     | 16%  |   5010   |   0    | 104.11MB  
 00:00:00 | >>> Simulation finished - writing results ...
 00:00:01 | >>> Results written
Simulation finished.
>>> Timings
StatTimingPathPlanningAverage: 9.469623529411762E-05
StatTimingPathPlanningOverall: 0.08049179999999997
StatTimingPathPlanningCount: 850
StatTimingTaskAllocationAverage: 0.0017768541463414613
StatTimingTaskAllocationOverall: 0.36425509999999955
StatTimingTaskAllocationCount: 205
StatTimingItemStorageAverage: 9.05218617771512E-07
StatTimingItemStorageOverall: 0.000641800000000002
StatTimingItemStorageCount: 709
StatTimingPodStorageAverage: 0.00149904387755102
StatTimingPodStorageOverall: 0.14690629999999996
StatTimingPodStorageCount: 98
StatTimingReplenishmentBatchingAverage: 1.68E-05
StatTimingReplenishmentBatchingOverall: 3.36E-05
StatTimingReplenishmentBatchingCount: 2
StatTimingOrderBatchingAverage: 8.43346598202824E-05
StatTimingOrderBatchingOverall: 0.0656967
StatTimingOrderBatchingCount: 779
>>> Overall
StatOverallBundlesPlaced: 0
StatOverallItemsOrdered: 667
StatOverallOrdersPlaced: 422
StatOverallBundlesRejected: 0
StatOverallOrdersRejected: 0
StatOverallBundlesHandled: 0
StatOverallItemsHandled: 740
StatOverallLinesHandled: 698
StatOverallOrdersHandled: 484
StatOverallCollisions: 0
StatOverallDistanceTraveled: 5009.895903811672
StatOverallDistanceEstimated: 4773
StatOverallAssignedTasks: 205
StatMaxMemoryUsed: 106,890625
StatRealTimeUsed: 0.9758201
StatAverageTurnoverTime: 430.6974445174077
StatMedianTurnoverTime: 290.3488888888889
StatLowerQuartileTurnoverTime: 123.71444444444445
StatUpperQuartileTurnoverTime: 605.305836929794
StatAverageThroughputTime: 87.97885036696158
StatMedianThroughputTime: 24.724999999999966
StatLowerQuartileThroughputTime: 15.803333333333342
StatUpperQuartileThroughputTime: 77.938427124746

Marked tag finished after 1 tries!
.Fin. - SUCCESS
<<< Welcome to the RAWSimO CLI >>>
The time is: 06/13/2024 09:57:39
Starting RAWSimO wrapper with the following arguments:
Instance: ..\..\..\..\Material\Instances\0.Weighted30min Demand separate\Dd\Weighted2.xinst
Setting: ..\..\..\..\Material\Instances\0.Weighted30min Demand separate\Dd\Weighted2.xsett
ControlConfig: ..\..\..\..\Material\Instances\0.Weighted30min Demand separate\Dd\Weighted2.xconf
StatisticsDir: ..\..\..\..\Material\Instances\0.Weighted30min Demand separate\Dd
Seed: 2
Additionally the following tag was passed: 1, 0.642, 0.05, 0.15, 0.333, 1.0
Adding handler for unhandled exceptions ...
Initializing ... 
Instance recognized!
Parsing setting config ...
Parsing control config ...
Parsing instance ...
StatisticsFolder: Weighted2-Dd_[[1, 0.642, 0.05]]_1_[0.15, 0.333, 1.0].csv-2
Done!
