Executing ... 
 10:01:26 | >>> Warming up ...
 00:00:00 | >>> Warmup finished - starting simulation ...
 Realtime |   ETA    |  Sim.Time  | Progress | #Orders | #Bundles | Inv. | Distance | #Coll. |   Memory    
 00:00:00 |   n/a    | 0.00:00:00 |  0.00%   |    0    |    0     | 60%  |    0     |   0    |  99.42MB  
 00:00:00 | Cannot generate further orders - suspending generation for now
 00:00:00 | Cannot generate further orders - suspending generation for now
 00:00:00 | Cannot generate further orders - suspending generation for now
 00:00:00 | Cannot generate further orders - suspending generation for now
 00:00:00 | Cannot generate further orders - suspending generation for now
 00:00:00 | Cannot generate further orders - suspending generation for now
 00:00:00 | Cannot generate further orders - suspending generation for now
 00:00:00 | Cannot generate further orders - suspending generation for now
 00:00:01 | Cannot generate further orders - suspending generation for now
 00:00:01 | Cannot generate further orders - suspending generation for now
 00:00:01 | Cannot generate further orders - suspending generation for now
 00:00:01 | Cannot generate further orders - suspending generation for now
 00:00:01 | 00:00:00 | 0.00:30:00 | 100.00%  |   503   |    0     | 13%  |   4859   |   0    | 100.65MB  
 00:00:01 | >>> Simulation finished - writing results ...
 00:00:01 | >>> Results written
Simulation finished.
>>> Timings
StatTimingPathPlanningAverage: 9.705236907730665E-05
StatTimingPathPlanningOverall: 0.07783599999999993
StatTimingPathPlanningCount: 802
StatTimingTaskAllocationAverage: 0.00212446009852217
StatTimingTaskAllocationOverall: 0.4312654000000005
StatTimingTaskAllocationCount: 203
StatTimingItemStorageAverage: 1.0075797872340426E-06
StatTimingItemStorageOverall: 0.0007577
StatTimingItemStorageCount: 752
StatTimingPodStorageAverage: 0.0018880968749999995
StatTimingPodStorageOverall: 0.18125729999999995
StatTimingPodStorageCount: 96
StatTimingReplenishmentBatchingAverage: 8.3E-06
StatTimingReplenishmentBatchingOverall: 1.66E-05
StatTimingReplenishmentBatchingCount: 2
StatTimingOrderBatchingAverage: 9.305653798256529E-05
StatTimingOrderBatchingOverall: 0.07472439999999993
StatTimingOrderBatchingCount: 803
>>> Overall
StatOverallBundlesPlaced: 0
StatOverallItemsOrdered: 652
StatOverallOrdersPlaced: 415
StatOverallBundlesRejected: 0
StatOverallOrdersRejected: 0
StatOverallBundlesHandled: 0
StatOverallItemsHandled: 779
StatOverallLinesHandled: 736
StatOverallOrdersHandled: 503
StatOverallCollisions: 0
StatOverallDistanceTraveled: 4858.968757539853
StatOverallDistanceEstimated: 4760
StatOverallAssignedTasks: 203
StatMaxMemoryUsed: 100,85546875
StatRealTimeUsed: 1.1111518
StatAverageTurnoverTime: 447.6851036190624
StatMedianTurnoverTime: 301.58944444444427
StatLowerQuartileTurnoverTime: 127.03111111111117
StatUpperQuartileTurnoverTime: 684.0682467348503
StatAverageThroughputTime: 90.3364773977759
StatMedianThroughputTime: 23.79444444444431
StatLowerQuartileThroughputTime: 16.186111111111046
StatUpperQuartileThroughputTime: 86.27870130606493

Marked tag finished after 1 tries!
.Fin. - SUCCESS
<<< Welcome to the RAWSimO CLI >>>
The time is: 06/13/2024 10:01:27
Starting RAWSimO wrapper with the following arguments:
Instance: ..\..\..\..\Material\Instances\0.Weighted30min Demand separate\Df\Weighted2.xinst
Setting: ..\..\..\..\Material\Instances\0.Weighted30min Demand separate\Df\Weighted2.xsett
ControlConfig: ..\..\..\..\Material\Instances\0.Weighted30min Demand separate\Df\Weighted2.xconf
StatisticsDir: ..\..\..\..\Material\Instances\0.Weighted30min Demand separate\Df
Seed: 2
Additionally the following tag was passed: 1, 0.19333333333333336, 0.068, 0.155, 0.8, 1.0
Adding handler for unhandled exceptions ...
Initializing ... 
Instance recognized!
Parsing setting config ...
Parsing control config ...
Parsing instance ...
StatisticsFolder: Weighted2-Df_[[1, 0.19333333333333336, 0.068]]_2_[0.155, 0.8, 1.0].csv-2
Done!
