Executing ... 
 18:20:22 | >>> Warming up ...
 00:00:00 | >>> Warmup finished - starting simulation ...
 Realtime |   ETA    |  Sim.Time  | Progress | #Orders | #Bundles | Inv. | Distance | #Coll. |   Memory    
 00:00:00 |   n/a    | 0.00:00:00 |  0.00%   |    0    |    0     | 60%  |    0     |   0    | 100.07MB  
 00:00:00 | Cannot generate further orders - suspending generation for now
 00:00:00 | Cannot generate further orders - suspending generation for now
 00:00:00 | Cannot generate further orders - suspending generation for now
 00:00:00 | Cannot generate further orders - suspending generation for now
 00:00:00 | Cannot generate further orders - suspending generation for now
 00:00:00 | Cannot generate further orders - suspending generation for now
 00:00:00 | 00:00:00 | 0.00:30:00 | 100.00%  |   439   |    0     | 20%  |   5334   |   0    |  96.89MB  
 00:00:00 | >>> Simulation finished - writing results ...
 00:00:00 | >>> Results written
Simulation finished.
>>> Timings
StatTimingPathPlanningAverage: 7.582004634994198E-05
StatTimingPathPlanningOverall: 0.06543269999999993
StatTimingPathPlanningCount: 863
StatTimingTaskAllocationAverage: 0.0014409248962655597
StatTimingTaskAllocationOverall: 0.3472628999999999
StatTimingTaskAllocationCount: 241
StatTimingItemStorageAverage: 1.0032507739938145E-06
StatTimingItemStorageOverall: 0.0006481000000000041
StatTimingItemStorageCount: 646
StatTimingPodStorageAverage: 0.0012486620689655184
StatTimingPodStorageOverall: 0.14484480000000013
StatTimingPodStorageCount: 116
StatTimingReplenishmentBatchingAverage: 7.85E-06
StatTimingReplenishmentBatchingOverall: 1.57E-05
StatTimingReplenishmentBatchingCount: 2
StatTimingOrderBatchingAverage: 8.063288409703496E-05
StatTimingOrderBatchingOverall: 0.059829599999999934
StatTimingOrderBatchingCount: 742
>>> Overall
StatOverallBundlesPlaced: 0
StatOverallItemsOrdered: 663
StatOverallOrdersPlaced: 421
StatOverallBundlesRejected: 0
StatOverallOrdersRejected: 0
StatOverallBundlesHandled: 0
StatOverallItemsHandled: 661
StatOverallLinesHandled: 619
StatOverallOrdersHandled: 439
StatOverallCollisions: 0
StatOverallDistanceTraveled: 5334.396954326148
StatOverallDistanceEstimated: 5199
StatOverallAssignedTasks: 241
StatMaxMemoryUsed: 99,828125
StatRealTimeUsed: 0.9404908
StatAverageTurnoverTime: 454.949644226749
StatMedianTurnoverTime: 310.83342712474644
StatLowerQuartileTurnoverTime: 120.40222222222235
StatUpperQuartileTurnoverTime: 635.0319408479838
StatAverageThroughputTime: 90.00670555122402
StatMedianThroughputTime: 16.223333333333585
StatLowerQuartileThroughputTime: 11.847777777777992
StatUpperQuartileThroughputTime: 64.1257431383824

Marked tag finished after 1 tries!
.Fin. - SUCCESS
<<< Welcome to the RAWSimO CLI >>>
The time is: 06/05/2024 18:20:23
Starting RAWSimO wrapper with the following arguments:
Instance: ..\..\..\..\Material\Instances\0.Weighted30min Demand separate\Dd\Weighted2.xinst
Setting: ..\..\..\..\Material\Instances\0.Weighted30min Demand separate\Dd\Weighted2.xsett
ControlConfig: ..\..\..\..\Material\Instances\0.Weighted30min Demand separate\Dd\Weighted2.xconf
StatisticsDir: ..\..\..\..\Material\Instances\0.Weighted30min Demand separate\Dd
Seed: 2
Additionally the following tag was passed: whigh
Adding handler for unhandled exceptions ...
Initializing ... 
Instance recognized!
Parsing setting config ...
Parsing control config ...
Parsing instance ...
StatisticsFolder: Weighted2-Dd_whigh_1.csv-2
Done!
