Executing ... 
 09:50:01 | >>> Warming up ...
 00:00:00 | >>> Warmup finished - starting simulation ...
 Realtime |   ETA    |  Sim.Time  | Progress | #Orders | #Bundles | Inv. | Distance | #Coll. |   Memory    
 00:00:00 |   n/a    | 0.00:00:00 |  0.00%   |    0    |    0     | 60%  |    0     |   0    | 144.21MB  
 00:00:00 | Cannot generate further orders - suspending generation for now
 00:00:00 | Cannot generate further orders - suspending generation for now
 00:00:00 | Cannot generate further orders - suspending generation for now
 00:00:00 | Cannot generate further orders - suspending generation for now
 00:00:01 | Cannot generate further orders - suspending generation for now
 00:00:01 | Cannot generate further orders - suspending generation for now
 00:00:01 | Cannot generate further orders - suspending generation for now
 00:00:01 | Cannot generate further orders - suspending generation for now
 00:00:01 | Cannot generate further orders - suspending generation for now
 00:00:01 | Cannot generate further orders - suspending generation for now
 00:00:01 | Cannot generate further orders - suspending generation for now
 00:00:01 | Cannot generate further orders - suspending generation for now
 00:00:01 | 00:00:00 | 0.00:30:00 | 100.00%  |   499   |    0     | 13%  |   4986   |   0    | 139.52MB  
 00:00:01 | >>> Simulation finished - writing results ...
 00:00:01 | >>> Results written
Simulation finished.
>>> Timings
StatTimingPathPlanningAverage: 0.00010728501742160273
StatTimingPathPlanningOverall: 0.09237239999999995
StatTimingPathPlanningCount: 861
StatTimingTaskAllocationAverage: 0.0021537824390243905
StatTimingTaskAllocationOverall: 0.44152540000000007
StatTimingTaskAllocationCount: 205
StatTimingItemStorageAverage: 1.1165796344647518E-06
StatTimingItemStorageOverall: 0.0008552999999999999
StatTimingItemStorageCount: 766
StatTimingPodStorageAverage: 0.0018045979591836728
StatTimingPodStorageOverall: 0.17685059999999994
StatTimingPodStorageCount: 98
StatTimingReplenishmentBatchingAverage: 7.6E-06
StatTimingReplenishmentBatchingOverall: 1.52E-05
StatTimingReplenishmentBatchingCount: 2
StatTimingOrderBatchingAverage: 0.00012350278128950696
StatTimingOrderBatchingOverall: 0.09769070000000002
StatTimingOrderBatchingCount: 791
>>> Overall
StatOverallBundlesPlaced: 0
StatOverallItemsOrdered: 651
StatOverallOrdersPlaced: 408
StatOverallBundlesRejected: 0
StatOverallOrdersRejected: 0
StatOverallBundlesHandled: 0
StatOverallItemsHandled: 789
StatOverallLinesHandled: 750
StatOverallOrdersHandled: 499
StatOverallCollisions: 0
StatOverallDistanceTraveled: 4985.886612288136
StatOverallDistanceEstimated: 4827
StatOverallAssignedTasks: 205
StatMaxMemoryUsed: 144,2109375
StatRealTimeUsed: 1.2282053
StatAverageTurnoverTime: 448.8233142262319
StatMedianTurnoverTime: 299.61528137423875
StatLowerQuartileTurnoverTime: 133.6550000000003
StatUpperQuartileTurnoverTime: 659.407597387874
StatAverageThroughputTime: 91.24105127859643
StatMedianThroughputTime: 28.436572875253773
StatLowerQuartileThroughputTime: 16.8221284308093
StatUpperQuartileThroughputTime: 91.7595310429349

Marked tag finished after 1 tries!
.Fin. - SUCCESS
<<< Welcome to the RAWSimO CLI >>>
The time is: 06/13/2024 09:50:02
Starting RAWSimO wrapper with the following arguments:
Instance: ..\..\..\..\Material\Instances\0.Weighted30min Demand separate\Dc\Weighted2.xinst
Setting: ..\..\..\..\Material\Instances\0.Weighted30min Demand separate\Dc\Weighted2.xsett
ControlConfig: ..\..\..\..\Material\Instances\0.Weighted30min Demand separate\Dc\Weighted2.xconf
StatisticsDir: ..\..\..\..\Material\Instances\0.Weighted30min Demand separate\Dc
Seed: 1
Additionally the following tag was passed: 1, 2.4696, 0.058, 0.093, 0.143, 0.692
Adding handler for unhandled exceptions ...
Initializing ... 
Instance recognized!
Parsing setting config ...
Parsing control config ...
Parsing instance ...
StatisticsFolder: Weighted2-Dc_[[1, 2.4696, 0.058]]_2_[0.093, 0.143, 0.692].csv-1
Done!
