Executing ... 
 09:46:47 | >>> Warming up ...
 00:00:00 | >>> Warmup finished - starting simulation ...
 Realtime |   ETA    |  Sim.Time  | Progress | #Orders | #Bundles | Inv. | Distance | #Coll. |   Memory    
 00:00:00 |   n/a    | 0.00:00:00 |  0.00%   |    0    |    0     | 60%  |    0     |   0    |  81.84MB  
 00:00:00 | Cannot generate further orders - suspending generation for now
 00:00:00 | Cannot generate further orders - suspending generation for now
 00:00:00 | Cannot generate further orders - suspending generation for now
 00:00:00 | Cannot generate further orders - suspending generation for now
 00:00:00 | Cannot generate further orders - suspending generation for now
 00:00:00 | Cannot generate further orders - suspending generation for now
 00:00:00 | Cannot generate further orders - suspending generation for now
 00:00:00 | Cannot generate further orders - suspending generation for now
 00:00:00 | Cannot generate further orders - suspending generation for now
 00:00:00 | Cannot generate further orders - suspending generation for now
 00:00:00 | 00:00:00 | 0.00:30:00 | 100.00%  |   492   |    0     | 15%  |   5078   |   0    |  80.75MB  
 00:00:00 | >>> Simulation finished - writing results ...
 00:00:01 | >>> Results written
Simulation finished.
>>> Timings
StatTimingPathPlanningAverage: 8.477682038834947E-05
StatTimingPathPlanningOverall: 0.06985609999999996
StatTimingPathPlanningCount: 824
StatTimingTaskAllocationAverage: 0.0017095652173913056
StatTimingTaskAllocationOverall: 0.35388000000000025
StatTimingTaskAllocationCount: 207
StatTimingItemStorageAverage: 9.490959666203099E-07
StatTimingItemStorageOverall: 0.0006824000000000028
StatTimingItemStorageCount: 719
StatTimingPodStorageAverage: 0.0015233121212121215
StatTimingPodStorageOverall: 0.15080790000000002
StatTimingPodStorageCount: 99
StatTimingReplenishmentBatchingAverage: 7.85E-06
StatTimingReplenishmentBatchingOverall: 1.57E-05
StatTimingReplenishmentBatchingCount: 2
StatTimingOrderBatchingAverage: 8.445043586550437E-05
StatTimingOrderBatchingOverall: 0.0678137
StatTimingOrderBatchingCount: 803
>>> Overall
StatOverallBundlesPlaced: 0
StatOverallItemsOrdered: 657
StatOverallOrdersPlaced: 428
StatOverallBundlesRejected: 0
StatOverallOrdersRejected: 0
StatOverallBundlesHandled: 0
StatOverallItemsHandled: 742
StatOverallLinesHandled: 702
StatOverallOrdersHandled: 492
StatOverallCollisions: 0
StatOverallDistanceTraveled: 5077.997690354872
StatOverallDistanceEstimated: 4866
StatOverallAssignedTasks: 207
StatMaxMemoryUsed: 81,37109375
StatRealTimeUsed: 0.9928094
StatAverageTurnoverTime: 447.6154932586258
StatMedianTurnoverTime: 298.69174607223476
StatLowerQuartileTurnoverTime: 133.1250000000001
StatUpperQuartileTurnoverTime: 655.2815800681839
StatAverageThroughputTime: 90.6160188828606
StatMedianThroughputTime: 24.01676045807949
StatLowerQuartileThroughputTime: 16.66574313838163
StatUpperQuartileThroughputTime: 84.19166666666638

Marked tag finished after 1 tries!
.Fin. - SUCCESS
<<< Welcome to the RAWSimO CLI >>>
The time is: 06/13/2024 09:46:48
Starting RAWSimO wrapper with the following arguments:
Instance: ..\..\..\..\Material\Instances\0.Weighted30min Demand separate\Db\Weighted2.xinst
Setting: ..\..\..\..\Material\Instances\0.Weighted30min Demand separate\Db\Weighted2.xsett
ControlConfig: ..\..\..\..\Material\Instances\0.Weighted30min Demand separate\Db\Weighted2.xconf
StatisticsDir: ..\..\..\..\Material\Instances\0.Weighted30min Demand separate\Db
Seed: 3
Additionally the following tag was passed: 1, 1.0478, 0.794, 0.229, 0.22, 0.333
Adding handler for unhandled exceptions ...
Initializing ... 
Instance recognized!
Parsing setting config ...
Parsing control config ...
Parsing instance ...
StatisticsFolder: Weighted2-Db_[[1, 1.0478, 0.794]]_1_[0.229, 0.22, 0.333].csv-3
Done!
