Executing ... 
 09:51:06 | >>> Warming up ...
 00:00:00 | >>> Warmup finished - starting simulation ...
 Realtime |   ETA    |  Sim.Time  | Progress | #Orders | #Bundles | Inv. | Distance | #Coll. |   Memory    
 00:00:00 |   n/a    | 0.00:00:00 |  0.00%   |    0    |    0     | 60%  |    0     |   0    | 143.69MB  
 00:00:00 | Cannot generate further orders - suspending generation for now
 00:00:00 | Cannot generate further orders - suspending generation for now
 00:00:00 | Cannot generate further orders - suspending generation for now
 00:00:00 | Cannot generate further orders - suspending generation for now
 00:00:01 | Cannot generate further orders - suspending generation for now
 00:00:01 | Cannot generate further orders - suspending generation for now
 00:00:01 | Cannot generate further orders - suspending generation for now
 00:00:01 | Cannot generate further orders - suspending generation for now
 00:00:01 | Cannot generate further orders - suspending generation for now
 00:00:01 | Cannot generate further orders - suspending generation for now
 00:00:01 | Cannot generate further orders - suspending generation for now
 00:00:01 | Cannot generate further orders - suspending generation for now
 00:00:01 | 00:00:00 | 0.00:30:00 | 100.00%  |   491   |    0     | 15%  |   4983   |   0    | 140.38MB  
 00:00:01 | >>> Simulation finished - writing results ...
 00:00:01 | >>> Results written
Simulation finished.
>>> Timings
StatTimingPathPlanningAverage: 0.00011271687500000013
StatTimingPathPlanningOverall: 0.0901735000000001
StatTimingPathPlanningCount: 800
StatTimingTaskAllocationAverage: 0.002387108542713568
StatTimingTaskAllocationOverall: 0.47503460000000003
StatTimingTaskAllocationCount: 199
StatTimingItemStorageAverage: 1.115289256198349E-06
StatTimingItemStorageOverall: 0.0008097000000000013
StatTimingItemStorageCount: 726
StatTimingPodStorageAverage: 0.0022792326315789484
StatTimingPodStorageOverall: 0.2165271000000001
StatTimingPodStorageCount: 95
StatTimingReplenishmentBatchingAverage: 7.9E-06
StatTimingReplenishmentBatchingOverall: 1.58E-05
StatTimingReplenishmentBatchingCount: 2
StatTimingOrderBatchingAverage: 0.00010599754204398455
StatTimingOrderBatchingOverall: 0.08193610000000005
StatTimingOrderBatchingCount: 773
>>> Overall
StatOverallBundlesPlaced: 0
StatOverallItemsOrdered: 637
StatOverallOrdersPlaced: 409
StatOverallBundlesRejected: 0
StatOverallOrdersRejected: 0
StatOverallBundlesHandled: 0
StatOverallItemsHandled: 755
StatOverallLinesHandled: 714
StatOverallOrdersHandled: 491
StatOverallCollisions: 0
StatOverallDistanceTraveled: 4983.129322918926
StatOverallDistanceEstimated: 4815
StatOverallAssignedTasks: 199
StatMaxMemoryUsed: 145,359375
StatRealTimeUsed: 1.2248383
StatAverageTurnoverTime: 451.1447486912892
StatMedianTurnoverTime: 294.9333333333339
StatLowerQuartileTurnoverTime: 128.2288888888893
StatUpperQuartileTurnoverTime: 678.2733333333339
StatAverageThroughputTime: 98.55511762857884
StatMedianThroughputTime: 24.8472222222224
StatLowerQuartileThroughputTime: 16.506854249492335
StatUpperQuartileThroughputTime: 88.65833333333308

Marked tag finished after 1 tries!
.Fin. - SUCCESS
<<< Welcome to the RAWSimO CLI >>>
The time is: 06/13/2024 09:51:07
Starting RAWSimO wrapper with the following arguments:
Instance: ..\..\..\..\Material\Instances\0.Weighted30min Demand separate\Dc\Weighted2.xinst
Setting: ..\..\..\..\Material\Instances\0.Weighted30min Demand separate\Dc\Weighted2.xsett
ControlConfig: ..\..\..\..\Material\Instances\0.Weighted30min Demand separate\Dc\Weighted2.xconf
StatisticsDir: ..\..\..\..\Material\Instances\0.Weighted30min Demand separate\Dc
Seed: 2
Additionally the following tag was passed: 1, 3.6754, 0.27199999999999996, 0.146, 0.143, 0.538
Adding handler for unhandled exceptions ...
Initializing ... 
Instance recognized!
Parsing setting config ...
Parsing control config ...
Parsing instance ...
StatisticsFolder: Weighted2-Dc_[[1, 3.6754, 0.27199999999999996]]_1_[0.146, 0.143, 0.538].csv-2
Done!
