Executing ... 
 16:32:14 | >>> Warming up ...
 00:00:00 | >>> Warmup finished - starting simulation ...
 Realtime |   ETA    |  Sim.Time  | Progress | #Orders | #Bundles | Inv. | Distance | #Coll. |   Memory    
 00:00:00 |   n/a    | 0.00:00:00 |  0.00%   |    0    |    0     | 83%  |    0     |   0    |  80.60MB  
 00:00:00 | Reactivating bundle generation paused by inventory+reserved+backlog level (currently at: 0.6491666666666667)
 00:00:00 | 00:00:00 | 0.00:30:00 | 100.00%  |   341   |    0     | 40%  |   3529   |   0    |  82.01MB  
 00:00:00 | >>> Simulation finished - writing results ...
 00:00:00 | >>> Results written
Simulation finished.
>>> Timings
StatTimingPathPlanningAverage: 7.655791139240503E-05
StatTimingPathPlanningOverall: 0.04838459999999998
StatTimingPathPlanningCount: 632
StatTimingTaskAllocationAverage: 0.0011338089820359285
StatTimingTaskAllocationOverall: 0.18934610000000007
StatTimingTaskAllocationCount: 167
StatTimingItemStorageAverage: 1.1383858267716536E-06
StatTimingItemStorageOverall: 0.0005783
StatTimingItemStorageCount: 508
StatTimingPodStorageAverage: 0.0012645253333333332
StatTimingPodStorageOverall: 0.09483939999999999
StatTimingPodStorageCount: 75
StatTimingReplenishmentBatchingAverage: 7.025E-06
StatTimingReplenishmentBatchingOverall: 2.81E-05
StatTimingReplenishmentBatchingCount: 4
StatTimingOrderBatchingAverage: 0.00010523582802547768
StatTimingOrderBatchingOverall: 0.06608809999999998
StatTimingOrderBatchingCount: 628
>>> Overall
StatOverallBundlesPlaced: 180
StatOverallItemsOrdered: 602
StatOverallOrdersPlaced: 376
StatOverallBundlesRejected: 0
StatOverallOrdersRejected: 0
StatOverallBundlesHandled: 0
StatOverallItemsHandled: 518
StatOverallLinesHandled: 485
StatOverallOrdersHandled: 341
StatOverallCollisions: 0
StatOverallDistanceTraveled: 3528.668860123258
StatOverallDistanceEstimated: 3458
StatOverallAssignedTasks: 167
StatMaxMemoryUsed: 82,95703125
StatRealTimeUsed: 0.7773635
StatAverageTurnoverTime: 587.6045853931568
StatMedianTurnoverTime: 440.05074313838145
StatLowerQuartileTurnoverTime: 255.13981961009597
StatUpperQuartileTurnoverTime: 864.5665800681767
StatAverageThroughputTime: 137.68196980160656
StatMedianThroughputTime: 60.588340526255934
StatLowerQuartileThroughputTime: 40.2177777777779
StatUpperQuartileThroughputTime: 142.36990620858722

Marked tag finished after 1 tries!
.Fin. - SUCCESS
<<< Welcome to the RAWSimO CLI >>>
The time is: 06/03/2024 16:32:15
Starting RAWSimO wrapper with the following arguments:
Instance: ..\..\..\..\Material\Instances\0.Weighted30min\Weighted2.xinst
Setting: ..\..\..\..\Material\Instances\0.Weighted30min\WeightedScenario.xsett
ControlConfig: ..\..\..\..\Material\Instances\0.Weighted30min\WeightedScenario.xconf
StatisticsDir: ..\..\..\..\Material\Instances\0.Weighted30min
Seed: 2
Additionally the following tag was passed: Dcwhigh
Adding handler for unhandled exceptions ...
Initializing ... 
Instance recognized!
Parsing setting config ...
Parsing control config ...
Parsing instance ...
StatisticsFolder: WeightedScenario-Dc_whigh_1.csv-2
Done!
