Executing ... 
 13:59:34 | >>> Warming up ...
 00:00:00 | >>> Warmup finished - starting simulation ...
 Realtime |   ETA    |  Sim.Time  | Progress | #Orders | #Bundles | Inv. | Distance | #Coll. |   Memory    
 00:00:00 |   n/a    | 0.00:00:00 |  0.00%   |    0    |    0     | 60%  |    0     |   0    |  93.48MB  
 00:00:00 | Cannot generate further orders - suspending generation for now
 00:00:00 | Cannot generate further orders - suspending generation for now
 00:00:00 | Cannot generate further orders - suspending generation for now
 00:00:00 | Cannot generate further orders - suspending generation for now
 00:00:00 | Cannot generate further orders - suspending generation for now
 00:00:00 | Cannot generate further orders - suspending generation for now
 00:00:00 | Cannot generate further orders - suspending generation for now
 00:00:00 | Cannot generate further orders - suspending generation for now
 00:00:00 | Cannot generate further orders - suspending generation for now
 00:00:00 | 00:00:00 | 0.00:30:00 | 100.00%  |   464   |    0     | 18%  |   5236   |   0    |  97.45MB  
 00:00:01 | >>> Simulation finished - writing results ...
 00:00:01 | >>> Results written
Simulation finished.
>>> Timings
StatTimingPathPlanningAverage: 8.271558589306031E-05
StatTimingPathPlanningOverall: 0.07270700000000002
StatTimingPathPlanningCount: 879
StatTimingTaskAllocationAverage: 0.0016365204651162793
StatTimingTaskAllocationOverall: 0.35185190000000005
StatTimingTaskAllocationCount: 215
StatTimingItemStorageAverage: 9.218155197657434E-07
StatTimingItemStorageOverall: 0.0006296000000000027
StatTimingItemStorageCount: 683
StatTimingPodStorageAverage: 0.001514626213592232
StatTimingPodStorageOverall: 0.1560064999999999
StatTimingPodStorageCount: 103
StatTimingReplenishmentBatchingAverage: 8.2E-06
StatTimingReplenishmentBatchingOverall: 1.64E-05
StatTimingReplenishmentBatchingCount: 2
StatTimingOrderBatchingAverage: 0.00011279142480211076
StatTimingOrderBatchingOverall: 0.08549589999999996
StatTimingOrderBatchingCount: 758
>>> Overall
StatOverallBundlesPlaced: 0
StatOverallItemsOrdered: 642
StatOverallOrdersPlaced: 408
StatOverallBundlesRejected: 0
StatOverallOrdersRejected: 0
StatOverallBundlesHandled: 0
StatOverallItemsHandled: 700
StatOverallLinesHandled: 661
StatOverallOrdersHandled: 464
StatOverallCollisions: 0
StatOverallDistanceTraveled: 5235.9542534068405
StatOverallDistanceEstimated: 5032
StatOverallAssignedTasks: 215
StatMaxMemoryUsed: 99,24609375
StatRealTimeUsed: 0.998134
StatAverageTurnoverTime: 445.7632239460149
StatMedianTurnoverTime: 299.5031529434341
StatLowerQuartileTurnoverTime: 121.42722222222369
StatUpperQuartileTurnoverTime: 646.7887084989842
StatAverageThroughputTime: 89.90147464256306
StatMedianThroughputTime: 25.349444444444543
StatLowerQuartileThroughputTime: 15.774444444444413
StatUpperQuartileThroughputTime: 78.2211111111111

Marked tag finished after 1 tries!
.Fin. - SUCCESS
<<< Welcome to the RAWSimO CLI >>>
The time is: 06/07/2024 13:59:35
Starting RAWSimO wrapper with the following arguments:
Instance: ..\..\..\..\Material\Instances\0.Weighted30min Demand separate\Da\Weighted2.xinst
Setting: ..\..\..\..\Material\Instances\0.Weighted30min Demand separate\Da\Weighted2.xsett
ControlConfig: ..\..\..\..\Material\Instances\0.Weighted30min Demand separate\Da\Weighted2.xconf
StatisticsDir: ..\..\..\..\Material\Instances\0.Weighted30min Demand separate\Da
Seed: 2
Additionally the following tag was passed: [[1, 0.052, 4]]
Adding handler for unhandled exceptions ...
Initializing ... 
Instance recognized!
Parsing setting config ...
Parsing control config ...
Parsing instance ...
StatisticsFolder: Weighted2-Da_[[1, 0.052, 4]]_2.csv-2
Done!
