Executing ... 
 19:28:14 | >>> Warming up ...
 00:00:00 | >>> Warmup finished - starting simulation ...
 Realtime |   ETA    |  Sim.Time  | Progress | #Orders | #Bundles | Inv. | Distance | #Coll. |   Memory    
 00:00:00 |   n/a    | 0.00:00:00 |  0.00%   |    0    |    0     | 60%  |    0     |   0    |  90.77MB  
 00:00:00 | Cannot generate further orders - suspending generation for now
 00:00:00 | Cannot generate further orders - suspending generation for now
 00:00:00 | Cannot generate further orders - suspending generation for now
 00:00:00 | Cannot generate further orders - suspending generation for now
 00:00:00 | Cannot generate further orders - suspending generation for now
 00:00:00 | Cannot generate further orders - suspending generation for now
 00:00:00 | 00:00:00 | 0.00:30:00 | 100.00%  |   456   |    0     | 18%  |   5243   |   0    |  94.76MB  
 00:00:00 | >>> Simulation finished - writing results ...
 00:00:01 | >>> Results written
Simulation finished.
>>> Timings
StatTimingPathPlanningAverage: 8.45829638273046E-05
StatTimingPathPlanningOverall: 0.07248760000000004
StatTimingPathPlanningCount: 857
StatTimingTaskAllocationAverage: 0.0017949436619718298
StatTimingTaskAllocationOverall: 0.38232299999999975
StatTimingTaskAllocationCount: 213
StatTimingItemStorageAverage: 8.948830409356764E-07
StatTimingItemStorageOverall: 0.0006121000000000027
StatTimingItemStorageCount: 684
StatTimingPodStorageAverage: 0.0015035990291262134
StatTimingPodStorageOverall: 0.15487069999999997
StatTimingPodStorageCount: 103
StatTimingReplenishmentBatchingAverage: 7.9E-06
StatTimingReplenishmentBatchingOverall: 1.58E-05
StatTimingReplenishmentBatchingCount: 2
StatTimingOrderBatchingAverage: 8.961634491634493E-05
StatTimingOrderBatchingOverall: 0.06963190000000001
StatTimingOrderBatchingCount: 777
>>> Overall
StatOverallBundlesPlaced: 0
StatOverallItemsOrdered: 666
StatOverallOrdersPlaced: 422
StatOverallBundlesRejected: 0
StatOverallOrdersRejected: 0
StatOverallBundlesHandled: 0
StatOverallItemsHandled: 702
StatOverallLinesHandled: 663
StatOverallOrdersHandled: 456
StatOverallCollisions: 0
StatOverallDistanceTraveled: 5243.406310392115
StatOverallDistanceEstimated: 5088
StatOverallAssignedTasks: 213
StatMaxMemoryUsed: 94,77734375
StatRealTimeUsed: 0.9458685
StatAverageTurnoverTime: 503.19735659191724
StatMedianTurnoverTime: 373.4351009843357
StatLowerQuartileTurnoverTime: 152.9793506530316
StatUpperQuartileTurnoverTime: 738.2996320272704
StatAverageThroughputTime: 101.27989017549925
StatMedianThroughputTime: 23.026111111111334
StatLowerQuartileThroughputTime: 13.36398268030166
StatUpperQuartileThroughputTime: 87.59777777777776

Marked tag finished after 1 tries!
.Fin. - SUCCESS
<<< Welcome to the RAWSimO CLI >>>
The time is: 06/25/2024 19:28:15
Starting RAWSimO wrapper with the following arguments:
Instance: ..\..\..\..\Material\Instances\10.Weighted30min Demand Gall\Dr\Weighted2.xinst
Setting: ..\..\..\..\Material\Instances\10.Weighted30min Demand Gall\Dr\Weighted2.xsett
ControlConfig: ..\..\..\..\Material\Instances\10.Weighted30min Demand Gall\Dr\Weighted2.xconf
StatisticsDir: ..\..\..\..\Material\Instances\10.Weighted30min Demand Gall\Dr
Seed: 2
Additionally the following tag was passed: 1, 1.6, 1.0, 0.216, 0.143, 1.0
Adding handler for unhandled exceptions ...
Initializing ... 
Instance recognized!
Parsing setting config ...
Parsing control config ...
Parsing instance ...
StatisticsFolder: Weighted2-Dr_[[1, 1.6, 1.0]]_2_[0.216, 0.143, 1.0].csv-2
Done!
