Executing ... 
 09:45:19 | >>> Warming up ...
 00:00:00 | >>> Warmup finished - starting simulation ...
 Realtime |   ETA    |  Sim.Time  | Progress | #Orders | #Bundles | Inv. | Distance | #Coll. |   Memory    
 00:00:00 |   n/a    | 0.00:00:00 |  0.00%   |    0    |    0     | 60%  |    0     |   0    | 143.30MB  
 00:00:01 | Cannot generate further orders - suspending generation for now
 00:00:01 | Cannot generate further orders - suspending generation for now
 00:00:01 | Cannot generate further orders - suspending generation for now
 00:00:01 | Cannot generate further orders - suspending generation for now
 00:00:01 | Cannot generate further orders - suspending generation for now
 00:00:01 | Cannot generate further orders - suspending generation for now
 00:00:01 | Cannot generate further orders - suspending generation for now
 00:00:01 | Cannot generate further orders - suspending generation for now
 00:00:01 | 00:00:00 | 0.00:30:00 | 100.00%  |   468   |    0     | 19%  |   5224   |   0    |  70.73MB  
 00:00:01 | >>> Simulation finished - writing results ...
 00:00:01 | >>> Results written
Simulation finished.
>>> Timings
StatTimingPathPlanningAverage: 0.00014586614872364034
StatTimingPathPlanningOverall: 0.13142539999999994
StatTimingPathPlanningCount: 901
StatTimingTaskAllocationAverage: 0.0022982657407407386
StatTimingTaskAllocationOverall: 0.4964253999999996
StatTimingTaskAllocationCount: 216
StatTimingItemStorageAverage: 1.61371087928465E-06
StatTimingItemStorageOverall: 0.0010828
StatTimingItemStorageCount: 671
StatTimingPodStorageAverage: 0.0018722019047619036
StatTimingPodStorageOverall: 0.19658119999999987
StatTimingPodStorageCount: 105
StatTimingReplenishmentBatchingAverage: 9.25E-06
StatTimingReplenishmentBatchingOverall: 1.85E-05
StatTimingReplenishmentBatchingCount: 2
StatTimingOrderBatchingAverage: 0.0001393924870466322
StatTimingOrderBatchingOverall: 0.10761100000000007
StatTimingOrderBatchingCount: 772
>>> Overall
StatOverallBundlesPlaced: 0
StatOverallItemsOrdered: 645
StatOverallOrdersPlaced: 416
StatOverallBundlesRejected: 0
StatOverallOrdersRejected: 0
StatOverallBundlesHandled: 0
StatOverallItemsHandled: 690
StatOverallLinesHandled: 656
StatOverallOrdersHandled: 468
StatOverallCollisions: 0
StatOverallDistanceTraveled: 5223.513877830239
StatOverallDistanceEstimated: 5034
StatOverallAssignedTasks: 216
StatMaxMemoryUsed: 143,3046875
StatRealTimeUsed: 1.5049988
StatAverageTurnoverTime: 447.91293844795337
StatMedianTurnoverTime: 333.24870849898605
StatLowerQuartileTurnoverTime: 147.34722222222172
StatUpperQuartileTurnoverTime: 608.376666666667
StatAverageThroughputTime: 89.96299703370477
StatMedianThroughputTime: 21.394999999999982
StatLowerQuartileThroughputTime: 16.17444444444436
StatUpperQuartileThroughputTime: 82.39222222222229

Marked tag finished after 1 tries!
.Fin. - SUCCESS
<<< Welcome to the RAWSimO CLI >>>
The time is: 06/13/2024 09:45:20
Starting RAWSimO wrapper with the following arguments:
Instance: ..\..\..\..\Material\Instances\0.Weighted30min Demand separate\Db\Weighted2.xinst
Setting: ..\..\..\..\Material\Instances\0.Weighted30min Demand separate\Db\Weighted2.xsett
ControlConfig: ..\..\..\..\Material\Instances\0.Weighted30min Demand separate\Db\Weighted2.xconf
StatisticsDir: ..\..\..\..\Material\Instances\0.Weighted30min Demand separate\Db
Seed: 3
Additionally the following tag was passed: 1, 0.8006, 0.30400000000000005, 0.181, 0.225, 0.6
Adding handler for unhandled exceptions ...
Initializing ... 
Instance recognized!
Parsing setting config ...
Parsing control config ...
Parsing instance ...
StatisticsFolder: Weighted2-Db_[[1, 0.8006, 0.30400000000000005]]_3_[0.181, 0.225, 0.6].csv-3
Done!
