Executing ... 
 14:00:49 | >>> Warming up ...
 00:00:00 | >>> Warmup finished - starting simulation ...
 Realtime |   ETA    |  Sim.Time  | Progress | #Orders | #Bundles | Inv. | Distance | #Coll. |   Memory    
 00:00:00 |   n/a    | 0.00:00:00 |  0.00%   |    0    |    0     | 60%  |    0     |   0    | 116.57MB  
 00:00:00 | Cannot generate further orders - suspending generation for now
 00:00:00 | Cannot generate further orders - suspending generation for now
 00:00:00 | Cannot generate further orders - suspending generation for now
 00:00:00 | Cannot generate further orders - suspending generation for now
 00:00:00 | Cannot generate further orders - suspending generation for now
 00:00:00 | Cannot generate further orders - suspending generation for now
 00:00:00 | Cannot generate further orders - suspending generation for now
 00:00:00 | Cannot generate further orders - suspending generation for now
 00:00:00 | Cannot generate further orders - suspending generation for now
 00:00:00 | 00:00:00 | 0.00:30:00 | 100.00%  |   471   |    0     | 18%  |   5220   |   0    | 111.97MB  
 00:00:00 | >>> Simulation finished - writing results ...
 00:00:01 | >>> Results written
Simulation finished.
>>> Timings
StatTimingPathPlanningAverage: 8.043860911270989E-05
StatTimingPathPlanningOverall: 0.06708580000000004
StatTimingPathPlanningCount: 834
StatTimingTaskAllocationAverage: 0.0015645219730941694
StatTimingTaskAllocationOverall: 0.34888839999999977
StatTimingTaskAllocationCount: 223
StatTimingItemStorageAverage: 9.024566473988484E-07
StatTimingItemStorageOverall: 0.0006245000000000031
StatTimingItemStorageCount: 692
StatTimingPodStorageAverage: 0.001303570093457944
StatTimingPodStorageOverall: 0.13948200000000002
StatTimingPodStorageCount: 107
StatTimingReplenishmentBatchingAverage: 8.45E-06
StatTimingReplenishmentBatchingOverall: 1.69E-05
StatTimingReplenishmentBatchingCount: 2
StatTimingOrderBatchingAverage: 7.590493670886069E-05
StatTimingOrderBatchingOverall: 0.05996489999999994
StatTimingOrderBatchingCount: 790
>>> Overall
StatOverallBundlesPlaced: 0
StatOverallItemsOrdered: 657
StatOverallOrdersPlaced: 427
StatOverallBundlesRejected: 0
StatOverallOrdersRejected: 0
StatOverallBundlesHandled: 0
StatOverallItemsHandled: 706
StatOverallLinesHandled: 672
StatOverallOrdersHandled: 471
StatOverallCollisions: 0
StatOverallDistanceTraveled: 5219.523560634727
StatOverallDistanceEstimated: 5116
StatOverallAssignedTasks: 223
StatMaxMemoryUsed: 116,56640625
StatRealTimeUsed: 0.9668738
StatAverageTurnoverTime: 463.3783685938567
StatMedianTurnoverTime: 311.7552813742385
StatLowerQuartileTurnoverTime: 123.50296536060353
StatUpperQuartileTurnoverTime: 637.1937950974768
StatAverageThroughputTime: 97.94212482694039
StatMedianThroughputTime: 23.980093791412855
StatLowerQuartileThroughputTime: 12.74666666666667
StatUpperQuartileThroughputTime: 75.01611111111265

Marked tag finished after 1 tries!
.Fin. - SUCCESS
<<< Welcome to the RAWSimO CLI >>>
The time is: 06/07/2024 14:00:50
Starting RAWSimO wrapper with the following arguments:
Instance: ..\..\..\..\Material\Instances\0.Weighted30min Demand separate\Db\Weighted2.xinst
Setting: ..\..\..\..\Material\Instances\0.Weighted30min Demand separate\Db\Weighted2.xsett
ControlConfig: ..\..\..\..\Material\Instances\0.Weighted30min Demand separate\Db\Weighted2.xconf
StatisticsDir: ..\..\..\..\Material\Instances\0.Weighted30min Demand separate\Db
Seed: 1
Additionally the following tag was passed: [[1, 5, 1]]
Adding handler for unhandled exceptions ...
Initializing ... 
Instance recognized!
Parsing setting config ...
Parsing control config ...
Parsing instance ...
StatisticsFolder: Weighted2-Db_[[1, 5, 1]]_2.csv-1
Done!
