Executing ... 
 14:00:05 | >>> Warming up ...
 00:00:00 | >>> Warmup finished - starting simulation ...
 Realtime |   ETA    |  Sim.Time  | Progress | #Orders | #Bundles | Inv. | Distance | #Coll. |   Memory    
 00:00:00 |   n/a    | 0.00:00:00 |  0.00%   |    0    |    0     | 60%  |    0     |   0    | 116.15MB  
 00:00:00 | Cannot generate further orders - suspending generation for now
 00:00:00 | Cannot generate further orders - suspending generation for now
 00:00:00 | Cannot generate further orders - suspending generation for now
 00:00:00 | Cannot generate further orders - suspending generation for now
 00:00:01 | Cannot generate further orders - suspending generation for now
 00:00:01 | Cannot generate further orders - suspending generation for now
 00:00:01 | Cannot generate further orders - suspending generation for now
 00:00:01 | 00:00:00 | 0.00:30:00 | 100.00%  |   457   |    0     | 18%  |   5303   |   0    | 111.77MB  
 00:00:01 | >>> Simulation finished - writing results ...
 00:00:01 | >>> Results written
Simulation finished.
>>> Timings
StatTimingPathPlanningAverage: 0.0001021311188811187
StatTimingPathPlanningOverall: 0.08762849999999985
StatTimingPathPlanningCount: 858
StatTimingTaskAllocationAverage: 0.0017972156249999995
StatTimingTaskAllocationOverall: 0.4025762999999999
StatTimingTaskAllocationCount: 224
StatTimingItemStorageAverage: 1.0852238805970157E-06
StatTimingItemStorageOverall: 0.0007271000000000005
StatTimingItemStorageCount: 670
StatTimingPodStorageAverage: 0.0015175018518518533
StatTimingPodStorageOverall: 0.16389020000000015
StatTimingPodStorageCount: 108
StatTimingReplenishmentBatchingAverage: 1.065E-05
StatTimingReplenishmentBatchingOverall: 2.13E-05
StatTimingReplenishmentBatchingCount: 2
StatTimingOrderBatchingAverage: 9.314173228346452E-05
StatTimingOrderBatchingOverall: 0.07097399999999997
StatTimingOrderBatchingCount: 762
>>> Overall
StatOverallBundlesPlaced: 0
StatOverallItemsOrdered: 650
StatOverallOrdersPlaced: 411
StatOverallBundlesRejected: 0
StatOverallOrdersRejected: 0
StatOverallBundlesHandled: 0
StatOverallItemsHandled: 692
StatOverallLinesHandled: 655
StatOverallOrdersHandled: 457
StatOverallCollisions: 0
StatOverallDistanceTraveled: 5303.4671231881575
StatOverallDistanceEstimated: 5175
StatOverallAssignedTasks: 224
StatMaxMemoryUsed: 115,828125
StatRealTimeUsed: 1.0724201
StatAverageTurnoverTime: 474.52657796467423
StatMedianTurnoverTime: 286.0347186257617
StatLowerQuartileTurnoverTime: 116.85342712474676
StatUpperQuartileTurnoverTime: 704.1701875828264
StatAverageThroughputTime: 92.67819354720045
StatMedianThroughputTime: 21.132222222222026
StatLowerQuartileThroughputTime: 12.772777777778174
StatUpperQuartileThroughputTime: 82.04222222222194

Marked tag finished after 1 tries!
.Fin. - SUCCESS
<<< Welcome to the RAWSimO CLI >>>
The time is: 06/07/2024 14:00:06
Starting RAWSimO wrapper with the following arguments:
Instance: ..\..\..\..\Material\Instances\0.Weighted30min Demand separate\Db\Weighted2.xinst
Setting: ..\..\..\..\Material\Instances\0.Weighted30min Demand separate\Db\Weighted2.xsett
ControlConfig: ..\..\..\..\Material\Instances\0.Weighted30min Demand separate\Db\Weighted2.xconf
StatisticsDir: ..\..\..\..\Material\Instances\0.Weighted30min Demand separate\Db
Seed: 2
Additionally the following tag was passed: wmin
Adding handler for unhandled exceptions ...
Initializing ... 
Instance recognized!
Parsing setting config ...
Parsing control config ...
Parsing instance ...
StatisticsFolder: Weighted2-Db_wmin_1.csv-2
Done!
