Executing ... 
 14:01:13 | >>> Warming up ...
 00:00:00 | >>> Warmup finished - starting simulation ...
 Realtime |   ETA    |  Sim.Time  | Progress | #Orders | #Bundles | Inv. | Distance | #Coll. |   Memory    
 00:00:00 |   n/a    | 0.00:00:00 |  0.00%   |    0    |    0     | 60%  |    0     |   0    | 124.98MB  
 00:00:00 | Cannot generate further orders - suspending generation for now
 00:00:00 | Cannot generate further orders - suspending generation for now
 00:00:00 | Cannot generate further orders - suspending generation for now
 00:00:00 | Cannot generate further orders - suspending generation for now
 00:00:00 | Cannot generate further orders - suspending generation for now
 00:00:00 | Cannot generate further orders - suspending generation for now
 00:00:00 | Cannot generate further orders - suspending generation for now
 00:00:00 | Cannot generate further orders - suspending generation for now
 00:00:00 | Cannot generate further orders - suspending generation for now
 00:00:00 | 00:00:00 | 0.00:30:00 | 100.00%  |   483   |    0     | 17%  |   4872   |   0    | 121.38MB  
 00:00:00 | >>> Simulation finished - writing results ...
 00:00:01 | >>> Results written
Simulation finished.
>>> Timings
StatTimingPathPlanningAverage: 9.494625292740052E-05
StatTimingPathPlanningOverall: 0.08108410000000005
StatTimingPathPlanningCount: 854
StatTimingTaskAllocationAverage: 0.0017191137254901965
StatTimingTaskAllocationOverall: 0.3506992000000001
StatTimingTaskAllocationCount: 204
StatTimingItemStorageAverage: 8.727659574468142E-07
StatTimingItemStorageOverall: 0.0006153000000000041
StatTimingItemStorageCount: 705
StatTimingPodStorageAverage: 0.001432069387755103
StatTimingPodStorageOverall: 0.1403428000000001
StatTimingPodStorageCount: 98
StatTimingReplenishmentBatchingAverage: 1.095E-05
StatTimingReplenishmentBatchingOverall: 2.19E-05
StatTimingReplenishmentBatchingCount: 2
StatTimingOrderBatchingAverage: 7.959351145038166E-05
StatTimingOrderBatchingOverall: 0.06256049999999999
StatTimingOrderBatchingCount: 786
>>> Overall
StatOverallBundlesPlaced: 0
StatOverallItemsOrdered: 663
StatOverallOrdersPlaced: 432
StatOverallBundlesRejected: 0
StatOverallOrdersRejected: 0
StatOverallBundlesHandled: 0
StatOverallItemsHandled: 723
StatOverallLinesHandled: 684
StatOverallOrdersHandled: 483
StatOverallCollisions: 0
StatOverallDistanceTraveled: 4872.101202142074
StatOverallDistanceEstimated: 4712
StatOverallAssignedTasks: 204
StatMaxMemoryUsed: 125,91015625
StatRealTimeUsed: 0.9620666
StatAverageTurnoverTime: 439.9282377535139
StatMedianTurnoverTime: 273.04296536060417
StatLowerQuartileTurnoverTime: 115.7400000000001
StatUpperQuartileTurnoverTime: 618.6548124171743
StatAverageThroughputTime: 91.43155165745402
StatMedianThroughputTime: 21.68777777777774
StatLowerQuartileThroughputTime: 12.97444444444477
StatUpperQuartileThroughputTime: 80.96666666666738

Marked tag finished after 1 tries!
.Fin. - SUCCESS
<<< Welcome to the RAWSimO CLI >>>
The time is: 06/07/2024 14:01:14
Starting RAWSimO wrapper with the following arguments:
Instance: ..\..\..\..\Material\Instances\0.Weighted30min Demand separate\Dc\Weighted2.xinst
Setting: ..\..\..\..\Material\Instances\0.Weighted30min Demand separate\Dc\Weighted2.xsett
ControlConfig: ..\..\..\..\Material\Instances\0.Weighted30min Demand separate\Dc\Weighted2.xconf
StatisticsDir: ..\..\..\..\Material\Instances\0.Weighted30min Demand separate\Dc
Seed: 1
Additionally the following tag was passed: [[1, 0.058, 1]]
Adding handler for unhandled exceptions ...
Initializing ... 
Instance recognized!
Parsing setting config ...
Parsing control config ...
Parsing instance ...
StatisticsFolder: Weighted2-Dc_[[1, 0.058, 1]]_2.csv-1
Done!
