Executing ... 
 16:18:26 | >>> Warming up ...
 00:00:00 | >>> Warmup finished - starting simulation ...
 Realtime |   ETA    |  Sim.Time  | Progress | #Orders | #Bundles | Inv. | Distance | #Coll. |   Memory    
 00:00:00 |   n/a    | 0.00:00:00 |  0.00%   |    0    |    0     | 60%  |    0     |   0    |  77.36MB  
 00:00:01 | Cannot generate further orders - suspending generation for now
 00:00:01 | Cannot generate further orders - suspending generation for now
 00:00:01 | Cannot generate further orders - suspending generation for now
 00:00:01 | Cannot generate further orders - suspending generation for now
 00:00:01 | Cannot generate further orders - suspending generation for now
 00:00:01 | Cannot generate further orders - suspending generation for now
 00:00:01 | Cannot generate further orders - suspending generation for now
 00:00:01 | Cannot generate further orders - suspending generation for now
 00:00:01 | Cannot generate further orders - suspending generation for now
 00:00:01 | Cannot generate further orders - suspending generation for now
 00:00:01 | Cannot generate further orders - suspending generation for now
 00:00:01 | 00:00:00 | 0.00:30:00 | 100.00%  |   465   |    0     | 16%  |   5088   |   0    |  73.80MB  
 00:00:01 | >>> Simulation finished - writing results ...
 00:00:01 | >>> Results written
Simulation finished.
>>> Timings
StatTimingPathPlanningAverage: 0.00017402002275312853
StatTimingPathPlanningOverall: 0.15296359999999998
StatTimingPathPlanningCount: 879
StatTimingTaskAllocationAverage: 0.002387897607655502
StatTimingTaskAllocationOverall: 0.4990705999999999
StatTimingTaskAllocationCount: 209
StatTimingItemStorageAverage: 1.7166429587482217E-06
StatTimingItemStorageOverall: 0.0012067999999999998
StatTimingItemStorageCount: 703
StatTimingPodStorageAverage: 0.0016600790000000007
StatTimingPodStorageOverall: 0.16600790000000007
StatTimingPodStorageCount: 100
StatTimingReplenishmentBatchingAverage: 8.1E-06
StatTimingReplenishmentBatchingOverall: 1.62E-05
StatTimingReplenishmentBatchingCount: 2
StatTimingOrderBatchingAverage: 0.00015710196335078552
StatTimingOrderBatchingOverall: 0.12002590000000014
StatTimingOrderBatchingCount: 764
>>> Overall
StatOverallBundlesPlaced: 0
StatOverallItemsOrdered: 653
StatOverallOrdersPlaced: 409
StatOverallBundlesRejected: 0
StatOverallOrdersRejected: 0
StatOverallBundlesHandled: 0
StatOverallItemsHandled: 729
StatOverallLinesHandled: 689
StatOverallOrdersHandled: 465
StatOverallCollisions: 0
StatOverallDistanceTraveled: 5087.670898494753
StatOverallDistanceEstimated: 4880
StatOverallAssignedTasks: 209
StatMaxMemoryUsed: 77,35546875
StatRealTimeUsed: 1.433325
StatAverageTurnoverTime: 434.68373837473007
StatMedianTurnoverTime: 283.305930721207
StatLowerQuartileTurnoverTime: 135.21907647171471
StatUpperQuartileTurnoverTime: 583.8722294151507
StatAverageThroughputTime: 104.1896314691802
StatMedianThroughputTime: 28.02240980504783
StatLowerQuartileThroughputTime: 16.551760458079514
StatUpperQuartileThroughputTime: 92.74898268030181

Marked tag finished after 1 tries!
.Fin. - SUCCESS
<<< Welcome to the RAWSimO CLI >>>
The time is: 06/21/2024 16:18:28
Starting RAWSimO wrapper with the following arguments:
Instance: ..\..\..\..\Material\Instances\01.Weighted30min Demand Gall\Dp\Weighted2.xinst
Setting: ..\..\..\..\Material\Instances\01.Weighted30min Demand Gall\Dp\Weighted2.xsett
ControlConfig: ..\..\..\..\Material\Instances\01.Weighted30min Demand Gall\Dp\Weighted2.xconf
StatisticsDir: ..\..\..\..\Material\Instances\01.Weighted30min Demand Gall\Dp
Seed: 1
Additionally the following tag was passed: 1, 0.15142857142857144, 1.0, 0.106, 0.7, 1.0
Adding handler for unhandled exceptions ...
Initializing ... 
Instance recognized!
Parsing setting config ...
Parsing control config ...
Parsing instance ...
StatisticsFolder: Weighted2-Dp_[[1, 0.15142857142857144, 1.0]]_1_[0.106, 0.7, 1.0].csv-1
Done!
