Executing ... 
 19:22:05 | >>> Warming up ...
 00:00:00 | >>> Warmup finished - starting simulation ...
 Realtime |   ETA    |  Sim.Time  | Progress | #Orders | #Bundles | Inv. | Distance | #Coll. |   Memory    
 00:00:00 |   n/a    | 0.00:00:00 |  0.00%   |    0    |    0     | 60%  |    0     |   0    | 102.62MB  
 00:00:00 | Cannot generate further orders - suspending generation for now
 00:00:00 | Cannot generate further orders - suspending generation for now
 00:00:00 | Cannot generate further orders - suspending generation for now
 00:00:00 | Cannot generate further orders - suspending generation for now
 00:00:00 | Cannot generate further orders - suspending generation for now
 00:00:00 | Cannot generate further orders - suspending generation for now
 00:00:00 | Cannot generate further orders - suspending generation for now
 00:00:00 | Cannot generate further orders - suspending generation for now
 00:00:00 | 00:00:00 | 0.00:30:00 | 100.00%  |   486   |    0     | 14%  |   4964   |   0    |  97.51MB  
 00:00:00 | >>> Simulation finished - writing results ...
 00:00:00 | >>> Results written
Simulation finished.
>>> Timings
StatTimingPathPlanningAverage: 9.380730478589435E-05
StatTimingPathPlanningOverall: 0.07448300000000012
StatTimingPathPlanningCount: 794
StatTimingTaskAllocationAverage: 0.0017024393203883504
StatTimingTaskAllocationOverall: 0.3507025000000002
StatTimingTaskAllocationCount: 206
StatTimingItemStorageAverage: 8.593150684931542E-07
StatTimingItemStorageOverall: 0.0006273000000000026
StatTimingItemStorageCount: 730
StatTimingPodStorageAverage: 0.0014596663265306123
StatTimingPodStorageOverall: 0.14304730000000002
StatTimingPodStorageCount: 98
StatTimingReplenishmentBatchingAverage: 6.7E-06
StatTimingReplenishmentBatchingOverall: 1.34E-05
StatTimingReplenishmentBatchingCount: 2
StatTimingOrderBatchingAverage: 8.341258023106551E-05
StatTimingOrderBatchingOverall: 0.06497840000000003
StatTimingOrderBatchingCount: 779
>>> Overall
StatOverallBundlesPlaced: 0
StatOverallItemsOrdered: 658
StatOverallOrdersPlaced: 404
StatOverallBundlesRejected: 0
StatOverallOrdersRejected: 0
StatOverallBundlesHandled: 0
StatOverallItemsHandled: 769
StatOverallLinesHandled: 716
StatOverallOrdersHandled: 486
StatOverallCollisions: 0
StatOverallDistanceTraveled: 4963.878100638225
StatOverallDistanceEstimated: 4850
StatOverallAssignedTasks: 206
StatMaxMemoryUsed: 102,62109375
StatRealTimeUsed: 0.9050209
StatAverageTurnoverTime: 494.02097070658414
StatMedianTurnoverTime: 413.044170263128
StatLowerQuartileTurnoverTime: 167.3863924853498
StatUpperQuartileTurnoverTime: 682.9948052242528
StatAverageThroughputTime: 97.22138618591241
StatMedianThroughputTime: 24.65555555555602
StatLowerQuartileThroughputTime: 16.63333333333344
StatUpperQuartileThroughputTime: 91.88240980504827

Marked tag finished after 1 tries!
.Fin. - SUCCESS
<<< Welcome to the RAWSimO CLI >>>
The time is: 06/25/2024 19:22:06
Starting RAWSimO wrapper with the following arguments:
Instance: ..\..\..\..\Material\Instances\10.Weighted30min Demand Gall\Dp\Weighted2.xinst
Setting: ..\..\..\..\Material\Instances\10.Weighted30min Demand Gall\Dp\Weighted2.xsett
ControlConfig: ..\..\..\..\Material\Instances\10.Weighted30min Demand Gall\Dp\Weighted2.xconf
StatisticsDir: ..\..\..\..\Material\Instances\10.Weighted30min Demand Gall\Dp
Seed: 5
Additionally the following tag was passed: 1, 0.55, 1.0, 0.177, 0.32, 1.0
Adding handler for unhandled exceptions ...
Initializing ... 
Instance recognized!
Parsing setting config ...
Parsing control config ...
Parsing instance ...
StatisticsFolder: Weighted2-Dp_[[1, 0.55, 1.0]]_3_[0.177, 0.32, 1.0].csv-5
Done!
