Executing ... 
 15:39:46 | >>> Warming up ...
 00:00:00 | >>> Warmup finished - starting simulation ...
 Realtime |   ETA    |  Sim.Time  | Progress | #Orders | #Bundles | Inv. | Distance | #Coll. |   Memory    
 00:00:00 |   n/a    | 0.00:00:00 |  0.00%   |    0    |    0     | 83%  |    0     |   0    |  74.54MB  
 00:00:00 | Reactivating bundle generation paused by inventory+reserved+backlog level (currently at: 0.6491666666666667)
 00:00:00 | 00:00:00 | 0.00:30:00 | 100.00%  |   352   |    0     | 40%  |   2329   |   0    |  73.61MB  
 00:00:00 | >>> Simulation finished - writing results ...
 00:00:00 | >>> Results written
Simulation finished.
>>> Timings
StatTimingPathPlanningAverage: 9.662807775377969E-05
StatTimingPathPlanningOverall: 0.044738799999999995
StatTimingPathPlanningCount: 463
StatTimingTaskAllocationAverage: 0.001586583193277311
StatTimingTaskAllocationOverall: 0.1888034
StatTimingTaskAllocationCount: 119
StatTimingItemStorageAverage: 1.1608187134502941E-06
StatTimingItemStorageOverall: 0.0005955000000000009
StatTimingItemStorageCount: 513
StatTimingPodStorageAverage: 0.001394132692307693
StatTimingPodStorageOverall: 0.07249490000000003
StatTimingPodStorageCount: 52
StatTimingReplenishmentBatchingAverage: 1.875E-05
StatTimingReplenishmentBatchingOverall: 7.5E-05
StatTimingReplenishmentBatchingCount: 4
StatTimingOrderBatchingAverage: 9.756701492537308E-05
StatTimingOrderBatchingOverall: 0.06536989999999997
StatTimingOrderBatchingCount: 670
>>> Overall
StatOverallBundlesPlaced: 180
StatOverallItemsOrdered: 607
StatOverallOrdersPlaced: 386
StatOverallBundlesRejected: 0
StatOverallOrdersRejected: 0
StatOverallBundlesHandled: 0
StatOverallItemsHandled: 520
StatOverallLinesHandled: 492
StatOverallOrdersHandled: 352
StatOverallCollisions: 0
StatOverallDistanceTraveled: 2329.013248302471
StatOverallDistanceEstimated: 2262
StatOverallAssignedTasks: 119
StatMaxMemoryUsed: 74,5390625
StatRealTimeUsed: 0.7590676
StatAverageTurnoverTime: 529.719005590419
StatMedianTurnoverTime: 445.8101947757473
StatLowerQuartileTurnoverTime: 213.98621209544552
StatUpperQuartileTurnoverTime: 778.9997330116049
StatAverageThroughputTime: 136.28843645381778
StatMedianThroughputTime: 70.2372222222217
StatLowerQuartileThroughputTime: 41.00990620858681
StatUpperQuartileThroughputTime: 131.97322515607652

Marked tag finished after 1 tries!
.Fin. - SUCCESS
<<< Welcome to the RAWSimO CLI >>>
The time is: 06/03/2024 15:39:47
Starting RAWSimO wrapper with the following arguments:
Instance: ..\..\..\..\Material\Instances\0.Weighted30min\WeightedScenario.xinst
Setting: ..\..\..\..\Material\Instances\0.Weighted30min\WeightedScenario.xsett
ControlConfig: ..\..\..\..\Material\Instances\0.Weighted30min\WeightedScenario.xconf
StatisticsDir: ..\..\..\..\Material\Instances\0.Weighted30min
Seed: 1
Additionally the following tag was passed: Dfwlow
Adding handler for unhandled exceptions ...
Initializing ... 
Instance recognized!
Parsing setting config ...
Parsing control config ...
Parsing instance ...
StatisticsFolder: WeightedScenario-Df_wlow_2.csv-1
Done!
