Executing ... 
 20:00:02 | >>> Warming up ...
 00:00:00 | >>> Warmup finished - starting simulation ...
 Realtime |   ETA    |  Sim.Time  | Progress | #Orders | #Bundles | Inv. | Distance | #Coll. |   Memory    
 00:00:00 |   n/a    | 0.00:00:00 |  0.00%   |    0    |    0     | 60%  |    0     |   0    |  87.85MB  
 00:00:01 | Cannot generate further orders - suspending generation for now
 00:00:01 | Cannot generate further orders - suspending generation for now
 00:00:01 | Cannot generate further orders - suspending generation for now
 00:00:01 | Cannot generate further orders - suspending generation for now
 00:00:01 | Cannot generate further orders - suspending generation for now
 00:00:01 | Cannot generate further orders - suspending generation for now
 00:00:01 | Cannot generate further orders - suspending generation for now
 00:00:01 | Cannot generate further orders - suspending generation for now
 00:00:01 | Cannot generate further orders - suspending generation for now
 00:00:01 | Cannot generate further orders - suspending generation for now
 00:00:01 | Cannot generate further orders - suspending generation for now
 00:00:01 | Cannot generate further orders - suspending generation for now
 00:00:01 | 00:00:00 | 0.00:30:00 | 100.00%  |   497   |    0     | 14%  |   5049   |   0    |  62.44MB  
 00:00:01 | >>> Simulation finished - writing results ...
 00:00:01 | >>> Results written
Simulation finished.
>>> Timings
StatTimingPathPlanningAverage: 0.00012100409638554219
StatTimingPathPlanningOverall: 0.10043340000000002
StatTimingPathPlanningCount: 830
StatTimingTaskAllocationAverage: 0.0027937766169154237
StatTimingTaskAllocationOverall: 0.5615491000000001
StatTimingTaskAllocationCount: 201
StatTimingItemStorageAverage: 1.6328437917222917E-06
StatTimingItemStorageOverall: 0.0012229999999999964
StatTimingItemStorageCount: 749
StatTimingPodStorageAverage: 0.0021038229166666653
StatTimingPodStorageOverall: 0.20196699999999987
StatTimingPodStorageCount: 96
StatTimingReplenishmentBatchingAverage: 1.405E-05
StatTimingReplenishmentBatchingOverall: 2.81E-05
StatTimingReplenishmentBatchingCount: 2
StatTimingOrderBatchingAverage: 0.00015345267857142842
StatTimingOrderBatchingOverall: 0.12030689999999988
StatTimingOrderBatchingCount: 784
>>> Overall
StatOverallBundlesPlaced: 0
StatOverallItemsOrdered: 647
StatOverallOrdersPlaced: 412
StatOverallBundlesRejected: 0
StatOverallOrdersRejected: 0
StatOverallBundlesHandled: 0
StatOverallItemsHandled: 773
StatOverallLinesHandled: 730
StatOverallOrdersHandled: 497
StatOverallCollisions: 0
StatOverallDistanceTraveled: 5049.377954854598
StatOverallDistanceEstimated: 4906
StatOverallAssignedTasks: 201
StatMaxMemoryUsed: 88,66796875
StatRealTimeUsed: 1.5053769
StatAverageTurnoverTime: 447.97021658022095
StatMedianTurnoverTime: 323.8959307212082
StatLowerQuartileTurnoverTime: 177.64935065303303
StatUpperQuartileTurnoverTime: 605.4694516373677
StatAverageThroughputTime: 94.93340054429036
StatMedianThroughputTime: 32.178333333334194
StatLowerQuartileThroughputTime: 16.93833333333373
StatUpperQuartileThroughputTime: 99.15620490252394

Marked tag finished after 1 tries!
.Fin. - SUCCESS
<<< Welcome to the RAWSimO CLI >>>
The time is: 06/11/2024 20:00:03
Starting RAWSimO wrapper with the following arguments:
Instance: ..\..\..\..\Material\Instances\0.Weighted30min Demand separate\Df\Weighted2.xinst
Setting: ..\..\..\..\Material\Instances\0.Weighted30min Demand separate\Df\Weighted2.xsett
ControlConfig: ..\..\..\..\Material\Instances\0.Weighted30min Demand separate\Df\Weighted2.xconf
StatisticsDir: ..\..\..\..\Material\Instances\0.Weighted30min Demand separate\Df
Seed: 2
Additionally the following tag was passed: [[1, 0.2705714285714286, 0.068]]
Adding handler for unhandled exceptions ...
Initializing ... 
Instance recognized!
Parsing setting config ...
Parsing control config ...
Parsing instance ...
StatisticsFolder: Weighted2-Df_[[1, 0.2705714285714286, 0.068]]_2.csv-2
Done!
