Executing ... 
 19:20:55 | >>> Warming up ...
 00:00:00 | >>> Warmup finished - starting simulation ...
 Realtime |   ETA    |  Sim.Time  | Progress | #Orders | #Bundles | Inv. | Distance | #Coll. |   Memory    
 00:00:00 |   n/a    | 0.00:00:00 |  0.00%   |    0    |    0     | 60%  |    0     |   0    | 104.98MB  
 00:00:00 | Cannot generate further orders - suspending generation for now
 00:00:00 | Cannot generate further orders - suspending generation for now
 00:00:00 | Cannot generate further orders - suspending generation for now
 00:00:00 | Cannot generate further orders - suspending generation for now
 00:00:00 | Cannot generate further orders - suspending generation for now
 00:00:00 | Cannot generate further orders - suspending generation for now
 00:00:00 | Cannot generate further orders - suspending generation for now
 00:00:00 | Cannot generate further orders - suspending generation for now
 00:00:00 | Cannot generate further orders - suspending generation for now
 00:00:00 | Cannot generate further orders - suspending generation for now
 00:00:00 | Cannot generate further orders - suspending generation for now
 00:00:00 | 00:00:00 | 0.00:30:00 | 100.00%  |   484   |    0     | 16%  |   5047   |   0    | 108.55MB  
 00:00:00 | >>> Simulation finished - writing results ...
 00:00:01 | >>> Results written
Simulation finished.
>>> Timings
StatTimingPathPlanningAverage: 0.00010576495828367107
StatTimingPathPlanningOverall: 0.08873680000000003
StatTimingPathPlanningCount: 839
StatTimingTaskAllocationAverage: 0.0016736061904761895
StatTimingTaskAllocationOverall: 0.3514572999999998
StatTimingTaskAllocationCount: 210
StatTimingItemStorageAverage: 9.552742616033798E-07
StatTimingItemStorageOverall: 0.0006792000000000031
StatTimingItemStorageCount: 711
StatTimingPodStorageAverage: 0.0015839200000000006
StatTimingPodStorageOverall: 0.15839200000000006
StatTimingPodStorageCount: 100
StatTimingReplenishmentBatchingAverage: 6.8500000000000005E-06
StatTimingReplenishmentBatchingOverall: 1.3700000000000001E-05
StatTimingReplenishmentBatchingCount: 2
StatTimingOrderBatchingAverage: 8.683638676844767E-05
StatTimingOrderBatchingOverall: 0.06825339999999987
StatTimingOrderBatchingCount: 786
>>> Overall
StatOverallBundlesPlaced: 0
StatOverallItemsOrdered: 643
StatOverallOrdersPlaced: 415
StatOverallBundlesRejected: 0
StatOverallOrdersRejected: 0
StatOverallBundlesHandled: 0
StatOverallItemsHandled: 735
StatOverallLinesHandled: 695
StatOverallOrdersHandled: 484
StatOverallCollisions: 0
StatOverallDistanceTraveled: 5046.8161115269695
StatOverallDistanceEstimated: 4912
StatOverallAssignedTasks: 210
StatMaxMemoryUsed: 109,00390625
StatRealTimeUsed: 0.9463676
StatAverageTurnoverTime: 446.65274739519344
StatMedianTurnoverTime: 300.2762049025249
StatLowerQuartileTurnoverTime: 138.0623088207132
StatUpperQuartileTurnoverTime: 629.7596320272708
StatAverageThroughputTime: 92.17822368020298
StatMedianThroughputTime: 23.898333333333767
StatLowerQuartileThroughputTime: 13.18166666666707
StatUpperQuartileThroughputTime: 90.84888169596715

Marked tag finished after 1 tries!
.Fin. - SUCCESS
<<< Welcome to the RAWSimO CLI >>>
The time is: 06/25/2024 19:20:56
Starting RAWSimO wrapper with the following arguments:
Instance: ..\..\..\..\Material\Instances\10.Weighted30min Demand Gall\Dp\Weighted2.xinst
Setting: ..\..\..\..\Material\Instances\10.Weighted30min Demand Gall\Dp\Weighted2.xsett
ControlConfig: ..\..\..\..\Material\Instances\10.Weighted30min Demand Gall\Dp\Weighted2.xconf
StatisticsDir: ..\..\..\..\Material\Instances\10.Weighted30min Demand Gall\Dp
Seed: 3
Additionally the following tag was passed: 1, 0.28, 1.0, 0.143, 0.507, 1.0
Adding handler for unhandled exceptions ...
Initializing ... 
Instance recognized!
Parsing setting config ...
Parsing control config ...
Parsing instance ...
StatisticsFolder: Weighted2-Dp_[[1, 0.28, 1.0]]_3_[0.143, 0.507, 1.0].csv-3
Done!
