Executing ... 
 14:00:54 | >>> Warming up ...
 00:00:00 | >>> Warmup finished - starting simulation ...
 Realtime |   ETA    |  Sim.Time  | Progress | #Orders | #Bundles | Inv. | Distance | #Coll. |   Memory    
 00:00:00 |   n/a    | 0.00:00:00 |  0.00%   |    0    |    0     | 60%  |    0     |   0    |  72.01MB  
 00:00:00 | Cannot generate further orders - suspending generation for now
 00:00:00 | Cannot generate further orders - suspending generation for now
 00:00:00 | Cannot generate further orders - suspending generation for now
 00:00:00 | Cannot generate further orders - suspending generation for now
 00:00:00 | Cannot generate further orders - suspending generation for now
 00:00:00 | Cannot generate further orders - suspending generation for now
 00:00:00 | Cannot generate further orders - suspending generation for now
 00:00:00 | 00:00:00 | 0.00:30:00 | 100.00%  |   456   |    0     | 19%  |   5286   |   0    |  75.54MB  
 00:00:00 | >>> Simulation finished - writing results ...
 00:00:01 | >>> Results written
Simulation finished.
>>> Timings
StatTimingPathPlanningAverage: 8.371984216459982E-05
StatTimingPathPlanningOverall: 0.07425950000000003
StatTimingPathPlanningCount: 887
StatTimingTaskAllocationAverage: 0.0016099806451612885
StatTimingTaskAllocationOverall: 0.3493657999999996
StatTimingTaskAllocationCount: 217
StatTimingItemStorageAverage: 1.0002985074626926E-06
StatTimingItemStorageOverall: 0.000670200000000004
StatTimingItemStorageCount: 670
StatTimingPodStorageAverage: 0.0013656105769230761
StatTimingPodStorageOverall: 0.1420234999999999
StatTimingPodStorageCount: 104
StatTimingReplenishmentBatchingAverage: 1.09E-05
StatTimingReplenishmentBatchingOverall: 2.18E-05
StatTimingReplenishmentBatchingCount: 2
StatTimingOrderBatchingAverage: 8.168255208333339E-05
StatTimingOrderBatchingOverall: 0.06273220000000004
StatTimingOrderBatchingCount: 768
>>> Overall
StatOverallBundlesPlaced: 0
StatOverallItemsOrdered: 643
StatOverallOrdersPlaced: 417
StatOverallBundlesRejected: 0
StatOverallOrdersRejected: 0
StatOverallBundlesHandled: 0
StatOverallItemsHandled: 684
StatOverallLinesHandled: 644
StatOverallOrdersHandled: 456
StatOverallCollisions: 0
StatOverallDistanceTraveled: 5285.848964708884
StatOverallDistanceEstimated: 5104
StatOverallAssignedTasks: 217
StatMaxMemoryUsed: 77,25
StatRealTimeUsed: 0.970194
StatAverageTurnoverTime: 472.7798541293149
StatMedianTurnoverTime: 366.7028715691904
StatLowerQuartileTurnoverTime: 168.8388888888901
StatUpperQuartileTurnoverTime: 623.9618542494918
StatAverageThroughputTime: 98.4091045473163
StatMedianThroughputTime: 20.175555555556684
StatLowerQuartileThroughputTime: 12.136111111110267
StatUpperQuartileThroughputTime: 75.97574313838254

Marked tag finished after 1 tries!
.Fin. - SUCCESS
<<< Welcome to the RAWSimO CLI >>>
The time is: 06/07/2024 14:00:55
Starting RAWSimO wrapper with the following arguments:
Instance: ..\..\..\..\Material\Instances\0.Weighted30min Demand separate\Db\Weighted2.xinst
Setting: ..\..\..\..\Material\Instances\0.Weighted30min Demand separate\Db\Weighted2.xsett
ControlConfig: ..\..\..\..\Material\Instances\0.Weighted30min Demand separate\Db\Weighted2.xconf
StatisticsDir: ..\..\..\..\Material\Instances\0.Weighted30min Demand separate\Db
Seed: 1
Additionally the following tag was passed: [[1, 5, 3]]
Adding handler for unhandled exceptions ...
Initializing ... 
Instance recognized!
Parsing setting config ...
Parsing control config ...
Parsing instance ...
StatisticsFolder: Weighted2-Db_[[1, 5, 3]]_2.csv-1
Done!
