Executing ... 
 19:25:27 | >>> Warming up ...
 00:00:00 | >>> Warmup finished - starting simulation ...
 Realtime |   ETA    |  Sim.Time  | Progress | #Orders | #Bundles | Inv. | Distance | #Coll. |   Memory    
 00:00:00 |   n/a    | 0.00:00:00 |  0.00%   |    0    |    0     | 60%  |    0     |   0    | 145.08MB  
 00:00:00 | Cannot generate further orders - suspending generation for now
 00:00:00 | Cannot generate further orders - suspending generation for now
 00:00:00 | Cannot generate further orders - suspending generation for now
 00:00:00 | Cannot generate further orders - suspending generation for now
 00:00:00 | Cannot generate further orders - suspending generation for now
 00:00:00 | Cannot generate further orders - suspending generation for now
 00:00:00 | Cannot generate further orders - suspending generation for now
 00:00:00 | Cannot generate further orders - suspending generation for now
 00:00:00 | Cannot generate further orders - suspending generation for now
 00:00:00 | Cannot generate further orders - suspending generation for now
 00:00:00 | 00:00:00 | 0.00:30:00 | 100.00%  |   501   |    0     | 13%  |   4920   |   0    | 140.11MB  
 00:00:00 | >>> Simulation finished - writing results ...
 00:00:00 | >>> Results written
Simulation finished.
>>> Timings
StatTimingPathPlanningAverage: 8.173461063040795E-05
StatTimingPathPlanningOverall: 0.06612330000000002
StatTimingPathPlanningCount: 809
StatTimingTaskAllocationAverage: 0.0015833763033175359
StatTimingTaskAllocationOverall: 0.33409240000000007
StatTimingTaskAllocationCount: 211
StatTimingItemStorageAverage: 8.523872679045147E-07
StatTimingItemStorageOverall: 0.0006427000000000041
StatTimingItemStorageCount: 754
StatTimingPodStorageAverage: 0.0014820920792079216
StatTimingPodStorageOverall: 0.14969130000000008
StatTimingPodStorageCount: 101
StatTimingReplenishmentBatchingAverage: 7.45E-06
StatTimingReplenishmentBatchingOverall: 1.49E-05
StatTimingReplenishmentBatchingCount: 2
StatTimingOrderBatchingAverage: 8.607070457354761E-05
StatTimingOrderBatchingOverall: 0.06963120000000002
StatTimingOrderBatchingCount: 809
>>> Overall
StatOverallBundlesPlaced: 0
StatOverallItemsOrdered: 661
StatOverallOrdersPlaced: 422
StatOverallBundlesRejected: 0
StatOverallOrdersRejected: 0
StatOverallBundlesHandled: 0
StatOverallItemsHandled: 778
StatOverallLinesHandled: 729
StatOverallOrdersHandled: 501
StatOverallCollisions: 0
StatOverallDistanceTraveled: 4920.000017826047
StatOverallDistanceEstimated: 4848
StatOverallAssignedTasks: 211
StatMaxMemoryUsed: 145,08203125
StatRealTimeUsed: 0.9177664
StatAverageTurnoverTime: 454.3981166501042
StatMedianTurnoverTime: 323.8776911792864
StatLowerQuartileTurnoverTime: 142.65036797272933
StatUpperQuartileTurnoverTime: 645.8446320272731
StatAverageThroughputTime: 92.83792423727375
StatMedianThroughputTime: 24.51722222222213
StatLowerQuartileThroughputTime: 16.16176045807947
StatUpperQuartileThroughputTime: 78.92120490252401

Marked tag finished after 1 tries!
.Fin. - SUCCESS
<<< Welcome to the RAWSimO CLI >>>
The time is: 06/25/2024 19:25:28
Starting RAWSimO wrapper with the following arguments:
Instance: ..\..\..\..\Material\Instances\10.Weighted30min Demand Gall\Dr\Weighted2.xinst
Setting: ..\..\..\..\Material\Instances\10.Weighted30min Demand Gall\Dr\Weighted2.xsett
ControlConfig: ..\..\..\..\Material\Instances\10.Weighted30min Demand Gall\Dr\Weighted2.xconf
StatisticsDir: ..\..\..\..\Material\Instances\10.Weighted30min Demand Gall\Dr
Seed: 1
Additionally the following tag was passed: 1, 0.4436363636363637, 1.0, 0.157, 0.352, 1.0
Adding handler for unhandled exceptions ...
Initializing ... 
Instance recognized!
Parsing setting config ...
Parsing control config ...
Parsing instance ...
StatisticsFolder: Weighted2-Dr_[[1, 0.4436363636363637, 1.0]]_2_[0.157, 0.352, 1.0].csv-1
Done!
