Executing ... 
 09:47:17 | >>> Warming up ...
 00:00:00 | >>> Warmup finished - starting simulation ...
 Realtime |   ETA    |  Sim.Time  | Progress | #Orders | #Bundles | Inv. | Distance | #Coll. |   Memory    
 00:00:00 |   n/a    | 0.00:00:00 |  0.00%   |    0    |    0     | 60%  |    0     |   0    | 111.16MB  
 00:00:01 | Cannot generate further orders - suspending generation for now
 00:00:01 | Cannot generate further orders - suspending generation for now
 00:00:01 | Cannot generate further orders - suspending generation for now
 00:00:01 | Cannot generate further orders - suspending generation for now
 00:00:01 | Cannot generate further orders - suspending generation for now
 00:00:01 | Cannot generate further orders - suspending generation for now
 00:00:01 | Cannot generate further orders - suspending generation for now
 00:00:01 | Cannot generate further orders - suspending generation for now
 00:00:01 | 00:00:00 | 0.00:30:00 | 100.00%  |   449   |    0     | 19%  |   5246   |   0    | 107.41MB  
 00:00:01 | >>> Simulation finished - writing results ...
 00:00:01 | >>> Results written
Simulation finished.
>>> Timings
StatTimingPathPlanningAverage: 0.00010995771495877502
StatTimingPathPlanningOverall: 0.0933541
StatTimingPathPlanningCount: 849
StatTimingTaskAllocationAverage: 0.0021937463636363627
StatTimingTaskAllocationOverall: 0.4826241999999998
StatTimingTaskAllocationCount: 220
StatTimingItemStorageAverage: 1.2257621951219507E-06
StatTimingItemStorageOverall: 0.0008040999999999997
StatTimingItemStorageCount: 656
StatTimingPodStorageAverage: 0.0018683285714285712
StatTimingPodStorageOverall: 0.19617449999999997
StatTimingPodStorageCount: 105
StatTimingReplenishmentBatchingAverage: 1.09E-05
StatTimingReplenishmentBatchingOverall: 2.18E-05
StatTimingReplenishmentBatchingCount: 2
StatTimingOrderBatchingAverage: 0.00012129349269588315
StatTimingOrderBatchingOverall: 0.09133400000000001
StatTimingOrderBatchingCount: 753
>>> Overall
StatOverallBundlesPlaced: 0
StatOverallItemsOrdered: 658
StatOverallOrdersPlaced: 430
StatOverallBundlesRejected: 0
StatOverallOrdersRejected: 0
StatOverallBundlesHandled: 0
StatOverallItemsHandled: 681
StatOverallLinesHandled: 645
StatOverallOrdersHandled: 449
StatOverallCollisions: 0
StatOverallDistanceTraveled: 5246.474751418994
StatOverallDistanceEstimated: 5124
StatOverallAssignedTasks: 220
StatMaxMemoryUsed: 111,40234375
StatRealTimeUsed: 1.2660086
StatAverageTurnoverTime: 479.6132371809277
StatMedianTurnoverTime: 299.37129869393743
StatLowerQuartileTurnoverTime: 133.99296536060388
StatUpperQuartileTurnoverTime: 706.4712049025244
StatAverageThroughputTime: 102.25984594280617
StatMedianThroughputTime: 23.636111111111177
StatLowerQuartileThroughputTime: 13.850461764142551
StatUpperQuartileThroughputTime: 82.7168542494926

Marked tag finished after 1 tries!
.Fin. - SUCCESS
<<< Welcome to the RAWSimO CLI >>>
The time is: 06/13/2024 09:47:19
Starting RAWSimO wrapper with the following arguments:
Instance: ..\..\..\..\Material\Instances\0.Weighted30min Demand separate\Db\Weighted2.xinst
Setting: ..\..\..\..\Material\Instances\0.Weighted30min Demand separate\Db\Weighted2.xsett
ControlConfig: ..\..\..\..\Material\Instances\0.Weighted30min Demand separate\Db\Weighted2.xconf
StatisticsDir: ..\..\..\..\Material\Instances\0.Weighted30min Demand separate\Db
Seed: 3
Additionally the following tag was passed: 1, 1.295, 0.30400000000000005, 0.187, 0.2, 0.608
Adding handler for unhandled exceptions ...
Initializing ... 
Instance recognized!
Parsing setting config ...
Parsing control config ...
Parsing instance ...
StatisticsFolder: Weighted2-Db_[[1, 1.295, 0.30400000000000005]]_1_[0.187, 0.2, 0.608].csv-3
Done!
