Executing ... 
 16:22:29 | >>> Warming up ...
 00:00:00 | >>> Warmup finished - starting simulation ...
 Realtime |   ETA    |  Sim.Time  | Progress | #Orders | #Bundles | Inv. | Distance | #Coll. |   Memory    
 00:00:00 |   n/a    | 0.00:00:00 |  0.00%   |    0    |    0     | 83%  |    0     |   0    | 113.36MB  
 00:00:00 | Reactivating bundle generation paused by inventory+reserved+backlog level (currently at: 0.6491666666666667)
 00:00:00 | Cannot generate further orders - suspending generation for now
 00:00:00 | Cannot generate further orders - suspending generation for now
 00:00:00 | Cannot generate further orders - suspending generation for now
 00:00:00 | Cannot generate further orders - suspending generation for now
 00:00:00 | Cannot generate further orders - suspending generation for now
 00:00:00 | Cannot generate further orders - suspending generation for now
 00:00:00 | Cannot generate further orders - suspending generation for now
 00:00:00 | Cannot generate further orders - suspending generation for now
 00:00:00 | Cannot generate further orders - suspending generation for now
 00:00:00 | 00:00:00 | 0.00:30:00 | 100.00%  |   446   |    0     | 26%  |   5070   |   0    |  74.10MB  
 00:00:00 | >>> Simulation finished - writing results ...
 00:00:00 | >>> Results written
Simulation finished.
>>> Timings
StatTimingPathPlanningAverage: 8.123751600512168E-05
StatTimingPathPlanningOverall: 0.06344650000000003
StatTimingPathPlanningCount: 781
StatTimingTaskAllocationAverage: 0.0012401410138248856
StatTimingTaskAllocationOverall: 0.2691106000000002
StatTimingTaskAllocationCount: 217
StatTimingItemStorageAverage: 1.4383358098068298E-06
StatTimingItemStorageOverall: 0.0009679999999999965
StatTimingItemStorageCount: 673
StatTimingPodStorageAverage: 0.000894752427184466
StatTimingPodStorageOverall: 0.0921595
StatTimingPodStorageCount: 103
StatTimingReplenishmentBatchingAverage: 9.18E-06
StatTimingReplenishmentBatchingOverall: 4.59E-05
StatTimingReplenishmentBatchingCount: 5
StatTimingOrderBatchingAverage: 8.570634081902244E-05
StatTimingOrderBatchingOverall: 0.06487969999999998
StatTimingOrderBatchingCount: 757
>>> Overall
StatOverallBundlesPlaced: 180
StatOverallItemsOrdered: 666
StatOverallOrdersPlaced: 419
StatOverallBundlesRejected: 0
StatOverallOrdersRejected: 0
StatOverallBundlesHandled: 0
StatOverallItemsHandled: 685
StatOverallLinesHandled: 646
StatOverallOrdersHandled: 446
StatOverallCollisions: 0
StatOverallDistanceTraveled: 5070.355958570878
StatOverallDistanceEstimated: 4955
StatOverallAssignedTasks: 217
StatMaxMemoryUsed: 113,36328125
StatRealTimeUsed: 0.8863589
StatAverageTurnoverTime: 445.39913662297437
StatMedianTurnoverTime: 310.88629150101525
StatLowerQuartileTurnoverTime: 151.37750359646054
StatUpperQuartileTurnoverTime: 594.2297186257612
StatAverageThroughputTime: 97.75988247246332
StatMedianThroughputTime: 25.84222222222229
StatLowerQuartileThroughputTime: 15.502777777777851
StatUpperQuartileThroughputTime: 77.13611111111186

Marked tag finished after 1 tries!
.Fin. - SUCCESS
<<< Welcome to the RAWSimO CLI >>>
The time is: 06/03/2024 16:22:30
Starting RAWSimO wrapper with the following arguments:
Instance: ..\..\..\..\Material\Instances\0.Weighted30min\Weighted6.xinst
Setting: ..\..\..\..\Material\Instances\0.Weighted30min\WeightedScenario.xsett
ControlConfig: ..\..\..\..\Material\Instances\0.Weighted30min\WeightedScenario.xconf
StatisticsDir: ..\..\..\..\Material\Instances\0.Weighted30min
Seed: 2
Additionally the following tag was passed: Dfwlow
Adding handler for unhandled exceptions ...
Initializing ... 
Instance recognized!
Parsing setting config ...
Parsing control config ...
Parsing instance ...
StatisticsFolder: WeightedScenario-Df_wlow_2.csv-2
Done!
