Executing ... 
 19:27:08 | >>> Warming up ...
 00:00:00 | >>> Warmup finished - starting simulation ...
 Realtime |   ETA    |  Sim.Time  | Progress | #Orders | #Bundles | Inv. | Distance | #Coll. |   Memory    
 00:00:00 |   n/a    | 0.00:00:00 |  0.00%   |    0    |    0     | 60%  |    0     |   0    | 132.14MB  
 00:00:00 | Cannot generate further orders - suspending generation for now
 00:00:00 | Cannot generate further orders - suspending generation for now
 00:00:00 | Cannot generate further orders - suspending generation for now
 00:00:00 | Cannot generate further orders - suspending generation for now
 00:00:00 | Cannot generate further orders - suspending generation for now
 00:00:00 | Cannot generate further orders - suspending generation for now
 00:00:00 | Cannot generate further orders - suspending generation for now
 00:00:00 | Cannot generate further orders - suspending generation for now
 00:00:00 | 00:00:00 | 0.00:30:00 | 100.00%  |   471   |    0     | 16%  |   5170   |   0    | 127.34MB  
 00:00:00 | >>> Simulation finished - writing results ...
 00:00:00 | >>> Results written
Simulation finished.
>>> Timings
StatTimingPathPlanningAverage: 7.976127167630053E-05
StatTimingPathPlanningOverall: 0.06899349999999996
StatTimingPathPlanningCount: 865
StatTimingTaskAllocationAverage: 0.0015940730232558153
StatTimingTaskAllocationOverall: 0.3427257000000003
StatTimingTaskAllocationCount: 215
StatTimingItemStorageAverage: 8.535367545076337E-07
StatTimingItemStorageOverall: 0.0006154000000000039
StatTimingItemStorageCount: 721
StatTimingPodStorageAverage: 0.0013820320388349516
StatTimingPodStorageOverall: 0.1423493
StatTimingPodStorageCount: 103
StatTimingReplenishmentBatchingAverage: 7.2000000000000005E-06
StatTimingReplenishmentBatchingOverall: 1.4400000000000001E-05
StatTimingReplenishmentBatchingCount: 2
StatTimingOrderBatchingAverage: 8.238007662835245E-05
StatTimingOrderBatchingOverall: 0.06450359999999997
StatTimingOrderBatchingCount: 783
>>> Overall
StatOverallBundlesPlaced: 0
StatOverallItemsOrdered: 667
StatOverallOrdersPlaced: 415
StatOverallBundlesRejected: 0
StatOverallOrdersRejected: 0
StatOverallBundlesHandled: 0
StatOverallItemsHandled: 729
StatOverallLinesHandled: 689
StatOverallOrdersHandled: 471
StatOverallCollisions: 0
StatOverallDistanceTraveled: 5170.021514390888
StatOverallDistanceEstimated: 5049
StatOverallAssignedTasks: 215
StatMaxMemoryUsed: 131,7421875
StatRealTimeUsed: 0.8934064
StatAverageTurnoverTime: 484.0171755892561
StatMedianTurnoverTime: 325.1568542494924
StatLowerQuartileTurnoverTime: 138.74342712474623
StatUpperQuartileTurnoverTime: 714.9869408479849
StatAverageThroughputTime: 92.72030857519665
StatMedianThroughputTime: 22.64453823585734
StatLowerQuartileThroughputTime: 14.142222222222472
StatUpperQuartileThroughputTime: 81.29333333333398

Marked tag finished after 1 tries!
.Fin. - SUCCESS
<<< Welcome to the RAWSimO CLI >>>
The time is: 06/25/2024 19:27:09
Starting RAWSimO wrapper with the following arguments:
Instance: ..\..\..\..\Material\Instances\10.Weighted30min Demand Gall\Dr\Weighted2.xinst
Setting: ..\..\..\..\Material\Instances\10.Weighted30min Demand Gall\Dr\Weighted2.xsett
ControlConfig: ..\..\..\..\Material\Instances\10.Weighted30min Demand Gall\Dr\Weighted2.xconf
StatisticsDir: ..\..\..\..\Material\Instances\10.Weighted30min Demand Gall\Dr
Seed: 4
Additionally the following tag was passed: 1, 1.1663636363636365, 1.0, 0.207, 0.176, 1.0
Adding handler for unhandled exceptions ...
Initializing ... 
Instance recognized!
Parsing setting config ...
Parsing control config ...
Parsing instance ...
StatisticsFolder: Weighted2-Dr_[[1, 1.1663636363636365, 1.0]]_1_[0.207, 0.176, 1.0].csv-4
Done!
