Executing ... 
 18:20:13 | >>> Warming up ...
 00:00:00 | >>> Warmup finished - starting simulation ...
 Realtime |   ETA    |  Sim.Time  | Progress | #Orders | #Bundles | Inv. | Distance | #Coll. |   Memory    
 00:00:00 |   n/a    | 0.00:00:00 |  0.00%   |    0    |    0     | 60%  |    0     |   0    | 101.92MB  
 00:00:00 | Cannot generate further orders - suspending generation for now
 00:00:00 | Cannot generate further orders - suspending generation for now
 00:00:00 | Cannot generate further orders - suspending generation for now
 00:00:00 | Cannot generate further orders - suspending generation for now
 00:00:00 | Cannot generate further orders - suspending generation for now
 00:00:00 | Cannot generate further orders - suspending generation for now
 00:00:00 | Cannot generate further orders - suspending generation for now
 00:00:00 | Cannot generate further orders - suspending generation for now
 00:00:00 | Cannot generate further orders - suspending generation for now
 00:00:00 | Cannot generate further orders - suspending generation for now
 00:00:00 | 00:00:00 | 0.00:30:00 | 100.00%  |   501   |    0     | 14%  |   4850   |   0    |  97.13MB  
 00:00:00 | >>> Simulation finished - writing results ...
 00:00:01 | >>> Results written
Simulation finished.
>>> Timings
StatTimingPathPlanningAverage: 8.490526992287913E-05
StatTimingPathPlanningOverall: 0.06605629999999997
StatTimingPathPlanningCount: 778
StatTimingTaskAllocationAverage: 0.0018308261538461546
StatTimingTaskAllocationOverall: 0.35701110000000014
StatTimingTaskAllocationCount: 195
StatTimingItemStorageAverage: 8.858503401360589E-07
StatTimingItemStorageOverall: 0.0006511000000000033
StatTimingItemStorageCount: 735
StatTimingPodStorageAverage: 0.001635416129032259
StatTimingPodStorageOverall: 0.15209370000000008
StatTimingPodStorageCount: 93
StatTimingReplenishmentBatchingAverage: 7.499999999999999E-06
StatTimingReplenishmentBatchingOverall: 1.4999999999999999E-05
StatTimingReplenishmentBatchingCount: 2
StatTimingOrderBatchingAverage: 7.816716791979943E-05
StatTimingOrderBatchingOverall: 0.062377399999999944
StatTimingOrderBatchingCount: 798
>>> Overall
StatOverallBundlesPlaced: 0
StatOverallItemsOrdered: 639
StatOverallOrdersPlaced: 414
StatOverallBundlesRejected: 0
StatOverallOrdersRejected: 0
StatOverallBundlesHandled: 0
StatOverallItemsHandled: 766
StatOverallLinesHandled: 725
StatOverallOrdersHandled: 501
StatOverallCollisions: 0
StatOverallDistanceTraveled: 4850.27097304744
StatOverallDistanceEstimated: 4759
StatOverallAssignedTasks: 195
StatMaxMemoryUsed: 100,8671875
StatRealTimeUsed: 0.9520965
StatAverageTurnoverTime: 458.11586984445455
StatMedianTurnoverTime: 329.5062049025241
StatLowerQuartileTurnoverTime: 119.55009379141325
StatUpperQuartileTurnoverTime: 695.935649346969
StatAverageThroughputTime: 91.2896936571684
StatMedianThroughputTime: 24.39500000000021
StatLowerQuartileThroughputTime: 16.33888888888896
StatUpperQuartileThroughputTime: 77.39323954191923

Marked tag finished after 1 tries!
.Fin. - SUCCESS
<<< Welcome to the RAWSimO CLI >>>
The time is: 06/05/2024 18:20:14
Starting RAWSimO wrapper with the following arguments:
Instance: ..\..\..\..\Material\Instances\0.Weighted30min Demand separate\Dc\Weighted2.xinst
Setting: ..\..\..\..\Material\Instances\0.Weighted30min Demand separate\Dc\Weighted2.xsett
ControlConfig: ..\..\..\..\Material\Instances\0.Weighted30min Demand separate\Dc\Weighted2.xconf
StatisticsDir: ..\..\..\..\Material\Instances\0.Weighted30min Demand separate\Dc
Seed: 1
Additionally the following tag was passed: whigh
Adding handler for unhandled exceptions ...
Initializing ... 
Instance recognized!
Parsing setting config ...
Parsing control config ...
Parsing instance ...
StatisticsFolder: Weighted2-Dc_whigh_2.csv-1
Done!
