Executing ... 
 19:27:36 | >>> Warming up ...
 00:00:00 | >>> Warmup finished - starting simulation ...
 Realtime |   ETA    |  Sim.Time  | Progress | #Orders | #Bundles | Inv. | Distance | #Coll. |   Memory    
 00:00:00 |   n/a    | 0.00:00:00 |  0.00%   |    0    |    0     | 60%  |    0     |   0    |  95.08MB  
 00:00:00 | Cannot generate further orders - suspending generation for now
 00:00:00 | Cannot generate further orders - suspending generation for now
 00:00:00 | Cannot generate further orders - suspending generation for now
 00:00:00 | Cannot generate further orders - suspending generation for now
 00:00:00 | Cannot generate further orders - suspending generation for now
 00:00:00 | Cannot generate further orders - suspending generation for now
 00:00:00 | Cannot generate further orders - suspending generation for now
 00:00:00 | Cannot generate further orders - suspending generation for now
 00:00:00 | 00:00:00 | 0.00:30:00 | 100.00%  |   465   |    0     | 15%  |   5116   |   0    |  93.64MB  
 00:00:00 | >>> Simulation finished - writing results ...
 00:00:00 | >>> Results written
Simulation finished.
>>> Timings
StatTimingPathPlanningAverage: 9.114483173076929E-05
StatTimingPathPlanningOverall: 0.07583250000000005
StatTimingPathPlanningCount: 832
StatTimingTaskAllocationAverage: 0.0017003986111111095
StatTimingTaskAllocationOverall: 0.36728609999999967
StatTimingTaskAllocationCount: 216
StatTimingItemStorageAverage: 8.451202263083501E-07
StatTimingItemStorageOverall: 0.0005975000000000035
StatTimingItemStorageCount: 707
StatTimingPodStorageAverage: 0.0014614883495145628
StatTimingPodStorageOverall: 0.15053329999999998
StatTimingPodStorageCount: 103
StatTimingReplenishmentBatchingAverage: 7.1E-06
StatTimingReplenishmentBatchingOverall: 1.42E-05
StatTimingReplenishmentBatchingCount: 2
StatTimingOrderBatchingAverage: 8.534899866488639E-05
StatTimingOrderBatchingOverall: 0.06392639999999991
StatTimingOrderBatchingCount: 749
>>> Overall
StatOverallBundlesPlaced: 0
StatOverallItemsOrdered: 647
StatOverallOrdersPlaced: 398
StatOverallBundlesRejected: 0
StatOverallOrdersRejected: 0
StatOverallBundlesHandled: 0
StatOverallItemsHandled: 741
StatOverallLinesHandled: 690
StatOverallOrdersHandled: 465
StatOverallCollisions: 0
StatOverallDistanceTraveled: 5116.112865432094
StatOverallDistanceEstimated: 5026
StatOverallAssignedTasks: 216
StatMaxMemoryUsed: 95,08203125
StatRealTimeUsed: 0.9288845
StatAverageTurnoverTime: 489.9764047737617
StatMedianTurnoverTime: 346.05907647171466
StatLowerQuartileTurnoverTime: 158.95555555555555
StatUpperQuartileTurnoverTime: 778.8487084989848
StatAverageThroughputTime: 100.36497092099256
StatMedianThroughputTime: 24.120555555555597
StatLowerQuartileThroughputTime: 16.029444444444835
StatUpperQuartileThroughputTime: 83.80833333333328

Marked tag finished after 1 tries!
.Fin. - SUCCESS
<<< Welcome to the RAWSimO CLI >>>
The time is: 06/25/2024 19:27:37
Starting RAWSimO wrapper with the following arguments:
Instance: ..\..\..\..\Material\Instances\10.Weighted30min Demand Gall\Dr\Weighted2.xinst
Setting: ..\..\..\..\Material\Instances\10.Weighted30min Demand Gall\Dr\Weighted2.xsett
ControlConfig: ..\..\..\..\Material\Instances\10.Weighted30min Demand Gall\Dr\Weighted2.xconf
StatisticsDir: ..\..\..\..\Material\Instances\10.Weighted30min Demand Gall\Dr
Seed: 5
Additionally the following tag was passed: 1, 1.310909090909091, 1.0, 0.211, 0.162, 1.0
Adding handler for unhandled exceptions ...
Initializing ... 
Instance recognized!
Parsing setting config ...
Parsing control config ...
Parsing instance ...
StatisticsFolder: Weighted2-Dr_[[1, 1.310909090909091, 1.0]]_2_[0.211, 0.162, 1.0].csv-5
Done!
