Executing ... 
 09:41:05 | >>> Warming up ...
 00:00:00 | >>> Warmup finished - starting simulation ...
 Realtime |   ETA    |  Sim.Time  | Progress | #Orders | #Bundles | Inv. | Distance | #Coll. |   Memory    
 00:00:00 |   n/a    | 0.00:00:00 |  0.00%   |    0    |    0     | 60%  |    0     |   0    |  77.74MB  
 00:00:01 | Cannot generate further orders - suspending generation for now
 00:00:01 | Cannot generate further orders - suspending generation for now
 00:00:01 | Cannot generate further orders - suspending generation for now
 00:00:01 | Cannot generate further orders - suspending generation for now
 00:00:01 | Cannot generate further orders - suspending generation for now
 00:00:01 | Cannot generate further orders - suspending generation for now
 00:00:01 | Cannot generate further orders - suspending generation for now
 00:00:01 | 00:00:00 | 0.00:30:00 | 100.00%  |   469   |    0     | 16%  |   5060   |   0    |  74.14MB  
 00:00:01 | >>> Simulation finished - writing results ...
 00:00:01 | >>> Results written
Simulation finished.
>>> Timings
StatTimingPathPlanningAverage: 0.00013313875878220136
StatTimingPathPlanningOverall: 0.11370049999999997
StatTimingPathPlanningCount: 854
StatTimingTaskAllocationAverage: 0.0028884357487922686
StatTimingTaskAllocationOverall: 0.5979061999999996
StatTimingTaskAllocationCount: 207
StatTimingItemStorageAverage: 1.267927170868345E-06
StatTimingItemStorageOverall: 0.0009052999999999983
StatTimingItemStorageCount: 714
StatTimingPodStorageAverage: 0.002520263636363637
StatTimingPodStorageOverall: 0.24950610000000006
StatTimingPodStorageCount: 99
StatTimingReplenishmentBatchingAverage: 8.15E-06
StatTimingReplenishmentBatchingOverall: 1.63E-05
StatTimingReplenishmentBatchingCount: 2
StatTimingOrderBatchingAverage: 0.00012485312899105996
StatTimingOrderBatchingOverall: 0.09775999999999996
StatTimingOrderBatchingCount: 783
>>> Overall
StatOverallBundlesPlaced: 0
StatOverallItemsOrdered: 650
StatOverallOrdersPlaced: 411
StatOverallBundlesRejected: 0
StatOverallOrdersRejected: 0
StatOverallBundlesHandled: 0
StatOverallItemsHandled: 726
StatOverallLinesHandled: 684
StatOverallOrdersHandled: 469
StatOverallCollisions: 0
StatOverallDistanceTraveled: 5060.2484182098615
StatOverallDistanceEstimated: 4955
StatOverallAssignedTasks: 207
StatMaxMemoryUsed: 78,51171875
StatRealTimeUsed: 1.4367852
StatAverageTurnoverTime: 463.592500267416
StatMedianTurnoverTime: 282.92129869393636
StatLowerQuartileTurnoverTime: 142.02685424949243
StatUpperQuartileTurnoverTime: 625.1756565398938
StatAverageThroughputTime: 85.51678236347671
StatMedianThroughputTime: 23.21287156919084
StatLowerQuartileThroughputTime: 13.220000000000027
StatUpperQuartileThroughputTime: 78.75074313838115

Marked tag finished after 1 tries!
.Fin. - SUCCESS
<<< Welcome to the RAWSimO CLI >>>
The time is: 06/13/2024 09:41:06
Starting RAWSimO wrapper with the following arguments:
Instance: ..\..\..\..\Material\Instances\0.Weighted30min Demand separate\Da\Weighted2.xinst
Setting: ..\..\..\..\Material\Instances\0.Weighted30min Demand separate\Da\Weighted2.xsett
ControlConfig: ..\..\..\..\Material\Instances\0.Weighted30min Demand separate\Da\Weighted2.xconf
StatisticsDir: ..\..\..\..\Material\Instances\0.Weighted30min Demand separate\Da
Seed: 2
Additionally the following tag was passed: 1, 8.0104, 0.38099999999999995, 0.162, 0.1, 0.425
Adding handler for unhandled exceptions ...
Initializing ... 
Instance recognized!
Parsing setting config ...
Parsing control config ...
Parsing instance ...
StatisticsFolder: Weighted2-Da_[[1, 8.0104, 0.38099999999999995]]_1_[0.162, 0.1, 0.425].csv-2
Done!
