Executing ... 
 16:22:19 | >>> Warming up ...
 00:00:00 | >>> Warmup finished - starting simulation ...
 Realtime |   ETA    |  Sim.Time  | Progress | #Orders | #Bundles | Inv. | Distance | #Coll. |   Memory    
 00:00:00 |   n/a    | 0.00:00:00 |  0.00%   |    0    |    0     | 83%  |    0     |   0    | 116.40MB  
 00:00:00 | Reactivating bundle generation paused by inventory+reserved+backlog level (currently at: 0.6491666666666667)
 00:00:00 | Cannot generate further orders - suspending generation for now
 00:00:00 | Cannot generate further orders - suspending generation for now
 00:00:00 | Cannot generate further orders - suspending generation for now
 00:00:00 | Cannot generate further orders - suspending generation for now
 00:00:00 | Cannot generate further orders - suspending generation for now
 00:00:00 | Cannot generate further orders - suspending generation for now
 00:00:00 | Cannot generate further orders - suspending generation for now
 00:00:00 | Cannot generate further orders - suspending generation for now
 00:00:00 | Cannot generate further orders - suspending generation for now
 00:00:00 | Cannot generate further orders - suspending generation for now
 00:00:00 | 00:00:00 | 0.00:30:00 | 100.00%  |   484   |    0     | 23%  |   4589   |   0    | 115.20MB  
 00:00:00 | >>> Simulation finished - writing results ...
 00:00:00 | >>> Results written
Simulation finished.
>>> Timings
StatTimingPathPlanningAverage: 7.394306864064599E-05
StatTimingPathPlanningOverall: 0.05493969999999997
StatTimingPathPlanningCount: 743
StatTimingTaskAllocationAverage: 0.0012351923857868027
StatTimingTaskAllocationOverall: 0.24333290000000013
StatTimingTaskAllocationCount: 197
StatTimingItemStorageAverage: 9.077903682719559E-07
StatTimingItemStorageOverall: 0.0006409000000000009
StatTimingItemStorageCount: 706
StatTimingPodStorageAverage: 0.0008691351063829789
StatTimingPodStorageOverall: 0.08169870000000001
StatTimingPodStorageCount: 94
StatTimingReplenishmentBatchingAverage: 7.58E-06
StatTimingReplenishmentBatchingOverall: 3.79E-05
StatTimingReplenishmentBatchingCount: 5
StatTimingOrderBatchingAverage: 7.492935196950431E-05
StatTimingOrderBatchingOverall: 0.058969399999999894
StatTimingOrderBatchingCount: 787
>>> Overall
StatOverallBundlesPlaced: 180
StatOverallItemsOrdered: 659
StatOverallOrdersPlaced: 419
StatOverallBundlesRejected: 0
StatOverallOrdersRejected: 0
StatOverallBundlesHandled: 0
StatOverallItemsHandled: 730
StatOverallLinesHandled: 684
StatOverallOrdersHandled: 484
StatOverallCollisions: 0
StatOverallDistanceTraveled: 4588.54184388489
StatOverallDistanceEstimated: 4472
StatOverallAssignedTasks: 197
StatMaxMemoryUsed: 116,40234375
StatRealTimeUsed: 0.8014594
StatAverageTurnoverTime: 425.73850855857376
StatMedianTurnoverTime: 271.5151875828256
StatLowerQuartileTurnoverTime: 129.22461764142508
StatUpperQuartileTurnoverTime: 564.0675035964608
StatAverageThroughputTime: 91.19579885231644
StatMedianThroughputTime: 25.639350653031585
StatLowerQuartileThroughputTime: 15.689906208587104
StatUpperQuartileThroughputTime: 71.34759019495039

Marked tag finished after 1 tries!
.Fin. - SUCCESS
<<< Welcome to the RAWSimO CLI >>>
The time is: 06/03/2024 16:22:20
Starting RAWSimO wrapper with the following arguments:
Instance: ..\..\..\..\Material\Instances\0.Weighted30min\Weighted6.xinst
Setting: ..\..\..\..\Material\Instances\0.Weighted30min\WeightedScenario.xsett
ControlConfig: ..\..\..\..\Material\Instances\0.Weighted30min\WeightedScenario.xconf
StatisticsDir: ..\..\..\..\Material\Instances\0.Weighted30min
Seed: 1
Additionally the following tag was passed: Dewlow
Adding handler for unhandled exceptions ...
Initializing ... 
Instance recognized!
Parsing setting config ...
Parsing control config ...
Parsing instance ...
StatisticsFolder: WeightedScenario-De_wlow_2.csv-1
Done!
