Executing ... 
 09:38:12 | >>> Warming up ...
 00:00:00 | >>> Warmup finished - starting simulation ...
 Realtime |   ETA    |  Sim.Time  | Progress | #Orders | #Bundles | Inv. | Distance | #Coll. |   Memory    
 00:00:00 |   n/a    | 0.00:00:00 |  0.00%   |    0    |    0     | 60%  |    0     |   0    |  87.29MB  
 00:00:00 | Cannot generate further orders - suspending generation for now
 00:00:00 | Cannot generate further orders - suspending generation for now
 00:00:00 | Cannot generate further orders - suspending generation for now
 00:00:00 | Cannot generate further orders - suspending generation for now
 00:00:00 | Cannot generate further orders - suspending generation for now
 00:00:01 | Cannot generate further orders - suspending generation for now
 00:00:01 | Cannot generate further orders - suspending generation for now
 00:00:01 | Cannot generate further orders - suspending generation for now
 00:00:01 | 00:00:00 | 0.00:30:00 | 100.00%  |   463   |    0     | 18%  |   5120   |   0    |  84.26MB  
 00:00:01 | >>> Simulation finished - writing results ...
 00:00:01 | >>> Results written
Simulation finished.
>>> Timings
StatTimingPathPlanningAverage: 0.00012054658169177284
StatTimingPathPlanningOverall: 0.10403169999999996
StatTimingPathPlanningCount: 863
StatTimingTaskAllocationAverage: 0.0019311305164319249
StatTimingTaskAllocationOverall: 0.4113308
StatTimingTaskAllocationCount: 213
StatTimingItemStorageAverage: 1.0232116788321178E-06
StatTimingItemStorageOverall: 0.0007009000000000006
StatTimingItemStorageCount: 685
StatTimingPodStorageAverage: 0.0016888326732673257
StatTimingPodStorageOverall: 0.1705720999999999
StatTimingPodStorageCount: 101
StatTimingReplenishmentBatchingAverage: 8.15E-06
StatTimingReplenishmentBatchingOverall: 1.63E-05
StatTimingReplenishmentBatchingCount: 2
StatTimingOrderBatchingAverage: 8.538545454545443E-05
StatTimingOrderBatchingOverall: 0.06574679999999991
StatTimingOrderBatchingCount: 770
>>> Overall
StatOverallBundlesPlaced: 0
StatOverallItemsOrdered: 641
StatOverallOrdersPlaced: 414
StatOverallBundlesRejected: 0
StatOverallOrdersRejected: 0
StatOverallBundlesHandled: 0
StatOverallItemsHandled: 704
StatOverallLinesHandled: 667
StatOverallOrdersHandled: 463
StatOverallCollisions: 0
StatOverallDistanceTraveled: 5119.839114771846
StatOverallDistanceEstimated: 4895
StatOverallAssignedTasks: 213
StatMaxMemoryUsed: 86,9375
StatRealTimeUsed: 1.0869297
StatAverageTurnoverTime: 437.66799618893094
StatMedianTurnoverTime: 321.2257215596173
StatLowerQuartileTurnoverTime: 115.9772222222223
StatUpperQuartileTurnoverTime: 611.7624820176961
StatAverageThroughputTime: 81.88298539285445
StatMedianThroughputTime: 20.331111111111795
StatLowerQuartileThroughputTime: 12.617683986364938
StatUpperQuartileThroughputTime: 71.19673887931486

Marked tag finished after 1 tries!
.Fin. - SUCCESS
<<< Welcome to the RAWSimO CLI >>>
The time is: 06/13/2024 09:38:13
Starting RAWSimO wrapper with the following arguments:
Instance: ..\..\..\..\Material\Instances\0.Weighted30min Demand separate\Da\Weighted2.xinst
Setting: ..\..\..\..\Material\Instances\0.Weighted30min Demand separate\Da\Weighted2.xsett
ControlConfig: ..\..\..\..\Material\Instances\0.Weighted30min Demand separate\Da\Weighted2.xconf
StatisticsDir: ..\..\..\..\Material\Instances\0.Weighted30min Demand separate\Da
Seed: 3
Additionally the following tag was passed: 1, 10.0, 1.039, 0.259, 0.1, 0.25
Adding handler for unhandled exceptions ...
Initializing ... 
Instance recognized!
Parsing setting config ...
Parsing control config ...
Parsing instance ...
StatisticsFolder: Weighted2-Da_[[1, 10.0, 1.039]]_1_[0.259, 0.1, 0.25].csv-3
Done!
