Executing ... 
 19:27:29 | >>> Warming up ...
 00:00:00 | >>> Warmup finished - starting simulation ...
 Realtime |   ETA    |  Sim.Time  | Progress | #Orders | #Bundles | Inv. | Distance | #Coll. |   Memory    
 00:00:00 |   n/a    | 0.00:00:00 |  0.00%   |    0    |    0     | 60%  |    0     |   0    | 136.10MB  
 00:00:00 | Cannot generate further orders - suspending generation for now
 00:00:00 | Cannot generate further orders - suspending generation for now
 00:00:00 | Cannot generate further orders - suspending generation for now
 00:00:00 | Cannot generate further orders - suspending generation for now
 00:00:00 | Cannot generate further orders - suspending generation for now
 00:00:00 | Cannot generate further orders - suspending generation for now
 00:00:00 | Cannot generate further orders - suspending generation for now
 00:00:00 | 00:00:00 | 0.00:30:00 | 100.00%  |   452   |    0     | 17%  |   5150   |   0    | 131.34MB  
 00:00:00 | >>> Simulation finished - writing results ...
 00:00:00 | >>> Results written
Simulation finished.
>>> Timings
StatTimingPathPlanningAverage: 8.11560975609756E-05
StatTimingPathPlanningOverall: 0.06987539999999999
StatTimingPathPlanningCount: 861
StatTimingTaskAllocationAverage: 0.0016969352941176461
StatTimingTaskAllocationOverall: 0.3750226999999998
StatTimingTaskAllocationCount: 221
StatTimingItemStorageAverage: 8.624641833810943E-07
StatTimingItemStorageOverall: 0.0006020000000000038
StatTimingItemStorageCount: 698
StatTimingPodStorageAverage: 0.0014161443396226415
StatTimingPodStorageOverall: 0.1501113
StatTimingPodStorageCount: 106
StatTimingReplenishmentBatchingAverage: 7.65E-06
StatTimingReplenishmentBatchingOverall: 1.53E-05
StatTimingReplenishmentBatchingCount: 2
StatTimingOrderBatchingAverage: 7.777616511318241E-05
StatTimingOrderBatchingOverall: 0.058409899999999994
StatTimingOrderBatchingCount: 751
>>> Overall
StatOverallBundlesPlaced: 0
StatOverallItemsOrdered: 667
StatOverallOrdersPlaced: 410
StatOverallBundlesRejected: 0
StatOverallOrdersRejected: 0
StatOverallBundlesHandled: 0
StatOverallItemsHandled: 710
StatOverallLinesHandled: 662
StatOverallOrdersHandled: 452
StatOverallCollisions: 0
StatOverallDistanceTraveled: 5149.947721178886
StatOverallDistanceEstimated: 5043
StatOverallAssignedTasks: 221
StatMaxMemoryUsed: 136,09765625
StatRealTimeUsed: 0.9309085
StatAverageTurnoverTime: 505.570070647172
StatMedianTurnoverTime: 366.2667604580795
StatLowerQuartileTurnoverTime: 153.7962986939369
StatUpperQuartileTurnoverTime: 766.506486276763
StatAverageThroughputTime: 102.02236394871332
StatMedianThroughputTime: 23.493333333333453
StatLowerQuartileThroughputTime: 13.06333333333373
StatUpperQuartileThroughputTime: 86.68999999999988

Marked tag finished after 1 tries!
.Fin. - SUCCESS
<<< Welcome to the RAWSimO CLI >>>
The time is: 06/25/2024 19:27:30
Starting RAWSimO wrapper with the following arguments:
Instance: ..\..\..\..\Material\Instances\10.Weighted30min Demand Gall\Dr\Weighted2.xinst
Setting: ..\..\..\..\Material\Instances\10.Weighted30min Demand Gall\Dr\Weighted2.xsett
ControlConfig: ..\..\..\..\Material\Instances\10.Weighted30min Demand Gall\Dr\Weighted2.xconf
StatisticsDir: ..\..\..\..\Material\Instances\10.Weighted30min Demand Gall\Dr
Seed: 5
Additionally the following tag was passed: 1, 1.310909090909091, 1.0, 0.211, 0.162, 1.0
Adding handler for unhandled exceptions ...
Initializing ... 
Instance recognized!
Parsing setting config ...
Parsing control config ...
Parsing instance ...
StatisticsFolder: Weighted2-Dr_[[1, 1.310909090909091, 1.0]]_1_[0.211, 0.162, 1.0].csv-5
Done!
