Executing ... 
 09:42:21 | >>> Warming up ...
 00:00:00 | >>> Warmup finished - starting simulation ...
 Realtime |   ETA    |  Sim.Time  | Progress | #Orders | #Bundles | Inv. | Distance | #Coll. |   Memory    
 00:00:00 |   n/a    | 0.00:00:00 |  0.00%   |    0    |    0     | 60%  |    0     |   0    |  97.46MB  
 00:00:01 | Cannot generate further orders - suspending generation for now
 00:00:01 | Cannot generate further orders - suspending generation for now
 00:00:01 | Cannot generate further orders - suspending generation for now
 00:00:01 | Cannot generate further orders - suspending generation for now
 00:00:01 | Cannot generate further orders - suspending generation for now
 00:00:01 | Cannot generate further orders - suspending generation for now
 00:00:01 | Cannot generate further orders - suspending generation for now
 00:00:01 | 00:00:00 | 0.00:30:00 | 100.00%  |   448   |    0     | 18%  |   5136   |   0    |  92.36MB  
 00:00:01 | >>> Simulation finished - writing results ...
 00:00:01 | >>> Results written
Simulation finished.
>>> Timings
StatTimingPathPlanningAverage: 0.00012036393831553963
StatTimingPathPlanningOverall: 0.10146679999999991
StatTimingPathPlanningCount: 843
StatTimingTaskAllocationAverage: 0.002079133796296297
StatTimingTaskAllocationOverall: 0.44909290000000013
StatTimingTaskAllocationCount: 216
StatTimingItemStorageAverage: 1.2809593023255807E-06
StatTimingItemStorageOverall: 0.0008812999999999996
StatTimingItemStorageCount: 688
StatTimingPodStorageAverage: 0.0017215192307692302
StatTimingPodStorageOverall: 0.17903799999999995
StatTimingPodStorageCount: 104
StatTimingReplenishmentBatchingAverage: 8.65E-06
StatTimingReplenishmentBatchingOverall: 1.73E-05
StatTimingReplenishmentBatchingCount: 2
StatTimingOrderBatchingAverage: 0.00010959288590604018
StatTimingOrderBatchingOverall: 0.08164669999999993
StatTimingOrderBatchingCount: 745
>>> Overall
StatOverallBundlesPlaced: 0
StatOverallItemsOrdered: 667
StatOverallOrdersPlaced: 415
StatOverallBundlesRejected: 0
StatOverallOrdersRejected: 0
StatOverallBundlesHandled: 0
StatOverallItemsHandled: 707
StatOverallLinesHandled: 668
StatOverallOrdersHandled: 448
StatOverallCollisions: 0
StatOverallDistanceTraveled: 5135.592468516194
StatOverallDistanceEstimated: 5036
StatOverallAssignedTasks: 216
StatMaxMemoryUsed: 97,1796875
StatRealTimeUsed: 1.2188902
StatAverageTurnoverTime: 502.32924957031173
StatMedianTurnoverTime: 368.43352091615884
StatLowerQuartileTurnoverTime: 169.22564934696857
StatUpperQuartileTurnoverTime: 758.315375165657
StatAverageThroughputTime: 101.1903055578812
StatMedianThroughputTime: 23.901111111110993
StatLowerQuartileThroughputTime: 15.857777777777756
StatUpperQuartileThroughputTime: 82.75888888888903

Marked tag finished after 1 tries!
.Fin. - SUCCESS
<<< Welcome to the RAWSimO CLI >>>
The time is: 06/13/2024 09:42:23
Starting RAWSimO wrapper with the following arguments:
Instance: ..\..\..\..\Material\Instances\0.Weighted30min Demand separate\Db\Weighted2.xinst
Setting: ..\..\..\..\Material\Instances\0.Weighted30min Demand separate\Db\Weighted2.xsett
ControlConfig: ..\..\..\..\Material\Instances\0.Weighted30min Demand separate\Db\Weighted2.xconf
StatisticsDir: ..\..\..\..\Material\Instances\0.Weighted30min Demand separate\Db
Seed: 1
Additionally the following tag was passed: 1, 0.059, 0.549, 0.109, 0.385, 0.742
Adding handler for unhandled exceptions ...
Initializing ... 
Instance recognized!
Parsing setting config ...
Parsing control config ...
Parsing instance ...
StatisticsFolder: Weighted2-Db_[[1, 0.059, 0.549]]_1_[0.109, 0.385, 0.742].csv-1
Done!
