Executing ... 
 16:21:27 | >>> Warming up ...
 00:00:00 | >>> Warmup finished - starting simulation ...
 Realtime |   ETA    |  Sim.Time  | Progress | #Orders | #Bundles | Inv. | Distance | #Coll. |   Memory    
 00:00:00 |   n/a    | 0.00:00:00 |  0.00%   |    0    |    0     | 60%  |    0     |   0    |  91.86MB  
 00:00:01 | Cannot generate further orders - suspending generation for now
 00:00:01 | Cannot generate further orders - suspending generation for now
 00:00:01 | Cannot generate further orders - suspending generation for now
 00:00:01 | Cannot generate further orders - suspending generation for now
 00:00:01 | Cannot generate further orders - suspending generation for now
 00:00:01 | Cannot generate further orders - suspending generation for now
 00:00:01 | Cannot generate further orders - suspending generation for now
 00:00:01 | Cannot generate further orders - suspending generation for now
 00:00:01 | Cannot generate further orders - suspending generation for now
 00:00:01 | 00:00:00 | 0.00:30:00 | 100.00%  |   487   |    0     | 14%  |   5167   |   0    |  88.18MB  
 00:00:01 | >>> Simulation finished - writing results ...
 00:00:01 | >>> Results written
Simulation finished.
>>> Timings
StatTimingPathPlanningAverage: 0.0001749624548736465
StatTimingPathPlanningOverall: 0.14539380000000024
StatTimingPathPlanningCount: 831
StatTimingTaskAllocationAverage: 0.0029588215311004778
StatTimingTaskAllocationOverall: 0.6183936999999998
StatTimingTaskAllocationCount: 209
StatTimingItemStorageAverage: 1.5983805668016144E-06
StatTimingItemStorageOverall: 0.0011843999999999963
StatTimingItemStorageCount: 741
StatTimingPodStorageAverage: 0.0031634429999999997
StatTimingPodStorageOverall: 0.31634429999999997
StatTimingPodStorageCount: 100
StatTimingReplenishmentBatchingAverage: 1.4400000000000001E-05
StatTimingReplenishmentBatchingOverall: 2.8800000000000002E-05
StatTimingReplenishmentBatchingCount: 2
StatTimingOrderBatchingAverage: 0.0001692166037735846
StatTimingOrderBatchingOverall: 0.13452719999999976
StatTimingOrderBatchingCount: 795
>>> Overall
StatOverallBundlesPlaced: 0
StatOverallItemsOrdered: 667
StatOverallOrdersPlaced: 416
StatOverallBundlesRejected: 0
StatOverallOrdersRejected: 0
StatOverallBundlesHandled: 0
StatOverallItemsHandled: 762
StatOverallLinesHandled: 722
StatOverallOrdersHandled: 487
StatOverallCollisions: 0
StatOverallDistanceTraveled: 5167.3530202571355
StatOverallDistanceEstimated: 5014
StatOverallAssignedTasks: 209
StatMaxMemoryUsed: 92,421875
StatRealTimeUsed: 1.6905611
StatAverageTurnoverTime: 474.92394719765565
StatMedianTurnoverTime: 333.892316013636
StatLowerQuartileTurnoverTime: 145.98259019495214
StatUpperQuartileTurnoverTime: 689.5305627484777
StatAverageThroughputTime: 90.46308027356203
StatMedianThroughputTime: 26.343888888888813
StatLowerQuartileThroughputTime: 16.62555555555673
StatUpperQuartileThroughputTime: 87.91296536060463

Marked tag finished after 1 tries!
.Fin. - SUCCESS
<<< Welcome to the RAWSimO CLI >>>
The time is: 06/21/2024 16:21:29
Starting RAWSimO wrapper with the following arguments:
Instance: ..\..\..\..\Material\Instances\01.Weighted30min Demand Gall\Dr\Weighted2.xinst
Setting: ..\..\..\..\Material\Instances\01.Weighted30min Demand Gall\Dr\Weighted2.xsett
ControlConfig: ..\..\..\..\Material\Instances\01.Weighted30min Demand Gall\Dr\Weighted2.xconf
StatisticsDir: ..\..\..\..\Material\Instances\01.Weighted30min Demand Gall\Dr
Seed: 1
Additionally the following tag was passed: 1, 0.9185714285714286, 1.0, 0.196, 0.214, 1.0
Adding handler for unhandled exceptions ...
Initializing ... 
Instance recognized!
Parsing setting config ...
Parsing control config ...
Parsing instance ...
StatisticsFolder: Weighted2-Dr_[[1, 0.9185714285714286, 1.0]]_1_[0.196, 0.214, 1.0].csv-1
Done!
