Executing ... 
 19:22:44 | >>> Warming up ...
 00:00:00 | >>> Warmup finished - starting simulation ...
 Realtime |   ETA    |  Sim.Time  | Progress | #Orders | #Bundles | Inv. | Distance | #Coll. |   Memory    
 00:00:00 |   n/a    | 0.00:00:00 |  0.00%   |    0    |    0     | 60%  |    0     |   0    |  98.30MB  
 00:00:00 | Cannot generate further orders - suspending generation for now
 00:00:00 | Cannot generate further orders - suspending generation for now
 00:00:00 | Cannot generate further orders - suspending generation for now
 00:00:00 | Cannot generate further orders - suspending generation for now
 00:00:00 | Cannot generate further orders - suspending generation for now
 00:00:00 | Cannot generate further orders - suspending generation for now
 00:00:00 | Cannot generate further orders - suspending generation for now
 00:00:00 | Cannot generate further orders - suspending generation for now
 00:00:00 | Cannot generate further orders - suspending generation for now
 00:00:01 | Cannot generate further orders - suspending generation for now
 00:00:01 | 00:00:00 | 0.00:30:00 | 100.00%  |   502   |    0     | 13%  |   5081   |   0    |  95.16MB  
 00:00:01 | >>> Simulation finished - writing results ...
 00:00:01 | >>> Results written
Simulation finished.
>>> Timings
StatTimingPathPlanningAverage: 9.276723507917167E-05
StatTimingPathPlanningOverall: 0.07616189999999994
StatTimingPathPlanningCount: 821
StatTimingTaskAllocationAverage: 0.0019220136792452824
StatTimingTaskAllocationOverall: 0.40746689999999985
StatTimingTaskAllocationCount: 212
StatTimingItemStorageAverage: 1.1893617021276572E-06
StatTimingItemStorageOverall: 0.0008943999999999982
StatTimingItemStorageCount: 752
StatTimingPodStorageAverage: 0.0016553274509803924
StatTimingPodStorageOverall: 0.16884340000000003
StatTimingPodStorageCount: 102
StatTimingReplenishmentBatchingAverage: 7.899999999999999E-06
StatTimingReplenishmentBatchingOverall: 1.5799999999999998E-05
StatTimingReplenishmentBatchingCount: 2
StatTimingOrderBatchingAverage: 9.260694789081868E-05
StatTimingOrderBatchingOverall: 0.07464119999999985
StatTimingOrderBatchingCount: 806
>>> Overall
StatOverallBundlesPlaced: 0
StatOverallItemsOrdered: 649
StatOverallOrdersPlaced: 414
StatOverallBundlesRejected: 0
StatOverallOrdersRejected: 0
StatOverallBundlesHandled: 0
StatOverallItemsHandled: 775
StatOverallLinesHandled: 730
StatOverallOrdersHandled: 502
StatOverallCollisions: 0
StatOverallDistanceTraveled: 5080.589953457709
StatOverallDistanceEstimated: 5006
StatOverallAssignedTasks: 212
StatMaxMemoryUsed: 98,01171875
StatRealTimeUsed: 1.0193787
StatAverageTurnoverTime: 492.0169484174007
StatMedianTurnoverTime: 384.4073088207138
StatLowerQuartileTurnoverTime: 160.6580591520194
StatUpperQuartileTurnoverTime: 705.9644516373729
StatAverageThroughputTime: 95.46794329044124
StatMedianThroughputTime: 24.732222222222163
StatLowerQuartileThroughputTime: 16.241666666666646
StatUpperQuartileThroughputTime: 85.91064934696837

Marked tag finished after 1 tries!
.Fin. - SUCCESS
<<< Welcome to the RAWSimO CLI >>>
The time is: 06/25/2024 19:22:45
Starting RAWSimO wrapper with the following arguments:
Instance: ..\..\..\..\Material\Instances\10.Weighted30min Demand Gall\Dp\Weighted2.xinst
Setting: ..\..\..\..\Material\Instances\10.Weighted30min Demand Gall\Dp\Weighted2.xsett
ControlConfig: ..\..\..\..\Material\Instances\10.Weighted30min Demand Gall\Dp\Weighted2.xconf
StatisticsDir: ..\..\..\..\Material\Instances\10.Weighted30min Demand Gall\Dp
Seed: 6
Additionally the following tag was passed: 1, 0.73, 1.0, 0.189, 0.26, 1.0
Adding handler for unhandled exceptions ...
Initializing ... 
Instance recognized!
Parsing setting config ...
Parsing control config ...
Parsing instance ...
StatisticsFolder: Weighted2-Dp_[[1, 0.73, 1.0]]_2_[0.189, 0.26, 1.0].csv-6
Done!
