Executing ... 
 09:36:27 | >>> Warming up ...
 00:00:00 | >>> Warmup finished - starting simulation ...
 Realtime |   ETA    |  Sim.Time  | Progress | #Orders | #Bundles | Inv. | Distance | #Coll. |   Memory    
 00:00:00 |   n/a    | 0.00:00:00 |  0.00%   |    0    |    0     | 60%  |    0     |   0    |  87.77MB  
 00:00:00 | Cannot generate further orders - suspending generation for now
 00:00:00 | Cannot generate further orders - suspending generation for now
 00:00:00 | Cannot generate further orders - suspending generation for now
 00:00:00 | Cannot generate further orders - suspending generation for now
 00:00:00 | Cannot generate further orders - suspending generation for now
 00:00:00 | Cannot generate further orders - suspending generation for now
 00:00:01 | Cannot generate further orders - suspending generation for now
 00:00:01 | Cannot generate further orders - suspending generation for now
 00:00:01 | 00:00:00 | 0.00:30:00 | 100.00%  |   480   |    0     | 17%  |   5068   |   0    |  83.80MB  
 00:00:01 | >>> Simulation finished - writing results ...
 00:00:01 | >>> Results written
Simulation finished.
>>> Timings
StatTimingPathPlanningAverage: 9.596044226044225E-05
StatTimingPathPlanningOverall: 0.0781118
StatTimingPathPlanningCount: 814
StatTimingTaskAllocationAverage: 0.001707005607476635
StatTimingTaskAllocationOverall: 0.3652991999999999
StatTimingTaskAllocationCount: 214
StatTimingItemStorageAverage: 1.0379562043795665E-06
StatTimingItemStorageOverall: 0.0007110000000000031
StatTimingItemStorageCount: 685
StatTimingPodStorageAverage: 0.0014975718446601938
StatTimingPodStorageOverall: 0.15424989999999997
StatTimingPodStorageCount: 103
StatTimingReplenishmentBatchingAverage: 2.99E-05
StatTimingReplenishmentBatchingOverall: 5.98E-05
StatTimingReplenishmentBatchingCount: 2
StatTimingOrderBatchingAverage: 0.00010141868686868682
StatTimingOrderBatchingOverall: 0.08032359999999995
StatTimingOrderBatchingCount: 792
>>> Overall
StatOverallBundlesPlaced: 0
StatOverallItemsOrdered: 667
StatOverallOrdersPlaced: 427
StatOverallBundlesRejected: 0
StatOverallOrdersRejected: 0
StatOverallBundlesHandled: 0
StatOverallItemsHandled: 710
StatOverallLinesHandled: 677
StatOverallOrdersHandled: 480
StatOverallCollisions: 0
StatOverallDistanceTraveled: 5067.997082718126
StatOverallDistanceEstimated: 4877
StatOverallAssignedTasks: 214
StatMaxMemoryUsed: 87,765625
StatRealTimeUsed: 1.054394
StatAverageTurnoverTime: 418.8674687440956
StatMedianTurnoverTime: 293.7961977096028
StatLowerQuartileTurnoverTime: 121.51398268030152
StatUpperQuartileTurnoverTime: 620.1021284308114
StatAverageThroughputTime: 91.45662417226836
StatMedianThroughputTime: 20.58944444444444
StatLowerQuartileThroughputTime: 13.018888888888902
StatUpperQuartileThroughputTime: 82.66009379141383

Marked tag finished after 1 tries!
.Fin. - SUCCESS
<<< Welcome to the RAWSimO CLI >>>
The time is: 06/13/2024 09:36:29
Starting RAWSimO wrapper with the following arguments:
Instance: ..\..\..\..\Material\Instances\0.Weighted30min Demand separate\Da\Weighted2.xinst
Setting: ..\..\..\..\Material\Instances\0.Weighted30min Demand separate\Da\Weighted2.xsett
ControlConfig: ..\..\..\..\Material\Instances\0.Weighted30min Demand separate\Da\Weighted2.xconf
StatisticsDir: ..\..\..\..\Material\Instances\0.Weighted30min Demand separate\Da
Seed: 3
Additionally the following tag was passed: 1, 0.052, 0.052, 0.098, 0.7, 0.353
Adding handler for unhandled exceptions ...
Initializing ... 
Instance recognized!
Parsing setting config ...
Parsing control config ...
Parsing instance ...
StatisticsFolder: Weighted2-Da_[[1, 0.052, 0.052]]_1_[0.098, 0.7, 0.353].csv-3
Done!
