Executing ... 
 21:27:57 | >>> Warming up ...
 00:00:00 | >>> Warmup finished - starting simulation ...
 Realtime |   ETA    |  Sim.Time  | Progress | #Orders | #Bundles | Inv. | Distance | #Coll. |   Memory    
 00:00:00 |   n/a    | 0.00:00:00 |  0.00%   |    0    |    0     | 60%  |    0     |   0    |  77.00MB  
 00:00:00 | Cannot generate further orders - suspending generation for now
 00:00:00 | Cannot generate further orders - suspending generation for now
 00:00:00 | Cannot generate further orders - suspending generation for now
 00:00:01 | Cannot generate further orders - suspending generation for now
 00:00:01 | Cannot generate further orders - suspending generation for now
 00:00:01 | Cannot generate further orders - suspending generation for now
 00:00:01 | Cannot generate further orders - suspending generation for now
 00:00:01 | Cannot generate further orders - suspending generation for now
 00:00:01 | Cannot generate further orders - suspending generation for now
 00:00:01 | Cannot generate further orders - suspending generation for now
 00:00:01 | Cannot generate further orders - suspending generation for now
 00:00:01 | 00:00:00 | 0.00:30:00 | 100.00%  |   486   |    0     | 14%  |   5028   |   0    |  73.68MB  
 00:00:01 | >>> Simulation finished - writing results ...
 00:00:01 | >>> Results written
Simulation finished.
>>> Timings
StatTimingPathPlanningAverage: 0.00010552743902439032
StatTimingPathPlanningOverall: 0.08653250000000007
StatTimingPathPlanningCount: 820
StatTimingTaskAllocationAverage: 0.00205419806763285
StatTimingTaskAllocationOverall: 0.42521899999999996
StatTimingTaskAllocationCount: 207
StatTimingItemStorageAverage: 1.174232309746327E-06
StatTimingItemStorageOverall: 0.000879499999999999
StatTimingItemStorageCount: 749
StatTimingPodStorageAverage: 0.001856651515151515
StatTimingPodStorageOverall: 0.18380849999999999
StatTimingPodStorageCount: 99
StatTimingReplenishmentBatchingAverage: 8.85E-06
StatTimingReplenishmentBatchingOverall: 1.77E-05
StatTimingReplenishmentBatchingCount: 2
StatTimingOrderBatchingAverage: 9.784878361075552E-05
StatTimingOrderBatchingOverall: 0.07641990000000007
StatTimingOrderBatchingCount: 781
>>> Overall
StatOverallBundlesPlaced: 0
StatOverallItemsOrdered: 665
StatOverallOrdersPlaced: 411
StatOverallBundlesRejected: 0
StatOverallOrdersRejected: 0
StatOverallBundlesHandled: 0
StatOverallItemsHandled: 771
StatOverallLinesHandled: 717
StatOverallOrdersHandled: 486
StatOverallCollisions: 0
StatOverallDistanceTraveled: 5027.912995010093
StatOverallDistanceEstimated: 4906
StatOverallAssignedTasks: 207
StatMaxMemoryUsed: 77,00390625
StatRealTimeUsed: 1.1854495
StatAverageTurnoverTime: 443.5950709290449
StatMedianTurnoverTime: 291.7117604580796
StatLowerQuartileTurnoverTime: 94.73545457121963
StatUpperQuartileTurnoverTime: 646.4928715691912
StatAverageThroughputTime: 92.47177184777912
StatMedianThroughputTime: 25.39888888888936
StatLowerQuartileThroughputTime: 16.823333333333494
StatUpperQuartileThroughputTime: 76.88665947374375

Marked tag finished after 1 tries!
.Fin. - SUCCESS
<<< Welcome to the RAWSimO CLI >>>
The time is: 06/12/2024 21:27:58
Starting RAWSimO wrapper with the following arguments:
Instance: ..\..\..\..\Material\Instances\0.Weighted30min Demand separate\Da\Weighted2.xinst
Setting: ..\..\..\..\Material\Instances\0.Weighted30min Demand separate\Da\Weighted2.xsett
ControlConfig: ..\..\..\..\Material\Instances\0.Weighted30min Demand separate\Da\Weighted2.xconf
StatisticsDir: ..\..\..\..\Material\Instances\0.Weighted30min Demand separate\Da
Seed: 1
Additionally the following tag was passed: 1, 10.0, 1.039, 0.259, 0.1, 0.25
Adding handler for unhandled exceptions ...
Initializing ... 
Instance recognized!
Parsing setting config ...
Parsing control config ...
Parsing instance ...
StatisticsFolder: Weighted2-Da_[[1, 10.0, 1.039]]_1_[0.259, 0.1, 0.25].csv-1
Done!
