Executing ... 
 19:20:02 | >>> Warming up ...
 00:00:00 | >>> Warmup finished - starting simulation ...
 Realtime |   ETA    |  Sim.Time  | Progress | #Orders | #Bundles | Inv. | Distance | #Coll. |   Memory    
 00:00:00 |   n/a    | 0.00:00:00 |  0.00%   |    0    |    0     | 60%  |    0     |   0    | 114.22MB  
 00:00:00 | Cannot generate further orders - suspending generation for now
 00:00:00 | Cannot generate further orders - suspending generation for now
 00:00:00 | Cannot generate further orders - suspending generation for now
 00:00:00 | Cannot generate further orders - suspending generation for now
 00:00:00 | Cannot generate further orders - suspending generation for now
 00:00:00 | Cannot generate further orders - suspending generation for now
 00:00:00 | Cannot generate further orders - suspending generation for now
 00:00:00 | Cannot generate further orders - suspending generation for now
 00:00:00 | Cannot generate further orders - suspending generation for now
 00:00:00 | Cannot generate further orders - suspending generation for now
 00:00:00 | Cannot generate further orders - suspending generation for now
 00:00:00 | Cannot generate further orders - suspending generation for now
 00:00:00 | 00:00:00 | 0.00:30:00 | 100.00%  |   510   |    0     | 13%  |   4986   |   0    |  73.18MB  
 00:00:00 | >>> Simulation finished - writing results ...
 00:00:00 | >>> Results written
Simulation finished.
>>> Timings
StatTimingPathPlanningAverage: 7.766320191158899E-05
StatTimingPathPlanningOverall: 0.06500409999999998
StatTimingPathPlanningCount: 837
StatTimingTaskAllocationAverage: 0.001611898604651163
StatTimingTaskAllocationOverall: 0.34655820000000004
StatTimingTaskAllocationCount: 215
StatTimingItemStorageAverage: 8.726439790575976E-07
StatTimingItemStorageOverall: 0.0006667000000000046
StatTimingItemStorageCount: 764
StatTimingPodStorageAverage: 0.0013245378640776705
StatTimingPodStorageOverall: 0.13642740000000006
StatTimingPodStorageCount: 103
StatTimingReplenishmentBatchingAverage: 1.3E-05
StatTimingReplenishmentBatchingOverall: 2.6E-05
StatTimingReplenishmentBatchingCount: 2
StatTimingOrderBatchingAverage: 8.525509202454E-05
StatTimingOrderBatchingOverall: 0.0694829000000001
StatTimingOrderBatchingCount: 815
>>> Overall
StatOverallBundlesPlaced: 0
StatOverallItemsOrdered: 661
StatOverallOrdersPlaced: 422
StatOverallBundlesRejected: 0
StatOverallOrdersRejected: 0
StatOverallBundlesHandled: 0
StatOverallItemsHandled: 786
StatOverallLinesHandled: 739
StatOverallOrdersHandled: 510
StatOverallCollisions: 0
StatOverallDistanceTraveled: 4986.34674707567
StatOverallDistanceEstimated: 4888
StatOverallAssignedTasks: 215
StatMaxMemoryUsed: 114,22265625
StatRealTimeUsed: 0.920707
StatAverageTurnoverTime: 420.091563772323
StatMedianTurnoverTime: 299.1669480409052
StatLowerQuartileTurnoverTime: 132.9605555555552
StatUpperQuartileTurnoverTime: 570.5533333333334
StatAverageThroughputTime: 94.65150048063977
StatMedianThroughputTime: 25.64898268030163
StatLowerQuartileThroughputTime: 16.177777777777692
StatUpperQuartileThroughputTime: 89.33333333333394

Marked tag finished after 1 tries!
.Fin. - SUCCESS
<<< Welcome to the RAWSimO CLI >>>
The time is: 06/25/2024 19:20:03
Starting RAWSimO wrapper with the following arguments:
Instance: ..\..\..\..\Material\Instances\10.Weighted30min Demand Gall\Dp\Weighted2.xinst
Setting: ..\..\..\..\Material\Instances\10.Weighted30min Demand Gall\Dp\Weighted2.xsett
ControlConfig: ..\..\..\..\Material\Instances\10.Weighted30min Demand Gall\Dp\Weighted2.xconf
StatisticsDir: ..\..\..\..\Material\Instances\10.Weighted30min Demand Gall\Dp
Seed: 1
Additionally the following tag was passed: 1, 0.09999999999999999, 1.0, 0.083, 0.827, 1.0
Adding handler for unhandled exceptions ...
Initializing ... 
Instance recognized!
Parsing setting config ...
Parsing control config ...
Parsing instance ...
StatisticsFolder: Weighted2-Dp_[[1, 0.09999999999999999, 1.0]]_3_[0.083, 0.827, 1.0].csv-1
Done!
