Executing ... 
 19:28:21 | >>> Warming up ...
 00:00:00 | >>> Warmup finished - starting simulation ...
 Realtime |   ETA    |  Sim.Time  | Progress | #Orders | #Bundles | Inv. | Distance | #Coll. |   Memory    
 00:00:00 |   n/a    | 0.00:00:00 |  0.00%   |    0    |    0     | 60%  |    0     |   0    | 133.96MB  
 00:00:00 | Cannot generate further orders - suspending generation for now
 00:00:00 | Cannot generate further orders - suspending generation for now
 00:00:00 | Cannot generate further orders - suspending generation for now
 00:00:00 | Cannot generate further orders - suspending generation for now
 00:00:00 | Cannot generate further orders - suspending generation for now
 00:00:00 | Cannot generate further orders - suspending generation for now
 00:00:00 | Cannot generate further orders - suspending generation for now
 00:00:00 | Cannot generate further orders - suspending generation for now
 00:00:00 | Cannot generate further orders - suspending generation for now
 00:00:00 | Cannot generate further orders - suspending generation for now
 00:00:00 | 00:00:00 | 0.00:30:00 | 100.00%  |   475   |    0     | 16%  |   5070   |   0    | 129.48MB  
 00:00:00 | >>> Simulation finished - writing results ...
 00:00:00 | >>> Results written
Simulation finished.
>>> Timings
StatTimingPathPlanningAverage: 8.532570422535202E-05
StatTimingPathPlanningOverall: 0.07269749999999993
StatTimingPathPlanningCount: 852
StatTimingTaskAllocationAverage: 0.0016555357142857138
StatTimingTaskAllocationOverall: 0.3476624999999999
StatTimingTaskAllocationCount: 210
StatTimingItemStorageAverage: 8.642458100558703E-07
StatTimingItemStorageOverall: 0.0006188000000000031
StatTimingItemStorageCount: 716
StatTimingPodStorageAverage: 0.0014774480000000001
StatTimingPodStorageOverall: 0.1477448
StatTimingPodStorageCount: 100
StatTimingReplenishmentBatchingAverage: 7.7E-06
StatTimingReplenishmentBatchingOverall: 1.54E-05
StatTimingReplenishmentBatchingCount: 2
StatTimingOrderBatchingAverage: 7.866336375488921E-05
StatTimingOrderBatchingOverall: 0.06033480000000002
StatTimingOrderBatchingCount: 767
>>> Overall
StatOverallBundlesPlaced: 0
StatOverallItemsOrdered: 651
StatOverallOrdersPlaced: 414
StatOverallBundlesRejected: 0
StatOverallOrdersRejected: 0
StatOverallBundlesHandled: 0
StatOverallItemsHandled: 728
StatOverallLinesHandled: 687
StatOverallOrdersHandled: 475
StatOverallCollisions: 0
StatOverallDistanceTraveled: 5069.986003791287
StatOverallDistanceEstimated: 4939
StatOverallAssignedTasks: 210
StatMaxMemoryUsed: 133,515625
StatRealTimeUsed: 0.9029426
StatAverageTurnoverTime: 449.7412895742288
StatMedianTurnoverTime: 341.66574313838106
StatLowerQuartileTurnoverTime: 174.7250000000001
StatUpperQuartileTurnoverTime: 607.6325035964605
StatAverageThroughputTime: 94.40851475268812
StatMedianThroughputTime: 24.536760458079698
StatLowerQuartileThroughputTime: 12.857222222222049
StatUpperQuartileThroughputTime: 81.60657287525305

Marked tag finished after 1 tries!
.Fin. - SUCCESS
<<< Welcome to the RAWSimO CLI >>>
The time is: 06/25/2024 19:28:22
Starting RAWSimO wrapper with the following arguments:
Instance: ..\..\..\..\Material\Instances\10.Weighted30min Demand Gall\Dr\Weighted2.xinst
Setting: ..\..\..\..\Material\Instances\10.Weighted30min Demand Gall\Dr\Weighted2.xsett
ControlConfig: ..\..\..\..\Material\Instances\10.Weighted30min Demand Gall\Dr\Weighted2.xconf
StatisticsDir: ..\..\..\..\Material\Instances\10.Weighted30min Demand Gall\Dr
Seed: 2
Additionally the following tag was passed: 1, 1.6, 1.0, 0.216, 0.143, 1.0
Adding handler for unhandled exceptions ...
Initializing ... 
Instance recognized!
Parsing setting config ...
Parsing control config ...
Parsing instance ...
StatisticsFolder: Weighted2-Dr_[[1, 1.6, 1.0]]_3_[0.216, 0.143, 1.0].csv-2
Done!
