Executing ... 
 19:20:09 | >>> Warming up ...
 00:00:00 | >>> Warmup finished - starting simulation ...
 Realtime |   ETA    |  Sim.Time  | Progress | #Orders | #Bundles | Inv. | Distance | #Coll. |   Memory    
 00:00:00 |   n/a    | 0.00:00:00 |  0.00%   |    0    |    0     | 60%  |    0     |   0    | 111.70MB  
 00:00:00 | Cannot generate further orders - suspending generation for now
 00:00:00 | Cannot generate further orders - suspending generation for now
 00:00:00 | Cannot generate further orders - suspending generation for now
 00:00:00 | Cannot generate further orders - suspending generation for now
 00:00:00 | Cannot generate further orders - suspending generation for now
 00:00:00 | Cannot generate further orders - suspending generation for now
 00:00:00 | Cannot generate further orders - suspending generation for now
 00:00:00 | Cannot generate further orders - suspending generation for now
 00:00:00 | Cannot generate further orders - suspending generation for now
 00:00:00 | Cannot generate further orders - suspending generation for now
 00:00:00 | 00:00:00 | 0.00:30:00 | 100.00%  |   494   |    0     | 14%  |   5138   |   0    | 107.34MB  
 00:00:00 | >>> Simulation finished - writing results ...
 00:00:01 | >>> Results written
Simulation finished.
>>> Timings
StatTimingPathPlanningAverage: 8.750672268907567E-05
StatTimingPathPlanningOverall: 0.07289310000000003
StatTimingPathPlanningCount: 833
StatTimingTaskAllocationAverage: 0.0016173579439252325
StatTimingTaskAllocationOverall: 0.3461145999999998
StatTimingTaskAllocationCount: 214
StatTimingItemStorageAverage: 9.518817204301102E-07
StatTimingItemStorageOverall: 0.000708200000000002
StatTimingItemStorageCount: 744
StatTimingPodStorageAverage: 0.001389166666666667
StatTimingPodStorageOverall: 0.14169500000000004
StatTimingPodStorageCount: 102
StatTimingReplenishmentBatchingAverage: 7.25E-06
StatTimingReplenishmentBatchingOverall: 1.45E-05
StatTimingReplenishmentBatchingCount: 2
StatTimingOrderBatchingAverage: 8.838140096618356E-05
StatTimingOrderBatchingOverall: 0.07317979999999999
StatTimingOrderBatchingCount: 828
>>> Overall
StatOverallBundlesPlaced: 0
StatOverallItemsOrdered: 661
StatOverallOrdersPlaced: 422
StatOverallBundlesRejected: 0
StatOverallOrdersRejected: 0
StatOverallBundlesHandled: 0
StatOverallItemsHandled: 759
StatOverallLinesHandled: 711
StatOverallOrdersHandled: 494
StatOverallCollisions: 0
StatOverallDistanceTraveled: 5137.526187119513
StatOverallDistanceEstimated: 5042
StatOverallAssignedTasks: 214
StatMaxMemoryUsed: 111,25390625
StatRealTimeUsed: 0.9470049
StatAverageTurnoverTime: 450.1661905889874
StatMedianTurnoverTime: 325.6323160136347
StatLowerQuartileTurnoverTime: 145.36055555555555
StatUpperQuartileTurnoverTime: 616.9571284308093
StatAverageThroughputTime: 90.04741737725826
StatMedianThroughputTime: 25.322222222222194
StatLowerQuartileThroughputTime: 16.25166666666661
StatUpperQuartileThroughputTime: 86.63583692979478

Marked tag finished after 1 tries!
.Fin. - SUCCESS
<<< Welcome to the RAWSimO CLI >>>
The time is: 06/25/2024 19:20:10
Starting RAWSimO wrapper with the following arguments:
Instance: ..\..\..\..\Material\Instances\10.Weighted30min Demand Gall\Dp\Weighted2.xinst
Setting: ..\..\..\..\Material\Instances\10.Weighted30min Demand Gall\Dp\Weighted2.xsett
ControlConfig: ..\..\..\..\Material\Instances\10.Weighted30min Demand Gall\Dp\Weighted2.xconf
StatisticsDir: ..\..\..\..\Material\Instances\10.Weighted30min Demand Gall\Dp
Seed: 1
Additionally the following tag was passed: 1, 0.19, 1.0, 0.12, 0.627, 1.0
Adding handler for unhandled exceptions ...
Initializing ... 
Instance recognized!
Parsing setting config ...
Parsing control config ...
Parsing instance ...
StatisticsFolder: Weighted2-Dp_[[1, 0.19, 1.0]]_1_[0.12, 0.627, 1.0].csv-1
Done!
