Executing ... 
 19:20:40 | >>> Warming up ...
 00:00:00 | >>> Warmup finished - starting simulation ...
 Realtime |   ETA    |  Sim.Time  | Progress | #Orders | #Bundles | Inv. | Distance | #Coll. |   Memory    
 00:00:00 |   n/a    | 0.00:00:00 |  0.00%   |    0    |    0     | 60%  |    0     |   0    |  70.27MB  
 00:00:01 | Cannot generate further orders - suspending generation for now
 00:00:01 | Cannot generate further orders - suspending generation for now
 00:00:01 | Cannot generate further orders - suspending generation for now
 00:00:01 | Cannot generate further orders - suspending generation for now
 00:00:01 | Cannot generate further orders - suspending generation for now
 00:00:01 | Cannot generate further orders - suspending generation for now
 00:00:01 | Cannot generate further orders - suspending generation for now
 00:00:01 | Cannot generate further orders - suspending generation for now
 00:00:01 | Cannot generate further orders - suspending generation for now
 00:00:01 | Cannot generate further orders - suspending generation for now
 00:00:01 | 00:00:00 | 0.00:30:00 | 100.00%  |   468   |    0     | 15%  |   5009   |   0    |  73.13MB  
 00:00:01 | >>> Simulation finished - writing results ...
 00:00:01 | >>> Results written
Simulation finished.
>>> Timings
StatTimingPathPlanningAverage: 0.00014592337023370243
StatTimingPathPlanningOverall: 0.11863570000000007
StatTimingPathPlanningCount: 813
StatTimingTaskAllocationAverage: 0.0030304739336492886
StatTimingTaskAllocationOverall: 0.6394299999999999
StatTimingTaskAllocationCount: 211
StatTimingItemStorageAverage: 2.8207282913165224E-06
StatTimingItemStorageOverall: 0.002013999999999997
StatTimingItemStorageCount: 714
StatTimingPodStorageAverage: 0.00249960297029703
StatTimingPodStorageOverall: 0.2524599
StatTimingPodStorageCount: 101
StatTimingReplenishmentBatchingAverage: 1.145E-05
StatTimingReplenishmentBatchingOverall: 2.29E-05
StatTimingReplenishmentBatchingCount: 2
StatTimingOrderBatchingAverage: 0.00015097367021276592
StatTimingOrderBatchingOverall: 0.11353219999999997
StatTimingOrderBatchingCount: 752
>>> Overall
StatOverallBundlesPlaced: 0
StatOverallItemsOrdered: 662
StatOverallOrdersPlaced: 408
StatOverallBundlesRejected: 0
StatOverallOrdersRejected: 0
StatOverallBundlesHandled: 0
StatOverallItemsHandled: 742
StatOverallLinesHandled: 691
StatOverallOrdersHandled: 468
StatOverallCollisions: 0
StatOverallDistanceTraveled: 5008.893743064687
StatOverallDistanceEstimated: 4897
StatOverallAssignedTasks: 211
StatMaxMemoryUsed: 77,69140625
StatRealTimeUsed: 1.6078049
StatAverageTurnoverTime: 468.91181208857205
StatMedianTurnoverTime: 358.51176045807983
StatLowerQuartileTurnoverTime: 159.8244444444457
StatUpperQuartileTurnoverTime: 612.44953823586
StatAverageThroughputTime: 93.15109211654762
StatMedianThroughputTime: 21.13722222222225
StatLowerQuartileThroughputTime: 12.940555555555505
StatUpperQuartileThroughputTime: 83.05388888888876

Marked tag finished after 1 tries!
.Fin. - SUCCESS
<<< Welcome to the RAWSimO CLI >>>
The time is: 06/25/2024 19:20:42
Starting RAWSimO wrapper with the following arguments:
Instance: ..\..\..\..\Material\Instances\10.Weighted30min Demand Gall\Dp\Weighted2.xinst
Setting: ..\..\..\..\Material\Instances\10.Weighted30min Demand Gall\Dp\Weighted2.xsett
ControlConfig: ..\..\..\..\Material\Instances\10.Weighted30min Demand Gall\Dp\Weighted2.xconf
StatisticsDir: ..\..\..\..\Material\Instances\10.Weighted30min Demand Gall\Dp
Seed: 5
Additionally the following tag was passed: 1, 0.28, 1.0, 0.143, 0.507, 1.0
Adding handler for unhandled exceptions ...
Initializing ... 
Instance recognized!
Parsing setting config ...
Parsing control config ...
Parsing instance ...
StatisticsFolder: Weighted2-Dp_[[1, 0.28, 1.0]]_1_[0.143, 0.507, 1.0].csv-5
Done!
