Executing ... 
 14:00:55 | >>> Warming up ...
 00:00:00 | >>> Warmup finished - starting simulation ...
 Realtime |   ETA    |  Sim.Time  | Progress | #Orders | #Bundles | Inv. | Distance | #Coll. |   Memory    
 00:00:00 |   n/a    | 0.00:00:00 |  0.00%   |    0    |    0     | 60%  |    0     |   0    |  82.38MB  
 00:00:00 | Cannot generate further orders - suspending generation for now
 00:00:00 | Cannot generate further orders - suspending generation for now
 00:00:00 | Cannot generate further orders - suspending generation for now
 00:00:00 | Cannot generate further orders - suspending generation for now
 00:00:00 | Cannot generate further orders - suspending generation for now
 00:00:00 | Cannot generate further orders - suspending generation for now
 00:00:00 | Cannot generate further orders - suspending generation for now
 00:00:00 | Cannot generate further orders - suspending generation for now
 00:00:00 | 00:00:00 | 0.00:30:00 | 100.00%  |   433   |    0     | 21%  |   5390   |   0    |  85.47MB  
 00:00:00 | >>> Simulation finished - writing results ...
 00:00:01 | >>> Results written
Simulation finished.
>>> Timings
StatTimingPathPlanningAverage: 9.566387665198243E-05
StatTimingPathPlanningOverall: 0.08686280000000005
StatTimingPathPlanningCount: 908
StatTimingTaskAllocationAverage: 0.001522995555555557
StatTimingTaskAllocationOverall: 0.3426740000000003
StatTimingTaskAllocationCount: 225
StatTimingItemStorageAverage: 9.628930817610118E-07
StatTimingItemStorageOverall: 0.0006124000000000035
StatTimingItemStorageCount: 636
StatTimingPodStorageAverage: 0.001333302803738316
StatTimingPodStorageOverall: 0.14266339999999983
StatTimingPodStorageCount: 107
StatTimingReplenishmentBatchingAverage: 1.005E-05
StatTimingReplenishmentBatchingOverall: 2.01E-05
StatTimingReplenishmentBatchingCount: 2
StatTimingOrderBatchingAverage: 8.231650879566992E-05
StatTimingOrderBatchingOverall: 0.06083190000000007
StatTimingOrderBatchingCount: 739
>>> Overall
StatOverallBundlesPlaced: 0
StatOverallItemsOrdered: 660
StatOverallOrdersPlaced: 420
StatOverallBundlesRejected: 0
StatOverallOrdersRejected: 0
StatOverallBundlesHandled: 0
StatOverallItemsHandled: 656
StatOverallLinesHandled: 618
StatOverallOrdersHandled: 433
StatOverallCollisions: 0
StatOverallDistanceTraveled: 5390.460754227696
StatOverallDistanceEstimated: 5165
StatOverallAssignedTasks: 225
StatMaxMemoryUsed: 85,85546875
StatRealTimeUsed: 0.9622305
StatAverageTurnoverTime: 473.7534710407312
StatMedianTurnoverTime: 301.05111830403825
StatLowerQuartileTurnoverTime: 145.6500937914136
StatUpperQuartileTurnoverTime: 699.7469480409092
StatAverageThroughputTime: 103.84633115283647
StatMedianThroughputTime: 21.361666666666565
StatLowerQuartileThroughputTime: 12.815000000000055
StatUpperQuartileThroughputTime: 77.62333333333481

Marked tag finished after 1 tries!
.Fin. - SUCCESS
<<< Welcome to the RAWSimO CLI >>>
The time is: 06/07/2024 14:00:56
Starting RAWSimO wrapper with the following arguments:
Instance: ..\..\..\..\Material\Instances\0.Weighted30min Demand separate\Db\Weighted2.xinst
Setting: ..\..\..\..\Material\Instances\0.Weighted30min Demand separate\Db\Weighted2.xsett
ControlConfig: ..\..\..\..\Material\Instances\0.Weighted30min Demand separate\Db\Weighted2.xconf
StatisticsDir: ..\..\..\..\Material\Instances\0.Weighted30min Demand separate\Db
Seed: 2
Additionally the following tag was passed: [[1, 5, 3]]
Adding handler for unhandled exceptions ...
Initializing ... 
Instance recognized!
Parsing setting config ...
Parsing control config ...
Parsing instance ...
StatisticsFolder: Weighted2-Db_[[1, 5, 3]]_2.csv-2
Done!
