Executing ... 
 09:57:05 | >>> Warming up ...
 00:00:00 | >>> Warmup finished - starting simulation ...
 Realtime |   ETA    |  Sim.Time  | Progress | #Orders | #Bundles | Inv. | Distance | #Coll. |   Memory    
 00:00:00 |   n/a    | 0.00:00:00 |  0.00%   |    0    |    0     | 60%  |    0     |   0    | 108.05MB  
 00:00:00 | Cannot generate further orders - suspending generation for now
 00:00:00 | Cannot generate further orders - suspending generation for now
 00:00:00 | Cannot generate further orders - suspending generation for now
 00:00:00 | Cannot generate further orders - suspending generation for now
 00:00:00 | Cannot generate further orders - suspending generation for now
 00:00:00 | Cannot generate further orders - suspending generation for now
 00:00:00 | Cannot generate further orders - suspending generation for now
 00:00:00 | Cannot generate further orders - suspending generation for now
 00:00:00 | Cannot generate further orders - suspending generation for now
 00:00:00 | Cannot generate further orders - suspending generation for now
 00:00:00 | Cannot generate further orders - suspending generation for now
 00:00:00 | 00:00:00 | 0.00:30:00 | 100.00%  |   495   |    0     | 15%  |   4780   |   0    | 103.76MB  
 00:00:00 | >>> Simulation finished - writing results ...
 00:00:01 | >>> Results written
Simulation finished.
>>> Timings
StatTimingPathPlanningAverage: 0.00011134269406392692
StatTimingPathPlanningOverall: 0.09753619999999998
StatTimingPathPlanningCount: 876
StatTimingTaskAllocationAverage: 0.0018226845771144274
StatTimingTaskAllocationOverall: 0.3663595999999999
StatTimingTaskAllocationCount: 201
StatTimingItemStorageAverage: 8.81978319783202E-07
StatTimingItemStorageOverall: 0.0006509000000000031
StatTimingItemStorageCount: 738
StatTimingPodStorageAverage: 0.0015353187500000002
StatTimingPodStorageOverall: 0.1473906
StatTimingPodStorageCount: 96
StatTimingReplenishmentBatchingAverage: 1.6950000000000002E-05
StatTimingReplenishmentBatchingOverall: 3.3900000000000004E-05
StatTimingReplenishmentBatchingCount: 2
StatTimingOrderBatchingAverage: 8.075949999999997E-05
StatTimingOrderBatchingOverall: 0.06460759999999997
StatTimingOrderBatchingCount: 800
>>> Overall
StatOverallBundlesPlaced: 0
StatOverallItemsOrdered: 639
StatOverallOrdersPlaced: 414
StatOverallBundlesRejected: 0
StatOverallOrdersRejected: 0
StatOverallBundlesHandled: 0
StatOverallItemsHandled: 757
StatOverallLinesHandled: 718
StatOverallOrdersHandled: 495
StatOverallCollisions: 0
StatOverallDistanceTraveled: 4780.1455908864755
StatOverallDistanceEstimated: 4653
StatOverallAssignedTasks: 201
StatMaxMemoryUsed: 108,05078125
StatRealTimeUsed: 0.9792882
StatAverageTurnoverTime: 422.0984878216151
StatMedianTurnoverTime: 309.40917026313036
StatLowerQuartileTurnoverTime: 133.3626911792866
StatUpperQuartileTurnoverTime: 612.4292928262267
StatAverageThroughputTime: 92.81764587363523
StatMedianThroughputTime: 24.490649346968326
StatLowerQuartileThroughputTime: 12.820000000000391
StatUpperQuartileThroughputTime: 79.48000000000047

Marked tag finished after 1 tries!
.Fin. - SUCCESS
<<< Welcome to the RAWSimO CLI >>>
The time is: 06/13/2024 09:57:06
Starting RAWSimO wrapper with the following arguments:
Instance: ..\..\..\..\Material\Instances\0.Weighted30min Demand separate\Dd\Weighted2.xinst
Setting: ..\..\..\..\Material\Instances\0.Weighted30min Demand separate\Dd\Weighted2.xsett
ControlConfig: ..\..\..\..\Material\Instances\0.Weighted30min Demand separate\Dd\Weighted2.xconf
StatisticsDir: ..\..\..\..\Material\Instances\0.Weighted30min Demand separate\Dd
Seed: 3
Additionally the following tag was passed: 1, 0.49399999999999994, 0.21333333333333337, 0.169, 0.342, 0.8
Adding handler for unhandled exceptions ...
Initializing ... 
Instance recognized!
Parsing setting config ...
Parsing control config ...
Parsing instance ...
StatisticsFolder: Weighted2-Dd_[[1, 0.49399999999999994, 0.21333333333333337]]_1_[0.169, 0.342, 0.8].csv-3
Done!
