Executing ... 
 09:41:54 | >>> Warming up ...
 00:00:00 | >>> Warmup finished - starting simulation ...
 Realtime |   ETA    |  Sim.Time  | Progress | #Orders | #Bundles | Inv. | Distance | #Coll. |   Memory    
 00:00:00 |   n/a    | 0.00:00:00 |  0.00%   |    0    |    0     | 60%  |    0     |   0    |  84.80MB  
 00:00:01 | Cannot generate further orders - suspending generation for now
 00:00:01 | Cannot generate further orders - suspending generation for now
 00:00:01 | Cannot generate further orders - suspending generation for now
 00:00:01 | Cannot generate further orders - suspending generation for now
 00:00:01 | Cannot generate further orders - suspending generation for now
 00:00:01 | Cannot generate further orders - suspending generation for now
 00:00:01 | Cannot generate further orders - suspending generation for now
 00:00:01 | 00:00:00 | 0.00:30:00 | 100.00%  |   450   |    0     | 19%  |   5152   |   0    |  84.27MB  
 00:00:01 | >>> Simulation finished - writing results ...
 00:00:01 | >>> Results written
Simulation finished.
>>> Timings
StatTimingPathPlanningAverage: 0.00017359393939393947
StatTimingPathPlanningOverall: 0.15467220000000007
StatTimingPathPlanningCount: 891
StatTimingTaskAllocationAverage: 0.0020872846511627912
StatTimingTaskAllocationOverall: 0.4487662000000001
StatTimingTaskAllocationCount: 215
StatTimingItemStorageAverage: 1.2978978978979002E-06
StatTimingItemStorageOverall: 0.0008644000000000016
StatTimingItemStorageCount: 666
StatTimingPodStorageAverage: 0.0017658205882352949
StatTimingPodStorageOverall: 0.18011370000000007
StatTimingPodStorageCount: 102
StatTimingReplenishmentBatchingAverage: 8.25E-06
StatTimingReplenishmentBatchingOverall: 1.65E-05
StatTimingReplenishmentBatchingCount: 2
StatTimingOrderBatchingAverage: 0.00011754915032679732
StatTimingOrderBatchingOverall: 0.08992509999999995
StatTimingOrderBatchingCount: 765
>>> Overall
StatOverallBundlesPlaced: 0
StatOverallItemsOrdered: 639
StatOverallOrdersPlaced: 413
StatOverallBundlesRejected: 0
StatOverallOrdersRejected: 0
StatOverallBundlesHandled: 0
StatOverallItemsHandled: 686
StatOverallLinesHandled: 646
StatOverallOrdersHandled: 450
StatOverallCollisions: 0
StatOverallDistanceTraveled: 5151.5056260052625
StatOverallDistanceEstimated: 4929
StatOverallAssignedTasks: 215
StatMaxMemoryUsed: 86,14453125
StatRealTimeUsed: 1.3457501
StatAverageTurnoverTime: 477.6216634854065
StatMedianTurnoverTime: 337.0328715691902
StatLowerQuartileTurnoverTime: 148.08287156919073
StatUpperQuartileTurnoverTime: 679.1744516373672
StatAverageThroughputTime: 109.16161582371362
StatMedianThroughputTime: 23.649350653031547
StatLowerQuartileThroughputTime: 13.053333333333342
StatUpperQuartileThroughputTime: 93.10018758282592

Marked tag finished after 1 tries!
.Fin. - SUCCESS
<<< Welcome to the RAWSimO CLI >>>
The time is: 06/13/2024 09:41:55
Starting RAWSimO wrapper with the following arguments:
Instance: ..\..\..\..\Material\Instances\0.Weighted30min Demand separate\Db\Weighted2.xinst
Setting: ..\..\..\..\Material\Instances\0.Weighted30min Demand separate\Db\Weighted2.xsett
ControlConfig: ..\..\..\..\Material\Instances\0.Weighted30min Demand separate\Db\Weighted2.xconf
StatisticsDir: ..\..\..\..\Material\Instances\0.Weighted30min Demand separate\Db
Seed: 3
Additionally the following tag was passed: 1, 0.059, 0.059, 0.104, 0.27, 0.958
Adding handler for unhandled exceptions ...
Initializing ... 
Instance recognized!
Parsing setting config ...
Parsing control config ...
Parsing instance ...
StatisticsFolder: Weighted2-Db_[[1, 0.059, 0.059]]_1_[0.104, 0.27, 0.958].csv-3
Done!
