Executing ... 
 19:11:09 | >>> Warming up ...
 00:00:00 | >>> Warmup finished - starting simulation ...
 Realtime |   ETA    |  Sim.Time  | Progress | #Orders | #Bundles | Inv. | Distance | #Coll. |   Memory    
 00:00:00 |   n/a    | 0.00:00:00 |  0.00%   |    0    |    0     | 60%  |    0     |   0    | 112.11MB  
 00:00:00 | Cannot generate further orders - suspending generation for now
 00:00:00 | Cannot generate further orders - suspending generation for now
 00:00:00 | Cannot generate further orders - suspending generation for now
 00:00:00 | Cannot generate further orders - suspending generation for now
 00:00:00 | Cannot generate further orders - suspending generation for now
 00:00:01 | Cannot generate further orders - suspending generation for now
 00:00:01 | Cannot generate further orders - suspending generation for now
 00:00:01 | Cannot generate further orders - suspending generation for now
 00:00:01 | Cannot generate further orders - suspending generation for now
 00:00:01 | 00:00:00 | 0.00:30:00 | 100.00%  |   490   |    0     | 15%  |   5066   |   0    | 109.33MB  
 00:00:01 | >>> Simulation finished - writing results ...
 00:00:01 | >>> Results written
Simulation finished.
>>> Timings
StatTimingPathPlanningAverage: 9.275108695652169E-05
StatTimingPathPlanningOverall: 0.07679789999999996
StatTimingPathPlanningCount: 828
StatTimingTaskAllocationAverage: 0.0020076619047619043
StatTimingTaskAllocationOverall: 0.4216089999999999
StatTimingTaskAllocationCount: 210
StatTimingItemStorageAverage: 1.363853727144859E-06
StatTimingItemStorageOverall: 0.0009696999999999948
StatTimingItemStorageCount: 711
StatTimingPodStorageAverage: 0.0018354099999999998
StatTimingPodStorageOverall: 0.18354099999999998
StatTimingPodStorageCount: 100
StatTimingReplenishmentBatchingAverage: 1.0199999999999999E-05
StatTimingReplenishmentBatchingOverall: 2.0399999999999998E-05
StatTimingReplenishmentBatchingCount: 2
StatTimingOrderBatchingAverage: 9.775644329896895E-05
StatTimingOrderBatchingOverall: 0.0758589999999999
StatTimingOrderBatchingCount: 776
>>> Overall
StatOverallBundlesPlaced: 0
StatOverallItemsOrdered: 638
StatOverallOrdersPlaced: 413
StatOverallBundlesRejected: 0
StatOverallOrdersRejected: 0
StatOverallBundlesHandled: 0
StatOverallItemsHandled: 743
StatOverallLinesHandled: 708
StatOverallOrdersHandled: 490
StatOverallCollisions: 0
StatOverallDistanceTraveled: 5065.8129852760285
StatOverallDistanceEstimated: 4927
StatOverallAssignedTasks: 210
StatMaxMemoryUsed: 112,10546875
StatRealTimeUsed: 1.0884977
StatAverageTurnoverTime: 487.2358005974174
StatMedianTurnoverTime: 334.01518758282594
StatLowerQuartileTurnoverTime: 133.79787156919122
StatUpperQuartileTurnoverTime: 730.2006493469704
StatAverageThroughputTime: 85.28890166939071
StatMedianThroughputTime: 20.55666666666673
StatLowerQuartileThroughputTime: 12.8100000000004
StatUpperQuartileThroughputTime: 59.86611111111165

Marked tag finished after 1 tries!
.Fin. - SUCCESS
<<< Welcome to the RAWSimO CLI >>>
The time is: 06/12/2024 19:11:10
Starting RAWSimO wrapper with the following arguments:
Instance: ..\..\..\..\Material\Instances\0.Weighted30min Demand separate\Da\Weighted2.xinst
Setting: ..\..\..\..\Material\Instances\0.Weighted30min Demand separate\Da\Weighted2.xsett
ControlConfig: ..\..\..\..\Material\Instances\0.Weighted30min Demand separate\Da\Weighted2.xconf
StatisticsDir: ..\..\..\..\Material\Instances\0.Weighted30min Demand separate\Da
Seed: 1
Additionally the following tag was passed: [[1, 2.539, 1.039]]
Adding handler for unhandled exceptions ...
Initializing ... 
Instance recognized!
Parsing setting config ...
Parsing control config ...
Parsing instance ...
StatisticsFolder: Weighted2-Da_[[1, 2.539, 1.039]]_2.csv-1
Done!
