Executing ... 
 16:22:36 | >>> Warming up ...
 00:00:00 | >>> Warmup finished - starting simulation ...
 Realtime |   ETA    |  Sim.Time  | Progress | #Orders | #Bundles | Inv. | Distance | #Coll. |   Memory    
 00:00:00 |   n/a    | 0.00:00:00 |  0.00%   |    0    |    0     | 60%  |    0     |   0    |  91.50MB  
 00:00:01 | Cannot generate further orders - suspending generation for now
 00:00:01 | Cannot generate further orders - suspending generation for now
 00:00:01 | Cannot generate further orders - suspending generation for now
 00:00:01 | Cannot generate further orders - suspending generation for now
 00:00:01 | Cannot generate further orders - suspending generation for now
 00:00:01 | Cannot generate further orders - suspending generation for now
 00:00:01 | Cannot generate further orders - suspending generation for now
 00:00:01 | Cannot generate further orders - suspending generation for now
 00:00:01 | Cannot generate further orders - suspending generation for now
 00:00:01 | Cannot generate further orders - suspending generation for now
 00:00:01 | 00:00:00 | 0.00:30:00 | 100.00%  |   461   |    0     | 16%  |   5037   |   0    |  88.36MB  
 00:00:01 | >>> Simulation finished - writing results ...
 00:00:01 | >>> Results written
Simulation finished.
>>> Timings
StatTimingPathPlanningAverage: 0.00014379077669902902
StatTimingPathPlanningOverall: 0.11848359999999991
StatTimingPathPlanningCount: 824
StatTimingTaskAllocationAverage: 0.0031092580952380966
StatTimingTaskAllocationOverall: 0.6529442000000003
StatTimingTaskAllocationCount: 210
StatTimingItemStorageAverage: 1.5693820224719106E-06
StatTimingItemStorageOverall: 0.0011174000000000004
StatTimingItemStorageCount: 712
StatTimingPodStorageAverage: 0.0022289950980392157
StatTimingPodStorageOverall: 0.22735750000000002
StatTimingPodStorageCount: 102
StatTimingReplenishmentBatchingAverage: 9.800000000000001E-06
StatTimingReplenishmentBatchingOverall: 1.9600000000000002E-05
StatTimingReplenishmentBatchingCount: 2
StatTimingOrderBatchingAverage: 0.00014209817232375992
StatTimingOrderBatchingOverall: 0.1088472000000001
StatTimingOrderBatchingCount: 766
>>> Overall
StatOverallBundlesPlaced: 0
StatOverallItemsOrdered: 653
StatOverallOrdersPlaced: 409
StatOverallBundlesRejected: 0
StatOverallOrdersRejected: 0
StatOverallBundlesHandled: 0
StatOverallItemsHandled: 730
StatOverallLinesHandled: 691
StatOverallOrdersHandled: 461
StatOverallCollisions: 0
StatOverallDistanceTraveled: 5036.979797974637
StatOverallDistanceEstimated: 4918
StatOverallAssignedTasks: 210
StatMaxMemoryUsed: 92,49609375
StatRealTimeUsed: 1.6259979
StatAverageTurnoverTime: 474.97024058836047
StatMedianTurnoverTime: 357.50598854801046
StatLowerQuartileTurnoverTime: 165.5918542494926
StatUpperQuartileTurnoverTime: 675.3660245126199
StatAverageThroughputTime: 99.45540909387978
StatMedianThroughputTime: 23.443888888888864
StatLowerQuartileThroughputTime: 12.991760458079625
StatUpperQuartileThroughputTime: 84.56574313838092

Marked tag finished after 1 tries!
.Fin. - SUCCESS
<<< Welcome to the RAWSimO CLI >>>
The time is: 06/21/2024 16:22:38
Starting RAWSimO wrapper with the following arguments:
Instance: ..\..\..\..\Material\Instances\01.Weighted30min Demand Gall\Dr\Weighted2.xinst
Setting: ..\..\..\..\Material\Instances\01.Weighted30min Demand Gall\Dr\Weighted2.xsett
ControlConfig: ..\..\..\..\Material\Instances\01.Weighted30min Demand Gall\Dr\Weighted2.xconf
StatisticsDir: ..\..\..\..\Material\Instances\01.Weighted30min Demand Gall\Dr
Seed: 1
Additionally the following tag was passed: 1, 1.6, 1.0, 0.216, 0.143, 1.0
Adding handler for unhandled exceptions ...
Initializing ... 
Instance recognized!
Parsing setting config ...
Parsing control config ...
Parsing instance ...
StatisticsFolder: Weighted2-Dr_[[1, 1.6, 1.0]]_2_[0.216, 0.143, 1.0].csv-1
Done!
