Executing ... 
 19:11:36 | >>> Warming up ...
 00:00:00 | >>> Warmup finished - starting simulation ...
 Realtime |   ETA    |  Sim.Time  | Progress | #Orders | #Bundles | Inv. | Distance | #Coll. |   Memory    
 00:00:00 |   n/a    | 0.00:00:00 |  0.00%   |    0    |    0     | 60%  |    0     |   0    | 100.09MB  
 00:00:00 | Cannot generate further orders - suspending generation for now
 00:00:00 | Cannot generate further orders - suspending generation for now
 00:00:00 | Cannot generate further orders - suspending generation for now
 00:00:00 | Cannot generate further orders - suspending generation for now
 00:00:00 | Cannot generate further orders - suspending generation for now
 00:00:00 | Cannot generate further orders - suspending generation for now
 00:00:00 | Cannot generate further orders - suspending generation for now
 00:00:00 | Cannot generate further orders - suspending generation for now
 00:00:01 | Cannot generate further orders - suspending generation for now
 00:00:01 | 00:00:00 | 0.00:30:00 | 100.00%  |   500   |    0     | 13%  |   4848   |   0    |  96.54MB  
 00:00:01 | >>> Simulation finished - writing results ...
 00:00:01 | >>> Results written
Simulation finished.
>>> Timings
StatTimingPathPlanningAverage: 9.835012254901966E-05
StatTimingPathPlanningOverall: 0.08025370000000004
StatTimingPathPlanningCount: 816
StatTimingTaskAllocationAverage: 0.0019787197969543145
StatTimingTaskAllocationOverall: 0.3898078
StatTimingTaskAllocationCount: 197
StatTimingItemStorageAverage: 9.922563417890524E-07
StatTimingItemStorageOverall: 0.0007432000000000003
StatTimingItemStorageCount: 749
StatTimingPodStorageAverage: 0.001998675531914893
StatTimingPodStorageOverall: 0.18787549999999995
StatTimingPodStorageCount: 94
StatTimingReplenishmentBatchingAverage: 8.95E-06
StatTimingReplenishmentBatchingOverall: 1.79E-05
StatTimingReplenishmentBatchingCount: 2
StatTimingOrderBatchingAverage: 8.534132841328417E-05
StatTimingOrderBatchingOverall: 0.06938250000000003
StatTimingOrderBatchingCount: 813
>>> Overall
StatOverallBundlesPlaced: 0
StatOverallItemsOrdered: 659
StatOverallOrdersPlaced: 418
StatOverallBundlesRejected: 0
StatOverallOrdersRejected: 0
StatOverallBundlesHandled: 0
StatOverallItemsHandled: 778
StatOverallLinesHandled: 736
StatOverallOrdersHandled: 500
StatOverallCollisions: 0
StatOverallDistanceTraveled: 4848.129419996658
StatOverallDistanceEstimated: 4711
StatOverallAssignedTasks: 197
StatMaxMemoryUsed: 100,09375
StatRealTimeUsed: 1.0232427
StatAverageTurnoverTime: 484.81429873199437
StatMedianTurnoverTime: 320
StatLowerQuartileTurnoverTime: 116.5728715691904
StatUpperQuartileTurnoverTime: 742.9733333333334
StatAverageThroughputTime: 86.148116794439
StatMedianThroughputTime: 24.847316013635123
StatLowerQuartileThroughputTime: 16.692777777777906
StatUpperQuartileThroughputTime: 71.18842712474621

Marked tag finished after 1 tries!
.Fin. - SUCCESS
<<< Welcome to the RAWSimO CLI >>>
The time is: 06/12/2024 19:11:37
Starting RAWSimO wrapper with the following arguments:
Instance: ..\..\..\..\Material\Instances\0.Weighted30min Demand separate\Da\Weighted2.xinst
Setting: ..\..\..\..\Material\Instances\0.Weighted30min Demand separate\Da\Weighted2.xsett
ControlConfig: ..\..\..\..\Material\Instances\0.Weighted30min Demand separate\Da\Weighted2.xconf
StatisticsDir: ..\..\..\..\Material\Instances\0.Weighted30min Demand separate\Da
Seed: 2
Additionally the following tag was passed: [[1, 5.026, 1.039]]
Adding handler for unhandled exceptions ...
Initializing ... 
Instance recognized!
Parsing setting config ...
Parsing control config ...
Parsing instance ...
StatisticsFolder: Weighted2-Da_[[1, 5.026, 1.039]]_1.csv-2
Done!
