Executing ... 
 19:21:17 | >>> Warming up ...
 00:00:00 | >>> Warmup finished - starting simulation ...
 Realtime |   ETA    |  Sim.Time  | Progress | #Orders | #Bundles | Inv. | Distance | #Coll. |   Memory    
 00:00:00 |   n/a    | 0.00:00:00 |  0.00%   |    0    |    0     | 60%  |    0     |   0    | 104.67MB  
 00:00:00 | Cannot generate further orders - suspending generation for now
 00:00:00 | Cannot generate further orders - suspending generation for now
 00:00:00 | Cannot generate further orders - suspending generation for now
 00:00:00 | Cannot generate further orders - suspending generation for now
 00:00:00 | Cannot generate further orders - suspending generation for now
 00:00:00 | Cannot generate further orders - suspending generation for now
 00:00:00 | Cannot generate further orders - suspending generation for now
 00:00:00 | Cannot generate further orders - suspending generation for now
 00:00:00 | Cannot generate further orders - suspending generation for now
 00:00:00 | 00:00:00 | 0.00:30:00 | 100.00%  |   481   |    0     | 15%  |   4945   |   0    | 107.37MB  
 00:00:00 | >>> Simulation finished - writing results ...
 00:00:00 | >>> Results written
Simulation finished.
>>> Timings
StatTimingPathPlanningAverage: 8.159767726161372E-05
StatTimingPathPlanningOverall: 0.06674690000000003
StatTimingPathPlanningCount: 818
StatTimingTaskAllocationAverage: 0.0016663738317757
StatTimingTaskAllocationOverall: 0.3566039999999998
StatTimingTaskAllocationCount: 214
StatTimingItemStorageAverage: 9.03342618384406E-07
StatTimingItemStorageOverall: 0.0006486000000000035
StatTimingItemStorageCount: 718
StatTimingPodStorageAverage: 0.0014396155339805828
StatTimingPodStorageOverall: 0.14828040000000003
StatTimingPodStorageCount: 103
StatTimingReplenishmentBatchingAverage: 7.75E-06
StatTimingReplenishmentBatchingOverall: 1.55E-05
StatTimingReplenishmentBatchingCount: 2
StatTimingOrderBatchingAverage: 8.14664981036663E-05
StatTimingOrderBatchingOverall: 0.06444000000000004
StatTimingOrderBatchingCount: 791
>>> Overall
StatOverallBundlesPlaced: 0
StatOverallItemsOrdered: 666
StatOverallOrdersPlaced: 416
StatOverallBundlesRejected: 0
StatOverallOrdersRejected: 0
StatOverallBundlesHandled: 0
StatOverallItemsHandled: 741
StatOverallLinesHandled: 702
StatOverallOrdersHandled: 481
StatOverallCollisions: 0
StatOverallDistanceTraveled: 4944.810549437834
StatOverallDistanceEstimated: 4796
StatOverallAssignedTasks: 214
StatMaxMemoryUsed: 109,69140625
StatRealTimeUsed: 0.9262358
StatAverageTurnoverTime: 471.16497872732367
StatMedianTurnoverTime: 320.56444444444514
StatLowerQuartileTurnoverTime: 152.75120490252397
StatUpperQuartileTurnoverTime: 675.4366666666689
StatAverageThroughputTime: 93.86345261307773
StatMedianThroughputTime: 27.231666666666683
StatLowerQuartileThroughputTime: 16.104444444444653
StatUpperQuartileThroughputTime: 89.65157287525403

Marked tag finished after 1 tries!
.Fin. - SUCCESS
<<< Welcome to the RAWSimO CLI >>>
The time is: 06/25/2024 19:21:18
Starting RAWSimO wrapper with the following arguments:
Instance: ..\..\..\..\Material\Instances\10.Weighted30min Demand Gall\Dp\Weighted2.xinst
Setting: ..\..\..\..\Material\Instances\10.Weighted30min Demand Gall\Dp\Weighted2.xsett
ControlConfig: ..\..\..\..\Material\Instances\10.Weighted30min Demand Gall\Dp\Weighted2.xconf
StatisticsDir: ..\..\..\..\Material\Instances\10.Weighted30min Demand Gall\Dp
Seed: 4
Additionally the following tag was passed: 1, 0.37, 1.0, 0.158, 0.427, 1.0
Adding handler for unhandled exceptions ...
Initializing ... 
Instance recognized!
Parsing setting config ...
Parsing control config ...
Parsing instance ...
StatisticsFolder: Weighted2-Dp_[[1, 0.37, 1.0]]_3_[0.158, 0.427, 1.0].csv-4
Done!
