Executing ... 
 13:46:08 | >>> Warming up ...
 00:00:00 | >>> Warmup finished - starting simulation ...
 Realtime |   ETA    |  Sim.Time  | Progress | #Orders | #Bundles | Inv. | Distance | #Coll. |   Memory    
 00:00:00 |   n/a    | 0.00:00:00 |  0.00%   |    0    |    0     | 60%  |    0     |   0    | 107.38MB  
 00:00:00 | Cannot generate further orders - suspending generation for now
 00:00:00 | Cannot generate further orders - suspending generation for now
 00:00:00 | Cannot generate further orders - suspending generation for now
 00:00:00 | Cannot generate further orders - suspending generation for now
 00:00:00 | Cannot generate further orders - suspending generation for now
 00:00:01 | Cannot generate further orders - suspending generation for now
 00:00:01 | Cannot generate further orders - suspending generation for now
 00:00:01 | Cannot generate further orders - suspending generation for now
 00:00:01 | Cannot generate further orders - suspending generation for now
 00:00:01 | Cannot generate further orders - suspending generation for now
 00:00:01 | Cannot generate further orders - suspending generation for now
 00:00:01 | 00:00:00 | 0.00:30:00 | 100.00%  |   512   |    0     | 11%  |   4932   |   0    | 109.71MB  
 00:00:01 | >>> Simulation finished - writing results ...
 00:00:01 | >>> Results written
Simulation finished.
>>> Timings
StatTimingPathPlanningAverage: 0.00012101602409638538
StatTimingPathPlanningOverall: 0.10044329999999986
StatTimingPathPlanningCount: 830
StatTimingTaskAllocationAverage: 0.0022776274999999997
StatTimingTaskAllocationOverall: 0.45552549999999997
StatTimingTaskAllocationCount: 200
StatTimingItemStorageAverage: 1.179093198992442E-06
StatTimingItemStorageOverall: 0.000936199999999999
StatTimingItemStorageCount: 794
StatTimingPodStorageAverage: 0.001975413684210527
StatTimingPodStorageOverall: 0.18766430000000006
StatTimingPodStorageCount: 95
StatTimingReplenishmentBatchingAverage: 8.55E-06
StatTimingReplenishmentBatchingOverall: 1.71E-05
StatTimingReplenishmentBatchingCount: 2
StatTimingOrderBatchingAverage: 9.946284680337759E-05
StatTimingOrderBatchingOverall: 0.08245470000000002
StatTimingOrderBatchingCount: 829
>>> Overall
StatOverallBundlesPlaced: 0
StatOverallItemsOrdered: 657
StatOverallOrdersPlaced: 417
StatOverallBundlesRejected: 0
StatOverallOrdersRejected: 0
StatOverallBundlesHandled: 0
StatOverallItemsHandled: 809
StatOverallLinesHandled: 766
StatOverallOrdersHandled: 512
StatOverallCollisions: 0
StatOverallDistanceTraveled: 4932.134521791491
StatOverallDistanceEstimated: 4836
StatOverallAssignedTasks: 200
StatMaxMemoryUsed: 110,55078125
StatRealTimeUsed: 1.1735099
StatAverageTurnoverTime: 447.27575906376114
StatMedianTurnoverTime: 296.51852091615865
StatLowerQuartileTurnoverTime: 122.3567604580797
StatUpperQuartileTurnoverTime: 673.4093578459605
StatAverageThroughputTime: 89.03427179030426
StatMedianThroughputTime: 28.416666666666657
StatLowerQuartileThroughputTime: 16.527222222222235
StatUpperQuartileThroughputTime: 77.67907647171535

Marked tag finished after 1 tries!
.Fin. - SUCCESS
<<< Welcome to the RAWSimO CLI >>>
The time is: 06/07/2024 13:46:09
Starting RAWSimO wrapper with the following arguments:
Instance: ..\..\..\..\Material\Instances\0.Weighted30min Demand separate\Dd\Weighted2.xinst
Setting: ..\..\..\..\Material\Instances\0.Weighted30min Demand separate\Dd\Weighted2.xsett
ControlConfig: ..\..\..\..\Material\Instances\0.Weighted30min Demand separate\Dd\Weighted2.xconf
StatisticsDir: ..\..\..\..\Material\Instances\0.Weighted30min Demand separate\Dd
Seed: 2
Additionally the following tag was passed: [[1, 3, 1]]
Adding handler for unhandled exceptions ...
Initializing ... 
Instance recognized!
Parsing setting config ...
Parsing control config ...
Parsing instance ...
StatisticsFolder: Weighted2-Dd_[[1, 3, 1]]_2.csv-2
Done!
