Executing ... 
 15:39:10 | >>> Warming up ...
 00:00:00 | >>> Warmup finished - starting simulation ...
 Realtime |   ETA    |  Sim.Time  | Progress | #Orders | #Bundles | Inv. | Distance | #Coll. |   Memory    
 00:00:00 |   n/a    | 0.00:00:00 |  0.00%   |    0    |    0     | 83%  |    0     |   0    |  73.78MB  
 00:00:00 | Reactivating bundle generation paused by inventory+reserved+backlog level (currently at: 0.6491666666666667)
 00:00:00 | 00:00:00 | 0.00:30:00 | 100.00%  |   340   |    0     | 40%  |   3668   |   0    |  62.38MB  
 00:00:00 | >>> Simulation finished - writing results ...
 00:00:00 | >>> Results written
Simulation finished.
>>> Timings
StatTimingPathPlanningAverage: 7.769012875536478E-05
StatTimingPathPlanningOverall: 0.05430539999999998
StatTimingPathPlanningCount: 699
StatTimingTaskAllocationAverage: 0.001227575568181819
StatTimingTaskAllocationOverall: 0.21605330000000011
StatTimingTaskAllocationCount: 176
StatTimingItemStorageAverage: 1.2337209302325561E-06
StatTimingItemStorageOverall: 0.000636599999999999
StatTimingItemStorageCount: 516
StatTimingPodStorageAverage: 0.0010645974999999995
StatTimingPodStorageOverall: 0.08516779999999996
StatTimingPodStorageCount: 80
StatTimingReplenishmentBatchingAverage: 9.325000000000001E-06
StatTimingReplenishmentBatchingOverall: 3.7300000000000005E-05
StatTimingReplenishmentBatchingCount: 4
StatTimingOrderBatchingAverage: 0.0001365006557377049
StatTimingOrderBatchingOverall: 0.08326539999999999
StatTimingOrderBatchingCount: 610
>>> Overall
StatOverallBundlesPlaced: 180
StatOverallItemsOrdered: 600
StatOverallOrdersPlaced: 375
StatOverallBundlesRejected: 0
StatOverallOrdersRejected: 0
StatOverallBundlesHandled: 0
StatOverallItemsHandled: 521
StatOverallLinesHandled: 489
StatOverallOrdersHandled: 340
StatOverallCollisions: 0
StatOverallDistanceTraveled: 3667.839287974787
StatOverallDistanceEstimated: 3565
StatOverallAssignedTasks: 176
StatMaxMemoryUsed: 75,1796875
StatRealTimeUsed: 0.8587598
StatAverageTurnoverTime: 585.5527153859277
StatMedianTurnoverTime: 469.4398196100956
StatLowerQuartileTurnoverTime: 224.19629869393685
StatUpperQuartileTurnoverTime: 866.4902741813181
StatAverageThroughputTime: 139.4446422626411
StatMedianThroughputTime: 60.7316666666668
StatLowerQuartileThroughputTime: 40.424999999999784
StatUpperQuartileThroughputTime: 162.0868542494922

Marked tag finished after 1 tries!
.Fin. - SUCCESS
<<< Welcome to the RAWSimO CLI >>>
The time is: 06/03/2024 15:39:11
Starting RAWSimO wrapper with the following arguments:
Instance: ..\..\..\..\Material\Instances\0.Weighted30min\WeightedScenario.xinst
Setting: ..\..\..\..\Material\Instances\0.Weighted30min\WeightedScenario.xsett
ControlConfig: ..\..\..\..\Material\Instances\0.Weighted30min\WeightedScenario.xconf
StatisticsDir: ..\..\..\..\Material\Instances\0.Weighted30min
Seed: 2
Additionally the following tag was passed: Dbwlow
Adding handler for unhandled exceptions ...
Initializing ... 
Instance recognized!
Parsing setting config ...
Parsing control config ...
Parsing instance ...
StatisticsFolder: WeightedScenario-Db_wlow_2.csv-2
Done!
