Executing ... 
 19:09:56 | >>> Warming up ...
 00:00:00 | >>> Warmup finished - starting simulation ...
 Realtime |   ETA    |  Sim.Time  | Progress | #Orders | #Bundles | Inv. | Distance | #Coll. |   Memory    
 00:00:00 |   n/a    | 0.00:00:00 |  0.00%   |    0    |    0     | 60%  |    0     |   0    | 111.43MB  
 00:00:00 | Cannot generate further orders - suspending generation for now
 00:00:00 | Cannot generate further orders - suspending generation for now
 00:00:00 | Cannot generate further orders - suspending generation for now
 00:00:00 | Cannot generate further orders - suspending generation for now
 00:00:00 | Cannot generate further orders - suspending generation for now
 00:00:00 | Cannot generate further orders - suspending generation for now
 00:00:00 | Cannot generate further orders - suspending generation for now
 00:00:00 | Cannot generate further orders - suspending generation for now
 00:00:00 | Cannot generate further orders - suspending generation for now
 00:00:01 | 00:00:00 | 0.00:30:00 | 100.00%  |   458   |    0     | 18%  |   5180   |   0    | 108.51MB  
 00:00:01 | >>> Simulation finished - writing results ...
 00:00:01 | >>> Results written
Simulation finished.
>>> Timings
StatTimingPathPlanningAverage: 9.63970657276994E-05
StatTimingPathPlanningOverall: 0.08213029999999989
StatTimingPathPlanningCount: 852
StatTimingTaskAllocationAverage: 0.001748972727272729
StatTimingTaskAllocationOverall: 0.38477400000000034
StatTimingTaskAllocationCount: 220
StatTimingItemStorageAverage: 9.985228951255584E-07
StatTimingItemStorageOverall: 0.0006760000000000031
StatTimingItemStorageCount: 677
StatTimingPodStorageAverage: 0.0015023160377358499
StatTimingPodStorageOverall: 0.1592455000000001
StatTimingPodStorageCount: 106
StatTimingReplenishmentBatchingAverage: 1.23E-05
StatTimingReplenishmentBatchingOverall: 2.46E-05
StatTimingReplenishmentBatchingCount: 2
StatTimingOrderBatchingAverage: 8.539479999999994E-05
StatTimingOrderBatchingOverall: 0.06404609999999995
StatTimingOrderBatchingCount: 750
>>> Overall
StatOverallBundlesPlaced: 0
StatOverallItemsOrdered: 667
StatOverallOrdersPlaced: 425
StatOverallBundlesRejected: 0
StatOverallOrdersRejected: 0
StatOverallBundlesHandled: 0
StatOverallItemsHandled: 702
StatOverallLinesHandled: 661
StatOverallOrdersHandled: 458
StatOverallCollisions: 0
StatOverallDistanceTraveled: 5180.348460019927
StatOverallDistanceEstimated: 5057
StatOverallAssignedTasks: 220
StatMaxMemoryUsed: 111,171875
StatRealTimeUsed: 1.0153764
StatAverageTurnoverTime: 433.4933952907633
StatMedianTurnoverTime: 224.58666666667
StatLowerQuartileTurnoverTime: 100.36055555555562
StatUpperQuartileTurnoverTime: 614.129725818683
StatAverageThroughputTime: 95.40322753693361
StatMedianThroughputTime: 20.42176045807969
StatLowerQuartileThroughputTime: 12.681666666666615
StatUpperQuartileThroughputTime: 74.42268398636475

Marked tag finished after 1 tries!
.Fin. - SUCCESS
<<< Welcome to the RAWSimO CLI >>>
The time is: 06/12/2024 19:09:57
Starting RAWSimO wrapper with the following arguments:
Instance: ..\..\..\..\Material\Instances\0.Weighted30min Demand separate\Da\Weighted2.xinst
Setting: ..\..\..\..\Material\Instances\0.Weighted30min Demand separate\Da\Weighted2.xsett
ControlConfig: ..\..\..\..\Material\Instances\0.Weighted30min Demand separate\Da\Weighted2.xconf
StatisticsDir: ..\..\..\..\Material\Instances\0.Weighted30min Demand separate\Da
Seed: 2
Additionally the following tag was passed: [[1, 0.052, 0.7922499999999999]]
Adding handler for unhandled exceptions ...
Initializing ... 
Instance recognized!
Parsing setting config ...
Parsing control config ...
Parsing instance ...
StatisticsFolder: Weighted2-Da_[[1, 0.052, 0.7922499999999999]]_1.csv-2
Done!
