Executing ... 
 16:22:01 | >>> Warming up ...
 00:00:00 | >>> Warmup finished - starting simulation ...
 Realtime |   ETA    |  Sim.Time  | Progress | #Orders | #Bundles | Inv. | Distance | #Coll. |   Memory    
 00:00:00 |   n/a    | 0.00:00:00 |  0.00%   |    0    |    0     | 60%  |    0     |   0    |  90.63MB  
 00:00:01 | Cannot generate further orders - suspending generation for now
 00:00:01 | Cannot generate further orders - suspending generation for now
 00:00:01 | Cannot generate further orders - suspending generation for now
 00:00:01 | Cannot generate further orders - suspending generation for now
 00:00:01 | Cannot generate further orders - suspending generation for now
 00:00:01 | Cannot generate further orders - suspending generation for now
 00:00:01 | Cannot generate further orders - suspending generation for now
 00:00:01 | Cannot generate further orders - suspending generation for now
 00:00:01 | Cannot generate further orders - suspending generation for now
 00:00:01 | 00:00:00 | 0.00:30:00 | 100.00%  |   479   |    0     | 16%  |   5212   |   0    |  88.90MB  
 00:00:01 | >>> Simulation finished - writing results ...
 00:00:01 | >>> Results written
Simulation finished.
>>> Timings
StatTimingPathPlanningAverage: 0.00014917818396226412
StatTimingPathPlanningOverall: 0.12650309999999998
StatTimingPathPlanningCount: 848
StatTimingTaskAllocationAverage: 0.0026984497652582174
StatTimingTaskAllocationOverall: 0.5747698000000003
StatTimingTaskAllocationCount: 213
StatTimingItemStorageAverage: 1.382614742698192E-06
StatTimingItemStorageOverall: 0.0009941
StatTimingItemStorageCount: 719
StatTimingPodStorageAverage: 0.0022521601941747587
StatTimingPodStorageOverall: 0.23197250000000014
StatTimingPodStorageCount: 103
StatTimingReplenishmentBatchingAverage: 9.75E-06
StatTimingReplenishmentBatchingOverall: 1.95E-05
StatTimingReplenishmentBatchingCount: 2
StatTimingOrderBatchingAverage: 0.00014238190830235417
StatTimingOrderBatchingOverall: 0.11490219999999982
StatTimingOrderBatchingCount: 807
>>> Overall
StatOverallBundlesPlaced: 0
StatOverallItemsOrdered: 660
StatOverallOrdersPlaced: 428
StatOverallBundlesRejected: 0
StatOverallOrdersRejected: 0
StatOverallBundlesHandled: 0
StatOverallItemsHandled: 732
StatOverallLinesHandled: 691
StatOverallOrdersHandled: 479
StatOverallCollisions: 0
StatOverallDistanceTraveled: 5212.369448040894
StatOverallDistanceEstimated: 4967
StatOverallAssignedTasks: 213
StatMaxMemoryUsed: 90,62890625
StatRealTimeUsed: 1.4139189
StatAverageTurnoverTime: 480.8496709195
StatMedianTurnoverTime: 338.1216666666665
StatLowerQuartileTurnoverTime: 155.6894444444445
StatUpperQuartileTurnoverTime: 662.1563924853532
StatAverageThroughputTime: 98.54877811644205
StatMedianThroughputTime: 24.99842712474674
StatLowerQuartileThroughputTime: 16.500555555555593
StatUpperQuartileThroughputTime: 90.84166666666658

Marked tag finished after 1 tries!
.Fin. - SUCCESS
<<< Welcome to the RAWSimO CLI >>>
The time is: 06/21/2024 16:22:03
Starting RAWSimO wrapper with the following arguments:
Instance: ..\..\..\..\Material\Instances\01.Weighted30min Demand Gall\Dr\Weighted2.xinst
Setting: ..\..\..\..\Material\Instances\01.Weighted30min Demand Gall\Dr\Weighted2.xsett
ControlConfig: ..\..\..\..\Material\Instances\01.Weighted30min Demand Gall\Dr\Weighted2.xconf
StatisticsDir: ..\..\..\..\Material\Instances\01.Weighted30min Demand Gall\Dr
Seed: 3
Additionally the following tag was passed: 1, 1.1457142857142857, 1.0, 0.205, 0.181, 1.0
Adding handler for unhandled exceptions ...
Initializing ... 
Instance recognized!
Parsing setting config ...
Parsing control config ...
Parsing instance ...
StatisticsFolder: Weighted2-Dr_[[1, 1.1457142857142857, 1.0]]_1_[0.205, 0.181, 1.0].csv-3
Done!
