Executing ... 
 09:41:38 | >>> Warming up ...
 00:00:00 | >>> Warmup finished - starting simulation ...
 Realtime |   ETA    |  Sim.Time  | Progress | #Orders | #Bundles | Inv. | Distance | #Coll. |   Memory    
 00:00:00 |   n/a    | 0.00:00:00 |  0.00%   |    0    |    0     | 60%  |    0     |   0    |  79.14MB  
 00:00:00 | Cannot generate further orders - suspending generation for now
 00:00:00 | Cannot generate further orders - suspending generation for now
 00:00:00 | Cannot generate further orders - suspending generation for now
 00:00:00 | Cannot generate further orders - suspending generation for now
 00:00:01 | Cannot generate further orders - suspending generation for now
 00:00:01 | Cannot generate further orders - suspending generation for now
 00:00:01 | Cannot generate further orders - suspending generation for now
 00:00:01 | Cannot generate further orders - suspending generation for now
 00:00:01 | Cannot generate further orders - suspending generation for now
 00:00:01 | Cannot generate further orders - suspending generation for now
 00:00:01 | 00:00:00 | 0.00:30:00 | 100.00%  |   505   |    0     | 14%  |   5047   |   0    |  77.34MB  
 00:00:01 | >>> Simulation finished - writing results ...
 00:00:01 | >>> Results written
Simulation finished.
>>> Timings
StatTimingPathPlanningAverage: 0.00010704981226533175
StatTimingPathPlanningOverall: 0.08553280000000006
StatTimingPathPlanningCount: 799
StatTimingTaskAllocationAverage: 0.001998612380952381
StatTimingTaskAllocationOverall: 0.4197086
StatTimingTaskAllocationCount: 210
StatTimingItemStorageAverage: 1.4017356475300365E-06
StatTimingItemStorageOverall: 0.0010498999999999973
StatTimingItemStorageCount: 749
StatTimingPodStorageAverage: 0.0018056460000000008
StatTimingPodStorageOverall: 0.18056460000000008
StatTimingPodStorageCount: 100
StatTimingReplenishmentBatchingAverage: 1.245E-05
StatTimingReplenishmentBatchingOverall: 2.49E-05
StatTimingReplenishmentBatchingCount: 2
StatTimingOrderBatchingAverage: 0.0001006451371571071
StatTimingOrderBatchingOverall: 0.0807173999999999
StatTimingOrderBatchingCount: 802
>>> Overall
StatOverallBundlesPlaced: 0
StatOverallItemsOrdered: 659
StatOverallOrdersPlaced: 431
StatOverallBundlesRejected: 0
StatOverallOrdersRejected: 0
StatOverallBundlesHandled: 0
StatOverallItemsHandled: 764
StatOverallLinesHandled: 724
StatOverallOrdersHandled: 505
StatOverallCollisions: 0
StatOverallDistanceTraveled: 5046.779999999999
StatOverallDistanceEstimated: 4869
StatOverallAssignedTasks: 210
StatMaxMemoryUsed: 81,04296875
StatRealTimeUsed: 1.1825578
StatAverageTurnoverTime: 468.12626729095035
StatMedianTurnoverTime: 271.9309307212079
StatLowerQuartileTurnoverTime: 94.986111111112
StatUpperQuartileTurnoverTime: 680
StatAverageThroughputTime: 83.31872740061193
StatMedianThroughputTime: 25.26888888888891
StatLowerQuartileThroughputTime: 16.006111111111125
StatUpperQuartileThroughputTime: 68.1698124171744

Marked tag finished after 1 tries!
.Fin. - SUCCESS
<<< Welcome to the RAWSimO CLI >>>
The time is: 06/13/2024 09:41:40
Starting RAWSimO wrapper with the following arguments:
Instance: ..\..\..\..\Material\Instances\0.Weighted30min Demand separate\Da\Weighted2.xinst
Setting: ..\..\..\..\Material\Instances\0.Weighted30min Demand separate\Da\Weighted2.xsett
ControlConfig: ..\..\..\..\Material\Instances\0.Weighted30min Demand separate\Da\Weighted2.xconf
StatisticsDir: ..\..\..\..\Material\Instances\0.Weighted30min Demand separate\Da
Seed: 3
Additionally the following tag was passed: 1, 8.0104, 1.039, 0.259, 0.1, 0.25
Adding handler for unhandled exceptions ...
Initializing ... 
Instance recognized!
Parsing setting config ...
Parsing control config ...
Parsing instance ...
StatisticsFolder: Weighted2-Da_[[1, 8.0104, 1.039]]_1_[0.259, 0.1, 0.25].csv-3
Done!
