Executing ... 
 10:02:13 | >>> Warming up ...
 00:00:00 | >>> Warmup finished - starting simulation ...
 Realtime |   ETA    |  Sim.Time  | Progress | #Orders | #Bundles | Inv. | Distance | #Coll. |   Memory    
 00:00:00 |   n/a    | 0.00:00:00 |  0.00%   |    0    |    0     | 60%  |    0     |   0    | 114.69MB  
 00:00:00 | Cannot generate further orders - suspending generation for now
 00:00:00 | Cannot generate further orders - suspending generation for now
 00:00:00 | Cannot generate further orders - suspending generation for now
 00:00:00 | Cannot generate further orders - suspending generation for now
 00:00:01 | Cannot generate further orders - suspending generation for now
 00:00:01 | Cannot generate further orders - suspending generation for now
 00:00:01 | Cannot generate further orders - suspending generation for now
 00:00:01 | Cannot generate further orders - suspending generation for now
 00:00:01 | Cannot generate further orders - suspending generation for now
 00:00:01 | Cannot generate further orders - suspending generation for now
 00:00:01 | Cannot generate further orders - suspending generation for now
 00:00:01 | Cannot generate further orders - suspending generation for now
 00:00:01 | 00:00:00 | 0.00:30:00 | 100.00%  |   506   |    0     | 12%  |   4826   |   0    | 111.86MB  
 00:00:01 | >>> Simulation finished - writing results ...
 00:00:01 | >>> Results written
Simulation finished.
>>> Timings
StatTimingPathPlanningAverage: 0.0001238415117719951
StatTimingPathPlanningOverall: 0.09994010000000006
StatTimingPathPlanningCount: 807
StatTimingTaskAllocationAverage: 0.0024470801980198023
StatTimingTaskAllocationOverall: 0.49431020000000003
StatTimingTaskAllocationCount: 202
StatTimingItemStorageAverage: 1.092015706806283E-06
StatTimingItemStorageOverall: 0.0008343000000000002
StatTimingItemStorageCount: 764
StatTimingPodStorageAverage: 0.0017885364583333323
StatTimingPodStorageOverall: 0.1716994999999999
StatTimingPodStorageCount: 96
StatTimingReplenishmentBatchingAverage: 7.9E-06
StatTimingReplenishmentBatchingOverall: 1.58E-05
StatTimingReplenishmentBatchingCount: 2
StatTimingOrderBatchingAverage: 0.0001083370417193427
StatTimingOrderBatchingOverall: 0.08569460000000008
StatTimingOrderBatchingCount: 791
>>> Overall
StatOverallBundlesPlaced: 0
StatOverallItemsOrdered: 664
StatOverallOrdersPlaced: 417
StatOverallBundlesRejected: 0
StatOverallOrdersRejected: 0
StatOverallBundlesHandled: 0
StatOverallItemsHandled: 793
StatOverallLinesHandled: 752
StatOverallOrdersHandled: 506
StatOverallCollisions: 0
StatOverallDistanceTraveled: 4826.058814049739
StatOverallDistanceEstimated: 4715
StatOverallAssignedTasks: 202
StatMaxMemoryUsed: 114,6875
StatRealTimeUsed: 1.2322493
StatAverageTurnoverTime: 435.25898625897594
StatMedianTurnoverTime: 338.2034271247462
StatLowerQuartileTurnoverTime: 148.7905555555568
StatUpperQuartileTurnoverTime: 601.1608297368742
StatAverageThroughputTime: 88.64088821535216
StatMedianThroughputTime: 31.315555555555534
StatLowerQuartileThroughputTime: 20.058888888888816
StatUpperQuartileThroughputTime: 86.72055555555562

Marked tag finished after 1 tries!
.Fin. - SUCCESS
<<< Welcome to the RAWSimO CLI >>>
The time is: 06/13/2024 10:02:14
Starting RAWSimO wrapper with the following arguments:
Instance: ..\..\..\..\Material\Instances\0.Weighted30min Demand separate\Df\Weighted2.xinst
Setting: ..\..\..\..\Material\Instances\0.Weighted30min Demand separate\Df\Weighted2.xsett
ControlConfig: ..\..\..\..\Material\Instances\0.Weighted30min Demand separate\Df\Weighted2.xconf
StatisticsDir: ..\..\..\..\Material\Instances\0.Weighted30min Demand separate\Df
Seed: 1
Additionally the following tag was passed: 1, 0.33333333333333337, 0.068, 0.178, 0.538, 1.0
Adding handler for unhandled exceptions ...
Initializing ... 
Instance recognized!
Parsing setting config ...
Parsing control config ...
Parsing instance ...
StatisticsFolder: Weighted2-Df_[[1, 0.33333333333333337, 0.068]]_3_[0.178, 0.538, 1.0].csv-1
Done!
