Executing ... 
 09:58:57 | >>> Warming up ...
 00:00:00 | >>> Warmup finished - starting simulation ...
 Realtime |   ETA    |  Sim.Time  | Progress | #Orders | #Bundles | Inv. | Distance | #Coll. |   Memory    
 00:00:00 |   n/a    | 0.00:00:00 |  0.00%   |    0    |    0     | 60%  |    0     |   0    | 108.54MB  
 00:00:00 | Cannot generate further orders - suspending generation for now
 00:00:00 | Cannot generate further orders - suspending generation for now
 00:00:00 | Cannot generate further orders - suspending generation for now
 00:00:00 | Cannot generate further orders - suspending generation for now
 00:00:00 | Cannot generate further orders - suspending generation for now
 00:00:01 | Cannot generate further orders - suspending generation for now
 00:00:01 | Cannot generate further orders - suspending generation for now
 00:00:01 | Cannot generate further orders - suspending generation for now
 00:00:01 | Cannot generate further orders - suspending generation for now
 00:00:01 | Cannot generate further orders - suspending generation for now
 00:00:01 | Cannot generate further orders - suspending generation for now
 00:00:01 | Cannot generate further orders - suspending generation for now
 00:00:01 | Cannot generate further orders - suspending generation for now
 00:00:01 | 00:00:00 | 0.00:30:00 | 100.00%  |   501   |    0     | 12%  |   4932   |   0    | 104.38MB  
 00:00:01 | >>> Simulation finished - writing results ...
 00:00:01 | >>> Results written
Simulation finished.
>>> Timings
StatTimingPathPlanningAverage: 9.782441140024784E-05
StatTimingPathPlanningOverall: 0.07894430000000001
StatTimingPathPlanningCount: 807
StatTimingTaskAllocationAverage: 0.0023927946078431362
StatTimingTaskAllocationOverall: 0.4881300999999998
StatTimingTaskAllocationCount: 204
StatTimingItemStorageAverage: 1.0473616473616475E-06
StatTimingItemStorageOverall: 0.0008138000000000002
StatTimingItemStorageCount: 777
StatTimingPodStorageAverage: 0.002107768367346939
StatTimingPodStorageOverall: 0.20656130000000003
StatTimingPodStorageCount: 98
StatTimingReplenishmentBatchingAverage: 8.1E-06
StatTimingReplenishmentBatchingOverall: 1.62E-05
StatTimingReplenishmentBatchingCount: 2
StatTimingOrderBatchingAverage: 0.00010603426042983569
StatTimingOrderBatchingOverall: 0.08387310000000003
StatTimingOrderBatchingCount: 791
>>> Overall
StatOverallBundlesPlaced: 0
StatOverallItemsOrdered: 662
StatOverallOrdersPlaced: 416
StatOverallBundlesRejected: 0
StatOverallOrdersRejected: 0
StatOverallBundlesHandled: 0
StatOverallItemsHandled: 800
StatOverallLinesHandled: 758
StatOverallOrdersHandled: 501
StatOverallCollisions: 0
StatOverallDistanceTraveled: 4931.58585491206
StatOverallDistanceEstimated: 4758
StatOverallAssignedTasks: 204
StatMaxMemoryUsed: 109,8125
StatRealTimeUsed: 1.1881538
StatAverageTurnoverTime: 460.6585616826115
StatMedianTurnoverTime: 339.918614707572
StatLowerQuartileTurnoverTime: 152.4372222222231
StatUpperQuartileTurnoverTime: 670.0498846298298
StatAverageThroughputTime: 86.31296243118382
StatMedianThroughputTime: 28.311666666666838
StatLowerQuartileThroughputTime: 16.97444444444477
StatUpperQuartileThroughputTime: 80.42

Marked tag finished after 1 tries!
.Fin. - SUCCESS
<<< Welcome to the RAWSimO CLI >>>
The time is: 06/13/2024 09:58:58
Starting RAWSimO wrapper with the following arguments:
Instance: ..\..\..\..\Material\Instances\0.Weighted30min Demand separate\Dd\Weighted2.xinst
Setting: ..\..\..\..\Material\Instances\0.Weighted30min Demand separate\Dd\Weighted2.xsett
ControlConfig: ..\..\..\..\Material\Instances\0.Weighted30min Demand separate\Dd\Weighted2.xconf
StatisticsDir: ..\..\..\..\Material\Instances\0.Weighted30min Demand separate\Dd
Seed: 1
Additionally the following tag was passed: 1, 0.79, 0.3766666666666667, 0.198, 0.333, 0.525
Adding handler for unhandled exceptions ...
Initializing ... 
Instance recognized!
Parsing setting config ...
Parsing control config ...
Parsing instance ...
StatisticsFolder: Weighted2-Dd_[[1, 0.79, 0.3766666666666667]]_3_[0.198, 0.333, 0.525].csv-1
Done!
