Executing ... 
 09:54:18 | >>> Warming up ...
 00:00:00 | >>> Warmup finished - starting simulation ...
 Realtime |   ETA    |  Sim.Time  | Progress | #Orders | #Bundles | Inv. | Distance | #Coll. |   Memory    
 00:00:00 |   n/a    | 0.00:00:00 |  0.00%   |    0    |    0     | 60%  |    0     |   0    |  98.36MB  
 00:00:01 | Cannot generate further orders - suspending generation for now
 00:00:01 | Cannot generate further orders - suspending generation for now
 00:00:01 | Cannot generate further orders - suspending generation for now
 00:00:01 | Cannot generate further orders - suspending generation for now
 00:00:01 | Cannot generate further orders - suspending generation for now
 00:00:01 | Cannot generate further orders - suspending generation for now
 00:00:01 | Cannot generate further orders - suspending generation for now
 00:00:01 | Cannot generate further orders - suspending generation for now
 00:00:01 | 00:00:00 | 0.00:30:00 | 100.00%  |   463   |    0     | 18%  |   5301   |   0    |  92.53MB  
 00:00:01 | >>> Simulation finished - writing results ...
 00:00:02 | >>> Results written
Simulation finished.
>>> Timings
StatTimingPathPlanningAverage: 0.00018132074159907268
StatTimingPathPlanningOverall: 0.15647979999999972
StatTimingPathPlanningCount: 863
StatTimingTaskAllocationAverage: 0.003374940090090089
StatTimingTaskAllocationOverall: 0.7492366999999998
StatTimingTaskAllocationCount: 222
StatTimingItemStorageAverage: 2.38335787923417E-06
StatTimingItemStorageOverall: 0.0016183000000000013
StatTimingItemStorageCount: 679
StatTimingPodStorageAverage: 0.00282186542056075
StatTimingPodStorageOverall: 0.30193960000000025
StatTimingPodStorageCount: 107
StatTimingReplenishmentBatchingAverage: 1.27E-05
StatTimingReplenishmentBatchingOverall: 2.54E-05
StatTimingReplenishmentBatchingCount: 2
StatTimingOrderBatchingAverage: 0.00022293213811420962
StatTimingOrderBatchingOverall: 0.16786789999999985
StatTimingOrderBatchingCount: 753
>>> Overall
StatOverallBundlesPlaced: 0
StatOverallItemsOrdered: 667
StatOverallOrdersPlaced: 414
StatOverallBundlesRejected: 0
StatOverallOrdersRejected: 0
StatOverallBundlesHandled: 0
StatOverallItemsHandled: 706
StatOverallLinesHandled: 669
StatOverallOrdersHandled: 463
StatOverallCollisions: 0
StatOverallDistanceTraveled: 5300.802882442296
StatOverallDistanceEstimated: 5167
StatOverallAssignedTasks: 222
StatMaxMemoryUsed: 96,66796875
StatRealTimeUsed: 1.9272184
StatAverageTurnoverTime: 477.20091928060083
StatMedianTurnoverTime: 322.2233333333337
StatLowerQuartileTurnoverTime: 148.4188888888886
StatUpperQuartileTurnoverTime: 696.2000937914164
StatAverageThroughputTime: 97.28923919810526
StatMedianThroughputTime: 21.090555555555625
StatLowerQuartileThroughputTime: 13.003333333333387
StatUpperQuartileThroughputTime: 81.25555555555707

Marked tag finished after 1 tries!
.Fin. - SUCCESS
<<< Welcome to the RAWSimO CLI >>>
The time is: 06/13/2024 09:54:20
Starting RAWSimO wrapper with the following arguments:
Instance: ..\..\..\..\Material\Instances\0.Weighted30min Demand separate\Dd\Weighted2.xinst
Setting: ..\..\..\..\Material\Instances\0.Weighted30min Demand separate\Dd\Weighted2.xsett
ControlConfig: ..\..\..\..\Material\Instances\0.Weighted30min Demand separate\Dd\Weighted2.xconf
StatisticsDir: ..\..\..\..\Material\Instances\0.Weighted30min Demand separate\Dd
Seed: 1
Additionally the following tag was passed: 1, 0.05, 0.54, 0.1, 1.0, 0.5
Adding handler for unhandled exceptions ...
Initializing ... 
Instance recognized!
Parsing setting config ...
Parsing control config ...
Parsing instance ...
StatisticsFolder: Weighted2-Dd_[[1, 0.05, 0.54]]_2_[0.1, 1.0, 0.5].csv-1
Done!
