Executing ... 
 19:19:51 | >>> Warming up ...
 00:00:00 | >>> Warmup finished - starting simulation ...
 Realtime |   ETA    |  Sim.Time  | Progress | #Orders | #Bundles | Inv. | Distance | #Coll. |   Memory    
 00:00:00 |   n/a    | 0.00:00:00 |  0.00%   |    0    |    0     | 60%  |    0     |   0    | 110.84MB  
 00:00:00 | Cannot generate further orders - suspending generation for now
 00:00:00 | Cannot generate further orders - suspending generation for now
 00:00:00 | Cannot generate further orders - suspending generation for now
 00:00:00 | Cannot generate further orders - suspending generation for now
 00:00:00 | Cannot generate further orders - suspending generation for now
 00:00:00 | Cannot generate further orders - suspending generation for now
 00:00:00 | Cannot generate further orders - suspending generation for now
 00:00:00 | Cannot generate further orders - suspending generation for now
 00:00:00 | Cannot generate further orders - suspending generation for now
 00:00:00 | 00:00:00 | 0.00:30:00 | 100.00%  |   471   |    0     | 16%  |   4989   |   0    | 109.24MB  
 00:00:00 | >>> Simulation finished - writing results ...
 00:00:00 | >>> Results written
Simulation finished.
>>> Timings
StatTimingPathPlanningAverage: 8.993746987951803E-05
StatTimingPathPlanningOverall: 0.07464809999999997
StatTimingPathPlanningCount: 830
StatTimingTaskAllocationAverage: 0.0016150888888888876
StatTimingTaskAllocationOverall: 0.3488591999999997
StatTimingTaskAllocationCount: 216
StatTimingItemStorageAverage: 9.830790568654676E-07
StatTimingItemStorageOverall: 0.0007088000000000022
StatTimingItemStorageCount: 721
StatTimingPodStorageAverage: 0.0014590427184466017
StatTimingPodStorageOverall: 0.15028139999999998
StatTimingPodStorageCount: 103
StatTimingReplenishmentBatchingAverage: 9.250000000000001E-06
StatTimingReplenishmentBatchingOverall: 1.8500000000000002E-05
StatTimingReplenishmentBatchingCount: 2
StatTimingOrderBatchingAverage: 9.401976744186046E-05
StatTimingOrderBatchingOverall: 0.0727713
StatTimingOrderBatchingCount: 774
>>> Overall
StatOverallBundlesPlaced: 0
StatOverallItemsOrdered: 657
StatOverallOrdersPlaced: 405
StatOverallBundlesRejected: 0
StatOverallOrdersRejected: 0
StatOverallBundlesHandled: 0
StatOverallItemsHandled: 740
StatOverallLinesHandled: 691
StatOverallOrdersHandled: 471
StatOverallCollisions: 0
StatOverallDistanceTraveled: 4988.589155877265
StatOverallDistanceEstimated: 4846
StatOverallAssignedTasks: 216
StatMaxMemoryUsed: 110,84375
StatRealTimeUsed: 0.9349316
StatAverageTurnoverTime: 453.21915217622353
StatMedianTurnoverTime: 318.0107503313029
StatLowerQuartileTurnoverTime: 126.42813855758624
StatUpperQuartileTurnoverTime: 680
StatAverageThroughputTime: 99.181602450758
StatMedianThroughputTime: 24.156854249493108
StatLowerQuartileThroughputTime: 15.978333333333353
StatUpperQuartileThroughputTime: 88.32389608181256

Marked tag finished after 1 tries!
.Fin. - SUCCESS
<<< Welcome to the RAWSimO CLI >>>
The time is: 06/25/2024 19:19:52
Starting RAWSimO wrapper with the following arguments:
Instance: ..\..\..\..\Material\Instances\10.Weighted30min Demand Gall\Dp\Weighted2.xinst
Setting: ..\..\..\..\Material\Instances\10.Weighted30min Demand Gall\Dp\Weighted2.xsett
ControlConfig: ..\..\..\..\Material\Instances\10.Weighted30min Demand Gall\Dp\Weighted2.xconf
StatisticsDir: ..\..\..\..\Material\Instances\10.Weighted30min Demand Gall\Dp
Seed: 5
Additionally the following tag was passed: 1, 0.09999999999999999, 1.0, 0.092, 0.773, 1.0
Adding handler for unhandled exceptions ...
Initializing ... 
Instance recognized!
Parsing setting config ...
Parsing control config ...
Parsing instance ...
StatisticsFolder: Weighted2-Dp_[[1, 0.09999999999999999, 1.0]]_1_[0.092, 0.773, 1.0].csv-5
Done!
