Executing ... 
 16:22:26 | >>> Warming up ...
 00:00:00 | >>> Warmup finished - starting simulation ...
 Realtime |   ETA    |  Sim.Time  | Progress | #Orders | #Bundles | Inv. | Distance | #Coll. |   Memory    
 00:00:00 |   n/a    | 0.00:00:00 |  0.00%   |    0    |    0     | 83%  |    0     |   0    | 100.30MB  
 00:00:00 | Reactivating bundle generation paused by inventory+reserved+backlog level (currently at: 0.6491666666666667)
 00:00:00 | Cannot generate further orders - suspending generation for now
 00:00:00 | Cannot generate further orders - suspending generation for now
 00:00:00 | Cannot generate further orders - suspending generation for now
 00:00:00 | Cannot generate further orders - suspending generation for now
 00:00:00 | Cannot generate further orders - suspending generation for now
 00:00:00 | Cannot generate further orders - suspending generation for now
 00:00:00 | Cannot generate further orders - suspending generation for now
 00:00:00 | Cannot generate further orders - suspending generation for now
 00:00:00 | Cannot generate further orders - suspending generation for now
 00:00:00 | Cannot generate further orders - suspending generation for now
 00:00:00 | Cannot generate further orders - suspending generation for now
 00:00:00 | Cannot generate further orders - suspending generation for now
 00:00:00 | 00:00:00 | 0.00:30:00 | 100.00%  |   522   |    0     | 16%  |   4112   |   0    |  96.79MB  
 00:00:00 | >>> Simulation finished - writing results ...
 00:00:00 | >>> Results written
Simulation finished.
>>> Timings
StatTimingPathPlanningAverage: 7.625252976190482E-05
StatTimingPathPlanningOverall: 0.05124170000000004
StatTimingPathPlanningCount: 672
StatTimingTaskAllocationAverage: 0.0014485058139534887
StatTimingTaskAllocationOverall: 0.24914300000000006
StatTimingTaskAllocationCount: 172
StatTimingItemStorageAverage: 9.053549190535491E-07
StatTimingItemStorageOverall: 0.0007269999999999999
StatTimingItemStorageCount: 803
StatTimingPodStorageAverage: 0.0010319592592592597
StatTimingPodStorageOverall: 0.08358870000000003
StatTimingPodStorageCount: 81
StatTimingReplenishmentBatchingAverage: 1.304E-05
StatTimingReplenishmentBatchingOverall: 6.52E-05
StatTimingReplenishmentBatchingCount: 5
StatTimingOrderBatchingAverage: 8.11659952606635E-05
StatTimingOrderBatchingOverall: 0.0685041
StatTimingOrderBatchingCount: 844
>>> Overall
StatOverallBundlesPlaced: 180
StatOverallItemsOrdered: 667
StatOverallOrdersPlaced: 429
StatOverallBundlesRejected: 0
StatOverallOrdersRejected: 0
StatOverallBundlesHandled: 0
StatOverallItemsHandled: 814
StatOverallLinesHandled: 771
StatOverallOrdersHandled: 522
StatOverallCollisions: 0
StatOverallDistanceTraveled: 4112.143340481332
StatOverallDistanceEstimated: 4134
StatOverallAssignedTasks: 172
StatMaxMemoryUsed: 100,83984375
StatRealTimeUsed: 0.8294131
StatAverageTurnoverTime: 435.16966362992844
StatMedianTurnoverTime: 311.1882395419217
StatLowerQuartileTurnoverTime: 146.6056493469684
StatUpperQuartileTurnoverTime: 597.5324098050478
StatAverageThroughputTime: 86.1413248379291
StatMedianThroughputTime: 36.645555555555575
StatLowerQuartileThroughputTime: 25.615555555554806
StatUpperQuartileThroughputTime: 73.1670418323181

Marked tag finished after 1 tries!
.Fin. - SUCCESS
<<< Welcome to the RAWSimO CLI >>>
The time is: 06/03/2024 16:22:26
Starting RAWSimO wrapper with the following arguments:
Instance: ..\..\..\..\Material\Instances\0.Weighted30min\Weighted6.xinst
Setting: ..\..\..\..\Material\Instances\0.Weighted30min\WeightedScenario.xsett
ControlConfig: ..\..\..\..\Material\Instances\0.Weighted30min\WeightedScenario.xconf
StatisticsDir: ..\..\..\..\Material\Instances\0.Weighted30min
Seed: 1
Additionally the following tag was passed: Dfwlow
Adding handler for unhandled exceptions ...
Initializing ... 
Instance recognized!
Parsing setting config ...
Parsing control config ...
Parsing instance ...
StatisticsFolder: WeightedScenario-Df_wlow_1.csv-1
Done!
