Executing ... 
 09:54:16 | >>> Warming up ...
 00:00:00 | >>> Warmup finished - starting simulation ...
 Realtime |   ETA    |  Sim.Time  | Progress | #Orders | #Bundles | Inv. | Distance | #Coll. |   Memory    
 00:00:00 |   n/a    | 0.00:00:00 |  0.00%   |    0    |    0     | 60%  |    0     |   0    |  96.54MB  
 00:00:01 | Cannot generate further orders - suspending generation for now
 00:00:01 | Cannot generate further orders - suspending generation for now
 00:00:01 | Cannot generate further orders - suspending generation for now
 00:00:01 | Cannot generate further orders - suspending generation for now
 00:00:01 | Cannot generate further orders - suspending generation for now
 00:00:01 | Cannot generate further orders - suspending generation for now
 00:00:01 | Cannot generate further orders - suspending generation for now
 00:00:01 | Cannot generate further orders - suspending generation for now
 00:00:01 | Cannot generate further orders - suspending generation for now
 00:00:01 | Cannot generate further orders - suspending generation for now
 00:00:01 | 00:00:00 | 0.00:30:00 | 100.00%  |   490   |    0     | 16%  |   4837   |   0    |  92.86MB  
 00:00:01 | >>> Simulation finished - writing results ...
 00:00:01 | >>> Results written
Simulation finished.
>>> Timings
StatTimingPathPlanningAverage: 0.00019086666666666676
StatTimingPathPlanningOverall: 0.15746500000000008
StatTimingPathPlanningCount: 825
StatTimingTaskAllocationAverage: 0.002800121182266008
StatTimingTaskAllocationOverall: 0.5684245999999996
StatTimingTaskAllocationCount: 203
StatTimingItemStorageAverage: 2.1292786421499294E-06
StatTimingItemStorageOverall: 0.0015054
StatTimingItemStorageCount: 707
StatTimingPodStorageAverage: 0.002485516494845361
StatTimingPodStorageOverall: 0.2410951
StatTimingPodStorageCount: 97
StatTimingReplenishmentBatchingAverage: 1.1900000000000001E-05
StatTimingReplenishmentBatchingOverall: 2.3800000000000003E-05
StatTimingReplenishmentBatchingCount: 2
StatTimingOrderBatchingAverage: 0.00015856234567901238
StatTimingOrderBatchingOverall: 0.12843550000000004
StatTimingOrderBatchingCount: 810
>>> Overall
StatOverallBundlesPlaced: 0
StatOverallItemsOrdered: 661
StatOverallOrdersPlaced: 428
StatOverallBundlesRejected: 0
StatOverallOrdersRejected: 0
StatOverallBundlesHandled: 0
StatOverallItemsHandled: 726
StatOverallLinesHandled: 689
StatOverallOrdersHandled: 490
StatOverallCollisions: 0
StatOverallDistanceTraveled: 4837.2565094604
StatOverallDistanceEstimated: 4703
StatOverallAssignedTasks: 203
StatMaxMemoryUsed: 97,4765625
StatRealTimeUsed: 1.6316549
StatAverageTurnoverTime: 445.9238274283716
StatMedianTurnoverTime: 318.9060173196984
StatLowerQuartileTurnoverTime: 146.58555555555427
StatUpperQuartileTurnoverTime: 619.7717604580798
StatAverageThroughputTime: 93.42612829406713
StatMedianThroughputTime: 21.069444444445026
StatLowerQuartileThroughputTime: 16.14555555555569
StatUpperQuartileThroughputTime: 76.39740980504797

Marked tag finished after 1 tries!
.Fin. - SUCCESS
<<< Welcome to the RAWSimO CLI >>>
The time is: 06/13/2024 09:54:18
Starting RAWSimO wrapper with the following arguments:
Instance: ..\..\..\..\Material\Instances\0.Weighted30min Demand separate\Dd\Weighted2.xinst
Setting: ..\..\..\..\Material\Instances\0.Weighted30min Demand separate\Dd\Weighted2.xsett
ControlConfig: ..\..\..\..\Material\Instances\0.Weighted30min Demand separate\Dd\Weighted2.xconf
StatisticsDir: ..\..\..\..\Material\Instances\0.Weighted30min Demand separate\Dd
Seed: 3
Additionally the following tag was passed: 1, 0.05, 0.54, 0.1, 1.0, 0.5
Adding handler for unhandled exceptions ...
Initializing ... 
Instance recognized!
Parsing setting config ...
Parsing control config ...
Parsing instance ...
StatisticsFolder: Weighted2-Dd_[[1, 0.05, 0.54]]_1_[0.1, 1.0, 0.5].csv-3
Done!
