Executing ... 
 09:59:56 | >>> Warming up ...
 00:00:00 | >>> Warmup finished - starting simulation ...
 Realtime |   ETA    |  Sim.Time  | Progress | #Orders | #Bundles | Inv. | Distance | #Coll. |   Memory    
 00:00:00 |   n/a    | 0.00:00:00 |  0.00%   |    0    |    0     | 60%  |    0     |   0    | 109.18MB  
 00:00:01 | Cannot generate further orders - suspending generation for now
 00:00:01 | Cannot generate further orders - suspending generation for now
 00:00:01 | Cannot generate further orders - suspending generation for now
 00:00:01 | Cannot generate further orders - suspending generation for now
 00:00:01 | Cannot generate further orders - suspending generation for now
 00:00:01 | Cannot generate further orders - suspending generation for now
 00:00:01 | Cannot generate further orders - suspending generation for now
 00:00:02 | Cannot generate further orders - suspending generation for now
 00:00:02 | Cannot generate further orders - suspending generation for now
 00:00:02 | Cannot generate further orders - suspending generation for now
 00:00:02 | Cannot generate further orders - suspending generation for now
 00:00:02 | Cannot generate further orders - suspending generation for now
 00:00:02 | Cannot generate further orders - suspending generation for now
 00:00:02 | Cannot generate further orders - suspending generation for now
 00:00:02 | Cannot generate further orders - suspending generation for now
 00:00:02 | 00:00:00 | 0.00:30:00 | 100.00%  |   532   |    0     | 10%  |   4634   |   0    | 105.18MB  
 00:00:02 | >>> Simulation finished - writing results ...
 00:00:02 | >>> Results written
Simulation finished.
>>> Timings
StatTimingPathPlanningAverage: 0.0002467359173126613
StatTimingPathPlanningOverall: 0.19097359999999985
StatTimingPathPlanningCount: 774
StatTimingTaskAllocationAverage: 0.004160845263157897
StatTimingTaskAllocationOverall: 0.7905606000000005
StatTimingTaskAllocationCount: 190
StatTimingItemStorageAverage: 1.994789081885857E-06
StatTimingItemStorageOverall: 0.001607800000000001
StatTimingItemStorageCount: 806
StatTimingPodStorageAverage: 0.0035156022222222207
StatTimingPodStorageOverall: 0.31640419999999986
StatTimingPodStorageCount: 90
StatTimingReplenishmentBatchingAverage: 9.25E-06
StatTimingReplenishmentBatchingOverall: 1.85E-05
StatTimingReplenishmentBatchingCount: 2
StatTimingOrderBatchingAverage: 0.0002669631707317072
StatTimingOrderBatchingOverall: 0.2189097999999999
StatTimingOrderBatchingCount: 820
>>> Overall
StatOverallBundlesPlaced: 0
StatOverallItemsOrdered: 617
StatOverallOrdersPlaced: 401
StatOverallBundlesRejected: 0
StatOverallOrdersRejected: 0
StatOverallBundlesHandled: 0
StatOverallItemsHandled: 836
StatOverallLinesHandled: 796
StatOverallOrdersHandled: 532
StatOverallCollisions: 0
StatOverallDistanceTraveled: 4633.802587996841
StatOverallDistanceEstimated: 4455
StatOverallAssignedTasks: 190
StatMaxMemoryUsed: 109,37109375
StatRealTimeUsed: 2.3632734
StatAverageTurnoverTime: 444.7820066983374
StatMedianTurnoverTime: 287.6613924853568
StatLowerQuartileTurnoverTime: 131.1951875828256
StatUpperQuartileTurnoverTime: 619.2712049025247
StatAverageThroughputTime: 77.53088451431394
StatMedianThroughputTime: 30.800555555555547
StatLowerQuartileThroughputTime: 17.329444444444334
StatUpperQuartileThroughputTime: 79.50722222222339

Marked tag finished after 1 tries!
.Fin. - SUCCESS
<<< Welcome to the RAWSimO CLI >>>
The time is: 06/13/2024 09:59:58
Starting RAWSimO wrapper with the following arguments:
Instance: ..\..\..\..\Material\Instances\0.Weighted30min Demand separate\De\Weighted2.xinst
Setting: ..\..\..\..\Material\Instances\0.Weighted30min Demand separate\De\Weighted2.xsett
ControlConfig: ..\..\..\..\Material\Instances\0.Weighted30min Demand separate\De\Weighted2.xconf
StatisticsDir: ..\..\..\..\Material\Instances\0.Weighted30min Demand separate\De
Seed: 3
Additionally the following tag was passed: 1, 0.529, 0.058, 0.164, 0.317, 1.0
Adding handler for unhandled exceptions ...
Initializing ... 
Instance recognized!
Parsing setting config ...
Parsing control config ...
Parsing instance ...
StatisticsFolder: Weighted2-De_[[1, 0.529, 0.058]]_1_[0.164, 0.317, 1.0].csv-3
Done!
