Executing ... 
 19:22:15 | >>> Warming up ...
 00:00:00 | >>> Warmup finished - starting simulation ...
 Realtime |   ETA    |  Sim.Time  | Progress | #Orders | #Bundles | Inv. | Distance | #Coll. |   Memory    
 00:00:00 |   n/a    | 0.00:00:00 |  0.00%   |    0    |    0     | 60%  |    0     |   0    | 112.18MB  
 00:00:00 | Cannot generate further orders - suspending generation for now
 00:00:00 | Cannot generate further orders - suspending generation for now
 00:00:00 | Cannot generate further orders - suspending generation for now
 00:00:00 | Cannot generate further orders - suspending generation for now
 00:00:00 | Cannot generate further orders - suspending generation for now
 00:00:00 | Cannot generate further orders - suspending generation for now
 00:00:00 | Cannot generate further orders - suspending generation for now
 00:00:00 | Cannot generate further orders - suspending generation for now
 00:00:00 | Cannot generate further orders - suspending generation for now
 00:00:00 | Cannot generate further orders - suspending generation for now
 00:00:00 | 00:00:00 | 0.00:30:00 | 100.00%  |   514   |    0     | 12%  |   4826   |   0    | 110.51MB  
 00:00:01 | >>> Simulation finished - writing results ...
 00:00:01 | >>> Results written
Simulation finished.
>>> Timings
StatTimingPathPlanningAverage: 0.00010157449494949494
StatTimingPathPlanningOverall: 0.08044699999999999
StatTimingPathPlanningCount: 792
StatTimingTaskAllocationAverage: 0.001794117999999999
StatTimingTaskAllocationOverall: 0.3588235999999998
StatTimingTaskAllocationCount: 200
StatTimingItemStorageAverage: 1.0066838046272516E-06
StatTimingItemStorageOverall: 0.0007832000000000017
StatTimingItemStorageCount: 778
StatTimingPodStorageAverage: 0.0016998812499999995
StatTimingPodStorageOverall: 0.16318859999999996
StatTimingPodStorageCount: 96
StatTimingReplenishmentBatchingAverage: 7.5500000000000006E-06
StatTimingReplenishmentBatchingOverall: 1.5100000000000001E-05
StatTimingReplenishmentBatchingCount: 2
StatTimingOrderBatchingAverage: 0.00010103709869203331
StatTimingOrderBatchingOverall: 0.08497220000000001
StatTimingOrderBatchingCount: 841
>>> Overall
StatOverallBundlesPlaced: 0
StatOverallItemsOrdered: 667
StatOverallOrdersPlaced: 422
StatOverallBundlesRejected: 0
StatOverallOrdersRejected: 0
StatOverallBundlesHandled: 0
StatOverallItemsHandled: 798
StatOverallLinesHandled: 747
StatOverallOrdersHandled: 514
StatOverallCollisions: 0
StatOverallDistanceTraveled: 4825.610635773257
StatOverallDistanceEstimated: 4714
StatOverallAssignedTasks: 200
StatMaxMemoryUsed: 112,17578125
StatRealTimeUsed: 0.9952726
StatAverageTurnoverTime: 463.4107568141427
StatMedianTurnoverTime: 307.65296536060447
StatLowerQuartileTurnoverTime: 160.16499280707376
StatUpperQuartileTurnoverTime: 644.3720418323181
StatAverageThroughputTime: 94.63457254136142
StatMedianThroughputTime: 31.861111111111086
StatLowerQuartileThroughputTime: 16.754632027270418
StatUpperQuartileThroughputTime: 82.03018758282656

Marked tag finished after 1 tries!
.Fin. - SUCCESS
<<< Welcome to the RAWSimO CLI >>>
The time is: 06/25/2024 19:22:16
Starting RAWSimO wrapper with the following arguments:
Instance: ..\..\..\..\Material\Instances\10.Weighted30min Demand Gall\Dp\Weighted2.xinst
Setting: ..\..\..\..\Material\Instances\10.Weighted30min Demand Gall\Dp\Weighted2.xsett
ControlConfig: ..\..\..\..\Material\Instances\10.Weighted30min Demand Gall\Dp\Weighted2.xconf
StatisticsDir: ..\..\..\..\Material\Instances\10.Weighted30min Demand Gall\Dp
Seed: 1
Additionally the following tag was passed: 1, 0.64, 1.0, 0.184, 0.287, 1.0
Adding handler for unhandled exceptions ...
Initializing ... 
Instance recognized!
Parsing setting config ...
Parsing control config ...
Parsing instance ...
StatisticsFolder: Weighted2-Dp_[[1, 0.64, 1.0]]_2_[0.184, 0.287, 1.0].csv-1
Done!
