Executing ... 
 09:38:05 | >>> Warming up ...
 00:00:00 | >>> Warmup finished - starting simulation ...
 Realtime |   ETA    |  Sim.Time  | Progress | #Orders | #Bundles | Inv. | Distance | #Coll. |   Memory    
 00:00:00 |   n/a    | 0.00:00:00 |  0.00%   |    0    |    0     | 60%  |    0     |   0    |  88.51MB  
 00:00:01 | Cannot generate further orders - suspending generation for now
 00:00:01 | Cannot generate further orders - suspending generation for now
 00:00:01 | Cannot generate further orders - suspending generation for now
 00:00:01 | Cannot generate further orders - suspending generation for now
 00:00:01 | Cannot generate further orders - suspending generation for now
 00:00:01 | Cannot generate further orders - suspending generation for now
 00:00:01 | 00:00:00 | 0.00:30:00 | 100.00%  |   454   |    0     | 18%  |   5241   |   0    |  62.97MB  
 00:00:01 | >>> Simulation finished - writing results ...
 00:00:01 | >>> Results written
Simulation finished.
>>> Timings
StatTimingPathPlanningAverage: 9.701895734597167E-05
StatTimingPathPlanningOverall: 0.0818840000000001
StatTimingPathPlanningCount: 844
StatTimingTaskAllocationAverage: 0.0021198321266968348
StatTimingTaskAllocationOverall: 0.4684829000000005
StatTimingTaskAllocationCount: 221
StatTimingItemStorageAverage: 1.233576642335761E-06
StatTimingItemStorageOverall: 0.0008449999999999963
StatTimingItemStorageCount: 685
StatTimingPodStorageAverage: 0.0017416171428571439
StatTimingPodStorageOverall: 0.1828698000000001
StatTimingPodStorageCount: 105
StatTimingReplenishmentBatchingAverage: 1.24E-05
StatTimingReplenishmentBatchingOverall: 2.48E-05
StatTimingReplenishmentBatchingCount: 2
StatTimingOrderBatchingAverage: 0.00010814480946123522
StatTimingOrderBatchingOverall: 0.0822982
StatTimingOrderBatchingCount: 761
>>> Overall
StatOverallBundlesPlaced: 0
StatOverallItemsOrdered: 661
StatOverallOrdersPlaced: 413
StatOverallBundlesRejected: 0
StatOverallOrdersRejected: 0
StatOverallBundlesHandled: 0
StatOverallItemsHandled: 697
StatOverallLinesHandled: 661
StatOverallOrdersHandled: 454
StatOverallCollisions: 0
StatOverallDistanceTraveled: 5241.19111496912
StatOverallDistanceEstimated: 5116
StatOverallAssignedTasks: 221
StatMaxMemoryUsed: 87,859375
StatRealTimeUsed: 1.1817312
StatAverageTurnoverTime: 481.221964376033
StatMedianTurnoverTime: 322.74759019495207
StatLowerQuartileTurnoverTime: 131.7307431383814
StatUpperQuartileTurnoverTime: 690.5259379141283
StatAverageThroughputTime: 93.58029449564476
StatMedianThroughputTime: 20.851111111111095
StatLowerQuartileThroughputTime: 13.074538235857261
StatUpperQuartileThroughputTime: 77.91352091615909

Marked tag finished after 1 tries!
.Fin. - SUCCESS
<<< Welcome to the RAWSimO CLI >>>
The time is: 06/13/2024 09:38:06
Starting RAWSimO wrapper with the following arguments:
Instance: ..\..\..\..\Material\Instances\0.Weighted30min Demand separate\Da\Weighted2.xinst
Setting: ..\..\..\..\Material\Instances\0.Weighted30min Demand separate\Da\Weighted2.xsett
ControlConfig: ..\..\..\..\Material\Instances\0.Weighted30min Demand separate\Da\Weighted2.xconf
StatisticsDir: ..\..\..\..\Material\Instances\0.Weighted30min Demand separate\Da
Seed: 1
Additionally the following tag was passed: 1, 10.0, 0.71, 0.224, 0.1, 0.312
Adding handler for unhandled exceptions ...
Initializing ... 
Instance recognized!
Parsing setting config ...
Parsing control config ...
Parsing instance ...
StatisticsFolder: Weighted2-Da_[[1, 10.0, 0.71]]_3_[0.224, 0.1, 0.312].csv-1
Done!
