Executing ... 
 09:51:13 | >>> Warming up ...
 00:00:00 | >>> Warmup finished - starting simulation ...
 Realtime |   ETA    |  Sim.Time  | Progress | #Orders | #Bundles | Inv. | Distance | #Coll. |   Memory    
 00:00:00 |   n/a    | 0.00:00:00 |  0.00%   |    0    |    0     | 60%  |    0     |   0    | 144.58MB  
 00:00:00 | Cannot generate further orders - suspending generation for now
 00:00:00 | Cannot generate further orders - suspending generation for now
 00:00:00 | Cannot generate further orders - suspending generation for now
 00:00:00 | Cannot generate further orders - suspending generation for now
 00:00:00 | Cannot generate further orders - suspending generation for now
 00:00:00 | Cannot generate further orders - suspending generation for now
 00:00:00 | Cannot generate further orders - suspending generation for now
 00:00:01 | Cannot generate further orders - suspending generation for now
 00:00:01 | Cannot generate further orders - suspending generation for now
 00:00:01 | Cannot generate further orders - suspending generation for now
 00:00:01 | 00:00:00 | 0.00:30:00 | 100.00%  |   490   |    0     | 14%  |   5104   |   0    | 141.20MB  
 00:00:01 | >>> Simulation finished - writing results ...
 00:00:01 | >>> Results written
Simulation finished.
>>> Timings
StatTimingPathPlanningAverage: 9.981089588377726E-05
StatTimingPathPlanningOverall: 0.08244380000000001
StatTimingPathPlanningCount: 826
StatTimingTaskAllocationAverage: 0.002071513300492614
StatTimingTaskAllocationOverall: 0.42051720000000065
StatTimingTaskAllocationCount: 203
StatTimingItemStorageAverage: 9.909214092140939E-07
StatTimingItemStorageOverall: 0.0007313000000000014
StatTimingItemStorageCount: 738
StatTimingPodStorageAverage: 0.0017806316326530616
StatTimingPodStorageOverall: 0.17450190000000004
StatTimingPodStorageCount: 98
StatTimingReplenishmentBatchingAverage: 8.599999999999999E-06
StatTimingReplenishmentBatchingOverall: 1.7199999999999998E-05
StatTimingReplenishmentBatchingCount: 2
StatTimingOrderBatchingAverage: 9.917481012658228E-05
StatTimingOrderBatchingOverall: 0.0783481
StatTimingOrderBatchingCount: 790
>>> Overall
StatOverallBundlesPlaced: 0
StatOverallItemsOrdered: 667
StatOverallOrdersPlaced: 416
StatOverallBundlesRejected: 0
StatOverallOrdersRejected: 0
StatOverallBundlesHandled: 0
StatOverallItemsHandled: 760
StatOverallLinesHandled: 719
StatOverallOrdersHandled: 490
StatOverallCollisions: 0
StatOverallDistanceTraveled: 5103.740205668654
StatOverallDistanceEstimated: 4970
StatOverallAssignedTasks: 203
StatMaxMemoryUsed: 144,58203125
StatRealTimeUsed: 1.1168713
StatAverageTurnoverTime: 437.3780744442181
StatMedianTurnoverTime: 282.4647258186828
StatLowerQuartileTurnoverTime: 113.18332614041128
StatUpperQuartileTurnoverTime: 643.6883333333333
StatAverageThroughputTime: 97.39618211224386
StatMedianThroughputTime: 24.177777777777692
StatLowerQuartileThroughputTime: 13.048427124746183
StatUpperQuartileThroughputTime: 85.34740980504858

Marked tag finished after 1 tries!
.Fin. - SUCCESS
<<< Welcome to the RAWSimO CLI >>>
The time is: 06/13/2024 09:51:14
Starting RAWSimO wrapper with the following arguments:
Instance: ..\..\..\..\Material\Instances\0.Weighted30min Demand separate\Dc\Weighted2.xinst
Setting: ..\..\..\..\Material\Instances\0.Weighted30min Demand separate\Dc\Weighted2.xsett
ControlConfig: ..\..\..\..\Material\Instances\0.Weighted30min Demand separate\Dc\Weighted2.xconf
StatisticsDir: ..\..\..\..\Material\Instances\0.Weighted30min Demand separate\Dc
Seed: 1
Additionally the following tag was passed: 1, 3.6754, 0.27199999999999996, 0.146, 0.143, 0.538
Adding handler for unhandled exceptions ...
Initializing ... 
Instance recognized!
Parsing setting config ...
Parsing control config ...
Parsing instance ...
StatisticsFolder: Weighted2-Dc_[[1, 3.6754, 0.27199999999999996]]_3_[0.146, 0.143, 0.538].csv-1
Done!
