Executing ... 
 19:10:21 | >>> Warming up ...
 00:00:00 | >>> Warmup finished - starting simulation ...
 Realtime |   ETA    |  Sim.Time  | Progress | #Orders | #Bundles | Inv. | Distance | #Coll. |   Memory    
 00:00:00 |   n/a    | 0.00:00:00 |  0.00%   |    0    |    0     | 60%  |    0     |   0    | 112.73MB  
 00:00:00 | Cannot generate further orders - suspending generation for now
 00:00:00 | Cannot generate further orders - suspending generation for now
 00:00:00 | Cannot generate further orders - suspending generation for now
 00:00:00 | Cannot generate further orders - suspending generation for now
 00:00:00 | Cannot generate further orders - suspending generation for now
 00:00:00 | Cannot generate further orders - suspending generation for now
 00:00:01 | Cannot generate further orders - suspending generation for now
 00:00:01 | Cannot generate further orders - suspending generation for now
 00:00:01 | Cannot generate further orders - suspending generation for now
 00:00:01 | 00:00:00 | 0.00:30:00 | 100.00%  |   470   |    0     | 16%  |   5135   |   0    | 108.11MB  
 00:00:01 | >>> Simulation finished - writing results ...
 00:00:01 | >>> Results written
Simulation finished.
>>> Timings
StatTimingPathPlanningAverage: 9.773309178743981E-05
StatTimingPathPlanningOverall: 0.08092300000000016
StatTimingPathPlanningCount: 828
StatTimingTaskAllocationAverage: 0.0017714954337899537
StatTimingTaskAllocationOverall: 0.38795749999999984
StatTimingTaskAllocationCount: 219
StatTimingItemStorageAverage: 1.1839260312944501E-06
StatTimingItemStorageOverall: 0.0008322999999999985
StatTimingItemStorageCount: 703
StatTimingPodStorageAverage: 0.0015606247619047611
StatTimingPodStorageOverall: 0.16386559999999992
StatTimingPodStorageCount: 105
StatTimingReplenishmentBatchingAverage: 8.8E-06
StatTimingReplenishmentBatchingOverall: 1.76E-05
StatTimingReplenishmentBatchingCount: 2
StatTimingOrderBatchingAverage: 9.613231162196684E-05
StatTimingOrderBatchingOverall: 0.07527160000000004
StatTimingOrderBatchingCount: 783
>>> Overall
StatOverallBundlesPlaced: 0
StatOverallItemsOrdered: 667
StatOverallOrdersPlaced: 423
StatOverallBundlesRejected: 0
StatOverallOrdersRejected: 0
StatOverallBundlesHandled: 0
StatOverallItemsHandled: 725
StatOverallLinesHandled: 684
StatOverallOrdersHandled: 470
StatOverallCollisions: 0
StatOverallDistanceTraveled: 5135.361225721795
StatOverallDistanceEstimated: 5080
StatOverallAssignedTasks: 219
StatMaxMemoryUsed: 112,7265625
StatRealTimeUsed: 1.0629027
StatAverageTurnoverTime: 436.8206911013333
StatMedianTurnoverTime: 337.15676045807993
StatLowerQuartileTurnoverTime: 133.5251875828258
StatUpperQuartileTurnoverTime: 594.3367604580795
StatAverageThroughputTime: 94.58951151244021
StatMedianThroughputTime: 23.884999999999877
StatLowerQuartileThroughputTime: 15.856666666666655
StatUpperQuartileThroughputTime: 76.14961764142663

Marked tag finished after 1 tries!
.Fin. - SUCCESS
<<< Welcome to the RAWSimO CLI >>>
The time is: 06/12/2024 19:10:22
Starting RAWSimO wrapper with the following arguments:
Instance: ..\..\..\..\Material\Instances\0.Weighted30min Demand separate\Da\Weighted2.xinst
Setting: ..\..\..\..\Material\Instances\0.Weighted30min Demand separate\Da\Weighted2.xsett
ControlConfig: ..\..\..\..\Material\Instances\0.Weighted30min Demand separate\Da\Weighted2.xconf
StatisticsDir: ..\..\..\..\Material\Instances\0.Weighted30min Demand separate\Da
Seed: 2
Additionally the following tag was passed: [[1, 10.0, 0.29874999999999996]]
Adding handler for unhandled exceptions ...
Initializing ... 
Instance recognized!
Parsing setting config ...
Parsing control config ...
Parsing instance ...
StatisticsFolder: Weighted2-Da_[[1, 10.0, 0.29874999999999996]]_2.csv-2
Done!
