Executing ... 
 09:48:44 | >>> Warming up ...
 00:00:00 | >>> Warmup finished - starting simulation ...
 Realtime |   ETA    |  Sim.Time  | Progress | #Orders | #Bundles | Inv. | Distance | #Coll. |   Memory    
 00:00:00 |   n/a    | 0.00:00:00 |  0.00%   |    0    |    0     | 60%  |    0     |   0    | 148.55MB  
 00:00:00 | Cannot generate further orders - suspending generation for now
 00:00:00 | Cannot generate further orders - suspending generation for now
 00:00:00 | Cannot generate further orders - suspending generation for now
 00:00:00 | Cannot generate further orders - suspending generation for now
 00:00:00 | Cannot generate further orders - suspending generation for now
 00:00:00 | Cannot generate further orders - suspending generation for now
 00:00:00 | Cannot generate further orders - suspending generation for now
 00:00:01 | Cannot generate further orders - suspending generation for now
 00:00:01 | Cannot generate further orders - suspending generation for now
 00:00:01 | Cannot generate further orders - suspending generation for now
 00:00:01 | Cannot generate further orders - suspending generation for now
 00:00:01 | 00:00:00 | 0.00:30:00 | 100.00%  |   510   |    0     | 13%  |   4885   |   0    | 143.43MB  
 00:00:01 | >>> Simulation finished - writing results ...
 00:00:01 | >>> Results written
Simulation finished.
>>> Timings
StatTimingPathPlanningAverage: 0.00010733899999999982
StatTimingPathPlanningOverall: 0.08587119999999986
StatTimingPathPlanningCount: 800
StatTimingTaskAllocationAverage: 0.0023082673267326736
StatTimingTaskAllocationOverall: 0.4662700000000001
StatTimingTaskAllocationCount: 202
StatTimingItemStorageAverage: 1.0986449864498682E-06
StatTimingItemStorageOverall: 0.0008108000000000027
StatTimingItemStorageCount: 738
StatTimingPodStorageAverage: 0.0018178010416666677
StatTimingPodStorageOverall: 0.1745089000000001
StatTimingPodStorageCount: 96
StatTimingReplenishmentBatchingAverage: 8.25E-06
StatTimingReplenishmentBatchingOverall: 1.65E-05
StatTimingReplenishmentBatchingCount: 2
StatTimingOrderBatchingAverage: 0.00010034659367396594
StatTimingOrderBatchingOverall: 0.0824849
StatTimingOrderBatchingCount: 822
>>> Overall
StatOverallBundlesPlaced: 0
StatOverallItemsOrdered: 658
StatOverallOrdersPlaced: 427
StatOverallBundlesRejected: 0
StatOverallOrdersRejected: 0
StatOverallBundlesHandled: 0
StatOverallItemsHandled: 778
StatOverallLinesHandled: 738
StatOverallOrdersHandled: 510
StatOverallCollisions: 0
StatOverallDistanceTraveled: 4885.199542502791
StatOverallDistanceEstimated: 4788
StatOverallAssignedTasks: 202
StatMaxMemoryUsed: 148,62109375
StatRealTimeUsed: 1.1844443
StatAverageTurnoverTime: 437.2256172352716
StatMedianTurnoverTime: 255.83963202727068
StatLowerQuartileTurnoverTime: 92.74833333333288
StatUpperQuartileTurnoverTime: 649.3222222222222
StatAverageThroughputTime: 88.15362337631319
StatMedianThroughputTime: 23.358333333333576
StatLowerQuartileThroughputTime: 13.215555555555554
StatUpperQuartileThroughputTime: 82.04000000000008

Marked tag finished after 1 tries!
.Fin. - SUCCESS
<<< Welcome to the RAWSimO CLI >>>
The time is: 06/13/2024 09:48:45
Starting RAWSimO wrapper with the following arguments:
Instance: ..\..\..\..\Material\Instances\0.Weighted30min Demand separate\Dc\Weighted2.xinst
Setting: ..\..\..\..\Material\Instances\0.Weighted30min Demand separate\Dc\Weighted2.xsett
ControlConfig: ..\..\..\..\Material\Instances\0.Weighted30min Demand separate\Dc\Weighted2.xconf
StatisticsDir: ..\..\..\..\Material\Instances\0.Weighted30min Demand separate\Dc
Seed: 3
Additionally the following tag was passed: 1, 0.058, 0.7, 0.13, 1.0, 0.333
Adding handler for unhandled exceptions ...
Initializing ... 
Instance recognized!
Parsing setting config ...
Parsing control config ...
Parsing instance ...
StatisticsFolder: Weighted2-Dc_[[1, 0.058, 0.7]]_2_[0.13, 1.0, 0.333].csv-3
Done!
