Executing ... 
 09:54:36 | >>> Warming up ...
 00:00:00 | >>> Warmup finished - starting simulation ...
 Realtime |   ETA    |  Sim.Time  | Progress | #Orders | #Bundles | Inv. | Distance | #Coll. |   Memory    
 00:00:00 |   n/a    | 0.00:00:00 |  0.00%   |    0    |    0     | 60%  |    0     |   0    |  96.71MB  
 00:00:01 | Cannot generate further orders - suspending generation for now
 00:00:01 | Cannot generate further orders - suspending generation for now
 00:00:01 | Cannot generate further orders - suspending generation for now
 00:00:01 | Cannot generate further orders - suspending generation for now
 00:00:01 | Cannot generate further orders - suspending generation for now
 00:00:01 | Cannot generate further orders - suspending generation for now
 00:00:01 | Cannot generate further orders - suspending generation for now
 00:00:01 | Cannot generate further orders - suspending generation for now
 00:00:02 | 00:00:00 | 0.00:30:00 | 100.00%  |   469   |    0     | 18%  |   5021   |   0    |  92.66MB  
 00:00:02 | >>> Simulation finished - writing results ...
 00:00:02 | >>> Results written
Simulation finished.
>>> Timings
StatTimingPathPlanningAverage: 0.00020105588599752137
StatTimingPathPlanningOverall: 0.16225209999999973
StatTimingPathPlanningCount: 807
StatTimingTaskAllocationAverage: 0.0037285177884615406
StatTimingTaskAllocationOverall: 0.7755317000000005
StatTimingTaskAllocationCount: 208
StatTimingItemStorageAverage: 3.954518950437322E-06
StatTimingItemStorageOverall: 0.0027128000000000026
StatTimingItemStorageCount: 686
StatTimingPodStorageAverage: 0.0026407588235294144
StatTimingPodStorageOverall: 0.26935740000000025
StatTimingPodStorageCount: 102
StatTimingReplenishmentBatchingAverage: 1.545E-05
StatTimingReplenishmentBatchingOverall: 3.09E-05
StatTimingReplenishmentBatchingCount: 2
StatTimingOrderBatchingAverage: 0.0002000731210191084
StatTimingOrderBatchingOverall: 0.1570574000000001
StatTimingOrderBatchingCount: 785
>>> Overall
StatOverallBundlesPlaced: 0
StatOverallItemsOrdered: 667
StatOverallOrdersPlaced: 431
StatOverallBundlesRejected: 0
StatOverallOrdersRejected: 0
StatOverallBundlesHandled: 0
StatOverallItemsHandled: 702
StatOverallLinesHandled: 663
StatOverallOrdersHandled: 469
StatOverallCollisions: 0
StatOverallDistanceTraveled: 5021.151861728391
StatOverallDistanceEstimated: 4855
StatOverallAssignedTasks: 208
StatMaxMemoryUsed: 96,37109375
StatRealTimeUsed: 2.0160138
StatAverageTurnoverTime: 456.90306579115094
StatMedianTurnoverTime: 361.83694084798344
StatLowerQuartileTurnoverTime: 163.2172150293004
StatUpperQuartileTurnoverTime: 657.1446320272703
StatAverageThroughputTime: 94.17429648262369
StatMedianThroughputTime: 20.267777777777837
StatLowerQuartileThroughputTime: 12.548427124746127
StatUpperQuartileThroughputTime: 83.04555555555555

Marked tag finished after 1 tries!
.Fin. - SUCCESS
<<< Welcome to the RAWSimO CLI >>>
The time is: 06/13/2024 09:54:38
Starting RAWSimO wrapper with the following arguments:
Instance: ..\..\..\..\Material\Instances\0.Weighted30min Demand separate\Dd\Weighted2.xinst
Setting: ..\..\..\..\Material\Instances\0.Weighted30min Demand separate\Dd\Weighted2.xsett
ControlConfig: ..\..\..\..\Material\Instances\0.Weighted30min Demand separate\Dd\Weighted2.xconf
StatisticsDir: ..\..\..\..\Material\Instances\0.Weighted30min Demand separate\Dd
Seed: 3
Additionally the following tag was passed: 1, 0.198, 0.05, 0.114, 0.575, 1.0
Adding handler for unhandled exceptions ...
Initializing ... 
Instance recognized!
Parsing setting config ...
Parsing control config ...
Parsing instance ...
StatisticsFolder: Weighted2-Dd_[[1, 0.198, 0.05]]_1_[0.114, 0.575, 1.0].csv-3
Done!
