<<< Welcome to the RAWSimO CLI >>>
The time is: 06/11/2024 19:59:11
Starting RAWSimO wrapper with the following arguments:
Instance: ..\..\..\..\Material\Instances\0.Weighted30min Demand separate\Df\Weighted2.xinst
Setting: ..\..\..\..\Material\Instances\0.Weighted30min Demand separate\Df\Weighted2.xsett
ControlConfig: ..\..\..\..\Material\Instances\0.Weighted30min Demand separate\Df\Weighted2.xconf
StatisticsDir: ..\..\..\..\Material\Instances\0.Weighted30min Demand separate\Df
Seed: 1
Additionally the following tag was passed: [[1, 0.05, 0.068]]
Adding handler for unhandled exceptions ...
Initializing ... 
Instance recognized!
Parsing setting config ...
Parsing control config ...
Parsing instance ...
StatisticsFolder: Weighted2-Df_[[1, 0.05, 0.068]]_1.csv-1
Done!
Executing ... 
 19:59:12 | >>> Warming up ...
 00:00:00 | >>> Warmup finished - starting simulation ...
 Realtime |   ETA    |  Sim.Time  | Progress | #Orders | #Bundles | Inv. | Distance | #Coll. |   Memory    
 00:00:00 |   n/a    | 0.00:00:00 |  0.00%   |    0    |    0     | 60%  |    0     |   0    |  60.43MB  
 00:00:00 | Cannot generate further orders - suspending generation for now
 00:00:00 | Cannot generate further orders - suspending generation for now
 00:00:00 | Cannot generate further orders - suspending generation for now
 00:00:00 | Cannot generate further orders - suspending generation for now
 00:00:01 | Cannot generate further orders - suspending generation for now
 00:00:01 | Cannot generate further orders - suspending generation for now
 00:00:01 | Cannot generate further orders - suspending generation for now
 00:00:01 | Cannot generate further orders - suspending generation for now
 00:00:01 | Cannot generate further orders - suspending generation for now
 00:00:01 | Cannot generate further orders - suspending generation for now
 00:00:01 | Cannot generate further orders - suspending generation for now
 00:00:01 | 00:00:00 | 0.00:30:00 | 100.00%  |   487   |    0     | 15%  |   4981   |   0    |  66.63MB  
 00:00:01 | >>> Simulation finished - writing results ...
 00:00:01 | >>> Results written
Simulation finished.
>>> Timings
StatTimingPathPlanningAverage: 0.00011129652173913046
StatTimingPathPlanningOverall: 0.08959370000000001
StatTimingPathPlanningCount: 805
StatTimingTaskAllocationAverage: 0.0019642166666666684
StatTimingTaskAllocationOverall: 0.4124855000000004
StatTimingTaskAllocationCount: 210
StatTimingItemStorageAverage: 3.2201360544217513E-06
StatTimingItemStorageOverall: 0.002366799999999987
StatTimingItemStorageCount: 735
StatTimingPodStorageAverage: 0.00157960693069307
StatTimingPodStorageOverall: 0.15954030000000008
StatTimingPodStorageCount: 101
StatTimingReplenishmentBatchingAverage: 0.0022318999999999998
StatTimingReplenishmentBatchingOverall: 0.0044637999999999995
StatTimingReplenishmentBatchingCount: 2
StatTimingOrderBatchingAverage: 0.00010565427509293685
StatTimingOrderBatchingOverall: 0.08526300000000003
StatTimingOrderBatchingCount: 807
>>> Overall
StatOverallBundlesPlaced: 0
StatOverallItemsOrdered: 641
StatOverallOrdersPlaced: 407
StatOverallBundlesRejected: 0
StatOverallOrdersRejected: 0
StatOverallBundlesHandled: 0
StatOverallItemsHandled: 752
StatOverallLinesHandled: 709
StatOverallOrdersHandled: 487
StatOverallCollisions: 0
StatOverallDistanceTraveled: 4980.6878297501435
StatOverallDistanceEstimated: 4807
StatOverallAssignedTasks: 210
StatMaxMemoryUsed: 68,859375
StatRealTimeUsed: 1.1993995
StatAverageTurnoverTime: 447.5648712448528
StatMedianTurnoverTime: 332.73574313838174
StatLowerQuartileTurnoverTime: 146.97018758282638
StatUpperQuartileTurnoverTime: 630.9389826803016
StatAverageThroughputTime: 94.48200405081145
StatMedianThroughputTime: 24.45500000000004
StatLowerQuartileThroughputTime: 16.54111111111112
StatUpperQuartileThroughputTime: 85.98203463939635

Marked tag finished after 1 tries!
.Fin. - SUCCESS
<<< Welcome to the RAWSimO CLI >>>
The time is: 06/11/2024 19:59:13
Starting RAWSimO wrapper with the following arguments:
Instance: ..\..\..\..\Material\Instances\0.Weighted30min Demand separate\Df\Weighted2.xinst
Setting: ..\..\..\..\Material\Instances\0.Weighted30min Demand separate\Df\Weighted2.xsett
ControlConfig: ..\..\..\..\Material\Instances\0.Weighted30min Demand separate\Df\Weighted2.xconf
StatisticsDir: ..\..\..\..\Material\Instances\0.Weighted30min Demand separate\Df
Seed: 2
Additionally the following tag was passed: [[1, 0.05, 0.068]]
Adding handler for unhandled exceptions ...
Initializing ... 
Instance recognized!
Parsing setting config ...
Parsing control config ...
Parsing instance ...
StatisticsFolder: Weighted2-Df_[[1, 0.05, 0.068]]_1.csv-2
Done!
