Executing ... 
 09:46:54 | >>> Warming up ...
 00:00:00 | >>> Warmup finished - starting simulation ...
 Realtime |   ETA    |  Sim.Time  | Progress | #Orders | #Bundles | Inv. | Distance | #Coll. |   Memory    
 00:00:00 |   n/a    | 0.00:00:00 |  0.00%   |    0    |    0     | 60%  |    0     |   0    | 125.31MB  
 00:00:01 | Cannot generate further orders - suspending generation for now
 00:00:01 | Cannot generate further orders - suspending generation for now
 00:00:01 | Cannot generate further orders - suspending generation for now
 00:00:01 | Cannot generate further orders - suspending generation for now
 00:00:01 | Cannot generate further orders - suspending generation for now
 00:00:01 | Cannot generate further orders - suspending generation for now
 00:00:01 | Cannot generate further orders - suspending generation for now
 00:00:01 | Cannot generate further orders - suspending generation for now
 00:00:01 | 00:00:00 | 0.00:30:00 | 100.00%  |   470   |    0     | 16%  |   5124   |   0    | 127.86MB  
 00:00:01 | >>> Simulation finished - writing results ...
 00:00:01 | >>> Results written
Simulation finished.
>>> Timings
StatTimingPathPlanningAverage: 0.00010516805074971151
StatTimingPathPlanningOverall: 0.09118069999999988
StatTimingPathPlanningCount: 867
StatTimingTaskAllocationAverage: 0.0024638733644859806
StatTimingTaskAllocationOverall: 0.5272688999999998
StatTimingTaskAllocationCount: 214
StatTimingItemStorageAverage: 1.1232067510548527E-06
StatTimingItemStorageOverall: 0.0007986000000000002
StatTimingItemStorageCount: 711
StatTimingPodStorageAverage: 0.0026484401960784297
StatTimingPodStorageOverall: 0.27014089999999985
StatTimingPodStorageCount: 102
StatTimingReplenishmentBatchingAverage: 7.5E-06
StatTimingReplenishmentBatchingOverall: 1.5E-05
StatTimingReplenishmentBatchingCount: 2
StatTimingOrderBatchingAverage: 0.00010932541720154031
StatTimingOrderBatchingOverall: 0.08516449999999991
StatTimingOrderBatchingCount: 779
>>> Overall
StatOverallBundlesPlaced: 0
StatOverallItemsOrdered: 667
StatOverallOrdersPlaced: 424
StatOverallBundlesRejected: 0
StatOverallOrdersRejected: 0
StatOverallBundlesHandled: 0
StatOverallItemsHandled: 731
StatOverallLinesHandled: 688
StatOverallOrdersHandled: 470
StatOverallCollisions: 0
StatOverallDistanceTraveled: 5123.626076108169
StatOverallDistanceEstimated: 4987
StatOverallAssignedTasks: 214
StatMaxMemoryUsed: 130,83203125
StatRealTimeUsed: 1.2790726
StatAverageTurnoverTime: 476.1789552327686
StatMedianTurnoverTime: 323.5278715691909
StatLowerQuartileTurnoverTime: 122.59315294342929
StatUpperQuartileTurnoverTime: 729.5383333333331
StatAverageThroughputTime: 94.28656923250577
StatMedianThroughputTime: 25.230000000000473
StatLowerQuartileThroughputTime: 16.41509379141283
StatUpperQuartileThroughputTime: 81.21787156919063

Marked tag finished after 1 tries!
.Fin. - SUCCESS
<<< Welcome to the RAWSimO CLI >>>
The time is: 06/13/2024 09:46:55
Starting RAWSimO wrapper with the following arguments:
Instance: ..\..\..\..\Material\Instances\0.Weighted30min Demand separate\Db\Weighted2.xinst
Setting: ..\..\..\..\Material\Instances\0.Weighted30min Demand separate\Db\Weighted2.xsett
ControlConfig: ..\..\..\..\Material\Instances\0.Weighted30min Demand separate\Db\Weighted2.xconf
StatisticsDir: ..\..\..\..\Material\Instances\0.Weighted30min Demand separate\Db
Seed: 2
Additionally the following tag was passed: 1, 1.0478, 0.794, 0.229, 0.22, 0.333
Adding handler for unhandled exceptions ...
Initializing ... 
Instance recognized!
Parsing setting config ...
Parsing control config ...
Parsing instance ...
StatisticsFolder: Weighted2-Db_[[1, 1.0478, 0.794]]_3_[0.229, 0.22, 0.333].csv-2
Done!
