Executing ... 
 09:25:06 | >>> Warming up ...
 00:00:00 | >>> Warmup finished - starting simulation ...
 Realtime |   ETA    |  Sim.Time  | Progress | #Orders | #Bundles | Inv. | Distance | #Coll. |   Memory    
 00:00:00 |   n/a    | 0.00:00:00 |  0.00%   |    0    |    0     | 60%  |    0     |   0    |  78.38MB  
 00:00:00 | Cannot generate further orders - suspending generation for now
 00:00:00 | Cannot generate further orders - suspending generation for now
 00:00:00 | Cannot generate further orders - suspending generation for now
 00:00:00 | Cannot generate further orders - suspending generation for now
 00:00:01 | Cannot generate further orders - suspending generation for now
 00:00:01 | Cannot generate further orders - suspending generation for now
 00:00:01 | Cannot generate further orders - suspending generation for now
 00:00:01 | Cannot generate further orders - suspending generation for now
 00:00:01 | 00:00:00 | 0.00:30:00 | 100.00%  |   458   |    0     | 18%  |   5185   |   0    |  73.74MB  
 00:00:01 | >>> Simulation finished - writing results ...
 00:00:01 | >>> Results written
Simulation finished.
>>> Timings
StatTimingPathPlanningAverage: 0.00011656266044340718
StatTimingPathPlanningOverall: 0.09989419999999996
StatTimingPathPlanningCount: 857
StatTimingTaskAllocationAverage: 0.0016945308755760369
StatTimingTaskAllocationOverall: 0.3677132
StatTimingTaskAllocationCount: 217
StatTimingItemStorageAverage: 1.0382440476190526E-06
StatTimingItemStorageOverall: 0.0006977000000000034
StatTimingItemStorageCount: 672
StatTimingPodStorageAverage: 0.0015112067307692298
StatTimingPodStorageOverall: 0.1571654999999999
StatTimingPodStorageCount: 104
StatTimingReplenishmentBatchingAverage: 8.25E-06
StatTimingReplenishmentBatchingOverall: 1.65E-05
StatTimingReplenishmentBatchingCount: 2
StatTimingOrderBatchingAverage: 0.00015683040000000006
StatTimingOrderBatchingOverall: 0.11762280000000004
StatTimingOrderBatchingCount: 750
>>> Overall
StatOverallBundlesPlaced: 0
StatOverallItemsOrdered: 640
StatOverallOrdersPlaced: 406
StatOverallBundlesRejected: 0
StatOverallOrdersRejected: 0
StatOverallBundlesHandled: 0
StatOverallItemsHandled: 699
StatOverallLinesHandled: 658
StatOverallOrdersHandled: 458
StatOverallCollisions: 0
StatOverallDistanceTraveled: 5184.669585710399
StatOverallDistanceEstimated: 5080
StatOverallAssignedTasks: 217
StatMaxMemoryUsed: 77,44140625
StatRealTimeUsed: 1.1193229
StatAverageTurnoverTime: 454.699633608298
StatMedianTurnoverTime: 288.61777777777826
StatLowerQuartileTurnoverTime: 111.01676045807949
StatUpperQuartileTurnoverTime: 679.6816666666668
StatAverageThroughputTime: 98.90014557549402
StatMedianThroughputTime: 20.05120490252409
StatLowerQuartileThroughputTime: 12.482777777777756
StatUpperQuartileThroughputTime: 78.22074313838164

Marked tag finished after 1 tries!
.Fin. - SUCCESS
<<< Welcome to the RAWSimO CLI >>>
The time is: 06/13/2024 09:25:07
Starting RAWSimO wrapper with the following arguments:
Instance: ..\..\..\..\Material\Instances\0.Weighted30min Demand separate\Da\Weighted2.xinst
Setting: ..\..\..\..\Material\Instances\0.Weighted30min Demand separate\Da\Weighted2.xsett
ControlConfig: ..\..\..\..\Material\Instances\0.Weighted30min Demand separate\Da\Weighted2.xconf
StatisticsDir: ..\..\..\..\Material\Instances\0.Weighted30min Demand separate\Da
Seed: 2
Additionally the following tag was passed: 1, 10.0, 0.29874999999999996, 0.14, 0.1, 0.466
Adding handler for unhandled exceptions ...
Initializing ... 
Instance recognized!
Parsing setting config ...
Parsing control config ...
Parsing instance ...
StatisticsFolder: Weighted2-Da_[[1, 10.0, 0.29874999999999996]]_2_[0.14, 0.1, 0.466].csv-2
Done!
