Executing ... 
 19:20:50 | >>> Warming up ...
 00:00:00 | >>> Warmup finished - starting simulation ...
 Realtime |   ETA    |  Sim.Time  | Progress | #Orders | #Bundles | Inv. | Distance | #Coll. |   Memory    
 00:00:00 |   n/a    | 0.00:00:00 |  0.00%   |    0    |    0     | 60%  |    0     |   0    |  70.80MB  
 00:00:00 | Cannot generate further orders - suspending generation for now
 00:00:00 | Cannot generate further orders - suspending generation for now
 00:00:00 | Cannot generate further orders - suspending generation for now
 00:00:00 | Cannot generate further orders - suspending generation for now
 00:00:00 | Cannot generate further orders - suspending generation for now
 00:00:00 | Cannot generate further orders - suspending generation for now
 00:00:01 | Cannot generate further orders - suspending generation for now
 00:00:01 | Cannot generate further orders - suspending generation for now
 00:00:01 | Cannot generate further orders - suspending generation for now
 00:00:01 | Cannot generate further orders - suspending generation for now
 00:00:01 | 00:00:00 | 0.00:30:00 | 100.00%  |   490   |    0     | 14%  |   4971   |   0    |  74.20MB  
 00:00:01 | >>> Simulation finished - writing results ...
 00:00:01 | >>> Results written
Simulation finished.
>>> Timings
StatTimingPathPlanningAverage: 9.911141781681297E-05
StatTimingPathPlanningOverall: 0.07899179999999995
StatTimingPathPlanningCount: 797
StatTimingTaskAllocationAverage: 0.0021272936893203865
StatTimingTaskAllocationOverall: 0.4382224999999996
StatTimingTaskAllocationCount: 206
StatTimingItemStorageAverage: 1.1196524064171082E-06
StatTimingItemStorageOverall: 0.0008374999999999969
StatTimingItemStorageCount: 748
StatTimingPodStorageAverage: 0.0017926010101010107
StatTimingPodStorageOverall: 0.17746750000000006
StatTimingPodStorageCount: 99
StatTimingReplenishmentBatchingAverage: 8.200000000000001E-06
StatTimingReplenishmentBatchingOverall: 1.6400000000000002E-05
StatTimingReplenishmentBatchingCount: 2
StatTimingOrderBatchingAverage: 9.807382133995038E-05
StatTimingOrderBatchingOverall: 0.0790475
StatTimingOrderBatchingCount: 806
>>> Overall
StatOverallBundlesPlaced: 0
StatOverallItemsOrdered: 659
StatOverallOrdersPlaced: 408
StatOverallBundlesRejected: 0
StatOverallOrdersRejected: 0
StatOverallBundlesHandled: 0
StatOverallItemsHandled: 770
StatOverallLinesHandled: 715
StatOverallOrdersHandled: 490
StatOverallCollisions: 0
StatOverallDistanceTraveled: 4971.326450232229
StatOverallDistanceEstimated: 4896
StatOverallAssignedTasks: 206
StatMaxMemoryUsed: 76,41015625
StatRealTimeUsed: 1.1001715
StatAverageTurnoverTime: 464.96913887171775
StatMedianTurnoverTime: 323.04361470757215
StatLowerQuartileTurnoverTime: 140
StatUpperQuartileTurnoverTime: 669.9003751656567
StatAverageThroughputTime: 88.45587193906908
StatMedianThroughputTime: 24.04176045807958
StatLowerQuartileThroughputTime: 12.738427124746067
StatUpperQuartileThroughputTime: 80.55536797272975

Marked tag finished after 1 tries!
.Fin. - SUCCESS
<<< Welcome to the RAWSimO CLI >>>
The time is: 06/25/2024 19:20:51
Starting RAWSimO wrapper with the following arguments:
Instance: ..\..\..\..\Material\Instances\10.Weighted30min Demand Gall\Dp\Weighted2.xinst
Setting: ..\..\..\..\Material\Instances\10.Weighted30min Demand Gall\Dp\Weighted2.xsett
ControlConfig: ..\..\..\..\Material\Instances\10.Weighted30min Demand Gall\Dp\Weighted2.xconf
StatisticsDir: ..\..\..\..\Material\Instances\10.Weighted30min Demand Gall\Dp
Seed: 5
Additionally the following tag was passed: 1, 0.28, 1.0, 0.143, 0.507, 1.0
Adding handler for unhandled exceptions ...
Initializing ... 
Instance recognized!
Parsing setting config ...
Parsing control config ...
Parsing instance ...
StatisticsFolder: Weighted2-Dp_[[1, 0.28, 1.0]]_2_[0.143, 0.507, 1.0].csv-5
Done!
