Executing ... 
 09:50:18 | >>> Warming up ...
 00:00:00 | >>> Warmup finished - starting simulation ...
 Realtime |   ETA    |  Sim.Time  | Progress | #Orders | #Bundles | Inv. | Distance | #Coll. |   Memory    
 00:00:00 |   n/a    | 0.00:00:00 |  0.00%   |    0    |    0     | 60%  |    0     |   0    | 127.33MB  
 00:00:00 | Cannot generate further orders - suspending generation for now
 00:00:00 | Cannot generate further orders - suspending generation for now
 00:00:00 | Cannot generate further orders - suspending generation for now
 00:00:01 | Cannot generate further orders - suspending generation for now
 00:00:01 | Cannot generate further orders - suspending generation for now
 00:00:01 | Cannot generate further orders - suspending generation for now
 00:00:01 | Cannot generate further orders - suspending generation for now
 00:00:01 | Cannot generate further orders - suspending generation for now
 00:00:01 | Cannot generate further orders - suspending generation for now
 00:00:01 | Cannot generate further orders - suspending generation for now
 00:00:01 | Cannot generate further orders - suspending generation for now
 00:00:01 | 00:00:00 | 0.00:30:00 | 100.00%  |   493   |    0     | 15%  |   5082   |   0    | 129.59MB  
 00:00:01 | >>> Simulation finished - writing results ...
 00:00:01 | >>> Results written
Simulation finished.
>>> Timings
StatTimingPathPlanningAverage: 9.418201183431959E-05
StatTimingPathPlanningOverall: 0.07958380000000005
StatTimingPathPlanningCount: 845
StatTimingTaskAllocationAverage: 0.0022696428571428564
StatTimingTaskAllocationOverall: 0.47662499999999985
StatTimingTaskAllocationCount: 210
StatTimingItemStorageAverage: 1.2303324099722941E-06
StatTimingItemStorageOverall: 0.0008882999999999964
StatTimingItemStorageCount: 722
StatTimingPodStorageAverage: 0.0017589639999999998
StatTimingPodStorageOverall: 0.17589639999999998
StatTimingPodStorageCount: 100
StatTimingReplenishmentBatchingAverage: 9.3E-06
StatTimingReplenishmentBatchingOverall: 1.86E-05
StatTimingReplenishmentBatchingCount: 2
StatTimingOrderBatchingAverage: 9.743003802281375E-05
StatTimingOrderBatchingOverall: 0.07687230000000005
StatTimingOrderBatchingCount: 789
>>> Overall
StatOverallBundlesPlaced: 0
StatOverallItemsOrdered: 646
StatOverallOrdersPlaced: 410
StatOverallBundlesRejected: 0
StatOverallOrdersRejected: 0
StatOverallBundlesHandled: 0
StatOverallItemsHandled: 753
StatOverallLinesHandled: 712
StatOverallOrdersHandled: 493
StatOverallCollisions: 0
StatOverallDistanceTraveled: 5082.337766874602
StatOverallDistanceEstimated: 5034
StatOverallAssignedTasks: 210
StatMaxMemoryUsed: 131,70703125
StatRealTimeUsed: 1.1763355
StatAverageTurnoverTime: 447.09265649531255
StatMedianTurnoverTime: 281.91999999999985
StatLowerQuartileTurnoverTime: 132.1641630702058
StatUpperQuartileTurnoverTime: 630.1255555555551
StatAverageThroughputTime: 94.11570304593707
StatMedianThroughputTime: 24.73055555555584
StatLowerQuartileThroughputTime: 16.261666666666684
StatUpperQuartileThroughputTime: 75.64111111111089

Marked tag finished after 1 tries!
.Fin. - SUCCESS
<<< Welcome to the RAWSimO CLI >>>
The time is: 06/13/2024 09:50:20
Starting RAWSimO wrapper with the following arguments:
Instance: ..\..\..\..\Material\Instances\0.Weighted30min Demand separate\Dc\Weighted2.xinst
Setting: ..\..\..\..\Material\Instances\0.Weighted30min Demand separate\Dc\Weighted2.xsett
ControlConfig: ..\..\..\..\Material\Instances\0.Weighted30min Demand separate\Dc\Weighted2.xconf
StatisticsDir: ..\..\..\..\Material\Instances\0.Weighted30min Demand separate\Dc
Seed: 2
Additionally the following tag was passed: 1, 2.4696, 0.27199999999999996, 0.146, 0.143, 0.538
Adding handler for unhandled exceptions ...
Initializing ... 
Instance recognized!
Parsing setting config ...
Parsing control config ...
Parsing instance ...
StatisticsFolder: Weighted2-Dc_[[1, 2.4696, 0.27199999999999996]]_3_[0.146, 0.143, 0.538].csv-2
Done!
