Executing ... 
 09:47:57 | >>> Warming up ...
 00:00:00 | >>> Warmup finished - starting simulation ...
 Realtime |   ETA    |  Sim.Time  | Progress | #Orders | #Bundles | Inv. | Distance | #Coll. |   Memory    
 00:00:00 |   n/a    | 0.00:00:00 |  0.00%   |    0    |    0     | 60%  |    0     |   0    | 125.35MB  
 00:00:00 | Cannot generate further orders - suspending generation for now
 00:00:00 | Cannot generate further orders - suspending generation for now
 00:00:00 | Cannot generate further orders - suspending generation for now
 00:00:00 | Cannot generate further orders - suspending generation for now
 00:00:00 | Cannot generate further orders - suspending generation for now
 00:00:00 | Cannot generate further orders - suspending generation for now
 00:00:00 | Cannot generate further orders - suspending generation for now
 00:00:01 | Cannot generate further orders - suspending generation for now
 00:00:01 | Cannot generate further orders - suspending generation for now
 00:00:01 | Cannot generate further orders - suspending generation for now
 00:00:01 | 00:00:00 | 0.00:30:00 | 100.00%  |   471   |    0     | 16%  |   5062   |   0    | 127.41MB  
 00:00:01 | >>> Simulation finished - writing results ...
 00:00:01 | >>> Results written
Simulation finished.
>>> Timings
StatTimingPathPlanningAverage: 9.663754266211607E-05
StatTimingPathPlanningOverall: 0.08494440000000002
StatTimingPathPlanningCount: 879
StatTimingTaskAllocationAverage: 0.0020478120772946876
StatTimingTaskAllocationOverall: 0.4238971000000003
StatTimingTaskAllocationCount: 207
StatTimingItemStorageAverage: 9.76462196861629E-07
StatTimingItemStorageOverall: 0.000684500000000002
StatTimingItemStorageCount: 701
StatTimingPodStorageAverage: 0.0017806020202020209
StatTimingPodStorageOverall: 0.17627960000000006
StatTimingPodStorageCount: 99
StatTimingReplenishmentBatchingAverage: 1.14E-05
StatTimingReplenishmentBatchingOverall: 2.28E-05
StatTimingReplenishmentBatchingCount: 2
StatTimingOrderBatchingAverage: 9.7598041775457E-05
StatTimingOrderBatchingOverall: 0.07476010000000007
StatTimingOrderBatchingCount: 766
>>> Overall
StatOverallBundlesPlaced: 0
StatOverallItemsOrdered: 665
StatOverallOrdersPlaced: 417
StatOverallBundlesRejected: 0
StatOverallOrdersRejected: 0
StatOverallBundlesHandled: 0
StatOverallItemsHandled: 731
StatOverallLinesHandled: 690
StatOverallOrdersHandled: 471
StatOverallCollisions: 0
StatOverallDistanceTraveled: 5062.448340790367
StatOverallDistanceEstimated: 4988
StatOverallAssignedTasks: 207
StatMaxMemoryUsed: 131,9453125
StatRealTimeUsed: 1.0759575
StatAverageTurnoverTime: 452.81612948216014
StatMedianTurnoverTime: 313.3063852924281
StatLowerQuartileTurnoverTime: 137.4583333333334
StatUpperQuartileTurnoverTime: 657.0530591520167
StatAverageThroughputTime: 91.83244628285877
StatMedianThroughputTime: 26.92444444444459
StatLowerQuartileThroughputTime: 16.592222222222176
StatUpperQuartileThroughputTime: 78.57176045807947

Marked tag finished after 1 tries!
.Fin. - SUCCESS
<<< Welcome to the RAWSimO CLI >>>
The time is: 06/13/2024 09:47:59
Starting RAWSimO wrapper with the following arguments:
Instance: ..\..\..\..\Material\Instances\0.Weighted30min Demand separate\Dc\Weighted2.xinst
Setting: ..\..\..\..\Material\Instances\0.Weighted30min Demand separate\Dc\Weighted2.xsett
ControlConfig: ..\..\..\..\Material\Instances\0.Weighted30min Demand separate\Dc\Weighted2.xconf
StatisticsDir: ..\..\..\..\Material\Instances\0.Weighted30min Demand separate\Dc
Seed: 1
Additionally the following tag was passed: 1, 0.058, 0.058, 0.091, 0.186, 0.683
Adding handler for unhandled exceptions ...
Initializing ... 
Instance recognized!
Parsing setting config ...
Parsing control config ...
Parsing instance ...
StatisticsFolder: Weighted2-Dc_[[1, 0.058, 0.058]]_1_[0.091, 0.186, 0.683].csv-1
Done!
