Executing ... 
 19:23:07 | >>> Warming up ...
 00:00:00 | >>> Warmup finished - starting simulation ...
 Realtime |   ETA    |  Sim.Time  | Progress | #Orders | #Bundles | Inv. | Distance | #Coll. |   Memory    
 00:00:00 |   n/a    | 0.00:00:00 |  0.00%   |    0    |    0     | 60%  |    0     |   0    |  81.91MB  
 00:00:00 | Cannot generate further orders - suspending generation for now
 00:00:00 | Cannot generate further orders - suspending generation for now
 00:00:00 | Cannot generate further orders - suspending generation for now
 00:00:00 | Cannot generate further orders - suspending generation for now
 00:00:00 | Cannot generate further orders - suspending generation for now
 00:00:00 | Cannot generate further orders - suspending generation for now
 00:00:00 | Cannot generate further orders - suspending generation for now
 00:00:00 | Cannot generate further orders - suspending generation for now
 00:00:00 | Cannot generate further orders - suspending generation for now
 00:00:00 | 00:00:00 | 0.00:30:00 | 100.00%  |   490   |    0     | 15%  |   4978   |   0    |  82.95MB  
 00:00:00 | >>> Simulation finished - writing results ...
 00:00:00 | >>> Results written
Simulation finished.
>>> Timings
StatTimingPathPlanningAverage: 8.139104294478524E-05
StatTimingPathPlanningOverall: 0.06633369999999997
StatTimingPathPlanningCount: 815
StatTimingTaskAllocationAverage: 0.0016428966666666655
StatTimingTaskAllocationOverall: 0.34500829999999977
StatTimingTaskAllocationCount: 210
StatTimingItemStorageAverage: 8.785811732605772E-07
StatTimingItemStorageOverall: 0.0006440000000000031
StatTimingItemStorageCount: 733
StatTimingPodStorageAverage: 0.0015324529999999994
StatTimingPodStorageOverall: 0.15324529999999995
StatTimingPodStorageCount: 100
StatTimingReplenishmentBatchingAverage: 7.15E-06
StatTimingReplenishmentBatchingOverall: 1.43E-05
StatTimingReplenishmentBatchingCount: 2
StatTimingOrderBatchingAverage: 8.866453634085228E-05
StatTimingOrderBatchingOverall: 0.07075430000000012
StatTimingOrderBatchingCount: 798
>>> Overall
StatOverallBundlesPlaced: 0
StatOverallItemsOrdered: 660
StatOverallOrdersPlaced: 422
StatOverallBundlesRejected: 0
StatOverallOrdersRejected: 0
StatOverallBundlesHandled: 0
StatOverallItemsHandled: 757
StatOverallLinesHandled: 709
StatOverallOrdersHandled: 490
StatOverallCollisions: 0
StatOverallDistanceTraveled: 4977.78788969317
StatOverallDistanceEstimated: 4872
StatOverallAssignedTasks: 210
StatMaxMemoryUsed: 85,87890625
StatRealTimeUsed: 0.9105134
StatAverageTurnoverTime: 468.7719013265586
StatMedianTurnoverTime: 365.4338022903975
StatLowerQuartileTurnoverTime: 180.50564934696877
StatUpperQuartileTurnoverTime: 632.5213924853497
StatAverageThroughputTime: 87.00837952327052
StatMedianThroughputTime: 24.804444444444698
StatLowerQuartileThroughputTime: 16.14166666666688
StatUpperQuartileThroughputTime: 82.01139248534986

Marked tag finished after 1 tries!
.Fin. - SUCCESS
<<< Welcome to the RAWSimO CLI >>>
The time is: 06/25/2024 19:23:08
Starting RAWSimO wrapper with the following arguments:
Instance: ..\..\..\..\Material\Instances\10.Weighted30min Demand Gall\Dp\Weighted2.xinst
Setting: ..\..\..\..\Material\Instances\10.Weighted30min Demand Gall\Dp\Weighted2.xsett
ControlConfig: ..\..\..\..\Material\Instances\10.Weighted30min Demand Gall\Dp\Weighted2.xconf
StatisticsDir: ..\..\..\..\Material\Instances\10.Weighted30min Demand Gall\Dp
Seed: 6
Additionally the following tag was passed: 1, 0.82, 1.0, 0.194, 0.233, 1.0
Adding handler for unhandled exceptions ...
Initializing ... 
Instance recognized!
Parsing setting config ...
Parsing control config ...
Parsing instance ...
StatisticsFolder: Weighted2-Dp_[[1, 0.82, 1.0]]_2_[0.194, 0.233, 1.0].csv-6
Done!
