Executing ... 
 16:48:22 | >>> Warming up ...
 00:00:00 | >>> Warmup finished - starting simulation ...
 Realtime |   ETA    |  Sim.Time  | Progress | #Orders | #Bundles | Inv. | Distance | #Coll. |   Memory    
 00:00:00 |   n/a    | 0.00:00:00 |  0.00%   |    0    |    0     | 60%  |    0     |   0    | 113.52MB  
 00:00:00 | Cannot generate further orders - suspending generation for now
 00:00:00 | Cannot generate further orders - suspending generation for now
 00:00:00 | Cannot generate further orders - suspending generation for now
 00:00:00 | Cannot generate further orders - suspending generation for now
 00:00:00 | Cannot generate further orders - suspending generation for now
 00:00:00 | 00:00:00 | 0.00:30:00 | 100.00%  |   426   |    0     | 22%  |   5421   |   0    | 109.18MB  
 00:00:00 | >>> Simulation finished - writing results ...
 00:00:01 | >>> Results written
Simulation finished.
>>> Timings
StatTimingPathPlanningAverage: 8.934481566820274E-05
StatTimingPathPlanningOverall: 0.07755129999999998
StatTimingPathPlanningCount: 868
StatTimingTaskAllocationAverage: 0.0016260737556561102
StatTimingTaskAllocationOverall: 0.35936230000000036
StatTimingTaskAllocationCount: 221
StatTimingItemStorageAverage: 1.198379254457049E-06
StatTimingItemStorageOverall: 0.0007393999999999992
StatTimingItemStorageCount: 617
StatTimingPodStorageAverage: 0.0014415547169811314
StatTimingPodStorageOverall: 0.15280479999999994
StatTimingPodStorageCount: 106
StatTimingReplenishmentBatchingAverage: 8.65E-06
StatTimingReplenishmentBatchingOverall: 1.73E-05
StatTimingReplenishmentBatchingCount: 2
StatTimingOrderBatchingAverage: 7.689851752021563E-05
StatTimingOrderBatchingOverall: 0.0570587
StatTimingOrderBatchingCount: 742
>>> Overall
StatOverallBundlesPlaced: 0
StatOverallItemsOrdered: 640
StatOverallOrdersPlaced: 414
StatOverallBundlesRejected: 0
StatOverallOrdersRejected: 0
StatOverallBundlesHandled: 0
StatOverallItemsHandled: 631
StatOverallLinesHandled: 593
StatOverallOrdersHandled: 426
StatOverallCollisions: 0
StatOverallDistanceTraveled: 5421.1613021897065
StatOverallDistanceEstimated: 5214
StatOverallAssignedTasks: 221
StatMaxMemoryUsed: 113,5234375
StatRealTimeUsed: 0.9582586
StatAverageTurnoverTime: 497.11666911097086
StatMedianTurnoverTime: 366.8800937914139
StatLowerQuartileTurnoverTime: 177.42953823585685
StatUpperQuartileTurnoverTime: 708.9071356237315
StatAverageThroughputTime: 91.90205988248643
StatMedianThroughputTime: 16.88676045807958
StatLowerQuartileThroughputTime: 12.223333333333358
StatUpperQuartileThroughputTime: 76.4355555555556

Marked tag finished after 1 tries!
.Fin. - SUCCESS
<<< Welcome to the RAWSimO CLI >>>
The time is: 06/03/2024 16:48:23
Starting RAWSimO wrapper with the following arguments:
Instance: ..\..\..\..\Material\Instances\0.Weighted30min\Weighted2.xinst
Setting: ..\..\..\..\Material\Instances\0.Weighted30min\Weighted2.xsett
ControlConfig: ..\..\..\..\Material\Instances\0.Weighted30min\Weighted2.xconf
StatisticsDir: ..\..\..\..\Material\Instances\0.Weighted30min
Seed: 1
Additionally the following tag was passed: Ddwlow
Adding handler for unhandled exceptions ...
Initializing ... 
Instance recognized!
Parsing setting config ...
Parsing control config ...
Parsing instance ...
StatisticsFolder: Weighted2-Dd_wlow_2.csv-1
Done!
