Executing ... 
 19:21:54 | >>> Warming up ...
 00:00:00 | >>> Warmup finished - starting simulation ...
 Realtime |   ETA    |  Sim.Time  | Progress | #Orders | #Bundles | Inv. | Distance | #Coll. |   Memory    
 00:00:00 |   n/a    | 0.00:00:00 |  0.00%   |    0    |    0     | 60%  |    0     |   0    | 100.30MB  
 00:00:00 | Cannot generate further orders - suspending generation for now
 00:00:00 | Cannot generate further orders - suspending generation for now
 00:00:00 | Cannot generate further orders - suspending generation for now
 00:00:00 | Cannot generate further orders - suspending generation for now
 00:00:00 | Cannot generate further orders - suspending generation for now
 00:00:00 | Cannot generate further orders - suspending generation for now
 00:00:00 | Cannot generate further orders - suspending generation for now
 00:00:00 | Cannot generate further orders - suspending generation for now
 00:00:01 | Cannot generate further orders - suspending generation for now
 00:00:01 | Cannot generate further orders - suspending generation for now
 00:00:01 | Cannot generate further orders - suspending generation for now
 00:00:01 | 00:00:00 | 0.00:30:00 | 100.00%  |   504   |    0     | 13%  |   4940   |   0    |  97.17MB  
 00:00:01 | >>> Simulation finished - writing results ...
 00:00:01 | >>> Results written
Simulation finished.
>>> Timings
StatTimingPathPlanningAverage: 8.894334170854275E-05
StatTimingPathPlanningOverall: 0.07079890000000003
StatTimingPathPlanningCount: 796
StatTimingTaskAllocationAverage: 0.0021048377450980393
StatTimingTaskAllocationOverall: 0.4293869
StatTimingTaskAllocationCount: 204
StatTimingItemStorageAverage: 1.0127659574468096E-06
StatTimingItemStorageOverall: 0.0007616000000000008
StatTimingItemStorageCount: 752
StatTimingPodStorageAverage: 0.0019409173469387764
StatTimingPodStorageOverall: 0.1902099000000001
StatTimingPodStorageCount: 98
StatTimingReplenishmentBatchingAverage: 8.45E-06
StatTimingReplenishmentBatchingOverall: 1.69E-05
StatTimingReplenishmentBatchingCount: 2
StatTimingOrderBatchingAverage: 9.941099999999996E-05
StatTimingOrderBatchingOverall: 0.07952879999999997
StatTimingOrderBatchingCount: 800
>>> Overall
StatOverallBundlesPlaced: 0
StatOverallItemsOrdered: 651
StatOverallOrdersPlaced: 413
StatOverallBundlesRejected: 0
StatOverallOrdersRejected: 0
StatOverallBundlesHandled: 0
StatOverallItemsHandled: 785
StatOverallLinesHandled: 743
StatOverallOrdersHandled: 504
StatOverallCollisions: 0
StatOverallDistanceTraveled: 4940.408220039042
StatOverallDistanceEstimated: 4790
StatOverallAssignedTasks: 204
StatMaxMemoryUsed: 100,30078125
StatRealTimeUsed: 1.062187
StatAverageTurnoverTime: 469.11716902167564
StatMedianTurnoverTime: 329.75907647171454
StatLowerQuartileTurnoverTime: 163.6568470565711
StatUpperQuartileTurnoverTime: 610.6261111111111
StatAverageThroughputTime: 98.31145000079054
StatMedianThroughputTime: 28.287316013635177
StatLowerQuartileThroughputTime: 16.170093791412683
StatUpperQuartileThroughputTime: 91.64425686161576

Marked tag finished after 1 tries!
.Fin. - SUCCESS
<<< Welcome to the RAWSimO CLI >>>
The time is: 06/25/2024 19:21:55
Starting RAWSimO wrapper with the following arguments:
Instance: ..\..\..\..\Material\Instances\10.Weighted30min Demand Gall\Dp\Weighted2.xinst
Setting: ..\..\..\..\Material\Instances\10.Weighted30min Demand Gall\Dp\Weighted2.xsett
ControlConfig: ..\..\..\..\Material\Instances\10.Weighted30min Demand Gall\Dp\Weighted2.xconf
StatisticsDir: ..\..\..\..\Material\Instances\10.Weighted30min Demand Gall\Dp
Seed: 2
Additionally the following tag was passed: 1, 0.55, 1.0, 0.177, 0.32, 1.0
Adding handler for unhandled exceptions ...
Initializing ... 
Instance recognized!
Parsing setting config ...
Parsing control config ...
Parsing instance ...
StatisticsFolder: Weighted2-Dp_[[1, 0.55, 1.0]]_2_[0.177, 0.32, 1.0].csv-2
Done!
