Executing ... 
 09:49:03 | >>> Warming up ...
 00:00:00 | >>> Warmup finished - starting simulation ...
 Realtime |   ETA    |  Sim.Time  | Progress | #Orders | #Bundles | Inv. | Distance | #Coll. |   Memory    
 00:00:00 |   n/a    | 0.00:00:00 |  0.00%   |    0    |    0     | 60%  |    0     |   0    | 131.61MB  
 00:00:00 | Cannot generate further orders - suspending generation for now
 00:00:00 | Cannot generate further orders - suspending generation for now
 00:00:00 | Cannot generate further orders - suspending generation for now
 00:00:00 | Cannot generate further orders - suspending generation for now
 00:00:00 | Cannot generate further orders - suspending generation for now
 00:00:00 | Cannot generate further orders - suspending generation for now
 00:00:00 | Cannot generate further orders - suspending generation for now
 00:00:00 | Cannot generate further orders - suspending generation for now
 00:00:00 | Cannot generate further orders - suspending generation for now
 00:00:00 | Cannot generate further orders - suspending generation for now
 00:00:00 | Cannot generate further orders - suspending generation for now
 00:00:00 | Cannot generate further orders - suspending generation for now
 00:00:01 | Cannot generate further orders - suspending generation for now
 00:00:01 | 00:00:00 | 0.00:30:00 | 100.00%  |   517   |    0     | 11%  |   4667   |   0    | 126.51MB  
 00:00:01 | >>> Simulation finished - writing results ...
 00:00:01 | >>> Results written
Simulation finished.
>>> Timings
StatTimingPathPlanningAverage: 0.00010020586034912707
StatTimingPathPlanningOverall: 0.08036509999999991
StatTimingPathPlanningCount: 802
StatTimingTaskAllocationAverage: 0.0019121041450777198
StatTimingTaskAllocationOverall: 0.3690360999999999
StatTimingTaskAllocationCount: 193
StatTimingItemStorageAverage: 9.033962264150953E-07
StatTimingItemStorageOverall: 0.0007182000000000008
StatTimingItemStorageCount: 795
StatTimingPodStorageAverage: 0.0017626576086956515
StatTimingPodStorageOverall: 0.16216449999999993
StatTimingPodStorageCount: 92
StatTimingReplenishmentBatchingAverage: 8E-06
StatTimingReplenishmentBatchingOverall: 1.6E-05
StatTimingReplenishmentBatchingCount: 2
StatTimingOrderBatchingAverage: 8.284089775561095E-05
StatTimingOrderBatchingOverall: 0.06643839999999998
StatTimingOrderBatchingCount: 802
>>> Overall
StatOverallBundlesPlaced: 0
StatOverallItemsOrdered: 634
StatOverallOrdersPlaced: 395
StatOverallBundlesRejected: 0
StatOverallOrdersRejected: 0
StatOverallBundlesHandled: 0
StatOverallItemsHandled: 824
StatOverallLinesHandled: 783
StatOverallOrdersHandled: 517
StatOverallCollisions: 0
StatOverallDistanceTraveled: 4666.804992296169
StatOverallDistanceEstimated: 4473
StatOverallAssignedTasks: 193
StatMaxMemoryUsed: 131,60546875
StatRealTimeUsed: 1.0105412
StatAverageTurnoverTime: 443.9424962356603
StatMedianTurnoverTime: 259.31787156919063
StatLowerQuartileTurnoverTime: 118.56833333333341
StatUpperQuartileTurnoverTime: 671.6747258186829
StatAverageThroughputTime: 84.46267812964318
StatMedianThroughputTime: 31.434076471715798
StatLowerQuartileThroughputTime: 20.47259019495209
StatUpperQuartileThroughputTime: 78.0705555555553

Marked tag finished after 1 tries!
.Fin. - SUCCESS
<<< Welcome to the RAWSimO CLI >>>
The time is: 06/13/2024 09:49:04
Starting RAWSimO wrapper with the following arguments:
Instance: ..\..\..\..\Material\Instances\0.Weighted30min Demand separate\Dc\Weighted2.xinst
Setting: ..\..\..\..\Material\Instances\0.Weighted30min Demand separate\Dc\Weighted2.xsett
ControlConfig: ..\..\..\..\Material\Instances\0.Weighted30min Demand separate\Dc\Weighted2.xconf
StatisticsDir: ..\..\..\..\Material\Instances\0.Weighted30min Demand separate\Dc
Seed: 1
Additionally the following tag was passed: 1, 1.2638, 0.058, 0.084, 0.186, 0.704
Adding handler for unhandled exceptions ...
Initializing ... 
Instance recognized!
Parsing setting config ...
Parsing control config ...
Parsing instance ...
StatisticsFolder: Weighted2-Dc_[[1, 1.2638, 0.058]]_1_[0.084, 0.186, 0.704].csv-1
Done!
