Executing ... 
 16:18:52 | >>> Warming up ...
 00:00:00 | >>> Warmup finished - starting simulation ...
 Realtime |   ETA    |  Sim.Time  | Progress | #Orders | #Bundles | Inv. | Distance | #Coll. |   Memory    
 00:00:00 |   n/a    | 0.00:00:00 |  0.00%   |    0    |    0     | 60%  |    0     |   0    |  77.90MB  
 00:00:00 | Cannot generate further orders - suspending generation for now
 00:00:00 | Cannot generate further orders - suspending generation for now
 00:00:00 | Cannot generate further orders - suspending generation for now
 00:00:00 | Cannot generate further orders - suspending generation for now
 00:00:00 | Cannot generate further orders - suspending generation for now
 00:00:01 | Cannot generate further orders - suspending generation for now
 00:00:01 | Cannot generate further orders - suspending generation for now
 00:00:01 | Cannot generate further orders - suspending generation for now
 00:00:01 | Cannot generate further orders - suspending generation for now
 00:00:01 | Cannot generate further orders - suspending generation for now
 00:00:01 | Cannot generate further orders - suspending generation for now
 00:00:01 | Cannot generate further orders - suspending generation for now
 00:00:01 | 00:00:00 | 0.00:30:00 | 100.00%  |   504   |    0     | 12%  |   4834   |   0    |  74.48MB  
 00:00:01 | >>> Simulation finished - writing results ...
 00:00:01 | >>> Results written
Simulation finished.
>>> Timings
StatTimingPathPlanningAverage: 0.00014480493670886074
StatTimingPathPlanningOverall: 0.11439589999999998
StatTimingPathPlanningCount: 790
StatTimingTaskAllocationAverage: 0.002255686153846152
StatTimingTaskAllocationOverall: 0.4398587999999997
StatTimingTaskAllocationCount: 195
StatTimingItemStorageAverage: 1.1246701846965714E-06
StatTimingItemStorageOverall: 0.000852500000000001
StatTimingItemStorageCount: 758
StatTimingPodStorageAverage: 0.0022584702127659575
StatTimingPodStorageOverall: 0.2122962
StatTimingPodStorageCount: 94
StatTimingReplenishmentBatchingAverage: 9.5E-06
StatTimingReplenishmentBatchingOverall: 1.9E-05
StatTimingReplenishmentBatchingCount: 2
StatTimingOrderBatchingAverage: 0.00013186107634543178
StatTimingOrderBatchingOverall: 0.10535699999999999
StatTimingOrderBatchingCount: 799
>>> Overall
StatOverallBundlesPlaced: 0
StatOverallItemsOrdered: 664
StatOverallOrdersPlaced: 417
StatOverallBundlesRejected: 0
StatOverallOrdersRejected: 0
StatOverallBundlesHandled: 0
StatOverallItemsHandled: 795
StatOverallLinesHandled: 754
StatOverallOrdersHandled: 504
StatOverallCollisions: 0
StatOverallDistanceTraveled: 4834.118989755888
StatOverallDistanceEstimated: 4676
StatOverallAssignedTasks: 195
StatMaxMemoryUsed: 78,6171875
StatRealTimeUsed: 1.1900636
StatAverageTurnoverTime: 435.4766989860139
StatMedianTurnoverTime: 321.9423160136365
StatLowerQuartileTurnoverTime: 126.63842712474599
StatUpperQuartileTurnoverTime: 618.9727777777779
StatAverageThroughputTime: 93.9885876319033
StatMedianThroughputTime: 27.877777777778306
StatLowerQuartileThroughputTime: 17.233888888888956
StatUpperQuartileThroughputTime: 94.35907647171464

Marked tag finished after 1 tries!
.Fin. - SUCCESS
<<< Welcome to the RAWSimO CLI >>>
The time is: 06/21/2024 16:18:53
Starting RAWSimO wrapper with the following arguments:
Instance: ..\..\..\..\Material\Instances\01.Weighted30min Demand Gall\Dp\Weighted2.xinst
Setting: ..\..\..\..\Material\Instances\01.Weighted30min Demand Gall\Dp\Weighted2.xsett
ControlConfig: ..\..\..\..\Material\Instances\01.Weighted30min Demand Gall\Dp\Weighted2.xconf
StatisticsDir: ..\..\..\..\Material\Instances\01.Weighted30min Demand Gall\Dp
Seed: 1
Additionally the following tag was passed: 1, 0.29285714285714287, 1.0, 0.145, 0.493, 1.0
Adding handler for unhandled exceptions ...
Initializing ... 
Instance recognized!
Parsing setting config ...
Parsing control config ...
Parsing instance ...
StatisticsFolder: Weighted2-Dp_[[1, 0.29285714285714287, 1.0]]_3_[0.145, 0.493, 1.0].csv-1
Done!
