Executing ... 
 16:21:00 | >>> Warming up ...
 00:00:00 | >>> Warmup finished - starting simulation ...
 Realtime |   ETA    |  Sim.Time  | Progress | #Orders | #Bundles | Inv. | Distance | #Coll. |   Memory    
 00:00:00 |   n/a    | 0.00:00:00 |  0.00%   |    0    |    0     | 60%  |    0     |   0    |  91.67MB  
 00:00:01 | Cannot generate further orders - suspending generation for now
 00:00:01 | Cannot generate further orders - suspending generation for now
 00:00:01 | Cannot generate further orders - suspending generation for now
 00:00:01 | Cannot generate further orders - suspending generation for now
 00:00:01 | Cannot generate further orders - suspending generation for now
 00:00:01 | Cannot generate further orders - suspending generation for now
 00:00:01 | Cannot generate further orders - suspending generation for now
 00:00:01 | Cannot generate further orders - suspending generation for now
 00:00:01 | 00:00:00 | 0.00:30:00 | 100.00%  |   490   |    0     | 15%  |   4983   |   0    |  87.00MB  
 00:00:01 | >>> Simulation finished - writing results ...
 00:00:01 | >>> Results written
Simulation finished.
>>> Timings
StatTimingPathPlanningAverage: 0.0001412007326007328
StatTimingPathPlanningOverall: 0.11564340000000016
StatTimingPathPlanningCount: 819
StatTimingTaskAllocationAverage: 0.0022992208737864076
StatTimingTaskAllocationOverall: 0.4736395
StatTimingTaskAllocationCount: 206
StatTimingItemStorageAverage: 1.3356164383561658E-06
StatTimingItemStorageOverall: 0.000975000000000001
StatTimingItemStorageCount: 730
StatTimingPodStorageAverage: 0.0017432153061224484
StatTimingPodStorageOverall: 0.17083509999999993
StatTimingPodStorageCount: 98
StatTimingReplenishmentBatchingAverage: 0.00019075
StatTimingReplenishmentBatchingOverall: 0.0003815
StatTimingReplenishmentBatchingCount: 2
StatTimingOrderBatchingAverage: 0.00013115477075588595
StatTimingOrderBatchingOverall: 0.10584189999999996
StatTimingOrderBatchingCount: 807
>>> Overall
StatOverallBundlesPlaced: 0
StatOverallItemsOrdered: 667
StatOverallOrdersPlaced: 430
StatOverallBundlesRejected: 0
StatOverallOrdersRejected: 0
StatOverallBundlesHandled: 0
StatOverallItemsHandled: 743
StatOverallLinesHandled: 703
StatOverallOrdersHandled: 490
StatOverallCollisions: 0
StatOverallDistanceTraveled: 4982.5762446052995
StatOverallDistanceEstimated: 4836
StatOverallAssignedTasks: 206
StatMaxMemoryUsed: 92,09375
StatRealTimeUsed: 1.286362
StatAverageTurnoverTime: 471.9634993089101
StatMedianTurnoverTime: 327.3947258186827
StatLowerQuartileTurnoverTime: 145.08842712474626
StatUpperQuartileTurnoverTime: 676.5828715691911
StatAverageThroughputTime: 91.33204599968262
StatMedianThroughputTime: 24.608333333333235
StatLowerQuartileThroughputTime: 16.555555555555586
StatUpperQuartileThroughputTime: 82.3112049025251

Marked tag finished after 1 tries!
.Fin. - SUCCESS
<<< Welcome to the RAWSimO CLI >>>
The time is: 06/21/2024 16:21:01
Starting RAWSimO wrapper with the following arguments:
Instance: ..\..\..\..\Material\Instances\01.Weighted30min Demand Gall\Dr\Weighted2.xinst
Setting: ..\..\..\..\Material\Instances\01.Weighted30min Demand Gall\Dr\Weighted2.xsett
ControlConfig: ..\..\..\..\Material\Instances\01.Weighted30min Demand Gall\Dr\Weighted2.xconf
StatisticsDir: ..\..\..\..\Material\Instances\01.Weighted30min Demand Gall\Dr
Seed: 3
Additionally the following tag was passed: 1, 0.4642857142857143, 1.0, 0.159, 0.343, 1.0
Adding handler for unhandled exceptions ...
Initializing ... 
Instance recognized!
Parsing setting config ...
Parsing control config ...
Parsing instance ...
StatisticsFolder: Weighted2-Dr_[[1, 0.4642857142857143, 1.0]]_1_[0.159, 0.343, 1.0].csv-3
Done!
