Executing ... 
 09:40:08 | >>> Warming up ...
 00:00:00 | >>> Warmup finished - starting simulation ...
 Realtime |   ETA    |  Sim.Time  | Progress | #Orders | #Bundles | Inv. | Distance | #Coll. |   Memory    
 00:00:00 |   n/a    | 0.00:00:00 |  0.00%   |    0    |    0     | 60%  |    0     |   0    |  99.91MB  
 00:00:00 | Cannot generate further orders - suspending generation for now
 00:00:00 | Cannot generate further orders - suspending generation for now
 00:00:00 | Cannot generate further orders - suspending generation for now
 00:00:00 | Cannot generate further orders - suspending generation for now
 00:00:00 | Cannot generate further orders - suspending generation for now
 00:00:00 | Cannot generate further orders - suspending generation for now
 00:00:00 | Cannot generate further orders - suspending generation for now
 00:00:01 | Cannot generate further orders - suspending generation for now
 00:00:01 | Cannot generate further orders - suspending generation for now
 00:00:01 | 00:00:00 | 0.00:30:00 | 100.00%  |   444   |    0     | 19%  |   5170   |   0    |  98.64MB  
 00:00:01 | >>> Simulation finished - writing results ...
 00:00:01 | >>> Results written
Simulation finished.
>>> Timings
StatTimingPathPlanningAverage: 0.00010118344827586208
StatTimingPathPlanningOverall: 0.08802960000000001
StatTimingPathPlanningCount: 870
StatTimingTaskAllocationAverage: 0.0017474638497652598
StatTimingTaskAllocationOverall: 0.3722098000000003
StatTimingTaskAllocationCount: 213
StatTimingItemStorageAverage: 9.317577548005964E-07
StatTimingItemStorageOverall: 0.0006308000000000037
StatTimingItemStorageCount: 677
StatTimingPodStorageAverage: 0.0016274274509803929
StatTimingPodStorageOverall: 0.16599760000000008
StatTimingPodStorageCount: 102
StatTimingReplenishmentBatchingAverage: 7.5E-06
StatTimingReplenishmentBatchingOverall: 1.5E-05
StatTimingReplenishmentBatchingCount: 2
StatTimingOrderBatchingAverage: 9.107942779291551E-05
StatTimingOrderBatchingOverall: 0.06685229999999999
StatTimingOrderBatchingCount: 734
>>> Overall
StatOverallBundlesPlaced: 0
StatOverallItemsOrdered: 636
StatOverallOrdersPlaced: 396
StatOverallBundlesRejected: 0
StatOverallOrdersRejected: 0
StatOverallBundlesHandled: 0
StatOverallItemsHandled: 689
StatOverallLinesHandled: 649
StatOverallOrdersHandled: 444
StatOverallCollisions: 0
StatOverallDistanceTraveled: 5169.623972953222
StatOverallDistanceEstimated: 4988
StatOverallAssignedTasks: 213
StatMaxMemoryUsed: 99,41015625
StatRealTimeUsed: 1.0655636
StatAverageTurnoverTime: 488.1725643296705
StatMedianTurnoverTime: 342.193802290401
StatLowerQuartileTurnoverTime: 159.6461111111114
StatUpperQuartileTurnoverTime: 696.6440764717147
StatAverageThroughputTime: 106.45717030211905
StatMedianThroughputTime: 21.81342712474634
StatLowerQuartileThroughputTime: 12.72676045807998
StatUpperQuartileThroughputTime: 101.36658006817947

Marked tag finished after 1 tries!
.Fin. - SUCCESS
<<< Welcome to the RAWSimO CLI >>>
The time is: 06/13/2024 09:40:09
Starting RAWSimO wrapper with the following arguments:
Instance: ..\..\..\..\Material\Instances\0.Weighted30min Demand separate\Da\Weighted2.xinst
Setting: ..\..\..\..\Material\Instances\0.Weighted30min Demand separate\Da\Weighted2.xsett
ControlConfig: ..\..\..\..\Material\Instances\0.Weighted30min Demand separate\Da\Weighted2.xconf
StatisticsDir: ..\..\..\..\Material\Instances\0.Weighted30min Demand separate\Da
Seed: 1
Additionally the following tag was passed: 1, 6.0207999999999995, 0.052, 0.091, 0.13, 0.544
Adding handler for unhandled exceptions ...
Initializing ... 
Instance recognized!
Parsing setting config ...
Parsing control config ...
Parsing instance ...
StatisticsFolder: Weighted2-Da_[[1, 6.0207999999999995, 0.052]]_3_[0.091, 0.13, 0.544].csv-1
Done!
