Executing ... 
 16:21:07 | >>> Warming up ...
 00:00:00 | >>> Warmup finished - starting simulation ...
 Realtime |   ETA    |  Sim.Time  | Progress | #Orders | #Bundles | Inv. | Distance | #Coll. |   Memory    
 00:00:00 |   n/a    | 0.00:00:00 |  0.00%   |    0    |    0     | 83%  |    0     |   0    |  91.33MB  
 00:00:00 | Reactivating bundle generation paused by inventory+reserved+backlog level (currently at: 0.6491666666666667)
 00:00:00 | Cannot generate further orders - suspending generation for now
 00:00:00 | Cannot generate further orders - suspending generation for now
 00:00:00 | Cannot generate further orders - suspending generation for now
 00:00:00 | Cannot generate further orders - suspending generation for now
 00:00:00 | Cannot generate further orders - suspending generation for now
 00:00:00 | Cannot generate further orders - suspending generation for now
 00:00:00 | Cannot generate further orders - suspending generation for now
 00:00:00 | Cannot generate further orders - suspending generation for now
 00:00:00 | 00:00:00 | 0.00:30:00 | 100.00%  |   470   |    0     | 25%  |   4946   |   0    |  94.95MB  
 00:00:00 | >>> Simulation finished - writing results ...
 00:00:00 | >>> Results written
Simulation finished.
>>> Timings
StatTimingPathPlanningAverage: 8.065230386052291E-05
StatTimingPathPlanningOverall: 0.0647637999999999
StatTimingPathPlanningCount: 803
StatTimingTaskAllocationAverage: 0.0013733225490196077
StatTimingTaskAllocationOverall: 0.28015779999999996
StatTimingTaskAllocationCount: 204
StatTimingItemStorageAverage: 1.1256854256854233E-06
StatTimingItemStorageOverall: 0.0007800999999999983
StatTimingItemStorageCount: 693
StatTimingPodStorageAverage: 0.0009367164948453615
StatTimingPodStorageOverall: 0.09086150000000007
StatTimingPodStorageCount: 97
StatTimingReplenishmentBatchingAverage: 9.280000000000001E-06
StatTimingReplenishmentBatchingOverall: 4.64E-05
StatTimingReplenishmentBatchingCount: 5
StatTimingOrderBatchingAverage: 9.131902313624693E-05
StatTimingOrderBatchingOverall: 0.07104620000000011
StatTimingOrderBatchingCount: 778
>>> Overall
StatOverallBundlesPlaced: 180
StatOverallItemsOrdered: 634
StatOverallOrdersPlaced: 409
StatOverallBundlesRejected: 0
StatOverallOrdersRejected: 0
StatOverallBundlesHandled: 0
StatOverallItemsHandled: 703
StatOverallLinesHandled: 665
StatOverallOrdersHandled: 470
StatOverallCollisions: 0
StatOverallDistanceTraveled: 4946.238311754555
StatOverallDistanceEstimated: 4827
StatOverallAssignedTasks: 204
StatMaxMemoryUsed: 96,640625
StatRealTimeUsed: 0.9202723
StatAverageTurnoverTime: 484.27521699290173
StatMedianTurnoverTime: 323.84944444444716
StatLowerQuartileTurnoverTime: 122.10963202727024
StatUpperQuartileTurnoverTime: 718.385829736873
StatAverageThroughputTime: 96.12408550368643
StatMedianThroughputTime: 25.703600321728572
StatLowerQuartileThroughputTime: 15.708888888888964
StatUpperQuartileThroughputTime: 68.91685424949242

Marked tag finished after 1 tries!
.Fin. - SUCCESS
<<< Welcome to the RAWSimO CLI >>>
The time is: 06/03/2024 16:21:08
Starting RAWSimO wrapper with the following arguments:
Instance: ..\..\..\..\Material\Instances\0.Weighted30min\Weighted6.xinst
Setting: ..\..\..\..\Material\Instances\0.Weighted30min\WeightedScenario.xsett
ControlConfig: ..\..\..\..\Material\Instances\0.Weighted30min\WeightedScenario.xconf
StatisticsDir: ..\..\..\..\Material\Instances\0.Weighted30min
Seed: 1
Additionally the following tag was passed: Dawlow
Adding handler for unhandled exceptions ...
Initializing ... 
Instance recognized!
Parsing setting config ...
Parsing control config ...
Parsing instance ...
StatisticsFolder: WeightedScenario-Da_wlow_1.csv-1
Done!
