Executing ... 
 18:20:01 | >>> Warming up ...
 00:00:00 | >>> Warmup finished - starting simulation ...
 Realtime |   ETA    |  Sim.Time  | Progress | #Orders | #Bundles | Inv. | Distance | #Coll. |   Memory    
 00:00:00 |   n/a    | 0.00:00:00 |  0.00%   |    0    |    0     | 60%  |    0     |   0    | 112.18MB  
 00:00:00 | Cannot generate further orders - suspending generation for now
 00:00:00 | Cannot generate further orders - suspending generation for now
 00:00:00 | Cannot generate further orders - suspending generation for now
 00:00:00 | Cannot generate further orders - suspending generation for now
 00:00:00 | Cannot generate further orders - suspending generation for now
 00:00:00 | 00:00:00 | 0.00:30:00 | 100.00%  |   419   |    0     | 23%  |   5505   |   0    | 107.85MB  
 00:00:00 | >>> Simulation finished - writing results ...
 00:00:01 | >>> Results written
Simulation finished.
>>> Timings
StatTimingPathPlanningAverage: 9.752920847268675E-05
StatTimingPathPlanningOverall: 0.08748370000000001
StatTimingPathPlanningCount: 897
StatTimingTaskAllocationAverage: 0.0014616290748898678
StatTimingTaskAllocationOverall: 0.3317898
StatTimingTaskAllocationCount: 227
StatTimingItemStorageAverage: 9.45833333333339E-07
StatTimingItemStorageOverall: 0.0005675000000000034
StatTimingItemStorageCount: 600
StatTimingPodStorageAverage: 0.0012255814814814815
StatTimingPodStorageOverall: 0.1323628
StatTimingPodStorageCount: 108
StatTimingReplenishmentBatchingAverage: 8.3E-06
StatTimingReplenishmentBatchingOverall: 1.66E-05
StatTimingReplenishmentBatchingCount: 2
StatTimingOrderBatchingAverage: 7.805332409972294E-05
StatTimingOrderBatchingOverall: 0.05635449999999996
StatTimingOrderBatchingCount: 722
>>> Overall
StatOverallBundlesPlaced: 0
StatOverallItemsOrdered: 634
StatOverallOrdersPlaced: 411
StatOverallBundlesRejected: 0
StatOverallOrdersRejected: 0
StatOverallBundlesHandled: 0
StatOverallItemsHandled: 621
StatOverallLinesHandled: 583
StatOverallOrdersHandled: 419
StatOverallCollisions: 0
StatOverallDistanceTraveled: 5505.4920323005645
StatOverallDistanceEstimated: 5314
StatOverallAssignedTasks: 227
StatMaxMemoryUsed: 112,17578125
StatRealTimeUsed: 0.9538335
StatAverageTurnoverTime: 489.8848715050395
StatMedianTurnoverTime: 353.2656493469699
StatLowerQuartileTurnoverTime: 178.2211111111127
StatUpperQuartileTurnoverTime: 740.8196320272702
StatAverageThroughputTime: 106.2468549106278
StatMedianThroughputTime: 17.133975487379075
StatLowerQuartileThroughputTime: 12.252777777777737
StatUpperQuartileThroughputTime: 84.92166666666697

Marked tag finished after 1 tries!
.Fin. - SUCCESS
<<< Welcome to the RAWSimO CLI >>>
The time is: 06/05/2024 18:20:02
Starting RAWSimO wrapper with the following arguments:
Instance: ..\..\..\..\Material\Instances\0.Weighted30min Demand separate\Db\Weighted2.xinst
Setting: ..\..\..\..\Material\Instances\0.Weighted30min Demand separate\Db\Weighted2.xsett
ControlConfig: ..\..\..\..\Material\Instances\0.Weighted30min Demand separate\Db\Weighted2.xconf
StatisticsDir: ..\..\..\..\Material\Instances\0.Weighted30min Demand separate\Db
Seed: 1
Additionally the following tag was passed: whigh
Adding handler for unhandled exceptions ...
Initializing ... 
Instance recognized!
Parsing setting config ...
Parsing control config ...
Parsing instance ...
StatisticsFolder: Weighted2-Db_whigh_1.csv-1
Done!
