Executing ... 
 09:37:22 | >>> Warming up ...
 00:00:00 | >>> Warmup finished - starting simulation ...
 Realtime |   ETA    |  Sim.Time  | Progress | #Orders | #Bundles | Inv. | Distance | #Coll. |   Memory    
 00:00:00 |   n/a    | 0.00:00:00 |  0.00%   |    0    |    0     | 60%  |    0     |   0    |  86.66MB  
 00:00:00 | Cannot generate further orders - suspending generation for now
 00:00:00 | Cannot generate further orders - suspending generation for now
 00:00:00 | Cannot generate further orders - suspending generation for now
 00:00:00 | Cannot generate further orders - suspending generation for now
 00:00:00 | Cannot generate further orders - suspending generation for now
 00:00:01 | Cannot generate further orders - suspending generation for now
 00:00:01 | Cannot generate further orders - suspending generation for now
 00:00:01 | Cannot generate further orders - suspending generation for now
 00:00:01 | Cannot generate further orders - suspending generation for now
 00:00:01 | 00:00:00 | 0.00:30:00 | 100.00%  |   496   |    0     | 14%  |   5086   |   0    |  83.56MB  
 00:00:01 | >>> Simulation finished - writing results ...
 00:00:01 | >>> Results written
Simulation finished.
>>> Timings
StatTimingPathPlanningAverage: 0.00010136308470290761
StatTimingPathPlanningOverall: 0.08017819999999992
StatTimingPathPlanningCount: 791
StatTimingTaskAllocationAverage: 0.001794350961538462
StatTimingTaskAllocationOverall: 0.3732250000000001
StatTimingTaskAllocationCount: 208
StatTimingItemStorageAverage: 9.52588555858315E-07
StatTimingItemStorageOverall: 0.0006992000000000032
StatTimingItemStorageCount: 734
StatTimingPodStorageAverage: 0.001539539393939395
StatTimingPodStorageOverall: 0.1524144000000001
StatTimingPodStorageCount: 99
StatTimingReplenishmentBatchingAverage: 7.95E-06
StatTimingReplenishmentBatchingOverall: 1.59E-05
StatTimingReplenishmentBatchingCount: 2
StatTimingOrderBatchingAverage: 0.00011226470588235282
StatTimingOrderBatchingOverall: 0.0896994999999999
StatTimingOrderBatchingCount: 799
>>> Overall
StatOverallBundlesPlaced: 0
StatOverallItemsOrdered: 667
StatOverallOrdersPlaced: 429
StatOverallBundlesRejected: 0
StatOverallOrdersRejected: 0
StatOverallBundlesHandled: 0
StatOverallItemsHandled: 760
StatOverallLinesHandled: 720
StatOverallOrdersHandled: 496
StatOverallCollisions: 0
StatOverallDistanceTraveled: 5086.029336361566
StatOverallDistanceEstimated: 4980
StatOverallAssignedTasks: 208
StatMaxMemoryUsed: 86,6640625
StatRealTimeUsed: 1.1191528
StatAverageTurnoverTime: 429.47642866690126
StatMedianTurnoverTime: 237.33287156919118
StatLowerQuartileTurnoverTime: 95.8594444444443
StatUpperQuartileTurnoverTime: 598.9494444444442
StatAverageThroughputTime: 88.42234519636355
StatMedianThroughputTime: 21.33176045807977
StatLowerQuartileThroughputTime: 15.509444444444739
StatUpperQuartileThroughputTime: 71.93833333333299

Marked tag finished after 1 tries!
.Fin. - SUCCESS
<<< Welcome to the RAWSimO CLI >>>
The time is: 06/13/2024 09:37:23
Starting RAWSimO wrapper with the following arguments:
Instance: ..\..\..\..\Material\Instances\0.Weighted30min Demand separate\Da\Weighted2.xinst
Setting: ..\..\..\..\Material\Instances\0.Weighted30min Demand separate\Da\Weighted2.xsett
ControlConfig: ..\..\..\..\Material\Instances\0.Weighted30min Demand separate\Da\Weighted2.xconf
StatisticsDir: ..\..\..\..\Material\Instances\0.Weighted30min Demand separate\Da
Seed: 3
Additionally the following tag was passed: 1, 1, 1, 0.236, 0.23, 0.25
Adding handler for unhandled exceptions ...
Initializing ... 
Instance recognized!
Parsing setting config ...
Parsing control config ...
Parsing instance ...
StatisticsFolder: Weighted2-Da_[[1, 1, 1]]_1_[0.236, 0.23, 0.25].csv-3
Done!
