Executing ... 
 19:22:37 | >>> Warming up ...
 00:00:00 | >>> Warmup finished - starting simulation ...
 Realtime |   ETA    |  Sim.Time  | Progress | #Orders | #Bundles | Inv. | Distance | #Coll. |   Memory    
 00:00:00 |   n/a    | 0.00:00:00 |  0.00%   |    0    |    0     | 60%  |    0     |   0    | 102.21MB  
 00:00:00 | Cannot generate further orders - suspending generation for now
 00:00:00 | Cannot generate further orders - suspending generation for now
 00:00:00 | Cannot generate further orders - suspending generation for now
 00:00:00 | Cannot generate further orders - suspending generation for now
 00:00:00 | Cannot generate further orders - suspending generation for now
 00:00:00 | Cannot generate further orders - suspending generation for now
 00:00:00 | Cannot generate further orders - suspending generation for now
 00:00:00 | Cannot generate further orders - suspending generation for now
 00:00:00 | Cannot generate further orders - suspending generation for now
 00:00:00 | 00:00:00 | 0.00:30:00 | 100.00%  |   475   |    0     | 16%  |   5022   |   0    |  96.54MB  
 00:00:00 | >>> Simulation finished - writing results ...
 00:00:00 | >>> Results written
Simulation finished.
>>> Timings
StatTimingPathPlanningAverage: 8.254415730337085E-05
StatTimingPathPlanningOverall: 0.07346430000000005
StatTimingPathPlanningCount: 890
StatTimingTaskAllocationAverage: 0.0017374370192307685
StatTimingTaskAllocationOverall: 0.36138689999999984
StatTimingTaskAllocationCount: 208
StatTimingItemStorageAverage: 8.746518105849626E-07
StatTimingItemStorageOverall: 0.0006280000000000031
StatTimingItemStorageCount: 718
StatTimingPodStorageAverage: 0.0014763080808080807
StatTimingPodStorageOverall: 0.1461545
StatTimingPodStorageCount: 99
StatTimingReplenishmentBatchingAverage: 7.35E-06
StatTimingReplenishmentBatchingOverall: 1.47E-05
StatTimingReplenishmentBatchingCount: 2
StatTimingOrderBatchingAverage: 8.453274111675122E-05
StatTimingOrderBatchingOverall: 0.06661179999999996
StatTimingOrderBatchingCount: 788
>>> Overall
StatOverallBundlesPlaced: 0
StatOverallItemsOrdered: 645
StatOverallOrdersPlaced: 411
StatOverallBundlesRejected: 0
StatOverallOrdersRejected: 0
StatOverallBundlesHandled: 0
StatOverallItemsHandled: 731
StatOverallLinesHandled: 686
StatOverallOrdersHandled: 475
StatOverallCollisions: 0
StatOverallDistanceTraveled: 5021.941972563664
StatOverallDistanceEstimated: 4875
StatOverallAssignedTasks: 208
StatMaxMemoryUsed: 102
StatRealTimeUsed: 0.9232737
StatAverageTurnoverTime: 478.1497326079852
StatMedianTurnoverTime: 327.6900937914132
StatLowerQuartileTurnoverTime: 172.96351372323718
StatUpperQuartileTurnoverTime: 696.4756493469683
StatAverageThroughputTime: 100.94599167912622
StatMedianThroughputTime: 24.23388888888894
StatLowerQuartileThroughputTime: 16.243333333333112
StatUpperQuartileThroughputTime: 87.29166666666833

Marked tag finished after 1 tries!
.Fin. - SUCCESS
<<< Welcome to the RAWSimO CLI >>>
The time is: 06/25/2024 19:22:38
Starting RAWSimO wrapper with the following arguments:
Instance: ..\..\..\..\Material\Instances\10.Weighted30min Demand Gall\Dp\Weighted2.xinst
Setting: ..\..\..\..\Material\Instances\10.Weighted30min Demand Gall\Dp\Weighted2.xsett
ControlConfig: ..\..\..\..\Material\Instances\10.Weighted30min Demand Gall\Dp\Weighted2.xconf
StatisticsDir: ..\..\..\..\Material\Instances\10.Weighted30min Demand Gall\Dp
Seed: 6
Additionally the following tag was passed: 1, 0.73, 1.0, 0.189, 0.26, 1.0
Adding handler for unhandled exceptions ...
Initializing ... 
Instance recognized!
Parsing setting config ...
Parsing control config ...
Parsing instance ...
StatisticsFolder: Weighted2-Dp_[[1, 0.73, 1.0]]_1_[0.189, 0.26, 1.0].csv-6
Done!
