Executing ... 
 21:30:17 | >>> Warming up ...
 00:00:00 | >>> Warmup finished - starting simulation ...
 Realtime |   ETA    |  Sim.Time  | Progress | #Orders | #Bundles | Inv. | Distance | #Coll. |   Memory    
 00:00:00 |   n/a    | 0.00:00:00 |  0.00%   |    0    |    0     | 60%  |    0     |   0    |  77.07MB  
 00:00:00 | Cannot generate further orders - suspending generation for now
 00:00:00 | Cannot generate further orders - suspending generation for now
 00:00:00 | Cannot generate further orders - suspending generation for now
 00:00:00 | Cannot generate further orders - suspending generation for now
 00:00:00 | Cannot generate further orders - suspending generation for now
 00:00:00 | Cannot generate further orders - suspending generation for now
 00:00:00 | Cannot generate further orders - suspending generation for now
 00:00:01 | Cannot generate further orders - suspending generation for now
 00:00:01 | 00:00:00 | 0.00:30:00 | 100.00%  |   455   |    0     | 18%  |   5294   |   0    |  74.33MB  
 00:00:01 | >>> Simulation finished - writing results ...
 00:00:01 | >>> Results written
Simulation finished.
>>> Timings
StatTimingPathPlanningAverage: 8.443693901035686E-05
StatTimingPathPlanningOverall: 0.07337570000000011
StatTimingPathPlanningCount: 869
StatTimingTaskAllocationAverage: 0.0017568249999999998
StatTimingTaskAllocationOverall: 0.38650149999999994
StatTimingTaskAllocationCount: 220
StatTimingItemStorageAverage: 1.0412371134020621E-06
StatTimingItemStorageOverall: 0.0007070000000000002
StatTimingItemStorageCount: 679
StatTimingPodStorageAverage: 0.0014938847619047604
StatTimingPodStorageOverall: 0.15685789999999986
StatTimingPodStorageCount: 105
StatTimingReplenishmentBatchingAverage: 8.550000000000001E-06
StatTimingReplenishmentBatchingOverall: 1.7100000000000002E-05
StatTimingReplenishmentBatchingCount: 2
StatTimingOrderBatchingAverage: 9.905929919137457E-05
StatTimingOrderBatchingOverall: 0.07350199999999993
StatTimingOrderBatchingCount: 742
>>> Overall
StatOverallBundlesPlaced: 0
StatOverallItemsOrdered: 649
StatOverallOrdersPlaced: 405
StatOverallBundlesRejected: 0
StatOverallOrdersRejected: 0
StatOverallBundlesHandled: 0
StatOverallItemsHandled: 700
StatOverallLinesHandled: 661
StatOverallOrdersHandled: 455
StatOverallCollisions: 0
StatOverallDistanceTraveled: 5294.04221111712
StatOverallDistanceEstimated: 5134
StatOverallAssignedTasks: 220
StatMaxMemoryUsed: 77,06640625
StatRealTimeUsed: 1.0320635
StatAverageTurnoverTime: 477.92765841068007
StatMedianTurnoverTime: 306.16120490252445
StatLowerQuartileTurnoverTime: 130.38573594545926
StatUpperQuartileTurnoverTime: 710.8466666666673
StatAverageThroughputTime: 104.60223341425424
StatMedianThroughputTime: 21.521111111111395
StatLowerQuartileThroughputTime: 12.797222222222217
StatUpperQuartileThroughputTime: 83.05453823585725

Marked tag finished after 1 tries!
.Fin. - SUCCESS
<<< Welcome to the RAWSimO CLI >>>
The time is: 06/12/2024 21:30:18
Starting RAWSimO wrapper with the following arguments:
Instance: ..\..\..\..\Material\Instances\0.Weighted30min Demand separate\Da\Weighted2.xinst
Setting: ..\..\..\..\Material\Instances\0.Weighted30min Demand separate\Da\Weighted2.xsett
ControlConfig: ..\..\..\..\Material\Instances\0.Weighted30min Demand separate\Da\Weighted2.xconf
StatisticsDir: ..\..\..\..\Material\Instances\0.Weighted30min Demand separate\Da
Seed: 4
Additionally the following tag was passed: 1, 7.513, 0.052, 0.091, 0.13, 0.544
Adding handler for unhandled exceptions ...
Initializing ... 
Instance recognized!
Parsing setting config ...
Parsing control config ...
Parsing instance ...
StatisticsFolder: Weighted2-Da_[[1, 7.513, 0.052]]_2_[0.091, 0.13, 0.544].csv-4
Done!
