Executing ... 
 19:20:35 | >>> Warming up ...
 00:00:00 | >>> Warmup finished - starting simulation ...
 Realtime |   ETA    |  Sim.Time  | Progress | #Orders | #Bundles | Inv. | Distance | #Coll. |   Memory    
 00:00:00 |   n/a    | 0.00:00:00 |  0.00%   |    0    |    0     | 60%  |    0     |   0    | 100.93MB  
 00:00:00 | Cannot generate further orders - suspending generation for now
 00:00:00 | Cannot generate further orders - suspending generation for now
 00:00:00 | Cannot generate further orders - suspending generation for now
 00:00:00 | Cannot generate further orders - suspending generation for now
 00:00:00 | Cannot generate further orders - suspending generation for now
 00:00:00 | Cannot generate further orders - suspending generation for now
 00:00:00 | Cannot generate further orders - suspending generation for now
 00:00:00 | Cannot generate further orders - suspending generation for now
 00:00:01 | Cannot generate further orders - suspending generation for now
 00:00:01 | Cannot generate further orders - suspending generation for now
 00:00:01 | Cannot generate further orders - suspending generation for now
 00:00:01 | 00:00:00 | 0.00:30:00 | 100.00%  |   501   |    0     | 13%  |   4850   |   0    |  96.64MB  
 00:00:01 | >>> Simulation finished - writing results ...
 00:00:01 | >>> Results written
Simulation finished.
>>> Timings
StatTimingPathPlanningAverage: 0.00010429156010230185
StatTimingPathPlanningOverall: 0.08155600000000005
StatTimingPathPlanningCount: 782
StatTimingTaskAllocationAverage: 0.0021552395
StatTimingTaskAllocationOverall: 0.4310479
StatTimingTaskAllocationCount: 200
StatTimingItemStorageAverage: 1.835620052770443E-06
StatTimingItemStorageOverall: 0.0013913999999999958
StatTimingItemStorageCount: 758
StatTimingPodStorageAverage: 0.001960608421052632
StatTimingPodStorageOverall: 0.18625780000000006
StatTimingPodStorageCount: 95
StatTimingReplenishmentBatchingAverage: 8E-06
StatTimingReplenishmentBatchingOverall: 1.6E-05
StatTimingReplenishmentBatchingCount: 2
StatTimingOrderBatchingAverage: 0.0001010176108374384
StatTimingOrderBatchingOverall: 0.08202629999999998
StatTimingOrderBatchingCount: 812
>>> Overall
StatOverallBundlesPlaced: 0
StatOverallItemsOrdered: 654
StatOverallOrdersPlaced: 416
StatOverallBundlesRejected: 0
StatOverallOrdersRejected: 0
StatOverallBundlesHandled: 0
StatOverallItemsHandled: 782
StatOverallLinesHandled: 740
StatOverallOrdersHandled: 501
StatOverallCollisions: 0
StatOverallDistanceTraveled: 4849.72233917118
StatOverallDistanceEstimated: 4714
StatOverallAssignedTasks: 200
StatMaxMemoryUsed: 100,9296875
StatRealTimeUsed: 1.0871656
StatAverageTurnoverTime: 445.2735329740228
StatMedianTurnoverTime: 317.4023160136362
StatLowerQuartileTurnoverTime: 156.15790034087513
StatUpperQuartileTurnoverTime: 612.3872222222222
StatAverageThroughputTime: 99.99516055755515
StatMedianThroughputTime: 25.39787156919124
StatLowerQuartileThroughputTime: 16.608239258483877
StatUpperQuartileThroughputTime: 93.28333333333444

Marked tag finished after 1 tries!
.Fin. - SUCCESS
<<< Welcome to the RAWSimO CLI >>>
The time is: 06/25/2024 19:20:36
Starting RAWSimO wrapper with the following arguments:
Instance: ..\..\..\..\Material\Instances\10.Weighted30min Demand Gall\Dp\Weighted2.xinst
Setting: ..\..\..\..\Material\Instances\10.Weighted30min Demand Gall\Dp\Weighted2.xsett
ControlConfig: ..\..\..\..\Material\Instances\10.Weighted30min Demand Gall\Dp\Weighted2.xconf
StatisticsDir: ..\..\..\..\Material\Instances\10.Weighted30min Demand Gall\Dp
Seed: 2
Additionally the following tag was passed: 1, 0.28, 1.0, 0.143, 0.507, 1.0
Adding handler for unhandled exceptions ...
Initializing ... 
Instance recognized!
Parsing setting config ...
Parsing control config ...
Parsing instance ...
StatisticsFolder: Weighted2-Dp_[[1, 0.28, 1.0]]_1_[0.143, 0.507, 1.0].csv-2
Done!
