Executing ... 
 19:21:55 | >>> Warming up ...
 00:00:00 | >>> Warmup finished - starting simulation ...
 Realtime |   ETA    |  Sim.Time  | Progress | #Orders | #Bundles | Inv. | Distance | #Coll. |   Memory    
 00:00:00 |   n/a    | 0.00:00:00 |  0.00%   |    0    |    0     | 60%  |    0     |   0    | 101.59MB  
 00:00:00 | Cannot generate further orders - suspending generation for now
 00:00:00 | Cannot generate further orders - suspending generation for now
 00:00:00 | Cannot generate further orders - suspending generation for now
 00:00:00 | Cannot generate further orders - suspending generation for now
 00:00:00 | Cannot generate further orders - suspending generation for now
 00:00:00 | Cannot generate further orders - suspending generation for now
 00:00:00 | Cannot generate further orders - suspending generation for now
 00:00:00 | Cannot generate further orders - suspending generation for now
 00:00:00 | Cannot generate further orders - suspending generation for now
 00:00:00 | Cannot generate further orders - suspending generation for now
 00:00:00 | Cannot generate further orders - suspending generation for now
 00:00:00 | 00:00:00 | 0.00:30:00 | 100.00%  |   480   |    0     | 17%  |   4990   |   0    |  97.58MB  
 00:00:00 | >>> Simulation finished - writing results ...
 00:00:00 | >>> Results written
Simulation finished.
>>> Timings
StatTimingPathPlanningAverage: 8.100059311981012E-05
StatTimingPathPlanningOverall: 0.06828349999999993
StatTimingPathPlanningCount: 843
StatTimingTaskAllocationAverage: 0.001575432211538461
StatTimingTaskAllocationOverall: 0.3276898999999999
StatTimingTaskAllocationCount: 208
StatTimingItemStorageAverage: 1.1341463414634136E-06
StatTimingItemStorageOverall: 0.0007904999999999992
StatTimingItemStorageCount: 697
StatTimingPodStorageAverage: 0.0014498848484848484
StatTimingPodStorageOverall: 0.1435386
StatTimingPodStorageCount: 99
StatTimingReplenishmentBatchingAverage: 7.85E-06
StatTimingReplenishmentBatchingOverall: 1.57E-05
StatTimingReplenishmentBatchingCount: 2
StatTimingOrderBatchingAverage: 7.961344430217666E-05
StatTimingOrderBatchingOverall: 0.062178099999999965
StatTimingOrderBatchingCount: 781
>>> Overall
StatOverallBundlesPlaced: 0
StatOverallItemsOrdered: 650
StatOverallOrdersPlaced: 424
StatOverallBundlesRejected: 0
StatOverallOrdersRejected: 0
StatOverallBundlesHandled: 0
StatOverallItemsHandled: 721
StatOverallLinesHandled: 683
StatOverallOrdersHandled: 480
StatOverallCollisions: 0
StatOverallDistanceTraveled: 4989.917598611102
StatOverallDistanceEstimated: 4858
StatOverallAssignedTasks: 208
StatMaxMemoryUsed: 101,23046875
StatRealTimeUsed: 0.9034564
StatAverageTurnoverTime: 458.488499636221
StatMedianTurnoverTime: 305.6100937914131
StatLowerQuartileTurnoverTime: 132.0873160136358
StatUpperQuartileTurnoverTime: 611.0150000000004
StatAverageThroughputTime: 93.8138896099527
StatMedianThroughputTime: 21.21722222222229
StatLowerQuartileThroughputTime: 16.177777777777692
StatUpperQuartileThroughputTime: 85.94064215404183

Marked tag finished after 1 tries!
.Fin. - SUCCESS
<<< Welcome to the RAWSimO CLI >>>
The time is: 06/25/2024 19:21:56
Starting RAWSimO wrapper with the following arguments:
Instance: ..\..\..\..\Material\Instances\10.Weighted30min Demand Gall\Dp\Weighted2.xinst
Setting: ..\..\..\..\Material\Instances\10.Weighted30min Demand Gall\Dp\Weighted2.xsett
ControlConfig: ..\..\..\..\Material\Instances\10.Weighted30min Demand Gall\Dp\Weighted2.xconf
StatisticsDir: ..\..\..\..\Material\Instances\10.Weighted30min Demand Gall\Dp
Seed: 3
Additionally the following tag was passed: 1, 0.55, 1.0, 0.177, 0.32, 1.0
Adding handler for unhandled exceptions ...
Initializing ... 
Instance recognized!
Parsing setting config ...
Parsing control config ...
Parsing instance ...
StatisticsFolder: Weighted2-Dp_[[1, 0.55, 1.0]]_2_[0.177, 0.32, 1.0].csv-3
Done!
