Executing ... 
 09:58:14 | >>> Warming up ...
 00:00:00 | >>> Warmup finished - starting simulation ...
 Realtime |   ETA    |  Sim.Time  | Progress | #Orders | #Bundles | Inv. | Distance | #Coll. |   Memory    
 00:00:00 |   n/a    | 0.00:00:00 |  0.00%   |    0    |    0     | 60%  |    0     |   0    | 109.41MB  
 00:00:00 | Cannot generate further orders - suspending generation for now
 00:00:00 | Cannot generate further orders - suspending generation for now
 00:00:00 | Cannot generate further orders - suspending generation for now
 00:00:01 | Cannot generate further orders - suspending generation for now
 00:00:01 | Cannot generate further orders - suspending generation for now
 00:00:01 | Cannot generate further orders - suspending generation for now
 00:00:01 | Cannot generate further orders - suspending generation for now
 00:00:01 | Cannot generate further orders - suspending generation for now
 00:00:01 | Cannot generate further orders - suspending generation for now
 00:00:01 | Cannot generate further orders - suspending generation for now
 00:00:01 | Cannot generate further orders - suspending generation for now
 00:00:01 | 00:00:00 | 0.00:30:00 | 100.00%  |   505   |    0     | 12%  |   4783   |   0    | 104.17MB  
 00:00:01 | >>> Simulation finished - writing results ...
 00:00:01 | >>> Results written
Simulation finished.
>>> Timings
StatTimingPathPlanningAverage: 0.00011195170670037925
StatTimingPathPlanningOverall: 0.08855379999999999
StatTimingPathPlanningCount: 791
StatTimingTaskAllocationAverage: 0.002303112886597937
StatTimingTaskAllocationOverall: 0.4468038999999998
StatTimingTaskAllocationCount: 194
StatTimingItemStorageAverage: 1.9060880829015503E-06
StatTimingItemStorageOverall: 0.001471499999999997
StatTimingItemStorageCount: 772
StatTimingPodStorageAverage: 0.0020102170212765945
StatTimingPodStorageOverall: 0.1889603999999999
StatTimingPodStorageCount: 94
StatTimingReplenishmentBatchingAverage: 1.115E-05
StatTimingReplenishmentBatchingOverall: 2.23E-05
StatTimingReplenishmentBatchingCount: 2
StatTimingOrderBatchingAverage: 0.00012413514180024637
StatTimingOrderBatchingOverall: 0.10067359999999981
StatTimingOrderBatchingCount: 811
>>> Overall
StatOverallBundlesPlaced: 0
StatOverallItemsOrdered: 667
StatOverallOrdersPlaced: 415
StatOverallBundlesRejected: 0
StatOverallOrdersRejected: 0
StatOverallBundlesHandled: 0
StatOverallItemsHandled: 799
StatOverallLinesHandled: 759
StatOverallOrdersHandled: 505
StatOverallCollisions: 0
StatOverallDistanceTraveled: 4782.695077259652
StatOverallDistanceEstimated: 4577
StatOverallAssignedTasks: 194
StatMaxMemoryUsed: 107,76171875
StatRealTimeUsed: 1.1934703
StatAverageTurnoverTime: 463.87124918035755
StatMedianTurnoverTime: 325.51352091616263
StatLowerQuartileTurnoverTime: 140.6250000000016
StatUpperQuartileTurnoverTime: 603.8914862767622
StatAverageThroughputTime: 91.98657151315074
StatMedianThroughputTime: 31.723888888888837
StatLowerQuartileThroughputTime: 16.497316013635043
StatUpperQuartileThroughputTime: 88.44352091615951

Marked tag finished after 1 tries!
.Fin. - SUCCESS
<<< Welcome to the RAWSimO CLI >>>
The time is: 06/13/2024 09:58:15
Starting RAWSimO wrapper with the following arguments:
Instance: ..\..\..\..\Material\Instances\0.Weighted30min Demand separate\Dd\Weighted2.xinst
Setting: ..\..\..\..\Material\Instances\0.Weighted30min Demand separate\Dd\Weighted2.xsett
ControlConfig: ..\..\..\..\Material\Instances\0.Weighted30min Demand separate\Dd\Weighted2.xconf
StatisticsDir: ..\..\..\..\Material\Instances\0.Weighted30min Demand separate\Dd
Seed: 1
Additionally the following tag was passed: 1, 0.642, 0.54, 0.2, 0.333, 0.5
Adding handler for unhandled exceptions ...
Initializing ... 
Instance recognized!
Parsing setting config ...
Parsing control config ...
Parsing instance ...
StatisticsFolder: Weighted2-Dd_[[1, 0.642, 0.54]]_2_[0.2, 0.333, 0.5].csv-1
Done!
