Executing ... 
 09:56:31 | >>> Warming up ...
 00:00:00 | >>> Warmup finished - starting simulation ...
 Realtime |   ETA    |  Sim.Time  | Progress | #Orders | #Bundles | Inv. | Distance | #Coll. |   Memory    
 00:00:00 |   n/a    | 0.00:00:00 |  0.00%   |    0    |    0     | 60%  |    0     |   0    | 108.46MB  
 00:00:00 | Cannot generate further orders - suspending generation for now
 00:00:00 | Cannot generate further orders - suspending generation for now
 00:00:00 | Cannot generate further orders - suspending generation for now
 00:00:00 | Cannot generate further orders - suspending generation for now
 00:00:00 | Cannot generate further orders - suspending generation for now
 00:00:00 | Cannot generate further orders - suspending generation for now
 00:00:00 | Cannot generate further orders - suspending generation for now
 00:00:00 | Cannot generate further orders - suspending generation for now
 00:00:00 | Cannot generate further orders - suspending generation for now
 00:00:00 | Cannot generate further orders - suspending generation for now
 00:00:00 | 00:00:00 | 0.00:30:00 | 100.00%  |   479   |    0     | 15%  |   5053   |   0    | 103.68MB  
 00:00:00 | >>> Simulation finished - writing results ...
 00:00:01 | >>> Results written
Simulation finished.
>>> Timings
StatTimingPathPlanningAverage: 8.347102922490474E-05
StatTimingPathPlanningOverall: 0.06569170000000003
StatTimingPathPlanningCount: 787
StatTimingTaskAllocationAverage: 0.001822437019230769
StatTimingTaskAllocationOverall: 0.37906689999999993
StatTimingTaskAllocationCount: 208
StatTimingItemStorageAverage: 8.743448275862105E-07
StatTimingItemStorageOverall: 0.0006339000000000026
StatTimingItemStorageCount: 725
StatTimingPodStorageAverage: 0.0015412149999999994
StatTimingPodStorageOverall: 0.15412149999999994
StatTimingPodStorageCount: 100
StatTimingReplenishmentBatchingAverage: 7.5500000000000006E-06
StatTimingReplenishmentBatchingOverall: 1.5100000000000001E-05
StatTimingReplenishmentBatchingCount: 2
StatTimingOrderBatchingAverage: 8.384161331626121E-05
StatTimingOrderBatchingOverall: 0.0654803
StatTimingOrderBatchingCount: 781
>>> Overall
StatOverallBundlesPlaced: 0
StatOverallItemsOrdered: 655
StatOverallOrdersPlaced: 410
StatOverallBundlesRejected: 0
StatOverallOrdersRejected: 0
StatOverallBundlesHandled: 0
StatOverallItemsHandled: 746
StatOverallLinesHandled: 706
StatOverallOrdersHandled: 479
StatOverallCollisions: 0
StatOverallDistanceTraveled: 5053.425983979294
StatOverallDistanceEstimated: 4929
StatOverallAssignedTasks: 208
StatMaxMemoryUsed: 108,45703125
StatRealTimeUsed: 0.968194
StatAverageTurnoverTime: 453.14601351600476
StatMedianTurnoverTime: 337.96722222222206
StatLowerQuartileTurnoverTime: 159.612503596461
StatUpperQuartileTurnoverTime: 655.2664862767629
StatAverageThroughputTime: 95.38650073561074
StatMedianThroughputTime: 24.938427124746113
StatLowerQuartileThroughputTime: 16.14500000000021
StatUpperQuartileThroughputTime: 84.19750359646241

Marked tag finished after 1 tries!
.Fin. - SUCCESS
<<< Welcome to the RAWSimO CLI >>>
The time is: 06/13/2024 09:56:32
Starting RAWSimO wrapper with the following arguments:
Instance: ..\..\..\..\Material\Instances\0.Weighted30min Demand separate\Dd\Weighted2.xinst
Setting: ..\..\..\..\Material\Instances\0.Weighted30min Demand separate\Dd\Weighted2.xsett
ControlConfig: ..\..\..\..\Material\Instances\0.Weighted30min Demand separate\Dd\Weighted2.xconf
StatisticsDir: ..\..\..\..\Material\Instances\0.Weighted30min Demand separate\Dd
Seed: 1
Additionally the following tag was passed: 1, 0.346, 0.3766666666666667, 0.175, 0.5, 0.5
Adding handler for unhandled exceptions ...
Initializing ... 
Instance recognized!
Parsing setting config ...
Parsing control config ...
Parsing instance ...
StatisticsFolder: Weighted2-Dd_[[1, 0.346, 0.3766666666666667]]_2_[0.175, 0.5, 0.5].csv-1
Done!
