Executing ... 
 15:39:13 | >>> Warming up ...
 00:00:00 | >>> Warmup finished - starting simulation ...
 Realtime |   ETA    |  Sim.Time  | Progress | #Orders | #Bundles | Inv. | Distance | #Coll. |   Memory    
 00:00:00 |   n/a    | 0.00:00:00 |  0.00%   |    0    |    0     | 83%  |    0     |   0    |  75.20MB  
 00:00:00 | Reactivating bundle generation paused by inventory+reserved+backlog level (currently at: 0.6491666666666667)
 00:00:00 | 00:00:00 | 0.00:30:00 | 100.00%  |   340   |    0     | 40%  |   3285   |   0    |  72.68MB  
 00:00:00 | >>> Simulation finished - writing results ...
 00:00:00 | >>> Results written
Simulation finished.
>>> Timings
StatTimingPathPlanningAverage: 6.583030769230772E-05
StatTimingPathPlanningOverall: 0.04278970000000002
StatTimingPathPlanningCount: 650
StatTimingTaskAllocationAverage: 0.0010273849397590359
StatTimingTaskAllocationOverall: 0.17054589999999994
StatTimingTaskAllocationCount: 166
StatTimingItemStorageAverage: 1.0138728323699464E-06
StatTimingItemStorageOverall: 0.0005262000000000022
StatTimingItemStorageCount: 519
StatTimingPodStorageAverage: 0.0010561671052631582
StatTimingPodStorageOverall: 0.08026870000000003
StatTimingPodStorageCount: 76
StatTimingReplenishmentBatchingAverage: 7.925E-06
StatTimingReplenishmentBatchingOverall: 3.17E-05
StatTimingReplenishmentBatchingCount: 4
StatTimingOrderBatchingAverage: 0.00012293176838810643
StatTimingOrderBatchingOverall: 0.07855340000000001
StatTimingOrderBatchingCount: 639
>>> Overall
StatOverallBundlesPlaced: 180
StatOverallItemsOrdered: 595
StatOverallOrdersPlaced: 374
StatOverallBundlesRejected: 0
StatOverallOrdersRejected: 0
StatOverallBundlesHandled: 0
StatOverallItemsHandled: 517
StatOverallLinesHandled: 485
StatOverallOrdersHandled: 340
StatOverallCollisions: 0
StatOverallDistanceTraveled: 3284.859589518286
StatOverallDistanceEstimated: 3172
StatOverallAssignedTasks: 166
StatMaxMemoryUsed: 75,1953125
StatRealTimeUsed: 0.7442868
StatAverageTurnoverTime: 547.7834483649101
StatMedianTurnoverTime: 402.44648627676486
StatLowerQuartileTurnoverTime: 220.43981241717518
StatUpperQuartileTurnoverTime: 777.363246734845
StatAverageThroughputTime: 139.13625006180027
StatMedianThroughputTime: 60.99601731969824
StatLowerQuartileThroughputTime: 40.48564934696947
StatUpperQuartileThroughputTime: 142.12028137424

Marked tag finished after 1 tries!
.Fin. - SUCCESS
<<< Welcome to the RAWSimO CLI >>>
The time is: 06/03/2024 15:39:13
Starting RAWSimO wrapper with the following arguments:
Instance: ..\..\..\..\Material\Instances\0.Weighted30min\WeightedScenario.xinst
Setting: ..\..\..\..\Material\Instances\0.Weighted30min\WeightedScenario.xsett
ControlConfig: ..\..\..\..\Material\Instances\0.Weighted30min\WeightedScenario.xconf
StatisticsDir: ..\..\..\..\Material\Instances\0.Weighted30min
Seed: 2
Additionally the following tag was passed: Dcwhigh
Adding handler for unhandled exceptions ...
Initializing ... 
Instance recognized!
Parsing setting config ...
Parsing control config ...
Parsing instance ...
StatisticsFolder: WeightedScenario-Dc_whigh_1.csv-2
Done!
