Executing ... 
 15:39:17 | >>> Warming up ...
 00:00:00 | >>> Warmup finished - starting simulation ...
 Realtime |   ETA    |  Sim.Time  | Progress | #Orders | #Bundles | Inv. | Distance | #Coll. |   Memory    
 00:00:00 |   n/a    | 0.00:00:00 |  0.00%   |    0    |    0     | 83%  |    0     |   0    |  75.64MB  
 00:00:00 | Reactivating bundle generation paused by inventory+reserved+backlog level (currently at: 0.6491666666666667)
 00:00:00 | 00:00:00 | 0.00:30:00 | 100.00%  |   328   |    0     | 40%  |   2665   |   0    |  72.69MB  
 00:00:00 | >>> Simulation finished - writing results ...
 00:00:00 | >>> Results written
Simulation finished.
>>> Timings
StatTimingPathPlanningAverage: 6.968767395626246E-05
StatTimingPathPlanningOverall: 0.03505290000000002
StatTimingPathPlanningCount: 503
StatTimingTaskAllocationAverage: 0.0016969671875000014
StatTimingTaskAllocationOverall: 0.21721180000000018
StatTimingTaskAllocationCount: 128
StatTimingItemStorageAverage: 9.291925465838564E-07
StatTimingItemStorageOverall: 0.00044880000000000267
StatTimingItemStorageCount: 483
StatTimingPodStorageAverage: 0.0012722571428571432
StatTimingPodStorageOverall: 0.07124640000000002
StatTimingPodStorageCount: 56
StatTimingReplenishmentBatchingAverage: 6.625E-06
StatTimingReplenishmentBatchingOverall: 2.65E-05
StatTimingReplenishmentBatchingCount: 4
StatTimingOrderBatchingAverage: 8.59702564102564E-05
StatTimingOrderBatchingOverall: 0.05029259999999999
StatTimingOrderBatchingCount: 585
>>> Overall
StatOverallBundlesPlaced: 180
StatOverallItemsOrdered: 580
StatOverallOrdersPlaced: 363
StatOverallBundlesRejected: 0
StatOverallOrdersRejected: 0
StatOverallBundlesHandled: 0
StatOverallItemsHandled: 517
StatOverallLinesHandled: 484
StatOverallOrdersHandled: 328
StatOverallCollisions: 0
StatOverallDistanceTraveled: 2665.4302113344756
StatOverallDistanceEstimated: 2624
StatOverallAssignedTasks: 128
StatMaxMemoryUsed: 75,24609375
StatRealTimeUsed: 0.7159663
StatAverageTurnoverTime: 470.9091205578359
StatMedianTurnoverTime: 294.41777777777764
StatLowerQuartileTurnoverTime: 128.79833333333335
StatUpperQuartileTurnoverTime: 734.2974098050478
StatAverageThroughputTime: 143.5177978380975
StatMedianThroughputTime: 71.39009379141362
StatLowerQuartileThroughputTime: 41.608888888888714
StatUpperQuartileThroughputTime: 122.7345382358576

Marked tag finished after 1 tries!
.Fin. - SUCCESS
<<< Welcome to the RAWSimO CLI >>>
The time is: 06/03/2024 15:39:17
Starting RAWSimO wrapper with the following arguments:
Instance: ..\..\..\..\Material\Instances\0.Weighted30min\WeightedScenario.xinst
Setting: ..\..\..\..\Material\Instances\0.Weighted30min\WeightedScenario.xsett
ControlConfig: ..\..\..\..\Material\Instances\0.Weighted30min\WeightedScenario.xconf
StatisticsDir: ..\..\..\..\Material\Instances\0.Weighted30min
Seed: 2
Additionally the following tag was passed: Dcwlow
Adding handler for unhandled exceptions ...
Initializing ... 
Instance recognized!
Parsing setting config ...
Parsing control config ...
Parsing instance ...
StatisticsFolder: WeightedScenario-Dc_wlow_1.csv-2
Done!
