Executing ... 
 21:26:22 | >>> Warming up ...
 00:00:00 | >>> Warmup finished - starting simulation ...
 Realtime |   ETA    |  Sim.Time  | Progress | #Orders | #Bundles | Inv. | Distance | #Coll. |   Memory    
 00:00:00 |   n/a    | 0.00:00:00 |  0.00%   |    0    |    0     | 60%  |    0     |   0    |  77.22MB  
 00:00:01 | Cannot generate further orders - suspending generation for now
 00:00:01 | Cannot generate further orders - suspending generation for now
 00:00:01 | Cannot generate further orders - suspending generation for now
 00:00:01 | Cannot generate further orders - suspending generation for now
 00:00:01 | Cannot generate further orders - suspending generation for now
 00:00:01 | Cannot generate further orders - suspending generation for now
 00:00:01 | Cannot generate further orders - suspending generation for now
 00:00:01 | Cannot generate further orders - suspending generation for now
 00:00:01 | 00:00:00 | 0.00:30:00 | 100.00%  |   451   |    0     | 18%  |   5112   |   0    |  74.00MB  
 00:00:01 | >>> Simulation finished - writing results ...
 00:00:01 | >>> Results written
Simulation finished.
>>> Timings
StatTimingPathPlanningAverage: 0.00011084135514018696
StatTimingPathPlanningOverall: 0.09488020000000004
StatTimingPathPlanningCount: 856
StatTimingTaskAllocationAverage: 0.00202064
StatTimingTaskAllocationOverall: 0.4445408
StatTimingTaskAllocationCount: 220
StatTimingItemStorageAverage: 1.3793205317577564E-06
StatTimingItemStorageOverall: 0.0009338000000000011
StatTimingItemStorageCount: 677
StatTimingPodStorageAverage: 0.0015910866666666663
StatTimingPodStorageOverall: 0.16706409999999997
StatTimingPodStorageCount: 105
StatTimingReplenishmentBatchingAverage: 1.015E-05
StatTimingReplenishmentBatchingOverall: 2.03E-05
StatTimingReplenishmentBatchingCount: 2
StatTimingOrderBatchingAverage: 0.00010454171052631568
StatTimingOrderBatchingOverall: 0.07945169999999992
StatTimingOrderBatchingCount: 760
>>> Overall
StatOverallBundlesPlaced: 0
StatOverallItemsOrdered: 660
StatOverallOrdersPlaced: 406
StatOverallBundlesRejected: 0
StatOverallOrdersRejected: 0
StatOverallBundlesHandled: 0
StatOverallItemsHandled: 701
StatOverallLinesHandled: 648
StatOverallOrdersHandled: 451
StatOverallCollisions: 0
StatOverallDistanceTraveled: 5112.015476271596
StatOverallDistanceEstimated: 5015
StatOverallAssignedTasks: 220
StatMaxMemoryUsed: 77,21875
StatRealTimeUsed: 1.2439324
StatAverageTurnoverTime: 457.7292426252935
StatMedianTurnoverTime: 309.6474169979714
StatLowerQuartileTurnoverTime: 136.07564934696808
StatUpperQuartileTurnoverTime: 702.4733333333354
StatAverageThroughputTime: 95.91779479823605
StatMedianThroughputTime: 20.063520916159177
StatLowerQuartileThroughputTime: 12.481111111110977
StatUpperQuartileThroughputTime: 77.06398268030173

Marked tag finished after 1 tries!
.Fin. - SUCCESS
<<< Welcome to the RAWSimO CLI >>>
The time is: 06/12/2024 21:26:24
Starting RAWSimO wrapper with the following arguments:
Instance: ..\..\..\..\Material\Instances\0.Weighted30min Demand separate\Da\Weighted2.xinst
Setting: ..\..\..\..\Material\Instances\0.Weighted30min Demand separate\Da\Weighted2.xsett
ControlConfig: ..\..\..\..\Material\Instances\0.Weighted30min Demand separate\Da\Weighted2.xconf
StatisticsDir: ..\..\..\..\Material\Instances\0.Weighted30min Demand separate\Da
Seed: 1
Additionally the following tag was passed: 1, 0.052, 0.5455, 0.103, 1.0, 0.25
Adding handler for unhandled exceptions ...
Initializing ... 
Instance recognized!
Parsing setting config ...
Parsing control config ...
Parsing instance ...
StatisticsFolder: Weighted2-Da_[[1, 0.052, 0.5455]]_2_[0.103, 1.0, 0.25].csv-1
Done!
