Executing ... 
 13:45:22 | >>> Warming up ...
 00:00:00 | >>> Warmup finished - starting simulation ...
 Realtime |   ETA    |  Sim.Time  | Progress | #Orders | #Bundles | Inv. | Distance | #Coll. |   Memory    
 00:00:00 |   n/a    | 0.00:00:00 |  0.00%   |    0    |    0     | 60%  |    0     |   0    | 114.51MB  
 00:00:00 | Cannot generate further orders - suspending generation for now
 00:00:00 | Cannot generate further orders - suspending generation for now
 00:00:01 | Cannot generate further orders - suspending generation for now
 00:00:01 | Cannot generate further orders - suspending generation for now
 00:00:01 | Cannot generate further orders - suspending generation for now
 00:00:01 | Cannot generate further orders - suspending generation for now
 00:00:01 | Cannot generate further orders - suspending generation for now
 00:00:01 | Cannot generate further orders - suspending generation for now
 00:00:01 | Cannot generate further orders - suspending generation for now
 00:00:01 | 00:00:00 | 0.00:30:00 | 100.00%  |   483   |    0     | 15%  |   5021   |   0    |  75.73MB  
 00:00:01 | >>> Simulation finished - writing results ...
 00:00:01 | >>> Results written
Simulation finished.
>>> Timings
StatTimingPathPlanningAverage: 0.00010379711417816812
StatTimingPathPlanningOverall: 0.08272629999999999
StatTimingPathPlanningCount: 797
StatTimingTaskAllocationAverage: 0.002113420095693779
StatTimingTaskAllocationOverall: 0.44170479999999973
StatTimingTaskAllocationCount: 209
StatTimingItemStorageAverage: 1.1636612021857938E-06
StatTimingItemStorageOverall: 0.000851800000000001
StatTimingItemStorageCount: 732
StatTimingPodStorageAverage: 0.0017749600000000019
StatTimingPodStorageOverall: 0.17749600000000018
StatTimingPodStorageCount: 100
StatTimingReplenishmentBatchingAverage: 9.450000000000001E-06
StatTimingReplenishmentBatchingOverall: 1.8900000000000002E-05
StatTimingReplenishmentBatchingCount: 2
StatTimingOrderBatchingAverage: 0.00013840582278481007
StatTimingOrderBatchingOverall: 0.10934059999999995
StatTimingOrderBatchingCount: 790
>>> Overall
StatOverallBundlesPlaced: 0
StatOverallItemsOrdered: 655
StatOverallOrdersPlaced: 415
StatOverallBundlesRejected: 0
StatOverallOrdersRejected: 0
StatOverallBundlesHandled: 0
StatOverallItemsHandled: 756
StatOverallLinesHandled: 713
StatOverallOrdersHandled: 483
StatOverallCollisions: 0
StatOverallDistanceTraveled: 5021.224736518927
StatOverallDistanceEstimated: 4871
StatOverallAssignedTasks: 209
StatMaxMemoryUsed: 115,5078125
StatRealTimeUsed: 1.1883665
StatAverageTurnoverTime: 473.1131575207523
StatMedianTurnoverTime: 252.61028137424046
StatLowerQuartileTurnoverTime: 114.79490620858701
StatUpperQuartileTurnoverTime: 672.6673016277912
StatAverageThroughputTime: 94.93862913485731
StatMedianThroughputTime: 24.658239541920352
StatLowerQuartileThroughputTime: 16.089906208587024
StatUpperQuartileThroughputTime: 78.69111111111124

Marked tag finished after 1 tries!
.Fin. - SUCCESS
<<< Welcome to the RAWSimO CLI >>>
The time is: 06/07/2024 13:45:23
Starting RAWSimO wrapper with the following arguments:
Instance: ..\..\..\..\Material\Instances\0.Weighted30min Demand separate\Dd\Weighted2.xinst
Setting: ..\..\..\..\Material\Instances\0.Weighted30min Demand separate\Dd\Weighted2.xsett
ControlConfig: ..\..\..\..\Material\Instances\0.Weighted30min Demand separate\Dd\Weighted2.xconf
StatisticsDir: ..\..\..\..\Material\Instances\0.Weighted30min Demand separate\Dd
Seed: 2
Additionally the following tag was passed: [[1, 0.05, 1]]
Adding handler for unhandled exceptions ...
Initializing ... 
Instance recognized!
Parsing setting config ...
Parsing control config ...
Parsing instance ...
StatisticsFolder: Weighted2-Dd_[[1, 0.05, 1]]_1.csv-2
Done!
