Executing ... 
 19:20:19 | >>> Warming up ...
 00:00:00 | >>> Warmup finished - starting simulation ...
 Realtime |   ETA    |  Sim.Time  | Progress | #Orders | #Bundles | Inv. | Distance | #Coll. |   Memory    
 00:00:00 |   n/a    | 0.00:00:00 |  0.00%   |    0    |    0     | 60%  |    0     |   0    | 111.11MB  
 00:00:00 | Cannot generate further orders - suspending generation for now
 00:00:00 | Cannot generate further orders - suspending generation for now
 00:00:00 | Cannot generate further orders - suspending generation for now
 00:00:00 | Cannot generate further orders - suspending generation for now
 00:00:00 | Cannot generate further orders - suspending generation for now
 00:00:01 | Cannot generate further orders - suspending generation for now
 00:00:01 | Cannot generate further orders - suspending generation for now
 00:00:01 | Cannot generate further orders - suspending generation for now
 00:00:01 | Cannot generate further orders - suspending generation for now
 00:00:01 | 00:00:00 | 0.00:30:00 | 100.00%  |   461   |    0     | 17%  |   5136   |   0    | 107.85MB  
 00:00:01 | >>> Simulation finished - writing results ...
 00:00:01 | >>> Results written
Simulation finished.
>>> Timings
StatTimingPathPlanningAverage: 0.00013535723114956733
StatTimingPathPlanningOverall: 0.10950399999999996
StatTimingPathPlanningCount: 809
StatTimingTaskAllocationAverage: 0.0020395136150234716
StatTimingTaskAllocationOverall: 0.4344163999999995
StatTimingTaskAllocationCount: 213
StatTimingItemStorageAverage: 1.7488338192419815E-06
StatTimingItemStorageOverall: 0.0011996999999999993
StatTimingItemStorageCount: 686
StatTimingPodStorageAverage: 0.0017572900990099002
StatTimingPodStorageOverall: 0.17748629999999993
StatTimingPodStorageCount: 101
StatTimingReplenishmentBatchingAverage: 8.65E-06
StatTimingReplenishmentBatchingOverall: 1.73E-05
StatTimingReplenishmentBatchingCount: 2
StatTimingOrderBatchingAverage: 0.00012732684824902718
StatTimingOrderBatchingOverall: 0.09816899999999995
StatTimingOrderBatchingCount: 771
>>> Overall
StatOverallBundlesPlaced: 0
StatOverallItemsOrdered: 659
StatOverallOrdersPlaced: 418
StatOverallBundlesRejected: 0
StatOverallOrdersRejected: 0
StatOverallBundlesHandled: 0
StatOverallItemsHandled: 710
StatOverallLinesHandled: 671
StatOverallOrdersHandled: 461
StatOverallCollisions: 0
StatOverallDistanceTraveled: 5136.054295502008
StatOverallDistanceEstimated: 4946
StatOverallAssignedTasks: 213
StatMaxMemoryUsed: 110,7421875
StatRealTimeUsed: 1.2479159
StatAverageTurnoverTime: 441.6808664710088
StatMedianTurnoverTime: 306.79935784595364
StatLowerQuartileTurnoverTime: 165.32083692979432
StatUpperQuartileTurnoverTime: 621.791118304033
StatAverageThroughputTime: 91.4139348048054
StatMedianThroughputTime: 20.817777777777792
StatLowerQuartileThroughputTime: 12.877777777777737
StatUpperQuartileThroughputTime: 84.3750937914129

Marked tag finished after 1 tries!
.Fin. - SUCCESS
<<< Welcome to the RAWSimO CLI >>>
The time is: 06/25/2024 19:20:20
Starting RAWSimO wrapper with the following arguments:
Instance: ..\..\..\..\Material\Instances\10.Weighted30min Demand Gall\Dp\Weighted2.xinst
Setting: ..\..\..\..\Material\Instances\10.Weighted30min Demand Gall\Dp\Weighted2.xsett
ControlConfig: ..\..\..\..\Material\Instances\10.Weighted30min Demand Gall\Dp\Weighted2.xconf
StatisticsDir: ..\..\..\..\Material\Instances\10.Weighted30min Demand Gall\Dp
Seed: 2
Additionally the following tag was passed: 1, 0.19, 1.0, 0.12, 0.627, 1.0
Adding handler for unhandled exceptions ...
Initializing ... 
Instance recognized!
Parsing setting config ...
Parsing control config ...
Parsing instance ...
StatisticsFolder: Weighted2-Dp_[[1, 0.19, 1.0]]_2_[0.12, 0.627, 1.0].csv-2
Done!
