Executing ... 
 16:47:58 | >>> Warming up ...
 00:00:00 | >>> Warmup finished - starting simulation ...
 Realtime |   ETA    |  Sim.Time  | Progress | #Orders | #Bundles | Inv. | Distance | #Coll. |   Memory    
 00:00:00 |   n/a    | 0.00:00:00 |  0.00%   |    0    |    0     | 60%  |    0     |   0    | 110.34MB  
 00:00:00 | Cannot generate further orders - suspending generation for now
 00:00:00 | Cannot generate further orders - suspending generation for now
 00:00:00 | Cannot generate further orders - suspending generation for now
 00:00:00 | Cannot generate further orders - suspending generation for now
 00:00:00 | Cannot generate further orders - suspending generation for now
 00:00:01 | Cannot generate further orders - suspending generation for now
 00:00:01 | Cannot generate further orders - suspending generation for now
 00:00:01 | 00:00:00 | 0.00:30:00 | 100.00%  |   449   |    0     | 18%  |   5323   |   0    |  61.90MB  
 00:00:01 | >>> Simulation finished - writing results ...
 00:00:01 | >>> Results written
Simulation finished.
>>> Timings
StatTimingPathPlanningAverage: 8.862204362801375E-05
StatTimingPathPlanningOverall: 0.07718979999999998
StatTimingPathPlanningCount: 871
StatTimingTaskAllocationAverage: 0.0017065013888888899
StatTimingTaskAllocationOverall: 0.3686043000000002
StatTimingTaskAllocationCount: 216
StatTimingItemStorageAverage: 1.0051319648093847E-06
StatTimingItemStorageOverall: 0.0006855000000000003
StatTimingItemStorageCount: 682
StatTimingPodStorageAverage: 0.0015223096153846153
StatTimingPodStorageOverall: 0.1583202
StatTimingPodStorageCount: 104
StatTimingReplenishmentBatchingAverage: 1.95E-05
StatTimingReplenishmentBatchingOverall: 3.9E-05
StatTimingReplenishmentBatchingCount: 2
StatTimingOrderBatchingAverage: 0.00011981973154362427
StatTimingOrderBatchingOverall: 0.08926570000000009
StatTimingOrderBatchingCount: 745
>>> Overall
StatOverallBundlesPlaced: 0
StatOverallItemsOrdered: 667
StatOverallOrdersPlaced: 423
StatOverallBundlesRejected: 0
StatOverallOrdersRejected: 0
StatOverallBundlesHandled: 0
StatOverallItemsHandled: 699
StatOverallLinesHandled: 660
StatOverallOrdersHandled: 449
StatOverallCollisions: 0
StatOverallDistanceTraveled: 5323.002070503264
StatOverallDistanceEstimated: 5201
StatOverallAssignedTasks: 216
StatMaxMemoryUsed: 110,3359375
StatRealTimeUsed: 1.0429875
StatAverageTurnoverTime: 510.77726612043944
StatMedianTurnoverTime: 350.4736147075711
StatLowerQuartileTurnoverTime: 145.35574313838356
StatUpperQuartileTurnoverTime: 756.758051959096
StatAverageThroughputTime: 97.88947000970155
StatMedianThroughputTime: 25.528888888889128
StatLowerQuartileThroughputTime: 15.521111111111054
StatUpperQuartileThroughputTime: 82.04916307020588

Marked tag finished after 1 tries!
.Fin. - SUCCESS
<<< Welcome to the RAWSimO CLI >>>
The time is: 06/03/2024 16:47:59
Starting RAWSimO wrapper with the following arguments:
Instance: ..\..\..\..\Material\Instances\0.Weighted30min\Weighted2.xinst
Setting: ..\..\..\..\Material\Instances\0.Weighted30min\Weighted2.xsett
ControlConfig: ..\..\..\..\Material\Instances\0.Weighted30min\Weighted2.xconf
StatisticsDir: ..\..\..\..\Material\Instances\0.Weighted30min
Seed: 2
Additionally the following tag was passed: Dbwhigh
Adding handler for unhandled exceptions ...
Initializing ... 
Instance recognized!
Parsing setting config ...
Parsing control config ...
Parsing instance ...
StatisticsFolder: Weighted2-Db_whigh_2.csv-2
Done!
