Executing ... 
 09:49:14 | >>> Warming up ...
 00:00:00 | >>> Warmup finished - starting simulation ...
 Realtime |   ETA    |  Sim.Time  | Progress | #Orders | #Bundles | Inv. | Distance | #Coll. |   Memory    
 00:00:00 |   n/a    | 0.00:00:00 |  0.00%   |    0    |    0     | 60%  |    0     |   0    | 145.75MB  
 00:00:00 | Cannot generate further orders - suspending generation for now
 00:00:00 | Cannot generate further orders - suspending generation for now
 00:00:00 | Cannot generate further orders - suspending generation for now
 00:00:00 | Cannot generate further orders - suspending generation for now
 00:00:00 | Cannot generate further orders - suspending generation for now
 00:00:00 | Cannot generate further orders - suspending generation for now
 00:00:00 | Cannot generate further orders - suspending generation for now
 00:00:00 | Cannot generate further orders - suspending generation for now
 00:00:00 | Cannot generate further orders - suspending generation for now
 00:00:00 | Cannot generate further orders - suspending generation for now
 00:00:00 | Cannot generate further orders - suspending generation for now
 00:00:01 | 00:00:00 | 0.00:30:00 | 100.00%  |   501   |    0     | 14%  |   4954   |   0    | 140.84MB  
 00:00:01 | >>> Simulation finished - writing results ...
 00:00:01 | >>> Results written
Simulation finished.
>>> Timings
StatTimingPathPlanningAverage: 9.561624040920711E-05
StatTimingPathPlanningOverall: 0.07477189999999996
StatTimingPathPlanningCount: 782
StatTimingTaskAllocationAverage: 0.0018860248756218908
StatTimingTaskAllocationOverall: 0.37909100000000007
StatTimingTaskAllocationCount: 201
StatTimingItemStorageAverage: 8.993368700265296E-07
StatTimingItemStorageOverall: 0.0006781000000000033
StatTimingItemStorageCount: 754
StatTimingPodStorageAverage: 0.0016344876288659788
StatTimingPodStorageOverall: 0.15854529999999994
StatTimingPodStorageCount: 97
StatTimingReplenishmentBatchingAverage: 1E-05
StatTimingReplenishmentBatchingOverall: 2E-05
StatTimingReplenishmentBatchingCount: 2
StatTimingOrderBatchingAverage: 7.758094660194171E-05
StatTimingOrderBatchingOverall: 0.06392669999999998
StatTimingOrderBatchingCount: 824
>>> Overall
StatOverallBundlesPlaced: 0
StatOverallItemsOrdered: 667
StatOverallOrdersPlaced: 423
StatOverallBundlesRejected: 0
StatOverallOrdersRejected: 0
StatOverallBundlesHandled: 0
StatOverallItemsHandled: 772
StatOverallLinesHandled: 731
StatOverallOrdersHandled: 501
StatOverallCollisions: 0
StatOverallDistanceTraveled: 4953.866572222211
StatOverallDistanceEstimated: 4840
StatOverallAssignedTasks: 201
StatMaxMemoryUsed: 145,74609375
StatRealTimeUsed: 1.000797
StatAverageTurnoverTime: 437.1265977815427
StatMedianTurnoverTime: 272.7217604580796
StatLowerQuartileTurnoverTime: 121.30684705657109
StatUpperQuartileTurnoverTime: 590.9598196101025
StatAverageThroughputTime: 95.01513394468144
StatMedianThroughputTime: 24.057222222222208
StatLowerQuartileThroughputTime: 15.949444444444453
StatUpperQuartileThroughputTime: 83.29693365504704

Marked tag finished after 1 tries!
.Fin. - SUCCESS
<<< Welcome to the RAWSimO CLI >>>
The time is: 06/13/2024 09:49:15
Starting RAWSimO wrapper with the following arguments:
Instance: ..\..\..\..\Material\Instances\0.Weighted30min Demand separate\Dc\Weighted2.xinst
Setting: ..\..\..\..\Material\Instances\0.Weighted30min Demand separate\Dc\Weighted2.xsett
ControlConfig: ..\..\..\..\Material\Instances\0.Weighted30min Demand separate\Dc\Weighted2.xconf
StatisticsDir: ..\..\..\..\Material\Instances\0.Weighted30min Demand separate\Dc
Seed: 2
Additionally the following tag was passed: 1, 1.2638, 0.058, 0.084, 0.171, 0.708
Adding handler for unhandled exceptions ...
Initializing ... 
Instance recognized!
Parsing setting config ...
Parsing control config ...
Parsing instance ...
StatisticsFolder: Weighted2-Dc_[[1, 1.2638, 0.058]]_3_[0.084, 0.171, 0.708].csv-2
Done!
