Executing ... 
 09:41:59 | >>> Warming up ...
 00:00:00 | >>> Warmup finished - starting simulation ...
 Realtime |   ETA    |  Sim.Time  | Progress | #Orders | #Bundles | Inv. | Distance | #Coll. |   Memory    
 00:00:00 |   n/a    | 0.00:00:00 |  0.00%   |    0    |    0     | 60%  |    0     |   0    |  95.86MB  
 00:00:00 | Cannot generate further orders - suspending generation for now
 00:00:01 | Cannot generate further orders - suspending generation for now
 00:00:01 | Cannot generate further orders - suspending generation for now
 00:00:01 | Cannot generate further orders - suspending generation for now
 00:00:01 | Cannot generate further orders - suspending generation for now
 00:00:01 | Cannot generate further orders - suspending generation for now
 00:00:01 | Cannot generate further orders - suspending generation for now
 00:00:01 | Cannot generate further orders - suspending generation for now
 00:00:01 | Cannot generate further orders - suspending generation for now
 00:00:01 | 00:00:00 | 0.00:30:00 | 100.00%  |   478   |    0     | 17%  |   5105   |   0    |  92.19MB  
 00:00:01 | >>> Simulation finished - writing results ...
 00:00:01 | >>> Results written
Simulation finished.
>>> Timings
StatTimingPathPlanningAverage: 0.00010858999999999998
StatTimingPathPlanningOverall: 0.08904379999999998
StatTimingPathPlanningCount: 820
StatTimingTaskAllocationAverage: 0.002146901369863013
StatTimingTaskAllocationOverall: 0.4701713999999999
StatTimingTaskAllocationCount: 219
StatTimingItemStorageAverage: 1.1829479768786134E-06
StatTimingItemStorageOverall: 0.0008186000000000005
StatTimingItemStorageCount: 692
StatTimingPodStorageAverage: 0.0018783075471698115
StatTimingPodStorageOverall: 0.19910060000000002
StatTimingPodStorageCount: 106
StatTimingReplenishmentBatchingAverage: 7.95E-06
StatTimingReplenishmentBatchingOverall: 1.59E-05
StatTimingReplenishmentBatchingCount: 2
StatTimingOrderBatchingAverage: 0.00010769543080939948
StatTimingOrderBatchingOverall: 0.0824947
StatTimingOrderBatchingCount: 766
>>> Overall
StatOverallBundlesPlaced: 0
StatOverallItemsOrdered: 642
StatOverallOrdersPlaced: 417
StatOverallBundlesRejected: 0
StatOverallOrdersRejected: 0
StatOverallBundlesHandled: 0
StatOverallItemsHandled: 717
StatOverallLinesHandled: 677
StatOverallOrdersHandled: 478
StatOverallCollisions: 0
StatOverallDistanceTraveled: 5104.792317377679
StatOverallDistanceEstimated: 5011
StatOverallAssignedTasks: 219
StatMaxMemoryUsed: 95,859375
StatRealTimeUsed: 1.2300572
StatAverageTurnoverTime: 443.11755089705224
StatMedianTurnoverTime: 317.01935065303206
StatLowerQuartileTurnoverTime: 140.01296536060354
StatUpperQuartileTurnoverTime: 596.3512049025237
StatAverageThroughputTime: 94.02005992359686
StatMedianThroughputTime: 21.342777777777883
StatLowerQuartileThroughputTime: 12.936666666666724
StatUpperQuartileThroughputTime: 81.56833333333333

Marked tag finished after 1 tries!
.Fin. - SUCCESS
<<< Welcome to the RAWSimO CLI >>>
The time is: 06/13/2024 09:42:00
Starting RAWSimO wrapper with the following arguments:
Instance: ..\..\..\..\Material\Instances\0.Weighted30min Demand separate\Db\Weighted2.xinst
Setting: ..\..\..\..\Material\Instances\0.Weighted30min Demand separate\Db\Weighted2.xsett
ControlConfig: ..\..\..\..\Material\Instances\0.Weighted30min Demand separate\Db\Weighted2.xconf
StatisticsDir: ..\..\..\..\Material\Instances\0.Weighted30min Demand separate\Db
Seed: 3
Additionally the following tag was passed: 1, 0.059, 0.059, 0.104, 0.61, 0.392
Adding handler for unhandled exceptions ...
Initializing ... 
Instance recognized!
Parsing setting config ...
Parsing control config ...
Parsing instance ...
StatisticsFolder: Weighted2-Db_[[1, 0.059, 0.059]]_2_[0.104, 0.61, 0.392].csv-3
Done!
