Executing ... 
 10:00:39 | >>> Warming up ...
 00:00:00 | >>> Warmup finished - starting simulation ...
 Realtime |   ETA    |  Sim.Time  | Progress | #Orders | #Bundles | Inv. | Distance | #Coll. |   Memory    
 00:00:00 |   n/a    | 0.00:00:00 |  0.00%   |    0    |    0     | 60%  |    0     |   0    | 109.41MB  
 00:00:00 | Cannot generate further orders - suspending generation for now
 00:00:00 | Cannot generate further orders - suspending generation for now
 00:00:00 | Cannot generate further orders - suspending generation for now
 00:00:00 | Cannot generate further orders - suspending generation for now
 00:00:00 | Cannot generate further orders - suspending generation for now
 00:00:00 | Cannot generate further orders - suspending generation for now
 00:00:01 | Cannot generate further orders - suspending generation for now
 00:00:01 | Cannot generate further orders - suspending generation for now
 00:00:01 | Cannot generate further orders - suspending generation for now
 00:00:01 | Cannot generate further orders - suspending generation for now
 00:00:01 | Cannot generate further orders - suspending generation for now
 00:00:01 | Cannot generate further orders - suspending generation for now
 00:00:01 | Pausing order generation due to inventory level (currently at: 0.09702380952380953)
 00:00:01 | 00:00:00 | 0.00:30:00 | 100.00%  |   546   |    0     |  8%  |   4536   |   0    | 105.39MB  
 00:00:01 | >>> Simulation finished - writing results ...
 00:00:01 | >>> Results written
Simulation finished.
>>> Timings
StatTimingPathPlanningAverage: 0.00010075955497382196
StatTimingPathPlanningOverall: 0.07698029999999997
StatTimingPathPlanningCount: 764
StatTimingTaskAllocationAverage: 0.00270833440860215
StatTimingTaskAllocationOverall: 0.5037501999999999
StatTimingTaskAllocationCount: 186
StatTimingItemStorageAverage: 1.0832125603864714E-06
StatTimingItemStorageOverall: 0.0008968999999999983
StatTimingItemStorageCount: 828
StatTimingPodStorageAverage: 0.0025018089887640445
StatTimingPodStorageOverall: 0.22266099999999997
StatTimingPodStorageCount: 89
StatTimingReplenishmentBatchingAverage: 1.225E-05
StatTimingReplenishmentBatchingOverall: 2.45E-05
StatTimingReplenishmentBatchingCount: 2
StatTimingOrderBatchingAverage: 0.00010521199040767366
StatTimingOrderBatchingOverall: 0.08774679999999983
StatTimingOrderBatchingCount: 834
>>> Overall
StatOverallBundlesPlaced: 0
StatOverallItemsOrdered: 625
StatOverallOrdersPlaced: 402
StatOverallBundlesRejected: 0
StatOverallOrdersRejected: 0
StatOverallBundlesHandled: 0
StatOverallItemsHandled: 863
StatOverallLinesHandled: 821
StatOverallOrdersHandled: 546
StatOverallCollisions: 0
StatOverallDistanceTraveled: 4535.810098827804
StatOverallDistanceEstimated: 4415
StatOverallAssignedTasks: 186
StatMaxMemoryUsed: 109,4140625
StatRealTimeUsed: 1.2135116
StatAverageTurnoverTime: 469.59913508844437
StatMedianTurnoverTime: 316.42999999999984
StatLowerQuartileTurnoverTime: 131.30166666666662
StatUpperQuartileTurnoverTime: 684.466948040905
StatAverageThroughputTime: 84.70504525747758
StatMedianThroughputTime: 36.09722222222308
StatLowerQuartileThroughputTime: 20.959819610095565
StatUpperQuartileThroughputTime: 82.71444444444467

Marked tag finished after 1 tries!
.Fin. - SUCCESS
<<< Welcome to the RAWSimO CLI >>>
The time is: 06/13/2024 10:00:41
Starting RAWSimO wrapper with the following arguments:
Instance: ..\..\..\..\Material\Instances\0.Weighted30min Demand separate\De\Weighted2.xinst
Setting: ..\..\..\..\Material\Instances\0.Weighted30min Demand separate\De\Weighted2.xsett
ControlConfig: ..\..\..\..\Material\Instances\0.Weighted30min Demand separate\De\Weighted2.xconf
StatisticsDir: ..\..\..\..\Material\Instances\0.Weighted30min Demand separate\De
Seed: 2
Additionally the following tag was passed: 1, 1.0, 0.058, 0.174, 0.167, 1.0
Adding handler for unhandled exceptions ...
Initializing ... 
Instance recognized!
Parsing setting config ...
Parsing control config ...
Parsing instance ...
StatisticsFolder: Weighted2-De_[[1, 1.0, 0.058]]_1_[0.174, 0.167, 1.0].csv-2
Done!
