Executing ... 
 19:59:30 | >>> Warming up ...
 00:00:00 | >>> Warmup finished - starting simulation ...
 Realtime |   ETA    |  Sim.Time  | Progress | #Orders | #Bundles | Inv. | Distance | #Coll. |   Memory    
 00:00:00 |   n/a    | 0.00:00:00 |  0.00%   |    0    |    0     | 60%  |    0     |   0    |  80.80MB  
 00:00:00 | Cannot generate further orders - suspending generation for now
 00:00:00 | Cannot generate further orders - suspending generation for now
 00:00:00 | Cannot generate further orders - suspending generation for now
 00:00:00 | Cannot generate further orders - suspending generation for now
 00:00:00 | Cannot generate further orders - suspending generation for now
 00:00:01 | Cannot generate further orders - suspending generation for now
 00:00:01 | Cannot generate further orders - suspending generation for now
 00:00:01 | Cannot generate further orders - suspending generation for now
 00:00:01 | Cannot generate further orders - suspending generation for now
 00:00:01 | Cannot generate further orders - suspending generation for now
 00:00:01 | Cannot generate further orders - suspending generation for now
 00:00:01 | Cannot generate further orders - suspending generation for now
 00:00:01 | 00:00:00 | 0.00:30:00 | 100.00%  |   492   |    0     | 15%  |   4945   |   0    |  82.62MB  
 00:00:01 | >>> Simulation finished - writing results ...
 00:00:01 | >>> Results written
Simulation finished.
>>> Timings
StatTimingPathPlanningAverage: 0.00010913856613102609
StatTimingPathPlanningOverall: 0.08829310000000011
StatTimingPathPlanningCount: 809
StatTimingTaskAllocationAverage: 0.002076231155778893
StatTimingTaskAllocationOverall: 0.41316999999999965
StatTimingTaskAllocationCount: 199
StatTimingItemStorageAverage: 1.107327001356851E-06
StatTimingItemStorageOverall: 0.0008160999999999992
StatTimingItemStorageCount: 737
StatTimingPodStorageAverage: 0.001751092708333333
StatTimingPodStorageOverall: 0.16810489999999997
StatTimingPodStorageCount: 96
StatTimingReplenishmentBatchingAverage: 7.95E-06
StatTimingReplenishmentBatchingOverall: 1.59E-05
StatTimingReplenishmentBatchingCount: 2
StatTimingOrderBatchingAverage: 0.00010318978007761973
StatTimingOrderBatchingOverall: 0.07976570000000005
StatTimingOrderBatchingCount: 773
>>> Overall
StatOverallBundlesPlaced: 0
StatOverallItemsOrdered: 667
StatOverallOrdersPlaced: 417
StatOverallBundlesRejected: 0
StatOverallOrdersRejected: 0
StatOverallBundlesHandled: 0
StatOverallItemsHandled: 755
StatOverallLinesHandled: 715
StatOverallOrdersHandled: 492
StatOverallCollisions: 0
StatOverallDistanceTraveled: 4944.791326985646
StatOverallDistanceEstimated: 4755
StatOverallAssignedTasks: 199
StatMaxMemoryUsed: 86,67578125
StatRealTimeUsed: 1.1469773
StatAverageTurnoverTime: 451.22390035183923
StatMedianTurnoverTime: 330.8421284308015
StatLowerQuartileTurnoverTime: 142.03509379141298
StatUpperQuartileTurnoverTime: 597.9123232065567
StatAverageThroughputTime: 93.24661340155467
StatMedianThroughputTime: 27.360649346968415
StatLowerQuartileThroughputTime: 16.021111111111168
StatUpperQuartileThroughputTime: 94.48704183231939

Marked tag finished after 1 tries!
.Fin. - SUCCESS
<<< Welcome to the RAWSimO CLI >>>
The time is: 06/11/2024 19:59:31
Starting RAWSimO wrapper with the following arguments:
Instance: ..\..\..\..\Material\Instances\0.Weighted30min Demand separate\Df\Weighted2.xinst
Setting: ..\..\..\..\Material\Instances\0.Weighted30min Demand separate\Df\Weighted2.xsett
ControlConfig: ..\..\..\..\Material\Instances\0.Weighted30min Demand separate\Df\Weighted2.xconf
StatisticsDir: ..\..\..\..\Material\Instances\0.Weighted30min Demand separate\Df
Seed: 4
Additionally the following tag was passed: [[1, 0.10514285714285715, 0.068]]
Adding handler for unhandled exceptions ...
Initializing ... 
Instance recognized!
Parsing setting config ...
Parsing control config ...
Parsing instance ...
StatisticsFolder: Weighted2-Df_[[1, 0.10514285714285715, 0.068]]_2.csv-4
Done!
