Executing ... 
 09:54:45 | >>> Warming up ...
 00:00:00 | >>> Warmup finished - starting simulation ...
 Realtime |   ETA    |  Sim.Time  | Progress | #Orders | #Bundles | Inv. | Distance | #Coll. |   Memory    
 00:00:00 |   n/a    | 0.00:00:00 |  0.00%   |    0    |    0     | 60%  |    0     |   0    |  96.49MB  
 00:00:01 | Cannot generate further orders - suspending generation for now
 00:00:01 | Cannot generate further orders - suspending generation for now
 00:00:01 | Cannot generate further orders - suspending generation for now
 00:00:01 | Cannot generate further orders - suspending generation for now
 00:00:01 | Cannot generate further orders - suspending generation for now
 00:00:01 | Cannot generate further orders - suspending generation for now
 00:00:01 | Cannot generate further orders - suspending generation for now
 00:00:01 | Cannot generate further orders - suspending generation for now
 00:00:01 | 00:00:00 | 0.00:30:00 | 100.00%  |   463   |    0     | 17%  |   5151   |   0    |  92.80MB  
 00:00:01 | >>> Simulation finished - writing results ...
 00:00:01 | >>> Results written
Simulation finished.
>>> Timings
StatTimingPathPlanningAverage: 0.00017439330254041558
StatTimingPathPlanningOverall: 0.1510245999999999
StatTimingPathPlanningCount: 866
StatTimingTaskAllocationAverage: 0.0027576045662100475
StatTimingTaskAllocationOverall: 0.6039154000000004
StatTimingTaskAllocationCount: 219
StatTimingItemStorageAverage: 2.123672883787664E-06
StatTimingItemStorageOverall: 0.0014802000000000018
StatTimingItemStorageCount: 697
StatTimingPodStorageAverage: 0.0024017019230769235
StatTimingPodStorageOverall: 0.24977700000000003
StatTimingPodStorageCount: 104
StatTimingReplenishmentBatchingAverage: 9.3E-06
StatTimingReplenishmentBatchingOverall: 1.86E-05
StatTimingReplenishmentBatchingCount: 2
StatTimingOrderBatchingAverage: 0.00017692437086092727
StatTimingOrderBatchingOverall: 0.13357790000000008
StatTimingOrderBatchingCount: 755
>>> Overall
StatOverallBundlesPlaced: 0
StatOverallItemsOrdered: 667
StatOverallOrdersPlaced: 414
StatOverallBundlesRejected: 0
StatOverallOrdersRejected: 0
StatOverallBundlesHandled: 0
StatOverallItemsHandled: 723
StatOverallLinesHandled: 683
StatOverallOrdersHandled: 463
StatOverallCollisions: 0
StatOverallDistanceTraveled: 5151.060355637126
StatOverallDistanceEstimated: 5030
StatOverallAssignedTasks: 219
StatMaxMemoryUsed: 96,2421875
StatRealTimeUsed: 1.6910052
StatAverageTurnoverTime: 430.03696796134756
StatMedianTurnoverTime: 290.4186219004936
StatLowerQuartileTurnoverTime: 141.00611111111112
StatUpperQuartileTurnoverTime: 588.4013130797799
StatAverageThroughputTime: 98.64279410853351
StatMedianThroughputTime: 23.918888888888716
StatLowerQuartileThroughputTime: 16.162777777778047
StatUpperQuartileThroughputTime: 85.58619770960229

Marked tag finished after 1 tries!
.Fin. - SUCCESS
<<< Welcome to the RAWSimO CLI >>>
The time is: 06/13/2024 09:54:47
Starting RAWSimO wrapper with the following arguments:
Instance: ..\..\..\..\Material\Instances\0.Weighted30min Demand separate\Dd\Weighted2.xinst
Setting: ..\..\..\..\Material\Instances\0.Weighted30min Demand separate\Dd\Weighted2.xsett
ControlConfig: ..\..\..\..\Material\Instances\0.Weighted30min Demand separate\Dd\Weighted2.xconf
StatisticsDir: ..\..\..\..\Material\Instances\0.Weighted30min Demand separate\Dd
Seed: 1
Additionally the following tag was passed: 1, 0.198, 0.05, 0.114, 0.575, 1.0
Adding handler for unhandled exceptions ...
Initializing ... 
Instance recognized!
Parsing setting config ...
Parsing control config ...
Parsing instance ...
StatisticsFolder: Weighted2-Dd_[[1, 0.198, 0.05]]_3_[0.114, 0.575, 1.0].csv-1
Done!
