Executing ... 
 09:24:28 | >>> Warming up ...
 00:00:00 | >>> Warmup finished - starting simulation ...
 Realtime |   ETA    |  Sim.Time  | Progress | #Orders | #Bundles | Inv. | Distance | #Coll. |   Memory    
 00:00:00 |   n/a    | 0.00:00:00 |  0.00%   |    0    |    0     | 60%  |    0     |   0    |  78.60MB  
 00:00:00 | Cannot generate further orders - suspending generation for now
 00:00:00 | Cannot generate further orders - suspending generation for now
 00:00:00 | Cannot generate further orders - suspending generation for now
 00:00:00 | Cannot generate further orders - suspending generation for now
 00:00:00 | Cannot generate further orders - suspending generation for now
 00:00:00 | Cannot generate further orders - suspending generation for now
 00:00:00 | Cannot generate further orders - suspending generation for now
 00:00:00 | Cannot generate further orders - suspending generation for now
 00:00:01 | Cannot generate further orders - suspending generation for now
 00:00:01 | Cannot generate further orders - suspending generation for now
 00:00:01 | 00:00:00 | 0.00:30:00 | 100.00%  |   473   |    0     | 17%  |   5249   |   0    |  75.06MB  
 00:00:01 | >>> Simulation finished - writing results ...
 00:00:01 | >>> Results written
Simulation finished.
>>> Timings
StatTimingPathPlanningAverage: 9.179252669039147E-05
StatTimingPathPlanningOverall: 0.07738110000000001
StatTimingPathPlanningCount: 843
StatTimingTaskAllocationAverage: 0.0019026657142857126
StatTimingTaskAllocationOverall: 0.39955979999999963
StatTimingTaskAllocationCount: 210
StatTimingItemStorageAverage: 9.479196556671471E-07
StatTimingItemStorageOverall: 0.0006607000000000015
StatTimingItemStorageCount: 697
StatTimingPodStorageAverage: 0.0017341405940594057
StatTimingPodStorageOverall: 0.17514819999999998
StatTimingPodStorageCount: 101
StatTimingReplenishmentBatchingAverage: 8.599999999999999E-06
StatTimingReplenishmentBatchingOverall: 1.7199999999999998E-05
StatTimingReplenishmentBatchingCount: 2
StatTimingOrderBatchingAverage: 9.469088575096272E-05
StatTimingOrderBatchingOverall: 0.07376419999999996
StatTimingOrderBatchingCount: 779
>>> Overall
StatOverallBundlesPlaced: 0
StatOverallItemsOrdered: 654
StatOverallOrdersPlaced: 425
StatOverallBundlesRejected: 0
StatOverallOrdersRejected: 0
StatOverallBundlesHandled: 0
StatOverallItemsHandled: 722
StatOverallLinesHandled: 686
StatOverallOrdersHandled: 473
StatOverallCollisions: 0
StatOverallDistanceTraveled: 5248.984989210602
StatOverallDistanceEstimated: 5056
StatOverallAssignedTasks: 210
StatMaxMemoryUsed: 79,0234375
StatRealTimeUsed: 1.0590106
StatAverageTurnoverTime: 450.34604779081604
StatMedianTurnoverTime: 339.70906927879344
StatLowerQuartileTurnoverTime: 132.3238888888892
StatUpperQuartileTurnoverTime: 637.9989826803014
StatAverageThroughputTime: 89.56018459985258
StatMedianThroughputTime: 24.214444444444553
StatLowerQuartileThroughputTime: 16.28777777777782
StatUpperQuartileThroughputTime: 81.42879509747593

Marked tag finished after 1 tries!
.Fin. - SUCCESS
<<< Welcome to the RAWSimO CLI >>>
The time is: 06/13/2024 09:24:29
Starting RAWSimO wrapper with the following arguments:
Instance: ..\..\..\..\Material\Instances\0.Weighted30min Demand separate\Da\Weighted2.xinst
Setting: ..\..\..\..\Material\Instances\0.Weighted30min Demand separate\Da\Weighted2.xsett
ControlConfig: ..\..\..\..\Material\Instances\0.Weighted30min Demand separate\Da\Weighted2.xconf
StatisticsDir: ..\..\..\..\Material\Instances\0.Weighted30min Demand separate\Da
Seed: 3
Additionally the following tag was passed: 1, 0.052, 0.7922499999999999, 0.103, 1.0, 0.25
Adding handler for unhandled exceptions ...
Initializing ... 
Instance recognized!
Parsing setting config ...
Parsing control config ...
Parsing instance ...
StatisticsFolder: Weighted2-Da_[[1, 0.052, 0.7922499999999999]]_1_[0.103, 1.0, 0.25].csv-3
Done!
