Executing ... 
 19:59:40 | >>> Warming up ...
 00:00:00 | >>> Warmup finished - starting simulation ...
 Realtime |   ETA    |  Sim.Time  | Progress | #Orders | #Bundles | Inv. | Distance | #Coll. |   Memory    
 00:00:00 |   n/a    | 0.00:00:00 |  0.00%   |    0    |    0     | 60%  |    0     |   0    |  81.22MB  
 00:00:00 | Cannot generate further orders - suspending generation for now
 00:00:00 | Cannot generate further orders - suspending generation for now
 00:00:00 | Cannot generate further orders - suspending generation for now
 00:00:00 | Cannot generate further orders - suspending generation for now
 00:00:00 | Cannot generate further orders - suspending generation for now
 00:00:00 | Cannot generate further orders - suspending generation for now
 00:00:00 | Cannot generate further orders - suspending generation for now
 00:00:00 | Cannot generate further orders - suspending generation for now
 00:00:00 | Cannot generate further orders - suspending generation for now
 00:00:00 | Cannot generate further orders - suspending generation for now
 00:00:00 | 00:00:00 | 0.00:30:00 | 100.00%  |   521   |    0     | 12%  |   4812   |   0    |  85.07MB  
 00:00:00 | >>> Simulation finished - writing results ...
 00:00:01 | >>> Results written
Simulation finished.
>>> Timings
StatTimingPathPlanningAverage: 8.313250975292581E-05
StatTimingPathPlanningOverall: 0.06392889999999996
StatTimingPathPlanningCount: 769
StatTimingTaskAllocationAverage: 0.0018857579207920787
StatTimingTaskAllocationOverall: 0.3809230999999999
StatTimingTaskAllocationCount: 202
StatTimingItemStorageAverage: 9.70466321243527E-07
StatTimingItemStorageOverall: 0.0007492000000000028
StatTimingItemStorageCount: 772
StatTimingPodStorageAverage: 0.0015283927835051544
StatTimingPodStorageOverall: 0.14825409999999997
StatTimingPodStorageCount: 97
StatTimingReplenishmentBatchingAverage: 7.25E-06
StatTimingReplenishmentBatchingOverall: 1.45E-05
StatTimingReplenishmentBatchingCount: 2
StatTimingOrderBatchingAverage: 8.52852205005958E-05
StatTimingOrderBatchingOverall: 0.07155429999999988
StatTimingOrderBatchingCount: 839
>>> Overall
StatOverallBundlesPlaced: 0
StatOverallItemsOrdered: 661
StatOverallOrdersPlaced: 428
StatOverallBundlesRejected: 0
StatOverallOrdersRejected: 0
StatOverallBundlesHandled: 0
StatOverallItemsHandled: 799
StatOverallLinesHandled: 758
StatOverallOrdersHandled: 521
StatOverallCollisions: 0
StatOverallDistanceTraveled: 4812.381709824222
StatOverallDistanceEstimated: 4747
StatOverallAssignedTasks: 202
StatMaxMemoryUsed: 86,765625
StatRealTimeUsed: 0.9863207
StatAverageTurnoverTime: 467.55365395996483
StatMedianTurnoverTime: 393.60861470757203
StatLowerQuartileTurnoverTime: 160.83139248534982
StatUpperQuartileTurnoverTime: 637.4095382358576
StatAverageThroughputTime: 93.73003837445385
StatMedianThroughputTime: 27.34924966868857
StatLowerQuartileThroughputTime: 16.31277777777791
StatUpperQuartileThroughputTime: 83.63444444444508

Marked tag finished after 1 tries!
.Fin. - SUCCESS
<<< Welcome to the RAWSimO CLI >>>
The time is: 06/11/2024 19:59:41
Starting RAWSimO wrapper with the following arguments:
Instance: ..\..\..\..\Material\Instances\0.Weighted30min Demand separate\Df\Weighted2.xinst
Setting: ..\..\..\..\Material\Instances\0.Weighted30min Demand separate\Df\Weighted2.xsett
ControlConfig: ..\..\..\..\Material\Instances\0.Weighted30min Demand separate\Df\Weighted2.xconf
StatisticsDir: ..\..\..\..\Material\Instances\0.Weighted30min Demand separate\Df
Seed: 3
Additionally the following tag was passed: [[1, 0.1602857142857143, 0.068]]
Adding handler for unhandled exceptions ...
Initializing ... 
Instance recognized!
Parsing setting config ...
Parsing control config ...
Parsing instance ...
StatisticsFolder: Weighted2-Df_[[1, 0.1602857142857143, 0.068]]_2.csv-3
Done!
