Executing ... 
 21:26:28 | >>> Warming up ...
 00:00:00 | >>> Warmup finished - starting simulation ...
 Realtime |   ETA    |  Sim.Time  | Progress | #Orders | #Bundles | Inv. | Distance | #Coll. |   Memory    
 00:00:00 |   n/a    | 0.00:00:00 |  0.00%   |    0    |    0     | 60%  |    0     |   0    |  77.28MB  
 00:00:00 | Cannot generate further orders - suspending generation for now
 00:00:00 | Cannot generate further orders - suspending generation for now
 00:00:00 | Cannot generate further orders - suspending generation for now
 00:00:01 | Cannot generate further orders - suspending generation for now
 00:00:01 | Cannot generate further orders - suspending generation for now
 00:00:01 | Cannot generate further orders - suspending generation for now
 00:00:01 | Cannot generate further orders - suspending generation for now
 00:00:01 | Cannot generate further orders - suspending generation for now
 00:00:01 | Cannot generate further orders - suspending generation for now
 00:00:01 | 00:00:00 | 0.00:30:00 | 100.00%  |   441   |    0     | 18%  |   5156   |   0    |  74.34MB  
 00:00:01 | >>> Simulation finished - writing results ...
 00:00:01 | >>> Results written
Simulation finished.
>>> Timings
StatTimingPathPlanningAverage: 0.00010086388888888889
StatTimingPathPlanningOverall: 0.0835153
StatTimingPathPlanningCount: 828
StatTimingTaskAllocationAverage: 0.00206389406392694
StatTimingTaskAllocationOverall: 0.4519927999999998
StatTimingTaskAllocationCount: 219
StatTimingItemStorageAverage: 1.1777443609022586E-06
StatTimingItemStorageOverall: 0.0007832000000000019
StatTimingItemStorageCount: 665
StatTimingPodStorageAverage: 0.001602979999999999
StatTimingPodStorageOverall: 0.1683128999999999
StatTimingPodStorageCount: 105
StatTimingReplenishmentBatchingAverage: 8.85E-06
StatTimingReplenishmentBatchingOverall: 1.77E-05
StatTimingReplenishmentBatchingCount: 2
StatTimingOrderBatchingAverage: 0.00010118990182328197
StatTimingOrderBatchingOverall: 0.07214840000000004
StatTimingOrderBatchingCount: 713
>>> Overall
StatOverallBundlesPlaced: 0
StatOverallItemsOrdered: 640
StatOverallOrdersPlaced: 390
StatOverallBundlesRejected: 0
StatOverallOrdersRejected: 0
StatOverallBundlesHandled: 0
StatOverallItemsHandled: 696
StatOverallLinesHandled: 648
StatOverallOrdersHandled: 441
StatOverallCollisions: 0
StatOverallDistanceTraveled: 5156.449123315772
StatOverallDistanceEstimated: 5070
StatOverallAssignedTasks: 219
StatMaxMemoryUsed: 77,27734375
StatRealTimeUsed: 1.1969954
StatAverageTurnoverTime: 477.47675519003866
StatMedianTurnoverTime: 329.42611111111114
StatLowerQuartileTurnoverTime: 143.27388888888902
StatUpperQuartileTurnoverTime: 689.0100937914128
StatAverageThroughputTime: 92.21256261924468
StatMedianThroughputTime: 20.96555555555642
StatLowerQuartileThroughputTime: 12.736760458079516
StatUpperQuartileThroughputTime: 80.1734271247467

Marked tag finished after 1 tries!
.Fin. - SUCCESS
<<< Welcome to the RAWSimO CLI >>>
The time is: 06/12/2024 21:26:30
Starting RAWSimO wrapper with the following arguments:
Instance: ..\..\..\..\Material\Instances\0.Weighted30min Demand separate\Da\Weighted2.xinst
Setting: ..\..\..\..\Material\Instances\0.Weighted30min Demand separate\Da\Weighted2.xsett
ControlConfig: ..\..\..\..\Material\Instances\0.Weighted30min Demand separate\Da\Weighted2.xconf
StatisticsDir: ..\..\..\..\Material\Instances\0.Weighted30min Demand separate\Da
Seed: 1
Additionally the following tag was passed: 1, 0.052, 0.7922499999999999, 0.103, 1.0, 0.25
Adding handler for unhandled exceptions ...
Initializing ... 
Instance recognized!
Parsing setting config ...
Parsing control config ...
Parsing instance ...
StatisticsFolder: Weighted2-Da_[[1, 0.052, 0.7922499999999999]]_1_[0.103, 1.0, 0.25].csv-1
Done!
