Executing ... 
 09:48:41 | >>> Warming up ...
 00:00:00 | >>> Warmup finished - starting simulation ...
 Realtime |   ETA    |  Sim.Time  | Progress | #Orders | #Bundles | Inv. | Distance | #Coll. |   Memory    
 00:00:00 |   n/a    | 0.00:00:00 |  0.00%   |    0    |    0     | 60%  |    0     |   0    | 147.91MB  
 00:00:00 | Cannot generate further orders - suspending generation for now
 00:00:00 | Cannot generate further orders - suspending generation for now
 00:00:00 | Cannot generate further orders - suspending generation for now
 00:00:01 | Cannot generate further orders - suspending generation for now
 00:00:01 | Cannot generate further orders - suspending generation for now
 00:00:01 | Cannot generate further orders - suspending generation for now
 00:00:01 | Cannot generate further orders - suspending generation for now
 00:00:01 | Cannot generate further orders - suspending generation for now
 00:00:01 | Cannot generate further orders - suspending generation for now
 00:00:01 | Cannot generate further orders - suspending generation for now
 00:00:01 | Cannot generate further orders - suspending generation for now
 00:00:01 | Cannot generate further orders - suspending generation for now
 00:00:01 | 00:00:00 | 0.00:30:00 | 100.00%  |   508   |    0     | 12%  |   4981   |   0    | 144.18MB  
 00:00:01 | >>> Simulation finished - writing results ...
 00:00:01 | >>> Results written
Simulation finished.
>>> Timings
StatTimingPathPlanningAverage: 0.00015173695121951198
StatTimingPathPlanningOverall: 0.12442429999999982
StatTimingPathPlanningCount: 820
StatTimingTaskAllocationAverage: 0.002055554106280194
StatTimingTaskAllocationOverall: 0.42549970000000015
StatTimingTaskAllocationCount: 207
StatTimingItemStorageAverage: 1.1489583333333361E-06
StatTimingItemStorageOverall: 0.0008824000000000021
StatTimingItemStorageCount: 768
StatTimingPodStorageAverage: 0.0018531303030303028
StatTimingPodStorageOverall: 0.18345989999999998
StatTimingPodStorageCount: 99
StatTimingReplenishmentBatchingAverage: 1.01E-05
StatTimingReplenishmentBatchingOverall: 2.02E-05
StatTimingReplenishmentBatchingCount: 2
StatTimingOrderBatchingAverage: 0.00012028397515527943
StatTimingOrderBatchingOverall: 0.09682859999999995
StatTimingOrderBatchingCount: 805
>>> Overall
StatOverallBundlesPlaced: 0
StatOverallItemsOrdered: 663
StatOverallOrdersPlaced: 415
StatOverallBundlesRejected: 0
StatOverallOrdersRejected: 0
StatOverallBundlesHandled: 0
StatOverallItemsHandled: 796
StatOverallLinesHandled: 756
StatOverallOrdersHandled: 508
StatOverallCollisions: 0
StatOverallDistanceTraveled: 4981.242897892553
StatOverallDistanceEstimated: 4886
StatOverallAssignedTasks: 207
StatMaxMemoryUsed: 147,5078125
StatRealTimeUsed: 1.2523061
StatAverageTurnoverTime: 441.2040197323749
StatMedianTurnoverTime: 289.360930721207
StatLowerQuartileTurnoverTime: 94.16545457122072
StatUpperQuartileTurnoverTime: 658.6083405262649
StatAverageThroughputTime: 87.47859058676843
StatMedianThroughputTime: 25.146666666667215
StatLowerQuartileThroughputTime: 16.199444444444453
StatUpperQuartileThroughputTime: 80.90064934696898

Marked tag finished after 1 tries!
.Fin. - SUCCESS
<<< Welcome to the RAWSimO CLI >>>
The time is: 06/13/2024 09:48:42
Starting RAWSimO wrapper with the following arguments:
Instance: ..\..\..\..\Material\Instances\0.Weighted30min Demand separate\Dc\Weighted2.xinst
Setting: ..\..\..\..\Material\Instances\0.Weighted30min Demand separate\Dc\Weighted2.xsett
ControlConfig: ..\..\..\..\Material\Instances\0.Weighted30min Demand separate\Dc\Weighted2.xconf
StatisticsDir: ..\..\..\..\Material\Instances\0.Weighted30min Demand separate\Dc
Seed: 1
Additionally the following tag was passed: 1, 0.058, 0.7, 0.13, 1.0, 0.333
Adding handler for unhandled exceptions ...
Initializing ... 
Instance recognized!
Parsing setting config ...
Parsing control config ...
Parsing instance ...
StatisticsFolder: Weighted2-Dc_[[1, 0.058, 0.7]]_2_[0.13, 1.0, 0.333].csv-1
Done!
