Executing ... 
 13:46:37 | >>> Warming up ...
 00:00:00 | >>> Warmup finished - starting simulation ...
 Realtime |   ETA    |  Sim.Time  | Progress | #Orders | #Bundles | Inv. | Distance | #Coll. |   Memory    
 00:00:00 |   n/a    | 0.00:00:00 |  0.00%   |    0    |    0     | 60%  |    0     |   0    |  80.08MB  
 00:00:00 | Cannot generate further orders - suspending generation for now
 00:00:00 | Cannot generate further orders - suspending generation for now
 00:00:00 | Cannot generate further orders - suspending generation for now
 00:00:00 | Cannot generate further orders - suspending generation for now
 00:00:00 | Cannot generate further orders - suspending generation for now
 00:00:00 | Cannot generate further orders - suspending generation for now
 00:00:00 | Cannot generate further orders - suspending generation for now
 00:00:00 | Cannot generate further orders - suspending generation for now
 00:00:00 | Cannot generate further orders - suspending generation for now
 00:00:00 | Cannot generate further orders - suspending generation for now
 00:00:00 | Cannot generate further orders - suspending generation for now
 00:00:00 | Cannot generate further orders - suspending generation for now
 00:00:00 | Cannot generate further orders - suspending generation for now
 00:00:00 | Cannot generate further orders - suspending generation for now
 00:00:00 | Cannot generate further orders - suspending generation for now
 00:00:01 | Cannot generate further orders - suspending generation for now
 00:00:01 | Cannot generate further orders - suspending generation for now
 00:00:01 | 00:00:00 | 0.00:30:00 | 100.00%  |   552   |    0     | 10%  |   4679   |   0    |  76.64MB  
 00:00:01 | >>> Simulation finished - writing results ...
 00:00:01 | >>> Results written
Simulation finished.
>>> Timings
StatTimingPathPlanningAverage: 0.00012042927756653971
StatTimingPathPlanningOverall: 0.09501869999999983
StatTimingPathPlanningCount: 789
StatTimingTaskAllocationAverage: 0.001999504166666667
StatTimingTaskAllocationOverall: 0.3839048000000001
StatTimingTaskAllocationCount: 192
StatTimingItemStorageAverage: 1.019382716049383E-06
StatTimingItemStorageOverall: 0.0008257000000000003
StatTimingItemStorageCount: 810
StatTimingPodStorageAverage: 0.0018079260869565213
StatTimingPodStorageOverall: 0.16632919999999995
StatTimingPodStorageCount: 92
StatTimingReplenishmentBatchingAverage: 9.149999999999999E-06
StatTimingReplenishmentBatchingOverall: 1.8299999999999998E-05
StatTimingReplenishmentBatchingCount: 2
StatTimingOrderBatchingAverage: 9.243176328502406E-05
StatTimingOrderBatchingOverall: 0.07653349999999992
StatTimingOrderBatchingCount: 828
>>> Overall
StatOverallBundlesPlaced: 0
StatOverallItemsOrdered: 661
StatOverallOrdersPlaced: 438
StatOverallBundlesRejected: 0
StatOverallOrdersRejected: 0
StatOverallBundlesHandled: 0
StatOverallItemsHandled: 836
StatOverallLinesHandled: 794
StatOverallOrdersHandled: 552
StatOverallCollisions: 0
StatOverallDistanceTraveled: 4678.69747842121
StatOverallDistanceEstimated: 4550
StatOverallAssignedTasks: 192
StatMaxMemoryUsed: 80,609375
StatRealTimeUsed: 1.0629535
StatAverageTurnoverTime: 411.1559379970595
StatMedianTurnoverTime: 254.37269117928625
StatLowerQuartileTurnoverTime: 128.01676045807983
StatUpperQuartileTurnoverTime: 545.3263996782707
StatAverageThroughputTime: 91.15595729448901
StatMedianThroughputTime: 37.06222222222223
StatLowerQuartileThroughputTime: 20.25999999999999
StatUpperQuartileThroughputTime: 90.8734271247464

Marked tag finished after 1 tries!
.Fin. - SUCCESS
<<< Welcome to the RAWSimO CLI >>>
The time is: 06/07/2024 13:46:38
Starting RAWSimO wrapper with the following arguments:
Instance: ..\..\..\..\Material\Instances\0.Weighted30min Demand separate\De\Weighted2.xinst
Setting: ..\..\..\..\Material\Instances\0.Weighted30min Demand separate\De\Weighted2.xsett
ControlConfig: ..\..\..\..\Material\Instances\0.Weighted30min Demand separate\De\Weighted2.xconf
StatisticsDir: ..\..\..\..\Material\Instances\0.Weighted30min Demand separate\De
Seed: 1
Additionally the following tag was passed: [[1, 0.058, 0.698]]
Adding handler for unhandled exceptions ...
Initializing ... 
Instance recognized!
Parsing setting config ...
Parsing control config ...
Parsing instance ...
StatisticsFolder: Weighted2-De_[[1, 0.058, 0.698]]_2.csv-1
Done!
