Executing ... 
 19:23:39 | >>> Warming up ...
 00:00:00 | >>> Warmup finished - starting simulation ...
 Realtime |   ETA    |  Sim.Time  | Progress | #Orders | #Bundles | Inv. | Distance | #Coll. |   Memory    
 00:00:00 |   n/a    | 0.00:00:00 |  0.00%   |    0    |    0     | 60%  |    0     |   0    |  83.41MB  
 00:00:00 | Cannot generate further orders - suspending generation for now
 00:00:00 | Cannot generate further orders - suspending generation for now
 00:00:00 | Cannot generate further orders - suspending generation for now
 00:00:00 | Cannot generate further orders - suspending generation for now
 00:00:01 | Cannot generate further orders - suspending generation for now
 00:00:01 | Cannot generate further orders - suspending generation for now
 00:00:01 | Cannot generate further orders - suspending generation for now
 00:00:01 | Cannot generate further orders - suspending generation for now
 00:00:01 | Cannot generate further orders - suspending generation for now
 00:00:01 | Cannot generate further orders - suspending generation for now
 00:00:01 | 00:00:00 | 0.00:30:00 | 100.00%  |   491   |    0     | 15%  |   4897   |   0    |  85.36MB  
 00:00:01 | >>> Simulation finished - writing results ...
 00:00:01 | >>> Results written
Simulation finished.
>>> Timings
StatTimingPathPlanningAverage: 0.00010466707168894274
StatTimingPathPlanningOverall: 0.08614099999999987
StatTimingPathPlanningCount: 823
StatTimingTaskAllocationAverage: 0.0021908153488372087
StatTimingTaskAllocationOverall: 0.47102529999999987
StatTimingTaskAllocationCount: 215
StatTimingItemStorageAverage: 1.5494459833794974E-06
StatTimingItemStorageOverall: 0.0011186999999999972
StatTimingItemStorageCount: 722
StatTimingPodStorageAverage: 0.001756775728155339
StatTimingPodStorageOverall: 0.1809478999999999
StatTimingPodStorageCount: 103
StatTimingReplenishmentBatchingAverage: 8.65E-06
StatTimingReplenishmentBatchingOverall: 1.73E-05
StatTimingReplenishmentBatchingCount: 2
StatTimingOrderBatchingAverage: 0.00010987132075471694
StatTimingOrderBatchingOverall: 0.08734769999999997
StatTimingOrderBatchingCount: 795
>>> Overall
StatOverallBundlesPlaced: 0
StatOverallItemsOrdered: 667
StatOverallOrdersPlaced: 432
StatOverallBundlesRejected: 0
StatOverallOrdersRejected: 0
StatOverallBundlesHandled: 0
StatOverallItemsHandled: 742
StatOverallLinesHandled: 702
StatOverallOrdersHandled: 491
StatOverallCollisions: 0
StatOverallDistanceTraveled: 4897.357688367842
StatOverallDistanceEstimated: 4820
StatOverallAssignedTasks: 215
StatMaxMemoryUsed: 88,8359375
StatRealTimeUsed: 1.1559373
StatAverageTurnoverTime: 450.07950132250795
StatMedianTurnoverTime: 282.2612049025247
StatLowerQuartileTurnoverTime: 110.56953823585746
StatUpperQuartileTurnoverTime: 657.152683986365
StatAverageThroughputTime: 93.54510024449468
StatMedianThroughputTime: 21.107777777777756
StatLowerQuartileThroughputTime: 12.839444444444325
StatUpperQuartileThroughputTime: 78.79194804090523

Marked tag finished after 1 tries!
.Fin. - SUCCESS
<<< Welcome to the RAWSimO CLI >>>
The time is: 06/25/2024 19:23:40
Starting RAWSimO wrapper with the following arguments:
Instance: ..\..\..\..\Material\Instances\10.Weighted30min Demand Gall\Dp\Weighted2.xinst
Setting: ..\..\..\..\Material\Instances\10.Weighted30min Demand Gall\Dp\Weighted2.xsett
ControlConfig: ..\..\..\..\Material\Instances\10.Weighted30min Demand Gall\Dp\Weighted2.xconf
StatisticsDir: ..\..\..\..\Material\Instances\10.Weighted30min Demand Gall\Dp
Seed: 3
Additionally the following tag was passed: 1, 0.9099999999999999, 1.0, 0.198, 0.213, 1.0
Adding handler for unhandled exceptions ...
Initializing ... 
Instance recognized!
Parsing setting config ...
Parsing control config ...
Parsing instance ...
StatisticsFolder: Weighted2-Dp_[[1, 0.9099999999999999, 1.0]]_3_[0.198, 0.213, 1.0].csv-3
Done!
