Executing ... 
 19:25:58 | >>> Warming up ...
 00:00:00 | >>> Warmup finished - starting simulation ...
 Realtime |   ETA    |  Sim.Time  | Progress | #Orders | #Bundles | Inv. | Distance | #Coll. |   Memory    
 00:00:00 |   n/a    | 0.00:00:00 |  0.00%   |    0    |    0     | 60%  |    0     |   0    |  89.39MB  
 00:00:00 | Cannot generate further orders - suspending generation for now
 00:00:00 | Cannot generate further orders - suspending generation for now
 00:00:00 | Cannot generate further orders - suspending generation for now
 00:00:00 | Cannot generate further orders - suspending generation for now
 00:00:00 | Cannot generate further orders - suspending generation for now
 00:00:00 | Cannot generate further orders - suspending generation for now
 00:00:00 | Cannot generate further orders - suspending generation for now
 00:00:00 | Cannot generate further orders - suspending generation for now
 00:00:00 | 00:00:00 | 0.00:30:00 | 100.00%  |   483   |    0     | 14%  |   4912   |   0    |  90.30MB  
 00:00:00 | >>> Simulation finished - writing results ...
 00:00:01 | >>> Results written
Simulation finished.
>>> Timings
StatTimingPathPlanningAverage: 9.427341176470596E-05
StatTimingPathPlanningOverall: 0.08013240000000006
StatTimingPathPlanningCount: 850
StatTimingTaskAllocationAverage: 0.0017549024271844656
StatTimingTaskAllocationOverall: 0.3615098999999999
StatTimingTaskAllocationCount: 206
StatTimingItemStorageAverage: 9.57923497267765E-07
StatTimingItemStorageOverall: 0.000701200000000004
StatTimingItemStorageCount: 732
StatTimingPodStorageAverage: 0.0014965581632653065
StatTimingPodStorageOverall: 0.14666270000000003
StatTimingPodStorageCount: 98
StatTimingReplenishmentBatchingAverage: 1.12E-05
StatTimingReplenishmentBatchingOverall: 2.24E-05
StatTimingReplenishmentBatchingCount: 2
StatTimingOrderBatchingAverage: 8.68270886075949E-05
StatTimingOrderBatchingOverall: 0.06859339999999997
StatTimingOrderBatchingCount: 790
>>> Overall
StatOverallBundlesPlaced: 0
StatOverallItemsOrdered: 667
StatOverallOrdersPlaced: 415
StatOverallBundlesRejected: 0
StatOverallOrdersRejected: 0
StatOverallBundlesHandled: 0
StatOverallItemsHandled: 759
StatOverallLinesHandled: 719
StatOverallOrdersHandled: 483
StatOverallCollisions: 0
StatOverallDistanceTraveled: 4912.15481249169
StatOverallDistanceEstimated: 4759
StatOverallAssignedTasks: 206
StatMaxMemoryUsed: 94,625
StatRealTimeUsed: 0.9469227
StatAverageTurnoverTime: 490.16808724437465
StatMedianTurnoverTime: 380.47222222222206
StatLowerQuartileTurnoverTime: 173.50833333333344
StatUpperQuartileTurnoverTime: 675.6716666666671
StatAverageThroughputTime: 101.88159877340176
StatMedianThroughputTime: 24.896111111111395
StatLowerQuartileThroughputTime: 15.95287156919062
StatUpperQuartileThroughputTime: 85.67564934696952

Marked tag finished after 1 tries!
.Fin. - SUCCESS
<<< Welcome to the RAWSimO CLI >>>
The time is: 06/25/2024 19:25:59
Starting RAWSimO wrapper with the following arguments:
Instance: ..\..\..\..\Material\Instances\10.Weighted30min Demand Gall\Dr\Weighted2.xinst
Setting: ..\..\..\..\Material\Instances\10.Weighted30min Demand Gall\Dr\Weighted2.xsett
ControlConfig: ..\..\..\..\Material\Instances\10.Weighted30min Demand Gall\Dr\Weighted2.xconf
StatisticsDir: ..\..\..\..\Material\Instances\10.Weighted30min Demand Gall\Dr
Seed: 4
Additionally the following tag was passed: 1, 0.5881818181818183, 1.0, 0.173, 0.295, 1.0
Adding handler for unhandled exceptions ...
Initializing ... 
Instance recognized!
Parsing setting config ...
Parsing control config ...
Parsing instance ...
StatisticsFolder: Weighted2-Dr_[[1, 0.5881818181818183, 1.0]]_3_[0.173, 0.295, 1.0].csv-4
Done!
