Executing ... 
 19:59:13 | >>> Warming up ...
 00:00:00 | >>> Warmup finished - starting simulation ...
 Realtime |   ETA    |  Sim.Time  | Progress | #Orders | #Bundles | Inv. | Distance | #Coll. |   Memory    
 00:00:00 |   n/a    | 0.00:00:00 |  0.00%   |    0    |    0     | 60%  |    0     |   0    |  82.53MB  
 00:00:00 | Cannot generate further orders - suspending generation for now
 00:00:00 | Cannot generate further orders - suspending generation for now
 00:00:00 | Cannot generate further orders - suspending generation for now
 00:00:00 | Cannot generate further orders - suspending generation for now
 00:00:00 | Cannot generate further orders - suspending generation for now
 00:00:00 | Cannot generate further orders - suspending generation for now
 00:00:00 | Cannot generate further orders - suspending generation for now
 00:00:00 | Cannot generate further orders - suspending generation for now
 00:00:00 | Cannot generate further orders - suspending generation for now
 00:00:00 | Cannot generate further orders - suspending generation for now
 00:00:00 | 00:00:00 | 0.00:30:00 | 100.00%  |   503   |    0     | 15%  |   4948   |   0    |  86.09MB  
 00:00:00 | >>> Simulation finished - writing results ...
 00:00:01 | >>> Results written
Simulation finished.
>>> Timings
StatTimingPathPlanningAverage: 8.613588807785884E-05
StatTimingPathPlanningOverall: 0.07080369999999997
StatTimingPathPlanningCount: 822
StatTimingTaskAllocationAverage: 0.0017540248803827757
StatTimingTaskAllocationOverall: 0.3665912000000001
StatTimingTaskAllocationCount: 209
StatTimingItemStorageAverage: 1.09119241192412E-06
StatTimingItemStorageOverall: 0.0008053000000000005
StatTimingItemStorageCount: 738
StatTimingPodStorageAverage: 0.0016085609999999995
StatTimingPodStorageOverall: 0.16085609999999995
StatTimingPodStorageCount: 100
StatTimingReplenishmentBatchingAverage: 2.675E-05
StatTimingReplenishmentBatchingOverall: 5.35E-05
StatTimingReplenishmentBatchingCount: 2
StatTimingOrderBatchingAverage: 8.301246913580252E-05
StatTimingOrderBatchingOverall: 0.06724010000000004
StatTimingOrderBatchingCount: 810
>>> Overall
StatOverallBundlesPlaced: 0
StatOverallItemsOrdered: 652
StatOverallOrdersPlaced: 424
StatOverallBundlesRejected: 0
StatOverallOrdersRejected: 0
StatOverallBundlesHandled: 0
StatOverallItemsHandled: 753
StatOverallLinesHandled: 713
StatOverallOrdersHandled: 503
StatOverallCollisions: 0
StatOverallDistanceTraveled: 4948.481616820981
StatOverallDistanceEstimated: 4835
StatOverallAssignedTasks: 209
StatMaxMemoryUsed: 88,56640625
StatRealTimeUsed: 0.9916643
StatAverageTurnoverTime: 425.4472248722389
StatMedianTurnoverTime: 299.7918470565713
StatLowerQuartileTurnoverTime: 140.7072222222223
StatUpperQuartileTurnoverTime: 568.4600000000013
StatAverageThroughputTime: 90.31892028747517
StatMedianThroughputTime: 23.806666666666843
StatLowerQuartileThroughputTime: 16.13333333333344
StatUpperQuartileThroughputTime: 82.87165947374422

Marked tag finished after 1 tries!
.Fin. - SUCCESS
<<< Welcome to the RAWSimO CLI >>>
The time is: 06/11/2024 19:59:14
Starting RAWSimO wrapper with the following arguments:
Instance: ..\..\..\..\Material\Instances\0.Weighted30min Demand separate\Df\Weighted2.xinst
Setting: ..\..\..\..\Material\Instances\0.Weighted30min Demand separate\Df\Weighted2.xsett
ControlConfig: ..\..\..\..\Material\Instances\0.Weighted30min Demand separate\Df\Weighted2.xconf
StatisticsDir: ..\..\..\..\Material\Instances\0.Weighted30min Demand separate\Df
Seed: 3
Additionally the following tag was passed: [[1, 0.05, 0.068]]
Adding handler for unhandled exceptions ...
Initializing ... 
Instance recognized!
Parsing setting config ...
Parsing control config ...
Parsing instance ...
StatisticsFolder: Weighted2-Df_[[1, 0.05, 0.068]]_1.csv-3
Done!
