Executing ... 
 09:47:56 | >>> Warming up ...
 00:00:00 | >>> Warmup finished - starting simulation ...
 Realtime |   ETA    |  Sim.Time  | Progress | #Orders | #Bundles | Inv. | Distance | #Coll. |   Memory    
 00:00:00 |   n/a    | 0.00:00:00 |  0.00%   |    0    |    0     | 60%  |    0     |   0    | 113.20MB  
 00:00:00 | Cannot generate further orders - suspending generation for now
 00:00:00 | Cannot generate further orders - suspending generation for now
 00:00:00 | Cannot generate further orders - suspending generation for now
 00:00:00 | Cannot generate further orders - suspending generation for now
 00:00:00 | Cannot generate further orders - suspending generation for now
 00:00:00 | Cannot generate further orders - suspending generation for now
 00:00:01 | Cannot generate further orders - suspending generation for now
 00:00:01 | Cannot generate further orders - suspending generation for now
 00:00:01 | Cannot generate further orders - suspending generation for now
 00:00:01 | Cannot generate further orders - suspending generation for now
 00:00:01 | 00:00:00 | 0.00:30:00 | 100.00%  |   502   |    0     | 14%  |   5061   |   0    | 116.01MB  
 00:00:01 | >>> Simulation finished - writing results ...
 00:00:01 | >>> Results written
Simulation finished.
>>> Timings
StatTimingPathPlanningAverage: 0.00012193273164861617
StatTimingPathPlanningOverall: 0.10132610000000004
StatTimingPathPlanningCount: 831
StatTimingTaskAllocationAverage: 0.0017435753623188397
StatTimingTaskAllocationOverall: 0.3609200999999998
StatTimingTaskAllocationCount: 207
StatTimingItemStorageAverage: 9.987935656836485E-07
StatTimingItemStorageOverall: 0.0007451000000000017
StatTimingItemStorageCount: 746
StatTimingPodStorageAverage: 0.0015450299999999995
StatTimingPodStorageOverall: 0.15450299999999995
StatTimingPodStorageCount: 100
StatTimingReplenishmentBatchingAverage: 7E-06
StatTimingReplenishmentBatchingOverall: 1.4E-05
StatTimingReplenishmentBatchingCount: 2
StatTimingOrderBatchingAverage: 9.89599505562423E-05
StatTimingOrderBatchingOverall: 0.08005860000000002
StatTimingOrderBatchingCount: 809
>>> Overall
StatOverallBundlesPlaced: 0
StatOverallItemsOrdered: 664
StatOverallOrdersPlaced: 433
StatOverallBundlesRejected: 0
StatOverallOrdersRejected: 0
StatOverallBundlesHandled: 0
StatOverallItemsHandled: 764
StatOverallLinesHandled: 724
StatOverallOrdersHandled: 502
StatOverallCollisions: 0
StatOverallDistanceTraveled: 5060.646369006791
StatOverallDistanceEstimated: 4889
StatOverallAssignedTasks: 207
StatMaxMemoryUsed: 119,796875
StatRealTimeUsed: 1.1455573
StatAverageTurnoverTime: 450.0331132860267
StatMedianTurnoverTime: 303.03424966869727
StatLowerQuartileTurnoverTime: 133.65398268030182
StatUpperQuartileTurnoverTime: 624.420454571222
StatAverageThroughputTime: 87.97299610982715
StatMedianThroughputTime: 25.931017319698185
StatLowerQuartileThroughputTime: 16.682777777777915
StatUpperQuartileThroughputTime: 76.76731601363645

Marked tag finished after 1 tries!
.Fin. - SUCCESS
<<< Welcome to the RAWSimO CLI >>>
The time is: 06/13/2024 09:47:57
Starting RAWSimO wrapper with the following arguments:
Instance: ..\..\..\..\Material\Instances\0.Weighted30min Demand separate\Db\Weighted2.xinst
Setting: ..\..\..\..\Material\Instances\0.Weighted30min Demand separate\Db\Weighted2.xsett
ControlConfig: ..\..\..\..\Material\Instances\0.Weighted30min Demand separate\Db\Weighted2.xconf
StatisticsDir: ..\..\..\..\Material\Instances\0.Weighted30min Demand separate\Db
Seed: 3
Additionally the following tag was passed: 1, 1.295, 0.794, 0.235, 0.2, 0.333
Adding handler for unhandled exceptions ...
Initializing ... 
Instance recognized!
Parsing setting config ...
Parsing control config ...
Parsing instance ...
StatisticsFolder: Weighted2-Db_[[1, 1.295, 0.794]]_3_[0.235, 0.2, 0.333].csv-3
Done!
