Executing ... 
 19:23:44 | >>> Warming up ...
 00:00:00 | >>> Warmup finished - starting simulation ...
 Realtime |   ETA    |  Sim.Time  | Progress | #Orders | #Bundles | Inv. | Distance | #Coll. |   Memory    
 00:00:00 |   n/a    | 0.00:00:00 |  0.00%   |    0    |    0     | 60%  |    0     |   0    | 112.95MB  
 00:00:00 | Cannot generate further orders - suspending generation for now
 00:00:00 | Cannot generate further orders - suspending generation for now
 00:00:00 | Cannot generate further orders - suspending generation for now
 00:00:00 | Cannot generate further orders - suspending generation for now
 00:00:00 | Cannot generate further orders - suspending generation for now
 00:00:01 | Cannot generate further orders - suspending generation for now
 00:00:01 | Cannot generate further orders - suspending generation for now
 00:00:01 | Cannot generate further orders - suspending generation for now
 00:00:01 | 00:00:00 | 0.00:30:00 | 100.00%  |   461   |    0     | 16%  |   4963   |   0    | 111.08MB  
 00:00:01 | >>> Simulation finished - writing results ...
 00:00:01 | >>> Results written
Simulation finished.
>>> Timings
StatTimingPathPlanningAverage: 0.0001175313653136532
StatTimingPathPlanningOverall: 0.09555300000000005
StatTimingPathPlanningCount: 813
StatTimingTaskAllocationAverage: 0.0020151423076923084
StatTimingTaskAllocationOverall: 0.4191496000000001
StatTimingTaskAllocationCount: 208
StatTimingItemStorageAverage: 1.1050847457627147E-06
StatTimingItemStorageOverall: 0.000782400000000002
StatTimingItemStorageCount: 708
StatTimingPodStorageAverage: 0.0017008360000000011
StatTimingPodStorageOverall: 0.1700836000000001
StatTimingPodStorageCount: 100
StatTimingReplenishmentBatchingAverage: 8.85E-06
StatTimingReplenishmentBatchingOverall: 1.77E-05
StatTimingReplenishmentBatchingCount: 2
StatTimingOrderBatchingAverage: 9.69953125E-05
StatTimingOrderBatchingOverall: 0.0744924
StatTimingOrderBatchingCount: 768
>>> Overall
StatOverallBundlesPlaced: 0
StatOverallItemsOrdered: 657
StatOverallOrdersPlaced: 418
StatOverallBundlesRejected: 0
StatOverallOrdersRejected: 0
StatOverallBundlesHandled: 0
StatOverallItemsHandled: 724
StatOverallLinesHandled: 679
StatOverallOrdersHandled: 461
StatOverallCollisions: 0
StatOverallDistanceTraveled: 4962.707077938628
StatOverallDistanceEstimated: 4804
StatOverallAssignedTasks: 208
StatMaxMemoryUsed: 112,953125
StatRealTimeUsed: 1.0918434
StatAverageTurnoverTime: 473.4646871009904
StatMedianTurnoverTime: 353.5828571833438
StatLowerQuartileTurnoverTime: 139.99981961009644
StatUpperQuartileTurnoverTime: 662.2913996782722
StatAverageThroughputTime: 102.40977804015208
StatMedianThroughputTime: 21.717777777777883
StatLowerQuartileThroughputTime: 14.553333333333399
StatUpperQuartileThroughputTime: 87.64953823585734

Marked tag finished after 1 tries!
.Fin. - SUCCESS
<<< Welcome to the RAWSimO CLI >>>
The time is: 06/25/2024 19:23:45
Starting RAWSimO wrapper with the following arguments:
Instance: ..\..\..\..\Material\Instances\10.Weighted30min Demand Gall\Dp\Weighted2.xinst
Setting: ..\..\..\..\Material\Instances\10.Weighted30min Demand Gall\Dp\Weighted2.xsett
ControlConfig: ..\..\..\..\Material\Instances\10.Weighted30min Demand Gall\Dp\Weighted2.xconf
StatisticsDir: ..\..\..\..\Material\Instances\10.Weighted30min Demand Gall\Dp
Seed: 1
Additionally the following tag was passed: 1, 1.0, 1.0, 0.2, 0.2, 1.0
Adding handler for unhandled exceptions ...
Initializing ... 
Instance recognized!
Parsing setting config ...
Parsing control config ...
Parsing instance ...
StatisticsFolder: Weighted2-Dp_[[1, 1.0, 1.0]]_1_[0.2, 0.2, 1.0].csv-1
Done!
