Executing ... 
 16:22:15 | >>> Warming up ...
 00:00:00 | >>> Warmup finished - starting simulation ...
 Realtime |   ETA    |  Sim.Time  | Progress | #Orders | #Bundles | Inv. | Distance | #Coll. |   Memory    
 00:00:00 |   n/a    | 0.00:00:00 |  0.00%   |    0    |    0     | 83%  |    0     |   0    |  99.00MB  
 00:00:00 | Reactivating bundle generation paused by inventory+reserved+backlog level (currently at: 0.6491666666666667)
 00:00:00 | Cannot generate further orders - suspending generation for now
 00:00:00 | Cannot generate further orders - suspending generation for now
 00:00:00 | Cannot generate further orders - suspending generation for now
 00:00:00 | Cannot generate further orders - suspending generation for now
 00:00:00 | Cannot generate further orders - suspending generation for now
 00:00:00 | Cannot generate further orders - suspending generation for now
 00:00:00 | Cannot generate further orders - suspending generation for now
 00:00:00 | Cannot generate further orders - suspending generation for now
 00:00:00 | Cannot generate further orders - suspending generation for now
 00:00:00 | Cannot generate further orders - suspending generation for now
 00:00:00 | Cannot generate further orders - suspending generation for now
 00:00:00 | Cannot generate further orders - suspending generation for now
 00:00:00 | Cannot generate further orders - suspending generation for now
 00:00:00 | Cannot generate further orders - suspending generation for now
 00:00:00 | 00:00:00 | 0.00:30:00 | 100.00%  |   526   |    0     | 14%  |   3877   |   0    |  98.08MB  
 00:00:00 | >>> Simulation finished - writing results ...
 00:00:00 | >>> Results written
Simulation finished.
>>> Timings
StatTimingPathPlanningAverage: 7.896392694063925E-05
StatTimingPathPlanningOverall: 0.05187929999999998
StatTimingPathPlanningCount: 657
StatTimingTaskAllocationAverage: 0.0016305633540372663
StatTimingTaskAllocationOverall: 0.2625206999999999
StatTimingTaskAllocationCount: 161
StatTimingItemStorageAverage: 9.447368421052621E-07
StatTimingItemStorageOverall: 0.0007897999999999991
StatTimingItemStorageCount: 836
StatTimingPodStorageAverage: 0.0014350626666666663
StatTimingPodStorageOverall: 0.10762969999999997
StatTimingPodStorageCount: 75
StatTimingReplenishmentBatchingAverage: 6.999999999999999E-06
StatTimingReplenishmentBatchingOverall: 3.5E-05
StatTimingReplenishmentBatchingCount: 5
StatTimingOrderBatchingAverage: 8.26577565632459E-05
StatTimingOrderBatchingOverall: 0.06926720000000006
StatTimingOrderBatchingCount: 838
>>> Overall
StatOverallBundlesPlaced: 180
StatOverallItemsOrdered: 629
StatOverallOrdersPlaced: 398
StatOverallBundlesRejected: 0
StatOverallOrdersRejected: 0
StatOverallBundlesHandled: 0
StatOverallItemsHandled: 838
StatOverallLinesHandled: 796
StatOverallOrdersHandled: 526
StatOverallCollisions: 0
StatOverallDistanceTraveled: 3876.816069869158
StatOverallDistanceEstimated: 3805
StatOverallAssignedTasks: 161
StatMaxMemoryUsed: 98,875
StatRealTimeUsed: 0.8657492
StatAverageTurnoverTime: 464.685656799842
StatMedianTurnoverTime: 290.39834052625747
StatLowerQuartileTurnoverTime: 128.79509379141263
StatUpperQuartileTurnoverTime: 650.6273160136351
StatAverageThroughputTime: 88.07479843302433
StatMedianThroughputTime: 44.835555555556084
StatLowerQuartileThroughputTime: 26.846111111110986
StatUpperQuartileThroughputTime: 75.50657287525382

Marked tag finished after 1 tries!
.Fin. - SUCCESS
<<< Welcome to the RAWSimO CLI >>>
The time is: 06/03/2024 16:22:16
Starting RAWSimO wrapper with the following arguments:
Instance: ..\..\..\..\Material\Instances\0.Weighted30min\Weighted6.xinst
Setting: ..\..\..\..\Material\Instances\0.Weighted30min\WeightedScenario.xsett
ControlConfig: ..\..\..\..\Material\Instances\0.Weighted30min\WeightedScenario.xconf
StatisticsDir: ..\..\..\..\Material\Instances\0.Weighted30min
Seed: 2
Additionally the following tag was passed: Dewhigh
Adding handler for unhandled exceptions ...
Initializing ... 
Instance recognized!
Parsing setting config ...
Parsing control config ...
Parsing instance ...
StatisticsFolder: WeightedScenario-De_whigh_2.csv-2
Done!
