Executing ... 
 09:52:30 | >>> Warming up ...
 00:00:00 | >>> Warmup finished - starting simulation ...
 Realtime |   ETA    |  Sim.Time  | Progress | #Orders | #Bundles | Inv. | Distance | #Coll. |   Memory    
 00:00:00 |   n/a    | 0.00:00:00 |  0.00%   |    0    |    0     | 60%  |    0     |   0    | 114.60MB  
 00:00:00 | Cannot generate further orders - suspending generation for now
 00:00:00 | Cannot generate further orders - suspending generation for now
 00:00:00 | Cannot generate further orders - suspending generation for now
 00:00:00 | Cannot generate further orders - suspending generation for now
 00:00:00 | Cannot generate further orders - suspending generation for now
 00:00:01 | Cannot generate further orders - suspending generation for now
 00:00:01 | Cannot generate further orders - suspending generation for now
 00:00:01 | Cannot generate further orders - suspending generation for now
 00:00:01 | Cannot generate further orders - suspending generation for now
 00:00:01 | Cannot generate further orders - suspending generation for now
 00:00:01 | 00:00:00 | 0.00:30:00 | 100.00%  |   490   |    0     | 14%  |   4962   |   0    | 118.48MB  
 00:00:01 | >>> Simulation finished - writing results ...
 00:00:01 | >>> Results written
Simulation finished.
>>> Timings
StatTimingPathPlanningAverage: 0.00011588907168037611
StatTimingPathPlanningOverall: 0.09862160000000007
StatTimingPathPlanningCount: 851
StatTimingTaskAllocationAverage: 0.0020684788944723615
StatTimingTaskAllocationOverall: 0.4116272999999999
StatTimingTaskAllocationCount: 199
StatTimingItemStorageAverage: 1.2022222222222217E-06
StatTimingItemStorageOverall: 0.0008655999999999997
StatTimingItemStorageCount: 720
StatTimingPodStorageAverage: 0.0018130427083333331
StatTimingPodStorageOverall: 0.1740521
StatTimingPodStorageCount: 96
StatTimingReplenishmentBatchingAverage: 7.6E-06
StatTimingReplenishmentBatchingOverall: 1.52E-05
StatTimingReplenishmentBatchingCount: 2
StatTimingOrderBatchingAverage: 0.00010686945169712789
StatTimingOrderBatchingOverall: 0.08186199999999996
StatTimingOrderBatchingCount: 766
>>> Overall
StatOverallBundlesPlaced: 0
StatOverallItemsOrdered: 646
StatOverallOrdersPlaced: 410
StatOverallBundlesRejected: 0
StatOverallOrdersRejected: 0
StatOverallBundlesHandled: 0
StatOverallItemsHandled: 762
StatOverallLinesHandled: 721
StatOverallOrdersHandled: 490
StatOverallCollisions: 0
StatOverallDistanceTraveled: 4961.9641190233215
StatOverallDistanceEstimated: 4789
StatOverallAssignedTasks: 199
StatMaxMemoryUsed: 118,57421875
StatRealTimeUsed: 1.1438586
StatAverageTurnoverTime: 455.37105535604815
StatMedianTurnoverTime: 306.5464790838415
StatLowerQuartileTurnoverTime: 124.11601731969822
StatUpperQuartileTurnoverTime: 660.9829725535272
StatAverageThroughputTime: 80.96250014621617
StatMedianThroughputTime: 27.27055555555603
StatLowerQuartileThroughputTime: 16.367683986364966
StatUpperQuartileThroughputTime: 76.89000000000033

Marked tag finished after 1 tries!
.Fin. - SUCCESS
<<< Welcome to the RAWSimO CLI >>>
The time is: 06/13/2024 09:52:32
Starting RAWSimO wrapper with the following arguments:
Instance: ..\..\..\..\Material\Instances\0.Weighted30min Demand separate\Dc\Weighted2.xinst
Setting: ..\..\..\..\Material\Instances\0.Weighted30min Demand separate\Dc\Weighted2.xsett
ControlConfig: ..\..\..\..\Material\Instances\0.Weighted30min Demand separate\Dc\Weighted2.xconf
StatisticsDir: ..\..\..\..\Material\Instances\0.Weighted30min Demand separate\Dc
Seed: 2
Additionally the following tag was passed: 1, 4.8812, 0.7, 0.217, 0.143, 0.333
Adding handler for unhandled exceptions ...
Initializing ... 
Instance recognized!
Parsing setting config ...
Parsing control config ...
Parsing instance ...
StatisticsFolder: Weighted2-Dc_[[1, 4.8812, 0.7]]_2_[0.217, 0.143, 0.333].csv-2
Done!
