Executing ... 
 09:42:07 | >>> Warming up ...
 00:00:00 | >>> Warmup finished - starting simulation ...
 Realtime |   ETA    |  Sim.Time  | Progress | #Orders | #Bundles | Inv. | Distance | #Coll. |   Memory    
 00:00:00 |   n/a    | 0.00:00:00 |  0.00%   |    0    |    0     | 60%  |    0     |   0    |  96.37MB  
 00:00:01 | Cannot generate further orders - suspending generation for now
 00:00:01 | Cannot generate further orders - suspending generation for now
 00:00:01 | Cannot generate further orders - suspending generation for now
 00:00:01 | Cannot generate further orders - suspending generation for now
 00:00:01 | Cannot generate further orders - suspending generation for now
 00:00:01 | Cannot generate further orders - suspending generation for now
 00:00:01 | Cannot generate further orders - suspending generation for now
 00:00:01 | 00:00:00 | 0.00:30:00 | 100.00%  |   448   |    0     | 19%  |   5324   |   0    |  92.07MB  
 00:00:01 | >>> Simulation finished - writing results ...
 00:00:01 | >>> Results written
Simulation finished.
>>> Timings
StatTimingPathPlanningAverage: 0.00012055727810650888
StatTimingPathPlanningOverall: 0.1018709
StatTimingPathPlanningCount: 845
StatTimingTaskAllocationAverage: 0.0024950199095022632
StatTimingTaskAllocationOverall: 0.5513994000000002
StatTimingTaskAllocationCount: 221
StatTimingItemStorageAverage: 1.3793313069908773E-06
StatTimingItemStorageOverall: 0.0009075999999999972
StatTimingItemStorageCount: 658
StatTimingPodStorageAverage: 0.002013413207547169
StatTimingPodStorageOverall: 0.21342179999999994
StatTimingPodStorageCount: 106
StatTimingReplenishmentBatchingAverage: 8.400000000000001E-06
StatTimingReplenishmentBatchingOverall: 1.6800000000000002E-05
StatTimingReplenishmentBatchingCount: 2
StatTimingOrderBatchingAverage: 0.00013454772431729535
StatTimingOrderBatchingOverall: 0.10346720000000012
StatTimingOrderBatchingCount: 769
>>> Overall
StatOverallBundlesPlaced: 0
StatOverallItemsOrdered: 650
StatOverallOrdersPlaced: 411
StatOverallBundlesRejected: 0
StatOverallOrdersRejected: 0
StatOverallBundlesHandled: 0
StatOverallItemsHandled: 675
StatOverallLinesHandled: 639
StatOverallOrdersHandled: 448
StatOverallCollisions: 0
StatOverallDistanceTraveled: 5323.5380519590735
StatOverallDistanceEstimated: 5162
StatOverallAssignedTasks: 221
StatMaxMemoryUsed: 96,37109375
StatRealTimeUsed: 1.40697
StatAverageTurnoverTime: 482.10161327460435
StatMedianTurnoverTime: 372.3806493469685
StatLowerQuartileTurnoverTime: 174.580930721207
StatUpperQuartileTurnoverTime: 659.4800071929216
StatAverageThroughputTime: 110.82697691128718
StatMedianThroughputTime: 21.989444444444416
StatLowerQuartileThroughputTime: 15.071111111111577
StatUpperQuartileThroughputTime: 85.8691702631273

Marked tag finished after 1 tries!
.Fin. - SUCCESS
<<< Welcome to the RAWSimO CLI >>>
The time is: 06/13/2024 09:42:09
Starting RAWSimO wrapper with the following arguments:
Instance: ..\..\..\..\Material\Instances\0.Weighted30min Demand separate\Db\Weighted2.xinst
Setting: ..\..\..\..\Material\Instances\0.Weighted30min Demand separate\Db\Weighted2.xsett
ControlConfig: ..\..\..\..\Material\Instances\0.Weighted30min Demand separate\Db\Weighted2.xconf
StatisticsDir: ..\..\..\..\Material\Instances\0.Weighted30min Demand separate\Db
Seed: 2
Additionally the following tag was passed: 1, 0.059, 0.30400000000000005, 0.107, 0.625, 0.35
Adding handler for unhandled exceptions ...
Initializing ... 
Instance recognized!
Parsing setting config ...
Parsing control config ...
Parsing instance ...
StatisticsFolder: Weighted2-Db_[[1, 0.059, 0.30400000000000005]]_1_[0.107, 0.625, 0.35].csv-2
Done!
