Executing ... 
 16:32:09 | >>> Warming up ...
 00:00:00 | >>> Warmup finished - starting simulation ...
 Realtime |   ETA    |  Sim.Time  | Progress | #Orders | #Bundles | Inv. | Distance | #Coll. |   Memory    
 00:00:00 |   n/a    | 0.00:00:00 |  0.00%   |    0    |    0     | 83%  |    0     |   0    |  95.32MB  
 00:00:00 | Reactivating bundle generation paused by inventory+reserved+backlog level (currently at: 0.6491666666666667)
 00:00:00 | 00:00:00 | 0.00:30:00 | 100.00%  |   346   |    0     | 40%  |   2978   |   0    |  93.67MB  
 00:00:00 | >>> Simulation finished - writing results ...
 00:00:00 | >>> Results written
Simulation finished.
>>> Timings
StatTimingPathPlanningAverage: 7.691202185792348E-05
StatTimingPathPlanningOverall: 0.04222469999999999
StatTimingPathPlanningCount: 549
StatTimingTaskAllocationAverage: 0.0013390503496503487
StatTimingTaskAllocationOverall: 0.19148419999999985
StatTimingTaskAllocationCount: 143
StatTimingItemStorageAverage: 1.155078125E-06
StatTimingItemStorageOverall: 0.0005914
StatTimingItemStorageCount: 512
StatTimingPodStorageAverage: 0.0012406677419354837
StatTimingPodStorageOverall: 0.07692139999999999
StatTimingPodStorageCount: 62
StatTimingReplenishmentBatchingAverage: 6.974999999999999E-06
StatTimingReplenishmentBatchingOverall: 2.7899999999999997E-05
StatTimingReplenishmentBatchingCount: 4
StatTimingOrderBatchingAverage: 9.807035881435265E-05
StatTimingOrderBatchingOverall: 0.06286310000000005
StatTimingOrderBatchingCount: 641
>>> Overall
StatOverallBundlesPlaced: 180
StatOverallItemsOrdered: 594
StatOverallOrdersPlaced: 380
StatOverallBundlesRejected: 0
StatOverallOrdersRejected: 0
StatOverallBundlesHandled: 0
StatOverallItemsHandled: 519
StatOverallLinesHandled: 488
StatOverallOrdersHandled: 346
StatOverallCollisions: 0
StatOverallDistanceTraveled: 2977.705259795453
StatOverallDistanceEstimated: 2904
StatOverallAssignedTasks: 143
StatMaxMemoryUsed: 95,12890625
StatRealTimeUsed: 0.7505139
StatAverageTurnoverTime: 538.7617531150318
StatMedianTurnoverTime: 421.1367676510009
StatLowerQuartileTurnoverTime: 161.57222222222208
StatUpperQuartileTurnoverTime: 831.3806421540482
StatAverageThroughputTime: 132.34861356992312
StatMedianThroughputTime: 61.92564934696816
StatLowerQuartileThroughputTime: 40.325180389903835
StatUpperQuartileThroughputTime: 162.09185424949231

Marked tag finished after 1 tries!
.Fin. - SUCCESS
<<< Welcome to the RAWSimO CLI >>>
The time is: 06/03/2024 16:32:10
Starting RAWSimO wrapper with the following arguments:
Instance: ..\..\..\..\Material\Instances\0.Weighted30min\Weighted2.xinst
Setting: ..\..\..\..\Material\Instances\0.Weighted30min\WeightedScenario.xsett
ControlConfig: ..\..\..\..\Material\Instances\0.Weighted30min\WeightedScenario.xconf
StatisticsDir: ..\..\..\..\Material\Instances\0.Weighted30min
Seed: 1
Additionally the following tag was passed: Dbwlow
Adding handler for unhandled exceptions ...
Initializing ... 
Instance recognized!
Parsing setting config ...
Parsing control config ...
Parsing instance ...
StatisticsFolder: WeightedScenario-Db_wlow_1.csv-1
Done!
