Executing ... 
 21:29:49 | >>> Warming up ...
 00:00:00 | >>> Warmup finished - starting simulation ...
 Realtime |   ETA    |  Sim.Time  | Progress | #Orders | #Bundles | Inv. | Distance | #Coll. |   Memory    
 00:00:00 |   n/a    | 0.00:00:00 |  0.00%   |    0    |    0     | 60%  |    0     |   0    |  76.96MB  
 00:00:00 | Cannot generate further orders - suspending generation for now
 00:00:01 | Cannot generate further orders - suspending generation for now
 00:00:01 | Cannot generate further orders - suspending generation for now
 00:00:01 | Cannot generate further orders - suspending generation for now
 00:00:01 | Cannot generate further orders - suspending generation for now
 00:00:01 | Cannot generate further orders - suspending generation for now
 00:00:01 | Cannot generate further orders - suspending generation for now
 00:00:01 | Cannot generate further orders - suspending generation for now
 00:00:01 | Cannot generate further orders - suspending generation for now
 00:00:01 | Cannot generate further orders - suspending generation for now
 00:00:01 | Cannot generate further orders - suspending generation for now
 00:00:01 | 00:00:00 | 0.00:30:00 | 100.00%  |   511   |    0     | 12%  |   4972   |   0    |  75.93MB  
 00:00:01 | >>> Simulation finished - writing results ...
 00:00:01 | >>> Results written
Simulation finished.
>>> Timings
StatTimingPathPlanningAverage: 0.00012355839598997503
StatTimingPathPlanningOverall: 0.09859960000000008
StatTimingPathPlanningCount: 798
StatTimingTaskAllocationAverage: 0.002494246190476192
StatTimingTaskAllocationOverall: 0.5237917000000003
StatTimingTaskAllocationCount: 210
StatTimingItemStorageAverage: 1.2045992115637312E-06
StatTimingItemStorageOverall: 0.0009166999999999995
StatTimingItemStorageCount: 761
StatTimingPodStorageAverage: 0.002390925742574257
StatTimingPodStorageOverall: 0.2414835
StatTimingPodStorageCount: 101
StatTimingReplenishmentBatchingAverage: 7.85E-06
StatTimingReplenishmentBatchingOverall: 1.57E-05
StatTimingReplenishmentBatchingCount: 2
StatTimingOrderBatchingAverage: 0.00010537830882352943
StatTimingOrderBatchingOverall: 0.08598870000000002
StatTimingOrderBatchingCount: 816
>>> Overall
StatOverallBundlesPlaced: 0
StatOverallItemsOrdered: 667
StatOverallOrdersPlaced: 423
StatOverallBundlesRejected: 0
StatOverallOrdersRejected: 0
StatOverallBundlesHandled: 0
StatOverallItemsHandled: 795
StatOverallLinesHandled: 754
StatOverallOrdersHandled: 511
StatOverallCollisions: 0
StatOverallDistanceTraveled: 4972.482442025275
StatOverallDistanceEstimated: 4844
StatOverallAssignedTasks: 210
StatMaxMemoryUsed: 76,9609375
StatRealTimeUsed: 1.2994773
StatAverageTurnoverTime: 455.0478140627974
StatMedianTurnoverTime: 285.6767604580807
StatLowerQuartileTurnoverTime: 109.21629869393848
StatUpperQuartileTurnoverTime: 683.3225973878801
StatAverageThroughputTime: 86.72070396386559
StatMedianThroughputTime: 23.09444444444466
StatLowerQuartileThroughputTime: 12.79722222222233
StatUpperQuartileThroughputTime: 69.59064934696842

Marked tag finished after 1 tries!
.Fin. - SUCCESS
<<< Welcome to the RAWSimO CLI >>>
The time is: 06/12/2024 21:29:50
Starting RAWSimO wrapper with the following arguments:
Instance: ..\..\..\..\Material\Instances\0.Weighted30min Demand separate\Da\Weighted2.xinst
Setting: ..\..\..\..\Material\Instances\0.Weighted30min Demand separate\Da\Weighted2.xsett
ControlConfig: ..\..\..\..\Material\Instances\0.Weighted30min Demand separate\Da\Weighted2.xconf
StatisticsDir: ..\..\..\..\Material\Instances\0.Weighted30min Demand separate\Da
Seed: 2
Additionally the following tag was passed: 1, 5.026, 0.7922499999999999, 0.234, 0.1, 0.294
Adding handler for unhandled exceptions ...
Initializing ... 
Instance recognized!
Parsing setting config ...
Parsing control config ...
Parsing instance ...
StatisticsFolder: Weighted2-Da_[[1, 5.026, 0.7922499999999999]]_2_[0.234, 0.1, 0.294].csv-2
Done!
