Executing ... 
 19:24:10 | >>> Warming up ...
 00:00:00 | >>> Warmup finished - starting simulation ...
 Realtime |   ETA    |  Sim.Time  | Progress | #Orders | #Bundles | Inv. | Distance | #Coll. |   Memory    
 00:00:00 |   n/a    | 0.00:00:00 |  0.00%   |    0    |    0     | 60%  |    0     |   0    |  95.29MB  
 00:00:00 | Cannot generate further orders - suspending generation for now
 00:00:00 | Cannot generate further orders - suspending generation for now
 00:00:00 | Cannot generate further orders - suspending generation for now
 00:00:00 | Cannot generate further orders - suspending generation for now
 00:00:00 | Cannot generate further orders - suspending generation for now
 00:00:00 | Cannot generate further orders - suspending generation for now
 00:00:00 | Cannot generate further orders - suspending generation for now
 00:00:00 | Cannot generate further orders - suspending generation for now
 00:00:00 | Cannot generate further orders - suspending generation for now
 00:00:00 | 00:00:00 | 0.00:30:00 | 100.00%  |   519   |    0     | 11%  |   4938   |   0    |  90.84MB  
 00:00:00 | >>> Simulation finished - writing results ...
 00:00:00 | >>> Results written
Simulation finished.
>>> Timings
StatTimingPathPlanningAverage: 8.246963151207122E-05
StatTimingPathPlanningOverall: 0.06490360000000005
StatTimingPathPlanningCount: 787
StatTimingTaskAllocationAverage: 0.0017445906735751298
StatTimingTaskAllocationOverall: 0.33670600000000006
StatTimingTaskAllocationCount: 193
StatTimingItemStorageAverage: 7.788113695090488E-07
StatTimingItemStorageOverall: 0.0006028000000000038
StatTimingItemStorageCount: 774
StatTimingPodStorageAverage: 0.0015961304347826082
StatTimingPodStorageOverall: 0.14684399999999995
StatTimingPodStorageCount: 92
StatTimingReplenishmentBatchingAverage: 7.2999999999999996E-06
StatTimingReplenishmentBatchingOverall: 1.4599999999999999E-05
StatTimingReplenishmentBatchingCount: 2
StatTimingOrderBatchingAverage: 7.906107711138324E-05
StatTimingOrderBatchingOverall: 0.0645929000000001
StatTimingOrderBatchingCount: 817
>>> Overall
StatOverallBundlesPlaced: 0
StatOverallItemsOrdered: 667
StatOverallOrdersPlaced: 422
StatOverallBundlesRejected: 0
StatOverallOrdersRejected: 0
StatOverallBundlesHandled: 0
StatOverallItemsHandled: 809
StatOverallLinesHandled: 759
StatOverallOrdersHandled: 519
StatOverallCollisions: 0
StatOverallDistanceTraveled: 4938.133707187328
StatOverallDistanceEstimated: 4718
StatOverallAssignedTasks: 193
StatMaxMemoryUsed: 95,83203125
StatRealTimeUsed: 0.8770625
StatAverageTurnoverTime: 468.7614203514678
StatMedianTurnoverTime: 349.2917676510012
StatLowerQuartileTurnoverTime: 157.40731601363655
StatUpperQuartileTurnoverTime: 656.5448990156674
StatAverageThroughputTime: 86.06892696499668
StatMedianThroughputTime: 27.228333333333467
StatLowerQuartileThroughputTime: 17.181111111111477
StatUpperQuartileThroughputTime: 81.78981961009589

Marked tag finished after 1 tries!
.Fin. - SUCCESS
<<< Welcome to the RAWSimO CLI >>>
The time is: 06/25/2024 19:24:11
Starting RAWSimO wrapper with the following arguments:
Instance: ..\..\..\..\Material\Instances\10.Weighted30min Demand Gall\Dr\Weighted2.xinst
Setting: ..\..\..\..\Material\Instances\10.Weighted30min Demand Gall\Dr\Weighted2.xsett
ControlConfig: ..\..\..\..\Material\Instances\10.Weighted30min Demand Gall\Dr\Weighted2.xconf
StatisticsDir: ..\..\..\..\Material\Instances\10.Weighted30min Demand Gall\Dr
Seed: 1
Additionally the following tag was passed: 1, 0.01, 1.0, 0.145, 0.395, 1.0
Adding handler for unhandled exceptions ...
Initializing ... 
Instance recognized!
Parsing setting config ...
Parsing control config ...
Parsing instance ...
StatisticsFolder: Weighted2-Dr_[[1, 0.01, 1.0]]_1_[0.145, 0.395, 1.0].csv-1
Done!
