Executing ... 
 16:22:03 | >>> Warming up ...
 00:00:00 | >>> Warmup finished - starting simulation ...
 Realtime |   ETA    |  Sim.Time  | Progress | #Orders | #Bundles | Inv. | Distance | #Coll. |   Memory    
 00:00:00 |   n/a    | 0.00:00:00 |  0.00%   |    0    |    0     | 83%  |    0     |   0    |  83.30MB  
 00:00:00 | Reactivating bundle generation paused by inventory+reserved+backlog level (currently at: 0.6491666666666667)
 00:00:00 | Cannot generate further orders - suspending generation for now
 00:00:00 | Cannot generate further orders - suspending generation for now
 00:00:00 | Cannot generate further orders - suspending generation for now
 00:00:00 | Cannot generate further orders - suspending generation for now
 00:00:00 | Cannot generate further orders - suspending generation for now
 00:00:00 | Cannot generate further orders - suspending generation for now
 00:00:00 | 00:00:00 | 0.00:30:00 | 100.00%  |   458   |    0     | 26%  |   5160   |   0    |  82.45MB  
 00:00:00 | >>> Simulation finished - writing results ...
 00:00:00 | >>> Results written
Simulation finished.
>>> Timings
StatTimingPathPlanningAverage: 7.29619221411192E-05
StatTimingPathPlanningOverall: 0.05997469999999998
StatTimingPathPlanningCount: 822
StatTimingTaskAllocationAverage: 0.001379305504587156
StatTimingTaskAllocationOverall: 0.30068860000000003
StatTimingTaskAllocationCount: 218
StatTimingItemStorageAverage: 1.0025563909774423E-06
StatTimingItemStorageOverall: 0.0006666999999999991
StatTimingItemStorageCount: 665
StatTimingPodStorageAverage: 0.0008842708737864079
StatTimingPodStorageOverall: 0.0910799
StatTimingPodStorageCount: 103
StatTimingReplenishmentBatchingAverage: 7.825E-06
StatTimingReplenishmentBatchingOverall: 3.13E-05
StatTimingReplenishmentBatchingCount: 4
StatTimingOrderBatchingAverage: 8.875865633074936E-05
StatTimingOrderBatchingOverall: 0.0686992
StatTimingOrderBatchingCount: 774
>>> Overall
StatOverallBundlesPlaced: 180
StatOverallItemsOrdered: 667
StatOverallOrdersPlaced: 422
StatOverallBundlesRejected: 0
StatOverallOrdersRejected: 0
StatOverallBundlesHandled: 0
StatOverallItemsHandled: 683
StatOverallLinesHandled: 643
StatOverallOrdersHandled: 458
StatOverallCollisions: 0
StatOverallDistanceTraveled: 5159.96612479501
StatOverallDistanceEstimated: 5053
StatOverallAssignedTasks: 218
StatMaxMemoryUsed: 85,14453125
StatRealTimeUsed: 0.9001025
StatAverageTurnoverTime: 473.50256198138874
StatMedianTurnoverTime: 331.8004689570643
StatLowerQuartileTurnoverTime: 142.9502813742386
StatUpperQuartileTurnoverTime: 667.6751009843399
StatAverageThroughputTime: 85.93769477218557
StatMedianThroughputTime: 21.14073594545971
StatLowerQuartileThroughputTime: 15.41944444444448
StatUpperQuartileThroughputTime: 69.20000000000039

Marked tag finished after 1 tries!
.Fin. - SUCCESS
<<< Welcome to the RAWSimO CLI >>>
The time is: 06/03/2024 16:22:04
Starting RAWSimO wrapper with the following arguments:
Instance: ..\..\..\..\Material\Instances\0.Weighted30min\Weighted6.xinst
Setting: ..\..\..\..\Material\Instances\0.Weighted30min\WeightedScenario.xsett
ControlConfig: ..\..\..\..\Material\Instances\0.Weighted30min\WeightedScenario.xconf
StatisticsDir: ..\..\..\..\Material\Instances\0.Weighted30min
Seed: 1
Additionally the following tag was passed: Ddwhigh
Adding handler for unhandled exceptions ...
Initializing ... 
Instance recognized!
Parsing setting config ...
Parsing control config ...
Parsing instance ...
StatisticsFolder: WeightedScenario-Dd_whigh_1.csv-1
Done!
