Executing ... 
 09:47:12 | >>> Warming up ...
 00:00:00 | >>> Warmup finished - starting simulation ...
 Realtime |   ETA    |  Sim.Time  | Progress | #Orders | #Bundles | Inv. | Distance | #Coll. |   Memory    
 00:00:00 |   n/a    | 0.00:00:00 |  0.00%   |    0    |    0     | 60%  |    0     |   0    | 159.59MB  
 00:00:01 | Cannot generate further orders - suspending generation for now
 00:00:01 | Cannot generate further orders - suspending generation for now
 00:00:01 | Cannot generate further orders - suspending generation for now
 00:00:01 | Cannot generate further orders - suspending generation for now
 00:00:01 | Cannot generate further orders - suspending generation for now
 00:00:01 | Cannot generate further orders - suspending generation for now
 00:00:01 | 00:00:00 | 0.00:30:00 | 100.00%  |   450   |    0     | 19%  |   5312   |   0    |  82.84MB  
 00:00:01 | >>> Simulation finished - writing results ...
 00:00:01 | >>> Results written
Simulation finished.
>>> Timings
StatTimingPathPlanningAverage: 0.00013044084821428576
StatTimingPathPlanningOverall: 0.11687500000000003
StatTimingPathPlanningCount: 896
StatTimingTaskAllocationAverage: 0.0018516039647577093
StatTimingTaskAllocationOverall: 0.4203141
StatTimingTaskAllocationCount: 227
StatTimingItemStorageAverage: 1.239291217257321E-06
StatTimingItemStorageOverall: 0.0008043000000000013
StatTimingItemStorageCount: 649
StatTimingPodStorageAverage: 0.0016030252252252253
StatTimingPodStorageOverall: 0.1779358
StatTimingPodStorageCount: 111
StatTimingReplenishmentBatchingAverage: 9E-06
StatTimingReplenishmentBatchingOverall: 1.8E-05
StatTimingReplenishmentBatchingCount: 2
StatTimingOrderBatchingAverage: 0.00010422980132450342
StatTimingOrderBatchingOverall: 0.07869350000000008
StatTimingOrderBatchingCount: 755
>>> Overall
StatOverallBundlesPlaced: 0
StatOverallItemsOrdered: 644
StatOverallOrdersPlaced: 415
StatOverallBundlesRejected: 0
StatOverallOrdersRejected: 0
StatOverallBundlesHandled: 0
StatOverallItemsHandled: 674
StatOverallLinesHandled: 637
StatOverallOrdersHandled: 450
StatOverallCollisions: 0
StatOverallDistanceTraveled: 5312.398400047681
StatOverallDistanceEstimated: 5107
StatOverallAssignedTasks: 227
StatMaxMemoryUsed: 158,8125
StatRealTimeUsed: 1.2519761
StatAverageTurnoverTime: 451.6933155507985
StatMedianTurnoverTime: 317.8648124171745
StatLowerQuartileTurnoverTime: 147.75435065303157
StatUpperQuartileTurnoverTime: 628.5794444444448
StatAverageThroughputTime: 98.67887065510635
StatMedianThroughputTime: 20.190555555555477
StatLowerQuartileThroughputTime: 12.427777777777692
StatUpperQuartileThroughputTime: 83.61091633536432

Marked tag finished after 1 tries!
.Fin. - SUCCESS
<<< Welcome to the RAWSimO CLI >>>
The time is: 06/13/2024 09:47:14
Starting RAWSimO wrapper with the following arguments:
Instance: ..\..\..\..\Material\Instances\0.Weighted30min Demand separate\Db\Weighted2.xinst
Setting: ..\..\..\..\Material\Instances\0.Weighted30min Demand separate\Db\Weighted2.xsett
ControlConfig: ..\..\..\..\Material\Instances\0.Weighted30min Demand separate\Db\Weighted2.xconf
StatisticsDir: ..\..\..\..\Material\Instances\0.Weighted30min Demand separate\Db
Seed: 3
Additionally the following tag was passed: 1, 1.295, 0.059, 0.118, 0.2, 1.0
Adding handler for unhandled exceptions ...
Initializing ... 
Instance recognized!
Parsing setting config ...
Parsing control config ...
Parsing instance ...
StatisticsFolder: Weighted2-Db_[[1, 1.295, 0.059]]_3_[0.118, 0.2, 1.0].csv-3
Done!
