Executing ... 
 18:20:03 | >>> Warming up ...
 00:00:00 | >>> Warmup finished - starting simulation ...
 Realtime |   ETA    |  Sim.Time  | Progress | #Orders | #Bundles | Inv. | Distance | #Coll. |   Memory    
 00:00:00 |   n/a    | 0.00:00:00 |  0.00%   |    0    |    0     | 60%  |    0     |   0    | 116.63MB  
 00:00:00 | Cannot generate further orders - suspending generation for now
 00:00:00 | Cannot generate further orders - suspending generation for now
 00:00:00 | Cannot generate further orders - suspending generation for now
 00:00:00 | Cannot generate further orders - suspending generation for now
 00:00:00 | 00:00:00 | 0.00:30:00 | 100.00%  |   406   |    0     | 23%  |   5489   |   0    | 111.93MB  
 00:00:00 | >>> Simulation finished - writing results ...
 00:00:01 | >>> Results written
Simulation finished.
>>> Timings
StatTimingPathPlanningAverage: 9.010631929046556E-05
StatTimingPathPlanningOverall: 0.08127589999999994
StatTimingPathPlanningCount: 902
StatTimingTaskAllocationAverage: 0.0015374561946902658
StatTimingTaskAllocationOverall: 0.3474651000000001
StatTimingTaskAllocationCount: 226
StatTimingItemStorageAverage: 9.461794019933616E-07
StatTimingItemStorageOverall: 0.0005696000000000037
StatTimingItemStorageCount: 602
StatTimingPodStorageAverage: 0.0013524129629629627
StatTimingPodStorageOverall: 0.14606059999999998
StatTimingPodStorageCount: 108
StatTimingReplenishmentBatchingAverage: 7.55E-06
StatTimingReplenishmentBatchingOverall: 1.51E-05
StatTimingReplenishmentBatchingCount: 2
StatTimingOrderBatchingAverage: 7.79934449093445E-05
StatTimingOrderBatchingOverall: 0.0559213
StatTimingOrderBatchingCount: 717
>>> Overall
StatOverallBundlesPlaced: 0
StatOverallItemsOrdered: 655
StatOverallOrdersPlaced: 415
StatOverallBundlesRejected: 0
StatOverallOrdersRejected: 0
StatOverallBundlesHandled: 0
StatOverallItemsHandled: 612
StatOverallLinesHandled: 577
StatOverallOrdersHandled: 406
StatOverallCollisions: 0
StatOverallDistanceTraveled: 5489.4183441227015
StatOverallDistanceEstimated: 5372
StatOverallAssignedTasks: 226
StatMaxMemoryUsed: 116,91796875
StatRealTimeUsed: 0.9558671
StatAverageTurnoverTime: 519.0429654023203
StatMedianTurnoverTime: 408.3214790838441
StatLowerQuartileTurnoverTime: 199.07222222222276
StatUpperQuartileTurnoverTime: 732.1367604580796
StatAverageThroughputTime: 104.70244114265596
StatMedianThroughputTime: 17.159999999999854
StatLowerQuartileThroughputTime: 10.063333333333361
StatUpperQuartileThroughputTime: 89.5445310429352

Marked tag finished after 1 tries!
.Fin. - SUCCESS
<<< Welcome to the RAWSimO CLI >>>
The time is: 06/05/2024 18:20:04
Starting RAWSimO wrapper with the following arguments:
Instance: ..\..\..\..\Material\Instances\0.Weighted30min Demand separate\Db\Weighted2.xinst
Setting: ..\..\..\..\Material\Instances\0.Weighted30min Demand separate\Db\Weighted2.xsett
ControlConfig: ..\..\..\..\Material\Instances\0.Weighted30min Demand separate\Db\Weighted2.xconf
StatisticsDir: ..\..\..\..\Material\Instances\0.Weighted30min Demand separate\Db
Seed: 2
Additionally the following tag was passed: whigh
Adding handler for unhandled exceptions ...
Initializing ... 
Instance recognized!
Parsing setting config ...
Parsing control config ...
Parsing instance ...
StatisticsFolder: Weighted2-Db_whigh_1.csv-2
Done!
