Executing ... 
 19:10:04 | >>> Warming up ...
 00:00:00 | >>> Warmup finished - starting simulation ...
 Realtime |   ETA    |  Sim.Time  | Progress | #Orders | #Bundles | Inv. | Distance | #Coll. |   Memory    
 00:00:00 |   n/a    | 0.00:00:00 |  0.00%   |    0    |    0     | 60%  |    0     |   0    | 110.66MB  
 00:00:00 | Cannot generate further orders - suspending generation for now
 00:00:00 | Cannot generate further orders - suspending generation for now
 00:00:00 | Cannot generate further orders - suspending generation for now
 00:00:00 | Cannot generate further orders - suspending generation for now
 00:00:00 | Cannot generate further orders - suspending generation for now
 00:00:01 | Cannot generate further orders - suspending generation for now
 00:00:01 | Cannot generate further orders - suspending generation for now
 00:00:01 | Cannot generate further orders - suspending generation for now
 00:00:01 | Cannot generate further orders - suspending generation for now
 00:00:01 | Cannot generate further orders - suspending generation for now
 00:00:01 | 00:00:00 | 0.00:30:00 | 100.00%  |   474   |    0     | 17%  |   5048   |   0    | 108.51MB  
 00:00:01 | >>> Simulation finished - writing results ...
 00:00:01 | >>> Results written
Simulation finished.
>>> Timings
StatTimingPathPlanningAverage: 9.079533255542568E-05
StatTimingPathPlanningOverall: 0.0778115999999998
StatTimingPathPlanningCount: 857
StatTimingTaskAllocationAverage: 0.0019269383886255924
StatTimingTaskAllocationOverall: 0.406584
StatTimingTaskAllocationCount: 211
StatTimingItemStorageAverage: 1.0487734487734502E-06
StatTimingItemStorageOverall: 0.000726800000000001
StatTimingItemStorageCount: 693
StatTimingPodStorageAverage: 0.0017488970297029705
StatTimingPodStorageOverall: 0.1766386
StatTimingPodStorageCount: 101
StatTimingReplenishmentBatchingAverage: 7.55E-06
StatTimingReplenishmentBatchingOverall: 1.51E-05
StatTimingReplenishmentBatchingCount: 2
StatTimingOrderBatchingAverage: 0.0001026766798418972
StatTimingOrderBatchingOverall: 0.07793159999999998
StatTimingOrderBatchingCount: 759
>>> Overall
StatOverallBundlesPlaced: 0
StatOverallItemsOrdered: 640
StatOverallOrdersPlaced: 410
StatOverallBundlesRejected: 0
StatOverallOrdersRejected: 0
StatOverallBundlesHandled: 0
StatOverallItemsHandled: 722
StatOverallLinesHandled: 681
StatOverallOrdersHandled: 474
StatOverallCollisions: 0
StatOverallDistanceTraveled: 5048.156927682825
StatOverallDistanceEstimated: 4860
StatOverallAssignedTasks: 211
StatMaxMemoryUsed: 110,65625
StatRealTimeUsed: 1.1037346
StatAverageTurnoverTime: 459.20791202437204
StatMedianTurnoverTime: 292.9308369297942
StatLowerQuartileTurnoverTime: 142.35352091615914
StatUpperQuartileTurnoverTime: 609.538152943429
StatAverageThroughputTime: 90.7211849951028
StatMedianThroughputTime: 20.735000000000127
StatLowerQuartileThroughputTime: 12.82601731969794
StatUpperQuartileThroughputTime: 87.12259738787543

Marked tag finished after 1 tries!
.Fin. - SUCCESS
<<< Welcome to the RAWSimO CLI >>>
The time is: 06/12/2024 19:10:05
Starting RAWSimO wrapper with the following arguments:
Instance: ..\..\..\..\Material\Instances\0.Weighted30min Demand separate\Da\Weighted2.xinst
Setting: ..\..\..\..\Material\Instances\0.Weighted30min Demand separate\Da\Weighted2.xsett
ControlConfig: ..\..\..\..\Material\Instances\0.Weighted30min Demand separate\Da\Weighted2.xconf
StatisticsDir: ..\..\..\..\Material\Instances\0.Weighted30min Demand separate\Da
Seed: 2
Additionally the following tag was passed: [[1, 0.052, 1.039]]
Adding handler for unhandled exceptions ...
Initializing ... 
Instance recognized!
Parsing setting config ...
Parsing control config ...
Parsing instance ...
StatisticsFolder: Weighted2-Da_[[1, 0.052, 1.039]]_2.csv-2
Done!
