Executing ... 
 19:59:55 | >>> Warming up ...
 00:00:00 | >>> Warmup finished - starting simulation ...
 Realtime |   ETA    |  Sim.Time  | Progress | #Orders | #Bundles | Inv. | Distance | #Coll. |   Memory    
 00:00:00 |   n/a    | 0.00:00:00 |  0.00%   |    0    |    0     | 60%  |    0     |   0    |  70.81MB  
 00:00:00 | Cannot generate further orders - suspending generation for now
 00:00:00 | Cannot generate further orders - suspending generation for now
 00:00:00 | Cannot generate further orders - suspending generation for now
 00:00:00 | Cannot generate further orders - suspending generation for now
 00:00:00 | Cannot generate further orders - suspending generation for now
 00:00:01 | Cannot generate further orders - suspending generation for now
 00:00:01 | Cannot generate further orders - suspending generation for now
 00:00:01 | Cannot generate further orders - suspending generation for now
 00:00:01 | Cannot generate further orders - suspending generation for now
 00:00:01 | Cannot generate further orders - suspending generation for now
 00:00:01 | Cannot generate further orders - suspending generation for now
 00:00:01 | Cannot generate further orders - suspending generation for now
 00:00:01 | 00:00:00 | 0.00:30:00 | 100.00%  |   512   |    0     | 12%  |   4906   |   0    |  74.55MB  
 00:00:01 | >>> Simulation finished - writing results ...
 00:00:01 | >>> Results written
Simulation finished.
>>> Timings
StatTimingPathPlanningAverage: 9.766120358514727E-05
StatTimingPathPlanningOverall: 0.07627340000000002
StatTimingPathPlanningCount: 781
StatTimingTaskAllocationAverage: 0.0022959660194174767
StatTimingTaskAllocationOverall: 0.4729690000000002
StatTimingTaskAllocationCount: 206
StatTimingItemStorageAverage: 1.142708333333332E-06
StatTimingItemStorageOverall: 0.0008775999999999989
StatTimingItemStorageCount: 768
StatTimingPodStorageAverage: 0.0018291252525252533
StatTimingPodStorageOverall: 0.1810834000000001
StatTimingPodStorageCount: 99
StatTimingReplenishmentBatchingAverage: 7.8E-06
StatTimingReplenishmentBatchingOverall: 1.56E-05
StatTimingReplenishmentBatchingCount: 2
StatTimingOrderBatchingAverage: 0.00010872925925925924
StatTimingOrderBatchingOverall: 0.08807069999999999
StatTimingOrderBatchingCount: 810
>>> Overall
StatOverallBundlesPlaced: 0
StatOverallItemsOrdered: 639
StatOverallOrdersPlaced: 406
StatOverallBundlesRejected: 0
StatOverallOrdersRejected: 0
StatOverallBundlesHandled: 0
StatOverallItemsHandled: 802
StatOverallLinesHandled: 761
StatOverallOrdersHandled: 512
StatOverallCollisions: 0
StatOverallDistanceTraveled: 4905.686056439906
StatOverallDistanceEstimated: 4794
StatOverallAssignedTasks: 206
StatMaxMemoryUsed: 74,5546875
StatRealTimeUsed: 1.1811531
StatAverageTurnoverTime: 450.3165712896241
StatMedianTurnoverTime: 296.7015728752535
StatLowerQuartileTurnoverTime: 140
StatUpperQuartileTurnoverTime: 609.1351875828291
StatAverageThroughputTime: 92.28868169571291
StatMedianThroughputTime: 25.452777777777783
StatLowerQuartileThroughputTime: 19.79388888888883
StatUpperQuartileThroughputTime: 89.82259019495211

Marked tag finished after 1 tries!
.Fin. - SUCCESS
<<< Welcome to the RAWSimO CLI >>>
The time is: 06/11/2024 19:59:56
Starting RAWSimO wrapper with the following arguments:
Instance: ..\..\..\..\Material\Instances\0.Weighted30min Demand separate\Df\Weighted2.xinst
Setting: ..\..\..\..\Material\Instances\0.Weighted30min Demand separate\Df\Weighted2.xsett
ControlConfig: ..\..\..\..\Material\Instances\0.Weighted30min Demand separate\Df\Weighted2.xconf
StatisticsDir: ..\..\..\..\Material\Instances\0.Weighted30min Demand separate\Df
Seed: 2
Additionally the following tag was passed: [[1, 0.2705714285714286, 0.068]]
Adding handler for unhandled exceptions ...
Initializing ... 
Instance recognized!
Parsing setting config ...
Parsing control config ...
Parsing instance ...
StatisticsFolder: Weighted2-Df_[[1, 0.2705714285714286, 0.068]]_1.csv-2
Done!
