Executing ... 
 19:24:51 | >>> Warming up ...
 00:00:00 | >>> Warmup finished - starting simulation ...
 Realtime |   ETA    |  Sim.Time  | Progress | #Orders | #Bundles | Inv. | Distance | #Coll. |   Memory    
 00:00:00 |   n/a    | 0.00:00:00 |  0.00%   |    0    |    0     | 60%  |    0     |   0    | 145.84MB  
 00:00:00 | Cannot generate further orders - suspending generation for now
 00:00:00 | Cannot generate further orders - suspending generation for now
 00:00:00 | Cannot generate further orders - suspending generation for now
 00:00:00 | Cannot generate further orders - suspending generation for now
 00:00:00 | Cannot generate further orders - suspending generation for now
 00:00:00 | Cannot generate further orders - suspending generation for now
 00:00:00 | Cannot generate further orders - suspending generation for now
 00:00:00 | Cannot generate further orders - suspending generation for now
 00:00:00 | Cannot generate further orders - suspending generation for now
 00:00:00 | 00:00:00 | 0.00:30:00 | 100.00%  |   487   |    0     | 15%  |   5170   |   0    | 141.36MB  
 00:00:00 | >>> Simulation finished - writing results ...
 00:00:01 | >>> Results written
Simulation finished.
>>> Timings
StatTimingPathPlanningAverage: 9.312234993614311E-05
StatTimingPathPlanningOverall: 0.07291480000000006
StatTimingPathPlanningCount: 783
StatTimingTaskAllocationAverage: 0.001679551196172249
StatTimingTaskAllocationOverall: 0.35102620000000007
StatTimingTaskAllocationCount: 209
StatTimingItemStorageAverage: 9.329593267882246E-07
StatTimingItemStorageOverall: 0.0006652000000000041
StatTimingItemStorageCount: 713
StatTimingPodStorageAverage: 0.001402579207920792
StatTimingPodStorageOverall: 0.1416605
StatTimingPodStorageCount: 101
StatTimingReplenishmentBatchingAverage: 1.49E-05
StatTimingReplenishmentBatchingOverall: 2.98E-05
StatTimingReplenishmentBatchingCount: 2
StatTimingOrderBatchingAverage: 8.96119798234553E-05
StatTimingOrderBatchingOverall: 0.07106230000000005
StatTimingOrderBatchingCount: 793
>>> Overall
StatOverallBundlesPlaced: 0
StatOverallItemsOrdered: 666
StatOverallOrdersPlaced: 424
StatOverallBundlesRejected: 0
StatOverallOrdersRejected: 0
StatOverallBundlesHandled: 0
StatOverallItemsHandled: 744
StatOverallLinesHandled: 694
StatOverallOrdersHandled: 487
StatOverallCollisions: 0
StatOverallDistanceTraveled: 5170.16225068604
StatOverallDistanceEstimated: 5002
StatOverallAssignedTasks: 209
StatMaxMemoryUsed: 146,1171875
StatRealTimeUsed: 0.9452498
StatAverageTurnoverTime: 462.5712221322506
StatMedianTurnoverTime: 349.4488022903973
StatLowerQuartileTurnoverTime: 154.87823954192118
StatUpperQuartileTurnoverTime: 621.9420418323185
StatAverageThroughputTime: 97.72659620529436
StatMedianThroughputTime: 24.466572875253746
StatLowerQuartileThroughputTime: 16.41999999999996
StatUpperQuartileThroughputTime: 82.80833333333379

Marked tag finished after 1 tries!
.Fin. - SUCCESS
<<< Welcome to the RAWSimO CLI >>>
The time is: 06/25/2024 19:24:52
Starting RAWSimO wrapper with the following arguments:
Instance: ..\..\..\..\Material\Instances\10.Weighted30min Demand Gall\Dr\Weighted2.xinst
Setting: ..\..\..\..\Material\Instances\10.Weighted30min Demand Gall\Dr\Weighted2.xsett
ControlConfig: ..\..\..\..\Material\Instances\10.Weighted30min Demand Gall\Dr\Weighted2.xconf
StatisticsDir: ..\..\..\..\Material\Instances\10.Weighted30min Demand Gall\Dr
Seed: 1
Additionally the following tag was passed: 1, 0.15454545454545457, 1.0, 0.091, 0.586, 1.0
Adding handler for unhandled exceptions ...
Initializing ... 
Instance recognized!
Parsing setting config ...
Parsing control config ...
Parsing instance ...
StatisticsFolder: Weighted2-Dr_[[1, 0.15454545454545457, 1.0]]_3_[0.091, 0.586, 1.0].csv-1
Done!
