Executing ... 
 09:49:20 | >>> Warming up ...
 00:00:00 | >>> Warmup finished - starting simulation ...
 Realtime |   ETA    |  Sim.Time  | Progress | #Orders | #Bundles | Inv. | Distance | #Coll. |   Memory    
 00:00:00 |   n/a    | 0.00:00:00 |  0.00%   |    0    |    0     | 60%  |    0     |   0    |  91.33MB  
 00:00:00 | Cannot generate further orders - suspending generation for now
 00:00:00 | Cannot generate further orders - suspending generation for now
 00:00:00 | Cannot generate further orders - suspending generation for now
 00:00:01 | Cannot generate further orders - suspending generation for now
 00:00:01 | Cannot generate further orders - suspending generation for now
 00:00:01 | Cannot generate further orders - suspending generation for now
 00:00:01 | Cannot generate further orders - suspending generation for now
 00:00:01 | Cannot generate further orders - suspending generation for now
 00:00:01 | Cannot generate further orders - suspending generation for now
 00:00:01 | Cannot generate further orders - suspending generation for now
 00:00:01 | Cannot generate further orders - suspending generation for now
 00:00:01 | 00:00:00 | 0.00:30:00 | 100.00%  |   496   |    0     | 15%  |   4972   |   0    |  94.73MB  
 00:00:01 | >>> Simulation finished - writing results ...
 00:00:01 | >>> Results written
Simulation finished.
>>> Timings
StatTimingPathPlanningAverage: 0.00010753183475091123
StatTimingPathPlanningOverall: 0.08849869999999994
StatTimingPathPlanningCount: 823
StatTimingTaskAllocationAverage: 0.0021643014634146335
StatTimingTaskAllocationOverall: 0.4436817999999999
StatTimingTaskAllocationCount: 205
StatTimingItemStorageAverage: 1.5347765363128433E-06
StatTimingItemStorageOverall: 0.0010988999999999958
StatTimingItemStorageCount: 716
StatTimingPodStorageAverage: 0.001960292857142856
StatTimingPodStorageOverall: 0.1921086999999999
StatTimingPodStorageCount: 98
StatTimingReplenishmentBatchingAverage: 8.9E-06
StatTimingReplenishmentBatchingOverall: 1.78E-05
StatTimingReplenishmentBatchingCount: 2
StatTimingOrderBatchingAverage: 0.0001214816300129367
StatTimingOrderBatchingOverall: 0.09390530000000007
StatTimingOrderBatchingCount: 773
>>> Overall
StatOverallBundlesPlaced: 0
StatOverallItemsOrdered: 661
StatOverallOrdersPlaced: 431
StatOverallBundlesRejected: 0
StatOverallOrdersRejected: 0
StatOverallBundlesHandled: 0
StatOverallItemsHandled: 754
StatOverallLinesHandled: 717
StatOverallOrdersHandled: 496
StatOverallCollisions: 0
StatOverallDistanceTraveled: 4972.42281363467
StatOverallDistanceEstimated: 4876
StatOverallAssignedTasks: 205
StatMaxMemoryUsed: 95,671875
StatRealTimeUsed: 1.2251892
StatAverageTurnoverTime: 436.3322245135175
StatMedianTurnoverTime: 301.6749999999997
StatLowerQuartileTurnoverTime: 137.62795816768073
StatUpperQuartileTurnoverTime: 623.9422222222222
StatAverageThroughputTime: 99.52043736452593
StatMedianThroughputTime: 26.388982680301694
StatLowerQuartileThroughputTime: 16.133333333333326
StatUpperQuartileThroughputTime: 84.27944444444415

Marked tag finished after 1 tries!
.Fin. - SUCCESS
<<< Welcome to the RAWSimO CLI >>>
The time is: 06/13/2024 09:49:22
Starting RAWSimO wrapper with the following arguments:
Instance: ..\..\..\..\Material\Instances\0.Weighted30min Demand separate\Dc\Weighted2.xinst
Setting: ..\..\..\..\Material\Instances\0.Weighted30min Demand separate\Dc\Weighted2.xsett
ControlConfig: ..\..\..\..\Material\Instances\0.Weighted30min Demand separate\Dc\Weighted2.xconf
StatisticsDir: ..\..\..\..\Material\Instances\0.Weighted30min Demand separate\Dc
Seed: 3
Additionally the following tag was passed: 1, 1.2638, 0.27199999999999996, 0.146, 0.143, 0.538
Adding handler for unhandled exceptions ...
Initializing ... 
Instance recognized!
Parsing setting config ...
Parsing control config ...
Parsing instance ...
StatisticsFolder: Weighted2-Dc_[[1, 1.2638, 0.27199999999999996]]_1_[0.146, 0.143, 0.538].csv-3
Done!
