Executing ... 
 16:18:36 | >>> Warming up ...
 00:00:00 | >>> Warmup finished - starting simulation ...
 Realtime |   ETA    |  Sim.Time  | Progress | #Orders | #Bundles | Inv. | Distance | #Coll. |   Memory    
 00:00:00 |   n/a    | 0.00:00:00 |  0.00%   |    0    |    0     | 60%  |    0     |   0    |  79.33MB  
 00:00:01 | Cannot generate further orders - suspending generation for now
 00:00:01 | Cannot generate further orders - suspending generation for now
 00:00:01 | Cannot generate further orders - suspending generation for now
 00:00:01 | Cannot generate further orders - suspending generation for now
 00:00:01 | Cannot generate further orders - suspending generation for now
 00:00:01 | Cannot generate further orders - suspending generation for now
 00:00:01 | Cannot generate further orders - suspending generation for now
 00:00:01 | Cannot generate further orders - suspending generation for now
 00:00:01 | Cannot generate further orders - suspending generation for now
 00:00:01 | Cannot generate further orders - suspending generation for now
 00:00:01 | Cannot generate further orders - suspending generation for now
 00:00:01 | 00:00:00 | 0.00:30:00 | 100.00%  |   475   |    0     | 17%  |   5180   |   0    |  74.11MB  
 00:00:01 | >>> Simulation finished - writing results ...
 00:00:01 | >>> Results written
Simulation finished.
>>> Timings
StatTimingPathPlanningAverage: 0.00014822613365155128
StatTimingPathPlanningOverall: 0.12421349999999996
StatTimingPathPlanningCount: 838
StatTimingTaskAllocationAverage: 0.0027546687500000005
StatTimingTaskAllocationOverall: 0.6170458000000001
StatTimingTaskAllocationCount: 224
StatTimingItemStorageAverage: 1.6380952380952388E-06
StatTimingItemStorageOverall: 0.0011352000000000005
StatTimingItemStorageCount: 693
StatTimingPodStorageAverage: 0.0022694907407407416
StatTimingPodStorageOverall: 0.2451050000000001
StatTimingPodStorageCount: 108
StatTimingReplenishmentBatchingAverage: 9.05E-06
StatTimingReplenishmentBatchingOverall: 1.81E-05
StatTimingReplenishmentBatchingCount: 2
StatTimingOrderBatchingAverage: 0.0001646370417193425
StatTimingOrderBatchingOverall: 0.13022789999999992
StatTimingOrderBatchingCount: 791
>>> Overall
StatOverallBundlesPlaced: 0
StatOverallItemsOrdered: 638
StatOverallOrdersPlaced: 414
StatOverallBundlesRejected: 0
StatOverallOrdersRejected: 0
StatOverallBundlesHandled: 0
StatOverallItemsHandled: 718
StatOverallLinesHandled: 678
StatOverallOrdersHandled: 475
StatOverallCollisions: 0
StatOverallDistanceTraveled: 5180.321351130454
StatOverallDistanceEstimated: 5043
StatOverallAssignedTasks: 224
StatMaxMemoryUsed: 79,359375
StatRealTimeUsed: 1.5421597
StatAverageTurnoverTime: 436.4501268555678
StatMedianTurnoverTime: 281.8940764717165
StatLowerQuartileTurnoverTime: 142.5206493469682
StatUpperQuartileTurnoverTime: 624.476118304037
StatAverageThroughputTime: 90.66075376152234
StatMedianThroughputTime: 21.710187582826848
StatLowerQuartileThroughputTime: 12.877222222222258
StatUpperQuartileThroughputTime: 80.52287156919033

Marked tag finished after 1 tries!
.Fin. - SUCCESS
<<< Welcome to the RAWSimO CLI >>>
The time is: 06/21/2024 16:18:37
Starting RAWSimO wrapper with the following arguments:
Instance: ..\..\..\..\Material\Instances\01.Weighted30min Demand Gall\Dp\Weighted2.xinst
Setting: ..\..\..\..\Material\Instances\01.Weighted30min Demand Gall\Dp\Weighted2.xsett
ControlConfig: ..\..\..\..\Material\Instances\01.Weighted30min Demand Gall\Dp\Weighted2.xconf
StatisticsDir: ..\..\..\..\Material\Instances\01.Weighted30min Demand Gall\Dp
Seed: 3
Additionally the following tag was passed: 1, 0.15142857142857144, 1.0, 0.106, 0.7, 1.0
Adding handler for unhandled exceptions ...
Initializing ... 
Instance recognized!
Parsing setting config ...
Parsing control config ...
Parsing instance ...
StatisticsFolder: Weighted2-Dp_[[1, 0.15142857142857144, 1.0]]_2_[0.106, 0.7, 1.0].csv-3
Done!
