Executing ... 
 19:21:34 | >>> Warming up ...
 00:00:00 | >>> Warmup finished - starting simulation ...
 Realtime |   ETA    |  Sim.Time  | Progress | #Orders | #Bundles | Inv. | Distance | #Coll. |   Memory    
 00:00:00 |   n/a    | 0.00:00:00 |  0.00%   |    0    |    0     | 60%  |    0     |   0    | 100.17MB  
 00:00:00 | Cannot generate further orders - suspending generation for now
 00:00:00 | Cannot generate further orders - suspending generation for now
 00:00:00 | Cannot generate further orders - suspending generation for now
 00:00:00 | Cannot generate further orders - suspending generation for now
 00:00:00 | Cannot generate further orders - suspending generation for now
 00:00:00 | Cannot generate further orders - suspending generation for now
 00:00:00 | Cannot generate further orders - suspending generation for now
 00:00:00 | Cannot generate further orders - suspending generation for now
 00:00:00 | Cannot generate further orders - suspending generation for now
 00:00:00 | Cannot generate further orders - suspending generation for now
 00:00:00 | Cannot generate further orders - suspending generation for now
 00:00:00 | 00:00:00 | 0.00:30:00 | 100.00%  |   492   |    0     | 14%  |   4841   |   0    |  96.04MB  
 00:00:00 | >>> Simulation finished - writing results ...
 00:00:01 | >>> Results written
Simulation finished.
>>> Timings
StatTimingPathPlanningAverage: 9.357241798298914E-05
StatTimingPathPlanningOverall: 0.07701010000000007
StatTimingPathPlanningCount: 823
StatTimingTaskAllocationAverage: 0.0018437543269230754
StatTimingTaskAllocationOverall: 0.3835008999999997
StatTimingTaskAllocationCount: 208
StatTimingItemStorageAverage: 1.0291497975708508E-06
StatTimingItemStorageOverall: 0.0007626000000000004
StatTimingItemStorageCount: 741
StatTimingPodStorageAverage: 0.0016271769999999987
StatTimingPodStorageOverall: 0.16271769999999988
StatTimingPodStorageCount: 100
StatTimingReplenishmentBatchingAverage: 8.6E-06
StatTimingReplenishmentBatchingOverall: 1.72E-05
StatTimingReplenishmentBatchingCount: 2
StatTimingOrderBatchingAverage: 8.965793548387084E-05
StatTimingOrderBatchingOverall: 0.0694848999999999
StatTimingOrderBatchingCount: 775
>>> Overall
StatOverallBundlesPlaced: 0
StatOverallItemsOrdered: 653
StatOverallOrdersPlaced: 409
StatOverallBundlesRejected: 0
StatOverallOrdersRejected: 0
StatOverallBundlesHandled: 0
StatOverallItemsHandled: 770
StatOverallLinesHandled: 730
StatOverallOrdersHandled: 492
StatOverallCollisions: 0
StatOverallDistanceTraveled: 4841.444729831391
StatOverallDistanceEstimated: 4765
StatOverallAssignedTasks: 208
StatMaxMemoryUsed: 99,5859375
StatRealTimeUsed: 0.9832019
StatAverageTurnoverTime: 437.59414903808107
StatMedianTurnoverTime: 267.8378787621123
StatLowerQuartileTurnoverTime: 116.84509379141296
StatUpperQuartileTurnoverTime: 596.1265800681801
StatAverageThroughputTime: 97.39554851568707
StatMedianThroughputTime: 24.18647908384088
StatLowerQuartileThroughputTime: 15.752222222222244
StatUpperQuartileThroughputTime: 86.57944444444502

Marked tag finished after 1 tries!
.Fin. - SUCCESS
<<< Welcome to the RAWSimO CLI >>>
The time is: 06/25/2024 19:21:35
Starting RAWSimO wrapper with the following arguments:
Instance: ..\..\..\..\Material\Instances\10.Weighted30min Demand Gall\Dp\Weighted2.xinst
Setting: ..\..\..\..\Material\Instances\10.Weighted30min Demand Gall\Dp\Weighted2.xsett
ControlConfig: ..\..\..\..\Material\Instances\10.Weighted30min Demand Gall\Dp\Weighted2.xconf
StatisticsDir: ..\..\..\..\Material\Instances\10.Weighted30min Demand Gall\Dp
Seed: 4
Additionally the following tag was passed: 1, 0.45999999999999996, 1.0, 0.169, 0.367, 1.0
Adding handler for unhandled exceptions ...
Initializing ... 
Instance recognized!
Parsing setting config ...
Parsing control config ...
Parsing instance ...
StatisticsFolder: Weighted2-Dp_[[1, 0.45999999999999996, 1.0]]_2_[0.169, 0.367, 1.0].csv-4
Done!
