Executing ... 
 09:47:11 | >>> Warming up ...
 00:00:00 | >>> Warmup finished - starting simulation ...
 Realtime |   ETA    |  Sim.Time  | Progress | #Orders | #Bundles | Inv. | Distance | #Coll. |   Memory    
 00:00:00 |   n/a    | 0.00:00:00 |  0.00%   |    0    |    0     | 60%  |    0     |   0    | 169.35MB  
 00:00:01 | Cannot generate further orders - suspending generation for now
 00:00:01 | Cannot generate further orders - suspending generation for now
 00:00:01 | Cannot generate further orders - suspending generation for now
 00:00:01 | Cannot generate further orders - suspending generation for now
 00:00:01 | Cannot generate further orders - suspending generation for now
 00:00:01 | Cannot generate further orders - suspending generation for now
 00:00:01 | Cannot generate further orders - suspending generation for now
 00:00:01 | 00:00:00 | 0.00:30:00 | 100.00%  |   468   |    0     | 17%  |   5191   |   0    | 164.27MB  
 00:00:01 | >>> Simulation finished - writing results ...
 00:00:01 | >>> Results written
Simulation finished.
>>> Timings
StatTimingPathPlanningAverage: 0.00013738255528255528
StatTimingPathPlanningOverall: 0.1118294
StatTimingPathPlanningCount: 814
StatTimingTaskAllocationAverage: 0.002200395852534562
StatTimingTaskAllocationOverall: 0.47748589999999996
StatTimingTaskAllocationCount: 217
StatTimingItemStorageAverage: 1.3041979010494767E-06
StatTimingItemStorageOverall: 0.000869900000000001
StatTimingItemStorageCount: 667
StatTimingPodStorageAverage: 0.0018883757281553393
StatTimingPodStorageOverall: 0.19450269999999995
StatTimingPodStorageCount: 103
StatTimingReplenishmentBatchingAverage: 9.05E-06
StatTimingReplenishmentBatchingOverall: 1.81E-05
StatTimingReplenishmentBatchingCount: 2
StatTimingOrderBatchingAverage: 0.00012125668449197859
StatTimingOrderBatchingOverall: 0.09069999999999999
StatTimingOrderBatchingCount: 748
>>> Overall
StatOverallBundlesPlaced: 0
StatOverallItemsOrdered: 667
StatOverallOrdersPlaced: 422
StatOverallBundlesRejected: 0
StatOverallOrdersRejected: 0
StatOverallBundlesHandled: 0
StatOverallItemsHandled: 709
StatOverallLinesHandled: 670
StatOverallOrdersHandled: 468
StatOverallCollisions: 0
StatOverallDistanceTraveled: 5191.1494740092285
StatOverallDistanceEstimated: 5084
StatOverallAssignedTasks: 217
StatMaxMemoryUsed: 169,3515625
StatRealTimeUsed: 1.3231896
StatAverageTurnoverTime: 433.65991560154055
StatMedianTurnoverTime: 346.3591702631311
StatLowerQuartileTurnoverTime: 127.89639248535059
StatUpperQuartileTurnoverTime: 604.0442568616189
StatAverageThroughputTime: 84.92735102736647
StatMedianThroughputTime: 20.79842712474624
StatLowerQuartileThroughputTime: 13.029819610097547
StatUpperQuartileThroughputTime: 76.55111111111091

Marked tag finished after 1 tries!
.Fin. - SUCCESS
<<< Welcome to the RAWSimO CLI >>>
The time is: 06/13/2024 09:47:12
Starting RAWSimO wrapper with the following arguments:
Instance: ..\..\..\..\Material\Instances\0.Weighted30min Demand separate\Db\Weighted2.xinst
Setting: ..\..\..\..\Material\Instances\0.Weighted30min Demand separate\Db\Weighted2.xsett
ControlConfig: ..\..\..\..\Material\Instances\0.Weighted30min Demand separate\Db\Weighted2.xconf
StatisticsDir: ..\..\..\..\Material\Instances\0.Weighted30min Demand separate\Db
Seed: 2
Additionally the following tag was passed: 1, 1.295, 0.059, 0.118, 0.2, 1.0
Adding handler for unhandled exceptions ...
Initializing ... 
Instance recognized!
Parsing setting config ...
Parsing control config ...
Parsing instance ...
StatisticsFolder: Weighted2-Db_[[1, 1.295, 0.059]]_3_[0.118, 0.2, 1.0].csv-2
Done!
