Executing ... 
 14:01:39 | >>> Warming up ...
 00:00:00 | >>> Warmup finished - starting simulation ...
 Realtime |   ETA    |  Sim.Time  | Progress | #Orders | #Bundles | Inv. | Distance | #Coll. |   Memory    
 00:00:00 |   n/a    | 0.00:00:00 |  0.00%   |    0    |    0     | 60%  |    0     |   0    | 125.35MB  
 00:00:00 | Cannot generate further orders - suspending generation for now
 00:00:00 | Cannot generate further orders - suspending generation for now
 00:00:00 | Cannot generate further orders - suspending generation for now
 00:00:00 | Cannot generate further orders - suspending generation for now
 00:00:00 | Cannot generate further orders - suspending generation for now
 00:00:00 | Cannot generate further orders - suspending generation for now
 00:00:00 | Cannot generate further orders - suspending generation for now
 00:00:00 | Cannot generate further orders - suspending generation for now
 00:00:00 | Cannot generate further orders - suspending generation for now
 00:00:00 | Cannot generate further orders - suspending generation for now
 00:00:00 | Cannot generate further orders - suspending generation for now
 00:00:00 | Cannot generate further orders - suspending generation for now
 00:00:00 | 00:00:00 | 0.00:30:00 | 100.00%  |   492   |    0     | 15%  |   4968   |   0    | 120.78MB  
 00:00:00 | >>> Simulation finished - writing results ...
 00:00:01 | >>> Results written
Simulation finished.
>>> Timings
StatTimingPathPlanningAverage: 8.051581508515814E-05
StatTimingPathPlanningOverall: 0.06618399999999999
StatTimingPathPlanningCount: 822
StatTimingTaskAllocationAverage: 0.001712547342995169
StatTimingTaskAllocationOverall: 0.35449729999999996
StatTimingTaskAllocationCount: 207
StatTimingItemStorageAverage: 8.982573726541591E-07
StatTimingItemStorageOverall: 0.0006701000000000027
StatTimingItemStorageCount: 746
StatTimingPodStorageAverage: 0.0014000295918367351
StatTimingPodStorageOverall: 0.13720290000000004
StatTimingPodStorageCount: 98
StatTimingReplenishmentBatchingAverage: 1.58E-05
StatTimingReplenishmentBatchingOverall: 3.16E-05
StatTimingReplenishmentBatchingCount: 2
StatTimingOrderBatchingAverage: 8.021182519280204E-05
StatTimingOrderBatchingOverall: 0.06240479999999999
StatTimingOrderBatchingCount: 778
>>> Overall
StatOverallBundlesPlaced: 0
StatOverallItemsOrdered: 662
StatOverallOrdersPlaced: 424
StatOverallBundlesRejected: 0
StatOverallOrdersRejected: 0
StatOverallBundlesHandled: 0
StatOverallItemsHandled: 757
StatOverallLinesHandled: 717
StatOverallOrdersHandled: 492
StatOverallCollisions: 0
StatOverallDistanceTraveled: 4967.505076209387
StatOverallDistanceEstimated: 4818
StatOverallAssignedTasks: 207
StatMaxMemoryUsed: 125,66015625
StatRealTimeUsed: 0.94944
StatAverageTurnoverTime: 440.71849628295377
StatMedianTurnoverTime: 258.2080519590975
StatLowerQuartileTurnoverTime: 112.0389826803032
StatUpperQuartileTurnoverTime: 629.5023160136365
StatAverageThroughputTime: 89.41544650889796
StatMedianThroughputTime: 23.008982680301784
StatLowerQuartileThroughputTime: 13.15379509747595
StatUpperQuartileThroughputTime: 80.00833333333316

Marked tag finished after 1 tries!
.Fin. - SUCCESS
<<< Welcome to the RAWSimO CLI >>>
The time is: 06/07/2024 14:01:40
Starting RAWSimO wrapper with the following arguments:
Instance: ..\..\..\..\Material\Instances\0.Weighted30min Demand separate\Dc\Weighted2.xinst
Setting: ..\..\..\..\Material\Instances\0.Weighted30min Demand separate\Dc\Weighted2.xsett
ControlConfig: ..\..\..\..\Material\Instances\0.Weighted30min Demand separate\Dc\Weighted2.xconf
StatisticsDir: ..\..\..\..\Material\Instances\0.Weighted30min Demand separate\Dc
Seed: 2
Additionally the following tag was passed: [[1, 6.087, 0.058]]
Adding handler for unhandled exceptions ...
Initializing ... 
Instance recognized!
Parsing setting config ...
Parsing control config ...
Parsing instance ...
StatisticsFolder: Weighted2-Dc_[[1, 6.087, 0.058]]_2.csv-2
Done!
