Executing ... 
 09:42:51 | >>> Warming up ...
 00:00:00 | >>> Warmup finished - starting simulation ...
 Realtime |   ETA    |  Sim.Time  | Progress | #Orders | #Bundles | Inv. | Distance | #Coll. |   Memory    
 00:00:00 |   n/a    | 0.00:00:00 |  0.00%   |    0    |    0     | 60%  |    0     |   0    |  96.68MB  
 00:00:01 | Cannot generate further orders - suspending generation for now
 00:00:01 | Cannot generate further orders - suspending generation for now
 00:00:01 | Cannot generate further orders - suspending generation for now
 00:00:01 | Cannot generate further orders - suspending generation for now
 00:00:01 | Cannot generate further orders - suspending generation for now
 00:00:01 | Cannot generate further orders - suspending generation for now
 00:00:01 | 00:00:00 | 0.00:30:00 | 100.00%  |   431   |    0     | 20%  |   5361   |   0    |  93.45MB  
 00:00:01 | >>> Simulation finished - writing results ...
 00:00:01 | >>> Results written
Simulation finished.
>>> Timings
StatTimingPathPlanningAverage: 0.00012301492704826057
StatTimingPathPlanningOverall: 0.10960630000000016
StatTimingPathPlanningCount: 891
StatTimingTaskAllocationAverage: 0.002811734234234233
StatTimingTaskAllocationOverall: 0.6242049999999997
StatTimingTaskAllocationCount: 222
StatTimingItemStorageAverage: 1.4653846153846122E-06
StatTimingItemStorageOverall: 0.0009524999999999979
StatTimingItemStorageCount: 650
StatTimingPodStorageAverage: 0.002192101886792453
StatTimingPodStorageOverall: 0.2323628
StatTimingPodStorageCount: 106
StatTimingReplenishmentBatchingAverage: 8.75E-06
StatTimingReplenishmentBatchingOverall: 1.75E-05
StatTimingReplenishmentBatchingCount: 2
StatTimingOrderBatchingAverage: 0.0001232709851551956
StatTimingOrderBatchingOverall: 0.09134379999999995
StatTimingOrderBatchingCount: 741
>>> Overall
StatOverallBundlesPlaced: 0
StatOverallItemsOrdered: 645
StatOverallOrdersPlaced: 400
StatOverallBundlesRejected: 0
StatOverallOrdersRejected: 0
StatOverallBundlesHandled: 0
StatOverallItemsHandled: 668
StatOverallLinesHandled: 632
StatOverallOrdersHandled: 431
StatOverallCollisions: 0
StatOverallDistanceTraveled: 5361.42190975194
StatOverallDistanceEstimated: 5218
StatOverallAssignedTasks: 222
StatMaxMemoryUsed: 96,6796875
StatRealTimeUsed: 1.4535843
StatAverageTurnoverTime: 498.8984181312354
StatMedianTurnoverTime: 395.19906927879197
StatLowerQuartileTurnoverTime: 206.2146248343479
StatUpperQuartileTurnoverTime: 692.5726839863653
StatAverageThroughputTime: 100.02521753661883
StatMedianThroughputTime: 23.959538235857366
StatLowerQuartileThroughputTime: 14.349444444444316
StatUpperQuartileThroughputTime: 83.04277777777816

Marked tag finished after 1 tries!
.Fin. - SUCCESS
<<< Welcome to the RAWSimO CLI >>>
The time is: 06/13/2024 09:42:53
Starting RAWSimO wrapper with the following arguments:
Instance: ..\..\..\..\Material\Instances\0.Weighted30min Demand separate\Db\Weighted2.xinst
Setting: ..\..\..\..\Material\Instances\0.Weighted30min Demand separate\Db\Weighted2.xsett
ControlConfig: ..\..\..\..\Material\Instances\0.Weighted30min Demand separate\Db\Weighted2.xconf
StatisticsDir: ..\..\..\..\Material\Instances\0.Weighted30min Demand separate\Db
Seed: 1
Additionally the following tag was passed: 1, 0.3062, 0.059, 0.09, 0.295, 1.0
Adding handler for unhandled exceptions ...
Initializing ... 
Instance recognized!
Parsing setting config ...
Parsing control config ...
Parsing instance ...
StatisticsFolder: Weighted2-Db_[[1, 0.3062, 0.059]]_1_[0.09, 0.295, 1.0].csv-1
Done!
