Executing ... 
 16:48:18 | >>> Warming up ...
 00:00:00 | >>> Warmup finished - starting simulation ...
 Realtime |   ETA    |  Sim.Time  | Progress | #Orders | #Bundles | Inv. | Distance | #Coll. |   Memory    
 00:00:00 |   n/a    | 0.00:00:00 |  0.00%   |    0    |    0     | 60%  |    0     |   0    | 100.18MB  
 00:00:00 | Cannot generate further orders - suspending generation for now
 00:00:00 | Cannot generate further orders - suspending generation for now
 00:00:00 | Cannot generate further orders - suspending generation for now
 00:00:00 | Cannot generate further orders - suspending generation for now
 00:00:00 | Cannot generate further orders - suspending generation for now
 00:00:00 | Cannot generate further orders - suspending generation for now
 00:00:00 | Cannot generate further orders - suspending generation for now
 00:00:00 | Cannot generate further orders - suspending generation for now
 00:00:00 | Cannot generate further orders - suspending generation for now
 00:00:01 | Cannot generate further orders - suspending generation for now
 00:00:01 | 00:00:00 | 0.00:30:00 | 100.00%  |   503   |    0     | 13%  |   4789   |   0    |  96.73MB  
 00:00:01 | >>> Simulation finished - writing results ...
 00:00:01 | >>> Results written
Simulation finished.
>>> Timings
StatTimingPathPlanningAverage: 9.680289672544084E-05
StatTimingPathPlanningOverall: 0.07686150000000003
StatTimingPathPlanningCount: 794
StatTimingTaskAllocationAverage: 0.0019361328358208966
StatTimingTaskAllocationOverall: 0.3891627000000002
StatTimingTaskAllocationCount: 201
StatTimingItemStorageAverage: 1.073071895424838E-06
StatTimingItemStorageOverall: 0.000820900000000001
StatTimingItemStorageCount: 765
StatTimingPodStorageAverage: 0.0017602802083333338
StatTimingPodStorageOverall: 0.16898690000000005
StatTimingPodStorageCount: 96
StatTimingReplenishmentBatchingAverage: 7.4E-06
StatTimingReplenishmentBatchingOverall: 1.48E-05
StatTimingReplenishmentBatchingCount: 2
StatTimingOrderBatchingAverage: 9.497153465346525E-05
StatTimingOrderBatchingOverall: 0.07673699999999993
StatTimingOrderBatchingCount: 808
>>> Overall
StatOverallBundlesPlaced: 0
StatOverallItemsOrdered: 657
StatOverallOrdersPlaced: 417
StatOverallBundlesRejected: 0
StatOverallOrdersRejected: 0
StatOverallBundlesHandled: 0
StatOverallItemsHandled: 789
StatOverallLinesHandled: 747
StatOverallOrdersHandled: 503
StatOverallCollisions: 0
StatOverallDistanceTraveled: 4788.708819316274
StatOverallDistanceEstimated: 4708
StatOverallAssignedTasks: 201
StatMaxMemoryUsed: 99,87890625
StatRealTimeUsed: 1.0355968
StatAverageTurnoverTime: 470.1535383843261
StatMedianTurnoverTime: 298.2869480409051
StatLowerQuartileTurnoverTime: 137.35722222222228
StatUpperQuartileTurnoverTime: 636.3023232065566
StatAverageThroughputTime: 95.16013521841138
StatMedianThroughputTime: 28.75342712474628
StatLowerQuartileThroughputTime: 16.980093791412855
StatUpperQuartileThroughputTime: 81.09287156919069

Marked tag finished after 1 tries!
.Fin. - SUCCESS
<<< Welcome to the RAWSimO CLI >>>
The time is: 06/03/2024 16:48:20
Starting RAWSimO wrapper with the following arguments:
Instance: ..\..\..\..\Material\Instances\0.Weighted30min\Weighted2.xinst
Setting: ..\..\..\..\Material\Instances\0.Weighted30min\Weighted2.xsett
ControlConfig: ..\..\..\..\Material\Instances\0.Weighted30min\Weighted2.xconf
StatisticsDir: ..\..\..\..\Material\Instances\0.Weighted30min
Seed: 2
Additionally the following tag was passed: Ddwhigh
Adding handler for unhandled exceptions ...
Initializing ... 
Instance recognized!
Parsing setting config ...
Parsing control config ...
Parsing instance ...
StatisticsFolder: Weighted2-Dd_whigh_2.csv-2
Done!
