Executing ... 
 09:59:02 | >>> Warming up ...
 00:00:00 | >>> Warmup finished - starting simulation ...
 Realtime |   ETA    |  Sim.Time  | Progress | #Orders | #Bundles | Inv. | Distance | #Coll. |   Memory    
 00:00:00 |   n/a    | 0.00:00:00 |  0.00%   |    0    |    0     | 60%  |    0     |   0    | 109.18MB  
 00:00:00 | Cannot generate further orders - suspending generation for now
 00:00:00 | Cannot generate further orders - suspending generation for now
 00:00:00 | Cannot generate further orders - suspending generation for now
 00:00:00 | Cannot generate further orders - suspending generation for now
 00:00:01 | Cannot generate further orders - suspending generation for now
 00:00:01 | Cannot generate further orders - suspending generation for now
 00:00:01 | Cannot generate further orders - suspending generation for now
 00:00:01 | Cannot generate further orders - suspending generation for now
 00:00:01 | Cannot generate further orders - suspending generation for now
 00:00:01 | Cannot generate further orders - suspending generation for now
 00:00:01 | Cannot generate further orders - suspending generation for now
 00:00:01 | 00:00:00 | 0.00:30:00 | 100.00%  |   493   |    0     | 14%  |   4860   |   0    | 104.38MB  
 00:00:01 | >>> Simulation finished - writing results ...
 00:00:01 | >>> Results written
Simulation finished.
>>> Timings
StatTimingPathPlanningAverage: 0.00011358531889290015
StatTimingPathPlanningOverall: 0.09438940000000003
StatTimingPathPlanningCount: 831
StatTimingTaskAllocationAverage: 0.002071295609756097
StatTimingTaskAllocationOverall: 0.42461559999999987
StatTimingTaskAllocationCount: 205
StatTimingItemStorageAverage: 1.1208053691275191E-06
StatTimingItemStorageOverall: 0.0008350000000000018
StatTimingItemStorageCount: 745
StatTimingPodStorageAverage: 0.0018376122448979589
StatTimingPodStorageOverall: 0.18008599999999997
StatTimingPodStorageCount: 98
StatTimingReplenishmentBatchingAverage: 7.7E-06
StatTimingReplenishmentBatchingOverall: 1.54E-05
StatTimingReplenishmentBatchingCount: 2
StatTimingOrderBatchingAverage: 0.00010696218592964807
StatTimingOrderBatchingOverall: 0.08514189999999987
StatTimingOrderBatchingCount: 796
>>> Overall
StatOverallBundlesPlaced: 0
StatOverallItemsOrdered: 647
StatOverallOrdersPlaced: 410
StatOverallBundlesRejected: 0
StatOverallOrdersRejected: 0
StatOverallBundlesHandled: 0
StatOverallItemsHandled: 772
StatOverallLinesHandled: 730
StatOverallOrdersHandled: 493
StatOverallCollisions: 0
StatOverallDistanceTraveled: 4860.31144500689
StatOverallDistanceEstimated: 4725
StatOverallAssignedTasks: 205
StatMaxMemoryUsed: 109,17578125
StatRealTimeUsed: 1.2067707
StatAverageTurnoverTime: 464.54798736793674
StatMedianTurnoverTime: 294.49370849898423
StatLowerQuartileTurnoverTime: 140.64453823585737
StatUpperQuartileTurnoverTime: 696.6157503313025
StatAverageThroughputTime: 92.49052710443048
StatMedianThroughputTime: 23.943888888888935
StatLowerQuartileThroughputTime: 16.133333333333297
StatUpperQuartileThroughputTime: 73.47852091616437

Marked tag finished after 1 tries!
.Fin. - SUCCESS
<<< Welcome to the RAWSimO CLI >>>
The time is: 06/13/2024 09:59:03
Starting RAWSimO wrapper with the following arguments:
Instance: ..\..\..\..\Material\Instances\0.Weighted30min Demand separate\Dd\Weighted2.xinst
Setting: ..\..\..\..\Material\Instances\0.Weighted30min Demand separate\Dd\Weighted2.xsett
ControlConfig: ..\..\..\..\Material\Instances\0.Weighted30min Demand separate\Dd\Weighted2.xconf
StatisticsDir: ..\..\..\..\Material\Instances\0.Weighted30min Demand separate\Dd
Seed: 2
Additionally the following tag was passed: 1, 0.79, 0.54, 0.2, 0.333, 0.5
Adding handler for unhandled exceptions ...
Initializing ... 
Instance recognized!
Parsing setting config ...
Parsing control config ...
Parsing instance ...
StatisticsFolder: Weighted2-Dd_[[1, 0.79, 0.54]]_1_[0.2, 0.333, 0.5].csv-2
Done!
