Executing ... 
 19:19:30 | >>> Warming up ...
 00:00:00 | >>> Warmup finished - starting simulation ...
 Realtime |   ETA    |  Sim.Time  | Progress | #Orders | #Bundles | Inv. | Distance | #Coll. |   Memory    
 00:00:00 |   n/a    | 0.00:00:00 |  0.00%   |    0    |    0     | 60%  |    0     |   0    | 105.71MB  
 00:00:00 | Cannot generate further orders - suspending generation for now
 00:00:00 | Cannot generate further orders - suspending generation for now
 00:00:00 | Cannot generate further orders - suspending generation for now
 00:00:00 | Cannot generate further orders - suspending generation for now
 00:00:00 | Cannot generate further orders - suspending generation for now
 00:00:00 | Cannot generate further orders - suspending generation for now
 00:00:00 | Cannot generate further orders - suspending generation for now
 00:00:00 | Cannot generate further orders - suspending generation for now
 00:00:00 | Cannot generate further orders - suspending generation for now
 00:00:00 | Cannot generate further orders - suspending generation for now
 00:00:00 | 00:00:00 | 0.00:30:00 | 100.00%  |   484   |    0     | 16%  |   5003   |   0    | 108.18MB  
 00:00:00 | >>> Simulation finished - writing results ...
 00:00:01 | >>> Results written
Simulation finished.
>>> Timings
StatTimingPathPlanningAverage: 8.387343173431737E-05
StatTimingPathPlanningOverall: 0.06818910000000002
StatTimingPathPlanningCount: 813
StatTimingTaskAllocationAverage: 0.0017500601851851835
StatTimingTaskAllocationOverall: 0.37801299999999965
StatTimingTaskAllocationCount: 216
StatTimingItemStorageAverage: 1.0826760563380303E-06
StatTimingItemStorageOverall: 0.0007687000000000015
StatTimingItemStorageCount: 710
StatTimingPodStorageAverage: 0.0016486196078431363
StatTimingPodStorageOverall: 0.1681591999999999
StatTimingPodStorageCount: 102
StatTimingReplenishmentBatchingAverage: 1.1550000000000001E-05
StatTimingReplenishmentBatchingOverall: 2.3100000000000002E-05
StatTimingReplenishmentBatchingCount: 2
StatTimingOrderBatchingAverage: 8.465707070707066E-05
StatTimingOrderBatchingOverall: 0.06704839999999997
StatTimingOrderBatchingCount: 792
>>> Overall
StatOverallBundlesPlaced: 0
StatOverallItemsOrdered: 661
StatOverallOrdersPlaced: 422
StatOverallBundlesRejected: 0
StatOverallOrdersRejected: 0
StatOverallBundlesHandled: 0
StatOverallItemsHandled: 735
StatOverallLinesHandled: 690
StatOverallOrdersHandled: 484
StatOverallCollisions: 0
StatOverallDistanceTraveled: 5002.800475753856
StatOverallDistanceEstimated: 4930
StatOverallAssignedTasks: 216
StatMaxMemoryUsed: 111,27734375
StatRealTimeUsed: 0.9666747
StatAverageTurnoverTime: 418.7182573084743
StatMedianTurnoverTime: 298.77611111111423
StatLowerQuartileTurnoverTime: 125.20287156919028
StatUpperQuartileTurnoverTime: 577.1533405262549
StatAverageThroughputTime: 83.74522017468746
StatMedianThroughputTime: 23.43231601363516
StatLowerQuartileThroughputTime: 13.032222222222344
StatUpperQuartileThroughputTime: 76.77731601363485

Marked tag finished after 1 tries!
.Fin. - SUCCESS
<<< Welcome to the RAWSimO CLI >>>
The time is: 06/25/2024 19:19:32
Starting RAWSimO wrapper with the following arguments:
Instance: ..\..\..\..\Material\Instances\10.Weighted30min Demand Gall\Dp\Weighted2.xinst
Setting: ..\..\..\..\Material\Instances\10.Weighted30min Demand Gall\Dp\Weighted2.xsett
ControlConfig: ..\..\..\..\Material\Instances\10.Weighted30min Demand Gall\Dp\Weighted2.xconf
StatisticsDir: ..\..\..\..\Material\Instances\10.Weighted30min Demand Gall\Dp
Seed: 1
Additionally the following tag was passed: 1, 0.01, 1.0, 0.113, 0.667, 1.0
Adding handler for unhandled exceptions ...
Initializing ... 
Instance recognized!
Parsing setting config ...
Parsing control config ...
Parsing instance ...
StatisticsFolder: Weighted2-Dp_[[1, 0.01, 1.0]]_2_[0.113, 0.667, 1.0].csv-1
Done!
