Executing ... 
 16:32:33 | >>> Warming up ...
 00:00:00 | >>> Warmup finished - starting simulation ...
 Realtime |   ETA    |  Sim.Time  | Progress | #Orders | #Bundles | Inv. | Distance | #Coll. |   Memory    
 00:00:00 |   n/a    | 0.00:00:00 |  0.00%   |    0    |    0     | 83%  |    0     |   0    |  94.85MB  
 00:00:00 | Reactivating bundle generation paused by inventory+reserved+backlog level (currently at: 0.6491666666666667)
 00:00:00 | Cannot generate further orders - suspending generation for now
 00:00:00 | Cannot generate further orders - suspending generation for now
 00:00:00 | Cannot generate further orders - suspending generation for now
 00:00:00 | 00:00:00 | 0.00:30:00 | 100.00%  |   334   |    0     | 40%  |   2254   |   0    |  93.14MB  
 00:00:00 | >>> Simulation finished - writing results ...
 00:00:00 | >>> Results written
Simulation finished.
>>> Timings
StatTimingPathPlanningAverage: 8.362632850241546E-05
StatTimingPathPlanningOverall: 0.0346213
StatTimingPathPlanningCount: 414
StatTimingTaskAllocationAverage: 0.0010638424050632906
StatTimingTaskAllocationOverall: 0.1680870999999999
StatTimingTaskAllocationCount: 158
StatTimingItemStorageAverage: 1.2046692607003882E-06
StatTimingItemStorageOverall: 0.0006191999999999995
StatTimingItemStorageCount: 514
StatTimingPodStorageAverage: 0.001765566666666667
StatTimingPodStorageOverall: 0.07415380000000002
StatTimingPodStorageCount: 42
StatTimingReplenishmentBatchingAverage: 7.000000000000001E-06
StatTimingReplenishmentBatchingOverall: 2.8000000000000003E-05
StatTimingReplenishmentBatchingCount: 4
StatTimingOrderBatchingAverage: 0.0001005463295269169
StatTimingOrderBatchingOverall: 0.061634900000000055
StatTimingOrderBatchingCount: 613
>>> Overall
StatOverallBundlesPlaced: 180
StatOverallItemsOrdered: 543
StatOverallOrdersPlaced: 353
StatOverallBundlesRejected: 0
StatOverallOrdersRejected: 0
StatOverallBundlesHandled: 0
StatOverallItemsHandled: 517
StatOverallLinesHandled: 486
StatOverallOrdersHandled: 334
StatOverallCollisions: 0
StatOverallDistanceTraveled: 2254.289025979543
StatOverallDistanceEstimated: 2197
StatOverallAssignedTasks: 158
StatMaxMemoryUsed: 94,84765625
StatRealTimeUsed: 0.6948149
StatAverageTurnoverTime: 547.6902420018056
StatMedianTurnoverTime: 400.88037516565146
StatLowerQuartileTurnoverTime: 210.97999999999934
StatUpperQuartileTurnoverTime: 778.1677849706997
StatAverageThroughputTime: 158.43238354381663
StatMedianThroughputTime: 111.92333333333337
StatLowerQuartileThroughputTime: 51.58055555555711
StatUpperQuartileThroughputTime: 204.32990620858698

Marked tag finished after 1 tries!
.Fin. - SUCCESS
<<< Welcome to the RAWSimO CLI >>>
The time is: 06/03/2024 16:32:34
Starting RAWSimO wrapper with the following arguments:
Instance: ..\..\..\..\Material\Instances\0.Weighted30min\Weighted2.xinst
Setting: ..\..\..\..\Material\Instances\0.Weighted30min\WeightedScenario.xsett
ControlConfig: ..\..\..\..\Material\Instances\0.Weighted30min\WeightedScenario.xconf
StatisticsDir: ..\..\..\..\Material\Instances\0.Weighted30min
Seed: 1
Additionally the following tag was passed: Dewlow
Adding handler for unhandled exceptions ...
Initializing ... 
Instance recognized!
Parsing setting config ...
Parsing control config ...
Parsing instance ...
StatisticsFolder: WeightedScenario-De_wlow_1.csv-1
Done!
