Executing ... 
 09:43:06 | >>> Warming up ...
 00:00:00 | >>> Warmup finished - starting simulation ...
 Realtime |   ETA    |  Sim.Time  | Progress | #Orders | #Bundles | Inv. | Distance | #Coll. |   Memory    
 00:00:00 |   n/a    | 0.00:00:00 |  0.00%   |    0    |    0     | 60%  |    0     |   0    | 147.79MB  
 00:00:01 | Cannot generate further orders - suspending generation for now
 00:00:01 | Cannot generate further orders - suspending generation for now
 00:00:01 | Cannot generate further orders - suspending generation for now
 00:00:01 | Cannot generate further orders - suspending generation for now
 00:00:01 | Cannot generate further orders - suspending generation for now
 00:00:01 | Cannot generate further orders - suspending generation for now
 00:00:01 | 00:00:00 | 0.00:30:00 | 100.00%  |   420   |    0     | 21%  |   5441   |   0    | 143.01MB  
 00:00:01 | >>> Simulation finished - writing results ...
 00:00:01 | >>> Results written
Simulation finished.
>>> Timings
StatTimingPathPlanningAverage: 0.00012074817351598166
StatTimingPathPlanningOverall: 0.10577539999999994
StatTimingPathPlanningCount: 876
StatTimingTaskAllocationAverage: 0.0018422982832618034
StatTimingTaskAllocationOverall: 0.4292555000000002
StatTimingTaskAllocationCount: 233
StatTimingItemStorageAverage: 1.2743264659271002E-06
StatTimingItemStorageOverall: 0.0008041000000000002
StatTimingItemStorageCount: 631
StatTimingPodStorageAverage: 0.0016724750000000003
StatTimingPodStorageOverall: 0.18731720000000004
StatTimingPodStorageCount: 112
StatTimingReplenishmentBatchingAverage: 8E-06
StatTimingReplenishmentBatchingOverall: 1.6E-05
StatTimingReplenishmentBatchingCount: 2
StatTimingOrderBatchingAverage: 0.00011922320675105487
StatTimingOrderBatchingOverall: 0.08476770000000002
StatTimingOrderBatchingCount: 711
>>> Overall
StatOverallBundlesPlaced: 0
StatOverallItemsOrdered: 657
StatOverallOrdersPlaced: 410
StatOverallBundlesRejected: 0
StatOverallOrdersRejected: 0
StatOverallBundlesHandled: 0
StatOverallItemsHandled: 645
StatOverallLinesHandled: 610
StatOverallOrdersHandled: 420
StatOverallCollisions: 0
StatOverallDistanceTraveled: 5440.754967631832
StatOverallDistanceEstimated: 5298
StatOverallAssignedTasks: 233
StatMaxMemoryUsed: 147,78515625
StatRealTimeUsed: 1.1837935
StatAverageTurnoverTime: 529.1570219813461
StatMedianTurnoverTime: 428.21000000000004
StatLowerQuartileTurnoverTime: 176.88694804090574
StatUpperQuartileTurnoverTime: 777.221464697993
StatAverageThroughputTime: 97.44229820335622
StatMedianThroughputTime: 20.440274181316795
StatLowerQuartileThroughputTime: 12.720000000000255
StatUpperQuartileThroughputTime: 81.82694804090525

Marked tag finished after 1 tries!
.Fin. - SUCCESS
<<< Welcome to the RAWSimO CLI >>>
The time is: 06/13/2024 09:43:07
Starting RAWSimO wrapper with the following arguments:
Instance: ..\..\..\..\Material\Instances\0.Weighted30min Demand separate\Db\Weighted2.xinst
Setting: ..\..\..\..\Material\Instances\0.Weighted30min Demand separate\Db\Weighted2.xsett
ControlConfig: ..\..\..\..\Material\Instances\0.Weighted30min Demand separate\Db\Weighted2.xconf
StatisticsDir: ..\..\..\..\Material\Instances\0.Weighted30min Demand separate\Db
Seed: 1
Additionally the following tag was passed: 1, 0.3062, 0.30400000000000005, 0.138, 0.455, 0.458
Adding handler for unhandled exceptions ...
Initializing ... 
Instance recognized!
Parsing setting config ...
Parsing control config ...
Parsing instance ...
StatisticsFolder: Weighted2-Db_[[1, 0.3062, 0.30400000000000005]]_1_[0.138, 0.455, 0.458].csv-1
Done!
