Executing ... 
 19:27:16 | >>> Warming up ...
 00:00:00 | >>> Warmup finished - starting simulation ...
 Realtime |   ETA    |  Sim.Time  | Progress | #Orders | #Bundles | Inv. | Distance | #Coll. |   Memory    
 00:00:00 |   n/a    | 0.00:00:00 |  0.00%   |    0    |    0     | 60%  |    0     |   0    |  77.63MB  
 00:00:00 | Cannot generate further orders - suspending generation for now
 00:00:00 | Cannot generate further orders - suspending generation for now
 00:00:00 | Cannot generate further orders - suspending generation for now
 00:00:00 | Cannot generate further orders - suspending generation for now
 00:00:00 | Cannot generate further orders - suspending generation for now
 00:00:00 | Cannot generate further orders - suspending generation for now
 00:00:00 | Cannot generate further orders - suspending generation for now
 00:00:00 | Cannot generate further orders - suspending generation for now
 00:00:00 | Cannot generate further orders - suspending generation for now
 00:00:00 | Cannot generate further orders - suspending generation for now
 00:00:00 | 00:00:00 | 0.00:30:00 | 100.00%  |   486   |    0     | 14%  |   4990   |   0    |  81.34MB  
 00:00:00 | >>> Simulation finished - writing results ...
 00:00:00 | >>> Results written
Simulation finished.
>>> Timings
StatTimingPathPlanningAverage: 8.24790784557908E-05
StatTimingPathPlanningOverall: 0.0662307
StatTimingPathPlanningCount: 803
StatTimingTaskAllocationAverage: 0.001736390430622009
StatTimingTaskAllocationOverall: 0.3629055999999999
StatTimingTaskAllocationCount: 209
StatTimingItemStorageAverage: 8.455661664392957E-07
StatTimingItemStorageOverall: 0.0006198000000000038
StatTimingItemStorageCount: 733
StatTimingPodStorageAverage: 0.001471356
StatTimingPodStorageOverall: 0.1471356
StatTimingPodStorageCount: 100
StatTimingReplenishmentBatchingAverage: 7.95E-06
StatTimingReplenishmentBatchingOverall: 1.59E-05
StatTimingReplenishmentBatchingCount: 2
StatTimingOrderBatchingAverage: 7.980363164721135E-05
StatTimingOrderBatchingOverall: 0.06152859999999995
StatTimingOrderBatchingCount: 771
>>> Overall
StatOverallBundlesPlaced: 0
StatOverallItemsOrdered: 659
StatOverallOrdersPlaced: 408
StatOverallBundlesRejected: 0
StatOverallOrdersRejected: 0
StatOverallBundlesHandled: 0
StatOverallItemsHandled: 762
StatOverallLinesHandled: 711
StatOverallOrdersHandled: 486
StatOverallCollisions: 0
StatOverallDistanceTraveled: 4989.802387862574
StatOverallDistanceEstimated: 4783
StatOverallAssignedTasks: 209
StatMaxMemoryUsed: 83,94921875
StatRealTimeUsed: 0.9116365
StatAverageTurnoverTime: 436.9813991882561
StatMedianTurnoverTime: 314.27147908384177
StatLowerQuartileTurnoverTime: 147.0480591520169
StatUpperQuartileTurnoverTime: 633.409076471714
StatAverageThroughputTime: 93.97305010578489
StatMedianThroughputTime: 24.341204902525078
StatLowerQuartileThroughputTime: 16.181760458079907
StatUpperQuartileThroughputTime: 82.14000000000078

Marked tag finished after 1 tries!
.Fin. - SUCCESS
<<< Welcome to the RAWSimO CLI >>>
The time is: 06/25/2024 19:27:17
Starting RAWSimO wrapper with the following arguments:
Instance: ..\..\..\..\Material\Instances\10.Weighted30min Demand Gall\Dr\Weighted2.xinst
Setting: ..\..\..\..\Material\Instances\10.Weighted30min Demand Gall\Dr\Weighted2.xsett
ControlConfig: ..\..\..\..\Material\Instances\10.Weighted30min Demand Gall\Dr\Weighted2.xconf
StatisticsDir: ..\..\..\..\Material\Instances\10.Weighted30min Demand Gall\Dr
Seed: 5
Additionally the following tag was passed: 1, 1.1663636363636365, 1.0, 0.207, 0.176, 1.0
Adding handler for unhandled exceptions ...
Initializing ... 
Instance recognized!
Parsing setting config ...
Parsing control config ...
Parsing instance ...
StatisticsFolder: Weighted2-Dr_[[1, 1.1663636363636365, 1.0]]_2_[0.207, 0.176, 1.0].csv-5
Done!
