Executing ... 
 19:21:25 | >>> Warming up ...
 00:00:00 | >>> Warmup finished - starting simulation ...
 Realtime |   ETA    |  Sim.Time  | Progress | #Orders | #Bundles | Inv. | Distance | #Coll. |   Memory    
 00:00:00 |   n/a    | 0.00:00:00 |  0.00%   |    0    |    0     | 60%  |    0     |   0    | 107.02MB  
 00:00:00 | Cannot generate further orders - suspending generation for now
 00:00:00 | Cannot generate further orders - suspending generation for now
 00:00:00 | Cannot generate further orders - suspending generation for now
 00:00:00 | Cannot generate further orders - suspending generation for now
 00:00:00 | Cannot generate further orders - suspending generation for now
 00:00:00 | Cannot generate further orders - suspending generation for now
 00:00:00 | Cannot generate further orders - suspending generation for now
 00:00:00 | Cannot generate further orders - suspending generation for now
 00:00:00 | Cannot generate further orders - suspending generation for now
 00:00:01 | Cannot generate further orders - suspending generation for now
 00:00:01 | 00:00:00 | 0.00:30:00 | 100.00%  |   476   |    0     | 15%  |   4944   |   0    | 109.67MB  
 00:00:01 | >>> Simulation finished - writing results ...
 00:00:01 | >>> Results written
Simulation finished.
>>> Timings
StatTimingPathPlanningAverage: 0.00011285276381909537
StatTimingPathPlanningOverall: 0.08983079999999992
StatTimingPathPlanningCount: 796
StatTimingTaskAllocationAverage: 0.0018970922705314024
StatTimingTaskAllocationOverall: 0.39269810000000027
StatTimingTaskAllocationCount: 207
StatTimingItemStorageAverage: 1.117127071823203E-06
StatTimingItemStorageOverall: 0.0008087999999999991
StatTimingItemStorageCount: 724
StatTimingPodStorageAverage: 0.0014991030303030302
StatTimingPodStorageOverall: 0.1484112
StatTimingPodStorageCount: 99
StatTimingReplenishmentBatchingAverage: 8.050000000000001E-06
StatTimingReplenishmentBatchingOverall: 1.6100000000000002E-05
StatTimingReplenishmentBatchingCount: 2
StatTimingOrderBatchingAverage: 9.438756544502606E-05
StatTimingOrderBatchingOverall: 0.07211209999999992
StatTimingOrderBatchingCount: 764
>>> Overall
StatOverallBundlesPlaced: 0
StatOverallItemsOrdered: 667
StatOverallOrdersPlaced: 415
StatOverallBundlesRejected: 0
StatOverallOrdersRejected: 0
StatOverallBundlesHandled: 0
StatOverallItemsHandled: 749
StatOverallLinesHandled: 709
StatOverallOrdersHandled: 476
StatOverallCollisions: 0
StatOverallDistanceTraveled: 4943.913673467903
StatOverallDistanceEstimated: 4812
StatOverallAssignedTasks: 207
StatMaxMemoryUsed: 112,32421875
StatRealTimeUsed: 1.0218899
StatAverageTurnoverTime: 478.58414823192766
StatMedianTurnoverTime: 361.8814718909209
StatLowerQuartileTurnoverTime: 185.24028137423824
StatUpperQuartileTurnoverTime: 675.2505627484768
StatAverageThroughputTime: 95.80849579215605
StatMedianThroughputTime: 27.62944444444463
StatLowerQuartileThroughputTime: 16.6095382358576
StatUpperQuartileThroughputTime: 92.89120490252402

Marked tag finished after 1 tries!
.Fin. - SUCCESS
<<< Welcome to the RAWSimO CLI >>>
The time is: 06/25/2024 19:21:26
Starting RAWSimO wrapper with the following arguments:
Instance: ..\..\..\..\Material\Instances\10.Weighted30min Demand Gall\Dp\Weighted2.xinst
Setting: ..\..\..\..\Material\Instances\10.Weighted30min Demand Gall\Dp\Weighted2.xsett
ControlConfig: ..\..\..\..\Material\Instances\10.Weighted30min Demand Gall\Dp\Weighted2.xconf
StatisticsDir: ..\..\..\..\Material\Instances\10.Weighted30min Demand Gall\Dp
Seed: 4
Additionally the following tag was passed: 1, 0.45999999999999996, 1.0, 0.169, 0.367, 1.0
Adding handler for unhandled exceptions ...
Initializing ... 
Instance recognized!
Parsing setting config ...
Parsing control config ...
Parsing instance ...
StatisticsFolder: Weighted2-Dp_[[1, 0.45999999999999996, 1.0]]_1_[0.169, 0.367, 1.0].csv-4
Done!
