Executing ... 
 19:24:34 | >>> Warming up ...
 00:00:00 | >>> Warmup finished - starting simulation ...
 Realtime |   ETA    |  Sim.Time  | Progress | #Orders | #Bundles | Inv. | Distance | #Coll. |   Memory    
 00:00:00 |   n/a    | 0.00:00:00 |  0.00%   |    0    |    0     | 60%  |    0     |   0    | 128.61MB  
 00:00:00 | Cannot generate further orders - suspending generation for now
 00:00:00 | Cannot generate further orders - suspending generation for now
 00:00:00 | Cannot generate further orders - suspending generation for now
 00:00:01 | Cannot generate further orders - suspending generation for now
 00:00:01 | Cannot generate further orders - suspending generation for now
 00:00:01 | Cannot generate further orders - suspending generation for now
 00:00:01 | Cannot generate further orders - suspending generation for now
 00:00:01 | Cannot generate further orders - suspending generation for now
 00:00:01 | Cannot generate further orders - suspending generation for now
 00:00:01 | Cannot generate further orders - suspending generation for now
 00:00:01 | 00:00:00 | 0.00:30:00 | 100.00%  |   496   |    0     | 14%  |   5009   |   0    | 126.53MB  
 00:00:01 | >>> Simulation finished - writing results ...
 00:00:01 | >>> Results written
Simulation finished.
>>> Timings
StatTimingPathPlanningAverage: 0.00010557066014669938
StatTimingPathPlanningOverall: 0.0863568000000001
StatTimingPathPlanningCount: 818
StatTimingTaskAllocationAverage: 0.002030780660377361
StatTimingTaskAllocationOverall: 0.43052550000000056
StatTimingTaskAllocationCount: 212
StatTimingItemStorageAverage: 1.290534979423867E-06
StatTimingItemStorageOverall: 0.0009407999999999991
StatTimingItemStorageCount: 729
StatTimingPodStorageAverage: 0.0017558470588235288
StatTimingPodStorageOverall: 0.17909639999999993
StatTimingPodStorageCount: 102
StatTimingReplenishmentBatchingAverage: 8.200000000000001E-06
StatTimingReplenishmentBatchingOverall: 1.6400000000000002E-05
StatTimingReplenishmentBatchingCount: 2
StatTimingOrderBatchingAverage: 0.00011148383084577112
StatTimingOrderBatchingOverall: 0.08963299999999998
StatTimingOrderBatchingCount: 804
>>> Overall
StatOverallBundlesPlaced: 0
StatOverallItemsOrdered: 667
StatOverallOrdersPlaced: 425
StatOverallBundlesRejected: 0
StatOverallOrdersRejected: 0
StatOverallBundlesHandled: 0
StatOverallItemsHandled: 760
StatOverallLinesHandled: 714
StatOverallOrdersHandled: 496
StatOverallCollisions: 0
StatOverallDistanceTraveled: 5008.971277398554
StatOverallDistanceEstimated: 4874
StatOverallAssignedTasks: 212
StatMaxMemoryUsed: 128,609375
StatRealTimeUsed: 1.1675063
StatAverageTurnoverTime: 435.19987516412357
StatMedianTurnoverTime: 294.5357431383841
StatLowerQuartileTurnoverTime: 141.8913924853507
StatUpperQuartileTurnoverTime: 622.1031529434289
StatAverageThroughputTime: 88.05242579687659
StatMedianThroughputTime: 24.06277777777774
StatLowerQuartileThroughputTime: 16.014444444444393
StatUpperQuartileThroughputTime: 77.64972581868324

Marked tag finished after 1 tries!
.Fin. - SUCCESS
<<< Welcome to the RAWSimO CLI >>>
The time is: 06/25/2024 19:24:35
Starting RAWSimO wrapper with the following arguments:
Instance: ..\..\..\..\Material\Instances\10.Weighted30min Demand Gall\Dr\Weighted2.xinst
Setting: ..\..\..\..\Material\Instances\10.Weighted30min Demand Gall\Dr\Weighted2.xsett
ControlConfig: ..\..\..\..\Material\Instances\10.Weighted30min Demand Gall\Dr\Weighted2.xconf
StatisticsDir: ..\..\..\..\Material\Instances\10.Weighted30min Demand Gall\Dr
Seed: 6
Additionally the following tag was passed: 1, 0.01, 1.0, 0.118, 0.49, 1.0
Adding handler for unhandled exceptions ...
Initializing ... 
Instance recognized!
Parsing setting config ...
Parsing control config ...
Parsing instance ...
StatisticsFolder: Weighted2-Dr_[[1, 0.01, 1.0]]_3_[0.118, 0.49, 1.0].csv-6
Done!
