Executing ... 
 19:25:42 | >>> Warming up ...
 00:00:00 | >>> Warmup finished - starting simulation ...
 Realtime |   ETA    |  Sim.Time  | Progress | #Orders | #Bundles | Inv. | Distance | #Coll. |   Memory    
 00:00:00 |   n/a    | 0.00:00:00 |  0.00%   |    0    |    0     | 60%  |    0     |   0    | 144.15MB  
 00:00:00 | Cannot generate further orders - suspending generation for now
 00:00:00 | Cannot generate further orders - suspending generation for now
 00:00:00 | Cannot generate further orders - suspending generation for now
 00:00:00 | Cannot generate further orders - suspending generation for now
 00:00:00 | Cannot generate further orders - suspending generation for now
 00:00:00 | Cannot generate further orders - suspending generation for now
 00:00:00 | Cannot generate further orders - suspending generation for now
 00:00:00 | Cannot generate further orders - suspending generation for now
 00:00:00 | 00:00:00 | 0.00:30:00 | 100.00%  |   476   |    0     | 16%  |   5034   |   0    |  70.20MB  
 00:00:00 | >>> Simulation finished - writing results ...
 00:00:00 | >>> Results written
Simulation finished.
>>> Timings
StatTimingPathPlanningAverage: 7.733444444444444E-05
StatTimingPathPlanningOverall: 0.0626409
StatTimingPathPlanningCount: 810
StatTimingTaskAllocationAverage: 0.0017038483568075126
StatTimingTaskAllocationOverall: 0.3629197000000002
StatTimingTaskAllocationCount: 213
StatTimingItemStorageAverage: 8.613573407202263E-07
StatTimingItemStorageOverall: 0.0006219000000000034
StatTimingItemStorageCount: 722
StatTimingPodStorageAverage: 0.0014984107843137244
StatTimingPodStorageOverall: 0.1528378999999999
StatTimingPodStorageCount: 102
StatTimingReplenishmentBatchingAverage: 7E-06
StatTimingReplenishmentBatchingOverall: 1.4E-05
StatTimingReplenishmentBatchingCount: 2
StatTimingOrderBatchingAverage: 8.805316946959899E-05
StatTimingOrderBatchingOverall: 0.06806510000000002
StatTimingOrderBatchingCount: 773
>>> Overall
StatOverallBundlesPlaced: 0
StatOverallItemsOrdered: 667
StatOverallOrdersPlaced: 421
StatOverallBundlesRejected: 0
StatOverallOrdersRejected: 0
StatOverallBundlesHandled: 0
StatOverallItemsHandled: 736
StatOverallLinesHandled: 694
StatOverallOrdersHandled: 476
StatOverallCollisions: 0
StatOverallDistanceTraveled: 5033.7315113242885
StatOverallDistanceEstimated: 4911
StatOverallAssignedTasks: 213
StatMaxMemoryUsed: 145,875
StatRealTimeUsed: 0.9146232
StatAverageTurnoverTime: 475.34961098031
StatMedianTurnoverTime: 320.83518758282764
StatLowerQuartileTurnoverTime: 168.6613924853494
StatUpperQuartileTurnoverTime: 637.5991702631275
StatAverageThroughputTime: 98.74953907054515
StatMedianThroughputTime: 23.816204902523964
StatLowerQuartileThroughputTime: 12.840000000000003
StatUpperQuartileThroughputTime: 86.33222222222298

Marked tag finished after 1 tries!
.Fin. - SUCCESS
<<< Welcome to the RAWSimO CLI >>>
The time is: 06/25/2024 19:25:43
Starting RAWSimO wrapper with the following arguments:
Instance: ..\..\..\..\Material\Instances\10.Weighted30min Demand Gall\Dr\Weighted2.xinst
Setting: ..\..\..\..\Material\Instances\10.Weighted30min Demand Gall\Dr\Weighted2.xsett
ControlConfig: ..\..\..\..\Material\Instances\10.Weighted30min Demand Gall\Dr\Weighted2.xconf
StatisticsDir: ..\..\..\..\Material\Instances\10.Weighted30min Demand Gall\Dr
Seed: 2
Additionally the following tag was passed: 1, 0.5881818181818183, 1.0, 0.173, 0.295, 1.0
Adding handler for unhandled exceptions ...
Initializing ... 
Instance recognized!
Parsing setting config ...
Parsing control config ...
Parsing instance ...
StatisticsFolder: Weighted2-Dr_[[1, 0.5881818181818183, 1.0]]_1_[0.173, 0.295, 1.0].csv-2
Done!
