Executing ... 
 20:00:29 | >>> Warming up ...
 00:00:00 | >>> Warmup finished - starting simulation ...
 Realtime |   ETA    |  Sim.Time  | Progress | #Orders | #Bundles | Inv. | Distance | #Coll. |   Memory    
 00:00:00 |   n/a    | 0.00:00:00 |  0.00%   |    0    |    0     | 60%  |    0     |   0    |  78.06MB  
 00:00:01 | Cannot generate further orders - suspending generation for now
 00:00:01 | Cannot generate further orders - suspending generation for now
 00:00:01 | Cannot generate further orders - suspending generation for now
 00:00:01 | Cannot generate further orders - suspending generation for now
 00:00:01 | Cannot generate further orders - suspending generation for now
 00:00:01 | Cannot generate further orders - suspending generation for now
 00:00:01 | Cannot generate further orders - suspending generation for now
 00:00:01 | Cannot generate further orders - suspending generation for now
 00:00:01 | Cannot generate further orders - suspending generation for now
 00:00:01 | Cannot generate further orders - suspending generation for now
 00:00:01 | Cannot generate further orders - suspending generation for now
 00:00:01 | 00:00:00 | 0.00:30:00 | 100.00%  |   496   |    0     | 14%  |   4716   |   0    |  75.10MB  
 00:00:01 | >>> Simulation finished - writing results ...
 00:00:01 | >>> Results written
Simulation finished.
>>> Timings
StatTimingPathPlanningAverage: 0.00015725947630922698
StatTimingPathPlanningOverall: 0.12612210000000004
StatTimingPathPlanningCount: 802
StatTimingTaskAllocationAverage: 0.0025579015624999997
StatTimingTaskAllocationOverall: 0.4911170999999999
StatTimingTaskAllocationCount: 192
StatTimingItemStorageAverage: 1.8076923076923093E-06
StatTimingItemStorageOverall: 0.0013630000000000011
StatTimingItemStorageCount: 754
StatTimingPodStorageAverage: 0.0020224247311827945
StatTimingPodStorageOverall: 0.1880854999999999
StatTimingPodStorageCount: 93
StatTimingReplenishmentBatchingAverage: 1.035E-05
StatTimingReplenishmentBatchingOverall: 2.07E-05
StatTimingReplenishmentBatchingCount: 2
StatTimingOrderBatchingAverage: 0.00018457730769230762
StatTimingOrderBatchingOverall: 0.14397029999999994
StatTimingOrderBatchingCount: 780
>>> Overall
StatOverallBundlesPlaced: 0
StatOverallItemsOrdered: 646
StatOverallOrdersPlaced: 410
StatOverallBundlesRejected: 0
StatOverallOrdersRejected: 0
StatOverallBundlesHandled: 0
StatOverallItemsHandled: 772
StatOverallLinesHandled: 730
StatOverallOrdersHandled: 496
StatOverallCollisions: 0
StatOverallDistanceTraveled: 4716.2002424020675
StatOverallDistanceEstimated: 4640
StatOverallAssignedTasks: 192
StatMaxMemoryUsed: 78,03515625
StatRealTimeUsed: 1.4908678
StatAverageTurnoverTime: 464.16996625933365
StatMedianTurnoverTime: 326.30055555555634
StatLowerQuartileTurnoverTime: 148.76574313838125
StatUpperQuartileTurnoverTime: 602.6378787621184
StatAverageThroughputTime: 95.15397295170136
StatMedianThroughputTime: 28.118888888888932
StatLowerQuartileThroughputTime: 17.274444444444384
StatUpperQuartileThroughputTime: 95.73240980504897

Marked tag finished after 1 tries!
.Fin. - SUCCESS
<<< Welcome to the RAWSimO CLI >>>
The time is: 06/11/2024 20:00:30
Starting RAWSimO wrapper with the following arguments:
Instance: ..\..\..\..\Material\Instances\0.Weighted30min Demand separate\Df\Weighted2.xinst
Setting: ..\..\..\..\Material\Instances\0.Weighted30min Demand separate\Df\Weighted2.xsett
ControlConfig: ..\..\..\..\Material\Instances\0.Weighted30min Demand separate\Df\Weighted2.xconf
StatisticsDir: ..\..\..\..\Material\Instances\0.Weighted30min Demand separate\Df
Seed: 2
Additionally the following tag was passed: [[1, 0.38085714285714284, 0.068]]
Adding handler for unhandled exceptions ...
Initializing ... 
Instance recognized!
Parsing setting config ...
Parsing control config ...
Parsing instance ...
StatisticsFolder: Weighted2-Df_[[1, 0.38085714285714284, 0.068]]_2.csv-2
Done!
