Executing ... 
 16:21:06 | >>> Warming up ...
 00:00:00 | >>> Warmup finished - starting simulation ...
 Realtime |   ETA    |  Sim.Time  | Progress | #Orders | #Bundles | Inv. | Distance | #Coll. |   Memory    
 00:00:00 |   n/a    | 0.00:00:00 |  0.00%   |    0    |    0     | 83%  |    0     |   0    |  93.67MB  
 00:00:00 | Reactivating bundle generation paused by inventory+reserved+backlog level (currently at: 0.6491666666666667)
 00:00:00 | Cannot generate further orders - suspending generation for now
 00:00:00 | Cannot generate further orders - suspending generation for now
 00:00:00 | Cannot generate further orders - suspending generation for now
 00:00:00 | Cannot generate further orders - suspending generation for now
 00:00:00 | Cannot generate further orders - suspending generation for now
 00:00:00 | Cannot generate further orders - suspending generation for now
 00:00:00 | Cannot generate further orders - suspending generation for now
 00:00:00 | Cannot generate further orders - suspending generation for now
 00:00:00 | Cannot generate further orders - suspending generation for now
 00:00:00 | 00:00:00 | 0.00:30:00 | 100.00%  |   445   |    0     | 25%  |   5152   |   0    |  94.13MB  
 00:00:00 | >>> Simulation finished - writing results ...
 00:00:01 | >>> Results written
Simulation finished.
>>> Timings
StatTimingPathPlanningAverage: 9.322433090024338E-05
StatTimingPathPlanningOverall: 0.07663040000000006
StatTimingPathPlanningCount: 822
StatTimingTaskAllocationAverage: 0.0013008788461538459
StatTimingTaskAllocationOverall: 0.27058279999999996
StatTimingTaskAllocationCount: 208
StatTimingItemStorageAverage: 1.213517441860467E-06
StatTimingItemStorageOverall: 0.0008349000000000013
StatTimingItemStorageCount: 688
StatTimingPodStorageAverage: 0.0009765122448979591
StatTimingPodStorageOverall: 0.0956982
StatTimingPodStorageCount: 98
StatTimingReplenishmentBatchingAverage: 8.825000000000001E-06
StatTimingReplenishmentBatchingOverall: 3.5300000000000004E-05
StatTimingReplenishmentBatchingCount: 4
StatTimingOrderBatchingAverage: 0.000103082967032967
StatTimingOrderBatchingOverall: 0.07504439999999997
StatTimingOrderBatchingCount: 728
>>> Overall
StatOverallBundlesPlaced: 180
StatOverallItemsOrdered: 632
StatOverallOrdersPlaced: 400
StatOverallBundlesRejected: 0
StatOverallOrdersRejected: 0
StatOverallBundlesHandled: 0
StatOverallItemsHandled: 705
StatOverallLinesHandled: 663
StatOverallOrdersHandled: 445
StatOverallCollisions: 0
StatOverallDistanceTraveled: 5152.313390578545
StatOverallDistanceEstimated: 5007
StatOverallAssignedTasks: 208
StatMaxMemoryUsed: 94,12890625
StatRealTimeUsed: 0.9581155
StatAverageTurnoverTime: 482.80576154233376
StatMedianTurnoverTime: 317.0879653606026
StatLowerQuartileTurnoverTime: 101.35055555555527
StatUpperQuartileTurnoverTime: 710.0291702631267
StatAverageThroughputTime: 99.62892387624768
StatMedianThroughputTime: 29.556760458079452
StatLowerQuartileThroughputTime: 15.759444444444398
StatUpperQuartileThroughputTime: 81.32176045808

Marked tag finished after 1 tries!
.Fin. - SUCCESS
<<< Welcome to the RAWSimO CLI >>>
The time is: 06/03/2024 16:21:07
Starting RAWSimO wrapper with the following arguments:
Instance: ..\..\..\..\Material\Instances\0.Weighted30min\Weighted6.xinst
Setting: ..\..\..\..\Material\Instances\0.Weighted30min\WeightedScenario.xsett
ControlConfig: ..\..\..\..\Material\Instances\0.Weighted30min\WeightedScenario.xconf
StatisticsDir: ..\..\..\..\Material\Instances\0.Weighted30min
Seed: 2
Additionally the following tag was passed: Dawhigh
Adding handler for unhandled exceptions ...
Initializing ... 
Instance recognized!
Parsing setting config ...
Parsing control config ...
Parsing instance ...
StatisticsFolder: WeightedScenario-Da_whigh_2.csv-2
Done!
