Executing ... 
 09:51:32 | >>> Warming up ...
 00:00:00 | >>> Warmup finished - starting simulation ...
 Realtime |   ETA    |  Sim.Time  | Progress | #Orders | #Bundles | Inv. | Distance | #Coll. |   Memory    
 00:00:00 |   n/a    | 0.00:00:00 |  0.00%   |    0    |    0     | 60%  |    0     |   0    | 127.33MB  
 00:00:00 | Cannot generate further orders - suspending generation for now
 00:00:00 | Cannot generate further orders - suspending generation for now
 00:00:00 | Cannot generate further orders - suspending generation for now
 00:00:00 | Cannot generate further orders - suspending generation for now
 00:00:00 | Cannot generate further orders - suspending generation for now
 00:00:00 | Cannot generate further orders - suspending generation for now
 00:00:00 | Cannot generate further orders - suspending generation for now
 00:00:00 | Cannot generate further orders - suspending generation for now
 00:00:00 | Cannot generate further orders - suspending generation for now
 00:00:00 | Cannot generate further orders - suspending generation for now
 00:00:00 | Cannot generate further orders - suspending generation for now
 00:00:01 | Cannot generate further orders - suspending generation for now
 00:00:01 | 00:00:00 | 0.00:30:00 | 100.00%  |   525   |    0     | 11%  |   4942   |   0    | 129.09MB  
 00:00:01 | >>> Simulation finished - writing results ...
 00:00:01 | >>> Results written
Simulation finished.
>>> Timings
StatTimingPathPlanningAverage: 0.00010157032679738563
StatTimingPathPlanningOverall: 0.0777013
StatTimingPathPlanningCount: 765
StatTimingTaskAllocationAverage: 0.0018954154228855726
StatTimingTaskAllocationOverall: 0.3809785000000001
StatTimingTaskAllocationCount: 201
StatTimingItemStorageAverage: 9.207207207207226E-07
StatTimingItemStorageOverall: 0.0007154000000000015
StatTimingItemStorageCount: 777
StatTimingPodStorageAverage: 0.0016413785714285722
StatTimingPodStorageOverall: 0.16085510000000008
StatTimingPodStorageCount: 98
StatTimingReplenishmentBatchingAverage: 1.4000000000000001E-05
StatTimingReplenishmentBatchingOverall: 2.8000000000000003E-05
StatTimingReplenishmentBatchingCount: 2
StatTimingOrderBatchingAverage: 9.204596577017114E-05
StatTimingOrderBatchingOverall: 0.07529359999999999
StatTimingOrderBatchingCount: 818
>>> Overall
StatOverallBundlesPlaced: 0
StatOverallItemsOrdered: 626
StatOverallOrdersPlaced: 408
StatOverallBundlesRejected: 0
StatOverallOrdersRejected: 0
StatOverallBundlesHandled: 0
StatOverallItemsHandled: 813
StatOverallLinesHandled: 776
StatOverallOrdersHandled: 525
StatOverallCollisions: 0
StatOverallDistanceTraveled: 4942.276185283671
StatOverallDistanceEstimated: 4791
StatOverallAssignedTasks: 201
StatMaxMemoryUsed: 131,328125
StatRealTimeUsed: 1.0400124
StatAverageTurnoverTime: 444.8877148463689
StatMedianTurnoverTime: 305.91898268030144
StatLowerQuartileTurnoverTime: 115.24852091616049
StatUpperQuartileTurnoverTime: 615.6914862767687
StatAverageThroughputTime: 84.96207411463683
StatMedianThroughputTime: 28.65388888888873
StatLowerQuartileThroughputTime: 16.75888888888892
StatUpperQuartileThroughputTime: 70.68194804090854

Marked tag finished after 1 tries!
.Fin. - SUCCESS
<<< Welcome to the RAWSimO CLI >>>
The time is: 06/13/2024 09:51:34
Starting RAWSimO wrapper with the following arguments:
Instance: ..\..\..\..\Material\Instances\0.Weighted30min Demand separate\Dc\Weighted2.xinst
Setting: ..\..\..\..\Material\Instances\0.Weighted30min Demand separate\Dc\Weighted2.xsett
ControlConfig: ..\..\..\..\Material\Instances\0.Weighted30min Demand separate\Dc\Weighted2.xconf
StatisticsDir: ..\..\..\..\Material\Instances\0.Weighted30min Demand separate\Dc
Seed: 3
Additionally the following tag was passed: 1, 3.6754, 0.7, 0.217, 0.143, 0.333
Adding handler for unhandled exceptions ...
Initializing ... 
Instance recognized!
Parsing setting config ...
Parsing control config ...
Parsing instance ...
StatisticsFolder: Weighted2-Dc_[[1, 3.6754, 0.7]]_1_[0.217, 0.143, 0.333].csv-3
Done!
