Executing ... 
 19:26:35 | >>> Warming up ...
 00:00:00 | >>> Warmup finished - starting simulation ...
 Realtime |   ETA    |  Sim.Time  | Progress | #Orders | #Bundles | Inv. | Distance | #Coll. |   Memory    
 00:00:00 |   n/a    | 0.00:00:00 |  0.00%   |    0    |    0     | 60%  |    0     |   0    | 160.37MB  
 00:00:00 | Cannot generate further orders - suspending generation for now
 00:00:00 | Cannot generate further orders - suspending generation for now
 00:00:00 | Cannot generate further orders - suspending generation for now
 00:00:00 | Cannot generate further orders - suspending generation for now
 00:00:00 | Cannot generate further orders - suspending generation for now
 00:00:00 | Cannot generate further orders - suspending generation for now
 00:00:00 | Cannot generate further orders - suspending generation for now
 00:00:00 | Cannot generate further orders - suspending generation for now
 00:00:00 | Cannot generate further orders - suspending generation for now
 00:00:00 | Cannot generate further orders - suspending generation for now
 00:00:00 | 00:00:00 | 0.00:30:00 | 100.00%  |   486   |    0     | 15%  |   4907   |   0    | 161.94MB  
 00:00:00 | >>> Simulation finished - writing results ...
 00:00:01 | >>> Results written
Simulation finished.
>>> Timings
StatTimingPathPlanningAverage: 8.0249453219927E-05
StatTimingPathPlanningOverall: 0.06604529999999992
StatTimingPathPlanningCount: 823
StatTimingTaskAllocationAverage: 0.0019228541062801955
StatTimingTaskAllocationOverall: 0.39803080000000046
StatTimingTaskAllocationCount: 207
StatTimingItemStorageAverage: 8.5784447476126E-07
StatTimingItemStorageOverall: 0.0006288000000000036
StatTimingItemStorageCount: 733
StatTimingPodStorageAverage: 0.0015044262626262618
StatTimingPodStorageOverall: 0.1489381999999999
StatTimingPodStorageCount: 99
StatTimingReplenishmentBatchingAverage: 7.5E-06
StatTimingReplenishmentBatchingOverall: 1.5E-05
StatTimingReplenishmentBatchingCount: 2
StatTimingOrderBatchingAverage: 7.715603448275871E-05
StatTimingOrderBatchingOverall: 0.06265070000000007
StatTimingOrderBatchingCount: 812
>>> Overall
StatOverallBundlesPlaced: 0
StatOverallItemsOrdered: 660
StatOverallOrdersPlaced: 422
StatOverallBundlesRejected: 0
StatOverallOrdersRejected: 0
StatOverallBundlesHandled: 0
StatOverallItemsHandled: 752
StatOverallLinesHandled: 707
StatOverallOrdersHandled: 486
StatOverallCollisions: 0
StatOverallDistanceTraveled: 4906.799164309949
StatOverallDistanceEstimated: 4771
StatOverallAssignedTasks: 207
StatMaxMemoryUsed: 161,9375
StatRealTimeUsed: 0.9498171
StatAverageTurnoverTime: 463.68892876308263
StatMedianTurnoverTime: 317.1579653606037
StatLowerQuartileTurnoverTime: 154.83917026312773
StatUpperQuartileTurnoverTime: 665.7038888888899
StatAverageThroughputTime: 87.41281792012526
StatMedianThroughputTime: 24.009444444444398
StatLowerQuartileThroughputTime: 15.980555555556066
StatUpperQuartileThroughputTime: 84.5905555555571

Marked tag finished after 1 tries!
.Fin. - SUCCESS
<<< Welcome to the RAWSimO CLI >>>
The time is: 06/25/2024 19:26:36
Starting RAWSimO wrapper with the following arguments:
Instance: ..\..\..\..\Material\Instances\10.Weighted30min Demand Gall\Dr\Weighted2.xinst
Setting: ..\..\..\..\Material\Instances\10.Weighted30min Demand Gall\Dr\Weighted2.xsett
ControlConfig: ..\..\..\..\Material\Instances\10.Weighted30min Demand Gall\Dr\Weighted2.xconf
StatisticsDir: ..\..\..\..\Material\Instances\10.Weighted30min Demand Gall\Dr
Seed: 6
Additionally the following tag was passed: 1, 0.8772727272727274, 1.0, 0.195, 0.219, 1.0
Adding handler for unhandled exceptions ...
Initializing ... 
Instance recognized!
Parsing setting config ...
Parsing control config ...
Parsing instance ...
StatisticsFolder: Weighted2-Dr_[[1, 0.8772727272727274, 1.0]]_2_[0.195, 0.219, 1.0].csv-6
Done!
