Executing ... 
 16:48:29 | >>> Warming up ...
 00:00:00 | >>> Warmup finished - starting simulation ...
 Realtime |   ETA    |  Sim.Time  | Progress | #Orders | #Bundles | Inv. | Distance | #Coll. |   Memory    
 00:00:00 |   n/a    | 0.00:00:00 |  0.00%   |    0    |    0     | 60%  |    0     |   0    | 113.52MB  
 00:00:00 | Cannot generate further orders - suspending generation for now
 00:00:00 | Cannot generate further orders - suspending generation for now
 00:00:00 | Cannot generate further orders - suspending generation for now
 00:00:00 | Cannot generate further orders - suspending generation for now
 00:00:00 | Cannot generate further orders - suspending generation for now
 00:00:00 | Cannot generate further orders - suspending generation for now
 00:00:00 | Cannot generate further orders - suspending generation for now
 00:00:00 | Cannot generate further orders - suspending generation for now
 00:00:00 | Cannot generate further orders - suspending generation for now
 00:00:00 | Cannot generate further orders - suspending generation for now
 00:00:00 | Pausing order generation due to inventory level (currently at: 0.0988095238095238)
 00:00:01 | 00:00:00 | 0.00:30:00 | 100.00%  |   571   |    0     |  5%  |   4526   |   0    | 109.21MB  
 00:00:01 | >>> Simulation finished - writing results ...
 00:00:01 | >>> Results written
Simulation finished.
>>> Timings
StatTimingPathPlanningAverage: 9.874409769335157E-05
StatTimingPathPlanningOverall: 0.0727744000000001
StatTimingPathPlanningCount: 737
StatTimingTaskAllocationAverage: 0.0023534840425531904
StatTimingTaskAllocationOverall: 0.44245499999999977
StatTimingTaskAllocationCount: 188
StatTimingItemStorageAverage: 9.527334851936206E-07
StatTimingItemStorageOverall: 0.0008364999999999989
StatTimingItemStorageCount: 878
StatTimingPodStorageAverage: 0.001990153932584269
StatTimingPodStorageOverall: 0.17712369999999994
StatTimingPodStorageCount: 89
StatTimingReplenishmentBatchingAverage: 1.625E-05
StatTimingReplenishmentBatchingOverall: 3.25E-05
StatTimingReplenishmentBatchingCount: 2
StatTimingOrderBatchingAverage: 9.669556354916066E-05
StatTimingOrderBatchingOverall: 0.0806441
StatTimingOrderBatchingCount: 834
>>> Overall
StatOverallBundlesPlaced: 0
StatOverallItemsOrdered: 629
StatOverallOrdersPlaced: 405
StatOverallBundlesRejected: 0
StatOverallOrdersRejected: 0
StatOverallBundlesHandled: 0
StatOverallItemsHandled: 910
StatOverallLinesHandled: 868
StatOverallOrdersHandled: 571
StatOverallCollisions: 0
StatOverallDistanceTraveled: 4526.40168416248
StatOverallDistanceEstimated: 4423
StatOverallAssignedTasks: 188
StatMaxMemoryUsed: 113,90234375
StatRealTimeUsed: 1.0868077
StatAverageTurnoverTime: 452.0832598535891
StatMedianTurnoverTime: 284.3687084989842
StatLowerQuartileTurnoverTime: 142.61082973687354
StatUpperQuartileTurnoverTime: 643.4421284308098
StatAverageThroughputTime: 79.81155495305673
StatMedianThroughputTime: 42.81323954191839
StatLowerQuartileThroughputTime: 24.515555555556375
StatUpperQuartileThroughputTime: 77.28722222222257

Marked tag finished after 1 tries!
.Fin. - SUCCESS
<<< Welcome to the RAWSimO CLI >>>
The time is: 06/03/2024 16:48:30
Starting RAWSimO wrapper with the following arguments:
Instance: ..\..\..\..\Material\Instances\0.Weighted30min\Weighted2.xinst
Setting: ..\..\..\..\Material\Instances\0.Weighted30min\Weighted2.xsett
ControlConfig: ..\..\..\..\Material\Instances\0.Weighted30min\Weighted2.xconf
StatisticsDir: ..\..\..\..\Material\Instances\0.Weighted30min
Seed: 2
Additionally the following tag was passed: Dewhigh
Adding handler for unhandled exceptions ...
Initializing ... 
Instance recognized!
Parsing setting config ...
Parsing control config ...
Parsing instance ...
StatisticsFolder: Weighted2-De_whigh_2.csv-2
Done!
