Executing ... 
 13:47:11 | >>> Warming up ...
 00:00:00 | >>> Warmup finished - starting simulation ...
 Realtime |   ETA    |  Sim.Time  | Progress | #Orders | #Bundles | Inv. | Distance | #Coll. |   Memory    
 00:00:00 |   n/a    | 0.00:00:00 |  0.00%   |    0    |    0     | 60%  |    0     |   0    |  89.72MB  
 00:00:00 | Cannot generate further orders - suspending generation for now
 00:00:00 | Cannot generate further orders - suspending generation for now
 00:00:00 | Cannot generate further orders - suspending generation for now
 00:00:00 | Cannot generate further orders - suspending generation for now
 00:00:00 | Cannot generate further orders - suspending generation for now
 00:00:00 | Cannot generate further orders - suspending generation for now
 00:00:00 | Cannot generate further orders - suspending generation for now
 00:00:00 | Cannot generate further orders - suspending generation for now
 00:00:01 | Cannot generate further orders - suspending generation for now
 00:00:01 | 00:00:00 | 0.00:30:00 | 100.00%  |   459   |    0     | 18%  |   5152   |   0    |  85.55MB  
 00:00:01 | >>> Simulation finished - writing results ...
 00:00:01 | >>> Results written
Simulation finished.
>>> Timings
StatTimingPathPlanningAverage: 8.497316784869981E-05
StatTimingPathPlanningOverall: 0.07188730000000004
StatTimingPathPlanningCount: 846
StatTimingTaskAllocationAverage: 0.001754335779816513
StatTimingTaskAllocationOverall: 0.3824451999999998
StatTimingTaskAllocationCount: 218
StatTimingItemStorageAverage: 1.029941002949855E-06
StatTimingItemStorageOverall: 0.0006983000000000017
StatTimingItemStorageCount: 678
StatTimingPodStorageAverage: 0.0016495304761904744
StatTimingPodStorageOverall: 0.17320069999999982
StatTimingPodStorageCount: 105
StatTimingReplenishmentBatchingAverage: 8.3E-06
StatTimingReplenishmentBatchingOverall: 1.66E-05
StatTimingReplenishmentBatchingCount: 2
StatTimingOrderBatchingAverage: 8.995776315789482E-05
StatTimingOrderBatchingOverall: 0.06836790000000006
StatTimingOrderBatchingCount: 760
>>> Overall
StatOverallBundlesPlaced: 0
StatOverallItemsOrdered: 666
StatOverallOrdersPlaced: 423
StatOverallBundlesRejected: 0
StatOverallOrdersRejected: 0
StatOverallBundlesHandled: 0
StatOverallItemsHandled: 699
StatOverallLinesHandled: 656
StatOverallOrdersHandled: 459
StatOverallCollisions: 0
StatOverallDistanceTraveled: 5152.251858618264
StatOverallDistanceEstimated: 5010
StatOverallAssignedTasks: 218
StatMaxMemoryUsed: 89,953125
StatRealTimeUsed: 1.0287812
StatAverageTurnoverTime: 471.3389128391944
StatMedianTurnoverTime: 368.1485209161592
StatLowerQuartileTurnoverTime: 145.6255555555556
StatUpperQuartileTurnoverTime: 650.6718542494926
StatAverageThroughputTime: 94.71167826633642
StatMedianThroughputTime: 21.38000000000011
StatLowerQuartileThroughputTime: 12.349805224252123
StatUpperQuartileThroughputTime: 84.91185424949276

Marked tag finished after 1 tries!
.Fin. - SUCCESS
<<< Welcome to the RAWSimO CLI >>>
The time is: 06/07/2024 13:47:12
Starting RAWSimO wrapper with the following arguments:
Instance: ..\..\..\..\Material\Instances\0.Weighted30min Demand separate\Df\Weighted2.xinst
Setting: ..\..\..\..\Material\Instances\0.Weighted30min Demand separate\Df\Weighted2.xsett
ControlConfig: ..\..\..\..\Material\Instances\0.Weighted30min Demand separate\Df\Weighted2.xconf
StatisticsDir: ..\..\..\..\Material\Instances\0.Weighted30min Demand separate\Df
Seed: 2
Additionally the following tag was passed: wr
Adding handler for unhandled exceptions ...
Initializing ... 
Instance recognized!
Parsing setting config ...
Parsing control config ...
Parsing instance ...
StatisticsFolder: Weighted2-Df_wr_1.csv-2
Done!
