Executing ... 
 16:51:49 | >>> Warming up ...
 00:00:00 | >>> Warmup finished - starting simulation ...
 Realtime |   ETA    |  Sim.Time  | Progress | #Orders | #Bundles | Inv. | Distance | #Coll. |   Memory    
 00:00:00 |   n/a    | 0.00:00:00 |  0.00%   |    0    |    0     | 97%  |    0     |   0    | 125.38MB  
 00:00:03 | Reactivating bundle generation paused by inventory+reserved+backlog level (currently at: 0.6494252873563219)
 00:00:03 | Pausing bundle generation due to inventory+reserved+backlog level (currently at: 0.8505747126436781)
 00:00:04 | Reactivating bundle generation paused by inventory+reserved+backlog level (currently at: 0.6494252873563219)
 00:00:04 | 00:01:11 | 0.00:31:28 |  6.56%   |   507   |    90    | 35%  |  14363   |   0    | 123.85MB  
 00:00:05 | Cannot generate further orders - suspending generation for now
 00:00:05 | Cannot generate further orders - suspending generation for now
 00:00:05 | Cannot generate further orders - suspending generation for now
 00:00:05 | Cannot generate further orders - suspending generation for now
 00:00:05 | Cannot generate further orders - suspending generation for now
 00:00:05 | Cannot generate further orders - suspending generation for now
 00:00:05 | Cannot generate further orders - suspending generation for now
 00:00:05 | Cannot generate further orders - suspending generation for now
 00:00:05 | Cannot generate further orders - suspending generation for now
 00:00:05 | Cannot generate further orders - suspending generation for now
 00:00:06 | Cannot generate further orders - suspending generation for now
 00:00:06 | Cannot generate further orders - suspending generation for now
 00:00:06 | Cannot generate further orders - suspending generation for now
 00:00:06 | Cannot generate further orders - suspending generation for now
 00:00:06 | Cannot generate further orders - suspending generation for now
 00:00:06 | Cannot generate further orders - suspending generation for now
 00:00:06 | Cannot generate further orders - suspending generation for now
 00:00:06 | Cannot generate further orders - suspending generation for now
 00:00:06 | Cannot generate further orders - suspending generation for now
 00:00:06 | Pausing order generation due to inventory level (currently at: 0.0960591133004926)
 00:00:10 | 00:00:18 | 0.02:45:38 |  34.51%  |   844   |   831    | 52%  |  43107   |   0    | 132.15MB  
 00:00:10 | Reactivating order generation paused by inventory level (currently at: 0.6001642036124795)
 00:00:12 | Cannot generate further orders - suspending generation for now
 00:00:12 | Cannot generate further orders - suspending generation for now
 00:00:12 | Cannot generate further orders - suspending generation for now
 00:00:12 | Cannot generate further orders - suspending generation for now
 00:00:12 | Cannot generate further orders - suspending generation for now
 00:00:12 | Cannot generate further orders - suspending generation for now
 00:00:12 | Cannot generate further orders - suspending generation for now
 00:00:12 | Cannot generate further orders - suspending generation for now
 00:00:12 | Cannot generate further orders - suspending generation for now
 00:00:12 | Cannot generate further orders - suspending generation for now
 00:00:12 | Cannot generate further orders - suspending generation for now
 00:00:13 | Cannot generate further orders - suspending generation for now
 00:00:13 | Cannot generate further orders - suspending generation for now
 00:00:13 | Cannot generate further orders - suspending generation for now
 00:00:13 | Cannot generate further orders - suspending generation for now
 00:00:13 | Cannot generate further orders - suspending generation for now
 00:00:13 | Cannot generate further orders - suspending generation for now
 00:00:13 | Cannot generate further orders - suspending generation for now
 00:00:13 | Cannot generate further orders - suspending generation for now
 00:00:13 | Cannot generate further orders - suspending generation for now
 00:00:13 | Cannot generate further orders - suspending generation for now
 00:00:13 | Cannot generate further orders - suspending generation for now
 00:00:13 | Cannot generate further orders - suspending generation for now
 00:00:14 | Cannot generate further orders - suspending generation for now
 00:00:14 | Cannot generate further orders - suspending generation for now
 00:00:14 | Cannot generate further orders - suspending generation for now
 00:00:14 | Cannot generate further orders - suspending generation for now
 00:00:14 | Pausing order generation due to inventory level (currently at: 0.09688013136288999)
 00:00:15 | 00:00:15 | 0.03:56:36 |  49.29%  |  1447   |   1223   |  7%  |  76318   |   0    | 141.37MB  
 00:00:18 | Reactivating order generation paused by inventory level (currently at: 0.6001642036124795)
 00:00:19 | Cannot generate further orders - suspending generation for now
 00:00:19 | Cannot generate further orders - suspending generation for now
 00:00:20 | 00:00:05 | 0.06:22:39 |  79.72%  |  1749   |   2030   | 34%  |  103646  |   0    | 142.05MB  
 00:00:20 | Cannot generate further orders - suspending generation for now
 00:00:20 | Cannot generate further orders - suspending generation for now
 00:00:20 | Cannot generate further orders - suspending generation for now
 00:00:20 | Cannot generate further orders - suspending generation for now
 00:00:20 | Cannot generate further orders - suspending generation for now
 00:00:20 | Cannot generate further orders - suspending generation for now
 00:00:20 | Cannot generate further orders - suspending generation for now
 00:00:20 | Cannot generate further orders - suspending generation for now
 00:00:20 | Cannot generate further orders - suspending generation for now
 00:00:20 | Cannot generate further orders - suspending generation for now
 00:00:20 | Cannot generate further orders - suspending generation for now
 00:00:20 | Cannot generate further orders - suspending generation for now
 00:00:20 | Cannot generate further orders - suspending generation for now
 00:00:21 | Cannot generate further orders - suspending generation for now
 00:00:21 | Cannot generate further orders - suspending generation for now
 00:00:21 | Cannot generate further orders - suspending generation for now
 00:00:21 | Cannot generate further orders - suspending generation for now
 00:00:21 | Cannot generate further orders - suspending generation for now
 00:00:21 | Cannot generate further orders - suspending generation for now
 00:00:21 | Cannot generate further orders - suspending generation for now
 00:00:21 | Cannot generate further orders - suspending generation for now
 00:00:21 | Cannot generate further orders - suspending generation for now
 00:00:21 | Cannot generate further orders - suspending generation for now
 00:00:21 | Cannot generate further orders - suspending generation for now
 00:00:21 | Pausing order generation due to inventory level (currently at: 0.09359605911330049)
 00:00:24 | 00:00:00 | 0.08:00:00 | 100.00%  |  2081   |   2568   | 34%  |  132426  |   0    | 141.30MB  
 00:00:24 | >>> Simulation finished - writing results ...
 00:00:24 | >>> Results written
Simulation finished.
>>> Timings
StatTimingPathPlanningAverage: 0.00027827743315508077
StatTimingPathPlanningOverall: 3.3824622000000066
StatTimingPathPlanningCount: 12155
StatTimingTaskAllocationAverage: 0.00018675354620363864
StatTimingTaskAllocationOverall: 7.615062599999569
StatTimingTaskAllocationCount: 40776
StatTimingItemStorageAverage: 3.7138813282525553E-06
StatTimingItemStorageOverall: 0.013644799999999888
StatTimingItemStorageCount: 3674
StatTimingPodStorageAverage: 0.001249844316807738
StatTimingPodStorageOverall: 2.0672424999999985
StatTimingPodStorageCount: 1654
StatTimingReplenishmentBatchingAverage: 1.2336188249049981E-05
StatTimingReplenishmentBatchingOverall: 0.042202099999999985
StatTimingReplenishmentBatchingCount: 3421
StatTimingOrderBatchingAverage: 0.00013247684933984425
StatTimingOrderBatchingOverall: 0.7324644999999989
StatTimingOrderBatchingCount: 5529
>>> Overall
StatOverallBundlesPlaced: 2863
StatOverallItemsOrdered: 3004
StatOverallOrdersPlaced: 1881
StatOverallBundlesRejected: 0
StatOverallOrdersRejected: 0
StatOverallBundlesHandled: 2568
StatOverallItemsHandled: 3337
StatOverallLinesHandled: 3191
StatOverallOrdersHandled: 2081
StatOverallCollisions: 0
StatOverallDistanceTraveled: 132425.52333333198
StatOverallDistanceEstimated: 123837
StatOverallAssignedTasks: 40776
StatMaxMemoryUsed: 142,96484375
StatRealTimeUsed: 24.568913
StatAverageTurnoverTime: 884.8823005593022
StatMedianTurnoverTime: 658.3373160136309
StatLowerQuartileTurnoverTime: 313.5895454287547
StatUpperQuartileTurnoverTime: 1270.485728752522
StatAverageThroughputTime: 260.38582689325403
StatMedianThroughputTime: 97.67194804090104
StatLowerQuartileThroughputTime: 49.8722222222234
StatUpperQuartileThroughputTime: 206.53777777776122

Marked tag finished after 1 tries!
.Fin. - SUCCESS
