Executing ... 
 09:55:40 | >>> Warming up ...
 00:00:00 | >>> Warmup finished - starting simulation ...
 Realtime |   ETA    |  Sim.Time  | Progress | #Orders | #Bundles | Inv. | Distance | #Coll. |   Memory    
 00:00:00 |   n/a    | 0.00:00:00 |  0.00%   |    0    |    0     | 60%  |    0     |   0    | 109.73MB  
 00:00:01 | Cannot generate further orders - suspending generation for now
 00:00:01 | Cannot generate further orders - suspending generation for now
 00:00:01 | Cannot generate further orders - suspending generation for now
 00:00:01 | Cannot generate further orders - suspending generation for now
 00:00:01 | Cannot generate further orders - suspending generation for now
 00:00:01 | Cannot generate further orders - suspending generation for now
 00:00:01 | Cannot generate further orders - suspending generation for now
 00:00:01 | Cannot generate further orders - suspending generation for now
 00:00:01 | Cannot generate further orders - suspending generation for now
 00:00:01 | Cannot generate further orders - suspending generation for now
 00:00:01 | 00:00:00 | 0.00:30:00 | 100.00%  |   503   |    0     | 13%  |   4896   |   0    | 103.78MB  
 00:00:01 | >>> Simulation finished - writing results ...
 00:00:01 | >>> Results written
Simulation finished.
>>> Timings
StatTimingPathPlanningAverage: 0.00017262760595647194
StatTimingPathPlanningOverall: 0.1507039
StatTimingPathPlanningCount: 873
StatTimingTaskAllocationAverage: 0.002920860487804876
StatTimingTaskAllocationOverall: 0.5987763999999995
StatTimingTaskAllocationCount: 205
StatTimingItemStorageAverage: 2.034736842105266E-06
StatTimingItemStorageOverall: 0.0015464000000000022
StatTimingItemStorageCount: 760
StatTimingPodStorageAverage: 0.0026666091836734687
StatTimingPodStorageOverall: 0.26132769999999994
StatTimingPodStorageCount: 98
StatTimingReplenishmentBatchingAverage: 1.505E-05
StatTimingReplenishmentBatchingOverall: 3.01E-05
StatTimingReplenishmentBatchingCount: 2
StatTimingOrderBatchingAverage: 0.0001879926918392203
StatTimingOrderBatchingOverall: 0.15434199999999987
StatTimingOrderBatchingCount: 821
>>> Overall
StatOverallBundlesPlaced: 0
StatOverallItemsOrdered: 667
StatOverallOrdersPlaced: 423
StatOverallBundlesRejected: 0
StatOverallOrdersRejected: 0
StatOverallBundlesHandled: 0
StatOverallItemsHandled: 776
StatOverallLinesHandled: 734
StatOverallOrdersHandled: 503
StatOverallCollisions: 0
StatOverallDistanceTraveled: 4895.9343100222195
StatOverallDistanceEstimated: 4757
StatOverallAssignedTasks: 205
StatMaxMemoryUsed: 107,9140625
StatRealTimeUsed: 1.7036334
StatAverageTurnoverTime: 460.0774627495213
StatMedianTurnoverTime: 331.5550937914131
StatLowerQuartileTurnoverTime: 152.3342640545418
StatUpperQuartileTurnoverTime: 643.3931529434354
StatAverageThroughputTime: 96.86247923543526
StatMedianThroughputTime: 27.59480522424542
StatLowerQuartileThroughputTime: 16.17777777777792
StatUpperQuartileThroughputTime: 78.52555555555534

Marked tag finished after 1 tries!
.Fin. - SUCCESS
<<< Welcome to the RAWSimO CLI >>>
The time is: 06/13/2024 09:55:41
Starting RAWSimO wrapper with the following arguments:
Instance: ..\..\..\..\Material\Instances\0.Weighted30min Demand separate\Dd\Weighted2.xinst
Setting: ..\..\..\..\Material\Instances\0.Weighted30min Demand separate\Dd\Weighted2.xsett
ControlConfig: ..\..\..\..\Material\Instances\0.Weighted30min Demand separate\Dd\Weighted2.xconf
StatisticsDir: ..\..\..\..\Material\Instances\0.Weighted30min Demand separate\Dd
Seed: 2
Additionally the following tag was passed: 1, 0.198, 0.54, 0.143, 0.717, 0.5
Adding handler for unhandled exceptions ...
Initializing ... 
Instance recognized!
Parsing setting config ...
Parsing control config ...
Parsing instance ...
StatisticsFolder: Weighted2-Dd_[[1, 0.198, 0.54]]_2_[0.143, 0.717, 0.5].csv-2
Done!
