Executing ... 
 09:40:10 | >>> Warming up ...
 00:00:00 | >>> Warmup finished - starting simulation ...
 Realtime |   ETA    |  Sim.Time  | Progress | #Orders | #Bundles | Inv. | Distance | #Coll. |   Memory    
 00:00:00 |   n/a    | 0.00:00:00 |  0.00%   |    0    |    0     | 60%  |    0     |   0    | 106.78MB  
 00:00:00 | Cannot generate further orders - suspending generation for now
 00:00:00 | Cannot generate further orders - suspending generation for now
 00:00:00 | Cannot generate further orders - suspending generation for now
 00:00:00 | Cannot generate further orders - suspending generation for now
 00:00:00 | Cannot generate further orders - suspending generation for now
 00:00:00 | Cannot generate further orders - suspending generation for now
 00:00:01 | Cannot generate further orders - suspending generation for now
 00:00:01 | Cannot generate further orders - suspending generation for now
 00:00:01 | Cannot generate further orders - suspending generation for now
 00:00:01 | 00:00:00 | 0.00:30:00 | 100.00%  |   471   |    0     | 17%  |   5203   |   0    | 109.55MB  
 00:00:01 | >>> Simulation finished - writing results ...
 00:00:01 | >>> Results written
Simulation finished.
>>> Timings
StatTimingPathPlanningAverage: 8.730835266821348E-05
StatTimingPathPlanningOverall: 0.07525980000000002
StatTimingPathPlanningCount: 862
StatTimingTaskAllocationAverage: 0.002002251801801801
StatTimingTaskAllocationOverall: 0.4444998999999999
StatTimingTaskAllocationCount: 222
StatTimingItemStorageAverage: 1.0424929178470245E-06
StatTimingItemStorageOverall: 0.0007359999999999992
StatTimingItemStorageCount: 706
StatTimingPodStorageAverage: 0.0018544738317757018
StatTimingPodStorageOverall: 0.1984287000000001
StatTimingPodStorageCount: 107
StatTimingReplenishmentBatchingAverage: 7.5500000000000006E-06
StatTimingReplenishmentBatchingOverall: 1.5100000000000001E-05
StatTimingReplenishmentBatchingCount: 2
StatTimingOrderBatchingAverage: 8.94251329787234E-05
StatTimingOrderBatchingOverall: 0.0672477
StatTimingOrderBatchingCount: 752
>>> Overall
StatOverallBundlesPlaced: 0
StatOverallItemsOrdered: 637
StatOverallOrdersPlaced: 407
StatOverallBundlesRejected: 0
StatOverallOrdersRejected: 0
StatOverallBundlesHandled: 0
StatOverallItemsHandled: 721
StatOverallLinesHandled: 679
StatOverallOrdersHandled: 471
StatOverallCollisions: 0
StatOverallDistanceTraveled: 5203.200357662389
StatOverallDistanceEstimated: 5115
StatOverallAssignedTasks: 222
StatMaxMemoryUsed: 112,68359375
StatRealTimeUsed: 1.0729964
StatAverageTurnoverTime: 451.1131868397386
StatMedianTurnoverTime: 317.24093072120854
StatLowerQuartileTurnoverTime: 133.74963202727017
StatUpperQuartileTurnoverTime: 661.4933333333333
StatAverageThroughputTime: 90.80153008809455
StatMedianThroughputTime: 20.571760458079666
StatLowerQuartileThroughputTime: 12.351204902524614
StatUpperQuartileThroughputTime: 76.45231601363507

Marked tag finished after 1 tries!
.Fin. - SUCCESS
<<< Welcome to the RAWSimO CLI >>>
The time is: 06/13/2024 09:40:11
Starting RAWSimO wrapper with the following arguments:
Instance: ..\..\..\..\Material\Instances\0.Weighted30min Demand separate\Da\Weighted2.xinst
Setting: ..\..\..\..\Material\Instances\0.Weighted30min Demand separate\Da\Weighted2.xsett
ControlConfig: ..\..\..\..\Material\Instances\0.Weighted30min Demand separate\Da\Weighted2.xconf
StatisticsDir: ..\..\..\..\Material\Instances\0.Weighted30min Demand separate\Da
Seed: 2
Additionally the following tag was passed: 1, 6.0207999999999995, 0.052, 0.091, 0.13, 0.544
Adding handler for unhandled exceptions ...
Initializing ... 
Instance recognized!
Parsing setting config ...
Parsing control config ...
Parsing instance ...
StatisticsFolder: Weighted2-Da_[[1, 6.0207999999999995, 0.052]]_3_[0.091, 0.13, 0.544].csv-2
Done!
