Executing ... 
 13:59:40 | >>> Warming up ...
 00:00:00 | >>> Warmup finished - starting simulation ...
 Realtime |   ETA    |  Sim.Time  | Progress | #Orders | #Bundles | Inv. | Distance | #Coll. |   Memory    
 00:00:00 |   n/a    | 0.00:00:00 |  0.00%   |    0    |    0     | 60%  |    0     |   0    |  82.30MB  
 00:00:00 | Cannot generate further orders - suspending generation for now
 00:00:00 | Cannot generate further orders - suspending generation for now
 00:00:00 | Cannot generate further orders - suspending generation for now
 00:00:00 | Cannot generate further orders - suspending generation for now
 00:00:00 | Cannot generate further orders - suspending generation for now
 00:00:00 | Cannot generate further orders - suspending generation for now
 00:00:00 | Cannot generate further orders - suspending generation for now
 00:00:00 | Cannot generate further orders - suspending generation for now
 00:00:00 | 00:00:00 | 0.00:30:00 | 100.00%  |   460   |    0     | 18%  |   5304   |   0    |  84.30MB  
 00:00:00 | >>> Simulation finished - writing results ...
 00:00:01 | >>> Results written
Simulation finished.
>>> Timings
StatTimingPathPlanningAverage: 7.72710344827586E-05
StatTimingPathPlanningOverall: 0.06722579999999997
StatTimingPathPlanningCount: 870
StatTimingTaskAllocationAverage: 0.001557072072072072
StatTimingTaskAllocationOverall: 0.34567
StatTimingTaskAllocationCount: 222
StatTimingItemStorageAverage: 1.1628358208955205E-06
StatTimingItemStorageOverall: 0.0007790999999999987
StatTimingItemStorageCount: 670
StatTimingPodStorageAverage: 0.0013853632075471703
StatTimingPodStorageOverall: 0.14684850000000005
StatTimingPodStorageCount: 106
StatTimingReplenishmentBatchingAverage: 1.31E-05
StatTimingReplenishmentBatchingOverall: 2.62E-05
StatTimingReplenishmentBatchingCount: 2
StatTimingOrderBatchingAverage: 8.591862615587844E-05
StatTimingOrderBatchingOverall: 0.06504039999999997
StatTimingOrderBatchingCount: 757
>>> Overall
StatOverallBundlesPlaced: 0
StatOverallItemsOrdered: 626
StatOverallOrdersPlaced: 406
StatOverallBundlesRejected: 0
StatOverallOrdersRejected: 0
StatOverallBundlesHandled: 0
StatOverallItemsHandled: 691
StatOverallLinesHandled: 654
StatOverallOrdersHandled: 460
StatOverallCollisions: 0
StatOverallDistanceTraveled: 5303.57822124504
StatOverallDistanceEstimated: 5212
StatOverallAssignedTasks: 222
StatMaxMemoryUsed: 87,59765625
StatRealTimeUsed: 0.9642885
StatAverageTurnoverTime: 491.97425339811286
StatMedianTurnoverTime: 351.00074313838115
StatLowerQuartileTurnoverTime: 138.12537516565612
StatUpperQuartileTurnoverTime: 736.1623160136377
StatAverageThroughputTime: 88.7145335337308
StatMedianThroughputTime: 20.547128430809323
StatLowerQuartileThroughputTime: 12.835375165655705
StatUpperQuartileThroughputTime: 73.52888888888893

Marked tag finished after 1 tries!
.Fin. - SUCCESS
<<< Welcome to the RAWSimO CLI >>>
The time is: 06/07/2024 13:59:41
Starting RAWSimO wrapper with the following arguments:
Instance: ..\..\..\..\Material\Instances\0.Weighted30min Demand separate\Da\Weighted2.xinst
Setting: ..\..\..\..\Material\Instances\0.Weighted30min Demand separate\Da\Weighted2.xsett
ControlConfig: ..\..\..\..\Material\Instances\0.Weighted30min Demand separate\Da\Weighted2.xconf
StatisticsDir: ..\..\..\..\Material\Instances\0.Weighted30min Demand separate\Da
Seed: 1
Additionally the following tag was passed: [[1, 1, 1]]
Adding handler for unhandled exceptions ...
Initializing ... 
Instance recognized!
Parsing setting config ...
Parsing control config ...
Parsing instance ...
StatisticsFolder: Weighted2-Da_[[1, 1, 1]]_1.csv-1
Done!
