Executing ... 
 20:00:35 | >>> Warming up ...
 00:00:00 | >>> Warmup finished - starting simulation ...
 Realtime |   ETA    |  Sim.Time  | Progress | #Orders | #Bundles | Inv. | Distance | #Coll. |   Memory    
 00:00:00 |   n/a    | 0.00:00:00 |  0.00%   |    0    |    0     | 60%  |    0     |   0    |  78.02MB  
 00:00:00 | Cannot generate further orders - suspending generation for now
 00:00:00 | Cannot generate further orders - suspending generation for now
 00:00:00 | Cannot generate further orders - suspending generation for now
 00:00:00 | Cannot generate further orders - suspending generation for now
 00:00:00 | Cannot generate further orders - suspending generation for now
 00:00:00 | Cannot generate further orders - suspending generation for now
 00:00:00 | Cannot generate further orders - suspending generation for now
 00:00:00 | Cannot generate further orders - suspending generation for now
 00:00:01 | Cannot generate further orders - suspending generation for now
 00:00:01 | Cannot generate further orders - suspending generation for now
 00:00:01 | Cannot generate further orders - suspending generation for now
 00:00:01 | 00:00:00 | 0.00:30:00 | 100.00%  |   494   |    0     | 14%  |   4737   |   0    |  74.97MB  
 00:00:01 | >>> Simulation finished - writing results ...
 00:00:01 | >>> Results written
Simulation finished.
>>> Timings
StatTimingPathPlanningAverage: 9.444004854368934E-05
StatTimingPathPlanningOverall: 0.07781860000000002
StatTimingPathPlanningCount: 824
StatTimingTaskAllocationAverage: 0.0019916646766169146
StatTimingTaskAllocationOverall: 0.4003245999999998
StatTimingTaskAllocationCount: 201
StatTimingItemStorageAverage: 1.013550135501357E-06
StatTimingItemStorageOverall: 0.0007480000000000015
StatTimingItemStorageCount: 738
StatTimingPodStorageAverage: 0.0015850322916666666
StatTimingPodStorageOverall: 0.1521631
StatTimingPodStorageCount: 96
StatTimingReplenishmentBatchingAverage: 1.02E-05
StatTimingReplenishmentBatchingOverall: 2.04E-05
StatTimingReplenishmentBatchingCount: 2
StatTimingOrderBatchingAverage: 9.749746514575399E-05
StatTimingOrderBatchingOverall: 0.0769254999999999
StatTimingOrderBatchingCount: 789
>>> Overall
StatOverallBundlesPlaced: 0
StatOverallItemsOrdered: 660
StatOverallOrdersPlaced: 419
StatOverallBundlesRejected: 0
StatOverallOrdersRejected: 0
StatOverallBundlesHandled: 0
StatOverallItemsHandled: 772
StatOverallLinesHandled: 729
StatOverallOrdersHandled: 494
StatOverallCollisions: 0
StatOverallDistanceTraveled: 4737.271039181855
StatOverallDistanceEstimated: 4663
StatOverallAssignedTasks: 201
StatMaxMemoryUsed: 78,65234375
StatRealTimeUsed: 1.0573315
StatAverageTurnoverTime: 436.6963412910508
StatMedianTurnoverTime: 303.2296320272701
StatLowerQuartileTurnoverTime: 135.30222222222224
StatUpperQuartileTurnoverTime: 559.5642640545414
StatAverageThroughputTime: 88.02389402683242
StatMedianThroughputTime: 27.059444444444466
StatLowerQuartileThroughputTime: 16.33833333333348
StatUpperQuartileThroughputTime: 83.54842712474635

Marked tag finished after 1 tries!
.Fin. - SUCCESS
<<< Welcome to the RAWSimO CLI >>>
The time is: 06/11/2024 20:00:36
Starting RAWSimO wrapper with the following arguments:
Instance: ..\..\..\..\Material\Instances\0.Weighted30min Demand separate\Df\Weighted2.xinst
Setting: ..\..\..\..\Material\Instances\0.Weighted30min Demand separate\Df\Weighted2.xsett
ControlConfig: ..\..\..\..\Material\Instances\0.Weighted30min Demand separate\Df\Weighted2.xconf
StatisticsDir: ..\..\..\..\Material\Instances\0.Weighted30min Demand separate\Df
Seed: 2
Additionally the following tag was passed: [[1, 0.436, 0.068]]
Adding handler for unhandled exceptions ...
Initializing ... 
Instance recognized!
Parsing setting config ...
Parsing control config ...
Parsing instance ...
StatisticsFolder: Weighted2-Df_[[1, 0.436, 0.068]]_1.csv-2
Done!
