Executing ... 
 16:18:45 | >>> Warming up ...
 00:00:00 | >>> Warmup finished - starting simulation ...
 Realtime |   ETA    |  Sim.Time  | Progress | #Orders | #Bundles | Inv. | Distance | #Coll. |   Memory    
 00:00:00 |   n/a    | 0.00:00:00 |  0.00%   |    0    |    0     | 60%  |    0     |   0    |  89.61MB  
 00:00:00 | Cannot generate further orders - suspending generation for now
 00:00:00 | Cannot generate further orders - suspending generation for now
 00:00:01 | Cannot generate further orders - suspending generation for now
 00:00:01 | Cannot generate further orders - suspending generation for now
 00:00:01 | Cannot generate further orders - suspending generation for now
 00:00:01 | Cannot generate further orders - suspending generation for now
 00:00:01 | Cannot generate further orders - suspending generation for now
 00:00:01 | Cannot generate further orders - suspending generation for now
 00:00:01 | 00:00:00 | 0.00:30:00 | 100.00%  |   495   |    0     | 15%  |   4937   |   0    |  63.02MB  
 00:00:01 | >>> Simulation finished - writing results ...
 00:00:01 | >>> Results written
Simulation finished.
>>> Timings
StatTimingPathPlanningAverage: 0.00011535084745762712
StatTimingPathPlanningOverall: 0.0952798
StatTimingPathPlanningCount: 826
StatTimingTaskAllocationAverage: 0.002186315238095238
StatTimingTaskAllocationOverall: 0.4591262
StatTimingTaskAllocationCount: 210
StatTimingItemStorageAverage: 1.1513812154696142E-06
StatTimingItemStorageOverall: 0.0008336000000000006
StatTimingItemStorageCount: 724
StatTimingPodStorageAverage: 0.0017532460000000002
StatTimingPodStorageOverall: 0.17532460000000002
StatTimingPodStorageCount: 100
StatTimingReplenishmentBatchingAverage: 7.000000000000001E-06
StatTimingReplenishmentBatchingOverall: 1.4000000000000001E-05
StatTimingReplenishmentBatchingCount: 2
StatTimingOrderBatchingAverage: 0.00013392744360902264
StatTimingOrderBatchingOverall: 0.10687410000000007
StatTimingOrderBatchingCount: 798
>>> Overall
StatOverallBundlesPlaced: 0
StatOverallItemsOrdered: 658
StatOverallOrdersPlaced: 424
StatOverallBundlesRejected: 0
StatOverallOrdersRejected: 0
StatOverallBundlesHandled: 0
StatOverallItemsHandled: 754
StatOverallLinesHandled: 712
StatOverallOrdersHandled: 495
StatOverallCollisions: 0
StatOverallDistanceTraveled: 4937.353748302457
StatOverallDistanceEstimated: 4792
StatOverallAssignedTasks: 210
StatMaxMemoryUsed: 87,86328125
StatRealTimeUsed: 1.2448099
StatAverageTurnoverTime: 453.79141876675163
StatMedianTurnoverTime: 360.03743315891745
StatLowerQuartileTurnoverTime: 159.02666666666667
StatUpperQuartileTurnoverTime: 615.1149134015095
StatAverageThroughputTime: 84.22460379347456
StatMedianThroughputTime: 24.01166666666677
StatLowerQuartileThroughputTime: 14.541666666666686
StatUpperQuartileThroughputTime: 73.88972581868416

Marked tag finished after 1 tries!
.Fin. - SUCCESS
<<< Welcome to the RAWSimO CLI >>>
The time is: 06/21/2024 16:18:47
Starting RAWSimO wrapper with the following arguments:
Instance: ..\..\..\..\Material\Instances\01.Weighted30min Demand Gall\Dp\Weighted2.xinst
Setting: ..\..\..\..\Material\Instances\01.Weighted30min Demand Gall\Dp\Weighted2.xsett
ControlConfig: ..\..\..\..\Material\Instances\01.Weighted30min Demand Gall\Dp\Weighted2.xconf
StatisticsDir: ..\..\..\..\Material\Instances\01.Weighted30min Demand Gall\Dp
Seed: 3
Additionally the following tag was passed: 1, 0.29285714285714287, 1.0, 0.145, 0.493, 1.0
Adding handler for unhandled exceptions ...
Initializing ... 
Instance recognized!
Parsing setting config ...
Parsing control config ...
Parsing instance ...
StatisticsFolder: Weighted2-Dp_[[1, 0.29285714285714287, 1.0]]_1_[0.145, 0.493, 1.0].csv-3
Done!
