Executing ... 
 16:19:57 | >>> Warming up ...
 00:00:00 | >>> Warmup finished - starting simulation ...
 Realtime |   ETA    |  Sim.Time  | Progress | #Orders | #Bundles | Inv. | Distance | #Coll. |   Memory    
 00:00:00 |   n/a    | 0.00:00:00 |  0.00%   |    0    |    0     | 60%  |    0     |   0    |  80.77MB  
 00:00:00 | Cannot generate further orders - suspending generation for now
 00:00:00 | Cannot generate further orders - suspending generation for now
 00:00:01 | Cannot generate further orders - suspending generation for now
 00:00:01 | Cannot generate further orders - suspending generation for now
 00:00:01 | Cannot generate further orders - suspending generation for now
 00:00:01 | Cannot generate further orders - suspending generation for now
 00:00:01 | Cannot generate further orders - suspending generation for now
 00:00:01 | Cannot generate further orders - suspending generation for now
 00:00:01 | Cannot generate further orders - suspending generation for now
 00:00:01 | Cannot generate further orders - suspending generation for now
 00:00:01 | 00:00:00 | 0.00:30:00 | 100.00%  |   494   |    0     | 15%  |   4885   |   0    |  76.62MB  
 00:00:01 | >>> Simulation finished - writing results ...
 00:00:01 | >>> Results written
Simulation finished.
>>> Timings
StatTimingPathPlanningAverage: 0.0001525575721153846
StatTimingPathPlanningOverall: 0.12692789999999998
StatTimingPathPlanningCount: 832
StatTimingTaskAllocationAverage: 0.0022508956521739127
StatTimingTaskAllocationOverall: 0.46593539999999994
StatTimingTaskAllocationCount: 207
StatTimingItemStorageAverage: 1.222651933701658E-06
StatTimingItemStorageOverall: 0.0008852000000000003
StatTimingItemStorageCount: 724
StatTimingPodStorageAverage: 0.0018412161616161626
StatTimingPodStorageOverall: 0.1822804000000001
StatTimingPodStorageCount: 99
StatTimingReplenishmentBatchingAverage: 9.95E-06
StatTimingReplenishmentBatchingOverall: 1.99E-05
StatTimingReplenishmentBatchingCount: 2
StatTimingOrderBatchingAverage: 0.00015731149999999997
StatTimingOrderBatchingOverall: 0.12584919999999997
StatTimingOrderBatchingCount: 800
>>> Overall
StatOverallBundlesPlaced: 0
StatOverallItemsOrdered: 660
StatOverallOrdersPlaced: 426
StatOverallBundlesRejected: 0
StatOverallOrdersRejected: 0
StatOverallBundlesHandled: 0
StatOverallItemsHandled: 750
StatOverallLinesHandled: 709
StatOverallOrdersHandled: 494
StatOverallCollisions: 0
StatOverallDistanceTraveled: 4885.003659339436
StatOverallDistanceEstimated: 4748
StatOverallAssignedTasks: 207
StatMaxMemoryUsed: 81,203125
StatRealTimeUsed: 1.2611692
StatAverageTurnoverTime: 438.9399455309376
StatMedianTurnoverTime: 317.0898268030182
StatLowerQuartileTurnoverTime: 133.45166666666796
StatUpperQuartileTurnoverTime: 597.8873232065582
StatAverageThroughputTime: 88.91043433046134
StatMedianThroughputTime: 24.42398268030172
StatLowerQuartileThroughputTime: 12.858888888889169
StatUpperQuartileThroughputTime: 81.92277777777792

Marked tag finished after 1 tries!
.Fin. - SUCCESS
<<< Welcome to the RAWSimO CLI >>>
The time is: 06/21/2024 16:19:59
Starting RAWSimO wrapper with the following arguments:
Instance: ..\..\..\..\Material\Instances\01.Weighted30min Demand Gall\Dp\Weighted2.xinst
Setting: ..\..\..\..\Material\Instances\01.Weighted30min Demand Gall\Dp\Weighted2.xsett
ControlConfig: ..\..\..\..\Material\Instances\01.Weighted30min Demand Gall\Dp\Weighted2.xconf
StatisticsDir: ..\..\..\..\Material\Instances\01.Weighted30min Demand Gall\Dp
Seed: 3
Additionally the following tag was passed: 1, 0.8585714285714285, 1.0, 0.195, 0.227, 1.0
Adding handler for unhandled exceptions ...
Initializing ... 
Instance recognized!
Parsing setting config ...
Parsing control config ...
Parsing instance ...
StatisticsFolder: Weighted2-Dp_[[1, 0.8585714285714285, 1.0]]_2_[0.195, 0.227, 1.0].csv-3
Done!
