Executing ... 
 09:47:46 | >>> Warming up ...
 00:00:00 | >>> Warmup finished - starting simulation ...
 Realtime |   ETA    |  Sim.Time  | Progress | #Orders | #Bundles | Inv. | Distance | #Coll. |   Memory    
 00:00:00 |   n/a    | 0.00:00:00 |  0.00%   |    0    |    0     | 60%  |    0     |   0    | 145.13MB  
 00:00:00 | Cannot generate further orders - suspending generation for now
 00:00:00 | Cannot generate further orders - suspending generation for now
 00:00:00 | Cannot generate further orders - suspending generation for now
 00:00:01 | Cannot generate further orders - suspending generation for now
 00:00:01 | Cannot generate further orders - suspending generation for now
 00:00:01 | Cannot generate further orders - suspending generation for now
 00:00:01 | Cannot generate further orders - suspending generation for now
 00:00:01 | Cannot generate further orders - suspending generation for now
 00:00:01 | 00:00:00 | 0.00:30:00 | 100.00%  |   484   |    0     | 16%  |   5204   |   0    | 142.72MB  
 00:00:01 | >>> Simulation finished - writing results ...
 00:00:01 | >>> Results written
Simulation finished.
>>> Timings
StatTimingPathPlanningAverage: 0.00010182868949232597
StatTimingPathPlanningOverall: 0.0862489000000001
StatTimingPathPlanningCount: 847
StatTimingTaskAllocationAverage: 0.001939442325581394
StatTimingTaskAllocationOverall: 0.41698009999999974
StatTimingTaskAllocationCount: 215
StatTimingItemStorageAverage: 1.0684135977337136E-06
StatTimingItemStorageOverall: 0.0007543000000000018
StatTimingItemStorageCount: 706
StatTimingPodStorageAverage: 0.0018132553398058245
StatTimingPodStorageOverall: 0.1867652999999999
StatTimingPodStorageCount: 103
StatTimingReplenishmentBatchingAverage: 7.55E-06
StatTimingReplenishmentBatchingOverall: 1.51E-05
StatTimingReplenishmentBatchingCount: 2
StatTimingOrderBatchingAverage: 0.00011040697674418599
StatTimingOrderBatchingOverall: 0.08545499999999996
StatTimingOrderBatchingCount: 774
>>> Overall
StatOverallBundlesPlaced: 0
StatOverallItemsOrdered: 662
StatOverallOrdersPlaced: 428
StatOverallBundlesRejected: 0
StatOverallOrdersRejected: 0
StatOverallBundlesHandled: 0
StatOverallItemsHandled: 740
StatOverallLinesHandled: 702
StatOverallOrdersHandled: 484
StatOverallCollisions: 0
StatOverallDistanceTraveled: 5203.95285389085
StatOverallDistanceEstimated: 5059
StatOverallAssignedTasks: 215
StatMaxMemoryUsed: 145,1328125
StatRealTimeUsed: 1.1466475
StatAverageTurnoverTime: 471.6455616598598
StatMedianTurnoverTime: 317.90274900608847
StatLowerQuartileTurnoverTime: 129.63083692979444
StatUpperQuartileTurnoverTime: 706.9611183040327
StatAverageThroughputTime: 87.48851095045293
StatMedianThroughputTime: 24.121111111111077
StatLowerQuartileThroughputTime: 16.154444444445062
StatUpperQuartileThroughputTime: 79.98186144241413

Marked tag finished after 1 tries!
.Fin. - SUCCESS
<<< Welcome to the RAWSimO CLI >>>
The time is: 06/13/2024 09:47:48
Starting RAWSimO wrapper with the following arguments:
Instance: ..\..\..\..\Material\Instances\0.Weighted30min Demand separate\Db\Weighted2.xinst
Setting: ..\..\..\..\Material\Instances\0.Weighted30min Demand separate\Db\Weighted2.xsett
ControlConfig: ..\..\..\..\Material\Instances\0.Weighted30min Demand separate\Db\Weighted2.xconf
StatisticsDir: ..\..\..\..\Material\Instances\0.Weighted30min Demand separate\Db
Seed: 3
Additionally the following tag was passed: 1, 1.295, 0.794, 0.235, 0.2, 0.333
Adding handler for unhandled exceptions ...
Initializing ... 
Instance recognized!
Parsing setting config ...
Parsing control config ...
Parsing instance ...
StatisticsFolder: Weighted2-Db_[[1, 1.295, 0.794]]_1_[0.235, 0.2, 0.333].csv-3
Done!
