Executing ... 
 09:39:03 | >>> Warming up ...
 00:00:00 | >>> Warmup finished - starting simulation ...
 Realtime |   ETA    |  Sim.Time  | Progress | #Orders | #Bundles | Inv. | Distance | #Coll. |   Memory    
 00:00:00 |   n/a    | 0.00:00:00 |  0.00%   |    0    |    0     | 60%  |    0     |   0    |  78.47MB  
 00:00:00 | Cannot generate further orders - suspending generation for now
 00:00:00 | Cannot generate further orders - suspending generation for now
 00:00:00 | Cannot generate further orders - suspending generation for now
 00:00:00 | Cannot generate further orders - suspending generation for now
 00:00:00 | Cannot generate further orders - suspending generation for now
 00:00:00 | Cannot generate further orders - suspending generation for now
 00:00:00 | Cannot generate further orders - suspending generation for now
 00:00:01 | Cannot generate further orders - suspending generation for now
 00:00:01 | 00:00:00 | 0.00:30:00 | 100.00%  |   471   |    0     | 16%  |   5125   |   0    |  75.39MB  
 00:00:01 | >>> Simulation finished - writing results ...
 00:00:01 | >>> Results written
Simulation finished.
>>> Timings
StatTimingPathPlanningAverage: 8.25425860023724E-05
StatTimingPathPlanningOverall: 0.06958339999999993
StatTimingPathPlanningCount: 843
StatTimingTaskAllocationAverage: 0.0018706160377358492
StatTimingTaskAllocationOverall: 0.39657060000000005
StatTimingTaskAllocationCount: 212
StatTimingItemStorageAverage: 9.023809523809559E-07
StatTimingItemStorageOverall: 0.0006443000000000025
StatTimingItemStorageCount: 714
StatTimingPodStorageAverage: 0.001705177227722771
StatTimingPodStorageOverall: 0.17222289999999987
StatTimingPodStorageCount: 101
StatTimingReplenishmentBatchingAverage: 7.4E-06
StatTimingReplenishmentBatchingOverall: 1.48E-05
StatTimingReplenishmentBatchingCount: 2
StatTimingOrderBatchingAverage: 9.895541401273892E-05
StatTimingOrderBatchingOverall: 0.07768000000000005
StatTimingOrderBatchingCount: 785
>>> Overall
StatOverallBundlesPlaced: 0
StatOverallItemsOrdered: 667
StatOverallOrdersPlaced: 414
StatOverallBundlesRejected: 0
StatOverallOrdersRejected: 0
StatOverallBundlesHandled: 0
StatOverallItemsHandled: 734
StatOverallLinesHandled: 696
StatOverallOrdersHandled: 471
StatOverallCollisions: 0
StatOverallDistanceTraveled: 5124.818308360144
StatOverallDistanceEstimated: 4965
StatOverallAssignedTasks: 212
StatMaxMemoryUsed: 79,43359375
StatRealTimeUsed: 1.0201079
StatAverageTurnoverTime: 454.7578698242459
StatMedianTurnoverTime: 283.8467604580803
StatLowerQuartileTurnoverTime: 105.6122222222221
StatUpperQuartileTurnoverTime: 726.9344444444444
StatAverageThroughputTime: 97.47780182158174
StatMedianThroughputTime: 24.725555555555957
StatLowerQuartileThroughputTime: 15.92222222222233
StatUpperQuartileThroughputTime: 77.67518758282569

Marked tag finished after 1 tries!
.Fin. - SUCCESS
<<< Welcome to the RAWSimO CLI >>>
The time is: 06/13/2024 09:39:04
Starting RAWSimO wrapper with the following arguments:
Instance: ..\..\..\..\Material\Instances\0.Weighted30min Demand separate\Da\Weighted2.xinst
Setting: ..\..\..\..\Material\Instances\0.Weighted30min Demand separate\Da\Weighted2.xsett
ControlConfig: ..\..\..\..\Material\Instances\0.Weighted30min Demand separate\Da\Weighted2.xconf
StatisticsDir: ..\..\..\..\Material\Instances\0.Weighted30min Demand separate\Da
Seed: 1
Additionally the following tag was passed: 1, 2.0416, 1.039, 0.255, 0.12, 0.25
Adding handler for unhandled exceptions ...
Initializing ... 
Instance recognized!
Parsing setting config ...
Parsing control config ...
Parsing instance ...
StatisticsFolder: Weighted2-Da_[[1, 2.0416, 1.039]]_2_[0.255, 0.12, 0.25].csv-1
Done!
