Executing ... 
 09:37:59 | >>> Warming up ...
 00:00:00 | >>> Warmup finished - starting simulation ...
 Realtime |   ETA    |  Sim.Time  | Progress | #Orders | #Bundles | Inv. | Distance | #Coll. |   Memory    
 00:00:00 |   n/a    | 0.00:00:00 |  0.00%   |    0    |    0     | 60%  |    0     |   0    |  77.98MB  
 00:00:00 | Cannot generate further orders - suspending generation for now
 00:00:00 | Cannot generate further orders - suspending generation for now
 00:00:00 | Cannot generate further orders - suspending generation for now
 00:00:00 | Cannot generate further orders - suspending generation for now
 00:00:00 | Cannot generate further orders - suspending generation for now
 00:00:00 | Cannot generate further orders - suspending generation for now
 00:00:00 | Cannot generate further orders - suspending generation for now
 00:00:01 | 00:00:00 | 0.00:30:00 | 100.00%  |   448   |    0     | 20%  |   5163   |   0    |  73.18MB  
 00:00:01 | >>> Simulation finished - writing results ...
 00:00:01 | >>> Results written
Simulation finished.
>>> Timings
StatTimingPathPlanningAverage: 0.00010585749167591557
StatTimingPathPlanningOverall: 0.09537759999999992
StatTimingPathPlanningCount: 901
StatTimingTaskAllocationAverage: 0.0017559116504854363
StatTimingTaskAllocationOverall: 0.36171779999999987
StatTimingTaskAllocationCount: 206
StatTimingItemStorageAverage: 9.407914764079197E-07
StatTimingItemStorageOverall: 0.0006181000000000033
StatTimingItemStorageCount: 657
StatTimingPodStorageAverage: 0.0014879575757575756
StatTimingPodStorageOverall: 0.1473078
StatTimingPodStorageCount: 99
StatTimingReplenishmentBatchingAverage: 7.65E-06
StatTimingReplenishmentBatchingOverall: 1.53E-05
StatTimingReplenishmentBatchingCount: 2
StatTimingOrderBatchingAverage: 8.41084880636604E-05
StatTimingOrderBatchingOverall: 0.06341779999999994
StatTimingOrderBatchingCount: 754
>>> Overall
StatOverallBundlesPlaced: 0
StatOverallItemsOrdered: 643
StatOverallOrdersPlaced: 417
StatOverallBundlesRejected: 0
StatOverallOrdersRejected: 0
StatOverallBundlesHandled: 0
StatOverallItemsHandled: 671
StatOverallLinesHandled: 633
StatOverallOrdersHandled: 448
StatOverallCollisions: 0
StatOverallDistanceTraveled: 5162.692878903793
StatOverallDistanceEstimated: 4993
StatOverallAssignedTasks: 206
StatMaxMemoryUsed: 77,984375
StatRealTimeUsed: 1.0165753
StatAverageTurnoverTime: 510.0313677459257
StatMedianTurnoverTime: 359.1078715691906
StatLowerQuartileTurnoverTime: 158.34412831536724
StatUpperQuartileTurnoverTime: 754.4627777777781
StatAverageThroughputTime: 102.28270716827816
StatMedianThroughputTime: 20.937308820714065
StatLowerQuartileThroughputTime: 12.880555555555702
StatUpperQuartileThroughputTime: 84.68611111111147

Marked tag finished after 1 tries!
.Fin. - SUCCESS
<<< Welcome to the RAWSimO CLI >>>
The time is: 06/13/2024 09:38:01
Starting RAWSimO wrapper with the following arguments:
Instance: ..\..\..\..\Material\Instances\0.Weighted30min Demand separate\Da\Weighted2.xinst
Setting: ..\..\..\..\Material\Instances\0.Weighted30min Demand separate\Da\Weighted2.xsett
ControlConfig: ..\..\..\..\Material\Instances\0.Weighted30min Demand separate\Da\Weighted2.xconf
StatisticsDir: ..\..\..\..\Material\Instances\0.Weighted30min Demand separate\Da
Seed: 3
Additionally the following tag was passed: 1, 10.0, 0.71, 0.224, 0.1, 0.312
Adding handler for unhandled exceptions ...
Initializing ... 
Instance recognized!
Parsing setting config ...
Parsing control config ...
Parsing instance ...
StatisticsFolder: Weighted2-Da_[[1, 10.0, 0.71]]_1_[0.224, 0.1, 0.312].csv-3
Done!
