Executing ... 
 14:00:23 | >>> Warming up ...
 00:00:00 | >>> Warmup finished - starting simulation ...
 Realtime |   ETA    |  Sim.Time  | Progress | #Orders | #Bundles | Inv. | Distance | #Coll. |   Memory    
 00:00:00 |   n/a    | 0.00:00:00 |  0.00%   |    0    |    0     | 60%  |    0     |   0    | 114.30MB  
 00:00:00 | Cannot generate further orders - suspending generation for now
 00:00:00 | Cannot generate further orders - suspending generation for now
 00:00:00 | Cannot generate further orders - suspending generation for now
 00:00:00 | Cannot generate further orders - suspending generation for now
 00:00:00 | Cannot generate further orders - suspending generation for now
 00:00:00 | 00:00:00 | 0.00:30:00 | 100.00%  |   431   |    0     | 21%  |   5355   |   0    | 109.37MB  
 00:00:00 | >>> Simulation finished - writing results ...
 00:00:00 | >>> Results written
Simulation finished.
>>> Timings
StatTimingPathPlanningAverage: 7.655362811791376E-05
StatTimingPathPlanningOverall: 0.06752029999999994
StatTimingPathPlanningCount: 882
StatTimingTaskAllocationAverage: 0.0014487991341991338
StatTimingTaskAllocationOverall: 0.3346725999999999
StatTimingTaskAllocationCount: 231
StatTimingItemStorageAverage: 8.948275862069021E-07
StatTimingItemStorageOverall: 0.0005709000000000035
StatTimingItemStorageCount: 638
StatTimingPodStorageAverage: 0.0012505828828828815
StatTimingPodStorageOverall: 0.13881469999999985
StatTimingPodStorageCount: 111
StatTimingReplenishmentBatchingAverage: 1.065E-05
StatTimingReplenishmentBatchingOverall: 2.13E-05
StatTimingReplenishmentBatchingCount: 2
StatTimingOrderBatchingAverage: 8.11693135935397E-05
StatTimingOrderBatchingOverall: 0.060308799999999996
StatTimingOrderBatchingCount: 743
>>> Overall
StatOverallBundlesPlaced: 0
StatOverallItemsOrdered: 654
StatOverallOrdersPlaced: 421
StatOverallBundlesRejected: 0
StatOverallOrdersRejected: 0
StatOverallBundlesHandled: 0
StatOverallItemsHandled: 656
StatOverallLinesHandled: 620
StatOverallOrdersHandled: 431
StatOverallCollisions: 0
StatOverallDistanceTraveled: 5354.8788077212375
StatOverallDistanceEstimated: 5213
StatOverallAssignedTasks: 231
StatMaxMemoryUsed: 113,78515625
StatRealTimeUsed: 0.9349443
StatAverageTurnoverTime: 489.63295225767394
StatMedianTurnoverTime: 320.3684271247439
StatLowerQuartileTurnoverTime: 162.14231601363525
StatUpperQuartileTurnoverTime: 695.6714790838405
StatAverageThroughputTime: 110.89717210107675
StatMedianThroughputTime: 20.54388888888934
StatLowerQuartileThroughputTime: 12.510093791413055
StatUpperQuartileThroughputTime: 82.99888888888884

Marked tag finished after 1 tries!
.Fin. - SUCCESS
<<< Welcome to the RAWSimO CLI >>>
The time is: 06/07/2024 14:00:24
Starting RAWSimO wrapper with the following arguments:
Instance: ..\..\..\..\Material\Instances\0.Weighted30min Demand separate\Db\Weighted2.xinst
Setting: ..\..\..\..\Material\Instances\0.Weighted30min Demand separate\Db\Weighted2.xsett
ControlConfig: ..\..\..\..\Material\Instances\0.Weighted30min Demand separate\Db\Weighted2.xconf
StatisticsDir: ..\..\..\..\Material\Instances\0.Weighted30min Demand separate\Db
Seed: 1
Additionally the following tag was passed: [[1, 0.059, 3]]
Adding handler for unhandled exceptions ...
Initializing ... 
Instance recognized!
Parsing setting config ...
Parsing control config ...
Parsing instance ...
StatisticsFolder: Weighted2-Db_[[1, 0.059, 3]]_1.csv-1
Done!
