Executing ... 
 19:27:58 | >>> Warming up ...
 00:00:00 | >>> Warmup finished - starting simulation ...
 Realtime |   ETA    |  Sim.Time  | Progress | #Orders | #Bundles | Inv. | Distance | #Coll. |   Memory    
 00:00:00 |   n/a    | 0.00:00:00 |  0.00%   |    0    |    0     | 60%  |    0     |   0    | 113.57MB  
 00:00:00 | Cannot generate further orders - suspending generation for now
 00:00:00 | Cannot generate further orders - suspending generation for now
 00:00:00 | Cannot generate further orders - suspending generation for now
 00:00:00 | Cannot generate further orders - suspending generation for now
 00:00:00 | Cannot generate further orders - suspending generation for now
 00:00:00 | Cannot generate further orders - suspending generation for now
 00:00:00 | Cannot generate further orders - suspending generation for now
 00:00:00 | 00:00:00 | 0.00:30:00 | 100.00%  |   476   |    0     | 17%  |   5111   |   0    | 115.54MB  
 00:00:00 | >>> Simulation finished - writing results ...
 00:00:00 | >>> Results written
Simulation finished.
>>> Timings
StatTimingPathPlanningAverage: 7.906495925494757E-05
StatTimingPathPlanningOverall: 0.06791679999999996
StatTimingPathPlanningCount: 859
StatTimingTaskAllocationAverage: 0.0016245626794258372
StatTimingTaskAllocationOverall: 0.3395336
StatTimingTaskAllocationCount: 209
StatTimingItemStorageAverage: 8.589310829817203E-07
StatTimingItemStorageOverall: 0.0006107000000000032
StatTimingItemStorageCount: 711
StatTimingPodStorageAverage: 0.001399329702970297
StatTimingPodStorageOverall: 0.1413323
StatTimingPodStorageCount: 101
StatTimingReplenishmentBatchingAverage: 8.1E-06
StatTimingReplenishmentBatchingOverall: 1.62E-05
StatTimingReplenishmentBatchingCount: 2
StatTimingOrderBatchingAverage: 7.465086206896547E-05
StatTimingOrderBatchingOverall: 0.06061649999999997
StatTimingOrderBatchingCount: 812
>>> Overall
StatOverallBundlesPlaced: 0
StatOverallItemsOrdered: 666
StatOverallOrdersPlaced: 426
StatOverallBundlesRejected: 0
StatOverallOrdersRejected: 0
StatOverallBundlesHandled: 0
StatOverallItemsHandled: 718
StatOverallLinesHandled: 677
StatOverallOrdersHandled: 476
StatOverallCollisions: 0
StatOverallDistanceTraveled: 5111.484713145172
StatOverallDistanceEstimated: 5018
StatOverallAssignedTasks: 209
StatMaxMemoryUsed: 118,3515625
StatRealTimeUsed: 0.8963462
StatAverageTurnoverTime: 475.64063465816065
StatMedianTurnoverTime: 349.9082251560761
StatLowerQuartileTurnoverTime: 153.81676045807947
StatUpperQuartileTurnoverTime: 678.1513924853499
StatAverageThroughputTime: 90.7038591055083
StatMedianThroughputTime: 23.891298693936733
StatLowerQuartileThroughputTime: 14.52722222222269
StatUpperQuartileThroughputTime: 80.65444444444495

Marked tag finished after 1 tries!
.Fin. - SUCCESS
<<< Welcome to the RAWSimO CLI >>>
The time is: 06/25/2024 19:27:59
Starting RAWSimO wrapper with the following arguments:
Instance: ..\..\..\..\Material\Instances\10.Weighted30min Demand Gall\Dr\Weighted2.xinst
Setting: ..\..\..\..\Material\Instances\10.Weighted30min Demand Gall\Dr\Weighted2.xsett
ControlConfig: ..\..\..\..\Material\Instances\10.Weighted30min Demand Gall\Dr\Weighted2.xconf
StatisticsDir: ..\..\..\..\Material\Instances\10.Weighted30min Demand Gall\Dr
Seed: 6
Additionally the following tag was passed: 1, 1.4554545454545456, 1.0, 0.215, 0.148, 1.0
Adding handler for unhandled exceptions ...
Initializing ... 
Instance recognized!
Parsing setting config ...
Parsing control config ...
Parsing instance ...
StatisticsFolder: Weighted2-Dr_[[1, 1.4554545454545456, 1.0]]_2_[0.215, 0.148, 1.0].csv-6
Done!
