Executing ... 
 09:46:28 | >>> Warming up ...
 00:00:00 | >>> Warmup finished - starting simulation ...
 Realtime |   ETA    |  Sim.Time  | Progress | #Orders | #Bundles | Inv. | Distance | #Coll. |   Memory    
 00:00:00 |   n/a    | 0.00:00:00 |  0.00%   |    0    |    0     | 60%  |    0     |   0    | 148.41MB  
 00:00:00 | Cannot generate further orders - suspending generation for now
 00:00:00 | Cannot generate further orders - suspending generation for now
 00:00:00 | Cannot generate further orders - suspending generation for now
 00:00:00 | Cannot generate further orders - suspending generation for now
 00:00:01 | Cannot generate further orders - suspending generation for now
 00:00:01 | Cannot generate further orders - suspending generation for now
 00:00:01 | Cannot generate further orders - suspending generation for now
 00:00:01 | Cannot generate further orders - suspending generation for now
 00:00:01 | Cannot generate further orders - suspending generation for now
 00:00:01 | 00:00:00 | 0.00:30:00 | 100.00%  |   468   |    0     | 17%  |   5230   |   0    | 144.08MB  
 00:00:01 | >>> Simulation finished - writing results ...
 00:00:01 | >>> Results written
Simulation finished.
>>> Timings
StatTimingPathPlanningAverage: 9.585672853828318E-05
StatTimingPathPlanningOverall: 0.0826285000000001
StatTimingPathPlanningCount: 862
StatTimingTaskAllocationAverage: 0.002017864545454547
StatTimingTaskAllocationOverall: 0.44393020000000033
StatTimingTaskAllocationCount: 220
StatTimingItemStorageAverage: 1.0520231213872842E-06
StatTimingItemStorageOverall: 0.0007280000000000007
StatTimingItemStorageCount: 692
StatTimingPodStorageAverage: 0.0016096800000000003
StatTimingPodStorageOverall: 0.16901640000000004
StatTimingPodStorageCount: 105
StatTimingReplenishmentBatchingAverage: 7.75E-06
StatTimingReplenishmentBatchingOverall: 1.55E-05
StatTimingReplenishmentBatchingCount: 2
StatTimingOrderBatchingAverage: 9.644036458333331E-05
StatTimingOrderBatchingOverall: 0.07406619999999998
StatTimingOrderBatchingCount: 768
>>> Overall
StatOverallBundlesPlaced: 0
StatOverallItemsOrdered: 664
StatOverallOrdersPlaced: 416
StatOverallBundlesRejected: 0
StatOverallOrdersRejected: 0
StatOverallBundlesHandled: 0
StatOverallItemsHandled: 714
StatOverallLinesHandled: 676
StatOverallOrdersHandled: 468
StatOverallCollisions: 0
StatOverallDistanceTraveled: 5230.048644430844
StatOverallDistanceEstimated: 5116
StatOverallAssignedTasks: 220
StatMaxMemoryUsed: 148,4140625
StatRealTimeUsed: 1.1149855
StatAverageTurnoverTime: 456.1213206319476
StatMedianTurnoverTime: 292.1524098050487
StatLowerQuartileTurnoverTime: 157.4856493469685
StatUpperQuartileTurnoverTime: 625.1502813742419
StatAverageThroughputTime: 94.56504069839723
StatMedianThroughputTime: 21.08944444444444
StatLowerQuartileThroughputTime: 12.86388888888888
StatUpperQuartileThroughputTime: 81.33343431767366

Marked tag finished after 1 tries!
.Fin. - SUCCESS
<<< Welcome to the RAWSimO CLI >>>
The time is: 06/13/2024 09:46:30
Starting RAWSimO wrapper with the following arguments:
Instance: ..\..\..\..\Material\Instances\0.Weighted30min Demand separate\Db\Weighted2.xinst
Setting: ..\..\..\..\Material\Instances\0.Weighted30min Demand separate\Db\Weighted2.xsett
ControlConfig: ..\..\..\..\Material\Instances\0.Weighted30min Demand separate\Db\Weighted2.xconf
StatisticsDir: ..\..\..\..\Material\Instances\0.Weighted30min Demand separate\Db
Seed: 1
Additionally the following tag was passed: 1, 1.0478, 0.30400000000000005, 0.187, 0.2, 0.608
Adding handler for unhandled exceptions ...
Initializing ... 
Instance recognized!
Parsing setting config ...
Parsing control config ...
Parsing instance ...
StatisticsFolder: Weighted2-Db_[[1, 1.0478, 0.30400000000000005]]_3_[0.187, 0.2, 0.608].csv-1
Done!
