Executing ... 
 21:30:43 | >>> Warming up ...
 00:00:00 | >>> Warmup finished - starting simulation ...
 Realtime |   ETA    |  Sim.Time  | Progress | #Orders | #Bundles | Inv. | Distance | #Coll. |   Memory    
 00:00:00 |   n/a    | 0.00:00:00 |  0.00%   |    0    |    0     | 60%  |    0     |   0    |  78.09MB  
 00:00:00 | Cannot generate further orders - suspending generation for now
 00:00:01 | Cannot generate further orders - suspending generation for now
 00:00:01 | Cannot generate further orders - suspending generation for now
 00:00:01 | Cannot generate further orders - suspending generation for now
 00:00:01 | Cannot generate further orders - suspending generation for now
 00:00:01 | Cannot generate further orders - suspending generation for now
 00:00:01 | Cannot generate further orders - suspending generation for now
 00:00:01 | 00:00:00 | 0.00:30:00 | 100.00%  |   452   |    0     | 18%  |   5132   |   0    |  74.65MB  
 00:00:01 | >>> Simulation finished - writing results ...
 00:00:01 | >>> Results written
Simulation finished.
>>> Timings
StatTimingPathPlanningAverage: 9.892496969696954E-05
StatTimingPathPlanningOverall: 0.08161309999999987
StatTimingPathPlanningCount: 825
StatTimingTaskAllocationAverage: 0.002182448130841124
StatTimingTaskAllocationOverall: 0.4670439000000005
StatTimingTaskAllocationCount: 214
StatTimingItemStorageAverage: 1.2895043731778398E-06
StatTimingItemStorageOverall: 0.0008845999999999981
StatTimingItemStorageCount: 686
StatTimingPodStorageAverage: 0.0018773631067961173
StatTimingPodStorageOverall: 0.19336840000000008
StatTimingPodStorageCount: 103
StatTimingReplenishmentBatchingAverage: 9.100000000000001E-06
StatTimingReplenishmentBatchingOverall: 1.8200000000000002E-05
StatTimingReplenishmentBatchingCount: 2
StatTimingOrderBatchingAverage: 0.00010927901726427601
StatTimingOrderBatchingOverall: 0.08228709999999984
StatTimingOrderBatchingCount: 753
>>> Overall
StatOverallBundlesPlaced: 0
StatOverallItemsOrdered: 667
StatOverallOrdersPlaced: 414
StatOverallBundlesRejected: 0
StatOverallOrdersRejected: 0
StatOverallBundlesHandled: 0
StatOverallItemsHandled: 702
StatOverallLinesHandled: 662
StatOverallOrdersHandled: 452
StatOverallCollisions: 0
StatOverallDistanceTraveled: 5132.221785774995
StatOverallDistanceEstimated: 5000
StatOverallAssignedTasks: 214
StatMaxMemoryUsed: 78,08984375
StatRealTimeUsed: 1.161486
StatAverageTurnoverTime: 460.4588645220511
StatMedianTurnoverTime: 297.4179653606036
StatLowerQuartileTurnoverTime: 108.2933333333334
StatUpperQuartileTurnoverTime: 734.3533333333335
StatAverageThroughputTime: 87.40998622271799
StatMedianThroughputTime: 20.652777777778283
StatLowerQuartileThroughputTime: 12.80444444444447
StatUpperQuartileThroughputTime: 82.17555555555558

Marked tag finished after 1 tries!
.Fin. - SUCCESS
<<< Welcome to the RAWSimO CLI >>>
The time is: 06/12/2024 21:30:44
Starting RAWSimO wrapper with the following arguments:
Instance: ..\..\..\..\Material\Instances\0.Weighted30min Demand separate\Da\Weighted2.xinst
Setting: ..\..\..\..\Material\Instances\0.Weighted30min Demand separate\Da\Weighted2.xsett
ControlConfig: ..\..\..\..\Material\Instances\0.Weighted30min Demand separate\Da\Weighted2.xconf
StatisticsDir: ..\..\..\..\Material\Instances\0.Weighted30min Demand separate\Da
Seed: 4
Additionally the following tag was passed: 1, 7.513, 0.5455, 0.198, 0.1, 0.359
Adding handler for unhandled exceptions ...
Initializing ... 
Instance recognized!
Parsing setting config ...
Parsing control config ...
Parsing instance ...
StatisticsFolder: Weighted2-Da_[[1, 7.513, 0.5455]]_2_[0.198, 0.1, 0.359].csv-4
Done!
