Executing ... 
 19:27:41 | >>> Warming up ...
 00:00:00 | >>> Warmup finished - starting simulation ...
 Realtime |   ETA    |  Sim.Time  | Progress | #Orders | #Bundles | Inv. | Distance | #Coll. |   Memory    
 00:00:00 |   n/a    | 0.00:00:00 |  0.00%   |    0    |    0     | 60%  |    0     |   0    | 131.80MB  
 00:00:00 | Cannot generate further orders - suspending generation for now
 00:00:00 | Cannot generate further orders - suspending generation for now
 00:00:00 | Cannot generate further orders - suspending generation for now
 00:00:00 | Cannot generate further orders - suspending generation for now
 00:00:00 | Cannot generate further orders - suspending generation for now
 00:00:00 | Cannot generate further orders - suspending generation for now
 00:00:00 | Cannot generate further orders - suspending generation for now
 00:00:00 | Cannot generate further orders - suspending generation for now
 00:00:00 | Cannot generate further orders - suspending generation for now
 00:00:00 | Cannot generate further orders - suspending generation for now
 00:00:00 | 00:00:00 | 0.00:30:00 | 100.00%  |   480   |    0     | 16%  |   4840   |   0    | 126.89MB  
 00:00:00 | >>> Simulation finished - writing results ...
 00:00:00 | >>> Results written
Simulation finished.
>>> Timings
StatTimingPathPlanningAverage: 9.534369158878494E-05
StatTimingPathPlanningOverall: 0.0816141999999999
StatTimingPathPlanningCount: 856
StatTimingTaskAllocationAverage: 0.0015229009803921566
StatTimingTaskAllocationOverall: 0.31067179999999994
StatTimingTaskAllocationCount: 204
StatTimingItemStorageAverage: 1.0182328190743348E-06
StatTimingItemStorageOverall: 0.0007260000000000006
StatTimingItemStorageCount: 713
StatTimingPodStorageAverage: 0.0014639082474226797
StatTimingPodStorageOverall: 0.14199909999999993
StatTimingPodStorageCount: 97
StatTimingReplenishmentBatchingAverage: 7.95E-06
StatTimingReplenishmentBatchingOverall: 1.59E-05
StatTimingReplenishmentBatchingCount: 2
StatTimingOrderBatchingAverage: 8.314893350062718E-05
StatTimingOrderBatchingOverall: 0.06626969999999986
StatTimingOrderBatchingCount: 797
>>> Overall
StatOverallBundlesPlaced: 0
StatOverallItemsOrdered: 657
StatOverallOrdersPlaced: 427
StatOverallBundlesRejected: 0
StatOverallOrdersRejected: 0
StatOverallBundlesHandled: 0
StatOverallItemsHandled: 733
StatOverallLinesHandled: 692
StatOverallOrdersHandled: 480
StatOverallCollisions: 0
StatOverallDistanceTraveled: 4839.757218625757
StatOverallDistanceEstimated: 4738
StatOverallAssignedTasks: 204
StatMaxMemoryUsed: 130,94921875
StatRealTimeUsed: 0.8805925
StatAverageTurnoverTime: 466.5028943887424
StatMedianTurnoverTime: 344.1313924853506
StatLowerQuartileTurnoverTime: 150.76907647171504
StatUpperQuartileTurnoverTime: 643.8172294151443
StatAverageThroughputTime: 90.78636844198942
StatMedianThroughputTime: 22.606666666666797
StatLowerQuartileThroughputTime: 12.808333333332712
StatUpperQuartileThroughputTime: 83.75500000000056

Marked tag finished after 1 tries!
.Fin. - SUCCESS
<<< Welcome to the RAWSimO CLI >>>
The time is: 06/25/2024 19:27:42
Starting RAWSimO wrapper with the following arguments:
Instance: ..\..\..\..\Material\Instances\10.Weighted30min Demand Gall\Dr\Weighted2.xinst
Setting: ..\..\..\..\Material\Instances\10.Weighted30min Demand Gall\Dr\Weighted2.xsett
ControlConfig: ..\..\..\..\Material\Instances\10.Weighted30min Demand Gall\Dr\Weighted2.xconf
StatisticsDir: ..\..\..\..\Material\Instances\10.Weighted30min Demand Gall\Dr
Seed: 3
Additionally the following tag was passed: 1, 1.310909090909091, 1.0, 0.211, 0.162, 1.0
Adding handler for unhandled exceptions ...
Initializing ... 
Instance recognized!
Parsing setting config ...
Parsing control config ...
Parsing instance ...
StatisticsFolder: Weighted2-Dr_[[1, 1.310909090909091, 1.0]]_3_[0.211, 0.162, 1.0].csv-3
Done!
