Executing ... 
 16:21:20 | >>> Warming up ...
 00:00:00 | >>> Warmup finished - starting simulation ...
 Realtime |   ETA    |  Sim.Time  | Progress | #Orders | #Bundles | Inv. | Distance | #Coll. |   Memory    
 00:00:00 |   n/a    | 0.00:00:00 |  0.00%   |    0    |    0     | 83%  |    0     |   0    | 102.18MB  
 00:00:00 | Reactivating bundle generation paused by inventory+reserved+backlog level (currently at: 0.6491666666666667)
 00:00:00 | Cannot generate further orders - suspending generation for now
 00:00:00 | Cannot generate further orders - suspending generation for now
 00:00:00 | Cannot generate further orders - suspending generation for now
 00:00:00 | Cannot generate further orders - suspending generation for now
 00:00:00 | 00:00:00 | 0.00:30:00 | 100.00%  |   424   |    0     | 31%  |   5415   |   0    | 103.85MB  
 00:00:00 | >>> Simulation finished - writing results ...
 00:00:00 | >>> Results written
Simulation finished.
>>> Timings
StatTimingPathPlanningAverage: 7.618659549228931E-05
StatTimingPathPlanningOverall: 0.06422529999999989
StatTimingPathPlanningCount: 843
StatTimingTaskAllocationAverage: 0.0009697716216216218
StatTimingTaskAllocationOverall: 0.21528930000000004
StatTimingTaskAllocationCount: 222
StatTimingItemStorageAverage: 1.0521172638436477E-06
StatTimingItemStorageOverall: 0.0006459999999999997
StatTimingItemStorageCount: 614
StatTimingPodStorageAverage: 0.0007904066037735847
StatTimingPodStorageOverall: 0.08378309999999999
StatTimingPodStorageCount: 106
StatTimingReplenishmentBatchingAverage: 7.25E-06
StatTimingReplenishmentBatchingOverall: 2.9E-05
StatTimingReplenishmentBatchingCount: 4
StatTimingOrderBatchingAverage: 8.666990553306333E-05
StatTimingOrderBatchingOverall: 0.06422239999999993
StatTimingOrderBatchingCount: 741
>>> Overall
StatOverallBundlesPlaced: 180
StatOverallItemsOrdered: 666
StatOverallOrdersPlaced: 422
StatOverallBundlesRejected: 0
StatOverallOrdersRejected: 0
StatOverallBundlesHandled: 0
StatOverallItemsHandled: 632
StatOverallLinesHandled: 594
StatOverallOrdersHandled: 424
StatOverallCollisions: 0
StatOverallDistanceTraveled: 5414.513333333329
StatOverallDistanceEstimated: 5241
StatOverallAssignedTasks: 222
StatMaxMemoryUsed: 106,00390625
StatRealTimeUsed: 0.8133935
StatAverageTurnoverTime: 477.7545616524555
StatMedianTurnoverTime: 382.15732320655684
StatLowerQuartileTurnoverTime: 193.19722941514374
StatUpperQuartileTurnoverTime: 670.9472366080657
StatAverageThroughputTime: 100.24703495436778
StatMedianThroughputTime: 25.437777777777796
StatLowerQuartileThroughputTime: 15.657871569190775
StatUpperQuartileThroughputTime: 77.26555555555558

Marked tag finished after 1 tries!
.Fin. - SUCCESS
<<< Welcome to the RAWSimO CLI >>>
The time is: 06/03/2024 16:21:21
Starting RAWSimO wrapper with the following arguments:
Instance: ..\..\..\..\Material\Instances\0.Weighted30min\Weighted6.xinst
Setting: ..\..\..\..\Material\Instances\0.Weighted30min\WeightedScenario.xsett
ControlConfig: ..\..\..\..\Material\Instances\0.Weighted30min\WeightedScenario.xconf
StatisticsDir: ..\..\..\..\Material\Instances\0.Weighted30min
Seed: 1
Additionally the following tag was passed: Dcwhigh
Adding handler for unhandled exceptions ...
Initializing ... 
Instance recognized!
Parsing setting config ...
Parsing control config ...
Parsing instance ...
StatisticsFolder: WeightedScenario-Dc_whigh_1.csv-1
Done!
