Executing ... 
 09:45:21 | >>> Warming up ...
 00:00:00 | >>> Warmup finished - starting simulation ...
 Realtime |   ETA    |  Sim.Time  | Progress | #Orders | #Bundles | Inv. | Distance | #Coll. |   Memory    
 00:00:00 |   n/a    | 0.00:00:00 |  0.00%   |    0    |    0     | 60%  |    0     |   0    |  78.50MB  
 00:00:01 | Cannot generate further orders - suspending generation for now
 00:00:01 | Cannot generate further orders - suspending generation for now
 00:00:01 | Cannot generate further orders - suspending generation for now
 00:00:01 | Cannot generate further orders - suspending generation for now
 00:00:01 | Cannot generate further orders - suspending generation for now
 00:00:01 | Cannot generate further orders - suspending generation for now
 00:00:01 | Cannot generate further orders - suspending generation for now
 00:00:01 | 00:00:00 | 0.00:30:00 | 100.00%  |   447   |    0     | 18%  |   5209   |   0    |  79.30MB  
 00:00:01 | >>> Simulation finished - writing results ...
 00:00:01 | >>> Results written
Simulation finished.
>>> Timings
StatTimingPathPlanningAverage: 0.00015622778415614236
StatTimingPathPlanningOverall: 0.13607439999999998
StatTimingPathPlanningCount: 871
StatTimingTaskAllocationAverage: 0.002736713242009135
StatTimingTaskAllocationOverall: 0.5993402000000005
StatTimingTaskAllocationCount: 219
StatTimingItemStorageAverage: 1.9189910979228453E-06
StatTimingItemStorageOverall: 0.0012933999999999977
StatTimingItemStorageCount: 674
StatTimingPodStorageAverage: 0.002265040566037737
StatTimingPodStorageOverall: 0.2400943000000001
StatTimingPodStorageCount: 106
StatTimingReplenishmentBatchingAverage: 1.005E-05
StatTimingReplenishmentBatchingOverall: 2.01E-05
StatTimingReplenishmentBatchingCount: 2
StatTimingOrderBatchingAverage: 0.00014615426666666665
StatTimingOrderBatchingOverall: 0.10961569999999998
StatTimingOrderBatchingCount: 750
>>> Overall
StatOverallBundlesPlaced: 0
StatOverallItemsOrdered: 659
StatOverallOrdersPlaced: 412
StatOverallBundlesRejected: 0
StatOverallOrdersRejected: 0
StatOverallBundlesHandled: 0
StatOverallItemsHandled: 693
StatOverallLinesHandled: 656
StatOverallOrdersHandled: 447
StatOverallCollisions: 0
StatOverallDistanceTraveled: 5208.752208135412
StatOverallDistanceEstimated: 5047
StatOverallAssignedTasks: 219
StatMaxMemoryUsed: 82,765625
StatRealTimeUsed: 1.5667822
StatAverageTurnoverTime: 487.5844429784512
StatMedianTurnoverTime: 363.73141406411855
StatLowerQuartileTurnoverTime: 162.96018758282574
StatUpperQuartileTurnoverTime: 666.1763780995068
StatAverageThroughputTime: 103.93286045231295
StatMedianThroughputTime: 24.08888888888896
StatLowerQuartileThroughputTime: 16.13333333333344
StatUpperQuartileThroughputTime: 93.43453823585764

Marked tag finished after 1 tries!
.Fin. - SUCCESS
<<< Welcome to the RAWSimO CLI >>>
The time is: 06/13/2024 09:45:22
Starting RAWSimO wrapper with the following arguments:
Instance: ..\..\..\..\Material\Instances\0.Weighted30min Demand separate\Db\Weighted2.xinst
Setting: ..\..\..\..\Material\Instances\0.Weighted30min Demand separate\Db\Weighted2.xsett
ControlConfig: ..\..\..\..\Material\Instances\0.Weighted30min Demand separate\Db\Weighted2.xconf
StatisticsDir: ..\..\..\..\Material\Instances\0.Weighted30min Demand separate\Db
Seed: 1
Additionally the following tag was passed: 1, 0.8006, 0.549, 0.209, 0.26, 0.383
Adding handler for unhandled exceptions ...
Initializing ... 
Instance recognized!
Parsing setting config ...
Parsing control config ...
Parsing instance ...
StatisticsFolder: Weighted2-Db_[[1, 0.8006, 0.549]]_1_[0.209, 0.26, 0.383].csv-1
Done!
