Executing ... 
 16:21:06 | >>> Warming up ...
 00:00:00 | >>> Warmup finished - starting simulation ...
 Realtime |   ETA    |  Sim.Time  | Progress | #Orders | #Bundles | Inv. | Distance | #Coll. |   Memory    
 00:00:00 |   n/a    | 0.00:00:00 |  0.00%   |    0    |    0     | 60%  |    0     |   0    |  90.66MB  
 00:00:01 | Cannot generate further orders - suspending generation for now
 00:00:01 | Cannot generate further orders - suspending generation for now
 00:00:01 | Cannot generate further orders - suspending generation for now
 00:00:01 | Cannot generate further orders - suspending generation for now
 00:00:01 | Cannot generate further orders - suspending generation for now
 00:00:01 | Cannot generate further orders - suspending generation for now
 00:00:01 | Cannot generate further orders - suspending generation for now
 00:00:01 | Cannot generate further orders - suspending generation for now
 00:00:01 | 00:00:00 | 0.00:30:00 | 100.00%  |   453   |    0     | 18%  |   5187   |   0    |  88.82MB  
 00:00:01 | >>> Simulation finished - writing results ...
 00:00:01 | >>> Results written
Simulation finished.
>>> Timings
StatTimingPathPlanningAverage: 0.00011224891922639361
StatTimingPathPlanningOverall: 0.09866679999999999
StatTimingPathPlanningCount: 879
StatTimingTaskAllocationAverage: 0.0023124728110599075
StatTimingTaskAllocationOverall: 0.5018065999999999
StatTimingTaskAllocationCount: 217
StatTimingItemStorageAverage: 1.2410447761194016E-06
StatTimingItemStorageOverall: 0.0008314999999999991
StatTimingItemStorageCount: 670
StatTimingPodStorageAverage: 0.0019618721153846154
StatTimingPodStorageOverall: 0.2040347
StatTimingPodStorageCount: 104
StatTimingReplenishmentBatchingAverage: 7.9E-06
StatTimingReplenishmentBatchingOverall: 1.58E-05
StatTimingReplenishmentBatchingCount: 2
StatTimingOrderBatchingAverage: 0.00010796941813261162
StatTimingOrderBatchingOverall: 0.07978939999999998
StatTimingOrderBatchingCount: 739
>>> Overall
StatOverallBundlesPlaced: 0
StatOverallItemsOrdered: 661
StatOverallOrdersPlaced: 413
StatOverallBundlesRejected: 0
StatOverallOrdersRejected: 0
StatOverallBundlesHandled: 0
StatOverallItemsHandled: 696
StatOverallLinesHandled: 658
StatOverallOrdersHandled: 453
StatOverallCollisions: 0
StatOverallDistanceTraveled: 5186.7655388874455
StatOverallDistanceEstimated: 4954
StatOverallAssignedTasks: 217
StatMaxMemoryUsed: 90,66015625
StatRealTimeUsed: 1.2199401
StatAverageTurnoverTime: 453.8125610989828
StatMedianTurnoverTime: 355.4552885671596
StatLowerQuartileTurnoverTime: 189.58850653031573
StatUpperQuartileTurnoverTime: 590.39
StatAverageThroughputTime: 101.39530632555315
StatMedianThroughputTime: 20.39555555555559
StatLowerQuartileThroughputTime: 12.784646413115297
StatUpperQuartileThroughputTime: 90.15120490252525

Marked tag finished after 1 tries!
.Fin. - SUCCESS
<<< Welcome to the RAWSimO CLI >>>
The time is: 06/21/2024 16:21:07
Starting RAWSimO wrapper with the following arguments:
Instance: ..\..\..\..\Material\Instances\01.Weighted30min Demand Gall\Dr\Weighted2.xinst
Setting: ..\..\..\..\Material\Instances\01.Weighted30min Demand Gall\Dr\Weighted2.xsett
ControlConfig: ..\..\..\..\Material\Instances\01.Weighted30min Demand Gall\Dr\Weighted2.xconf
StatisticsDir: ..\..\..\..\Material\Instances\01.Weighted30min Demand Gall\Dr
Seed: 1
Additionally the following tag was passed: 1, 0.4642857142857143, 1.0, 0.159, 0.343, 1.0
Adding handler for unhandled exceptions ...
Initializing ... 
Instance recognized!
Parsing setting config ...
Parsing control config ...
Parsing instance ...
StatisticsFolder: Weighted2-Dr_[[1, 0.4642857142857143, 1.0]]_3_[0.159, 0.343, 1.0].csv-1
Done!
