Executing ... 
 10:00:48 | >>> Warming up ...
 00:00:00 | >>> Warmup finished - starting simulation ...
 Realtime |   ETA    |  Sim.Time  | Progress | #Orders | #Bundles | Inv. | Distance | #Coll. |   Memory    
 00:00:00 |   n/a    | 0.00:00:00 |  0.00%   |    0    |    0     | 60%  |    0     |   0    | 109.21MB  
 00:00:00 | Cannot generate further orders - suspending generation for now
 00:00:00 | Cannot generate further orders - suspending generation for now
 00:00:01 | Cannot generate further orders - suspending generation for now
 00:00:01 | Cannot generate further orders - suspending generation for now
 00:00:01 | Cannot generate further orders - suspending generation for now
 00:00:01 | Cannot generate further orders - suspending generation for now
 00:00:01 | Cannot generate further orders - suspending generation for now
 00:00:01 | Cannot generate further orders - suspending generation for now
 00:00:01 | Cannot generate further orders - suspending generation for now
 00:00:01 | Pausing order generation due to inventory level (currently at: 0.0875)
 00:00:01 | 00:00:00 | 0.00:30:00 | 100.00%  |   568   |    0     |  5%  |   4290   |   0    | 105.36MB  
 00:00:01 | >>> Simulation finished - writing results ...
 00:00:01 | >>> Results written
Simulation finished.
>>> Timings
StatTimingPathPlanningAverage: 0.0001414894308943092
StatTimingPathPlanningOverall: 0.1044192000000002
StatTimingPathPlanningCount: 738
StatTimingTaskAllocationAverage: 0.0029806023255813953
StatTimingTaskAllocationOverall: 0.5126636
StatTimingTaskAllocationCount: 172
StatTimingItemStorageAverage: 1.6068571428571361E-06
StatTimingItemStorageOverall: 0.001405999999999994
StatTimingItemStorageCount: 875
StatTimingPodStorageAverage: 0.002627845679012347
StatTimingPodStorageOverall: 0.21285550000000011
StatTimingPodStorageCount: 81
StatTimingReplenishmentBatchingAverage: 2.0150000000000002E-05
StatTimingReplenishmentBatchingOverall: 4.0300000000000004E-05
StatTimingReplenishmentBatchingCount: 2
StatTimingOrderBatchingAverage: 0.00012837082352941178
StatTimingOrderBatchingOverall: 0.10911520000000001
StatTimingOrderBatchingCount: 850
>>> Overall
StatOverallBundlesPlaced: 0
StatOverallItemsOrdered: 667
StatOverallOrdersPlaced: 416
StatOverallBundlesRejected: 0
StatOverallOrdersRejected: 0
StatOverallBundlesHandled: 0
StatOverallItemsHandled: 924
StatOverallLinesHandled: 882
StatOverallOrdersHandled: 568
StatOverallCollisions: 0
StatOverallDistanceTraveled: 4290.122207836351
StatOverallDistanceEstimated: 4198
StatOverallAssignedTasks: 172
StatMaxMemoryUsed: 109,66796875
StatRealTimeUsed: 1.3601235
StatAverageTurnoverTime: 467.8681905929552
StatMedianTurnoverTime: 314.6831457505088
StatLowerQuartileTurnoverTime: 119.57055555555598
StatUpperQuartileTurnoverTime: 685.6537950974761
StatAverageThroughputTime: 85.42892933257698
StatMedianThroughputTime: 43.30500000000097
StatLowerQuartileThroughputTime: 26.73111111111143
StatUpperQuartileThroughputTime: 79.23963202727022

Marked tag finished after 1 tries!
.Fin. - SUCCESS
<<< Welcome to the RAWSimO CLI >>>
The time is: 06/13/2024 10:00:50
Starting RAWSimO wrapper with the following arguments:
Instance: ..\..\..\..\Material\Instances\0.Weighted30min Demand separate\De\Weighted2.xinst
Setting: ..\..\..\..\Material\Instances\0.Weighted30min Demand separate\De\Weighted2.xsett
ControlConfig: ..\..\..\..\Material\Instances\0.Weighted30min Demand separate\De\Weighted2.xconf
StatisticsDir: ..\..\..\..\Material\Instances\0.Weighted30min Demand separate\De
Seed: 1
Additionally the following tag was passed: 1, 1.0, 0.058, 0.174, 0.167, 1.0
Adding handler for unhandled exceptions ...
Initializing ... 
Instance recognized!
Parsing setting config ...
Parsing control config ...
Parsing instance ...
StatisticsFolder: Weighted2-De_[[1, 1.0, 0.058]]_3_[0.174, 0.167, 1.0].csv-1
Done!
