Executing ... 
 19:26:22 | >>> Warming up ...
 00:00:00 | >>> Warmup finished - starting simulation ...
 Realtime |   ETA    |  Sim.Time  | Progress | #Orders | #Bundles | Inv. | Distance | #Coll. |   Memory    
 00:00:00 |   n/a    | 0.00:00:00 |  0.00%   |    0    |    0     | 60%  |    0     |   0    |  88.00MB  
 00:00:00 | Cannot generate further orders - suspending generation for now
 00:00:00 | Cannot generate further orders - suspending generation for now
 00:00:00 | Cannot generate further orders - suspending generation for now
 00:00:00 | Cannot generate further orders - suspending generation for now
 00:00:00 | Cannot generate further orders - suspending generation for now
 00:00:00 | Cannot generate further orders - suspending generation for now
 00:00:00 | Cannot generate further orders - suspending generation for now
 00:00:00 | Cannot generate further orders - suspending generation for now
 00:00:00 | Cannot generate further orders - suspending generation for now
 00:00:00 | 00:00:00 | 0.00:30:00 | 100.00%  |   473   |    0     | 16%  |   5198   |   0    |  93.36MB  
 00:00:00 | >>> Simulation finished - writing results ...
 00:00:00 | >>> Results written
Simulation finished.
>>> Timings
StatTimingPathPlanningAverage: 7.886161251504213E-05
StatTimingPathPlanningOverall: 0.06553400000000001
StatTimingPathPlanningCount: 831
StatTimingTaskAllocationAverage: 0.0017248527522935766
StatTimingTaskAllocationOverall: 0.3760178999999997
StatTimingTaskAllocationCount: 218
StatTimingItemStorageAverage: 9.091036414565864E-07
StatTimingItemStorageOverall: 0.0006491000000000027
StatTimingItemStorageCount: 714
StatTimingPodStorageAverage: 0.0014772115384615388
StatTimingPodStorageOverall: 0.15363000000000004
StatTimingPodStorageCount: 104
StatTimingReplenishmentBatchingAverage: 7.9E-06
StatTimingReplenishmentBatchingOverall: 1.58E-05
StatTimingReplenishmentBatchingCount: 2
StatTimingOrderBatchingAverage: 8.432595419847322E-05
StatTimingOrderBatchingOverall: 0.06628019999999996
StatTimingOrderBatchingCount: 786
>>> Overall
StatOverallBundlesPlaced: 0
StatOverallItemsOrdered: 645
StatOverallOrdersPlaced: 411
StatOverallBundlesRejected: 0
StatOverallOrdersRejected: 0
StatOverallBundlesHandled: 0
StatOverallItemsHandled: 731
StatOverallLinesHandled: 685
StatOverallOrdersHandled: 473
StatOverallCollisions: 0
StatOverallDistanceTraveled: 5198.383975308227
StatOverallDistanceEstimated: 5046
StatOverallAssignedTasks: 218
StatMaxMemoryUsed: 94,546875
StatRealTimeUsed: 0.9260408
StatAverageTurnoverTime: 451.6715383204922
StatMedianTurnoverTime: 332.57093072120676
StatLowerQuartileTurnoverTime: 131.97898268030173
StatUpperQuartileTurnoverTime: 652.4676045807981
StatAverageThroughputTime: 101.52944459651471
StatMedianThroughputTime: 24.4883333333334
StatLowerQuartileThroughputTime: 15.776111111111277
StatUpperQuartileThroughputTime: 91.06287156919052

Marked tag finished after 1 tries!
.Fin. - SUCCESS
<<< Welcome to the RAWSimO CLI >>>
The time is: 06/25/2024 19:26:23
Starting RAWSimO wrapper with the following arguments:
Instance: ..\..\..\..\Material\Instances\10.Weighted30min Demand Gall\Dr\Weighted2.xinst
Setting: ..\..\..\..\Material\Instances\10.Weighted30min Demand Gall\Dr\Weighted2.xsett
ControlConfig: ..\..\..\..\Material\Instances\10.Weighted30min Demand Gall\Dr\Weighted2.xconf
StatisticsDir: ..\..\..\..\Material\Instances\10.Weighted30min Demand Gall\Dr
Seed: 6
Additionally the following tag was passed: 1, 0.7327272727272728, 1.0, 0.185, 0.252, 1.0
Adding handler for unhandled exceptions ...
Initializing ... 
Instance recognized!
Parsing setting config ...
Parsing control config ...
Parsing instance ...
StatisticsFolder: Weighted2-Dr_[[1, 0.7327272727272728, 1.0]]_3_[0.185, 0.252, 1.0].csv-6
Done!
