Executing ... 
 09:53:41 | >>> Warming up ...
 00:00:00 | >>> Warmup finished - starting simulation ...
 Realtime |   ETA    |  Sim.Time  | Progress | #Orders | #Bundles | Inv. | Distance | #Coll. |   Memory    
 00:00:00 |   n/a    | 0.00:00:00 |  0.00%   |    0    |    0     | 60%  |    0     |   0    |  96.08MB  
 00:00:00 | Cannot generate further orders - suspending generation for now
 00:00:00 | Cannot generate further orders - suspending generation for now
 00:00:01 | Cannot generate further orders - suspending generation for now
 00:00:01 | Cannot generate further orders - suspending generation for now
 00:00:01 | Cannot generate further orders - suspending generation for now
 00:00:01 | Cannot generate further orders - suspending generation for now
 00:00:01 | Cannot generate further orders - suspending generation for now
 00:00:01 | Cannot generate further orders - suspending generation for now
 00:00:01 | Cannot generate further orders - suspending generation for now
 00:00:01 | Cannot generate further orders - suspending generation for now
 00:00:01 | Cannot generate further orders - suspending generation for now
 00:00:01 | 00:00:00 | 0.00:30:00 | 100.00%  |   520   |    0     | 12%  |   4863   |   0    |  92.59MB  
 00:00:01 | >>> Simulation finished - writing results ...
 00:00:01 | >>> Results written
Simulation finished.
>>> Timings
StatTimingPathPlanningAverage: 0.00013981783042394015
StatTimingPathPlanningOverall: 0.11213390000000001
StatTimingPathPlanningCount: 802
StatTimingTaskAllocationAverage: 0.002166392647058824
StatTimingTaskAllocationOverall: 0.4419441000000001
StatTimingTaskAllocationCount: 204
StatTimingItemStorageAverage: 1.4638352638352666E-06
StatTimingItemStorageOverall: 0.0011374000000000022
StatTimingItemStorageCount: 777
StatTimingPodStorageAverage: 0.001943713402061856
StatTimingPodStorageOverall: 0.18854020000000002
StatTimingPodStorageCount: 97
StatTimingReplenishmentBatchingAverage: 1.115E-05
StatTimingReplenishmentBatchingOverall: 2.23E-05
StatTimingReplenishmentBatchingCount: 2
StatTimingOrderBatchingAverage: 0.00013307937888198758
StatTimingOrderBatchingOverall: 0.1071289
StatTimingOrderBatchingCount: 805
>>> Overall
StatOverallBundlesPlaced: 0
StatOverallItemsOrdered: 636
StatOverallOrdersPlaced: 413
StatOverallBundlesRejected: 0
StatOverallOrdersRejected: 0
StatOverallBundlesHandled: 0
StatOverallItemsHandled: 802
StatOverallLinesHandled: 762
StatOverallOrdersHandled: 520
StatOverallCollisions: 0
StatOverallDistanceTraveled: 4862.735418175272
StatOverallDistanceEstimated: 4727
StatOverallAssignedTasks: 204
StatMaxMemoryUsed: 95,77734375
StatRealTimeUsed: 1.2801645
StatAverageTurnoverTime: 501.80408558074646
StatMedianTurnoverTime: 400.77648627676353
StatLowerQuartileTurnoverTime: 177.1179653606033
StatUpperQuartileTurnoverTime: 701.0460245126244
StatAverageThroughputTime: 88.55447612061289
StatMedianThroughputTime: 28.181666666666587
StatLowerQuartileThroughputTime: 16.390000000000015
StatUpperQuartileThroughputTime: 88.03555555555681

Marked tag finished after 1 tries!
.Fin. - SUCCESS
<<< Welcome to the RAWSimO CLI >>>
The time is: 06/13/2024 09:53:42
Starting RAWSimO wrapper with the following arguments:
Instance: ..\..\..\..\Material\Instances\0.Weighted30min Demand separate\Dd\Weighted2.xinst
Setting: ..\..\..\..\Material\Instances\0.Weighted30min Demand separate\Dd\Weighted2.xsett
ControlConfig: ..\..\..\..\Material\Instances\0.Weighted30min Demand separate\Dd\Weighted2.xconf
StatisticsDir: ..\..\..\..\Material\Instances\0.Weighted30min Demand separate\Dd
Seed: 3
Additionally the following tag was passed: 1, 0.05, 0.05, 0.18, 0.4, 0.6
Adding handler for unhandled exceptions ...
Initializing ... 
Instance recognized!
Parsing setting config ...
Parsing control config ...
Parsing instance ...
StatisticsFolder: Weighted2-Dd_[[1, 0.05, 0.05]]_3_[0.18, 0.4, 0.6].csv-3
Done!
