Executing ... 
 16:48:12 | >>> Warming up ...
 00:00:00 | >>> Warmup finished - starting simulation ...
 Realtime |   ETA    |  Sim.Time  | Progress | #Orders | #Bundles | Inv. | Distance | #Coll. |   Memory    
 00:00:00 |   n/a    | 0.00:00:00 |  0.00%   |    0    |    0     | 60%  |    0     |   0    | 112.98MB  
 00:00:00 | Cannot generate further orders - suspending generation for now
 00:00:00 | Cannot generate further orders - suspending generation for now
 00:00:00 | Cannot generate further orders - suspending generation for now
 00:00:00 | Cannot generate further orders - suspending generation for now
 00:00:00 | Cannot generate further orders - suspending generation for now
 00:00:00 | Cannot generate further orders - suspending generation for now
 00:00:00 | Cannot generate further orders - suspending generation for now
 00:00:00 | Cannot generate further orders - suspending generation for now
 00:00:00 | Cannot generate further orders - suspending generation for now
 00:00:00 | 00:00:00 | 0.00:30:00 | 100.00%  |   445   |    0     | 21%  |   5320   |   0    | 108.12MB  
 00:00:00 | >>> Simulation finished - writing results ...
 00:00:01 | >>> Results written
Simulation finished.
>>> Timings
StatTimingPathPlanningAverage: 9.119454342984403E-05
StatTimingPathPlanningOverall: 0.08189269999999994
StatTimingPathPlanningCount: 898
StatTimingTaskAllocationAverage: 0.0015544436123348015
StatTimingTaskAllocationOverall: 0.35285869999999997
StatTimingTaskAllocationCount: 227
StatTimingItemStorageAverage: 1.0604687500000049E-06
StatTimingItemStorageOverall: 0.0006787000000000031
StatTimingItemStorageCount: 640
StatTimingPodStorageAverage: 0.0012855211009174309
StatTimingPodStorageOverall: 0.14012179999999996
StatTimingPodStorageCount: 109
StatTimingReplenishmentBatchingAverage: 7.5500000000000006E-06
StatTimingReplenishmentBatchingOverall: 1.5100000000000001E-05
StatTimingReplenishmentBatchingCount: 2
StatTimingOrderBatchingAverage: 8.907077131258458E-05
StatTimingOrderBatchingOverall: 0.0658233
StatTimingOrderBatchingCount: 739
>>> Overall
StatOverallBundlesPlaced: 0
StatOverallItemsOrdered: 610
StatOverallOrdersPlaced: 394
StatOverallBundlesRejected: 0
StatOverallOrdersRejected: 0
StatOverallBundlesHandled: 0
StatOverallItemsHandled: 655
StatOverallLinesHandled: 615
StatOverallOrdersHandled: 445
StatOverallCollisions: 0
StatOverallDistanceTraveled: 5319.814289719087
StatOverallDistanceEstimated: 5148
StatOverallAssignedTasks: 227
StatMaxMemoryUsed: 112,98046875
StatRealTimeUsed: 0.9927757
StatAverageTurnoverTime: 440.733498241125
StatMedianTurnoverTime: 265.09629869393825
StatLowerQuartileTurnoverTime: 106.46564934696848
StatUpperQuartileTurnoverTime: 586.1135209161592
StatAverageThroughputTime: 101.864768179469
StatMedianThroughputTime: 17.397316013635077
StatLowerQuartileThroughputTime: 12.506111111111295
StatUpperQuartileThroughputTime: 75.31101731969818

Marked tag finished after 1 tries!
.Fin. - SUCCESS
<<< Welcome to the RAWSimO CLI >>>
The time is: 06/03/2024 16:48:13
Starting RAWSimO wrapper with the following arguments:
Instance: ..\..\..\..\Material\Instances\0.Weighted30min\Weighted2.xinst
Setting: ..\..\..\..\Material\Instances\0.Weighted30min\Weighted2.xsett
ControlConfig: ..\..\..\..\Material\Instances\0.Weighted30min\Weighted2.xconf
StatisticsDir: ..\..\..\..\Material\Instances\0.Weighted30min
Seed: 1
Additionally the following tag was passed: Dcwlow
Adding handler for unhandled exceptions ...
Initializing ... 
Instance recognized!
Parsing setting config ...
Parsing control config ...
Parsing instance ...
StatisticsFolder: Weighted2-Dc_wlow_2.csv-1
Done!
