Executing ... 
 16:22:21 | >>> Warming up ...
 00:00:00 | >>> Warmup finished - starting simulation ...
 Realtime |   ETA    |  Sim.Time  | Progress | #Orders | #Bundles | Inv. | Distance | #Coll. |   Memory    
 00:00:00 |   n/a    | 0.00:00:00 |  0.00%   |    0    |    0     | 60%  |    0     |   0    |  91.08MB  
 00:00:01 | Cannot generate further orders - suspending generation for now
 00:00:01 | Cannot generate further orders - suspending generation for now
 00:00:01 | Cannot generate further orders - suspending generation for now
 00:00:01 | Cannot generate further orders - suspending generation for now
 00:00:01 | Cannot generate further orders - suspending generation for now
 00:00:01 | Cannot generate further orders - suspending generation for now
 00:00:01 | Cannot generate further orders - suspending generation for now
 00:00:01 | Cannot generate further orders - suspending generation for now
 00:00:01 | Cannot generate further orders - suspending generation for now
 00:00:01 | 00:00:00 | 0.00:30:00 | 100.00%  |   476   |    0     | 16%  |   5012   |   0    |  87.04MB  
 00:00:01 | >>> Simulation finished - writing results ...
 00:00:01 | >>> Results written
Simulation finished.
>>> Timings
StatTimingPathPlanningAverage: 0.00015395547619047613
StatTimingPathPlanningOverall: 0.12932259999999995
StatTimingPathPlanningCount: 840
StatTimingTaskAllocationAverage: 0.0023653504807692296
StatTimingTaskAllocationOverall: 0.49199289999999973
StatTimingTaskAllocationCount: 208
StatTimingItemStorageAverage: 1.323347398030943E-06
StatTimingItemStorageOverall: 0.0009409000000000005
StatTimingItemStorageCount: 711
StatTimingPodStorageAverage: 0.0019181059999999997
StatTimingPodStorageOverall: 0.19181059999999997
StatTimingPodStorageCount: 100
StatTimingReplenishmentBatchingAverage: 1.115E-05
StatTimingReplenishmentBatchingOverall: 2.23E-05
StatTimingReplenishmentBatchingCount: 2
StatTimingOrderBatchingAverage: 0.00012533439086294417
StatTimingOrderBatchingOverall: 0.09876350000000002
StatTimingOrderBatchingCount: 788
>>> Overall
StatOverallBundlesPlaced: 0
StatOverallItemsOrdered: 649
StatOverallOrdersPlaced: 411
StatOverallBundlesRejected: 0
StatOverallOrdersRejected: 0
StatOverallBundlesHandled: 0
StatOverallItemsHandled: 736
StatOverallLinesHandled: 693
StatOverallOrdersHandled: 476
StatOverallCollisions: 0
StatOverallDistanceTraveled: 5012.116317213329
StatOverallDistanceEstimated: 4883
StatOverallAssignedTasks: 208
StatMaxMemoryUsed: 91,6171875
StatRealTimeUsed: 1.342365
StatAverageTurnoverTime: 453.2704532721104
StatMedianTurnoverTime: 309.3091702631266
StatLowerQuartileTurnoverTime: 142.26833333333343
StatUpperQuartileTurnoverTime: 599.6413924853523
StatAverageThroughputTime: 91.28721934216651
StatMedianThroughputTime: 21.12833333333333
StatLowerQuartileThroughputTime: 12.84620490252405
StatUpperQuartileThroughputTime: 78.58777777777783

Marked tag finished after 1 tries!
.Fin. - SUCCESS
<<< Welcome to the RAWSimO CLI >>>
The time is: 06/21/2024 16:22:22
Starting RAWSimO wrapper with the following arguments:
Instance: ..\..\..\..\Material\Instances\01.Weighted30min Demand Gall\Dr\Weighted2.xinst
Setting: ..\..\..\..\Material\Instances\01.Weighted30min Demand Gall\Dr\Weighted2.xsett
ControlConfig: ..\..\..\..\Material\Instances\01.Weighted30min Demand Gall\Dr\Weighted2.xconf
StatisticsDir: ..\..\..\..\Material\Instances\01.Weighted30min Demand Gall\Dr
Seed: 2
Additionally the following tag was passed: 1, 1.372857142857143, 1.0, 0.214, 0.152, 1.0
Adding handler for unhandled exceptions ...
Initializing ... 
Instance recognized!
Parsing setting config ...
Parsing control config ...
Parsing instance ...
StatisticsFolder: Weighted2-Dr_[[1, 1.372857142857143, 1.0]]_2_[0.214, 0.152, 1.0].csv-2
Done!
