Executing ... 
 21:29:15 | >>> Warming up ...
 00:00:00 | >>> Warmup finished - starting simulation ...
 Realtime |   ETA    |  Sim.Time  | Progress | #Orders | #Bundles | Inv. | Distance | #Coll. |   Memory    
 00:00:00 |   n/a    | 0.00:00:00 |  0.00%   |    0    |    0     | 60%  |    0     |   0    |  80.71MB  
 00:00:00 | Cannot generate further orders - suspending generation for now
 00:00:00 | Cannot generate further orders - suspending generation for now
 00:00:01 | Cannot generate further orders - suspending generation for now
 00:00:01 | Cannot generate further orders - suspending generation for now
 00:00:01 | Cannot generate further orders - suspending generation for now
 00:00:01 | Cannot generate further orders - suspending generation for now
 00:00:01 | Cannot generate further orders - suspending generation for now
 00:00:01 | Cannot generate further orders - suspending generation for now
 00:00:01 | Cannot generate further orders - suspending generation for now
 00:00:01 | Cannot generate further orders - suspending generation for now
 00:00:01 | 00:00:00 | 0.00:30:00 | 100.00%  |   490   |    0     | 15%  |   5077   |   0    |  76.83MB  
 00:00:01 | >>> Simulation finished - writing results ...
 00:00:01 | >>> Results written
Simulation finished.
>>> Timings
StatTimingPathPlanningAverage: 0.00010564946745562128
StatTimingPathPlanningOverall: 0.08927379999999999
StatTimingPathPlanningCount: 845
StatTimingTaskAllocationAverage: 0.002058750462962962
StatTimingTaskAllocationOverall: 0.4446900999999998
StatTimingTaskAllocationCount: 216
StatTimingItemStorageAverage: 1.2305785123966946E-06
StatTimingItemStorageOverall: 0.0008934000000000002
StatTimingItemStorageCount: 726
StatTimingPodStorageAverage: 0.0016260009708737864
StatTimingPodStorageOverall: 0.1674781
StatTimingPodStorageCount: 103
StatTimingReplenishmentBatchingAverage: 8E-06
StatTimingReplenishmentBatchingOverall: 1.6E-05
StatTimingReplenishmentBatchingCount: 2
StatTimingOrderBatchingAverage: 0.00010269294710327441
StatTimingOrderBatchingOverall: 0.08153819999999988
StatTimingOrderBatchingCount: 794
>>> Overall
StatOverallBundlesPlaced: 0
StatOverallItemsOrdered: 633
StatOverallOrdersPlaced: 411
StatOverallBundlesRejected: 0
StatOverallOrdersRejected: 0
StatOverallBundlesHandled: 0
StatOverallItemsHandled: 741
StatOverallLinesHandled: 701
StatOverallOrdersHandled: 490
StatOverallCollisions: 0
StatOverallDistanceTraveled: 5076.9766666666565
StatOverallDistanceEstimated: 4946
StatOverallAssignedTasks: 216
StatMaxMemoryUsed: 80,7109375
StatRealTimeUsed: 1.2189631
StatAverageTurnoverTime: 454.75944833623095
StatMedianTurnoverTime: 325.4370418323231
StatLowerQuartileTurnoverTime: 134.23231601363517
StatUpperQuartileTurnoverTime: 631.6416666666664
StatAverageThroughputTime: 85.56348100395468
StatMedianThroughputTime: 21.006111111111068
StatLowerQuartileThroughputTime: 13.115555555555545
StatUpperQuartileThroughputTime: 66.27953823585835

Marked tag finished after 1 tries!
.Fin. - SUCCESS
<<< Welcome to the RAWSimO CLI >>>
The time is: 06/12/2024 21:29:17
Starting RAWSimO wrapper with the following arguments:
Instance: ..\..\..\..\Material\Instances\0.Weighted30min Demand separate\Da\Weighted2.xinst
Setting: ..\..\..\..\Material\Instances\0.Weighted30min Demand separate\Da\Weighted2.xsett
ControlConfig: ..\..\..\..\Material\Instances\0.Weighted30min Demand separate\Da\Weighted2.xconf
StatisticsDir: ..\..\..\..\Material\Instances\0.Weighted30min Demand separate\Da
Seed: 3
Additionally the following tag was passed: 1, 5.026, 0.052, 0.136, 0.66, 0.297
Adding handler for unhandled exceptions ...
Initializing ... 
Instance recognized!
Parsing setting config ...
Parsing control config ...
Parsing instance ...
StatisticsFolder: Weighted2-Da_[[1, 5.026, 0.052]]_2_[0.136, 0.66, 0.297].csv-3
Done!
