Executing ... 
 09:43:10 | >>> Warming up ...
 00:00:00 | >>> Warmup finished - starting simulation ...
 Realtime |   ETA    |  Sim.Time  | Progress | #Orders | #Bundles | Inv. | Distance | #Coll. |   Memory    
 00:00:00 |   n/a    | 0.00:00:00 |  0.00%   |    0    |    0     | 60%  |    0     |   0    | 147.68MB  
 00:00:01 | Cannot generate further orders - suspending generation for now
 00:00:01 | Cannot generate further orders - suspending generation for now
 00:00:01 | Cannot generate further orders - suspending generation for now
 00:00:01 | Cannot generate further orders - suspending generation for now
 00:00:01 | Cannot generate further orders - suspending generation for now
 00:00:01 | Cannot generate further orders - suspending generation for now
 00:00:01 | Cannot generate further orders - suspending generation for now
 00:00:01 | Cannot generate further orders - suspending generation for now
 00:00:01 | Cannot generate further orders - suspending generation for now
 00:00:01 | 00:00:00 | 0.00:30:00 | 100.00%  |   457   |    0     | 17%  |   5126   |   0    | 143.07MB  
 00:00:01 | >>> Simulation finished - writing results ...
 00:00:01 | >>> Results written
Simulation finished.
>>> Timings
StatTimingPathPlanningAverage: 0.00011817954545454548
StatTimingPathPlanningOverall: 0.09879810000000003
StatTimingPathPlanningCount: 836
StatTimingTaskAllocationAverage: 0.0024729578703703713
StatTimingTaskAllocationOverall: 0.5341589000000002
StatTimingTaskAllocationCount: 216
StatTimingItemStorageAverage: 1.2909742120343822E-06
StatTimingItemStorageOverall: 0.0009010999999999988
StatTimingItemStorageCount: 698
StatTimingPodStorageAverage: 0.0017693737864077673
StatTimingPodStorageOverall: 0.18224550000000003
StatTimingPodStorageCount: 103
StatTimingReplenishmentBatchingAverage: 9.7E-06
StatTimingReplenishmentBatchingOverall: 1.94E-05
StatTimingReplenishmentBatchingCount: 2
StatTimingOrderBatchingAverage: 0.00012642028795811536
StatTimingOrderBatchingOverall: 0.09658510000000013
StatTimingOrderBatchingCount: 764
>>> Overall
StatOverallBundlesPlaced: 0
StatOverallItemsOrdered: 655
StatOverallOrdersPlaced: 410
StatOverallBundlesRejected: 0
StatOverallOrdersRejected: 0
StatOverallBundlesHandled: 0
StatOverallItemsHandled: 718
StatOverallLinesHandled: 678
StatOverallOrdersHandled: 457
StatOverallCollisions: 0
StatOverallDistanceTraveled: 5125.780313258119
StatOverallDistanceEstimated: 5022
StatOverallAssignedTasks: 216
StatMaxMemoryUsed: 148,3359375
StatRealTimeUsed: 1.3464395
StatAverageTurnoverTime: 470.9357502792746
StatMedianTurnoverTime: 319.6172222222226
StatLowerQuartileTurnoverTime: 151.1655555555559
StatUpperQuartileTurnoverTime: 658.8613924853495
StatAverageThroughputTime: 95.44588209342545
StatMedianThroughputTime: 23.834444444444472
StatLowerQuartileThroughputTime: 13.243333333333567
StatUpperQuartileThroughputTime: 88.91971862576099

Marked tag finished after 1 tries!
.Fin. - SUCCESS
<<< Welcome to the RAWSimO CLI >>>
The time is: 06/13/2024 09:43:12
Starting RAWSimO wrapper with the following arguments:
Instance: ..\..\..\..\Material\Instances\0.Weighted30min Demand separate\Db\Weighted2.xinst
Setting: ..\..\..\..\Material\Instances\0.Weighted30min Demand separate\Db\Weighted2.xsett
ControlConfig: ..\..\..\..\Material\Instances\0.Weighted30min Demand separate\Db\Weighted2.xconf
StatisticsDir: ..\..\..\..\Material\Instances\0.Weighted30min Demand separate\Db
Seed: 1
Additionally the following tag was passed: 1, 0.3062, 0.30400000000000005, 0.138, 0.455, 0.458
Adding handler for unhandled exceptions ...
Initializing ... 
Instance recognized!
Parsing setting config ...
Parsing control config ...
Parsing instance ...
StatisticsFolder: Weighted2-Db_[[1, 0.3062, 0.30400000000000005]]_2_[0.138, 0.455, 0.458].csv-1
Done!
