Executing ... 
 21:27:11 | >>> Warming up ...
 00:00:00 | >>> Warmup finished - starting simulation ...
 Realtime |   ETA    |  Sim.Time  | Progress | #Orders | #Bundles | Inv. | Distance | #Coll. |   Memory    
 00:00:00 |   n/a    | 0.00:00:00 |  0.00%   |    0    |    0     | 60%  |    0     |   0    |  77.72MB  
 00:00:00 | Cannot generate further orders - suspending generation for now
 00:00:00 | Cannot generate further orders - suspending generation for now
 00:00:00 | Cannot generate further orders - suspending generation for now
 00:00:00 | Cannot generate further orders - suspending generation for now
 00:00:01 | Cannot generate further orders - suspending generation for now
 00:00:01 | Cannot generate further orders - suspending generation for now
 00:00:01 | Cannot generate further orders - suspending generation for now
 00:00:01 | Cannot generate further orders - suspending generation for now
 00:00:01 | 00:00:00 | 0.00:30:00 | 100.00%  |   461   |    0     | 17%  |   5052   |   0    |  74.06MB  
 00:00:01 | >>> Simulation finished - writing results ...
 00:00:01 | >>> Results written
Simulation finished.
>>> Timings
StatTimingPathPlanningAverage: 0.00011495396039603941
StatTimingPathPlanningOverall: 0.09288279999999985
StatTimingPathPlanningCount: 808
StatTimingTaskAllocationAverage: 0.002019673515981735
StatTimingTaskAllocationOverall: 0.4423084999999999
StatTimingTaskAllocationCount: 219
StatTimingItemStorageAverage: 1.0957627118644076E-06
StatTimingItemStorageOverall: 0.0007758000000000006
StatTimingItemStorageCount: 708
StatTimingPodStorageAverage: 0.0017707666666666657
StatTimingPodStorageOverall: 0.1859304999999999
StatTimingPodStorageCount: 105
StatTimingReplenishmentBatchingAverage: 8.949999999999999E-06
StatTimingReplenishmentBatchingOverall: 1.7899999999999998E-05
StatTimingReplenishmentBatchingCount: 2
StatTimingOrderBatchingAverage: 9.410442708333334E-05
StatTimingOrderBatchingOverall: 0.07227220000000001
StatTimingOrderBatchingCount: 768
>>> Overall
StatOverallBundlesPlaced: 0
StatOverallItemsOrdered: 667
StatOverallOrdersPlaced: 409
StatOverallBundlesRejected: 0
StatOverallOrdersRejected: 0
StatOverallBundlesHandled: 0
StatOverallItemsHandled: 718
StatOverallLinesHandled: 664
StatOverallOrdersHandled: 461
StatOverallCollisions: 0
StatOverallDistanceTraveled: 5051.754785175973
StatOverallDistanceEstimated: 4921
StatOverallAssignedTasks: 219
StatMaxMemoryUsed: 77,71875
StatRealTimeUsed: 1.1165751
StatAverageTurnoverTime: 431.84120645274135
StatMedianTurnoverTime: 288.1200937914128
StatLowerQuartileTurnoverTime: 120.80731601363527
StatUpperQuartileTurnoverTime: 613.9962915010154
StatAverageThroughputTime: 98.32640057208862
StatMedianThroughputTime: 20.597777777777708
StatLowerQuartileThroughputTime: 12.530649346969085
StatUpperQuartileThroughputTime: 72.25740980504797

Marked tag finished after 1 tries!
.Fin. - SUCCESS
<<< Welcome to the RAWSimO CLI >>>
The time is: 06/12/2024 21:27:12
Starting RAWSimO wrapper with the following arguments:
Instance: ..\..\..\..\Material\Instances\0.Weighted30min Demand separate\Da\Weighted2.xinst
Setting: ..\..\..\..\Material\Instances\0.Weighted30min Demand separate\Da\Weighted2.xsett
ControlConfig: ..\..\..\..\Material\Instances\0.Weighted30min Demand separate\Da\Weighted2.xconf
StatisticsDir: ..\..\..\..\Material\Instances\0.Weighted30min Demand separate\Da
Seed: 1
Additionally the following tag was passed: 1, 10.0, 0.052, 0.098, 0.81, 0.319
Adding handler for unhandled exceptions ...
Initializing ... 
Instance recognized!
Parsing setting config ...
Parsing control config ...
Parsing instance ...
StatisticsFolder: Weighted2-Da_[[1, 10.0, 0.052]]_2_[0.098, 0.81, 0.319].csv-1
Done!
