Executing ... 
 09:56:34 | >>> Warming up ...
 00:00:00 | >>> Warmup finished - starting simulation ...
 Realtime |   ETA    |  Sim.Time  | Progress | #Orders | #Bundles | Inv. | Distance | #Coll. |   Memory    
 00:00:00 |   n/a    | 0.00:00:00 |  0.00%   |    0    |    0     | 60%  |    0     |   0    | 108.66MB  
 00:00:00 | Cannot generate further orders - suspending generation for now
 00:00:00 | Cannot generate further orders - suspending generation for now
 00:00:00 | Cannot generate further orders - suspending generation for now
 00:00:00 | Cannot generate further orders - suspending generation for now
 00:00:00 | Cannot generate further orders - suspending generation for now
 00:00:00 | Cannot generate further orders - suspending generation for now
 00:00:00 | Cannot generate further orders - suspending generation for now
 00:00:00 | Cannot generate further orders - suspending generation for now
 00:00:00 | Cannot generate further orders - suspending generation for now
 00:00:00 | 00:00:00 | 0.00:30:00 | 100.00%  |   501   |    0     | 15%  |   4971   |   0    | 104.71MB  
 00:00:00 | >>> Simulation finished - writing results ...
 00:00:01 | >>> Results written
Simulation finished.
>>> Timings
StatTimingPathPlanningAverage: 9.489866828087157E-05
StatTimingPathPlanningOverall: 0.07838629999999992
StatTimingPathPlanningCount: 826
StatTimingTaskAllocationAverage: 0.00180335
StatTimingTaskAllocationOverall: 0.3750968
StatTimingTaskAllocationCount: 208
StatTimingItemStorageAverage: 8.496598639455803E-07
StatTimingItemStorageOverall: 0.0006245000000000016
StatTimingItemStorageCount: 735
StatTimingPodStorageAverage: 0.001473321212121212
StatTimingPodStorageOverall: 0.14585879999999998
StatTimingPodStorageCount: 99
StatTimingReplenishmentBatchingAverage: 7.6E-06
StatTimingReplenishmentBatchingOverall: 1.52E-05
StatTimingReplenishmentBatchingCount: 2
StatTimingOrderBatchingAverage: 8.860217917675544E-05
StatTimingOrderBatchingOverall: 0.0731854
StatTimingOrderBatchingCount: 826
>>> Overall
StatOverallBundlesPlaced: 0
StatOverallItemsOrdered: 663
StatOverallOrdersPlaced: 427
StatOverallBundlesRejected: 0
StatOverallOrdersRejected: 0
StatOverallBundlesHandled: 0
StatOverallItemsHandled: 757
StatOverallLinesHandled: 716
StatOverallOrdersHandled: 501
StatOverallCollisions: 0
StatOverallDistanceTraveled: 4970.965258641964
StatOverallDistanceEstimated: 4925
StatOverallAssignedTasks: 208
StatMaxMemoryUsed: 108,66015625
StatRealTimeUsed: 0.9935961
StatAverageTurnoverTime: 452.5843327885272
StatMedianTurnoverTime: 322.30111830403274
StatLowerQuartileTurnoverTime: 130.67212843080756
StatUpperQuartileTurnoverTime: 629.5625035964605
StatAverageThroughputTime: 88.95143106272813
StatMedianThroughputTime: 22.775555555555513
StatLowerQuartileThroughputTime: 15.889444444444507
StatUpperQuartileThroughputTime: 79.77740980504763

Marked tag finished after 1 tries!
.Fin. - SUCCESS
<<< Welcome to the RAWSimO CLI >>>
The time is: 06/13/2024 09:56:35
Starting RAWSimO wrapper with the following arguments:
Instance: ..\..\..\..\Material\Instances\0.Weighted30min Demand separate\Dd\Weighted2.xinst
Setting: ..\..\..\..\Material\Instances\0.Weighted30min Demand separate\Dd\Weighted2.xsett
ControlConfig: ..\..\..\..\Material\Instances\0.Weighted30min Demand separate\Dd\Weighted2.xconf
StatisticsDir: ..\..\..\..\Material\Instances\0.Weighted30min Demand separate\Dd
Seed: 3
Additionally the following tag was passed: 1, 0.346, 0.3766666666666667, 0.175, 0.5, 0.5
Adding handler for unhandled exceptions ...
Initializing ... 
Instance recognized!
Parsing setting config ...
Parsing control config ...
Parsing instance ...
StatisticsFolder: Weighted2-Dd_[[1, 0.346, 0.3766666666666667]]_2_[0.175, 0.5, 0.5].csv-3
Done!
