Executing ... 
 09:50:20 | >>> Warming up ...
 00:00:00 | >>> Warmup finished - starting simulation ...
 Realtime |   ETA    |  Sim.Time  | Progress | #Orders | #Bundles | Inv. | Distance | #Coll. |   Memory    
 00:00:00 |   n/a    | 0.00:00:00 |  0.00%   |    0    |    0     | 60%  |    0     |   0    | 134.73MB  
 00:00:00 | Cannot generate further orders - suspending generation for now
 00:00:00 | Cannot generate further orders - suspending generation for now
 00:00:00 | Cannot generate further orders - suspending generation for now
 00:00:00 | Cannot generate further orders - suspending generation for now
 00:00:00 | Cannot generate further orders - suspending generation for now
 00:00:00 | Cannot generate further orders - suspending generation for now
 00:00:00 | Cannot generate further orders - suspending generation for now
 00:00:00 | Cannot generate further orders - suspending generation for now
 00:00:01 | Cannot generate further orders - suspending generation for now
 00:00:01 | Cannot generate further orders - suspending generation for now
 00:00:01 | Cannot generate further orders - suspending generation for now
 00:00:01 | Cannot generate further orders - suspending generation for now
 00:00:01 | 00:00:00 | 0.00:30:00 | 100.00%  |   522   |    0     | 13%  |   4727   |   0    | 129.67MB  
 00:00:01 | >>> Simulation finished - writing results ...
 00:00:01 | >>> Results written
Simulation finished.
>>> Timings
StatTimingPathPlanningAverage: 0.00011479156010230182
StatTimingPathPlanningOverall: 0.08976700000000003
StatTimingPathPlanningCount: 782
StatTimingTaskAllocationAverage: 0.00206828
StatTimingTaskAllocationOverall: 0.413656
StatTimingTaskAllocationCount: 200
StatTimingItemStorageAverage: 9.923280423280452E-07
StatTimingItemStorageOverall: 0.0007502000000000022
StatTimingItemStorageCount: 756
StatTimingPodStorageAverage: 0.0017371336842105251
StatTimingPodStorageOverall: 0.1650276999999999
StatTimingPodStorageCount: 95
StatTimingReplenishmentBatchingAverage: 7.7E-06
StatTimingReplenishmentBatchingOverall: 1.54E-05
StatTimingReplenishmentBatchingCount: 2
StatTimingOrderBatchingAverage: 0.00010226184210526324
StatTimingOrderBatchingOverall: 0.08549090000000006
StatTimingOrderBatchingCount: 836
>>> Overall
StatOverallBundlesPlaced: 0
StatOverallItemsOrdered: 667
StatOverallOrdersPlaced: 434
StatOverallBundlesRejected: 0
StatOverallOrdersRejected: 0
StatOverallBundlesHandled: 0
StatOverallItemsHandled: 782
StatOverallLinesHandled: 743
StatOverallOrdersHandled: 522
StatOverallCollisions: 0
StatOverallDistanceTraveled: 4727.246429118634
StatOverallDistanceEstimated: 4556
StatOverallAssignedTasks: 200
StatMaxMemoryUsed: 133,37109375
StatRealTimeUsed: 1.110797
StatAverageTurnoverTime: 419.0997561870974
StatMedianTurnoverTime: 234.23666666666682
StatLowerQuartileTurnoverTime: 96.06277777777781
StatUpperQuartileTurnoverTime: 591.8302741813178
StatAverageThroughputTime: 88.92519590198869
StatMedianThroughputTime: 22.235000000000355
StatLowerQuartileThroughputTime: 15.845093791413092
StatUpperQuartileThroughputTime: 85.0790764717151

Marked tag finished after 1 tries!
.Fin. - SUCCESS
<<< Welcome to the RAWSimO CLI >>>
The time is: 06/13/2024 09:50:21
Starting RAWSimO wrapper with the following arguments:
Instance: ..\..\..\..\Material\Instances\0.Weighted30min Demand separate\Dc\Weighted2.xinst
Setting: ..\..\..\..\Material\Instances\0.Weighted30min Demand separate\Dc\Weighted2.xsett
ControlConfig: ..\..\..\..\Material\Instances\0.Weighted30min Demand separate\Dc\Weighted2.xconf
StatisticsDir: ..\..\..\..\Material\Instances\0.Weighted30min Demand separate\Dc
Seed: 3
Additionally the following tag was passed: 1, 2.4696, 0.27199999999999996, 0.146, 0.143, 0.538
Adding handler for unhandled exceptions ...
Initializing ... 
Instance recognized!
Parsing setting config ...
Parsing control config ...
Parsing instance ...
StatisticsFolder: Weighted2-Dc_[[1, 2.4696, 0.27199999999999996]]_3_[0.146, 0.143, 0.538].csv-3
Done!
