Executing ... 
 19:27:02 | >>> Warming up ...
 00:00:00 | >>> Warmup finished - starting simulation ...
 Realtime |   ETA    |  Sim.Time  | Progress | #Orders | #Bundles | Inv. | Distance | #Coll. |   Memory    
 00:00:00 |   n/a    | 0.00:00:00 |  0.00%   |    0    |    0     | 60%  |    0     |   0    |  80.30MB  
 00:00:00 | Cannot generate further orders - suspending generation for now
 00:00:00 | Cannot generate further orders - suspending generation for now
 00:00:00 | Cannot generate further orders - suspending generation for now
 00:00:00 | Cannot generate further orders - suspending generation for now
 00:00:00 | Cannot generate further orders - suspending generation for now
 00:00:00 | Cannot generate further orders - suspending generation for now
 00:00:00 | Cannot generate further orders - suspending generation for now
 00:00:00 | Cannot generate further orders - suspending generation for now
 00:00:00 | Cannot generate further orders - suspending generation for now
 00:00:00 | Cannot generate further orders - suspending generation for now
 00:00:00 | 00:00:00 | 0.00:30:00 | 100.00%  |   461   |    0     | 16%  |   5120   |   0    |  80.82MB  
 00:00:00 | >>> Simulation finished - writing results ...
 00:00:00 | >>> Results written
Simulation finished.
>>> Timings
StatTimingPathPlanningAverage: 9.468122009569369E-05
StatTimingPathPlanningOverall: 0.07915349999999992
StatTimingPathPlanningCount: 836
StatTimingTaskAllocationAverage: 0.0017289218446601942
StatTimingTaskAllocationOverall: 0.3561579
StatTimingTaskAllocationCount: 206
StatTimingItemStorageAverage: 8.932471264367871E-07
StatTimingItemStorageOverall: 0.0006217000000000038
StatTimingItemStorageCount: 696
StatTimingPodStorageAverage: 0.0015102265306122446
StatTimingPodStorageOverall: 0.14800219999999997
StatTimingPodStorageCount: 98
StatTimingReplenishmentBatchingAverage: 9.7E-06
StatTimingReplenishmentBatchingOverall: 1.94E-05
StatTimingReplenishmentBatchingCount: 2
StatTimingOrderBatchingAverage: 8.522121212121216E-05
StatTimingOrderBatchingOverall: 0.061870600000000026
StatTimingOrderBatchingCount: 726
>>> Overall
StatOverallBundlesPlaced: 0
StatOverallItemsOrdered: 667
StatOverallOrdersPlaced: 411
StatOverallBundlesRejected: 0
StatOverallOrdersRejected: 0
StatOverallBundlesHandled: 0
StatOverallItemsHandled: 727
StatOverallLinesHandled: 675
StatOverallOrdersHandled: 461
StatOverallCollisions: 0
StatOverallDistanceTraveled: 5119.94780353386
StatOverallDistanceEstimated: 4998
StatOverallAssignedTasks: 206
StatMaxMemoryUsed: 80,81640625
StatRealTimeUsed: 0.9171218
StatAverageTurnoverTime: 453.61185857074116
StatMedianTurnoverTime: 323.78083692979413
StatLowerQuartileTurnoverTime: 115.28379509747589
StatUpperQuartileTurnoverTime: 663.6101875828259
StatAverageThroughputTime: 100.40268564036991
StatMedianThroughputTime: 23.898333333333426
StatLowerQuartileThroughputTime: 16.088888888888903
StatUpperQuartileThroughputTime: 87.5624098050481

Marked tag finished after 1 tries!
.Fin. - SUCCESS
<<< Welcome to the RAWSimO CLI >>>
The time is: 06/25/2024 19:27:03
Starting RAWSimO wrapper with the following arguments:
Instance: ..\..\..\..\Material\Instances\10.Weighted30min Demand Gall\Dr\Weighted2.xinst
Setting: ..\..\..\..\Material\Instances\10.Weighted30min Demand Gall\Dr\Weighted2.xsett
ControlConfig: ..\..\..\..\Material\Instances\10.Weighted30min Demand Gall\Dr\Weighted2.xconf
StatisticsDir: ..\..\..\..\Material\Instances\10.Weighted30min Demand Gall\Dr
Seed: 5
Additionally the following tag was passed: 1, 1.021818181818182, 1.0, 0.201, 0.195, 1.0
Adding handler for unhandled exceptions ...
Initializing ... 
Instance recognized!
Parsing setting config ...
Parsing control config ...
Parsing instance ...
StatisticsFolder: Weighted2-Dr_[[1, 1.021818181818182, 1.0]]_3_[0.201, 0.195, 1.0].csv-5
Done!
