Executing ... 
 09:53:06 | >>> Warming up ...
 00:00:00 | >>> Warmup finished - starting simulation ...
 Realtime |   ETA    |  Sim.Time  | Progress | #Orders | #Bundles | Inv. | Distance | #Coll. |   Memory    
 00:00:00 |   n/a    | 0.00:00:00 |  0.00%   |    0    |    0     | 60%  |    0     |   0    |  95.14MB  
 00:00:00 | Cannot generate further orders - suspending generation for now
 00:00:00 | Cannot generate further orders - suspending generation for now
 00:00:00 | Cannot generate further orders - suspending generation for now
 00:00:00 | Cannot generate further orders - suspending generation for now
 00:00:00 | Cannot generate further orders - suspending generation for now
 00:00:00 | Cannot generate further orders - suspending generation for now
 00:00:00 | Cannot generate further orders - suspending generation for now
 00:00:00 | Cannot generate further orders - suspending generation for now
 00:00:00 | Cannot generate further orders - suspending generation for now
 00:00:00 | Cannot generate further orders - suspending generation for now
 00:00:00 | Cannot generate further orders - suspending generation for now
 00:00:01 | Cannot generate further orders - suspending generation for now
 00:00:01 | 00:00:00 | 0.00:30:00 | 100.00%  |   486   |    0     | 15%  |   5056   |   0    |  91.38MB  
 00:00:01 | >>> Simulation finished - writing results ...
 00:00:01 | >>> Results written
Simulation finished.
>>> Timings
StatTimingPathPlanningAverage: 9.04983233532935E-05
StatTimingPathPlanningOverall: 0.07556610000000007
StatTimingPathPlanningCount: 835
StatTimingTaskAllocationAverage: 0.0019772470297029702
StatTimingTaskAllocationOverall: 0.3994039
StatTimingTaskAllocationCount: 202
StatTimingItemStorageAverage: 9.00136612021863E-07
StatTimingItemStorageOverall: 0.0006589000000000037
StatTimingItemStorageCount: 732
StatTimingPodStorageAverage: 0.0019103693877551018
StatTimingPodStorageOverall: 0.18721619999999997
StatTimingPodStorageCount: 98
StatTimingReplenishmentBatchingAverage: 7.850000000000001E-06
StatTimingReplenishmentBatchingOverall: 1.5700000000000002E-05
StatTimingReplenishmentBatchingCount: 2
StatTimingOrderBatchingAverage: 8.484433249370285E-05
StatTimingOrderBatchingOverall: 0.06736640000000006
StatTimingOrderBatchingCount: 794
>>> Overall
StatOverallBundlesPlaced: 0
StatOverallItemsOrdered: 636
StatOverallOrdersPlaced: 408
StatOverallBundlesRejected: 0
StatOverallOrdersRejected: 0
StatOverallBundlesHandled: 0
StatOverallItemsHandled: 745
StatOverallLinesHandled: 705
StatOverallOrdersHandled: 486
StatOverallCollisions: 0
StatOverallDistanceTraveled: 5055.529387600514
StatOverallDistanceEstimated: 4924
StatOverallAssignedTasks: 202
StatMaxMemoryUsed: 95,13671875
StatRealTimeUsed: 1.0283748
StatAverageTurnoverTime: 442.05332935112204
StatMedianTurnoverTime: 290.063246734842
StatLowerQuartileTurnoverTime: 129.62546176414344
StatUpperQuartileTurnoverTime: 631.7757503313029
StatAverageThroughputTime: 94.29483711244161
StatMedianThroughputTime: 22.589999999999918
StatLowerQuartileThroughputTime: 12.769906208587088
StatUpperQuartileThroughputTime: 82.20989901566543

Marked tag finished after 1 tries!
.Fin. - SUCCESS
<<< Welcome to the RAWSimO CLI >>>
The time is: 06/13/2024 09:53:07
Starting RAWSimO wrapper with the following arguments:
Instance: ..\..\..\..\Material\Instances\0.Weighted30min Demand separate\Dc\Weighted2.xinst
Setting: ..\..\..\..\Material\Instances\0.Weighted30min Demand separate\Dc\Weighted2.xsett
ControlConfig: ..\..\..\..\Material\Instances\0.Weighted30min Demand separate\Dc\Weighted2.xconf
StatisticsDir: ..\..\..\..\Material\Instances\0.Weighted30min Demand separate\Dc
Seed: 2
Additionally the following tag was passed: 1, 6.087, 0.48599999999999993, 0.194, 0.143, 0.4
Adding handler for unhandled exceptions ...
Initializing ... 
Instance recognized!
Parsing setting config ...
Parsing control config ...
Parsing instance ...
StatisticsFolder: Weighted2-Dc_[[1, 6.087, 0.48599999999999993]]_1_[0.194, 0.143, 0.4].csv-2
Done!
