Executing ... 
 10:01:27 | >>> Warming up ...
 00:00:00 | >>> Warmup finished - starting simulation ...
 Realtime |   ETA    |  Sim.Time  | Progress | #Orders | #Bundles | Inv. | Distance | #Coll. |   Memory    
 00:00:00 |   n/a    | 0.00:00:00 |  0.00%   |    0    |    0     | 60%  |    0     |   0    | 109.11MB  
 00:00:00 | Cannot generate further orders - suspending generation for now
 00:00:00 | Cannot generate further orders - suspending generation for now
 00:00:01 | Cannot generate further orders - suspending generation for now
 00:00:01 | Cannot generate further orders - suspending generation for now
 00:00:01 | Cannot generate further orders - suspending generation for now
 00:00:01 | Cannot generate further orders - suspending generation for now
 00:00:01 | Cannot generate further orders - suspending generation for now
 00:00:01 | Cannot generate further orders - suspending generation for now
 00:00:01 | Cannot generate further orders - suspending generation for now
 00:00:01 | Cannot generate further orders - suspending generation for now
 00:00:01 | 00:00:00 | 0.00:30:00 | 100.00%  |   509   |    0     | 13%  |   4729   |   0    | 110.85MB  
 00:00:01 | >>> Simulation finished - writing results ...
 00:00:01 | >>> Results written
Simulation finished.
>>> Timings
StatTimingPathPlanningAverage: 0.00011689319899244333
StatTimingPathPlanningOverall: 0.0928132
StatTimingPathPlanningCount: 794
StatTimingTaskAllocationAverage: 0.0025748515624999984
StatTimingTaskAllocationOverall: 0.4943714999999997
StatTimingTaskAllocationCount: 192
StatTimingItemStorageAverage: 1.1918848167539272E-06
StatTimingItemStorageOverall: 0.0009106000000000004
StatTimingItemStorageCount: 764
StatTimingPodStorageAverage: 0.002063881318681319
StatTimingPodStorageOverall: 0.1878132
StatTimingPodStorageCount: 91
StatTimingReplenishmentBatchingAverage: 8.5E-06
StatTimingReplenishmentBatchingOverall: 1.7E-05
StatTimingReplenishmentBatchingCount: 2
StatTimingOrderBatchingAverage: 0.00010544185765983105
StatTimingOrderBatchingOverall: 0.08741129999999994
StatTimingOrderBatchingCount: 829
>>> Overall
StatOverallBundlesPlaced: 0
StatOverallItemsOrdered: 665
StatOverallOrdersPlaced: 434
StatOverallBundlesRejected: 0
StatOverallOrdersRejected: 0
StatOverallBundlesHandled: 0
StatOverallItemsHandled: 787
StatOverallLinesHandled: 747
StatOverallOrdersHandled: 509
StatOverallCollisions: 0
StatOverallDistanceTraveled: 4729.179287122846
StatOverallDistanceEstimated: 4578
StatOverallAssignedTasks: 192
StatMaxMemoryUsed: 115,34375
StatRealTimeUsed: 1.2702947
StatAverageTurnoverTime: 472.2813325055363
StatMedianTurnoverTime: 313.3244372515236
StatLowerQuartileTurnoverTime: 139.69703463939703
StatUpperQuartileTurnoverTime: 679.2049062085891
StatAverageThroughputTime: 88.20878240692782
StatMedianThroughputTime: 29.102871569190484
StatLowerQuartileThroughputTime: 17.371666666666783
StatUpperQuartileThroughputTime: 87.181204902525

Marked tag finished after 1 tries!
.Fin. - SUCCESS
<<< Welcome to the RAWSimO CLI >>>
The time is: 06/13/2024 10:01:29
Starting RAWSimO wrapper with the following arguments:
Instance: ..\..\..\..\Material\Instances\0.Weighted30min Demand separate\Df\Weighted2.xinst
Setting: ..\..\..\..\Material\Instances\0.Weighted30min Demand separate\Df\Weighted2.xsett
ControlConfig: ..\..\..\..\Material\Instances\0.Weighted30min Demand separate\Df\Weighted2.xconf
StatisticsDir: ..\..\..\..\Material\Instances\0.Weighted30min Demand separate\Df
Seed: 3
Additionally the following tag was passed: 1, 0.19333333333333336, 0.068, 0.155, 0.8, 1.0
Adding handler for unhandled exceptions ...
Initializing ... 
Instance recognized!
Parsing setting config ...
Parsing control config ...
Parsing instance ...
StatisticsFolder: Weighted2-Df_[[1, 0.19333333333333336, 0.068]]_2_[0.155, 0.8, 1.0].csv-3
Done!
