Executing ... 
 09:40:22 | >>> Warming up ...
 00:00:00 | >>> Warmup finished - starting simulation ...
 Realtime |   ETA    |  Sim.Time  | Progress | #Orders | #Bundles | Inv. | Distance | #Coll. |   Memory    
 00:00:00 |   n/a    | 0.00:00:00 |  0.00%   |    0    |    0     | 60%  |    0     |   0    |  82.17MB  
 00:00:00 | Cannot generate further orders - suspending generation for now
 00:00:00 | Cannot generate further orders - suspending generation for now
 00:00:00 | Cannot generate further orders - suspending generation for now
 00:00:01 | Cannot generate further orders - suspending generation for now
 00:00:01 | Cannot generate further orders - suspending generation for now
 00:00:01 | Cannot generate further orders - suspending generation for now
 00:00:01 | Cannot generate further orders - suspending generation for now
 00:00:01 | Cannot generate further orders - suspending generation for now
 00:00:01 | 00:00:00 | 0.00:30:00 | 100.00%  |   463   |    0     | 17%  |   5242   |   0    |  86.20MB  
 00:00:01 | >>> Simulation finished - writing results ...
 00:00:01 | >>> Results written
Simulation finished.
>>> Timings
StatTimingPathPlanningAverage: 0.00011724080924855504
StatTimingPathPlanningOverall: 0.10141330000000011
StatTimingPathPlanningCount: 865
StatTimingTaskAllocationAverage: 0.0019639596244131457
StatTimingTaskAllocationOverall: 0.4183234
StatTimingTaskAllocationCount: 213
StatTimingItemStorageAverage: 1.0532751091703093E-06
StatTimingItemStorageOverall: 0.0007236000000000024
StatTimingItemStorageCount: 687
StatTimingPodStorageAverage: 0.0015909745098039209
StatTimingPodStorageOverall: 0.16227939999999993
StatTimingPodStorageCount: 102
StatTimingReplenishmentBatchingAverage: 7.45E-06
StatTimingReplenishmentBatchingOverall: 1.49E-05
StatTimingReplenishmentBatchingCount: 2
StatTimingOrderBatchingAverage: 0.00010979065420560733
StatTimingOrderBatchingOverall: 0.0822331999999999
StatTimingOrderBatchingCount: 749
>>> Overall
StatOverallBundlesPlaced: 0
StatOverallItemsOrdered: 636
StatOverallOrdersPlaced: 407
StatOverallBundlesRejected: 0
StatOverallOrdersRejected: 0
StatOverallBundlesHandled: 0
StatOverallItemsHandled: 711
StatOverallLinesHandled: 673
StatOverallOrdersHandled: 463
StatOverallCollisions: 0
StatOverallDistanceTraveled: 5241.974460505295
StatOverallDistanceEstimated: 5107
StatOverallAssignedTasks: 213
StatMaxMemoryUsed: 88,08203125
StatRealTimeUsed: 1.1645796
StatAverageTurnoverTime: 495.97488655143474
StatMedianTurnoverTime: 360.9788022903973
StatLowerQuartileTurnoverTime: 139.40676045807956
StatUpperQuartileTurnoverTime: 765.8153823585726
StatAverageThroughputTime: 100.98365548242006
StatMedianThroughputTime: 20.382777777777775
StatLowerQuartileThroughputTime: 12.58953823585739
StatUpperQuartileThroughputTime: 86.11685424949292

Marked tag finished after 1 tries!
.Fin. - SUCCESS
<<< Welcome to the RAWSimO CLI >>>
The time is: 06/13/2024 09:40:23
Starting RAWSimO wrapper with the following arguments:
Instance: ..\..\..\..\Material\Instances\0.Weighted30min Demand separate\Da\Weighted2.xinst
Setting: ..\..\..\..\Material\Instances\0.Weighted30min Demand separate\Da\Weighted2.xsett
ControlConfig: ..\..\..\..\Material\Instances\0.Weighted30min Demand separate\Da\Weighted2.xconf
StatisticsDir: ..\..\..\..\Material\Instances\0.Weighted30min Demand separate\Da
Seed: 2
Additionally the following tag was passed: 1, 6.0207999999999995, 0.38099999999999995, 0.162, 0.1, 0.425
Adding handler for unhandled exceptions ...
Initializing ... 
Instance recognized!
Parsing setting config ...
Parsing control config ...
Parsing instance ...
StatisticsFolder: Weighted2-Da_[[1, 6.0207999999999995, 0.38099999999999995]]_3_[0.162, 0.1, 0.425].csv-2
Done!
