Executing ... 
 09:55:04 | >>> Warming up ...
 00:00:00 | >>> Warmup finished - starting simulation ...
 Realtime |   ETA    |  Sim.Time  | Progress | #Orders | #Bundles | Inv. | Distance | #Coll. |   Memory    
 00:00:00 |   n/a    | 0.00:00:00 |  0.00%   |    0    |    0     | 60%  |    0     |   0    | 108.48MB  
 00:00:01 | Cannot generate further orders - suspending generation for now
 00:00:01 | Cannot generate further orders - suspending generation for now
 00:00:02 | Cannot generate further orders - suspending generation for now
 00:00:02 | Cannot generate further orders - suspending generation for now
 00:00:02 | Cannot generate further orders - suspending generation for now
 00:00:02 | Cannot generate further orders - suspending generation for now
 00:00:02 | Cannot generate further orders - suspending generation for now
 00:00:02 | Cannot generate further orders - suspending generation for now
 00:00:02 | 00:00:00 | 0.00:30:00 | 100.00%  |   451   |    0     | 19%  |   5187   |   0    | 104.45MB  
 00:00:02 | >>> Simulation finished - writing results ...
 00:00:02 | >>> Results written
Simulation finished.
>>> Timings
StatTimingPathPlanningAverage: 0.00030519343891402697
StatTimingPathPlanningOverall: 0.26979099999999984
StatTimingPathPlanningCount: 884
StatTimingTaskAllocationAverage: 0.0037329368663594482
StatTimingTaskAllocationOverall: 0.8100473000000002
StatTimingTaskAllocationCount: 217
StatTimingItemStorageAverage: 2.927492447129909E-06
StatTimingItemStorageOverall: 0.0019379999999999998
StatTimingItemStorageCount: 662
StatTimingPodStorageAverage: 0.0032485689320388375
StatTimingPodStorageOverall: 0.33460260000000025
StatTimingPodStorageCount: 103
StatTimingReplenishmentBatchingAverage: 1.3500000000000001E-05
StatTimingReplenishmentBatchingOverall: 2.7000000000000002E-05
StatTimingReplenishmentBatchingCount: 2
StatTimingOrderBatchingAverage: 0.00020969933422103855
StatTimingOrderBatchingOverall: 0.15748419999999996
StatTimingOrderBatchingCount: 751
>>> Overall
StatOverallBundlesPlaced: 0
StatOverallItemsOrdered: 659
StatOverallOrdersPlaced: 412
StatOverallBundlesRejected: 0
StatOverallOrdersRejected: 0
StatOverallBundlesHandled: 0
StatOverallItemsHandled: 686
StatOverallLinesHandled: 645
StatOverallOrdersHandled: 451
StatOverallCollisions: 0
StatOverallDistanceTraveled: 5187.440382263993
StatOverallDistanceEstimated: 5090
StatOverallAssignedTasks: 217
StatMaxMemoryUsed: 107,78515625
StatRealTimeUsed: 2.4168065
StatAverageTurnoverTime: 467.7631044955405
StatMedianTurnoverTime: 366.4892568616193
StatLowerQuartileTurnoverTime: 148.02564934696852
StatUpperQuartileTurnoverTime: 635.1268614424152
StatAverageThroughputTime: 97.76921084384514
StatMedianThroughputTime: 21.1677777777777
StatLowerQuartileThroughputTime: 12.51166666666677
StatUpperQuartileThroughputTime: 81.6577777777778

Marked tag finished after 1 tries!
.Fin. - SUCCESS
<<< Welcome to the RAWSimO CLI >>>
The time is: 06/13/2024 09:55:07
Starting RAWSimO wrapper with the following arguments:
Instance: ..\..\..\..\Material\Instances\0.Weighted30min Demand separate\Dd\Weighted2.xinst
Setting: ..\..\..\..\Material\Instances\0.Weighted30min Demand separate\Dd\Weighted2.xsett
ControlConfig: ..\..\..\..\Material\Instances\0.Weighted30min Demand separate\Dd\Weighted2.xconf
StatisticsDir: ..\..\..\..\Material\Instances\0.Weighted30min Demand separate\Dd
Seed: 1
Additionally the following tag was passed: 1, 0.198, 0.21333333333333337, 0.135, 0.683, 0.625
Adding handler for unhandled exceptions ...
Initializing ... 
Instance recognized!
Parsing setting config ...
Parsing control config ...
Parsing instance ...
StatisticsFolder: Weighted2-Dd_[[1, 0.198, 0.21333333333333337]]_3_[0.135, 0.683, 0.625].csv-1
Done!
