Executing ... 
 19:21:26 | >>> Warming up ...
 00:00:00 | >>> Warmup finished - starting simulation ...
 Realtime |   ETA    |  Sim.Time  | Progress | #Orders | #Bundles | Inv. | Distance | #Coll. |   Memory    
 00:00:00 |   n/a    | 0.00:00:00 |  0.00%   |    0    |    0     | 60%  |    0     |   0    | 114.92MB  
 00:00:00 | Cannot generate further orders - suspending generation for now
 00:00:00 | Cannot generate further orders - suspending generation for now
 00:00:00 | Cannot generate further orders - suspending generation for now
 00:00:00 | Cannot generate further orders - suspending generation for now
 00:00:00 | Cannot generate further orders - suspending generation for now
 00:00:01 | Cannot generate further orders - suspending generation for now
 00:00:01 | Cannot generate further orders - suspending generation for now
 00:00:01 | Cannot generate further orders - suspending generation for now
 00:00:01 | Cannot generate further orders - suspending generation for now
 00:00:01 | Cannot generate further orders - suspending generation for now
 00:00:01 | 00:00:00 | 0.00:30:00 | 100.00%  |   474   |    0     | 15%  |   5011   |   0    | 110.28MB  
 00:00:01 | >>> Simulation finished - writing results ...
 00:00:01 | >>> Results written
Simulation finished.
>>> Timings
StatTimingPathPlanningAverage: 9.913883374689833E-05
StatTimingPathPlanningOverall: 0.07990590000000006
StatTimingPathPlanningCount: 806
StatTimingTaskAllocationAverage: 0.002203358536585364
StatTimingTaskAllocationOverall: 0.45168849999999966
StatTimingTaskAllocationCount: 205
StatTimingItemStorageAverage: 1.2905479452054768E-06
StatTimingItemStorageOverall: 0.0009420999999999981
StatTimingItemStorageCount: 730
StatTimingPodStorageAverage: 0.002007718367346939
StatTimingPodStorageOverall: 0.1967564
StatTimingPodStorageCount: 98
StatTimingReplenishmentBatchingAverage: 9.849999999999999E-06
StatTimingReplenishmentBatchingOverall: 1.9699999999999998E-05
StatTimingReplenishmentBatchingCount: 2
StatTimingOrderBatchingAverage: 0.0001028308184143223
StatTimingOrderBatchingOverall: 0.08041370000000005
StatTimingOrderBatchingCount: 782
>>> Overall
StatOverallBundlesPlaced: 0
StatOverallItemsOrdered: 659
StatOverallOrdersPlaced: 408
StatOverallBundlesRejected: 0
StatOverallOrdersRejected: 0
StatOverallBundlesHandled: 0
StatOverallItemsHandled: 754
StatOverallLinesHandled: 699
StatOverallOrdersHandled: 474
StatOverallCollisions: 0
StatOverallDistanceTraveled: 5010.520746623918
StatOverallDistanceEstimated: 4881
StatOverallAssignedTasks: 205
StatMaxMemoryUsed: 115,19921875
StatRealTimeUsed: 1.1176901
StatAverageTurnoverTime: 443.30434125003177
StatMedianTurnoverTime: 318.2214862767664
StatLowerQuartileTurnoverTime: 175.09841993182442
StatUpperQuartileTurnoverTime: 561.4251875828254
StatAverageThroughputTime: 92.01724760996329
StatMedianThroughputTime: 25.153888888889128
StatLowerQuartileThroughputTime: 16.38028137423953
StatUpperQuartileThroughputTime: 91.6198196100961

Marked tag finished after 1 tries!
.Fin. - SUCCESS
<<< Welcome to the RAWSimO CLI >>>
The time is: 06/25/2024 19:21:28
Starting RAWSimO wrapper with the following arguments:
Instance: ..\..\..\..\Material\Instances\10.Weighted30min Demand Gall\Dp\Weighted2.xinst
Setting: ..\..\..\..\Material\Instances\10.Weighted30min Demand Gall\Dp\Weighted2.xsett
ControlConfig: ..\..\..\..\Material\Instances\10.Weighted30min Demand Gall\Dp\Weighted2.xconf
StatisticsDir: ..\..\..\..\Material\Instances\10.Weighted30min Demand Gall\Dp
Seed: 5
Additionally the following tag was passed: 1, 0.45999999999999996, 1.0, 0.169, 0.367, 1.0
Adding handler for unhandled exceptions ...
Initializing ... 
Instance recognized!
Parsing setting config ...
Parsing control config ...
Parsing instance ...
StatisticsFolder: Weighted2-Dp_[[1, 0.45999999999999996, 1.0]]_1_[0.169, 0.367, 1.0].csv-5
Done!
