Executing ... 
 09:45:15 | >>> Warming up ...
 00:00:00 | >>> Warmup finished - starting simulation ...
 Realtime |   ETA    |  Sim.Time  | Progress | #Orders | #Bundles | Inv. | Distance | #Coll. |   Memory    
 00:00:00 |   n/a    | 0.00:00:00 |  0.00%   |    0    |    0     | 60%  |    0     |   0    | 145.76MB  
 00:00:01 | Cannot generate further orders - suspending generation for now
 00:00:01 | Cannot generate further orders - suspending generation for now
 00:00:01 | Cannot generate further orders - suspending generation for now
 00:00:01 | Cannot generate further orders - suspending generation for now
 00:00:01 | Cannot generate further orders - suspending generation for now
 00:00:01 | 00:00:00 | 0.00:30:00 | 100.00%  |   425   |    0     | 21%  |   5280   |   0    | 139.85MB  
 00:00:01 | >>> Simulation finished - writing results ...
 00:00:01 | >>> Results written
Simulation finished.
>>> Timings
StatTimingPathPlanningAverage: 0.0001384399082568808
StatTimingPathPlanningOverall: 0.12071960000000007
StatTimingPathPlanningCount: 872
StatTimingTaskAllocationAverage: 0.0017976321585903093
StatTimingTaskAllocationOverall: 0.4080625000000002
StatTimingTaskAllocationCount: 227
StatTimingItemStorageAverage: 1.3483253588516746E-06
StatTimingItemStorageOverall: 0.0008454000000000001
StatTimingItemStorageCount: 627
StatTimingPodStorageAverage: 0.0016165816513761461
StatTimingPodStorageOverall: 0.17620739999999993
StatTimingPodStorageCount: 109
StatTimingReplenishmentBatchingAverage: 9.25E-06
StatTimingReplenishmentBatchingOverall: 1.85E-05
StatTimingReplenishmentBatchingCount: 2
StatTimingOrderBatchingAverage: 0.00011436112637362632
StatTimingOrderBatchingOverall: 0.08325489999999997
StatTimingOrderBatchingCount: 728
>>> Overall
StatOverallBundlesPlaced: 0
StatOverallItemsOrdered: 667
StatOverallOrdersPlaced: 414
StatOverallBundlesRejected: 0
StatOverallOrdersRejected: 0
StatOverallBundlesHandled: 0
StatOverallItemsHandled: 651
StatOverallLinesHandled: 614
StatOverallOrdersHandled: 425
StatOverallCollisions: 0
StatOverallDistanceTraveled: 5280.215257586742
StatOverallDistanceEstimated: 5151
StatOverallAssignedTasks: 227
StatMaxMemoryUsed: 144,27734375
StatRealTimeUsed: 1.1872149
StatAverageTurnoverTime: 463.0086462676258
StatMedianTurnoverTime: 333.1935137232379
StatLowerQuartileTurnoverTime: 159.138614707572
StatUpperQuartileTurnoverTime: 679.108888888889
StatAverageThroughputTime: 103.92504641169067
StatMedianThroughputTime: 20.065000000000282
StatLowerQuartileThroughputTime: 12.553333333333399
StatUpperQuartileThroughputTime: 76.10083692979417

Marked tag finished after 1 tries!
.Fin. - SUCCESS
<<< Welcome to the RAWSimO CLI >>>
The time is: 06/13/2024 09:45:17
Starting RAWSimO wrapper with the following arguments:
Instance: ..\..\..\..\Material\Instances\0.Weighted30min Demand separate\Db\Weighted2.xinst
Setting: ..\..\..\..\Material\Instances\0.Weighted30min Demand separate\Db\Weighted2.xsett
ControlConfig: ..\..\..\..\Material\Instances\0.Weighted30min Demand separate\Db\Weighted2.xconf
StatisticsDir: ..\..\..\..\Material\Instances\0.Weighted30min Demand separate\Db
Seed: 1
Additionally the following tag was passed: 1, 0.8006, 0.30400000000000005, 0.181, 0.225, 0.6
Adding handler for unhandled exceptions ...
Initializing ... 
Instance recognized!
Parsing setting config ...
Parsing control config ...
Parsing instance ...
StatisticsFolder: Weighted2-Db_[[1, 0.8006, 0.30400000000000005]]_3_[0.181, 0.225, 0.6].csv-1
Done!
