Executing ... 
 09:55:35 | >>> Warming up ...
 00:00:00 | >>> Warmup finished - starting simulation ...
 Realtime |   ETA    |  Sim.Time  | Progress | #Orders | #Bundles | Inv. | Distance | #Coll. |   Memory    
 00:00:00 |   n/a    | 0.00:00:00 |  0.00%   |    0    |    0     | 60%  |    0     |   0    | 107.07MB  
 00:00:01 | Cannot generate further orders - suspending generation for now
 00:00:01 | Cannot generate further orders - suspending generation for now
 00:00:01 | Cannot generate further orders - suspending generation for now
 00:00:01 | Cannot generate further orders - suspending generation for now
 00:00:01 | Cannot generate further orders - suspending generation for now
 00:00:01 | Cannot generate further orders - suspending generation for now
 00:00:01 | Cannot generate further orders - suspending generation for now
 00:00:01 | Cannot generate further orders - suspending generation for now
 00:00:01 | Cannot generate further orders - suspending generation for now
 00:00:01 | Cannot generate further orders - suspending generation for now
 00:00:01 | 00:00:00 | 0.00:30:00 | 100.00%  |   497   |    0     | 14%  |   4840   |   0    | 104.98MB  
 00:00:01 | >>> Simulation finished - writing results ...
 00:00:01 | >>> Results written
Simulation finished.
>>> Timings
StatTimingPathPlanningAverage: 0.00016500128205128203
StatTimingPathPlanningOverall: 0.12870099999999998
StatTimingPathPlanningCount: 780
StatTimingTaskAllocationAverage: 0.0033414144999999993
StatTimingTaskAllocationOverall: 0.6682828999999999
StatTimingTaskAllocationCount: 200
StatTimingItemStorageAverage: 2.0598639455782338E-06
StatTimingItemStorageOverall: 0.0015140000000000017
StatTimingItemStorageCount: 735
StatTimingPodStorageAverage: 0.002666768421052633
StatTimingPodStorageOverall: 0.25334300000000015
StatTimingPodStorageCount: 95
StatTimingReplenishmentBatchingAverage: 9.65E-06
StatTimingReplenishmentBatchingOverall: 1.93E-05
StatTimingReplenishmentBatchingCount: 2
StatTimingOrderBatchingAverage: 0.0001823684605757193
StatTimingOrderBatchingOverall: 0.14571239999999971
StatTimingOrderBatchingCount: 799
>>> Overall
StatOverallBundlesPlaced: 0
StatOverallItemsOrdered: 661
StatOverallOrdersPlaced: 429
StatOverallBundlesRejected: 0
StatOverallOrdersRejected: 0
StatOverallBundlesHandled: 0
StatOverallItemsHandled: 760
StatOverallLinesHandled: 720
StatOverallOrdersHandled: 497
StatOverallCollisions: 0
StatOverallDistanceTraveled: 4839.960457923986
StatOverallDistanceEstimated: 4720
StatOverallAssignedTasks: 200
StatMaxMemoryUsed: 106,9609375
StatRealTimeUsed: 1.8025675
StatAverageTurnoverTime: 468.5510851518406
StatMedianTurnoverTime: 336.31555555555525
StatLowerQuartileTurnoverTime: 179.20777777777778
StatUpperQuartileTurnoverTime: 632.4018470565732
StatAverageThroughputTime: 94.68055554051259
StatMedianThroughputTime: 24.955281374238098
StatLowerQuartileThroughputTime: 15.550555555555547
StatUpperQuartileThroughputTime: 84.42230882070544

Marked tag finished after 1 tries!
.Fin. - SUCCESS
<<< Welcome to the RAWSimO CLI >>>
The time is: 06/13/2024 09:55:37
Starting RAWSimO wrapper with the following arguments:
Instance: ..\..\..\..\Material\Instances\0.Weighted30min Demand separate\Dd\Weighted2.xinst
Setting: ..\..\..\..\Material\Instances\0.Weighted30min Demand separate\Dd\Weighted2.xsett
ControlConfig: ..\..\..\..\Material\Instances\0.Weighted30min Demand separate\Dd\Weighted2.xconf
StatisticsDir: ..\..\..\..\Material\Instances\0.Weighted30min Demand separate\Dd
Seed: 3
Additionally the following tag was passed: 1, 0.198, 0.54, 0.143, 0.717, 0.5
Adding handler for unhandled exceptions ...
Initializing ... 
Instance recognized!
Parsing setting config ...
Parsing control config ...
Parsing instance ...
StatisticsFolder: Weighted2-Dd_[[1, 0.198, 0.54]]_1_[0.143, 0.717, 0.5].csv-3
Done!
