Executing ... 
 13:45:48 | >>> Warming up ...
 00:00:00 | >>> Warmup finished - starting simulation ...
 Realtime |   ETA    |  Sim.Time  | Progress | #Orders | #Bundles | Inv. | Distance | #Coll. |   Memory    
 00:00:00 |   n/a    | 0.00:00:00 |  0.00%   |    0    |    0     | 60%  |    0     |   0    |  84.03MB  
 00:00:00 | Cannot generate further orders - suspending generation for now
 00:00:00 | Cannot generate further orders - suspending generation for now
 00:00:00 | Cannot generate further orders - suspending generation for now
 00:00:00 | Cannot generate further orders - suspending generation for now
 00:00:01 | Cannot generate further orders - suspending generation for now
 00:00:01 | Cannot generate further orders - suspending generation for now
 00:00:01 | Cannot generate further orders - suspending generation for now
 00:00:01 | Cannot generate further orders - suspending generation for now
 00:00:01 | Cannot generate further orders - suspending generation for now
 00:00:01 | Cannot generate further orders - suspending generation for now
 00:00:01 | 00:00:00 | 0.00:30:00 | 100.00%  |   494   |    0     | 14%  |   4898   |   0    |  84.29MB  
 00:00:01 | >>> Simulation finished - writing results ...
 00:00:01 | >>> Results written
Simulation finished.
>>> Timings
StatTimingPathPlanningAverage: 0.00012387897862232771
StatTimingPathPlanningOverall: 0.10430609999999994
StatTimingPathPlanningCount: 842
StatTimingTaskAllocationAverage: 0.001962497572815532
StatTimingTaskAllocationOverall: 0.4042744999999996
StatTimingTaskAllocationCount: 206
StatTimingItemStorageAverage: 1.2399734395750332E-06
StatTimingItemStorageOverall: 0.0009337
StatTimingItemStorageCount: 753
StatTimingPodStorageAverage: 0.0016929353535353518
StatTimingPodStorageOverall: 0.16760059999999982
StatTimingPodStorageCount: 99
StatTimingReplenishmentBatchingAverage: 8.95E-06
StatTimingReplenishmentBatchingOverall: 1.79E-05
StatTimingReplenishmentBatchingCount: 2
StatTimingOrderBatchingAverage: 0.00010006436498150427
StatTimingOrderBatchingOverall: 0.08115219999999997
StatTimingOrderBatchingCount: 811
>>> Overall
StatOverallBundlesPlaced: 0
StatOverallItemsOrdered: 659
StatOverallOrdersPlaced: 418
StatOverallBundlesRejected: 0
StatOverallOrdersRejected: 0
StatOverallBundlesHandled: 0
StatOverallItemsHandled: 770
StatOverallLinesHandled: 729
StatOverallOrdersHandled: 494
StatOverallCollisions: 0
StatOverallDistanceTraveled: 4898.344683894034
StatOverallDistanceEstimated: 4775
StatOverallAssignedTasks: 206
StatMaxMemoryUsed: 84,91796875
StatRealTimeUsed: 1.181361
StatAverageTurnoverTime: 459.7903411622842
StatMedianTurnoverTime: 302.9062986939368
StatLowerQuartileTurnoverTime: 124.0401875828258
StatUpperQuartileTurnoverTime: 664.1754617641426
StatAverageThroughputTime: 93.43998492701806
StatMedianThroughputTime: 25.09777777777788
StatLowerQuartileThroughputTime: 16.2195382358575
StatUpperQuartileThroughputTime: 77.83508659849178

Marked tag finished after 1 tries!
.Fin. - SUCCESS
<<< Welcome to the RAWSimO CLI >>>
The time is: 06/07/2024 13:45:49
Starting RAWSimO wrapper with the following arguments:
Instance: ..\..\..\..\Material\Instances\0.Weighted30min Demand separate\Dd\Weighted2.xinst
Setting: ..\..\..\..\Material\Instances\0.Weighted30min Demand separate\Dd\Weighted2.xsett
ControlConfig: ..\..\..\..\Material\Instances\0.Weighted30min Demand separate\Dd\Weighted2.xconf
StatisticsDir: ..\..\..\..\Material\Instances\0.Weighted30min Demand separate\Dd
Seed: 2
Additionally the following tag was passed: [[1, 1, 2]]
Adding handler for unhandled exceptions ...
Initializing ... 
Instance recognized!
Parsing setting config ...
Parsing control config ...
Parsing instance ...
StatisticsFolder: Weighted2-Dd_[[1, 1, 2]]_1.csv-2
Done!
