Executing ... 
 16:22:30 | >>> Warming up ...
 00:00:00 | >>> Warmup finished - starting simulation ...
 Realtime |   ETA    |  Sim.Time  | Progress | #Orders | #Bundles | Inv. | Distance | #Coll. |   Memory    
 00:00:00 |   n/a    | 0.00:00:00 |  0.00%   |    0    |    0     | 83%  |    0     |   0    |  81.88MB  
 00:00:00 | Reactivating bundle generation paused by inventory+reserved+backlog level (currently at: 0.6491666666666667)
 00:00:00 | Cannot generate further orders - suspending generation for now
 00:00:00 | Cannot generate further orders - suspending generation for now
 00:00:00 | Cannot generate further orders - suspending generation for now
 00:00:00 | Cannot generate further orders - suspending generation for now
 00:00:00 | Cannot generate further orders - suspending generation for now
 00:00:00 | Cannot generate further orders - suspending generation for now
 00:00:00 | Cannot generate further orders - suspending generation for now
 00:00:00 | Cannot generate further orders - suspending generation for now
 00:00:00 | Cannot generate further orders - suspending generation for now
 00:00:00 | 00:00:00 | 0.00:30:00 | 100.00%  |   474   |    0     | 24%  |   4658   |   0    |  83.11MB  
 00:00:00 | >>> Simulation finished - writing results ...
 00:00:00 | >>> Results written
Simulation finished.
>>> Timings
StatTimingPathPlanningAverage: 8.574287634408609E-05
StatTimingPathPlanningOverall: 0.06379270000000005
StatTimingPathPlanningCount: 744
StatTimingTaskAllocationAverage: 0.0012003119170984448
StatTimingTaskAllocationOverall: 0.23166019999999987
StatTimingTaskAllocationCount: 193
StatTimingItemStorageAverage: 9.94971264367816E-07
StatTimingItemStorageOverall: 0.0006924999999999999
StatTimingItemStorageCount: 696
StatTimingPodStorageAverage: 0.0008931494505494499
StatTimingPodStorageOverall: 0.08127659999999995
StatTimingPodStorageCount: 91
StatTimingReplenishmentBatchingAverage: 6.5999999999999995E-06
StatTimingReplenishmentBatchingOverall: 2.6399999999999998E-05
StatTimingReplenishmentBatchingCount: 4
StatTimingOrderBatchingAverage: 8.78229193341869E-05
StatTimingOrderBatchingOverall: 0.06858969999999998
StatTimingOrderBatchingCount: 781
>>> Overall
StatOverallBundlesPlaced: 180
StatOverallItemsOrdered: 664
StatOverallOrdersPlaced: 426
StatOverallBundlesRejected: 0
StatOverallOrdersRejected: 0
StatOverallBundlesHandled: 0
StatOverallItemsHandled: 714
StatOverallLinesHandled: 669
StatOverallOrdersHandled: 474
StatOverallCollisions: 0
StatOverallDistanceTraveled: 4658.491811682634
StatOverallDistanceEstimated: 4571
StatOverallAssignedTasks: 193
StatMaxMemoryUsed: 83,109375
StatRealTimeUsed: 0.845554
StatAverageTurnoverTime: 441.32718980453376
StatMedianTurnoverTime: 314.00398320063573
StatLowerQuartileTurnoverTime: 128.8394444444445
StatUpperQuartileTurnoverTime: 581.5662049025241
StatAverageThroughputTime: 90.67273889828965
StatMedianThroughputTime: 26.122871569190693
StatLowerQuartileThroughputTime: 16.017777777777383
StatUpperQuartileThroughputTime: 74.43036025946867

Marked tag finished after 1 tries!
.Fin. - SUCCESS
