Executing ... 
 19:20:22 | >>> Warming up ...
 00:00:00 | >>> Warmup finished - starting simulation ...
 Realtime |   ETA    |  Sim.Time  | Progress | #Orders | #Bundles | Inv. | Distance | #Coll. |   Memory    
 00:00:00 |   n/a    | 0.00:00:00 |  0.00%   |    0    |    0     | 60%  |    0     |   0    |  80.89MB  
 00:00:00 | Cannot generate further orders - suspending generation for now
 00:00:00 | Cannot generate further orders - suspending generation for now
 00:00:01 | Cannot generate further orders - suspending generation for now
 00:00:01 | Cannot generate further orders - suspending generation for now
 00:00:01 | Cannot generate further orders - suspending generation for now
 00:00:01 | Cannot generate further orders - suspending generation for now
 00:00:01 | Cannot generate further orders - suspending generation for now
 00:00:01 | Cannot generate further orders - suspending generation for now
 00:00:01 | Cannot generate further orders - suspending generation for now
 00:00:01 | Cannot generate further orders - suspending generation for now
 00:00:01 | 00:00:00 | 0.00:30:00 | 100.00%  |   475   |    0     | 15%  |   4964   |   0    |  85.46MB  
 00:00:01 | >>> Simulation finished - writing results ...
 00:00:01 | >>> Results written
Simulation finished.
>>> Timings
StatTimingPathPlanningAverage: 0.0001175669703872437
StatTimingPathPlanningOverall: 0.10322379999999996
StatTimingPathPlanningCount: 878
StatTimingTaskAllocationAverage: 0.0022372876777251183
StatTimingTaskAllocationOverall: 0.4720677
StatTimingTaskAllocationCount: 211
StatTimingItemStorageAverage: 1.3393305439330491E-06
StatTimingItemStorageOverall: 0.0009602999999999963
StatTimingItemStorageCount: 717
StatTimingPodStorageAverage: 0.0016381323529411757
StatTimingPodStorageOverall: 0.16708949999999992
StatTimingPodStorageCount: 102
StatTimingReplenishmentBatchingAverage: 7.65E-06
StatTimingReplenishmentBatchingOverall: 1.53E-05
StatTimingReplenishmentBatchingCount: 2
StatTimingOrderBatchingAverage: 0.00012000575916230374
StatTimingOrderBatchingOverall: 0.09168440000000005
StatTimingOrderBatchingCount: 764
>>> Overall
StatOverallBundlesPlaced: 0
StatOverallItemsOrdered: 665
StatOverallOrdersPlaced: 417
StatOverallBundlesRejected: 0
StatOverallOrdersRejected: 0
StatOverallBundlesHandled: 0
StatOverallItemsHandled: 745
StatOverallLinesHandled: 705
StatOverallOrdersHandled: 475
StatOverallCollisions: 0
StatOverallDistanceTraveled: 4964.319144601321
StatOverallDistanceEstimated: 4839
StatOverallAssignedTasks: 211
StatMaxMemoryUsed: 88,359375
StatRealTimeUsed: 1.2070367
StatAverageTurnoverTime: 470.08340733472545
StatMedianTurnoverTime: 319.56018758282556
StatLowerQuartileTurnoverTime: 145.5428715691907
StatUpperQuartileTurnoverTime: 684.9478787621118
StatAverageThroughputTime: 103.52991603713203
StatMedianThroughputTime: 24.579538235857626
StatLowerQuartileThroughputTime: 16.557316013635045
StatUpperQuartileThroughputTime: 90.0605555555556

Marked tag finished after 1 tries!
.Fin. - SUCCESS
<<< Welcome to the RAWSimO CLI >>>
The time is: 06/25/2024 19:20:23
Starting RAWSimO wrapper with the following arguments:
Instance: ..\..\..\..\Material\Instances\10.Weighted30min Demand Gall\Dp\Weighted2.xinst
Setting: ..\..\..\..\Material\Instances\10.Weighted30min Demand Gall\Dp\Weighted2.xsett
ControlConfig: ..\..\..\..\Material\Instances\10.Weighted30min Demand Gall\Dp\Weighted2.xconf
StatisticsDir: ..\..\..\..\Material\Instances\10.Weighted30min Demand Gall\Dp
Seed: 4
Additionally the following tag was passed: 1, 0.19, 1.0, 0.12, 0.627, 1.0
Adding handler for unhandled exceptions ...
Initializing ... 
Instance recognized!
Parsing setting config ...
Parsing control config ...
Parsing instance ...
StatisticsFolder: Weighted2-Dp_[[1, 0.19, 1.0]]_2_[0.12, 0.627, 1.0].csv-4
Done!
