Executing ... 
 10:00:14 | >>> Warming up ...
 00:00:00 | >>> Warmup finished - starting simulation ...
 Realtime |   ETA    |  Sim.Time  | Progress | #Orders | #Bundles | Inv. | Distance | #Coll. |   Memory    
 00:00:00 |   n/a    | 0.00:00:00 |  0.00%   |    0    |    0     | 60%  |    0     |   0    | 109.68MB  
 00:00:00 | Cannot generate further orders - suspending generation for now
 00:00:00 | Cannot generate further orders - suspending generation for now
 00:00:00 | Cannot generate further orders - suspending generation for now
 00:00:00 | Cannot generate further orders - suspending generation for now
 00:00:00 | Cannot generate further orders - suspending generation for now
 00:00:00 | Cannot generate further orders - suspending generation for now
 00:00:00 | Cannot generate further orders - suspending generation for now
 00:00:00 | Cannot generate further orders - suspending generation for now
 00:00:01 | Cannot generate further orders - suspending generation for now
 00:00:01 | Cannot generate further orders - suspending generation for now
 00:00:01 | Cannot generate further orders - suspending generation for now
 00:00:01 | Cannot generate further orders - suspending generation for now
 00:00:01 | Cannot generate further orders - suspending generation for now
 00:00:01 | Cannot generate further orders - suspending generation for now
 00:00:01 | Cannot generate further orders - suspending generation for now
 00:00:01 | Cannot generate further orders - suspending generation for now
 00:00:01 | Cannot generate further orders - suspending generation for now
 00:00:01 | 00:00:00 | 0.00:30:00 | 100.00%  |   535   |    0     | 10%  |   4758   |   0    | 104.99MB  
 00:00:01 | >>> Simulation finished - writing results ...
 00:00:01 | >>> Results written
Simulation finished.
>>> Timings
StatTimingPathPlanningAverage: 0.00010657088122605375
StatTimingPathPlanningOverall: 0.08344500000000009
StatTimingPathPlanningCount: 783
StatTimingTaskAllocationAverage: 0.0024697398989898993
StatTimingTaskAllocationOverall: 0.48900850000000007
StatTimingTaskAllocationCount: 198
StatTimingItemStorageAverage: 1.1286245353159831E-06
StatTimingItemStorageOverall: 0.0009107999999999984
StatTimingItemStorageCount: 807
StatTimingPodStorageAverage: 0.00215765052631579
StatTimingPodStorageOverall: 0.20497680000000007
StatTimingPodStorageCount: 95
StatTimingReplenishmentBatchingAverage: 1.1350000000000001E-05
StatTimingReplenishmentBatchingOverall: 2.2700000000000003E-05
StatTimingReplenishmentBatchingCount: 2
StatTimingOrderBatchingAverage: 0.00011373631778058007
StatTimingOrderBatchingOverall: 0.09019289999999999
StatTimingOrderBatchingCount: 793
>>> Overall
StatOverallBundlesPlaced: 0
StatOverallItemsOrdered: 627
StatOverallOrdersPlaced: 407
StatOverallBundlesRejected: 0
StatOverallOrdersRejected: 0
StatOverallBundlesHandled: 0
StatOverallItemsHandled: 838
StatOverallLinesHandled: 796
StatOverallOrdersHandled: 535
StatOverallCollisions: 0
StatOverallDistanceTraveled: 4758.2245286893985
StatOverallDistanceEstimated: 4679
StatOverallAssignedTasks: 198
StatMaxMemoryUsed: 109,6796875
StatRealTimeUsed: 1.2334471
StatAverageTurnoverTime: 438.1758693027329
StatMedianTurnoverTime: 255.22694804090622
StatLowerQuartileTurnoverTime: 118.83250359646098
StatUpperQuartileTurnoverTime: 626.1851009843347
StatAverageThroughputTime: 87.86393924402492
StatMedianThroughputTime: 32.98490620858706
StatLowerQuartileThroughputTime: 16.55111111111114
StatUpperQuartileThroughputTime: 86.98231601363513

Marked tag finished after 1 tries!
.Fin. - SUCCESS
<<< Welcome to the RAWSimO CLI >>>
The time is: 06/13/2024 10:00:15
Starting RAWSimO wrapper with the following arguments:
Instance: ..\..\..\..\Material\Instances\0.Weighted30min Demand separate\De\Weighted2.xinst
Setting: ..\..\..\..\Material\Instances\0.Weighted30min Demand separate\De\Weighted2.xsett
ControlConfig: ..\..\..\..\Material\Instances\0.Weighted30min Demand separate\De\Weighted2.xconf
StatisticsDir: ..\..\..\..\Material\Instances\0.Weighted30min Demand separate\De
Seed: 2
Additionally the following tag was passed: 1, 0.7645, 0.058, 0.171, 0.217, 1.0
Adding handler for unhandled exceptions ...
Initializing ... 
Instance recognized!
Parsing setting config ...
Parsing control config ...
Parsing instance ...
StatisticsFolder: Weighted2-De_[[1, 0.7645, 0.058]]_2_[0.171, 0.217, 1.0].csv-2
Done!
