Executing ... 
 09:45:12 | >>> Warming up ...
 00:00:00 | >>> Warmup finished - starting simulation ...
 Realtime |   ETA    |  Sim.Time  | Progress | #Orders | #Bundles | Inv. | Distance | #Coll. |   Memory    
 00:00:00 |   n/a    | 0.00:00:00 |  0.00%   |    0    |    0     | 60%  |    0     |   0    | 145.18MB  
 00:00:01 | Cannot generate further orders - suspending generation for now
 00:00:01 | Cannot generate further orders - suspending generation for now
 00:00:01 | Cannot generate further orders - suspending generation for now
 00:00:01 | Cannot generate further orders - suspending generation for now
 00:00:01 | Cannot generate further orders - suspending generation for now
 00:00:01 | Cannot generate further orders - suspending generation for now
 00:00:01 | Cannot generate further orders - suspending generation for now
 00:00:01 | 00:00:00 | 0.00:30:00 | 100.00%  |   458   |    0     | 18%  |   5278   |   0    | 140.39MB  
 00:00:01 | >>> Simulation finished - writing results ...
 00:00:01 | >>> Results written
Simulation finished.
>>> Timings
StatTimingPathPlanningAverage: 0.00011164105882352957
StatTimingPathPlanningOverall: 0.09489490000000013
StatTimingPathPlanningCount: 850
StatTimingTaskAllocationAverage: 0.002039961574074075
StatTimingTaskAllocationOverall: 0.44063170000000024
StatTimingTaskAllocationCount: 216
StatTimingItemStorageAverage: 1.2140350877192956E-06
StatTimingItemStorageOverall: 0.0008303999999999982
StatTimingItemStorageCount: 684
StatTimingPodStorageAverage: 0.0017617621359223292
StatTimingPodStorageOverall: 0.18146149999999991
StatTimingPodStorageCount: 103
StatTimingReplenishmentBatchingAverage: 8.5E-06
StatTimingReplenishmentBatchingOverall: 1.7E-05
StatTimingReplenishmentBatchingCount: 2
StatTimingOrderBatchingAverage: 0.00010232831632653063
StatTimingOrderBatchingOverall: 0.08022540000000002
StatTimingOrderBatchingCount: 784
>>> Overall
StatOverallBundlesPlaced: 0
StatOverallItemsOrdered: 667
StatOverallOrdersPlaced: 421
StatOverallBundlesRejected: 0
StatOverallOrdersRejected: 0
StatOverallBundlesHandled: 0
StatOverallItemsHandled: 702
StatOverallLinesHandled: 663
StatOverallOrdersHandled: 458
StatOverallCollisions: 0
StatOverallDistanceTraveled: 5277.568034094807
StatOverallDistanceEstimated: 5124
StatOverallAssignedTasks: 216
StatMaxMemoryUsed: 145,17578125
StatRealTimeUsed: 1.1902092
StatAverageTurnoverTime: 465.8389716206885
StatMedianTurnoverTime: 332.2696320272711
StatLowerQuartileTurnoverTime: 127.06120490252579
StatUpperQuartileTurnoverTime: 700.9225973878733
StatAverageThroughputTime: 96.47135826355141
StatMedianThroughputTime: 21.26888888888834
StatLowerQuartileThroughputTime: 13.4834271247463
StatUpperQuartileThroughputTime: 85.64564934696844

Marked tag finished after 1 tries!
.Fin. - SUCCESS
<<< Welcome to the RAWSimO CLI >>>
The time is: 06/13/2024 09:45:13
Starting RAWSimO wrapper with the following arguments:
Instance: ..\..\..\..\Material\Instances\0.Weighted30min Demand separate\Db\Weighted2.xinst
Setting: ..\..\..\..\Material\Instances\0.Weighted30min Demand separate\Db\Weighted2.xsett
ControlConfig: ..\..\..\..\Material\Instances\0.Weighted30min Demand separate\Db\Weighted2.xconf
StatisticsDir: ..\..\..\..\Material\Instances\0.Weighted30min Demand separate\Db
Seed: 2
Additionally the following tag was passed: 1, 0.8006, 0.30400000000000005, 0.181, 0.225, 0.6
Adding handler for unhandled exceptions ...
Initializing ... 
Instance recognized!
Parsing setting config ...
Parsing control config ...
Parsing instance ...
StatisticsFolder: Weighted2-Db_[[1, 0.8006, 0.30400000000000005]]_2_[0.181, 0.225, 0.6].csv-2
Done!
