Executing ... 
 09:40:14 | >>> Warming up ...
 00:00:00 | >>> Warmup finished - starting simulation ...
 Realtime |   ETA    |  Sim.Time  | Progress | #Orders | #Bundles | Inv. | Distance | #Coll. |   Memory    
 00:00:00 |   n/a    | 0.00:00:00 |  0.00%   |    0    |    0     | 60%  |    0     |   0    |  82.41MB  
 00:00:00 | Cannot generate further orders - suspending generation for now
 00:00:00 | Cannot generate further orders - suspending generation for now
 00:00:00 | Cannot generate further orders - suspending generation for now
 00:00:00 | Cannot generate further orders - suspending generation for now
 00:00:01 | Cannot generate further orders - suspending generation for now
 00:00:01 | Cannot generate further orders - suspending generation for now
 00:00:01 | Cannot generate further orders - suspending generation for now
 00:00:01 | Cannot generate further orders - suspending generation for now
 00:00:01 | Cannot generate further orders - suspending generation for now
 00:00:01 | 00:00:00 | 0.00:30:00 | 100.00%  |   487   |    0     | 15%  |   5126   |   0    |  84.12MB  
 00:00:01 | >>> Simulation finished - writing results ...
 00:00:01 | >>> Results written
Simulation finished.
>>> Timings
StatTimingPathPlanningAverage: 9.476752037252611E-05
StatTimingPathPlanningOverall: 0.08140529999999993
StatTimingPathPlanningCount: 859
StatTimingTaskAllocationAverage: 0.0020724088372093023
StatTimingTaskAllocationOverall: 0.44556789999999996
StatTimingTaskAllocationCount: 215
StatTimingItemStorageAverage: 1.001506849315068E-06
StatTimingItemStorageOverall: 0.0007310999999999996
StatTimingItemStorageCount: 730
StatTimingPodStorageAverage: 0.0018697291262135928
StatTimingPodStorageOverall: 0.19258210000000006
StatTimingPodStorageCount: 103
StatTimingReplenishmentBatchingAverage: 8.15E-06
StatTimingReplenishmentBatchingOverall: 1.63E-05
StatTimingReplenishmentBatchingCount: 2
StatTimingOrderBatchingAverage: 9.889714993804211E-05
StatTimingOrderBatchingOverall: 0.07980999999999998
StatTimingOrderBatchingCount: 807
>>> Overall
StatOverallBundlesPlaced: 0
StatOverallItemsOrdered: 667
StatOverallOrdersPlaced: 424
StatOverallBundlesRejected: 0
StatOverallOrdersRejected: 0
StatOverallBundlesHandled: 0
StatOverallItemsHandled: 745
StatOverallLinesHandled: 702
StatOverallOrdersHandled: 487
StatOverallCollisions: 0
StatOverallDistanceTraveled: 5126.0164465061225
StatOverallDistanceEstimated: 5042
StatOverallAssignedTasks: 215
StatMaxMemoryUsed: 86,3671875
StatRealTimeUsed: 1.1262896
StatAverageTurnoverTime: 444.69946885443136
StatMedianTurnoverTime: 338.9837084989858
StatLowerQuartileTurnoverTime: 145.3837950974755
StatUpperQuartileTurnoverTime: 611.274819610096
StatAverageThroughputTime: 89.6916441755986
StatMedianThroughputTime: 24.101760458079468
StatLowerQuartileThroughputTime: 16.151666666667097
StatUpperQuartileThroughputTime: 81.47896829445767

Marked tag finished after 1 tries!
.Fin. - SUCCESS
<<< Welcome to the RAWSimO CLI >>>
The time is: 06/13/2024 09:40:15
Starting RAWSimO wrapper with the following arguments:
Instance: ..\..\..\..\Material\Instances\0.Weighted30min Demand separate\Da\Weighted2.xinst
Setting: ..\..\..\..\Material\Instances\0.Weighted30min Demand separate\Da\Weighted2.xsett
ControlConfig: ..\..\..\..\Material\Instances\0.Weighted30min Demand separate\Da\Weighted2.xconf
StatisticsDir: ..\..\..\..\Material\Instances\0.Weighted30min Demand separate\Da
Seed: 2
Additionally the following tag was passed: 1, 6.0207999999999995, 0.38099999999999995, 0.162, 0.1, 0.425
Adding handler for unhandled exceptions ...
Initializing ... 
Instance recognized!
Parsing setting config ...
Parsing control config ...
Parsing instance ...
StatisticsFolder: Weighted2-Da_[[1, 6.0207999999999995, 0.38099999999999995]]_1_[0.162, 0.1, 0.425].csv-2
Done!
