Executing ... 
 14:01:22 | >>> Warming up ...
 00:00:00 | >>> Warmup finished - starting simulation ...
 Realtime |   ETA    |  Sim.Time  | Progress | #Orders | #Bundles | Inv. | Distance | #Coll. |   Memory    
 00:00:00 |   n/a    | 0.00:00:00 |  0.00%   |    0    |    0     | 60%  |    0     |   0    | 106.50MB  
 00:00:00 | Cannot generate further orders - suspending generation for now
 00:00:00 | Cannot generate further orders - suspending generation for now
 00:00:00 | Cannot generate further orders - suspending generation for now
 00:00:00 | Cannot generate further orders - suspending generation for now
 00:00:00 | Cannot generate further orders - suspending generation for now
 00:00:00 | Cannot generate further orders - suspending generation for now
 00:00:00 | Cannot generate further orders - suspending generation for now
 00:00:00 | Cannot generate further orders - suspending generation for now
 00:00:00 | Cannot generate further orders - suspending generation for now
 00:00:00 | Cannot generate further orders - suspending generation for now
 00:00:00 | Cannot generate further orders - suspending generation for now
 00:00:00 | Cannot generate further orders - suspending generation for now
 00:00:00 | Cannot generate further orders - suspending generation for now
 00:00:00 | 00:00:00 | 0.00:30:00 | 100.00%  |   497   |    0     | 14%  |   4908   |   0    | 108.39MB  
 00:00:01 | >>> Simulation finished - writing results ...
 00:00:01 | >>> Results written
Simulation finished.
>>> Timings
StatTimingPathPlanningAverage: 8.032545235223161E-05
StatTimingPathPlanningOverall: 0.0665898
StatTimingPathPlanningCount: 829
StatTimingTaskAllocationAverage: 0.001867527962085309
StatTimingTaskAllocationOverall: 0.3940484000000002
StatTimingTaskAllocationCount: 211
StatTimingItemStorageAverage: 8.711772665764583E-07
StatTimingItemStorageOverall: 0.0006438000000000026
StatTimingItemStorageCount: 739
StatTimingPodStorageAverage: 0.0014737740000000002
StatTimingPodStorageOverall: 0.14737740000000002
StatTimingPodStorageCount: 100
StatTimingReplenishmentBatchingAverage: 1.06E-05
StatTimingReplenishmentBatchingOverall: 2.12E-05
StatTimingReplenishmentBatchingCount: 2
StatTimingOrderBatchingAverage: 7.37198750000001E-05
StatTimingOrderBatchingOverall: 0.058975900000000074
StatTimingOrderBatchingCount: 800
>>> Overall
StatOverallBundlesPlaced: 0
StatOverallItemsOrdered: 642
StatOverallOrdersPlaced: 410
StatOverallBundlesRejected: 0
StatOverallOrdersRejected: 0
StatOverallBundlesHandled: 0
StatOverallItemsHandled: 768
StatOverallLinesHandled: 727
StatOverallOrdersHandled: 497
StatOverallCollisions: 0
StatOverallDistanceTraveled: 4908.314099959774
StatOverallDistanceEstimated: 4807
StatOverallAssignedTasks: 211
StatMaxMemoryUsed: 110,0546875
StatRealTimeUsed: 0.9981825
StatAverageTurnoverTime: 412.58617405056305
StatMedianTurnoverTime: 239.36287156919065
StatLowerQuartileTurnoverTime: 99.342409805048
StatUpperQuartileTurnoverTime: 599.4437084989848
StatAverageThroughputTime: 88.71295061701196
StatMedianThroughputTime: 23.643333333333317
StatLowerQuartileThroughputTime: 12.858333333333235
StatUpperQuartileThroughputTime: 78.80333333333351

Marked tag finished after 1 tries!
.Fin. - SUCCESS
<<< Welcome to the RAWSimO CLI >>>
The time is: 06/07/2024 14:01:23
Starting RAWSimO wrapper with the following arguments:
Instance: ..\..\..\..\Material\Instances\0.Weighted30min Demand separate\Dc\Weighted2.xinst
Setting: ..\..\..\..\Material\Instances\0.Weighted30min Demand separate\Dc\Weighted2.xsett
ControlConfig: ..\..\..\..\Material\Instances\0.Weighted30min Demand separate\Dc\Weighted2.xconf
StatisticsDir: ..\..\..\..\Material\Instances\0.Weighted30min Demand separate\Dc
Seed: 2
Additionally the following tag was passed: [[1, 1, 0.058]]
Adding handler for unhandled exceptions ...
Initializing ... 
Instance recognized!
Parsing setting config ...
Parsing control config ...
Parsing instance ...
StatisticsFolder: Weighted2-Dc_[[1, 1, 0.058]]_1.csv-2
Done!
