Executing ... 
 19:11:53 | >>> Warming up ...
 00:00:00 | >>> Warmup finished - starting simulation ...
 Realtime |   ETA    |  Sim.Time  | Progress | #Orders | #Bundles | Inv. | Distance | #Coll. |   Memory    
 00:00:00 |   n/a    | 0.00:00:00 |  0.00%   |    0    |    0     | 60%  |    0     |   0    |  81.78MB  
 00:00:00 | Cannot generate further orders - suspending generation for now
 00:00:00 | Cannot generate further orders - suspending generation for now
 00:00:00 | Cannot generate further orders - suspending generation for now
 00:00:00 | Cannot generate further orders - suspending generation for now
 00:00:00 | Cannot generate further orders - suspending generation for now
 00:00:00 | Cannot generate further orders - suspending generation for now
 00:00:00 | Cannot generate further orders - suspending generation for now
 00:00:01 | Cannot generate further orders - suspending generation for now
 00:00:01 | Cannot generate further orders - suspending generation for now
 00:00:01 | 00:00:00 | 0.00:30:00 | 100.00%  |   461   |    0     | 18%  |   5202   |   0    |  83.04MB  
 00:00:01 | >>> Simulation finished - writing results ...
 00:00:01 | >>> Results written
Simulation finished.
>>> Timings
StatTimingPathPlanningAverage: 8.457849588719143E-05
StatTimingPathPlanningOverall: 0.07197629999999991
StatTimingPathPlanningCount: 851
StatTimingTaskAllocationAverage: 0.0019470810185185196
StatTimingTaskAllocationOverall: 0.42056950000000026
StatTimingTaskAllocationCount: 216
StatTimingItemStorageAverage: 1.0486049926578578E-06
StatTimingItemStorageOverall: 0.0007141000000000011
StatTimingItemStorageCount: 681
StatTimingPodStorageAverage: 0.0016962171428571426
StatTimingPodStorageOverall: 0.17810279999999998
StatTimingPodStorageCount: 105
StatTimingReplenishmentBatchingAverage: 8.35E-06
StatTimingReplenishmentBatchingOverall: 1.67E-05
StatTimingReplenishmentBatchingCount: 2
StatTimingOrderBatchingAverage: 9.094616402116397E-05
StatTimingOrderBatchingOverall: 0.06875529999999996
StatTimingOrderBatchingCount: 756
>>> Overall
StatOverallBundlesPlaced: 0
StatOverallItemsOrdered: 657
StatOverallOrdersPlaced: 419
StatOverallBundlesRejected: 0
StatOverallOrdersRejected: 0
StatOverallBundlesHandled: 0
StatOverallItemsHandled: 703
StatOverallLinesHandled: 661
StatOverallOrdersHandled: 461
StatOverallCollisions: 0
StatOverallDistanceTraveled: 5202.426033528588
StatOverallDistanceEstimated: 5070
StatOverallAssignedTasks: 216
StatMaxMemoryUsed: 83,04296875
StatRealTimeUsed: 1.0527108
StatAverageTurnoverTime: 440.64391486281204
StatMedianTurnoverTime: 245.21426405454093
StatLowerQuartileTurnoverTime: 117.832777777778
StatUpperQuartileTurnoverTime: 654.8432467348418
StatAverageThroughputTime: 98.59587206067285
StatMedianThroughputTime: 21.024444444444953
StatLowerQuartileThroughputTime: 12.798427124746183
StatUpperQuartileThroughputTime: 83.61888888888927

Marked tag finished after 1 tries!
.Fin. - SUCCESS
<<< Welcome to the RAWSimO CLI >>>
The time is: 06/12/2024 19:11:54
Starting RAWSimO wrapper with the following arguments:
Instance: ..\..\..\..\Material\Instances\0.Weighted30min Demand separate\Da\Weighted2.xinst
Setting: ..\..\..\..\Material\Instances\0.Weighted30min Demand separate\Da\Weighted2.xsett
ControlConfig: ..\..\..\..\Material\Instances\0.Weighted30min Demand separate\Da\Weighted2.xconf
StatisticsDir: ..\..\..\..\Material\Instances\0.Weighted30min Demand separate\Da
Seed: 2
Additionally the following tag was passed: [[1, 7.513, 0.5455]]
Adding handler for unhandled exceptions ...
Initializing ... 
Instance recognized!
Parsing setting config ...
Parsing control config ...
Parsing instance ...
StatisticsFolder: Weighted2-Da_[[1, 7.513, 0.5455]]_1.csv-2
Done!
