Executing ... 
 19:28:06 | >>> Warming up ...
 00:00:00 | >>> Warmup finished - starting simulation ...
 Realtime |   ETA    |  Sim.Time  | Progress | #Orders | #Bundles | Inv. | Distance | #Coll. |   Memory    
 00:00:00 |   n/a    | 0.00:00:00 |  0.00%   |    0    |    0     | 60%  |    0     |   0    | 121.93MB  
 00:00:00 | Cannot generate further orders - suspending generation for now
 00:00:00 | Cannot generate further orders - suspending generation for now
 00:00:00 | Cannot generate further orders - suspending generation for now
 00:00:00 | Cannot generate further orders - suspending generation for now
 00:00:00 | Cannot generate further orders - suspending generation for now
 00:00:00 | Cannot generate further orders - suspending generation for now
 00:00:00 | Cannot generate further orders - suspending generation for now
 00:00:00 | Cannot generate further orders - suspending generation for now
 00:00:00 | Cannot generate further orders - suspending generation for now
 00:00:00 | Cannot generate further orders - suspending generation for now
 00:00:00 | 00:00:00 | 0.00:30:00 | 100.00%  |   493   |    0     | 14%  |   4886   |   0    | 117.29MB  
 00:00:00 | >>> Simulation finished - writing results ...
 00:00:00 | >>> Results written
Simulation finished.
>>> Timings
StatTimingPathPlanningAverage: 7.998866103739455E-05
StatTimingPathPlanningOverall: 0.06631060000000008
StatTimingPathPlanningCount: 829
StatTimingTaskAllocationAverage: 0.0017647196172248805
StatTimingTaskAllocationOverall: 0.3688264
StatTimingTaskAllocationCount: 209
StatTimingItemStorageAverage: 8.441095890410999E-07
StatTimingItemStorageOverall: 0.0006162000000000029
StatTimingItemStorageCount: 730
StatTimingPodStorageAverage: 0.001520432323232322
StatTimingPodStorageOverall: 0.15052279999999987
StatTimingPodStorageCount: 99
StatTimingReplenishmentBatchingAverage: 7.6E-06
StatTimingReplenishmentBatchingOverall: 1.52E-05
StatTimingReplenishmentBatchingCount: 2
StatTimingOrderBatchingAverage: 8.016012738853503E-05
StatTimingOrderBatchingOverall: 0.0629257
StatTimingOrderBatchingCount: 785
>>> Overall
StatOverallBundlesPlaced: 0
StatOverallItemsOrdered: 667
StatOverallOrdersPlaced: 423
StatOverallBundlesRejected: 0
StatOverallOrdersRejected: 0
StatOverallBundlesHandled: 0
StatOverallItemsHandled: 759
StatOverallLinesHandled: 710
StatOverallOrdersHandled: 493
StatOverallCollisions: 0
StatOverallDistanceTraveled: 4885.726009152008
StatOverallDistanceEstimated: 4798
StatOverallAssignedTasks: 209
StatMaxMemoryUsed: 121,9296875
StatRealTimeUsed: 0.9163577
StatAverageTurnoverTime: 450.1406912909892
StatMedianTurnoverTime: 305.36010098433485
StatLowerQuartileTurnoverTime: 153.685093791413
StatUpperQuartileTurnoverTime: 614.999076471715
StatAverageThroughputTime: 94.55012306475818
StatMedianThroughputTime: 24.283888888888896
StatLowerQuartileThroughputTime: 16.161298693937056
StatUpperQuartileThroughputTime: 78.46102451261908

Marked tag finished after 1 tries!
.Fin. - SUCCESS
<<< Welcome to the RAWSimO CLI >>>
The time is: 06/25/2024 19:28:07
Starting RAWSimO wrapper with the following arguments:
Instance: ..\..\..\..\Material\Instances\10.Weighted30min Demand Gall\Dr\Weighted2.xinst
Setting: ..\..\..\..\Material\Instances\10.Weighted30min Demand Gall\Dr\Weighted2.xsett
ControlConfig: ..\..\..\..\Material\Instances\10.Weighted30min Demand Gall\Dr\Weighted2.xconf
StatisticsDir: ..\..\..\..\Material\Instances\10.Weighted30min Demand Gall\Dr
Seed: 1
Additionally the following tag was passed: 1, 1.6, 1.0, 0.216, 0.143, 1.0
Adding handler for unhandled exceptions ...
Initializing ... 
Instance recognized!
Parsing setting config ...
Parsing control config ...
Parsing instance ...
StatisticsFolder: Weighted2-Dr_[[1, 1.6, 1.0]]_1_[0.216, 0.143, 1.0].csv-1
Done!
