Executing ... 
 09:58:02 | >>> Warming up ...
 00:00:00 | >>> Warmup finished - starting simulation ...
 Realtime |   ETA    |  Sim.Time  | Progress | #Orders | #Bundles | Inv. | Distance | #Coll. |   Memory    
 00:00:00 |   n/a    | 0.00:00:00 |  0.00%   |    0    |    0     | 60%  |    0     |   0    | 108.02MB  
 00:00:00 | Cannot generate further orders - suspending generation for now
 00:00:00 | Cannot generate further orders - suspending generation for now
 00:00:00 | Cannot generate further orders - suspending generation for now
 00:00:00 | Cannot generate further orders - suspending generation for now
 00:00:00 | Cannot generate further orders - suspending generation for now
 00:00:00 | Cannot generate further orders - suspending generation for now
 00:00:00 | Cannot generate further orders - suspending generation for now
 00:00:00 | Cannot generate further orders - suspending generation for now
 00:00:00 | Cannot generate further orders - suspending generation for now
 00:00:00 | Cannot generate further orders - suspending generation for now
 00:00:00 | Cannot generate further orders - suspending generation for now
 00:00:00 | Cannot generate further orders - suspending generation for now
 00:00:00 | 00:00:00 | 0.00:30:00 | 100.00%  |   502   |    0     | 13%  |   4960   |   0    | 103.49MB  
 00:00:00 | >>> Simulation finished - writing results ...
 00:00:01 | >>> Results written
Simulation finished.
>>> Timings
StatTimingPathPlanningAverage: 8.443888888888891E-05
StatTimingPathPlanningOverall: 0.06839550000000001
StatTimingPathPlanningCount: 810
StatTimingTaskAllocationAverage: 0.0019424829145728649
StatTimingTaskAllocationOverall: 0.3865541000000001
StatTimingTaskAllocationCount: 199
StatTimingItemStorageAverage: 8.865535248041816E-07
StatTimingItemStorageOverall: 0.0006791000000000031
StatTimingItemStorageCount: 766
StatTimingPodStorageAverage: 0.0017497631578947386
StatTimingPodStorageOverall: 0.16622750000000017
StatTimingPodStorageCount: 95
StatTimingReplenishmentBatchingAverage: 7.95E-06
StatTimingReplenishmentBatchingOverall: 1.59E-05
StatTimingReplenishmentBatchingCount: 2
StatTimingOrderBatchingAverage: 8.112857142857144E-05
StatTimingOrderBatchingOverall: 0.06474060000000001
StatTimingOrderBatchingCount: 798
>>> Overall
StatOverallBundlesPlaced: 0
StatOverallItemsOrdered: 653
StatOverallOrdersPlaced: 409
StatOverallBundlesRejected: 0
StatOverallOrdersRejected: 0
StatOverallBundlesHandled: 0
StatOverallItemsHandled: 786
StatOverallLinesHandled: 744
StatOverallOrdersHandled: 502
StatOverallCollisions: 0
StatOverallDistanceTraveled: 4960.341550938132
StatOverallDistanceEstimated: 4816
StatOverallAssignedTasks: 199
StatMaxMemoryUsed: 108,01953125
StatRealTimeUsed: 0.9884776
StatAverageTurnoverTime: 425.06645129137644
StatMedianTurnoverTime: 308.67250359646073
StatLowerQuartileTurnoverTime: 126.09833333333341
StatUpperQuartileTurnoverTime: 615.20740980505
StatAverageThroughputTime: 88.10929663703772
StatMedianThroughputTime: 26.813888888889096
StatLowerQuartileThroughputTime: 16.556666666666644
StatUpperQuartileThroughputTime: 79.05305195909455

Marked tag finished after 1 tries!
.Fin. - SUCCESS
<<< Welcome to the RAWSimO CLI >>>
The time is: 06/13/2024 09:58:03
Starting RAWSimO wrapper with the following arguments:
Instance: ..\..\..\..\Material\Instances\0.Weighted30min Demand separate\Dd\Weighted2.xinst
Setting: ..\..\..\..\Material\Instances\0.Weighted30min Demand separate\Dd\Weighted2.xsett
ControlConfig: ..\..\..\..\Material\Instances\0.Weighted30min Demand separate\Dd\Weighted2.xconf
StatisticsDir: ..\..\..\..\Material\Instances\0.Weighted30min Demand separate\Dd
Seed: 1
Additionally the following tag was passed: 1, 0.642, 0.3766666666666667, 0.198, 0.333, 0.525
Adding handler for unhandled exceptions ...
Initializing ... 
Instance recognized!
Parsing setting config ...
Parsing control config ...
Parsing instance ...
StatisticsFolder: Weighted2-Dd_[[1, 0.642, 0.3766666666666667]]_2_[0.198, 0.333, 0.525].csv-1
Done!
