Executing ... 
 14:01:16 | >>> Warming up ...
 00:00:00 | >>> Warmup finished - starting simulation ...
 Realtime |   ETA    |  Sim.Time  | Progress | #Orders | #Bundles | Inv. | Distance | #Coll. |   Memory    
 00:00:00 |   n/a    | 0.00:00:00 |  0.00%   |    0    |    0     | 60%  |    0     |   0    | 134.54MB  
 00:00:00 | Cannot generate further orders - suspending generation for now
 00:00:00 | Cannot generate further orders - suspending generation for now
 00:00:00 | Cannot generate further orders - suspending generation for now
 00:00:00 | Cannot generate further orders - suspending generation for now
 00:00:00 | Cannot generate further orders - suspending generation for now
 00:00:00 | Cannot generate further orders - suspending generation for now
 00:00:00 | Cannot generate further orders - suspending generation for now
 00:00:00 | Cannot generate further orders - suspending generation for now
 00:00:00 | 00:00:00 | 0.00:30:00 | 100.00%  |   509   |    0     | 14%  |   4664   |   0    |  65.50MB  
 00:00:00 | >>> Simulation finished - writing results ...
 00:00:01 | >>> Results written
Simulation finished.
>>> Timings
StatTimingPathPlanningAverage: 8.15526054590572E-05
StatTimingPathPlanningOverall: 0.0657314000000001
StatTimingPathPlanningCount: 806
StatTimingTaskAllocationAverage: 0.001810738499999999
StatTimingTaskAllocationOverall: 0.3621476999999998
StatTimingTaskAllocationCount: 200
StatTimingItemStorageAverage: 9.026206896551752E-07
StatTimingItemStorageOverall: 0.000654400000000002
StatTimingItemStorageCount: 725
StatTimingPodStorageAverage: 0.0016039145833333342
StatTimingPodStorageOverall: 0.15397580000000008
StatTimingPodStorageCount: 96
StatTimingReplenishmentBatchingAverage: 8.050000000000001E-06
StatTimingReplenishmentBatchingOverall: 1.6100000000000002E-05
StatTimingReplenishmentBatchingCount: 2
StatTimingOrderBatchingAverage: 7.913362391033627E-05
StatTimingOrderBatchingOverall: 0.06354430000000003
StatTimingOrderBatchingCount: 803
>>> Overall
StatOverallBundlesPlaced: 0
StatOverallItemsOrdered: 667
StatOverallOrdersPlaced: 431
StatOverallBundlesRejected: 0
StatOverallOrdersRejected: 0
StatOverallBundlesHandled: 0
StatOverallItemsHandled: 768
StatOverallLinesHandled: 729
StatOverallOrdersHandled: 509
StatOverallCollisions: 0
StatOverallDistanceTraveled: 4664.419780381427
StatOverallDistanceEstimated: 4530
StatOverallAssignedTasks: 200
StatMaxMemoryUsed: 134,5390625
StatRealTimeUsed: 0.9694268
StatAverageTurnoverTime: 452.0610775443779
StatMedianTurnoverTime: 310.77445163736616
StatLowerQuartileTurnoverTime: 120.04444444444445
StatUpperQuartileTurnoverTime: 658.3358369297969
StatAverageThroughputTime: 82.00172238321342
StatMedianThroughputTime: 20.784999999999854
StatLowerQuartileThroughputTime: 12.734444444444648
StatUpperQuartileThroughputTime: 74.23000000000008

Marked tag finished after 1 tries!
.Fin. - SUCCESS
<<< Welcome to the RAWSimO CLI >>>
The time is: 06/07/2024 14:01:17
Starting RAWSimO wrapper with the following arguments:
Instance: ..\..\..\..\Material\Instances\0.Weighted30min Demand separate\Dc\Weighted2.xinst
Setting: ..\..\..\..\Material\Instances\0.Weighted30min Demand separate\Dc\Weighted2.xsett
ControlConfig: ..\..\..\..\Material\Instances\0.Weighted30min Demand separate\Dc\Weighted2.xconf
StatisticsDir: ..\..\..\..\Material\Instances\0.Weighted30min Demand separate\Dc
Seed: 1
Additionally the following tag was passed: [[1, 0.058, 2.609]]
Adding handler for unhandled exceptions ...
Initializing ... 
Instance recognized!
Parsing setting config ...
Parsing control config ...
Parsing instance ...
StatisticsFolder: Weighted2-Dc_[[1, 0.058, 2.609]]_1.csv-1
Done!
