Executing ... 
 19:23:29 | >>> Warming up ...
 00:00:00 | >>> Warmup finished - starting simulation ...
 Realtime |   ETA    |  Sim.Time  | Progress | #Orders | #Bundles | Inv. | Distance | #Coll. |   Memory    
 00:00:00 |   n/a    | 0.00:00:00 |  0.00%   |    0    |    0     | 60%  |    0     |   0    |  81.93MB  
 00:00:00 | Cannot generate further orders - suspending generation for now
 00:00:00 | Cannot generate further orders - suspending generation for now
 00:00:00 | Cannot generate further orders - suspending generation for now
 00:00:01 | Cannot generate further orders - suspending generation for now
 00:00:01 | Cannot generate further orders - suspending generation for now
 00:00:01 | Cannot generate further orders - suspending generation for now
 00:00:01 | Cannot generate further orders - suspending generation for now
 00:00:01 | Cannot generate further orders - suspending generation for now
 00:00:01 | Cannot generate further orders - suspending generation for now
 00:00:01 | Cannot generate further orders - suspending generation for now
 00:00:01 | 00:00:00 | 0.00:30:00 | 100.00%  |   503   |    0     | 13%  |   4958   |   0    |  83.68MB  
 00:00:01 | >>> Simulation finished - writing results ...
 00:00:01 | >>> Results written
Simulation finished.
>>> Timings
StatTimingPathPlanningAverage: 0.00012107951959544895
StatTimingPathPlanningOverall: 0.09577390000000012
StatTimingPathPlanningCount: 791
StatTimingTaskAllocationAverage: 0.002364866336633665
StatTimingTaskAllocationOverall: 0.4777030000000003
StatTimingTaskAllocationCount: 202
StatTimingItemStorageAverage: 1.274999999999998E-06
StatTimingItemStorageOverall: 0.0009791999999999984
StatTimingItemStorageCount: 768
StatTimingPodStorageAverage: 0.002159467708333333
StatTimingPodStorageOverall: 0.20730889999999996
StatTimingPodStorageCount: 96
StatTimingReplenishmentBatchingAverage: 7.95E-06
StatTimingReplenishmentBatchingOverall: 1.59E-05
StatTimingReplenishmentBatchingCount: 2
StatTimingOrderBatchingAverage: 0.00011200835351089599
StatTimingOrderBatchingOverall: 0.09251890000000008
StatTimingOrderBatchingCount: 826
>>> Overall
StatOverallBundlesPlaced: 0
StatOverallItemsOrdered: 642
StatOverallOrdersPlaced: 415
StatOverallBundlesRejected: 0
StatOverallOrdersRejected: 0
StatOverallBundlesHandled: 0
StatOverallItemsHandled: 777
StatOverallLinesHandled: 737
StatOverallOrdersHandled: 503
StatOverallCollisions: 0
StatOverallDistanceTraveled: 4957.895584219455
StatOverallDistanceEstimated: 4847
StatOverallAssignedTasks: 202
StatMaxMemoryUsed: 86,01171875
StatRealTimeUsed: 1.2235416
StatAverageTurnoverTime: 455.2280625019586
StatMedianTurnoverTime: 342.26222222222555
StatLowerQuartileTurnoverTime: 126.04388888888897
StatUpperQuartileTurnoverTime: 649.8151009843375
StatAverageThroughputTime: 86.63628140244305
StatMedianThroughputTime: 24.10722222222222
StatLowerQuartileThroughputTime: 13.241666666666333
StatUpperQuartileThroughputTime: 91.4366738595885

Marked tag finished after 1 tries!
.Fin. - SUCCESS
<<< Welcome to the RAWSimO CLI >>>
The time is: 06/25/2024 19:23:31
Starting RAWSimO wrapper with the following arguments:
Instance: ..\..\..\..\Material\Instances\10.Weighted30min Demand Gall\Dp\Weighted2.xinst
Setting: ..\..\..\..\Material\Instances\10.Weighted30min Demand Gall\Dp\Weighted2.xsett
ControlConfig: ..\..\..\..\Material\Instances\10.Weighted30min Demand Gall\Dp\Weighted2.xconf
StatisticsDir: ..\..\..\..\Material\Instances\10.Weighted30min Demand Gall\Dp
Seed: 3
Additionally the following tag was passed: 1, 0.9099999999999999, 1.0, 0.198, 0.213, 1.0
Adding handler for unhandled exceptions ...
Initializing ... 
Instance recognized!
Parsing setting config ...
Parsing control config ...
Parsing instance ...
StatisticsFolder: Weighted2-Dp_[[1, 0.9099999999999999, 1.0]]_2_[0.198, 0.213, 1.0].csv-3
Done!
