Executing ... 
 16:20:44 | >>> Warming up ...
 00:00:00 | >>> Warmup finished - starting simulation ...
 Realtime |   ETA    |  Sim.Time  | Progress | #Orders | #Bundles | Inv. | Distance | #Coll. |   Memory    
 00:00:00 |   n/a    | 0.00:00:00 |  0.00%   |    0    |    0     | 60%  |    0     |   0    |  89.88MB  
 00:00:00 | Cannot generate further orders - suspending generation for now
 00:00:00 | Cannot generate further orders - suspending generation for now
 00:00:00 | Cannot generate further orders - suspending generation for now
 00:00:01 | Cannot generate further orders - suspending generation for now
 00:00:01 | Cannot generate further orders - suspending generation for now
 00:00:01 | Cannot generate further orders - suspending generation for now
 00:00:01 | Cannot generate further orders - suspending generation for now
 00:00:01 | Cannot generate further orders - suspending generation for now
 00:00:01 | 00:00:00 | 0.00:30:00 | 100.00%  |   467   |    0     | 17%  |   5190   |   0    |  86.03MB  
 00:00:01 | >>> Simulation finished - writing results ...
 00:00:01 | >>> Results written
Simulation finished.
>>> Timings
StatTimingPathPlanningAverage: 0.00012213742757821546
StatTimingPathPlanningOverall: 0.10540459999999993
StatTimingPathPlanningCount: 863
StatTimingTaskAllocationAverage: 0.0020580972222222207
StatTimingTaskAllocationOverall: 0.44454899999999964
StatTimingTaskAllocationCount: 216
StatTimingItemStorageAverage: 1.3470672389127305E-06
StatTimingItemStorageOverall: 0.0009415999999999986
StatTimingItemStorageCount: 699
StatTimingPodStorageAverage: 0.0016883689320388348
StatTimingPodStorageOverall: 0.17390199999999997
StatTimingPodStorageCount: 103
StatTimingReplenishmentBatchingAverage: 8.35E-06
StatTimingReplenishmentBatchingOverall: 1.67E-05
StatTimingReplenishmentBatchingCount: 2
StatTimingOrderBatchingAverage: 0.00011107571428571432
StatTimingOrderBatchingOverall: 0.08552830000000003
StatTimingOrderBatchingCount: 770
>>> Overall
StatOverallBundlesPlaced: 0
StatOverallItemsOrdered: 661
StatOverallOrdersPlaced: 413
StatOverallBundlesRejected: 0
StatOverallOrdersRejected: 0
StatOverallBundlesHandled: 0
StatOverallItemsHandled: 720
StatOverallLinesHandled: 682
StatOverallOrdersHandled: 467
StatOverallCollisions: 0
StatOverallDistanceTraveled: 5189.718518724841
StatOverallDistanceEstimated: 4982
StatOverallAssignedTasks: 216
StatMaxMemoryUsed: 89,47265625
StatRealTimeUsed: 1.1518373
StatAverageTurnoverTime: 478.03076677931494
StatMedianTurnoverTime: 348.608152943429
StatLowerQuartileTurnoverTime: 158.7995382358569
StatUpperQuartileTurnoverTime: 697.7185137232381
StatAverageThroughputTime: 97.35316519311291
StatMedianThroughputTime: 23.84287156919072
StatLowerQuartileThroughputTime: 13.018888888888796
StatUpperQuartileThroughputTime: 86.57824673484402

Marked tag finished after 1 tries!
.Fin. - SUCCESS
<<< Welcome to the RAWSimO CLI >>>
The time is: 06/21/2024 16:20:46
Starting RAWSimO wrapper with the following arguments:
Instance: ..\..\..\..\Material\Instances\01.Weighted30min Demand Gall\Dr\Weighted2.xinst
Setting: ..\..\..\..\Material\Instances\01.Weighted30min Demand Gall\Dr\Weighted2.xsett
ControlConfig: ..\..\..\..\Material\Instances\01.Weighted30min Demand Gall\Dr\Weighted2.xconf
StatisticsDir: ..\..\..\..\Material\Instances\01.Weighted30min Demand Gall\Dr
Seed: 1
Additionally the following tag was passed: 1, 0.23714285714285716, 1.0, 0.118, 0.49, 1.0
Adding handler for unhandled exceptions ...
Initializing ... 
Instance recognized!
Parsing setting config ...
Parsing control config ...
Parsing instance ...
StatisticsFolder: Weighted2-Dr_[[1, 0.23714285714285716, 1.0]]_2_[0.118, 0.49, 1.0].csv-1
Done!
