Executing ... 
 19:27:28 | >>> Warming up ...
 00:00:00 | >>> Warmup finished - starting simulation ...
 Realtime |   ETA    |  Sim.Time  | Progress | #Orders | #Bundles | Inv. | Distance | #Coll. |   Memory    
 00:00:00 |   n/a    | 0.00:00:00 |  0.00%   |    0    |    0     | 60%  |    0     |   0    | 135.84MB  
 00:00:00 | Cannot generate further orders - suspending generation for now
 00:00:00 | Cannot generate further orders - suspending generation for now
 00:00:00 | Cannot generate further orders - suspending generation for now
 00:00:00 | Cannot generate further orders - suspending generation for now
 00:00:00 | Cannot generate further orders - suspending generation for now
 00:00:00 | 00:00:00 | 0.00:30:00 | 100.00%  |   444   |    0     | 19%  |   5112   |   0    | 130.82MB  
 00:00:00 | >>> Simulation finished - writing results ...
 00:00:01 | >>> Results written
Simulation finished.
>>> Timings
StatTimingPathPlanningAverage: 9.912195121951212E-05
StatTimingPathPlanningOverall: 0.08534399999999993
StatTimingPathPlanningCount: 861
StatTimingTaskAllocationAverage: 0.001664940825688074
StatTimingTaskAllocationOverall: 0.36295710000000014
StatTimingTaskAllocationCount: 218
StatTimingItemStorageAverage: 8.954545454545493E-07
StatTimingItemStorageOverall: 0.0005910000000000025
StatTimingItemStorageCount: 660
StatTimingPodStorageAverage: 0.0014886
StatTimingPodStorageOverall: 0.15481440000000002
StatTimingPodStorageCount: 104
StatTimingReplenishmentBatchingAverage: 7.3E-06
StatTimingReplenishmentBatchingOverall: 1.46E-05
StatTimingReplenishmentBatchingCount: 2
StatTimingOrderBatchingAverage: 8.357452830188673E-05
StatTimingOrderBatchingOverall: 0.06201229999999996
StatTimingOrderBatchingCount: 742
>>> Overall
StatOverallBundlesPlaced: 0
StatOverallItemsOrdered: 667
StatOverallOrdersPlaced: 414
StatOverallBundlesRejected: 0
StatOverallOrdersRejected: 0
StatOverallBundlesHandled: 0
StatOverallItemsHandled: 677
StatOverallLinesHandled: 639
StatOverallOrdersHandled: 444
StatOverallCollisions: 0
StatOverallDistanceTraveled: 5111.741602815208
StatOverallDistanceEstimated: 4996
StatOverallAssignedTasks: 218
StatMaxMemoryUsed: 135,8359375
StatRealTimeUsed: 0.9512838
StatAverageTurnoverTime: 493.538116275998
StatMedianTurnoverTime: 363.13388888888886
StatLowerQuartileTurnoverTime: 145.50453823585744
StatUpperQuartileTurnoverTime: 734.5205627484778
StatAverageThroughputTime: 105.8540472936745
StatMedianThroughputTime: 20.98111111111166
StatLowerQuartileThroughputTime: 12.744350653031631
StatUpperQuartileThroughputTime: 85.57379509747557

Marked tag finished after 1 tries!
.Fin. - SUCCESS
<<< Welcome to the RAWSimO CLI >>>
The time is: 06/25/2024 19:27:29
Starting RAWSimO wrapper with the following arguments:
Instance: ..\..\..\..\Material\Instances\10.Weighted30min Demand Gall\Dr\Weighted2.xinst
Setting: ..\..\..\..\Material\Instances\10.Weighted30min Demand Gall\Dr\Weighted2.xsett
ControlConfig: ..\..\..\..\Material\Instances\10.Weighted30min Demand Gall\Dr\Weighted2.xconf
StatisticsDir: ..\..\..\..\Material\Instances\10.Weighted30min Demand Gall\Dr
Seed: 4
Additionally the following tag was passed: 1, 1.310909090909091, 1.0, 0.211, 0.162, 1.0
Adding handler for unhandled exceptions ...
Initializing ... 
Instance recognized!
Parsing setting config ...
Parsing control config ...
Parsing instance ...
StatisticsFolder: Weighted2-Dr_[[1, 1.310909090909091, 1.0]]_1_[0.211, 0.162, 1.0].csv-4
Done!
