Executing ... 
 09:39:56 | >>> Warming up ...
 00:00:00 | >>> Warmup finished - starting simulation ...
 Realtime |   ETA    |  Sim.Time  | Progress | #Orders | #Bundles | Inv. | Distance | #Coll. |   Memory    
 00:00:00 |   n/a    | 0.00:00:00 |  0.00%   |    0    |    0     | 60%  |    0     |   0    |  78.50MB  
 00:00:00 | Cannot generate further orders - suspending generation for now
 00:00:00 | Cannot generate further orders - suspending generation for now
 00:00:00 | Cannot generate further orders - suspending generation for now
 00:00:00 | Cannot generate further orders - suspending generation for now
 00:00:00 | Cannot generate further orders - suspending generation for now
 00:00:00 | Cannot generate further orders - suspending generation for now
 00:00:00 | Cannot generate further orders - suspending generation for now
 00:00:00 | Cannot generate further orders - suspending generation for now
 00:00:01 | Cannot generate further orders - suspending generation for now
 00:00:01 | Cannot generate further orders - suspending generation for now
 00:00:01 | 00:00:00 | 0.00:30:00 | 100.00%  |   470   |    0     | 16%  |   5200   |   0    |  75.64MB  
 00:00:01 | >>> Simulation finished - writing results ...
 00:00:01 | >>> Results written
Simulation finished.
>>> Timings
StatTimingPathPlanningAverage: 9.131352941176476E-05
StatTimingPathPlanningOverall: 0.07761650000000005
StatTimingPathPlanningCount: 850
StatTimingTaskAllocationAverage: 0.001812849769585253
StatTimingTaskAllocationOverall: 0.3933883999999999
StatTimingTaskAllocationCount: 217
StatTimingItemStorageAverage: 1.018854748603352E-06
StatTimingItemStorageOverall: 0.0007295000000000001
StatTimingItemStorageCount: 716
StatTimingPodStorageAverage: 0.001709375961538462
StatTimingPodStorageOverall: 0.17777510000000005
StatTimingPodStorageCount: 104
StatTimingReplenishmentBatchingAverage: 7.95E-06
StatTimingReplenishmentBatchingOverall: 1.59E-05
StatTimingReplenishmentBatchingCount: 2
StatTimingOrderBatchingAverage: 0.00012199228758169944
StatTimingOrderBatchingOverall: 0.09332410000000008
StatTimingOrderBatchingCount: 765
>>> Overall
StatOverallBundlesPlaced: 0
StatOverallItemsOrdered: 655
StatOverallOrdersPlaced: 410
StatOverallBundlesRejected: 0
StatOverallOrdersRejected: 0
StatOverallBundlesHandled: 0
StatOverallItemsHandled: 732
StatOverallLinesHandled: 692
StatOverallOrdersHandled: 470
StatOverallCollisions: 0
StatOverallDistanceTraveled: 5200.069989082517
StatOverallDistanceEstimated: 5052
StatOverallAssignedTasks: 217
StatMaxMemoryUsed: 79,4453125
StatRealTimeUsed: 1.0481338
StatAverageTurnoverTime: 463.40966631851984
StatMedianTurnoverTime: 266.44907647171465
StatLowerQuartileTurnoverTime: 108.81407647171469
StatUpperQuartileTurnoverTime: 686.7679725535274
StatAverageThroughputTime: 88.73386685817175
StatMedianThroughputTime: 21.22944444444454
StatLowerQuartileThroughputTime: 15.645000000000095
StatUpperQuartileThroughputTime: 77.43333333333362

Marked tag finished after 1 tries!
.Fin. - SUCCESS
<<< Welcome to the RAWSimO CLI >>>
The time is: 06/13/2024 09:39:57
Starting RAWSimO wrapper with the following arguments:
Instance: ..\..\..\..\Material\Instances\0.Weighted30min Demand separate\Da\Weighted2.xinst
Setting: ..\..\..\..\Material\Instances\0.Weighted30min Demand separate\Da\Weighted2.xsett
ControlConfig: ..\..\..\..\Material\Instances\0.Weighted30min Demand separate\Da\Weighted2.xconf
StatisticsDir: ..\..\..\..\Material\Instances\0.Weighted30min Demand separate\Da
Seed: 1
Additionally the following tag was passed: 1, 4.0312, 1.039, 0.259, 0.1, 0.25
Adding handler for unhandled exceptions ...
Initializing ... 
Instance recognized!
Parsing setting config ...
Parsing control config ...
Parsing instance ...
StatisticsFolder: Weighted2-Da_[[1, 4.0312, 1.039]]_3_[0.259, 0.1, 0.25].csv-1
Done!
