Executing ... 
 18:20:21 | >>> Warming up ...
 00:00:00 | >>> Warmup finished - starting simulation ...
 Realtime |   ETA    |  Sim.Time  | Progress | #Orders | #Bundles | Inv. | Distance | #Coll. |   Memory    
 00:00:00 |   n/a    | 0.00:00:00 |  0.00%   |    0    |    0     | 60%  |    0     |   0    |  93.23MB  
 00:00:00 | Cannot generate further orders - suspending generation for now
 00:00:00 | Cannot generate further orders - suspending generation for now
 00:00:00 | Cannot generate further orders - suspending generation for now
 00:00:00 | Cannot generate further orders - suspending generation for now
 00:00:00 | Cannot generate further orders - suspending generation for now
 00:00:00 | Cannot generate further orders - suspending generation for now
 00:00:00 | Cannot generate further orders - suspending generation for now
 00:00:00 | Cannot generate further orders - suspending generation for now
 00:00:00 | 00:00:00 | 0.00:30:00 | 100.00%  |   474   |    0     | 18%  |   5160   |   0    |  96.14MB  
 00:00:00 | >>> Simulation finished - writing results ...
 00:00:01 | >>> Results written
Simulation finished.
>>> Timings
StatTimingPathPlanningAverage: 8.057689573459718E-05
StatTimingPathPlanningOverall: 0.06800690000000002
StatTimingPathPlanningCount: 844
StatTimingTaskAllocationAverage: 0.0016787838565022425
StatTimingTaskAllocationOverall: 0.37436880000000006
StatTimingTaskAllocationCount: 223
StatTimingItemStorageAverage: 1.1378299120234586E-06
StatTimingItemStorageOverall: 0.0007759999999999988
StatTimingItemStorageCount: 682
StatTimingPodStorageAverage: 0.001344821495327103
StatTimingPodStorageOverall: 0.14389590000000002
StatTimingPodStorageCount: 107
StatTimingReplenishmentBatchingAverage: 1.07E-05
StatTimingReplenishmentBatchingOverall: 2.14E-05
StatTimingReplenishmentBatchingCount: 2
StatTimingOrderBatchingAverage: 7.989321608040199E-05
StatTimingOrderBatchingOverall: 0.06359499999999998
StatTimingOrderBatchingCount: 796
>>> Overall
StatOverallBundlesPlaced: 0
StatOverallItemsOrdered: 666
StatOverallOrdersPlaced: 433
StatOverallBundlesRejected: 0
StatOverallOrdersRejected: 0
StatOverallBundlesHandled: 0
StatOverallItemsHandled: 699
StatOverallLinesHandled: 659
StatOverallOrdersHandled: 474
StatOverallCollisions: 0
StatOverallDistanceTraveled: 5160.369291481846
StatOverallDistanceEstimated: 5060
StatOverallAssignedTasks: 223
StatMaxMemoryUsed: 100,34375
StatRealTimeUsed: 0.9788028
StatAverageTurnoverTime: 416.28744962347974
StatMedianTurnoverTime: 251.13972581868325
StatLowerQuartileTurnoverTime: 115.66240980504773
StatUpperQuartileTurnoverTime: 601.9902957600897
StatAverageThroughputTime: 87.71333735147674
StatMedianThroughputTime: 16.775000000000006
StatLowerQuartileThroughputTime: 12.214444444444439
StatUpperQuartileThroughputTime: 68.46333333333382

Marked tag finished after 1 tries!
.Fin. - SUCCESS
<<< Welcome to the RAWSimO CLI >>>
The time is: 06/05/2024 18:20:22
Starting RAWSimO wrapper with the following arguments:
Instance: ..\..\..\..\Material\Instances\0.Weighted30min Demand separate\Dd\Weighted2.xinst
Setting: ..\..\..\..\Material\Instances\0.Weighted30min Demand separate\Dd\Weighted2.xsett
ControlConfig: ..\..\..\..\Material\Instances\0.Weighted30min Demand separate\Dd\Weighted2.xconf
StatisticsDir: ..\..\..\..\Material\Instances\0.Weighted30min Demand separate\Dd
Seed: 1
Additionally the following tag was passed: whigh
Adding handler for unhandled exceptions ...
Initializing ... 
Instance recognized!
Parsing setting config ...
Parsing control config ...
Parsing instance ...
StatisticsFolder: Weighted2-Dd_whigh_1.csv-1
Done!
