Executing ... 
 16:32:25 | >>> Warming up ...
 00:00:00 | >>> Warmup finished - starting simulation ...
 Realtime |   ETA    |  Sim.Time  | Progress | #Orders | #Bundles | Inv. | Distance | #Coll. |   Memory    
 00:00:00 |   n/a    | 0.00:00:00 |  0.00%   |    0    |    0     | 83%  |    0     |   0    |  98.66MB  
 00:00:00 | Reactivating bundle generation paused by inventory+reserved+backlog level (currently at: 0.6491666666666667)
 00:00:00 | 00:00:00 | 0.00:30:00 | 100.00%  |   339   |    0     | 40%  |   3076   |   0    |  72.28MB  
 00:00:00 | >>> Simulation finished - writing results ...
 00:00:00 | >>> Results written
Simulation finished.
>>> Timings
StatTimingPathPlanningAverage: 8.028458715596326E-05
StatTimingPathPlanningOverall: 0.04375509999999998
StatTimingPathPlanningCount: 545
StatTimingTaskAllocationAverage: 0.0014934260869565216
StatTimingTaskAllocationOverall: 0.20609279999999996
StatTimingTaskAllocationCount: 138
StatTimingItemStorageAverage: 1.0547094188376803E-06
StatTimingItemStorageOverall: 0.0005263000000000024
StatTimingItemStorageCount: 499
StatTimingPodStorageAverage: 0.0013375566666666673
StatTimingPodStorageOverall: 0.08025340000000004
StatTimingPodStorageCount: 60
StatTimingReplenishmentBatchingAverage: 6.675E-06
StatTimingReplenishmentBatchingOverall: 2.67E-05
StatTimingReplenishmentBatchingCount: 4
StatTimingOrderBatchingAverage: 0.0001157727121464227
StatTimingOrderBatchingOverall: 0.06957940000000004
StatTimingOrderBatchingCount: 601
>>> Overall
StatOverallBundlesPlaced: 180
StatOverallItemsOrdered: 586
StatOverallOrdersPlaced: 375
StatOverallBundlesRejected: 0
StatOverallOrdersRejected: 0
StatOverallBundlesHandled: 0
StatOverallItemsHandled: 515
StatOverallLinesHandled: 483
StatOverallOrdersHandled: 339
StatOverallCollisions: 0
StatOverallDistanceTraveled: 3076.0301057098704
StatOverallDistanceEstimated: 2981
StatOverallAssignedTasks: 138
StatMaxMemoryUsed: 99,81640625
StatRealTimeUsed: 0.7839528
StatAverageTurnoverTime: 541.8756352758488
StatMedianTurnoverTime: 430.7902813742405
StatLowerQuartileTurnoverTime: 195.49370130606258
StatUpperQuartileTurnoverTime: 731.9172222222221
StatAverageThroughputTime: 141.81840878127142
StatMedianThroughputTime: 73.38601731969766
StatLowerQuartileThroughputTime: 45.90740980504794
StatUpperQuartileThroughputTime: 167.97685424949242

Marked tag finished after 1 tries!
.Fin. - SUCCESS
<<< Welcome to the RAWSimO CLI >>>
The time is: 06/03/2024 16:32:26
Starting RAWSimO wrapper with the following arguments:
Instance: ..\..\..\..\Material\Instances\0.Weighted30min\Weighted2.xinst
Setting: ..\..\..\..\Material\Instances\0.Weighted30min\WeightedScenario.xsett
ControlConfig: ..\..\..\..\Material\Instances\0.Weighted30min\WeightedScenario.xconf
StatisticsDir: ..\..\..\..\Material\Instances\0.Weighted30min
Seed: 1
Additionally the following tag was passed: Ddwlow
Adding handler for unhandled exceptions ...
Initializing ... 
Instance recognized!
Parsing setting config ...
Parsing control config ...
Parsing instance ...
StatisticsFolder: WeightedScenario-Dd_wlow_1.csv-1
Done!
