Executing ... 
 10:01:46 | >>> Warming up ...
 00:00:00 | >>> Warmup finished - starting simulation ...
 Realtime |   ETA    |  Sim.Time  | Progress | #Orders | #Bundles | Inv. | Distance | #Coll. |   Memory    
 00:00:00 |   n/a    | 0.00:00:00 |  0.00%   |    0    |    0     | 60%  |    0     |   0    | 115.82MB  
 00:00:00 | Cannot generate further orders - suspending generation for now
 00:00:00 | Cannot generate further orders - suspending generation for now
 00:00:01 | Cannot generate further orders - suspending generation for now
 00:00:01 | Cannot generate further orders - suspending generation for now
 00:00:01 | Cannot generate further orders - suspending generation for now
 00:00:01 | Cannot generate further orders - suspending generation for now
 00:00:01 | Cannot generate further orders - suspending generation for now
 00:00:01 | Cannot generate further orders - suspending generation for now
 00:00:01 | Cannot generate further orders - suspending generation for now
 00:00:01 | Cannot generate further orders - suspending generation for now
 00:00:01 | Cannot generate further orders - suspending generation for now
 00:00:01 | Cannot generate further orders - suspending generation for now
 00:00:01 | Cannot generate further orders - suspending generation for now
 00:00:01 | 00:00:00 | 0.00:30:00 | 100.00%  |   520   |    0     | 11%  |   4792   |   0    | 111.11MB  
 00:00:01 | >>> Simulation finished - writing results ...
 00:00:01 | >>> Results written
Simulation finished.
>>> Timings
StatTimingPathPlanningAverage: 0.00012668529784537396
StatTimingPathPlanningOverall: 0.09995470000000005
StatTimingPathPlanningCount: 789
StatTimingTaskAllocationAverage: 0.002438926530612245
StatTimingTaskAllocationOverall: 0.47802959999999994
StatTimingTaskAllocationCount: 196
StatTimingItemStorageAverage: 1.332120451693852E-06
StatTimingItemStorageOverall: 0.0010617
StatTimingItemStorageCount: 797
StatTimingPodStorageAverage: 0.002127212903225807
StatTimingPodStorageOverall: 0.19783080000000003
StatTimingPodStorageCount: 93
StatTimingReplenishmentBatchingAverage: 8.25E-06
StatTimingReplenishmentBatchingOverall: 1.65E-05
StatTimingReplenishmentBatchingCount: 2
StatTimingOrderBatchingAverage: 0.00012965065710872164
StatTimingOrderBatchingOverall: 0.1085176
StatTimingOrderBatchingCount: 837
>>> Overall
StatOverallBundlesPlaced: 0
StatOverallItemsOrdered: 667
StatOverallOrdersPlaced: 419
StatOverallBundlesRejected: 0
StatOverallOrdersRejected: 0
StatOverallBundlesHandled: 0
StatOverallItemsHandled: 822
StatOverallLinesHandled: 782
StatOverallOrdersHandled: 520
StatOverallCollisions: 0
StatOverallDistanceTraveled: 4791.987950974743
StatOverallDistanceEstimated: 4648
StatOverallAssignedTasks: 196
StatMaxMemoryUsed: 115,82421875
StatRealTimeUsed: 1.3149563
StatAverageTurnoverTime: 444.6563601270278
StatMedianTurnoverTime: 301.78083692979374
StatLowerQuartileTurnoverTime: 139.68834052625516
StatUpperQuartileTurnoverTime: 608.8242640545399
StatAverageThroughputTime: 97.5243195390924
StatMedianThroughputTime: 28.54509379141291
StatLowerQuartileThroughputTime: 16.550000000000182
StatUpperQuartileThroughputTime: 91.85555555555595

Marked tag finished after 1 tries!
.Fin. - SUCCESS
<<< Welcome to the RAWSimO CLI >>>
The time is: 06/13/2024 10:01:47
Starting RAWSimO wrapper with the following arguments:
Instance: ..\..\..\..\Material\Instances\0.Weighted30min Demand separate\Df\Weighted2.xinst
Setting: ..\..\..\..\Material\Instances\0.Weighted30min Demand separate\Df\Weighted2.xsett
ControlConfig: ..\..\..\..\Material\Instances\0.Weighted30min Demand separate\Df\Weighted2.xconf
StatisticsDir: ..\..\..\..\Material\Instances\0.Weighted30min Demand separate\Df
Seed: 1
Additionally the following tag was passed: 1, 0.24000000000000002, 0.068, 0.165, 0.688, 1.0
Adding handler for unhandled exceptions ...
Initializing ... 
Instance recognized!
Parsing setting config ...
Parsing control config ...
Parsing instance ...
StatisticsFolder: Weighted2-Df_[[1, 0.24000000000000002, 0.068]]_3_[0.165, 0.688, 1.0].csv-1
Done!
