Executing ... 
 09:38:55 | >>> Warming up ...
 00:00:00 | >>> Warmup finished - starting simulation ...
 Realtime |   ETA    |  Sim.Time  | Progress | #Orders | #Bundles | Inv. | Distance | #Coll. |   Memory    
 00:00:00 |   n/a    | 0.00:00:00 |  0.00%   |    0    |    0     | 60%  |    0     |   0    |  71.55MB  
 00:00:00 | Cannot generate further orders - suspending generation for now
 00:00:00 | Cannot generate further orders - suspending generation for now
 00:00:01 | Cannot generate further orders - suspending generation for now
 00:00:01 | Cannot generate further orders - suspending generation for now
 00:00:01 | Cannot generate further orders - suspending generation for now
 00:00:01 | Cannot generate further orders - suspending generation for now
 00:00:01 | Cannot generate further orders - suspending generation for now
 00:00:01 | Cannot generate further orders - suspending generation for now
 00:00:01 | Cannot generate further orders - suspending generation for now
 00:00:01 | Cannot generate further orders - suspending generation for now
 00:00:01 | 00:00:00 | 0.00:30:00 | 100.00%  |   449   |    0     | 18%  |   5181   |   0    |  73.81MB  
 00:00:01 | >>> Simulation finished - writing results ...
 00:00:01 | >>> Results written
Simulation finished.
>>> Timings
StatTimingPathPlanningAverage: 0.0001024084023668639
StatTimingPathPlanningOverall: 0.08653509999999999
StatTimingPathPlanningCount: 845
StatTimingTaskAllocationAverage: 0.002268260476190476
StatTimingTaskAllocationOverall: 0.4763347
StatTimingTaskAllocationCount: 210
StatTimingItemStorageAverage: 1.0011678832116794E-06
StatTimingItemStorageOverall: 0.0006858000000000003
StatTimingItemStorageCount: 685
StatTimingPodStorageAverage: 0.002222958
StatTimingPodStorageOverall: 0.22229580000000002
StatTimingPodStorageCount: 100
StatTimingReplenishmentBatchingAverage: 7.95E-06
StatTimingReplenishmentBatchingOverall: 1.59E-05
StatTimingReplenishmentBatchingCount: 2
StatTimingOrderBatchingAverage: 0.00011687851351351348
StatTimingOrderBatchingOverall: 0.08649009999999997
StatTimingOrderBatchingCount: 740
>>> Overall
StatOverallBundlesPlaced: 0
StatOverallItemsOrdered: 648
StatOverallOrdersPlaced: 406
StatOverallBundlesRejected: 0
StatOverallOrdersRejected: 0
StatOverallBundlesHandled: 0
StatOverallItemsHandled: 697
StatOverallLinesHandled: 660
StatOverallOrdersHandled: 449
StatOverallCollisions: 0
StatOverallDistanceTraveled: 5180.826385292414
StatOverallDistanceEstimated: 5000
StatOverallAssignedTasks: 210
StatMaxMemoryUsed: 76,66015625
StatRealTimeUsed: 1.1840955
StatAverageTurnoverTime: 454.8191220486233
StatMedianTurnoverTime: 291.9411111111111
StatLowerQuartileTurnoverTime: 124.8204617641428
StatUpperQuartileTurnoverTime: 678.4636147075723
StatAverageThroughputTime: 99.63965970501786
StatMedianThroughputTime: 21.36787156919081
StatLowerQuartileThroughputTime: 12.733333333333803
StatUpperQuartileThroughputTime: 80.11444444444442

Marked tag finished after 1 tries!
.Fin. - SUCCESS
<<< Welcome to the RAWSimO CLI >>>
The time is: 06/13/2024 09:38:56
Starting RAWSimO wrapper with the following arguments:
Instance: ..\..\..\..\Material\Instances\0.Weighted30min Demand separate\Da\Weighted2.xinst
Setting: ..\..\..\..\Material\Instances\0.Weighted30min Demand separate\Da\Weighted2.xsett
ControlConfig: ..\..\..\..\Material\Instances\0.Weighted30min Demand separate\Da\Weighted2.xconf
StatisticsDir: ..\..\..\..\Material\Instances\0.Weighted30min Demand separate\Da
Seed: 1
Additionally the following tag was passed: 1, 2.0416, 0.71, 0.222, 0.11, 0.312
Adding handler for unhandled exceptions ...
Initializing ... 
Instance recognized!
Parsing setting config ...
Parsing control config ...
Parsing instance ...
StatisticsFolder: Weighted2-Da_[[1, 2.0416, 0.71]]_3_[0.222, 0.11, 0.312].csv-1
Done!
