Executing ... 
 09:51:41 | >>> Warming up ...
 00:00:00 | >>> Warmup finished - starting simulation ...
 Realtime |   ETA    |  Sim.Time  | Progress | #Orders | #Bundles | Inv. | Distance | #Coll. |   Memory    
 00:00:00 |   n/a    | 0.00:00:00 |  0.00%   |    0    |    0     | 60%  |    0     |   0    | 145.25MB  
 00:00:00 | Cannot generate further orders - suspending generation for now
 00:00:00 | Cannot generate further orders - suspending generation for now
 00:00:00 | Cannot generate further orders - suspending generation for now
 00:00:00 | Cannot generate further orders - suspending generation for now
 00:00:00 | Cannot generate further orders - suspending generation for now
 00:00:00 | Cannot generate further orders - suspending generation for now
 00:00:00 | Cannot generate further orders - suspending generation for now
 00:00:01 | Cannot generate further orders - suspending generation for now
 00:00:01 | Cannot generate further orders - suspending generation for now
 00:00:01 | Cannot generate further orders - suspending generation for now
 00:00:01 | Cannot generate further orders - suspending generation for now
 00:00:01 | Cannot generate further orders - suspending generation for now
 00:00:01 | 00:00:00 | 0.00:30:00 | 100.00%  |   514   |    0     | 13%  |   4793   |   0    | 140.96MB  
 00:00:01 | >>> Simulation finished - writing results ...
 00:00:01 | >>> Results written
Simulation finished.
>>> Timings
StatTimingPathPlanningAverage: 9.981770573566077E-05
StatTimingPathPlanningOverall: 0.08005379999999994
StatTimingPathPlanningCount: 802
StatTimingTaskAllocationAverage: 0.00218951393034826
StatTimingTaskAllocationOverall: 0.4400923000000002
StatTimingTaskAllocationCount: 201
StatTimingItemStorageAverage: 1.0553642384106E-06
StatTimingItemStorageOverall: 0.000796800000000003
StatTimingItemStorageCount: 755
StatTimingPodStorageAverage: 0.0018654631578947367
StatTimingPodStorageOverall: 0.177219
StatTimingPodStorageCount: 95
StatTimingReplenishmentBatchingAverage: 7.6E-06
StatTimingReplenishmentBatchingOverall: 1.52E-05
StatTimingReplenishmentBatchingCount: 2
StatTimingOrderBatchingAverage: 0.00010781992481202991
StatTimingOrderBatchingOverall: 0.08604029999999988
StatTimingOrderBatchingCount: 798
>>> Overall
StatOverallBundlesPlaced: 0
StatOverallItemsOrdered: 626
StatOverallOrdersPlaced: 408
StatOverallBundlesRejected: 0
StatOverallOrdersRejected: 0
StatOverallBundlesHandled: 0
StatOverallItemsHandled: 783
StatOverallLinesHandled: 745
StatOverallOrdersHandled: 514
StatOverallCollisions: 0
StatOverallDistanceTraveled: 4793.141142870178
StatOverallDistanceEstimated: 4726
StatOverallAssignedTasks: 201
StatMaxMemoryUsed: 145,24609375
StatRealTimeUsed: 1.1566126
StatAverageTurnoverTime: 428.1285367968738
StatMedianTurnoverTime: 255.0637013060658
StatLowerQuartileTurnoverTime: 94.27685424949239
StatUpperQuartileTurnoverTime: 598.1992568616206
StatAverageThroughputTime: 87.29954226757847
StatMedianThroughputTime: 27.237222222222215
StatLowerQuartileThroughputTime: 16.8149999999996
StatUpperQuartileThroughputTime: 72.7899999999998

Marked tag finished after 1 tries!
.Fin. - SUCCESS
<<< Welcome to the RAWSimO CLI >>>
The time is: 06/13/2024 09:51:42
Starting RAWSimO wrapper with the following arguments:
Instance: ..\..\..\..\Material\Instances\0.Weighted30min Demand separate\Dc\Weighted2.xinst
Setting: ..\..\..\..\Material\Instances\0.Weighted30min Demand separate\Dc\Weighted2.xsett
ControlConfig: ..\..\..\..\Material\Instances\0.Weighted30min Demand separate\Dc\Weighted2.xconf
StatisticsDir: ..\..\..\..\Material\Instances\0.Weighted30min Demand separate\Dc
Seed: 3
Additionally the following tag was passed: 1, 3.6754, 0.7, 0.217, 0.143, 0.333
Adding handler for unhandled exceptions ...
Initializing ... 
Instance recognized!
Parsing setting config ...
Parsing control config ...
Parsing instance ...
StatisticsFolder: Weighted2-Dc_[[1, 3.6754, 0.7]]_3_[0.217, 0.143, 0.333].csv-3
Done!
