Executing ... 
 09:50:54 | >>> Warming up ...
 00:00:00 | >>> Warmup finished - starting simulation ...
 Realtime |   ETA    |  Sim.Time  | Progress | #Orders | #Bundles | Inv. | Distance | #Coll. |   Memory    
 00:00:00 |   n/a    | 0.00:00:00 |  0.00%   |    0    |    0     | 60%  |    0     |   0    | 144.23MB  
 00:00:00 | Cannot generate further orders - suspending generation for now
 00:00:00 | Cannot generate further orders - suspending generation for now
 00:00:00 | Cannot generate further orders - suspending generation for now
 00:00:00 | Cannot generate further orders - suspending generation for now
 00:00:00 | Cannot generate further orders - suspending generation for now
 00:00:00 | Cannot generate further orders - suspending generation for now
 00:00:00 | Cannot generate further orders - suspending generation for now
 00:00:00 | Cannot generate further orders - suspending generation for now
 00:00:00 | Cannot generate further orders - suspending generation for now
 00:00:00 | Cannot generate further orders - suspending generation for now
 00:00:00 | Cannot generate further orders - suspending generation for now
 00:00:00 | Cannot generate further orders - suspending generation for now
 00:00:01 | Cannot generate further orders - suspending generation for now
 00:00:01 | 00:00:00 | 0.00:30:00 | 100.00%  |   498   |    0     | 14%  |   5032   |   0    | 140.30MB  
 00:00:01 | >>> Simulation finished - writing results ...
 00:00:01 | >>> Results written
Simulation finished.
>>> Timings
StatTimingPathPlanningAverage: 8.950325693606749E-05
StatTimingPathPlanningOverall: 0.07419819999999995
StatTimingPathPlanningCount: 829
StatTimingTaskAllocationAverage: 0.0017501948113207548
StatTimingTaskAllocationOverall: 0.3710413
StatTimingTaskAllocationCount: 212
StatTimingItemStorageAverage: 9.318120805369158E-07
StatTimingItemStorageOverall: 0.0006942000000000022
StatTimingItemStorageCount: 745
StatTimingPodStorageAverage: 0.0015987455445544542
StatTimingPodStorageOverall: 0.16147329999999988
StatTimingPodStorageCount: 101
StatTimingReplenishmentBatchingAverage: 1.33E-05
StatTimingReplenishmentBatchingOverall: 2.66E-05
StatTimingReplenishmentBatchingCount: 2
StatTimingOrderBatchingAverage: 9.948466334164582E-05
StatTimingOrderBatchingOverall: 0.07978669999999995
StatTimingOrderBatchingCount: 802
>>> Overall
StatOverallBundlesPlaced: 0
StatOverallItemsOrdered: 614
StatOverallOrdersPlaced: 398
StatOverallBundlesRejected: 0
StatOverallOrdersRejected: 0
StatOverallBundlesHandled: 0
StatOverallItemsHandled: 767
StatOverallLinesHandled: 730
StatOverallOrdersHandled: 498
StatOverallCollisions: 0
StatOverallDistanceTraveled: 5031.714782793303
StatOverallDistanceEstimated: 4909
StatOverallAssignedTasks: 212
StatMaxMemoryUsed: 144,2265625
StatRealTimeUsed: 1.0268284
StatAverageTurnoverTime: 430.5992187075014
StatMedianTurnoverTime: 244.66278497069945
StatLowerQuartileTurnoverTime: 122.43204183231876
StatUpperQuartileTurnoverTime: 591.4364862767628
StatAverageThroughputTime: 85.34934628842846
StatMedianThroughputTime: 25.29852091615907
StatLowerQuartileThroughputTime: 15.978888888888775
StatUpperQuartileThroughputTime: 87.1563924853499

Marked tag finished after 1 tries!
.Fin. - SUCCESS
<<< Welcome to the RAWSimO CLI >>>
The time is: 06/13/2024 09:50:55
Starting RAWSimO wrapper with the following arguments:
Instance: ..\..\..\..\Material\Instances\0.Weighted30min Demand separate\Dc\Weighted2.xinst
Setting: ..\..\..\..\Material\Instances\0.Weighted30min Demand separate\Dc\Weighted2.xsett
ControlConfig: ..\..\..\..\Material\Instances\0.Weighted30min Demand separate\Dc\Weighted2.xconf
StatisticsDir: ..\..\..\..\Material\Instances\0.Weighted30min Demand separate\Dc
Seed: 3
Additionally the following tag was passed: 1, 3.6754, 0.058, 0.086, 0.171, 0.704
Adding handler for unhandled exceptions ...
Initializing ... 
Instance recognized!
Parsing setting config ...
Parsing control config ...
Parsing instance ...
StatisticsFolder: Weighted2-Dc_[[1, 3.6754, 0.058]]_1_[0.086, 0.171, 0.704].csv-3
Done!
