Executing ... 
 14:00:24 | >>> Warming up ...
 00:00:00 | >>> Warmup finished - starting simulation ...
 Realtime |   ETA    |  Sim.Time  | Progress | #Orders | #Bundles | Inv. | Distance | #Coll. |   Memory    
 00:00:00 |   n/a    | 0.00:00:00 |  0.00%   |    0    |    0     | 60%  |    0     |   0    | 113.84MB  
 00:00:00 | Cannot generate further orders - suspending generation for now
 00:00:00 | Cannot generate further orders - suspending generation for now
 00:00:00 | Cannot generate further orders - suspending generation for now
 00:00:00 | Cannot generate further orders - suspending generation for now
 00:00:00 | Cannot generate further orders - suspending generation for now
 00:00:00 | Cannot generate further orders - suspending generation for now
 00:00:00 | Cannot generate further orders - suspending generation for now
 00:00:00 | Cannot generate further orders - suspending generation for now
 00:00:00 | Cannot generate further orders - suspending generation for now
 00:00:00 | 00:00:00 | 0.00:30:00 | 100.00%  |   440   |    0     | 20%  |   5382   |   0    | 109.30MB  
 00:00:00 | >>> Simulation finished - writing results ...
 00:00:01 | >>> Results written
Simulation finished.
>>> Timings
StatTimingPathPlanningAverage: 8.345022573363435E-05
StatTimingPathPlanningOverall: 0.07393690000000003
StatTimingPathPlanningCount: 886
StatTimingTaskAllocationAverage: 0.001535700884955751
StatTimingTaskAllocationOverall: 0.3470683999999997
StatTimingTaskAllocationCount: 226
StatTimingItemStorageAverage: 9.24242424242431E-07
StatTimingItemStorageOverall: 0.0005795000000000043
StatTimingItemStorageCount: 627
StatTimingPodStorageAverage: 0.0012743962962962969
StatTimingPodStorageOverall: 0.13763480000000006
StatTimingPodStorageCount: 108
StatTimingReplenishmentBatchingAverage: 8.35E-06
StatTimingReplenishmentBatchingOverall: 1.67E-05
StatTimingReplenishmentBatchingCount: 2
StatTimingOrderBatchingAverage: 7.619221311475404E-05
StatTimingOrderBatchingOverall: 0.05577269999999995
StatTimingOrderBatchingCount: 732
>>> Overall
StatOverallBundlesPlaced: 0
StatOverallItemsOrdered: 649
StatOverallOrdersPlaced: 411
StatOverallBundlesRejected: 0
StatOverallOrdersRejected: 0
StatOverallBundlesHandled: 0
StatOverallItemsHandled: 659
StatOverallLinesHandled: 622
StatOverallOrdersHandled: 440
StatOverallCollisions: 0
StatOverallDistanceTraveled: 5381.642191329814
StatOverallDistanceEstimated: 5177
StatOverallAssignedTasks: 226
StatMaxMemoryUsed: 114,2578125
StatRealTimeUsed: 0.9632755
StatAverageTurnoverTime: 434.74412916129626
StatMedianTurnoverTime: 281.5965728752516
StatLowerQuartileTurnoverTime: 105.11036797272962
StatUpperQuartileTurnoverTime: 649.6550937914142
StatAverageThroughputTime: 100.68275686959238
StatMedianThroughputTime: 16.89166666666688
StatLowerQuartileThroughputTime: 12.267777777778065
StatUpperQuartileThroughputTime: 77.79333333333375

Marked tag finished after 1 tries!
.Fin. - SUCCESS
<<< Welcome to the RAWSimO CLI >>>
The time is: 06/07/2024 14:00:25
Starting RAWSimO wrapper with the following arguments:
Instance: ..\..\..\..\Material\Instances\0.Weighted30min Demand separate\Db\Weighted2.xinst
Setting: ..\..\..\..\Material\Instances\0.Weighted30min Demand separate\Db\Weighted2.xsett
ControlConfig: ..\..\..\..\Material\Instances\0.Weighted30min Demand separate\Db\Weighted2.xconf
StatisticsDir: ..\..\..\..\Material\Instances\0.Weighted30min Demand separate\Db
Seed: 2
Additionally the following tag was passed: [[1, 0.059, 3]]
Adding handler for unhandled exceptions ...
Initializing ... 
Instance recognized!
Parsing setting config ...
Parsing control config ...
Parsing instance ...
StatisticsFolder: Weighted2-Db_[[1, 0.059, 3]]_1.csv-2
Done!
