Executing ... 
 13:59:29 | >>> Warming up ...
 00:00:00 | >>> Warmup finished - starting simulation ...
 Realtime |   ETA    |  Sim.Time  | Progress | #Orders | #Bundles | Inv. | Distance | #Coll. |   Memory    
 00:00:00 |   n/a    | 0.00:00:00 |  0.00%   |    0    |    0     | 60%  |    0     |   0    | 109.91MB  
 00:00:00 | Cannot generate further orders - suspending generation for now
 00:00:00 | Cannot generate further orders - suspending generation for now
 00:00:00 | Cannot generate further orders - suspending generation for now
 00:00:00 | Cannot generate further orders - suspending generation for now
 00:00:00 | Cannot generate further orders - suspending generation for now
 00:00:00 | Cannot generate further orders - suspending generation for now
 00:00:00 | Cannot generate further orders - suspending generation for now
 00:00:00 | Cannot generate further orders - suspending generation for now
 00:00:00 | Cannot generate further orders - suspending generation for now
 00:00:00 | 00:00:00 | 0.00:30:00 | 100.00%  |   459   |    0     | 18%  |   5083   |   0    |  61.43MB  
 00:00:00 | >>> Simulation finished - writing results ...
 00:00:01 | >>> Results written
Simulation finished.
>>> Timings
StatTimingPathPlanningAverage: 8.896438515081219E-05
StatTimingPathPlanningOverall: 0.07668730000000011
StatTimingPathPlanningCount: 862
StatTimingTaskAllocationAverage: 0.001639568202764977
StatTimingTaskAllocationOverall: 0.3557863
StatTimingTaskAllocationCount: 217
StatTimingItemStorageAverage: 1.0992743105950641E-06
StatTimingItemStorageOverall: 0.0007573999999999992
StatTimingItemStorageCount: 689
StatTimingPodStorageAverage: 0.001495893269230769
StatTimingPodStorageOverall: 0.1555729
StatTimingPodStorageCount: 104
StatTimingReplenishmentBatchingAverage: 1.1050000000000001E-05
StatTimingReplenishmentBatchingOverall: 2.2100000000000002E-05
StatTimingReplenishmentBatchingCount: 2
StatTimingOrderBatchingAverage: 8.199384010484929E-05
StatTimingOrderBatchingOverall: 0.06256130000000001
StatTimingOrderBatchingCount: 763
>>> Overall
StatOverallBundlesPlaced: 0
StatOverallItemsOrdered: 649
StatOverallOrdersPlaced: 412
StatOverallBundlesRejected: 0
StatOverallOrdersRejected: 0
StatOverallBundlesHandled: 0
StatOverallItemsHandled: 698
StatOverallLinesHandled: 659
StatOverallOrdersHandled: 459
StatOverallCollisions: 0
StatOverallDistanceTraveled: 5083.211937251495
StatOverallDistanceEstimated: 4932
StatOverallAssignedTasks: 217
StatMaxMemoryUsed: 109,9140625
StatRealTimeUsed: 0.9727967
StatAverageTurnoverTime: 475.1629263989392
StatMedianTurnoverTime: 351.16268398636976
StatLowerQuartileTurnoverTime: 157.46055555555566
StatUpperQuartileTurnoverTime: 671.3451875828258
StatAverageThroughputTime: 101.32295401846031
StatMedianThroughputTime: 21.800555555555576
StatLowerQuartileThroughputTime: 12.74944444444452
StatUpperQuartileThroughputTime: 84.16870130606306

Marked tag finished after 1 tries!
.Fin. - SUCCESS
<<< Welcome to the RAWSimO CLI >>>
The time is: 06/07/2024 13:59:30
Starting RAWSimO wrapper with the following arguments:
Instance: ..\..\..\..\Material\Instances\0.Weighted30min Demand separate\Da\Weighted2.xinst
Setting: ..\..\..\..\Material\Instances\0.Weighted30min Demand separate\Da\Weighted2.xsett
ControlConfig: ..\..\..\..\Material\Instances\0.Weighted30min Demand separate\Da\Weighted2.xconf
StatisticsDir: ..\..\..\..\Material\Instances\0.Weighted30min Demand separate\Da
Seed: 2
Additionally the following tag was passed: [[1, 0.052, 1]]
Adding handler for unhandled exceptions ...
Initializing ... 
Instance recognized!
Parsing setting config ...
Parsing control config ...
Parsing instance ...
StatisticsFolder: Weighted2-Da_[[1, 0.052, 1]]_2.csv-2
Done!
