Executing ... 
 19:22:50 | >>> Warming up ...
 00:00:00 | >>> Warmup finished - starting simulation ...
 Realtime |   ETA    |  Sim.Time  | Progress | #Orders | #Bundles | Inv. | Distance | #Coll. |   Memory    
 00:00:00 |   n/a    | 0.00:00:00 |  0.00%   |    0    |    0     | 60%  |    0     |   0    |  83.41MB  
 00:00:00 | Cannot generate further orders - suspending generation for now
 00:00:00 | Cannot generate further orders - suspending generation for now
 00:00:00 | Cannot generate further orders - suspending generation for now
 00:00:00 | Cannot generate further orders - suspending generation for now
 00:00:00 | Cannot generate further orders - suspending generation for now
 00:00:00 | Cannot generate further orders - suspending generation for now
 00:00:00 | Cannot generate further orders - suspending generation for now
 00:00:00 | Cannot generate further orders - suspending generation for now
 00:00:00 | Cannot generate further orders - suspending generation for now
 00:00:00 | Cannot generate further orders - suspending generation for now
 00:00:00 | Cannot generate further orders - suspending generation for now
 00:00:00 | 00:00:00 | 0.00:30:00 | 100.00%  |   496   |    0     | 13%  |   4805   |   0    |  87.42MB  
 00:00:00 | >>> Simulation finished - writing results ...
 00:00:01 | >>> Results written
Simulation finished.
>>> Timings
StatTimingPathPlanningAverage: 9.185317365269452E-05
StatTimingPathPlanningOverall: 0.07669739999999993
StatTimingPathPlanningCount: 835
StatTimingTaskAllocationAverage: 0.0017621965346534662
StatTimingTaskAllocationOverall: 0.35596370000000016
StatTimingTaskAllocationCount: 202
StatTimingItemStorageAverage: 9.691390728476829E-07
StatTimingItemStorageOverall: 0.0007317000000000005
StatTimingItemStorageCount: 755
StatTimingPodStorageAverage: 0.0015616999999999994
StatTimingPodStorageOverall: 0.15148489999999995
StatTimingPodStorageCount: 97
StatTimingReplenishmentBatchingAverage: 7.499999999999999E-06
StatTimingReplenishmentBatchingOverall: 1.4999999999999999E-05
StatTimingReplenishmentBatchingCount: 2
StatTimingOrderBatchingAverage: 9.338991172761662E-05
StatTimingOrderBatchingOverall: 0.07405819999999998
StatTimingOrderBatchingCount: 793
>>> Overall
StatOverallBundlesPlaced: 0
StatOverallItemsOrdered: 649
StatOverallOrdersPlaced: 400
StatOverallBundlesRejected: 0
StatOverallOrdersRejected: 0
StatOverallBundlesHandled: 0
StatOverallItemsHandled: 780
StatOverallLinesHandled: 729
StatOverallOrdersHandled: 496
StatOverallCollisions: 0
StatOverallDistanceTraveled: 4805.099161577135
StatOverallDistanceEstimated: 4670
StatOverallAssignedTasks: 202
StatMaxMemoryUsed: 87,41796875
StatRealTimeUsed: 0.9535501
StatAverageTurnoverTime: 450.47233388777795
StatMedianTurnoverTime: 302.8529653606058
StatLowerQuartileTurnoverTime: 125.6884271247468
StatUpperQuartileTurnoverTime: 650.8486075146509
StatAverageThroughputTime: 88.62157741900813
StatMedianThroughputTime: 25.31499999999994
StatLowerQuartileThroughputTime: 16.447222222223445
StatUpperQuartileThroughputTime: 87.27064934696821

Marked tag finished after 1 tries!
.Fin. - SUCCESS
<<< Welcome to the RAWSimO CLI >>>
The time is: 06/25/2024 19:22:51
Starting RAWSimO wrapper with the following arguments:
Instance: ..\..\..\..\Material\Instances\10.Weighted30min Demand Gall\Dp\Weighted2.xinst
Setting: ..\..\..\..\Material\Instances\10.Weighted30min Demand Gall\Dp\Weighted2.xsett
ControlConfig: ..\..\..\..\Material\Instances\10.Weighted30min Demand Gall\Dp\Weighted2.xconf
StatisticsDir: ..\..\..\..\Material\Instances\10.Weighted30min Demand Gall\Dp
Seed: 5
Additionally the following tag was passed: 1, 0.73, 1.0, 0.189, 0.26, 1.0
Adding handler for unhandled exceptions ...
Initializing ... 
Instance recognized!
Parsing setting config ...
Parsing control config ...
Parsing instance ...
StatisticsFolder: Weighted2-Dp_[[1, 0.73, 1.0]]_3_[0.189, 0.26, 1.0].csv-5
Done!
