Executing ... 
 19:26:49 | >>> Warming up ...
 00:00:00 | >>> Warmup finished - starting simulation ...
 Realtime |   ETA    |  Sim.Time  | Progress | #Orders | #Bundles | Inv. | Distance | #Coll. |   Memory    
 00:00:00 |   n/a    | 0.00:00:00 |  0.00%   |    0    |    0     | 60%  |    0     |   0    | 144.84MB  
 00:00:00 | Cannot generate further orders - suspending generation for now
 00:00:00 | Cannot generate further orders - suspending generation for now
 00:00:00 | Cannot generate further orders - suspending generation for now
 00:00:00 | Cannot generate further orders - suspending generation for now
 00:00:00 | Cannot generate further orders - suspending generation for now
 00:00:00 | Cannot generate further orders - suspending generation for now
 00:00:00 | Cannot generate further orders - suspending generation for now
 00:00:00 | Cannot generate further orders - suspending generation for now
 00:00:00 | 00:00:00 | 0.00:30:00 | 100.00%  |   477   |    0     | 16%  |   5144   |   0    | 139.88MB  
 00:00:00 | >>> Simulation finished - writing results ...
 00:00:00 | >>> Results written
Simulation finished.
>>> Timings
StatTimingPathPlanningAverage: 7.680036363636356E-05
StatTimingPathPlanningOverall: 0.06336029999999994
StatTimingPathPlanningCount: 825
StatTimingTaskAllocationAverage: 0.0016524399061032871
StatTimingTaskAllocationOverall: 0.35196970000000016
StatTimingTaskAllocationCount: 213
StatTimingItemStorageAverage: 8.517730496453959E-07
StatTimingItemStorageOverall: 0.0006005000000000041
StatTimingItemStorageCount: 705
StatTimingPodStorageAverage: 0.0013639754901960785
StatTimingPodStorageOverall: 0.1391255
StatTimingPodStorageCount: 102
StatTimingReplenishmentBatchingAverage: 6.9E-06
StatTimingReplenishmentBatchingOverall: 1.38E-05
StatTimingReplenishmentBatchingCount: 2
StatTimingOrderBatchingAverage: 8.010722433460067E-05
StatTimingOrderBatchingOverall: 0.06320459999999993
StatTimingOrderBatchingCount: 789
>>> Overall
StatOverallBundlesPlaced: 0
StatOverallItemsOrdered: 647
StatOverallOrdersPlaced: 412
StatOverallBundlesRejected: 0
StatOverallOrdersRejected: 0
StatOverallBundlesHandled: 0
StatOverallItemsHandled: 732
StatOverallLinesHandled: 688
StatOverallOrdersHandled: 477
StatOverallCollisions: 0
StatOverallDistanceTraveled: 5143.726912260216
StatOverallDistanceEstimated: 5049
StatOverallAssignedTasks: 213
StatMaxMemoryUsed: 144,83984375
StatRealTimeUsed: 0.8835605
StatAverageTurnoverTime: 490.83949898571575
StatMedianTurnoverTime: 358.58341993182626
StatLowerQuartileTurnoverTime: 186.6108369297948
StatUpperQuartileTurnoverTime: 688.3963924853492
StatAverageThroughputTime: 88.67664161776891
StatMedianThroughputTime: 24.955461764143365
StatLowerQuartileThroughputTime: 16.732777777777756
StatUpperQuartileThroughputTime: 79.07287156919074

Marked tag finished after 1 tries!
.Fin. - SUCCESS
<<< Welcome to the RAWSimO CLI >>>
The time is: 06/25/2024 19:26:50
Starting RAWSimO wrapper with the following arguments:
Instance: ..\..\..\..\Material\Instances\10.Weighted30min Demand Gall\Dr\Weighted2.xinst
Setting: ..\..\..\..\Material\Instances\10.Weighted30min Demand Gall\Dr\Weighted2.xsett
ControlConfig: ..\..\..\..\Material\Instances\10.Weighted30min Demand Gall\Dr\Weighted2.xconf
StatisticsDir: ..\..\..\..\Material\Instances\10.Weighted30min Demand Gall\Dr
Seed: 6
Additionally the following tag was passed: 1, 1.021818181818182, 1.0, 0.201, 0.195, 1.0
Adding handler for unhandled exceptions ...
Initializing ... 
Instance recognized!
Parsing setting config ...
Parsing control config ...
Parsing instance ...
StatisticsFolder: Weighted2-Dr_[[1, 1.021818181818182, 1.0]]_1_[0.201, 0.195, 1.0].csv-6
Done!
