Executing ... 
 09:50:28 | >>> Warming up ...
 00:00:00 | >>> Warmup finished - starting simulation ...
 Realtime |   ETA    |  Sim.Time  | Progress | #Orders | #Bundles | Inv. | Distance | #Coll. |   Memory    
 00:00:00 |   n/a    | 0.00:00:00 |  0.00%   |    0    |    0     | 60%  |    0     |   0    | 144.42MB  
 00:00:00 | Cannot generate further orders - suspending generation for now
 00:00:00 | Cannot generate further orders - suspending generation for now
 00:00:00 | Cannot generate further orders - suspending generation for now
 00:00:00 | Cannot generate further orders - suspending generation for now
 00:00:01 | Cannot generate further orders - suspending generation for now
 00:00:01 | Cannot generate further orders - suspending generation for now
 00:00:01 | Cannot generate further orders - suspending generation for now
 00:00:01 | Cannot generate further orders - suspending generation for now
 00:00:01 | Cannot generate further orders - suspending generation for now
 00:00:01 | Cannot generate further orders - suspending generation for now
 00:00:01 | Cannot generate further orders - suspending generation for now
 00:00:01 | Cannot generate further orders - suspending generation for now
 00:00:01 | Cannot generate further orders - suspending generation for now
 00:00:01 | 00:00:00 | 0.00:30:00 | 100.00%  |   507   |    0     | 13%  |   4827   |   0    | 140.54MB  
 00:00:01 | >>> Simulation finished - writing results ...
 00:00:01 | >>> Results written
Simulation finished.
>>> Timings
StatTimingPathPlanningAverage: 0.00015619962311557787
StatTimingPathPlanningOverall: 0.12433489999999998
StatTimingPathPlanningCount: 796
StatTimingTaskAllocationAverage: 0.0026462565656565676
StatTimingTaskAllocationOverall: 0.5239588000000004
StatTimingTaskAllocationCount: 198
StatTimingItemStorageAverage: 1.8357046979865724E-06
StatTimingItemStorageOverall: 0.0013675999999999964
StatTimingItemStorageCount: 745
StatTimingPodStorageAverage: 0.0021819223404255317
StatTimingPodStorageOverall: 0.20510069999999997
StatTimingPodStorageCount: 94
StatTimingReplenishmentBatchingAverage: 9.7E-06
StatTimingReplenishmentBatchingOverall: 1.94E-05
StatTimingReplenishmentBatchingCount: 2
StatTimingOrderBatchingAverage: 0.00013357696267696264
StatTimingOrderBatchingOverall: 0.10378929999999997
StatTimingOrderBatchingCount: 777
>>> Overall
StatOverallBundlesPlaced: 0
StatOverallItemsOrdered: 663
StatOverallOrdersPlaced: 424
StatOverallBundlesRejected: 0
StatOverallOrdersRejected: 0
StatOverallBundlesHandled: 0
StatOverallItemsHandled: 777
StatOverallLinesHandled: 736
StatOverallOrdersHandled: 507
StatOverallCollisions: 0
StatOverallDistanceTraveled: 4827.337171025589
StatOverallDistanceEstimated: 4739
StatOverallAssignedTasks: 198
StatMaxMemoryUsed: 144,41796875
StatRealTimeUsed: 1.4422091
StatAverageTurnoverTime: 458.32681848519815
StatMedianTurnoverTime: 270.6512915010155
StatLowerQuartileTurnoverTime: 102.65592352828526
StatUpperQuartileTurnoverTime: 686.0199928070803
StatAverageThroughputTime: 94.29116326381131
StatMedianThroughputTime: 24.475930721206623
StatLowerQuartileThroughputTime: 15.900555555555627
StatUpperQuartileThroughputTime: 78.87611111111164

Marked tag finished after 1 tries!
.Fin. - SUCCESS
<<< Welcome to the RAWSimO CLI >>>
The time is: 06/13/2024 09:50:30
Starting RAWSimO wrapper with the following arguments:
Instance: ..\..\..\..\Material\Instances\0.Weighted30min Demand separate\Dc\Weighted2.xinst
Setting: ..\..\..\..\Material\Instances\0.Weighted30min Demand separate\Dc\Weighted2.xsett
ControlConfig: ..\..\..\..\Material\Instances\0.Weighted30min Demand separate\Dc\Weighted2.xconf
StatisticsDir: ..\..\..\..\Material\Instances\0.Weighted30min Demand separate\Dc
Seed: 2
Additionally the following tag was passed: 1, 2.4696, 0.48599999999999993, 0.194, 0.143, 0.4
Adding handler for unhandled exceptions ...
Initializing ... 
Instance recognized!
Parsing setting config ...
Parsing control config ...
Parsing instance ...
StatisticsFolder: Weighted2-Dc_[[1, 2.4696, 0.48599999999999993]]_2_[0.194, 0.143, 0.4].csv-2
Done!
