Executing ... 
 09:49:31 | >>> Warming up ...
 00:00:00 | >>> Warmup finished - starting simulation ...
 Realtime |   ETA    |  Sim.Time  | Progress | #Orders | #Bundles | Inv. | Distance | #Coll. |   Memory    
 00:00:00 |   n/a    | 0.00:00:00 |  0.00%   |    0    |    0     | 60%  |    0     |   0    | 143.93MB  
 00:00:01 | Cannot generate further orders - suspending generation for now
 00:00:01 | Cannot generate further orders - suspending generation for now
 00:00:01 | Cannot generate further orders - suspending generation for now
 00:00:01 | Cannot generate further orders - suspending generation for now
 00:00:01 | Cannot generate further orders - suspending generation for now
 00:00:01 | Cannot generate further orders - suspending generation for now
 00:00:01 | Cannot generate further orders - suspending generation for now
 00:00:01 | Cannot generate further orders - suspending generation for now
 00:00:01 | Cannot generate further orders - suspending generation for now
 00:00:02 | Cannot generate further orders - suspending generation for now
 00:00:02 | 00:00:00 | 0.00:30:00 | 100.00%  |   469   |    0     | 17%  |   5040   |   0    | 139.47MB  
 00:00:02 | >>> Simulation finished - writing results ...
 00:00:02 | >>> Results written
Simulation finished.
>>> Timings
StatTimingPathPlanningAverage: 0.00020474255842558404
StatTimingPathPlanningOverall: 0.16645569999999982
StatTimingPathPlanningCount: 813
StatTimingTaskAllocationAverage: 0.0032284168949771683
StatTimingTaskAllocationOverall: 0.7070232999999999
StatTimingTaskAllocationCount: 219
StatTimingItemStorageAverage: 2.235835694050992E-06
StatTimingItemStorageOverall: 0.0015785000000000005
StatTimingItemStorageCount: 706
StatTimingPodStorageAverage: 0.0024010838095238083
StatTimingPodStorageOverall: 0.2521137999999999
StatTimingPodStorageCount: 105
StatTimingReplenishmentBatchingAverage: 8.249999999999999E-06
StatTimingReplenishmentBatchingOverall: 1.6499999999999998E-05
StatTimingReplenishmentBatchingCount: 2
StatTimingOrderBatchingAverage: 0.0001865574935400516
StatTimingOrderBatchingOverall: 0.14439549999999995
StatTimingOrderBatchingCount: 774
>>> Overall
StatOverallBundlesPlaced: 0
StatOverallItemsOrdered: 636
StatOverallOrdersPlaced: 404
StatOverallBundlesRejected: 0
StatOverallOrdersRejected: 0
StatOverallBundlesHandled: 0
StatOverallItemsHandled: 723
StatOverallLinesHandled: 681
StatOverallOrdersHandled: 469
StatOverallCollisions: 0
StatOverallDistanceTraveled: 5039.62049138284
StatOverallDistanceEstimated: 4894
StatOverallAssignedTasks: 219
StatMaxMemoryUsed: 143,92578125
StatRealTimeUsed: 2.0320389
StatAverageTurnoverTime: 433.0621139175192
StatMedianTurnoverTime: 287.072683986366
StatLowerQuartileTurnoverTime: 104.82222222222228
StatUpperQuartileTurnoverTime: 587.2763924853496
StatAverageThroughputTime: 93.94673000132876
StatMedianThroughputTime: 19.538982680301615
StatLowerQuartileThroughputTime: 12.585180389904167
StatUpperQuartileThroughputTime: 79.83500000000049

Marked tag finished after 1 tries!
.Fin. - SUCCESS
<<< Welcome to the RAWSimO CLI >>>
The time is: 06/13/2024 09:49:33
Starting RAWSimO wrapper with the following arguments:
Instance: ..\..\..\..\Material\Instances\0.Weighted30min Demand separate\Dc\Weighted2.xinst
Setting: ..\..\..\..\Material\Instances\0.Weighted30min Demand separate\Dc\Weighted2.xsett
ControlConfig: ..\..\..\..\Material\Instances\0.Weighted30min Demand separate\Dc\Weighted2.xconf
StatisticsDir: ..\..\..\..\Material\Instances\0.Weighted30min Demand separate\Dc
Seed: 2
Additionally the following tag was passed: 1, 1.2638, 0.48599999999999993, 0.194, 0.157, 0.396
Adding handler for unhandled exceptions ...
Initializing ... 
Instance recognized!
Parsing setting config ...
Parsing control config ...
Parsing instance ...
StatisticsFolder: Weighted2-Dc_[[1, 1.2638, 0.48599999999999993]]_1_[0.194, 0.157, 0.396].csv-2
Done!
