Executing ... 
 09:38:06 | >>> Warming up ...
 00:00:00 | >>> Warmup finished - starting simulation ...
 Realtime |   ETA    |  Sim.Time  | Progress | #Orders | #Bundles | Inv. | Distance | #Coll. |   Memory    
 00:00:00 |   n/a    | 0.00:00:00 |  0.00%   |    0    |    0     | 60%  |    0     |   0    |  73.34MB  
 00:00:00 | Cannot generate further orders - suspending generation for now
 00:00:01 | Cannot generate further orders - suspending generation for now
 00:00:01 | Cannot generate further orders - suspending generation for now
 00:00:01 | Cannot generate further orders - suspending generation for now
 00:00:01 | Cannot generate further orders - suspending generation for now
 00:00:01 | Cannot generate further orders - suspending generation for now
 00:00:01 | Cannot generate further orders - suspending generation for now
 00:00:01 | 00:00:00 | 0.00:30:00 | 100.00%  |   451   |    0     | 19%  |   5286   |   0    |  73.47MB  
 00:00:01 | >>> Simulation finished - writing results ...
 00:00:01 | >>> Results written
Simulation finished.
>>> Timings
StatTimingPathPlanningAverage: 0.00011518370786516855
StatTimingPathPlanningOverall: 0.10251350000000001
StatTimingPathPlanningCount: 890
StatTimingTaskAllocationAverage: 0.0019520430555555563
StatTimingTaskAllocationOverall: 0.42164130000000016
StatTimingTaskAllocationCount: 216
StatTimingItemStorageAverage: 3.4750746268656766E-06
StatTimingItemStorageOverall: 0.002328300000000003
StatTimingItemStorageCount: 670
StatTimingPodStorageAverage: 0.001651046153846153
StatTimingPodStorageOverall: 0.1717087999999999
StatTimingPodStorageCount: 104
StatTimingReplenishmentBatchingAverage: 7.55E-06
StatTimingReplenishmentBatchingOverall: 1.51E-05
StatTimingReplenishmentBatchingCount: 2
StatTimingOrderBatchingAverage: 0.00010575093085106391
StatTimingOrderBatchingOverall: 0.07952470000000006
StatTimingOrderBatchingCount: 752
>>> Overall
StatOverallBundlesPlaced: 0
StatOverallItemsOrdered: 648
StatOverallOrdersPlaced: 410
StatOverallBundlesRejected: 0
StatOverallOrdersRejected: 0
StatOverallBundlesHandled: 0
StatOverallItemsHandled: 690
StatOverallLinesHandled: 649
StatOverallOrdersHandled: 451
StatOverallCollisions: 0
StatOverallDistanceTraveled: 5286.237765020367
StatOverallDistanceEstimated: 5132
StatOverallAssignedTasks: 216
StatMaxMemoryUsed: 73,47265625
StatRealTimeUsed: 1.1852821
StatAverageTurnoverTime: 479.4252728443951
StatMedianTurnoverTime: 300.9072222222222
StatLowerQuartileTurnoverTime: 128.1594444444445
StatUpperQuartileTurnoverTime: 713.8025755536762
StatAverageThroughputTime: 110.8995821942586
StatMedianThroughputTime: 20.809999999999945
StatLowerQuartileThroughputTime: 12.556666666666615
StatUpperQuartileThroughputTime: 86.73500000000001

Marked tag finished after 1 tries!
.Fin. - SUCCESS
<<< Welcome to the RAWSimO CLI >>>
The time is: 06/13/2024 09:38:08
Starting RAWSimO wrapper with the following arguments:
Instance: ..\..\..\..\Material\Instances\0.Weighted30min Demand separate\Da\Weighted2.xinst
Setting: ..\..\..\..\Material\Instances\0.Weighted30min Demand separate\Da\Weighted2.xsett
ControlConfig: ..\..\..\..\Material\Instances\0.Weighted30min Demand separate\Da\Weighted2.xconf
StatisticsDir: ..\..\..\..\Material\Instances\0.Weighted30min Demand separate\Da
Seed: 2
Additionally the following tag was passed: 1, 10.0, 0.71, 0.224, 0.1, 0.312
Adding handler for unhandled exceptions ...
Initializing ... 
Instance recognized!
Parsing setting config ...
Parsing control config ...
Parsing instance ...
StatisticsFolder: Weighted2-Da_[[1, 10.0, 0.71]]_3_[0.224, 0.1, 0.312].csv-2
Done!
