Executing ... 
 09:37:41 | >>> Warming up ...
 00:00:00 | >>> Warmup finished - starting simulation ...
 Realtime |   ETA    |  Sim.Time  | Progress | #Orders | #Bundles | Inv. | Distance | #Coll. |   Memory    
 00:00:00 |   n/a    | 0.00:00:00 |  0.00%   |    0    |    0     | 60%  |    0     |   0    |  86.99MB  
 00:00:00 | Cannot generate further orders - suspending generation for now
 00:00:01 | Cannot generate further orders - suspending generation for now
 00:00:01 | Cannot generate further orders - suspending generation for now
 00:00:01 | Cannot generate further orders - suspending generation for now
 00:00:01 | Cannot generate further orders - suspending generation for now
 00:00:01 | Cannot generate further orders - suspending generation for now
 00:00:01 | Cannot generate further orders - suspending generation for now
 00:00:01 | Cannot generate further orders - suspending generation for now
 00:00:01 | Cannot generate further orders - suspending generation for now
 00:00:01 | 00:00:00 | 0.00:30:00 | 100.00%  |   476   |    0     | 16%  |   5209   |   0    |  61.93MB  
 00:00:01 | >>> Simulation finished - writing results ...
 00:00:01 | >>> Results written
Simulation finished.
>>> Timings
StatTimingPathPlanningAverage: 9.731548463356978E-05
StatTimingPathPlanningOverall: 0.08232890000000004
StatTimingPathPlanningCount: 846
StatTimingTaskAllocationAverage: 0.002026284722222223
StatTimingTaskAllocationOverall: 0.4376775000000002
StatTimingTaskAllocationCount: 216
StatTimingItemStorageAverage: 1.0138121546961323E-06
StatTimingItemStorageOverall: 0.0007339999999999997
StatTimingItemStorageCount: 724
StatTimingPodStorageAverage: 0.0017450359223300967
StatTimingPodStorageOverall: 0.17973869999999995
StatTimingPodStorageCount: 103
StatTimingReplenishmentBatchingAverage: 7.850000000000001E-06
StatTimingReplenishmentBatchingOverall: 1.5700000000000002E-05
StatTimingReplenishmentBatchingCount: 2
StatTimingOrderBatchingAverage: 0.00010515227272727289
StatTimingOrderBatchingOverall: 0.08328060000000014
StatTimingOrderBatchingCount: 792
>>> Overall
StatOverallBundlesPlaced: 0
StatOverallItemsOrdered: 643
StatOverallOrdersPlaced: 408
StatOverallBundlesRejected: 0
StatOverallOrdersRejected: 0
StatOverallBundlesHandled: 0
StatOverallItemsHandled: 738
StatOverallLinesHandled: 695
StatOverallOrdersHandled: 476
StatOverallCollisions: 0
StatOverallDistanceTraveled: 5208.715195832461
StatOverallDistanceEstimated: 5051
StatOverallAssignedTasks: 216
StatMaxMemoryUsed: 86,98828125
StatRealTimeUsed: 1.1901155
StatAverageTurnoverTime: 458.62837351513735
StatMedianTurnoverTime: 346.9693434601099
StatLowerQuartileTurnoverTime: 146.6478715691905
StatUpperQuartileTurnoverTime: 701.6513924853498
StatAverageThroughputTime: 94.25269228872767
StatMedianThroughputTime: 21.3644444444451
StatLowerQuartileThroughputTime: 14.09898268030173
StatUpperQuartileThroughputTime: 81.16342712474693

Marked tag finished after 1 tries!
.Fin. - SUCCESS
<<< Welcome to the RAWSimO CLI >>>
The time is: 06/13/2024 09:37:42
Starting RAWSimO wrapper with the following arguments:
Instance: ..\..\..\..\Material\Instances\0.Weighted30min Demand separate\Da\Weighted2.xinst
Setting: ..\..\..\..\Material\Instances\0.Weighted30min Demand separate\Da\Weighted2.xsett
ControlConfig: ..\..\..\..\Material\Instances\0.Weighted30min Demand separate\Da\Weighted2.xconf
StatisticsDir: ..\..\..\..\Material\Instances\0.Weighted30min Demand separate\Da
Seed: 2
Additionally the following tag was passed: 1, 10.0, 0.052, 0.098, 0.1, 0.541
Adding handler for unhandled exceptions ...
Initializing ... 
Instance recognized!
Parsing setting config ...
Parsing control config ...
Parsing instance ...
StatisticsFolder: Weighted2-Da_[[1, 10.0, 0.052]]_3_[0.098, 0.1, 0.541].csv-2
Done!
