Executing ... 
 13:46:11 | >>> Warming up ...
 00:00:00 | >>> Warmup finished - starting simulation ...
 Realtime |   ETA    |  Sim.Time  | Progress | #Orders | #Bundles | Inv. | Distance | #Coll. |   Memory    
 00:00:00 |   n/a    | 0.00:00:00 |  0.00%   |    0    |    0     | 60%  |    0     |   0    | 118.76MB  
 00:00:00 | Cannot generate further orders - suspending generation for now
 00:00:00 | Cannot generate further orders - suspending generation for now
 00:00:00 | Cannot generate further orders - suspending generation for now
 00:00:01 | Cannot generate further orders - suspending generation for now
 00:00:01 | Cannot generate further orders - suspending generation for now
 00:00:01 | Cannot generate further orders - suspending generation for now
 00:00:01 | Cannot generate further orders - suspending generation for now
 00:00:01 | Cannot generate further orders - suspending generation for now
 00:00:01 | Cannot generate further orders - suspending generation for now
 00:00:01 | Cannot generate further orders - suspending generation for now
 00:00:01 | Cannot generate further orders - suspending generation for now
 00:00:01 | Cannot generate further orders - suspending generation for now
 00:00:01 | 00:00:00 | 0.00:30:00 | 100.00%  |   514   |    0     | 12%  |   4905   |   0    |  75.30MB  
 00:00:01 | >>> Simulation finished - writing results ...
 00:00:01 | >>> Results written
Simulation finished.
>>> Timings
StatTimingPathPlanningAverage: 0.00010633841229193349
StatTimingPathPlanningOverall: 0.08305030000000005
StatTimingPathPlanningCount: 781
StatTimingTaskAllocationAverage: 0.0022988531400966175
StatTimingTaskAllocationOverall: 0.4758625999999998
StatTimingTaskAllocationCount: 207
StatTimingItemStorageAverage: 1.131969309462918E-06
StatTimingItemStorageOverall: 0.0008852000000000019
StatTimingItemStorageCount: 782
StatTimingPodStorageAverage: 0.0019125565656565667
StatTimingPodStorageOverall: 0.1893431000000001
StatTimingPodStorageCount: 99
StatTimingReplenishmentBatchingAverage: 8.45E-06
StatTimingReplenishmentBatchingOverall: 1.69E-05
StatTimingReplenishmentBatchingCount: 2
StatTimingOrderBatchingAverage: 0.0001044671462829736
StatTimingOrderBatchingOverall: 0.08712559999999998
StatTimingOrderBatchingCount: 834
>>> Overall
StatOverallBundlesPlaced: 0
StatOverallItemsOrdered: 653
StatOverallOrdersPlaced: 415
StatOverallBundlesRejected: 0
StatOverallOrdersRejected: 0
StatOverallBundlesHandled: 0
StatOverallItemsHandled: 807
StatOverallLinesHandled: 765
StatOverallOrdersHandled: 514
StatOverallCollisions: 0
StatOverallDistanceTraveled: 4905.19850552853
StatOverallDistanceEstimated: 4762
StatOverallAssignedTasks: 207
StatMaxMemoryUsed: 118,3046875
StatRealTimeUsed: 1.2570015
StatAverageTurnoverTime: 453.0646969922724
StatMedianTurnoverTime: 323.59676045807936
StatLowerQuartileTurnoverTime: 134.17537516565142
StatUpperQuartileTurnoverTime: 629.5843506530318
StatAverageThroughputTime: 79.34548702559924
StatMedianThroughputTime: 29.459444444445353
StatLowerQuartileThroughputTime: 19.892222222222472
StatUpperQuartileThroughputTime: 77.61443725152299

Marked tag finished after 1 tries!
.Fin. - SUCCESS
<<< Welcome to the RAWSimO CLI >>>
The time is: 06/07/2024 13:46:12
Starting RAWSimO wrapper with the following arguments:
Instance: ..\..\..\..\Material\Instances\0.Weighted30min Demand separate\Dd\Weighted2.xinst
Setting: ..\..\..\..\Material\Instances\0.Weighted30min Demand separate\Dd\Weighted2.xsett
ControlConfig: ..\..\..\..\Material\Instances\0.Weighted30min Demand separate\Dd\Weighted2.xconf
StatisticsDir: ..\..\..\..\Material\Instances\0.Weighted30min Demand separate\Dd
Seed: 2
Additionally the following tag was passed: [[1, 3, 2]]
Adding handler for unhandled exceptions ...
Initializing ... 
Instance recognized!
Parsing setting config ...
Parsing control config ...
Parsing instance ...
StatisticsFolder: Weighted2-Dd_[[1, 3, 2]]_1.csv-2
Done!
