Executing ... 
 19:28:01 | >>> Warming up ...
 00:00:00 | >>> Warmup finished - starting simulation ...
 Realtime |   ETA    |  Sim.Time  | Progress | #Orders | #Bundles | Inv. | Distance | #Coll. |   Memory    
 00:00:00 |   n/a    | 0.00:00:00 |  0.00%   |    0    |    0     | 60%  |    0     |   0    | 120.59MB  
 00:00:00 | Cannot generate further orders - suspending generation for now
 00:00:00 | Cannot generate further orders - suspending generation for now
 00:00:00 | Cannot generate further orders - suspending generation for now
 00:00:00 | Cannot generate further orders - suspending generation for now
 00:00:00 | Cannot generate further orders - suspending generation for now
 00:00:00 | Cannot generate further orders - suspending generation for now
 00:00:00 | Cannot generate further orders - suspending generation for now
 00:00:00 | Cannot generate further orders - suspending generation for now
 00:00:00 | Cannot generate further orders - suspending generation for now
 00:00:00 | Cannot generate further orders - suspending generation for now
 00:00:00 | Cannot generate further orders - suspending generation for now
 00:00:00 | 00:00:00 | 0.00:30:00 | 100.00%  |   508   |    0     | 14%  |   5005   |   0    | 117.45MB  
 00:00:00 | >>> Simulation finished - writing results ...
 00:00:00 | >>> Results written
Simulation finished.
>>> Timings
StatTimingPathPlanningAverage: 8.612713754646838E-05
StatTimingPathPlanningOverall: 0.06950459999999999
StatTimingPathPlanningCount: 807
StatTimingTaskAllocationAverage: 0.001566564563106796
StatTimingTaskAllocationOverall: 0.32271229999999995
StatTimingTaskAllocationCount: 206
StatTimingItemStorageAverage: 8.511780104712094E-07
StatTimingItemStorageOverall: 0.0006503000000000039
StatTimingItemStorageCount: 764
StatTimingPodStorageAverage: 0.0014341806122448986
StatTimingPodStorageOverall: 0.14054970000000006
StatTimingPodStorageCount: 98
StatTimingReplenishmentBatchingAverage: 7.25E-06
StatTimingReplenishmentBatchingOverall: 1.45E-05
StatTimingReplenishmentBatchingCount: 2
StatTimingOrderBatchingAverage: 8.320806257521048E-05
StatTimingOrderBatchingOverall: 0.06914589999999991
StatTimingOrderBatchingCount: 831
>>> Overall
StatOverallBundlesPlaced: 0
StatOverallItemsOrdered: 667
StatOverallOrdersPlaced: 431
StatOverallBundlesRejected: 0
StatOverallOrdersRejected: 0
StatOverallBundlesHandled: 0
StatOverallItemsHandled: 770
StatOverallLinesHandled: 730
StatOverallOrdersHandled: 508
StatOverallCollisions: 0
StatOverallDistanceTraveled: 5005.063607716045
StatOverallDistanceEstimated: 4892
StatOverallAssignedTasks: 206
StatMaxMemoryUsed: 121,8671875
StatRealTimeUsed: 0.9045862
StatAverageTurnoverTime: 442.65131200081026
StatMedianTurnoverTime: 349.8614790838408
StatLowerQuartileTurnoverTime: 162.87009379141304
StatUpperQuartileTurnoverTime: 575.9255699414059
StatAverageThroughputTime: 88.48182535219573
StatMedianThroughputTime: 22.38546176414269
StatLowerQuartileThroughputTime: 12.956298693936873
StatUpperQuartileThroughputTime: 76.46722941514554

Marked tag finished after 1 tries!
.Fin. - SUCCESS
<<< Welcome to the RAWSimO CLI >>>
The time is: 06/25/2024 19:28:02
Starting RAWSimO wrapper with the following arguments:
Instance: ..\..\..\..\Material\Instances\10.Weighted30min Demand Gall\Dr\Weighted2.xinst
Setting: ..\..\..\..\Material\Instances\10.Weighted30min Demand Gall\Dr\Weighted2.xsett
ControlConfig: ..\..\..\..\Material\Instances\10.Weighted30min Demand Gall\Dr\Weighted2.xconf
StatisticsDir: ..\..\..\..\Material\Instances\10.Weighted30min Demand Gall\Dr
Seed: 3
Additionally the following tag was passed: 1, 1.4554545454545456, 1.0, 0.215, 0.148, 1.0
Adding handler for unhandled exceptions ...
Initializing ... 
Instance recognized!
Parsing setting config ...
Parsing control config ...
Parsing instance ...
StatisticsFolder: Weighted2-Dr_[[1, 1.4554545454545456, 1.0]]_3_[0.215, 0.148, 1.0].csv-3
Done!
