Executing ... 
 09:45:04 | >>> Warming up ...
 00:00:00 | >>> Warmup finished - starting simulation ...
 Realtime |   ETA    |  Sim.Time  | Progress | #Orders | #Bundles | Inv. | Distance | #Coll. |   Memory    
 00:00:00 |   n/a    | 0.00:00:00 |  0.00%   |    0    |    0     | 60%  |    0     |   0    | 132.19MB  
 00:00:01 | Cannot generate further orders - suspending generation for now
 00:00:01 | Cannot generate further orders - suspending generation for now
 00:00:01 | Cannot generate further orders - suspending generation for now
 00:00:01 | Cannot generate further orders - suspending generation for now
 00:00:01 | Cannot generate further orders - suspending generation for now
 00:00:01 | Cannot generate further orders - suspending generation for now
 00:00:01 | Cannot generate further orders - suspending generation for now
 00:00:01 | 00:00:00 | 0.00:30:00 | 100.00%  |   474   |    0     | 17%  |   5361   |   0    | 128.46MB  
 00:00:01 | >>> Simulation finished - writing results ...
 00:00:01 | >>> Results written
Simulation finished.
>>> Timings
StatTimingPathPlanningAverage: 0.0001261606896551724
StatTimingPathPlanningOverall: 0.10975979999999999
StatTimingPathPlanningCount: 870
StatTimingTaskAllocationAverage: 0.0022249450450450466
StatTimingTaskAllocationOverall: 0.49393780000000037
StatTimingTaskAllocationCount: 222
StatTimingItemStorageAverage: 1.3379113018597994E-06
StatTimingItemStorageOverall: 0.0009351999999999997
StatTimingItemStorageCount: 699
StatTimingPodStorageAverage: 0.0018158175925925917
StatTimingPodStorageOverall: 0.1961082999999999
StatTimingPodStorageCount: 108
StatTimingReplenishmentBatchingAverage: 8.7E-06
StatTimingReplenishmentBatchingOverall: 1.74E-05
StatTimingReplenishmentBatchingCount: 2
StatTimingOrderBatchingAverage: 0.00012910243589743585
StatTimingOrderBatchingOverall: 0.10069989999999997
StatTimingOrderBatchingCount: 780
>>> Overall
StatOverallBundlesPlaced: 0
StatOverallItemsOrdered: 644
StatOverallOrdersPlaced: 415
StatOverallBundlesRejected: 0
StatOverallOrdersRejected: 0
StatOverallBundlesHandled: 0
StatOverallItemsHandled: 710
StatOverallLinesHandled: 671
StatOverallOrdersHandled: 474
StatOverallCollisions: 0
StatOverallDistanceTraveled: 5360.938955725741
StatOverallDistanceEstimated: 5235
StatOverallAssignedTasks: 222
StatMaxMemoryUsed: 132,19140625
StatRealTimeUsed: 1.3567544
StatAverageTurnoverTime: 475.3699770063134
StatMedianTurnoverTime: 306.60398268030156
StatLowerQuartileTurnoverTime: 148.56841993182456
StatUpperQuartileTurnoverTime: 646.561486276762
StatAverageThroughputTime: 98.08001894900889
StatMedianThroughputTime: 23.406565682331802
StatLowerQuartileThroughputTime: 12.637316013635115
StatUpperQuartileThroughputTime: 76.95139248534963

Marked tag finished after 1 tries!
.Fin. - SUCCESS
<<< Welcome to the RAWSimO CLI >>>
The time is: 06/13/2024 09:45:05
Starting RAWSimO wrapper with the following arguments:
Instance: ..\..\..\..\Material\Instances\0.Weighted30min Demand separate\Db\Weighted2.xinst
Setting: ..\..\..\..\Material\Instances\0.Weighted30min Demand separate\Db\Weighted2.xsett
ControlConfig: ..\..\..\..\Material\Instances\0.Weighted30min Demand separate\Db\Weighted2.xconf
StatisticsDir: ..\..\..\..\Material\Instances\0.Weighted30min Demand separate\Db
Seed: 3
Additionally the following tag was passed: 1, 0.8006, 0.059, 0.118, 0.2, 1.0
Adding handler for unhandled exceptions ...
Initializing ... 
Instance recognized!
Parsing setting config ...
Parsing control config ...
Parsing instance ...
StatisticsFolder: Weighted2-Db_[[1, 0.8006, 0.059]]_3_[0.118, 0.2, 1.0].csv-3
Done!
