Executing ... 
 09:39:18 | >>> Warming up ...
 00:00:00 | >>> Warmup finished - starting simulation ...
 Realtime |   ETA    |  Sim.Time  | Progress | #Orders | #Bundles | Inv. | Distance | #Coll. |   Memory    
 00:00:00 |   n/a    | 0.00:00:00 |  0.00%   |    0    |    0     | 60%  |    0     |   0    |  80.94MB  
 00:00:00 | Cannot generate further orders - suspending generation for now
 00:00:00 | Cannot generate further orders - suspending generation for now
 00:00:00 | Cannot generate further orders - suspending generation for now
 00:00:00 | Cannot generate further orders - suspending generation for now
 00:00:00 | Cannot generate further orders - suspending generation for now
 00:00:00 | Cannot generate further orders - suspending generation for now
 00:00:00 | Cannot generate further orders - suspending generation for now
 00:00:01 | Cannot generate further orders - suspending generation for now
 00:00:01 | 00:00:00 | 0.00:30:00 | 100.00%  |   501   |    0     | 15%  |   5207   |   0    |  76.89MB  
 00:00:01 | >>> Simulation finished - writing results ...
 00:00:01 | >>> Results written
Simulation finished.
>>> Timings
StatTimingPathPlanningAverage: 9.407940446650116E-05
StatTimingPathPlanningOverall: 0.07582799999999994
StatTimingPathPlanningCount: 806
StatTimingTaskAllocationAverage: 0.001938521860465116
StatTimingTaskAllocationOverall: 0.41678219999999994
StatTimingTaskAllocationCount: 215
StatTimingItemStorageAverage: 8.88082191780824E-07
StatTimingItemStorageOverall: 0.0006483000000000015
StatTimingItemStorageCount: 730
StatTimingPodStorageAverage: 0.0017041182692307684
StatTimingPodStorageOverall: 0.17722829999999992
StatTimingPodStorageCount: 104
StatTimingReplenishmentBatchingAverage: 7.85E-06
StatTimingReplenishmentBatchingOverall: 1.57E-05
StatTimingReplenishmentBatchingCount: 2
StatTimingOrderBatchingAverage: 9.442109756097567E-05
StatTimingOrderBatchingOverall: 0.07742530000000004
StatTimingOrderBatchingCount: 820
>>> Overall
StatOverallBundlesPlaced: 0
StatOverallItemsOrdered: 667
StatOverallOrdersPlaced: 431
StatOverallBundlesRejected: 0
StatOverallOrdersRejected: 0
StatOverallBundlesHandled: 0
StatOverallItemsHandled: 749
StatOverallLinesHandled: 709
StatOverallOrdersHandled: 501
StatOverallCollisions: 0
StatOverallDistanceTraveled: 5207.006175835021
StatOverallDistanceEstimated: 5087
StatOverallAssignedTasks: 215
StatMaxMemoryUsed: 80,94140625
StatRealTimeUsed: 1.0395185
StatAverageTurnoverTime: 455.9950134083528
StatMedianTurnoverTime: 299.78046895706586
StatLowerQuartileTurnoverTime: 123.44222222222231
StatUpperQuartileTurnoverTime: 676.456010126777
StatAverageThroughputTime: 94.29114708553755
StatMedianThroughputTime: 20.877777777777737
StatLowerQuartileThroughputTime: 13.126392485349754
StatUpperQuartileThroughputTime: 78.5963924853497

Marked tag finished after 1 tries!
.Fin. - SUCCESS
<<< Welcome to the RAWSimO CLI >>>
The time is: 06/13/2024 09:39:19
Starting RAWSimO wrapper with the following arguments:
Instance: ..\..\..\..\Material\Instances\0.Weighted30min Demand separate\Da\Weighted2.xinst
Setting: ..\..\..\..\Material\Instances\0.Weighted30min Demand separate\Da\Weighted2.xsett
ControlConfig: ..\..\..\..\Material\Instances\0.Weighted30min Demand separate\Da\Weighted2.xconf
StatisticsDir: ..\..\..\..\Material\Instances\0.Weighted30min Demand separate\Da
Seed: 3
Additionally the following tag was passed: 1, 4.0312, 0.052, 0.093, 0.88, 0.306
Adding handler for unhandled exceptions ...
Initializing ... 
Instance recognized!
Parsing setting config ...
Parsing control config ...
Parsing instance ...
StatisticsFolder: Weighted2-Da_[[1, 4.0312, 0.052]]_2_[0.093, 0.88, 0.306].csv-3
Done!
