Executing ... 
 09:53:11 | >>> Warming up ...
 00:00:00 | >>> Warmup finished - starting simulation ...
 Realtime |   ETA    |  Sim.Time  | Progress | #Orders | #Bundles | Inv. | Distance | #Coll. |   Memory    
 00:00:00 |   n/a    | 0.00:00:00 |  0.00%   |    0    |    0     | 60%  |    0     |   0    | 112.67MB  
 00:00:00 | Cannot generate further orders - suspending generation for now
 00:00:00 | Cannot generate further orders - suspending generation for now
 00:00:00 | Cannot generate further orders - suspending generation for now
 00:00:00 | Cannot generate further orders - suspending generation for now
 00:00:00 | Cannot generate further orders - suspending generation for now
 00:00:00 | Cannot generate further orders - suspending generation for now
 00:00:00 | Cannot generate further orders - suspending generation for now
 00:00:00 | Cannot generate further orders - suspending generation for now
 00:00:00 | Cannot generate further orders - suspending generation for now
 00:00:00 | Cannot generate further orders - suspending generation for now
 00:00:00 | Cannot generate further orders - suspending generation for now
 00:00:00 | 00:00:00 | 0.00:30:00 | 100.00%  |   477   |    0     | 17%  |   5050   |   0    | 116.20MB  
 00:00:00 | >>> Simulation finished - writing results ...
 00:00:01 | >>> Results written
Simulation finished.
>>> Timings
StatTimingPathPlanningAverage: 0.00010649388235294127
StatTimingPathPlanningOverall: 0.09051980000000008
StatTimingPathPlanningCount: 850
StatTimingTaskAllocationAverage: 0.0016067009478672987
StatTimingTaskAllocationOverall: 0.33901390000000003
StatTimingTaskAllocationCount: 211
StatTimingItemStorageAverage: 8.75498575498579E-07
StatTimingItemStorageOverall: 0.0006146000000000025
StatTimingItemStorageCount: 702
StatTimingPodStorageAverage: 0.001421047
StatTimingPodStorageOverall: 0.1421047
StatTimingPodStorageCount: 100
StatTimingReplenishmentBatchingAverage: 7.35E-06
StatTimingReplenishmentBatchingOverall: 1.47E-05
StatTimingReplenishmentBatchingCount: 2
StatTimingOrderBatchingAverage: 8.384758169934638E-05
StatTimingOrderBatchingOverall: 0.06414339999999998
StatTimingOrderBatchingCount: 765
>>> Overall
StatOverallBundlesPlaced: 0
StatOverallItemsOrdered: 627
StatOverallOrdersPlaced: 409
StatOverallBundlesRejected: 0
StatOverallOrdersRejected: 0
StatOverallBundlesHandled: 0
StatOverallItemsHandled: 716
StatOverallLinesHandled: 675
StatOverallOrdersHandled: 477
StatOverallCollisions: 0
StatOverallDistanceTraveled: 5050.078147541909
StatOverallDistanceEstimated: 4894
StatOverallAssignedTasks: 211
StatMaxMemoryUsed: 119,25390625
StatRealTimeUsed: 0.949536
StatAverageTurnoverTime: 409.79617224902915
StatMedianTurnoverTime: 256.26815294342924
StatLowerQuartileTurnoverTime: 118.89444444444388
StatUpperQuartileTurnoverTime: 518.4145382358569
StatAverageThroughputTime: 87.55712283059736
StatMedianThroughputTime: 21.035000000000082
StatLowerQuartileThroughputTime: 16.107222222222617
StatUpperQuartileThroughputTime: 71.12111111111199

Marked tag finished after 1 tries!
.Fin. - SUCCESS
<<< Welcome to the RAWSimO CLI >>>
The time is: 06/13/2024 09:53:12
Starting RAWSimO wrapper with the following arguments:
Instance: ..\..\..\..\Material\Instances\0.Weighted30min Demand separate\Dc\Weighted2.xinst
Setting: ..\..\..\..\Material\Instances\0.Weighted30min Demand separate\Dc\Weighted2.xsett
ControlConfig: ..\..\..\..\Material\Instances\0.Weighted30min Demand separate\Dc\Weighted2.xconf
StatisticsDir: ..\..\..\..\Material\Instances\0.Weighted30min Demand separate\Dc
Seed: 3
Additionally the following tag was passed: 1, 6.087, 0.48599999999999993, 0.194, 0.143, 0.4
Adding handler for unhandled exceptions ...
Initializing ... 
Instance recognized!
Parsing setting config ...
Parsing control config ...
Parsing instance ...
StatisticsFolder: Weighted2-Dc_[[1, 6.087, 0.48599999999999993]]_2_[0.194, 0.143, 0.4].csv-3
Done!
