Executing ... 
 09:36:33 | >>> Warming up ...
 00:00:00 | >>> Warmup finished - starting simulation ...
 Realtime |   ETA    |  Sim.Time  | Progress | #Orders | #Bundles | Inv. | Distance | #Coll. |   Memory    
 00:00:00 |   n/a    | 0.00:00:00 |  0.00%   |    0    |    0     | 60%  |    0     |   0    |  66.27MB  
 00:00:00 | Cannot generate further orders - suspending generation for now
 00:00:00 | Cannot generate further orders - suspending generation for now
 00:00:00 | Cannot generate further orders - suspending generation for now
 00:00:00 | Cannot generate further orders - suspending generation for now
 00:00:00 | Cannot generate further orders - suspending generation for now
 00:00:00 | Cannot generate further orders - suspending generation for now
 00:00:00 | Cannot generate further orders - suspending generation for now
 00:00:01 | Cannot generate further orders - suspending generation for now
 00:00:01 | Cannot generate further orders - suspending generation for now
 00:00:01 | 00:00:00 | 0.00:30:00 | 100.00%  |   463   |    0     | 16%  |   5143   |   0    |  64.19MB  
 00:00:01 | >>> Simulation finished - writing results ...
 00:00:01 | >>> Results written
Simulation finished.
>>> Timings
StatTimingPathPlanningAverage: 9.654653243847884E-05
StatTimingPathPlanningOverall: 0.08631260000000009
StatTimingPathPlanningCount: 894
StatTimingTaskAllocationAverage: 0.001972936274509803
StatTimingTaskAllocationOverall: 0.40247899999999986
StatTimingTaskAllocationCount: 204
StatTimingItemStorageAverage: 9.188302425107019E-07
StatTimingItemStorageOverall: 0.000644100000000002
StatTimingItemStorageCount: 701
StatTimingPodStorageAverage: 0.0015861278350515467
StatTimingPodStorageOverall: 0.15385440000000003
StatTimingPodStorageCount: 97
StatTimingReplenishmentBatchingAverage: 1.155E-05
StatTimingReplenishmentBatchingOverall: 2.31E-05
StatTimingReplenishmentBatchingCount: 2
StatTimingOrderBatchingAverage: 9.240676392572947E-05
StatTimingOrderBatchingOverall: 0.06967470000000002
StatTimingOrderBatchingCount: 754
>>> Overall
StatOverallBundlesPlaced: 0
StatOverallItemsOrdered: 659
StatOverallOrdersPlaced: 412
StatOverallBundlesRejected: 0
StatOverallOrdersRejected: 0
StatOverallBundlesHandled: 0
StatOverallItemsHandled: 724
StatOverallLinesHandled: 685
StatOverallOrdersHandled: 463
StatOverallCollisions: 0
StatOverallDistanceTraveled: 5143.08812651178
StatOverallDistanceEstimated: 4868
StatOverallAssignedTasks: 204
StatMaxMemoryUsed: 68,06640625
StatRealTimeUsed: 1.0503002
StatAverageTurnoverTime: 459.986510161579
StatMedianTurnoverTime: 304.6130519590927
StatLowerQuartileTurnoverTime: 132.30166666666673
StatUpperQuartileTurnoverTime: 649.011017319699
StatAverageThroughputTime: 102.41543791774431
StatMedianThroughputTime: 24.86888888888882
StatLowerQuartileThroughputTime: 15.01388888888846
StatUpperQuartileThroughputTime: 88.22463202727005

Marked tag finished after 1 tries!
.Fin. - SUCCESS
<<< Welcome to the RAWSimO CLI >>>
The time is: 06/13/2024 09:36:34
Starting RAWSimO wrapper with the following arguments:
Instance: ..\..\..\..\Material\Instances\0.Weighted30min Demand separate\Da\Weighted2.xinst
Setting: ..\..\..\..\Material\Instances\0.Weighted30min Demand separate\Da\Weighted2.xsett
ControlConfig: ..\..\..\..\Material\Instances\0.Weighted30min Demand separate\Da\Weighted2.xconf
StatisticsDir: ..\..\..\..\Material\Instances\0.Weighted30min Demand separate\Da
Seed: 1
Additionally the following tag was passed: 1, 0.052, 0.052, 0.086, 0.15, 0.547
Adding handler for unhandled exceptions ...
Initializing ... 
Instance recognized!
Parsing setting config ...
Parsing control config ...
Parsing instance ...
StatisticsFolder: Weighted2-Da_[[1, 0.052, 0.052]]_2_[0.086, 0.15, 0.547].csv-1
Done!
