Executing ... 
 09:38:29 | >>> Warming up ...
 00:00:00 | >>> Warmup finished - starting simulation ...
 Realtime |   ETA    |  Sim.Time  | Progress | #Orders | #Bundles | Inv. | Distance | #Coll. |   Memory    
 00:00:00 |   n/a    | 0.00:00:00 |  0.00%   |    0    |    0     | 60%  |    0     |   0    |  78.54MB  
 00:00:00 | Cannot generate further orders - suspending generation for now
 00:00:00 | Cannot generate further orders - suspending generation for now
 00:00:00 | Cannot generate further orders - suspending generation for now
 00:00:00 | Cannot generate further orders - suspending generation for now
 00:00:00 | Cannot generate further orders - suspending generation for now
 00:00:00 | Cannot generate further orders - suspending generation for now
 00:00:00 | Cannot generate further orders - suspending generation for now
 00:00:00 | Cannot generate further orders - suspending generation for now
 00:00:00 | Cannot generate further orders - suspending generation for now
 00:00:00 | Cannot generate further orders - suspending generation for now
 00:00:01 | 00:00:00 | 0.00:30:00 | 100.00%  |   510   |    0     | 13%  |   4904   |   0    |  75.23MB  
 00:00:01 | >>> Simulation finished - writing results ...
 00:00:01 | >>> Results written
Simulation finished.
>>> Timings
StatTimingPathPlanningAverage: 8.810636704119854E-05
StatTimingPathPlanningOverall: 0.07057320000000003
StatTimingPathPlanningCount: 801
StatTimingTaskAllocationAverage: 0.0018628143564356431
StatTimingTaskAllocationOverall: 0.3762884999999999
StatTimingTaskAllocationCount: 202
StatTimingItemStorageAverage: 8.926568758344494E-07
StatTimingItemStorageOverall: 0.0006686000000000026
StatTimingItemStorageCount: 749
StatTimingPodStorageAverage: 0.0015428031250000003
StatTimingPodStorageOverall: 0.14810910000000002
StatTimingPodStorageCount: 96
StatTimingReplenishmentBatchingAverage: 7.25E-06
StatTimingReplenishmentBatchingOverall: 1.45E-05
StatTimingReplenishmentBatchingCount: 2
StatTimingOrderBatchingAverage: 0.00012540261194029842
StatTimingOrderBatchingOverall: 0.10082369999999992
StatTimingOrderBatchingCount: 804
>>> Overall
StatOverallBundlesPlaced: 0
StatOverallItemsOrdered: 651
StatOverallOrdersPlaced: 425
StatOverallBundlesRejected: 0
StatOverallOrdersRejected: 0
StatOverallBundlesHandled: 0
StatOverallItemsHandled: 775
StatOverallLinesHandled: 737
StatOverallOrdersHandled: 510
StatOverallCollisions: 0
StatOverallDistanceTraveled: 4904.185037234531
StatOverallDistanceEstimated: 4731
StatOverallAssignedTasks: 202
StatMaxMemoryUsed: 79,29296875
StatRealTimeUsed: 1.0122124
StatAverageTurnoverTime: 438.67528781812956
StatMedianTurnoverTime: 270.1188022903977
StatLowerQuartileTurnoverTime: 112.60453823585736
StatUpperQuartileTurnoverTime: 664.93953823586
StatAverageThroughputTime: 89.94446358408476
StatMedianThroughputTime: 24.905000000000655
StatLowerQuartileThroughputTime: 16.714999999999975
StatUpperQuartileThroughputTime: 81.03120490252513

Marked tag finished after 1 tries!
.Fin. - SUCCESS
<<< Welcome to the RAWSimO CLI >>>
The time is: 06/13/2024 09:38:30
Starting RAWSimO wrapper with the following arguments:
Instance: ..\..\..\..\Material\Instances\0.Weighted30min Demand separate\Da\Weighted2.xinst
Setting: ..\..\..\..\Material\Instances\0.Weighted30min Demand separate\Da\Weighted2.xsett
ControlConfig: ..\..\..\..\Material\Instances\0.Weighted30min Demand separate\Da\Weighted2.xconf
StatisticsDir: ..\..\..\..\Material\Instances\0.Weighted30min Demand separate\Da
Seed: 3
Additionally the following tag was passed: 1, 2.0416, 0.052, 0.134, 0.66, 0.3
Adding handler for unhandled exceptions ...
Initializing ... 
Instance recognized!
Parsing setting config ...
Parsing control config ...
Parsing instance ...
StatisticsFolder: Weighted2-Da_[[1, 2.0416, 0.052]]_2_[0.134, 0.66, 0.3].csv-3
Done!
