Executing ... 
 09:45:45 | >>> Warming up ...
 00:00:00 | >>> Warmup finished - starting simulation ...
 Realtime |   ETA    |  Sim.Time  | Progress | #Orders | #Bundles | Inv. | Distance | #Coll. |   Memory    
 00:00:00 |   n/a    | 0.00:00:00 |  0.00%   |    0    |    0     | 60%  |    0     |   0    | 160.74MB  
 00:00:00 | Cannot generate further orders - suspending generation for now
 00:00:00 | Cannot generate further orders - suspending generation for now
 00:00:00 | Cannot generate further orders - suspending generation for now
 00:00:01 | Cannot generate further orders - suspending generation for now
 00:00:01 | Cannot generate further orders - suspending generation for now
 00:00:01 | Cannot generate further orders - suspending generation for now
 00:00:01 | Cannot generate further orders - suspending generation for now
 00:00:01 | Cannot generate further orders - suspending generation for now
 00:00:01 | Cannot generate further orders - suspending generation for now
 00:00:01 | 00:00:00 | 0.00:30:00 | 100.00%  |   481   |    0     | 15%  |   5114   |   0    | 157.52MB  
 00:00:01 | >>> Simulation finished - writing results ...
 00:00:01 | >>> Results written
Simulation finished.
>>> Timings
StatTimingPathPlanningAverage: 9.330374269005846E-05
StatTimingPathPlanningOverall: 0.07977469999999998
StatTimingPathPlanningCount: 855
StatTimingTaskAllocationAverage: 0.0018909876146788987
StatTimingTaskAllocationOverall: 0.4122352999999999
StatTimingTaskAllocationCount: 218
StatTimingItemStorageAverage: 1.0730290456431527E-06
StatTimingItemStorageOverall: 0.0007757999999999995
StatTimingItemStorageCount: 723
StatTimingPodStorageAverage: 0.0016827355769230765
StatTimingPodStorageOverall: 0.17500449999999995
StatTimingPodStorageCount: 104
StatTimingReplenishmentBatchingAverage: 8.8E-06
StatTimingReplenishmentBatchingOverall: 1.76E-05
StatTimingReplenishmentBatchingCount: 2
StatTimingOrderBatchingAverage: 0.00010953875968992256
StatTimingOrderBatchingOverall: 0.08478300000000007
StatTimingOrderBatchingCount: 774
>>> Overall
StatOverallBundlesPlaced: 0
StatOverallItemsOrdered: 667
StatOverallOrdersPlaced: 415
StatOverallBundlesRejected: 0
StatOverallOrdersRejected: 0
StatOverallBundlesHandled: 0
StatOverallItemsHandled: 753
StatOverallLinesHandled: 716
StatOverallOrdersHandled: 481
StatOverallCollisions: 0
StatOverallDistanceTraveled: 5114.387198230467
StatOverallDistanceEstimated: 5034
StatOverallAssignedTasks: 218
StatMaxMemoryUsed: 162,41796875
StatRealTimeUsed: 1.1414049
StatAverageTurnoverTime: 460.4327846898845
StatMedianTurnoverTime: 315.56499999999977
StatLowerQuartileTurnoverTime: 141.7800000000001
StatUpperQuartileTurnoverTime: 665.5782467348417
StatAverageThroughputTime: 94.10480975321073
StatMedianThroughputTime: 25.15666666666675
StatLowerQuartileThroughputTime: 16.045555555557712
StatUpperQuartileThroughputTime: 82.12231601363493

Marked tag finished after 1 tries!
.Fin. - SUCCESS
<<< Welcome to the RAWSimO CLI >>>
The time is: 06/13/2024 09:45:47
Starting RAWSimO wrapper with the following arguments:
Instance: ..\..\..\..\Material\Instances\0.Weighted30min Demand separate\Db\Weighted2.xinst
Setting: ..\..\..\..\Material\Instances\0.Weighted30min Demand separate\Db\Weighted2.xsett
ControlConfig: ..\..\..\..\Material\Instances\0.Weighted30min Demand separate\Db\Weighted2.xconf
StatisticsDir: ..\..\..\..\Material\Instances\0.Weighted30min Demand separate\Db
Seed: 1
Additionally the following tag was passed: 1, 0.8006, 0.794, 0.215, 0.27, 0.333
Adding handler for unhandled exceptions ...
Initializing ... 
Instance recognized!
Parsing setting config ...
Parsing control config ...
Parsing instance ...
StatisticsFolder: Weighted2-Db_[[1, 0.8006, 0.794]]_3_[0.215, 0.27, 0.333].csv-1
Done!
