Executing ... 
 09:49:37 | >>> Warming up ...
 00:00:00 | >>> Warmup finished - starting simulation ...
 Realtime |   ETA    |  Sim.Time  | Progress | #Orders | #Bundles | Inv. | Distance | #Coll. |   Memory    
 00:00:00 |   n/a    | 0.00:00:00 |  0.00%   |    0    |    0     | 60%  |    0     |   0    | 144.05MB  
 00:00:00 | Cannot generate further orders - suspending generation for now
 00:00:00 | Cannot generate further orders - suspending generation for now
 00:00:00 | Cannot generate further orders - suspending generation for now
 00:00:00 | Cannot generate further orders - suspending generation for now
 00:00:00 | Cannot generate further orders - suspending generation for now
 00:00:00 | Cannot generate further orders - suspending generation for now
 00:00:00 | Cannot generate further orders - suspending generation for now
 00:00:00 | Cannot generate further orders - suspending generation for now
 00:00:00 | Cannot generate further orders - suspending generation for now
 00:00:01 | Cannot generate further orders - suspending generation for now
 00:00:01 | Cannot generate further orders - suspending generation for now
 00:00:01 | Cannot generate further orders - suspending generation for now
 00:00:01 | Cannot generate further orders - suspending generation for now
 00:00:01 | 00:00:00 | 0.00:30:00 | 100.00%  |   504   |    0     | 13%  |   4893   |   0    | 139.38MB  
 00:00:01 | >>> Simulation finished - writing results ...
 00:00:01 | >>> Results written
Simulation finished.
>>> Timings
StatTimingPathPlanningAverage: 9.928175092478425E-05
StatTimingPathPlanningOverall: 0.08051750000000003
StatTimingPathPlanningCount: 811
StatTimingTaskAllocationAverage: 0.002111888235294118
StatTimingTaskAllocationOverall: 0.4308252000000001
StatTimingTaskAllocationCount: 204
StatTimingItemStorageAverage: 1.0364829396325464E-06
StatTimingItemStorageOverall: 0.0007898000000000003
StatTimingItemStorageCount: 762
StatTimingPodStorageAverage: 0.001761103092783506
StatTimingPodStorageOverall: 0.17082700000000006
StatTimingPodStorageCount: 97
StatTimingReplenishmentBatchingAverage: 8.7E-06
StatTimingReplenishmentBatchingOverall: 1.74E-05
StatTimingReplenishmentBatchingCount: 2
StatTimingOrderBatchingAverage: 8.775932835820902E-05
StatTimingOrderBatchingOverall: 0.07055850000000005
StatTimingOrderBatchingCount: 804
>>> Overall
StatOverallBundlesPlaced: 0
StatOverallItemsOrdered: 636
StatOverallOrdersPlaced: 405
StatOverallBundlesRejected: 0
StatOverallOrdersRejected: 0
StatOverallBundlesHandled: 0
StatOverallItemsHandled: 782
StatOverallLinesHandled: 740
StatOverallOrdersHandled: 504
StatOverallCollisions: 0
StatOverallDistanceTraveled: 4892.740676080235
StatOverallDistanceEstimated: 4787
StatOverallAssignedTasks: 204
StatMaxMemoryUsed: 144,0546875
StatRealTimeUsed: 1.1048638
StatAverageTurnoverTime: 445.105210349014
StatMedianTurnoverTime: 259.56315294342943
StatLowerQuartileTurnoverTime: 104.66258300203032
StatUpperQuartileTurnoverTime: 632.0160173196986
StatAverageThroughputTime: 94.23521846860582
StatMedianThroughputTime: 24.4133333333333
StatLowerQuartileThroughputTime: 16.12685424949268
StatUpperQuartileThroughputTime: 74.81963202727017

Marked tag finished after 1 tries!
.Fin. - SUCCESS
<<< Welcome to the RAWSimO CLI >>>
The time is: 06/13/2024 09:49:38
Starting RAWSimO wrapper with the following arguments:
Instance: ..\..\..\..\Material\Instances\0.Weighted30min Demand separate\Dc\Weighted2.xinst
Setting: ..\..\..\..\Material\Instances\0.Weighted30min Demand separate\Dc\Weighted2.xsett
ControlConfig: ..\..\..\..\Material\Instances\0.Weighted30min Demand separate\Dc\Weighted2.xconf
StatisticsDir: ..\..\..\..\Material\Instances\0.Weighted30min Demand separate\Dc
Seed: 2
Additionally the following tag was passed: 1, 1.2638, 0.48599999999999993, 0.194, 0.157, 0.396
Adding handler for unhandled exceptions ...
Initializing ... 
Instance recognized!
Parsing setting config ...
Parsing control config ...
Parsing instance ...
StatisticsFolder: Weighted2-Dc_[[1, 1.2638, 0.48599999999999993]]_2_[0.194, 0.157, 0.396].csv-2
Done!
