Executing ... 
 09:48:05 | >>> Warming up ...
 00:00:00 | >>> Warmup finished - starting simulation ...
 Realtime |   ETA    |  Sim.Time  | Progress | #Orders | #Bundles | Inv. | Distance | #Coll. |   Memory    
 00:00:00 |   n/a    | 0.00:00:00 |  0.00%   |    0    |    0     | 60%  |    0     |   0    |  79.09MB  
 00:00:00 | Cannot generate further orders - suspending generation for now
 00:00:00 | Cannot generate further orders - suspending generation for now
 00:00:01 | Cannot generate further orders - suspending generation for now
 00:00:01 | Cannot generate further orders - suspending generation for now
 00:00:01 | Cannot generate further orders - suspending generation for now
 00:00:01 | Cannot generate further orders - suspending generation for now
 00:00:01 | Cannot generate further orders - suspending generation for now
 00:00:01 | Cannot generate further orders - suspending generation for now
 00:00:01 | Cannot generate further orders - suspending generation for now
 00:00:01 | Cannot generate further orders - suspending generation for now
 00:00:01 | Cannot generate further orders - suspending generation for now
 00:00:01 | Cannot generate further orders - suspending generation for now
 00:00:01 | 00:00:00 | 0.00:30:00 | 100.00%  |   494   |    0     | 15%  |   5099   |   0    |  81.46MB  
 00:00:01 | >>> Simulation finished - writing results ...
 00:00:01 | >>> Results written
Simulation finished.
>>> Timings
StatTimingPathPlanningAverage: 0.00011627845968712395
StatTimingPathPlanningOverall: 0.0966274
StatTimingPathPlanningCount: 831
StatTimingTaskAllocationAverage: 0.002244516666666666
StatTimingTaskAllocationOverall: 0.4713484999999999
StatTimingTaskAllocationCount: 210
StatTimingItemStorageAverage: 1.2023448275862044E-06
StatTimingItemStorageOverall: 0.0008716999999999981
StatTimingItemStorageCount: 725
StatTimingPodStorageAverage: 0.0017700970297029705
StatTimingPodStorageOverall: 0.17877980000000002
StatTimingPodStorageCount: 101
StatTimingReplenishmentBatchingAverage: 1.08E-05
StatTimingReplenishmentBatchingOverall: 2.16E-05
StatTimingReplenishmentBatchingCount: 2
StatTimingOrderBatchingAverage: 0.00013937667934093802
StatTimingOrderBatchingOverall: 0.1099682000000001
StatTimingOrderBatchingCount: 789
>>> Overall
StatOverallBundlesPlaced: 0
StatOverallItemsOrdered: 652
StatOverallOrdersPlaced: 426
StatOverallBundlesRejected: 0
StatOverallOrdersRejected: 0
StatOverallBundlesHandled: 0
StatOverallItemsHandled: 752
StatOverallLinesHandled: 713
StatOverallOrdersHandled: 494
StatOverallCollisions: 0
StatOverallDistanceTraveled: 5098.723531191543
StatOverallDistanceEstimated: 4968
StatOverallAssignedTasks: 210
StatMaxMemoryUsed: 85,51171875
StatRealTimeUsed: 1.2841586
StatAverageTurnoverTime: 442.5395521259912
StatMedianTurnoverTime: 259.2316666666677
StatLowerQuartileTurnoverTime: 109.57796536060353
StatUpperQuartileTurnoverTime: 631.7718542494927
StatAverageThroughputTime: 93.81945731074799
StatMedianThroughputTime: 24.810555555555197
StatLowerQuartileThroughputTime: 16.00166666666678
StatUpperQuartileThroughputTime: 82.8188888888888

Marked tag finished after 1 tries!
.Fin. - SUCCESS
<<< Welcome to the RAWSimO CLI >>>
The time is: 06/13/2024 09:48:06
Starting RAWSimO wrapper with the following arguments:
Instance: ..\..\..\..\Material\Instances\0.Weighted30min Demand separate\Dc\Weighted2.xinst
Setting: ..\..\..\..\Material\Instances\0.Weighted30min Demand separate\Dc\Weighted2.xsett
ControlConfig: ..\..\..\..\Material\Instances\0.Weighted30min Demand separate\Dc\Weighted2.xconf
StatisticsDir: ..\..\..\..\Material\Instances\0.Weighted30min Demand separate\Dc
Seed: 3
Additionally the following tag was passed: 1, 0.058, 0.058, 0.096, 0.186, 0.671
Adding handler for unhandled exceptions ...
Initializing ... 
Instance recognized!
Parsing setting config ...
Parsing control config ...
Parsing instance ...
StatisticsFolder: Weighted2-Dc_[[1, 0.058, 0.058]]_2_[0.096, 0.186, 0.671].csv-3
Done!
