Executing ... 
 09:53:54 | >>> Warming up ...
 00:00:00 | >>> Warmup finished - starting simulation ...
 Realtime |   ETA    |  Sim.Time  | Progress | #Orders | #Bundles | Inv. | Distance | #Coll. |   Memory    
 00:00:00 |   n/a    | 0.00:00:00 |  0.00%   |    0    |    0     | 60%  |    0     |   0    |  95.17MB  
 00:00:01 | Cannot generate further orders - suspending generation for now
 00:00:01 | Cannot generate further orders - suspending generation for now
 00:00:01 | Cannot generate further orders - suspending generation for now
 00:00:01 | Cannot generate further orders - suspending generation for now
 00:00:01 | Cannot generate further orders - suspending generation for now
 00:00:01 | Cannot generate further orders - suspending generation for now
 00:00:01 | Cannot generate further orders - suspending generation for now
 00:00:01 | Cannot generate further orders - suspending generation for now
 00:00:01 | Cannot generate further orders - suspending generation for now
 00:00:01 | 00:00:00 | 0.00:30:00 | 100.00%  |   480   |    0     | 16%  |   5110   |   0    |  93.14MB  
 00:00:01 | >>> Simulation finished - writing results ...
 00:00:01 | >>> Results written
Simulation finished.
>>> Timings
StatTimingPathPlanningAverage: 0.00011569346016646864
StatTimingPathPlanningOverall: 0.09729820000000013
StatTimingPathPlanningCount: 841
StatTimingTaskAllocationAverage: 0.0025108577464788744
StatTimingTaskAllocationOverall: 0.5348127000000003
StatTimingTaskAllocationCount: 213
StatTimingItemStorageAverage: 1.4785714285714241E-06
StatTimingItemStorageOverall: 0.0010349999999999969
StatTimingItemStorageCount: 700
StatTimingPodStorageAverage: 0.002234486274509804
StatTimingPodStorageOverall: 0.22791760000000003
StatTimingPodStorageCount: 102
StatTimingReplenishmentBatchingAverage: 9.45E-06
StatTimingReplenishmentBatchingOverall: 1.89E-05
StatTimingReplenishmentBatchingCount: 2
StatTimingOrderBatchingAverage: 0.0001262934123847166
StatTimingOrderBatchingOverall: 0.09585669999999989
StatTimingOrderBatchingCount: 759
>>> Overall
StatOverallBundlesPlaced: 0
StatOverallItemsOrdered: 667
StatOverallOrdersPlaced: 415
StatOverallBundlesRejected: 0
StatOverallOrdersRejected: 0
StatOverallBundlesHandled: 0
StatOverallItemsHandled: 732
StatOverallLinesHandled: 693
StatOverallOrdersHandled: 480
StatOverallCollisions: 0
StatOverallDistanceTraveled: 5109.885245866776
StatOverallDistanceEstimated: 4935
StatOverallAssignedTasks: 213
StatMaxMemoryUsed: 96,71875
StatRealTimeUsed: 1.2984147
StatAverageTurnoverTime: 460.13822039483597
StatMedianTurnoverTime: 317.7609307212075
StatLowerQuartileTurnoverTime: 136.59805915201673
StatUpperQuartileTurnoverTime: 662.4236003217322
StatAverageThroughputTime: 101.51881766968941
StatMedianThroughputTime: 23.70620490252412
StatLowerQuartileThroughputTime: 15.917222222222193
StatUpperQuartileThroughputTime: 87.98407647171473

Marked tag finished after 1 tries!
.Fin. - SUCCESS
<<< Welcome to the RAWSimO CLI >>>
The time is: 06/13/2024 09:53:55
Starting RAWSimO wrapper with the following arguments:
Instance: ..\..\..\..\Material\Instances\0.Weighted30min Demand separate\Dd\Weighted2.xinst
Setting: ..\..\..\..\Material\Instances\0.Weighted30min Demand separate\Dd\Weighted2.xsett
ControlConfig: ..\..\..\..\Material\Instances\0.Weighted30min Demand separate\Dd\Weighted2.xconf
StatisticsDir: ..\..\..\..\Material\Instances\0.Weighted30min Demand separate\Dd
Seed: 1
Additionally the following tag was passed: 1, 0.05, 0.21333333333333337, 0.1, 1.0, 0.5
Adding handler for unhandled exceptions ...
Initializing ... 
Instance recognized!
Parsing setting config ...
Parsing control config ...
Parsing instance ...
StatisticsFolder: Weighted2-Dd_[[1, 0.05, 0.21333333333333337]]_3_[0.1, 1.0, 0.5].csv-1
Done!
