Executing ... 
 20:00:32 | >>> Warming up ...
 00:00:00 | >>> Warmup finished - starting simulation ...
 Realtime |   ETA    |  Sim.Time  | Progress | #Orders | #Bundles | Inv. | Distance | #Coll. |   Memory    
 00:00:00 |   n/a    | 0.00:00:00 |  0.00%   |    0    |    0     | 60%  |    0     |   0    |  78.14MB  
 00:00:01 | Cannot generate further orders - suspending generation for now
 00:00:01 | Cannot generate further orders - suspending generation for now
 00:00:01 | Cannot generate further orders - suspending generation for now
 00:00:01 | Cannot generate further orders - suspending generation for now
 00:00:01 | Cannot generate further orders - suspending generation for now
 00:00:01 | Cannot generate further orders - suspending generation for now
 00:00:01 | Cannot generate further orders - suspending generation for now
 00:00:01 | Cannot generate further orders - suspending generation for now
 00:00:01 | Cannot generate further orders - suspending generation for now
 00:00:01 | Cannot generate further orders - suspending generation for now
 00:00:01 | Cannot generate further orders - suspending generation for now
 00:00:01 | 00:00:00 | 0.00:30:00 | 100.00%  |   510   |    0     | 12%  |   4770   |   0    |  74.67MB  
 00:00:01 | >>> Simulation finished - writing results ...
 00:00:01 | >>> Results written
Simulation finished.
>>> Timings
StatTimingPathPlanningAverage: 0.00012936241872561774
StatTimingPathPlanningOverall: 0.09947970000000005
StatTimingPathPlanningCount: 769
StatTimingTaskAllocationAverage: 0.0024528975124378113
StatTimingTaskAllocationOverall: 0.4930324000000001
StatTimingTaskAllocationCount: 201
StatTimingItemStorageAverage: 1.4283505154639173E-06
StatTimingItemStorageOverall: 0.0011083999999999998
StatTimingItemStorageCount: 776
StatTimingPodStorageAverage: 0.0021859833333333326
StatTimingPodStorageOverall: 0.2098543999999999
StatTimingPodStorageCount: 96
StatTimingReplenishmentBatchingAverage: 7.35E-06
StatTimingReplenishmentBatchingOverall: 1.47E-05
StatTimingReplenishmentBatchingCount: 2
StatTimingOrderBatchingAverage: 0.00016331973203410473
StatTimingOrderBatchingOverall: 0.1340855
StatTimingOrderBatchingCount: 821
>>> Overall
StatOverallBundlesPlaced: 0
StatOverallItemsOrdered: 667
StatOverallOrdersPlaced: 414
StatOverallBundlesRejected: 0
StatOverallOrdersRejected: 0
StatOverallBundlesHandled: 0
StatOverallItemsHandled: 806
StatOverallLinesHandled: 766
StatOverallOrdersHandled: 510
StatOverallCollisions: 0
StatOverallDistanceTraveled: 4770.350438901772
StatOverallDistanceEstimated: 4656
StatOverallAssignedTasks: 201
StatMaxMemoryUsed: 78,1875
StatRealTimeUsed: 1.340709
StatAverageTurnoverTime: 461.91023856563663
StatMedianTurnoverTime: 350.0640836646364
StatLowerQuartileTurnoverTime: 174.82231601363458
StatUpperQuartileTurnoverTime: 630.3776911792896
StatAverageThroughputTime: 92.7155619211467
StatMedianThroughputTime: 32.533982680301676
StatLowerQuartileThroughputTime: 19.495555555555256
StatUpperQuartileThroughputTime: 95.77241699796872

Marked tag finished after 1 tries!
.Fin. - SUCCESS
<<< Welcome to the RAWSimO CLI >>>
The time is: 06/11/2024 20:00:33
Starting RAWSimO wrapper with the following arguments:
Instance: ..\..\..\..\Material\Instances\0.Weighted30min Demand separate\Df\Weighted2.xinst
Setting: ..\..\..\..\Material\Instances\0.Weighted30min Demand separate\Df\Weighted2.xsett
ControlConfig: ..\..\..\..\Material\Instances\0.Weighted30min Demand separate\Df\Weighted2.xconf
StatisticsDir: ..\..\..\..\Material\Instances\0.Weighted30min Demand separate\Df
Seed: 4
Additionally the following tag was passed: [[1, 0.38085714285714284, 0.068]]
Adding handler for unhandled exceptions ...
Initializing ... 
Instance recognized!
Parsing setting config ...
Parsing control config ...
Parsing instance ...
StatisticsFolder: Weighted2-Df_[[1, 0.38085714285714284, 0.068]]_2.csv-4
Done!
