Executing ... 
 16:18:41 | >>> Warming up ...
 00:00:00 | >>> Warmup finished - starting simulation ...
 Realtime |   ETA    |  Sim.Time  | Progress | #Orders | #Bundles | Inv. | Distance | #Coll. |   Memory    
 00:00:00 |   n/a    | 0.00:00:00 |  0.00%   |    0    |    0     | 60%  |    0     |   0    |  88.66MB  
 00:00:01 | Cannot generate further orders - suspending generation for now
 00:00:01 | Cannot generate further orders - suspending generation for now
 00:00:01 | Cannot generate further orders - suspending generation for now
 00:00:01 | Cannot generate further orders - suspending generation for now
 00:00:01 | Cannot generate further orders - suspending generation for now
 00:00:01 | Cannot generate further orders - suspending generation for now
 00:00:01 | Cannot generate further orders - suspending generation for now
 00:00:01 | Cannot generate further orders - suspending generation for now
 00:00:01 | Cannot generate further orders - suspending generation for now
 00:00:01 | Cannot generate further orders - suspending generation for now
 00:00:01 | 00:00:00 | 0.00:30:00 | 100.00%  |   501   |    0     | 14%  |   4945   |   0    |  62.96MB  
 00:00:01 | >>> Simulation finished - writing results ...
 00:00:01 | >>> Results written
Simulation finished.
>>> Timings
StatTimingPathPlanningAverage: 0.00013538585017835894
StatTimingPathPlanningOverall: 0.11385949999999988
StatTimingPathPlanningCount: 841
StatTimingTaskAllocationAverage: 0.002504322596153845
StatTimingTaskAllocationOverall: 0.5208990999999997
StatTimingTaskAllocationCount: 208
StatTimingItemStorageAverage: 1.2656250000000011E-06
StatTimingItemStorageOverall: 0.0008910000000000007
StatTimingItemStorageCount: 704
StatTimingPodStorageAverage: 0.0021939349999999997
StatTimingPodStorageOverall: 0.21939349999999996
StatTimingPodStorageCount: 100
StatTimingReplenishmentBatchingAverage: 7.2000000000000005E-06
StatTimingReplenishmentBatchingOverall: 1.4400000000000001E-05
StatTimingReplenishmentBatchingCount: 2
StatTimingOrderBatchingAverage: 0.00013916447534766108
StatTimingOrderBatchingOverall: 0.11007909999999992
StatTimingOrderBatchingCount: 791
>>> Overall
StatOverallBundlesPlaced: 0
StatOverallItemsOrdered: 654
StatOverallOrdersPlaced: 423
StatOverallBundlesRejected: 0
StatOverallOrdersRejected: 0
StatOverallBundlesHandled: 0
StatOverallItemsHandled: 764
StatOverallLinesHandled: 724
StatOverallOrdersHandled: 501
StatOverallCollisions: 0
StatOverallDistanceTraveled: 4945.203333333262
StatOverallDistanceEstimated: 4801
StatOverallAssignedTasks: 208
StatMaxMemoryUsed: 88,65625
StatRealTimeUsed: 1.3302671
StatAverageTurnoverTime: 461.10641781400346
StatMedianTurnoverTime: 376.4476911792863
StatLowerQuartileTurnoverTime: 151.55694804090535
StatUpperQuartileTurnoverTime: 652.9483333333335
StatAverageThroughputTime: 98.23859925180894
StatMedianThroughputTime: 24.649350653031576
StatLowerQuartileThroughputTime: 16.81388888888887
StatUpperQuartileThroughputTime: 85.43425686161879

Marked tag finished after 1 tries!
.Fin. - SUCCESS
<<< Welcome to the RAWSimO CLI >>>
The time is: 06/21/2024 16:18:42
Starting RAWSimO wrapper with the following arguments:
Instance: ..\..\..\..\Material\Instances\01.Weighted30min Demand Gall\Dp\Weighted2.xinst
Setting: ..\..\..\..\Material\Instances\01.Weighted30min Demand Gall\Dp\Weighted2.xsett
ControlConfig: ..\..\..\..\Material\Instances\01.Weighted30min Demand Gall\Dp\Weighted2.xconf
StatisticsDir: ..\..\..\..\Material\Instances\01.Weighted30min Demand Gall\Dp
Seed: 3
Additionally the following tag was passed: 1, 0.15142857142857144, 1.0, 0.106, 0.7, 1.0
Adding handler for unhandled exceptions ...
Initializing ... 
Instance recognized!
Parsing setting config ...
Parsing control config ...
Parsing instance ...
StatisticsFolder: Weighted2-Dp_[[1, 0.15142857142857144, 1.0]]_3_[0.106, 0.7, 1.0].csv-3
Done!
