Executing ... 
 13:59:48 | >>> Warming up ...
 00:00:00 | >>> Warmup finished - starting simulation ...
 Realtime |   ETA    |  Sim.Time  | Progress | #Orders | #Bundles | Inv. | Distance | #Coll. |   Memory    
 00:00:00 |   n/a    | 0.00:00:00 |  0.00%   |    0    |    0     | 60%  |    0     |   0    |  83.43MB  
 00:00:00 | Cannot generate further orders - suspending generation for now
 00:00:00 | Cannot generate further orders - suspending generation for now
 00:00:00 | Cannot generate further orders - suspending generation for now
 00:00:00 | Cannot generate further orders - suspending generation for now
 00:00:00 | Cannot generate further orders - suspending generation for now
 00:00:00 | Cannot generate further orders - suspending generation for now
 00:00:00 | Cannot generate further orders - suspending generation for now
 00:00:00 | Cannot generate further orders - suspending generation for now
 00:00:00 | 00:00:00 | 0.00:30:00 | 100.00%  |   464   |    0     | 18%  |   5215   |   0    |  83.27MB  
 00:00:00 | >>> Simulation finished - writing results ...
 00:00:00 | >>> Results written
Simulation finished.
>>> Timings
StatTimingPathPlanningAverage: 8.103050058207221E-05
StatTimingPathPlanningOverall: 0.06960520000000003
StatTimingPathPlanningCount: 859
StatTimingTaskAllocationAverage: 0.0015544216589861754
StatTimingTaskAllocationOverall: 0.33730950000000004
StatTimingTaskAllocationCount: 217
StatTimingItemStorageAverage: 9.150375939849683E-07
StatTimingItemStorageOverall: 0.0006085000000000039
StatTimingItemStorageCount: 665
StatTimingPodStorageAverage: 0.0013948106796116497
StatTimingPodStorageOverall: 0.14366549999999992
StatTimingPodStorageCount: 103
StatTimingReplenishmentBatchingAverage: 1E-05
StatTimingReplenishmentBatchingOverall: 2E-05
StatTimingReplenishmentBatchingCount: 2
StatTimingOrderBatchingAverage: 7.654377457404992E-05
StatTimingOrderBatchingOverall: 0.05840290000000009
StatTimingOrderBatchingCount: 763
>>> Overall
StatOverallBundlesPlaced: 0
StatOverallItemsOrdered: 667
StatOverallOrdersPlaced: 422
StatOverallBundlesRejected: 0
StatOverallOrdersRejected: 0
StatOverallBundlesHandled: 0
StatOverallItemsHandled: 703
StatOverallLinesHandled: 662
StatOverallOrdersHandled: 464
StatOverallCollisions: 0
StatOverallDistanceTraveled: 5214.649717892449
StatOverallDistanceEstimated: 5034
StatOverallAssignedTasks: 217
StatMaxMemoryUsed: 83,265625
StatRealTimeUsed: 0.9406007
StatAverageTurnoverTime: 395.0940761628971
StatMedianTurnoverTime: 280.4703607798077
StatLowerQuartileTurnoverTime: 111.77898268030219
StatUpperQuartileTurnoverTime: 558.3232467348427
StatAverageThroughputTime: 90.53462225269817
StatMedianThroughputTime: 20.09657287525397
StatLowerQuartileThroughputTime: 12.428333333333384
StatUpperQuartileThroughputTime: 76.70945883028901

Marked tag finished after 1 tries!
.Fin. - SUCCESS
<<< Welcome to the RAWSimO CLI >>>
The time is: 06/07/2024 13:59:49
Starting RAWSimO wrapper with the following arguments:
Instance: ..\..\..\..\Material\Instances\0.Weighted30min Demand separate\Da\Weighted2.xinst
Setting: ..\..\..\..\Material\Instances\0.Weighted30min Demand separate\Da\Weighted2.xsett
ControlConfig: ..\..\..\..\Material\Instances\0.Weighted30min Demand separate\Da\Weighted2.xconf
StatisticsDir: ..\..\..\..\Material\Instances\0.Weighted30min Demand separate\Da
Seed: 2
Additionally the following tag was passed: [[1, 1, 4]]
Adding handler for unhandled exceptions ...
Initializing ... 
Instance recognized!
Parsing setting config ...
Parsing control config ...
Parsing instance ...
StatisticsFolder: Weighted2-Da_[[1, 1, 4]]_2.csv-2
Done!
