Executing ... 
 09:53:47 | >>> Warming up ...
 00:00:00 | >>> Warmup finished - starting simulation ...
 Realtime |   ETA    |  Sim.Time  | Progress | #Orders | #Bundles | Inv. | Distance | #Coll. |   Memory    
 00:00:00 |   n/a    | 0.00:00:00 |  0.00%   |    0    |    0     | 60%  |    0     |   0    |  95.39MB  
 00:00:00 | Cannot generate further orders - suspending generation for now
 00:00:00 | Cannot generate further orders - suspending generation for now
 00:00:01 | Cannot generate further orders - suspending generation for now
 00:00:01 | Cannot generate further orders - suspending generation for now
 00:00:01 | Cannot generate further orders - suspending generation for now
 00:00:01 | Cannot generate further orders - suspending generation for now
 00:00:01 | Cannot generate further orders - suspending generation for now
 00:00:01 | Cannot generate further orders - suspending generation for now
 00:00:01 | Cannot generate further orders - suspending generation for now
 00:00:01 | 00:00:00 | 0.00:30:00 | 100.00%  |   457   |    0     | 18%  |   5223   |   0    |  93.59MB  
 00:00:01 | >>> Simulation finished - writing results ...
 00:00:01 | >>> Results written
Simulation finished.
>>> Timings
StatTimingPathPlanningAverage: 0.00011297987878787867
StatTimingPathPlanningOverall: 0.0932083999999999
StatTimingPathPlanningCount: 825
StatTimingTaskAllocationAverage: 0.001975198642533937
StatTimingTaskAllocationOverall: 0.4365189000000001
StatTimingTaskAllocationCount: 221
StatTimingItemStorageAverage: 1.3675516224188767E-06
StatTimingItemStorageOverall: 0.0009271999999999985
StatTimingItemStorageCount: 678
StatTimingPodStorageAverage: 0.001655828301886793
StatTimingPodStorageOverall: 0.17551780000000006
StatTimingPodStorageCount: 106
StatTimingReplenishmentBatchingAverage: 1.3599999999999999E-05
StatTimingReplenishmentBatchingOverall: 2.7199999999999997E-05
StatTimingReplenishmentBatchingCount: 2
StatTimingOrderBatchingAverage: 0.00011361509186351703
StatTimingOrderBatchingOverall: 0.08657469999999998
StatTimingOrderBatchingCount: 762
>>> Overall
StatOverallBundlesPlaced: 0
StatOverallItemsOrdered: 666
StatOverallOrdersPlaced: 416
StatOverallBundlesRejected: 0
StatOverallOrdersRejected: 0
StatOverallBundlesHandled: 0
StatOverallItemsHandled: 693
StatOverallLinesHandled: 655
StatOverallOrdersHandled: 457
StatOverallCollisions: 0
StatOverallDistanceTraveled: 5223.484938888882
StatOverallDistanceEstimated: 5072
StatOverallAssignedTasks: 221
StatMaxMemoryUsed: 96,66015625
StatRealTimeUsed: 1.1743626
StatAverageTurnoverTime: 428.6755248570028
StatMedianTurnoverTime: 275.52630588685827
StatLowerQuartileTurnoverTime: 118.46398268030168
StatUpperQuartileTurnoverTime: 525.9658297368724
StatAverageThroughputTime: 105.83018662582151
StatMedianThroughputTime: 21.4993506530316
StatLowerQuartileThroughputTime: 12.65427124746168
StatUpperQuartileThroughputTime: 79.3811111111113

Marked tag finished after 1 tries!
.Fin. - SUCCESS
<<< Welcome to the RAWSimO CLI >>>
The time is: 06/13/2024 09:53:49
Starting RAWSimO wrapper with the following arguments:
Instance: ..\..\..\..\Material\Instances\0.Weighted30min Demand separate\Dd\Weighted2.xinst
Setting: ..\..\..\..\Material\Instances\0.Weighted30min Demand separate\Dd\Weighted2.xsett
ControlConfig: ..\..\..\..\Material\Instances\0.Weighted30min Demand separate\Dd\Weighted2.xconf
StatisticsDir: ..\..\..\..\Material\Instances\0.Weighted30min Demand separate\Dd
Seed: 1
Additionally the following tag was passed: 1, 0.05, 0.21333333333333337, 0.1, 1.0, 0.5
Adding handler for unhandled exceptions ...
Initializing ... 
Instance recognized!
Parsing setting config ...
Parsing control config ...
Parsing instance ...
StatisticsFolder: Weighted2-Dd_[[1, 0.05, 0.21333333333333337]]_2_[0.1, 1.0, 0.5].csv-1
Done!
