Executing ... 
 16:21:53 | >>> Warming up ...
 00:00:00 | >>> Warmup finished - starting simulation ...
 Realtime |   ETA    |  Sim.Time  | Progress | #Orders | #Bundles | Inv. | Distance | #Coll. |   Memory    
 00:00:00 |   n/a    | 0.00:00:00 |  0.00%   |    0    |    0     | 60%  |    0     |   0    |  90.20MB  
 00:00:00 | Cannot generate further orders - suspending generation for now
 00:00:01 | Cannot generate further orders - suspending generation for now
 00:00:01 | Cannot generate further orders - suspending generation for now
 00:00:01 | Cannot generate further orders - suspending generation for now
 00:00:01 | Cannot generate further orders - suspending generation for now
 00:00:01 | Cannot generate further orders - suspending generation for now
 00:00:01 | Cannot generate further orders - suspending generation for now
 00:00:01 | Cannot generate further orders - suspending generation for now
 00:00:01 | Cannot generate further orders - suspending generation for now
 00:00:01 | Cannot generate further orders - suspending generation for now
 00:00:01 | 00:00:00 | 0.00:30:00 | 100.00%  |   484   |    0     | 15%  |   5017   |   0    |  88.72MB  
 00:00:01 | >>> Simulation finished - writing results ...
 00:00:01 | >>> Results written
Simulation finished.
>>> Timings
StatTimingPathPlanningAverage: 0.0001231782503037668
StatTimingPathPlanningOverall: 0.10137570000000008
StatTimingPathPlanningCount: 823
StatTimingTaskAllocationAverage: 0.002357872277227724
StatTimingTaskAllocationOverall: 0.4762902000000002
StatTimingTaskAllocationCount: 202
StatTimingItemStorageAverage: 1.2847619047619009E-06
StatTimingItemStorageOverall: 0.0009442999999999972
StatTimingItemStorageCount: 735
StatTimingPodStorageAverage: 0.001988365306122449
StatTimingPodStorageOverall: 0.19485980000000003
StatTimingPodStorageCount: 98
StatTimingReplenishmentBatchingAverage: 5.475E-05
StatTimingReplenishmentBatchingOverall: 0.0001095
StatTimingReplenishmentBatchingCount: 2
StatTimingOrderBatchingAverage: 0.00012312359843546277
StatTimingOrderBatchingOverall: 0.09443579999999994
StatTimingOrderBatchingCount: 767
>>> Overall
StatOverallBundlesPlaced: 0
StatOverallItemsOrdered: 662
StatOverallOrdersPlaced: 415
StatOverallBundlesRejected: 0
StatOverallOrdersRejected: 0
StatOverallBundlesHandled: 0
StatOverallItemsHandled: 757
StatOverallLinesHandled: 716
StatOverallOrdersHandled: 484
StatOverallCollisions: 0
StatOverallDistanceTraveled: 5017.081731165967
StatOverallDistanceEstimated: 4878
StatOverallAssignedTasks: 202
StatMaxMemoryUsed: 90,1953125
StatRealTimeUsed: 1.2331227
StatAverageTurnoverTime: 469.00972590060377
StatMedianTurnoverTime: 293.93046895706465
StatLowerQuartileTurnoverTime: 126.09639248534995
StatUpperQuartileTurnoverTime: 666.3367604580798
StatAverageThroughputTime: 91.9682034476731
StatMedianThroughputTime: 23.982777777777812
StatLowerQuartileThroughputTime: 16.101204902523932
StatUpperQuartileThroughputTime: 84.87064934696804

Marked tag finished after 1 tries!
.Fin. - SUCCESS
<<< Welcome to the RAWSimO CLI >>>
The time is: 06/21/2024 16:21:54
Starting RAWSimO wrapper with the following arguments:
Instance: ..\..\..\..\Material\Instances\01.Weighted30min Demand Gall\Dr\Weighted2.xinst
Setting: ..\..\..\..\Material\Instances\01.Weighted30min Demand Gall\Dr\Weighted2.xsett
ControlConfig: ..\..\..\..\Material\Instances\01.Weighted30min Demand Gall\Dr\Weighted2.xconf
StatisticsDir: ..\..\..\..\Material\Instances\01.Weighted30min Demand Gall\Dr
Seed: 1
Additionally the following tag was passed: 1, 1, 1, 0.2, 0.2, 1.0
Adding handler for unhandled exceptions ...
Initializing ... 
Instance recognized!
Parsing setting config ...
Parsing control config ...
Parsing instance ...
StatisticsFolder: Weighted2-Dr_[[1, 1, 1]]_3_[0.2, 0.2, 1.0].csv-1
Done!
