Executing ... 
 15:39:23 | >>> Warming up ...
 00:00:00 | >>> Warmup finished - starting simulation ...
 Realtime |   ETA    |  Sim.Time  | Progress | #Orders | #Bundles | Inv. | Distance | #Coll. |   Memory    
 00:00:00 |   n/a    | 0.00:00:00 |  0.00%   |    0    |    0     | 83%  |    0     |   0    |  74.25MB  
 00:00:00 | Reactivating bundle generation paused by inventory+reserved+backlog level (currently at: 0.6491666666666667)
 00:00:00 | 00:00:00 | 0.00:30:00 | 100.00%  |   332   |    0     | 40%  |   2429   |   0    |  73.92MB  
 00:00:00 | >>> Simulation finished - writing results ...
 00:00:00 | >>> Results written
Simulation finished.
>>> Timings
StatTimingPathPlanningAverage: 6.530700636942683E-05
StatTimingPathPlanningOverall: 0.030759600000000033
StatTimingPathPlanningCount: 471
StatTimingTaskAllocationAverage: 0.0014010185483870966
StatTimingTaskAllocationOverall: 0.17372629999999997
StatTimingTaskAllocationCount: 124
StatTimingItemStorageAverage: 8.988326848249083E-07
StatTimingItemStorageOverall: 0.0004620000000000029
StatTimingItemStorageCount: 514
StatTimingPodStorageAverage: 0.0014001117647058827
StatTimingPodStorageOverall: 0.07140570000000002
StatTimingPodStorageCount: 51
StatTimingReplenishmentBatchingAverage: 7.000000000000001E-06
StatTimingReplenishmentBatchingOverall: 2.8000000000000003E-05
StatTimingReplenishmentBatchingCount: 4
StatTimingOrderBatchingAverage: 9.985877616747176E-05
StatTimingOrderBatchingOverall: 0.062012299999999965
StatTimingOrderBatchingCount: 621
>>> Overall
StatOverallBundlesPlaced: 180
StatOverallItemsOrdered: 593
StatOverallOrdersPlaced: 367
StatOverallBundlesRejected: 0
StatOverallOrdersRejected: 0
StatOverallBundlesHandled: 0
StatOverallItemsHandled: 519
StatOverallLinesHandled: 486
StatOverallOrdersHandled: 332
StatOverallCollisions: 0
StatOverallDistanceTraveled: 2429.2180519590934
StatOverallDistanceEstimated: 2372
StatOverallAssignedTasks: 124
StatMaxMemoryUsed: 74,24609375
StatRealTimeUsed: 0.6617497
StatAverageTurnoverTime: 502.7413812162362
StatMedianTurnoverTime: 387.0528715691937
StatLowerQuartileTurnoverTime: 175.20722222222216
StatUpperQuartileTurnoverTime: 720.1380519590942
StatAverageThroughputTime: 144.12121829281966
StatMedianThroughputTime: 71.82333333333395
StatLowerQuartileThroughputTime: 41.65639248535007
StatUpperQuartileThroughputTime: 171.78009379141486

Marked tag finished after 1 tries!
.Fin. - SUCCESS
<<< Welcome to the RAWSimO CLI >>>
The time is: 06/03/2024 15:39:24
Starting RAWSimO wrapper with the following arguments:
Instance: ..\..\..\..\Material\Instances\0.Weighted30min\WeightedScenario.xinst
Setting: ..\..\..\..\Material\Instances\0.Weighted30min\WeightedScenario.xsett
ControlConfig: ..\..\..\..\Material\Instances\0.Weighted30min\WeightedScenario.xconf
StatisticsDir: ..\..\..\..\Material\Instances\0.Weighted30min
Seed: 2
Additionally the following tag was passed: Ddwhigh
Adding handler for unhandled exceptions ...
Initializing ... 
Instance recognized!
Parsing setting config ...
Parsing control config ...
Parsing instance ...
StatisticsFolder: WeightedScenario-Dd_whigh_2.csv-2
Done!
