Executing ... 
 19:25:41 | >>> Warming up ...
 00:00:00 | >>> Warmup finished - starting simulation ...
 Realtime |   ETA    |  Sim.Time  | Progress | #Orders | #Bundles | Inv. | Distance | #Coll. |   Memory    
 00:00:00 |   n/a    | 0.00:00:00 |  0.00%   |    0    |    0     | 60%  |    0     |   0    | 145.22MB  
 00:00:00 | Cannot generate further orders - suspending generation for now
 00:00:00 | Cannot generate further orders - suspending generation for now
 00:00:00 | Cannot generate further orders - suspending generation for now
 00:00:00 | Cannot generate further orders - suspending generation for now
 00:00:00 | Cannot generate further orders - suspending generation for now
 00:00:00 | Cannot generate further orders - suspending generation for now
 00:00:00 | Cannot generate further orders - suspending generation for now
 00:00:00 | 00:00:00 | 0.00:30:00 | 100.00%  |   470   |    0     | 17%  |   4980   |   0    | 139.69MB  
 00:00:00 | >>> Simulation finished - writing results ...
 00:00:00 | >>> Results written
Simulation finished.
>>> Timings
StatTimingPathPlanningAverage: 9.272220916568736E-05
StatTimingPathPlanningOverall: 0.07890659999999994
StatTimingPathPlanningCount: 851
StatTimingTaskAllocationAverage: 0.0016727914691943113
StatTimingTaskAllocationOverall: 0.3529589999999997
StatTimingTaskAllocationCount: 211
StatTimingItemStorageAverage: 8.346590909090952E-07
StatTimingItemStorageOverall: 0.000587600000000003
StatTimingItemStorageCount: 704
StatTimingPodStorageAverage: 0.001457426732673268
StatTimingPodStorageOverall: 0.14720010000000006
StatTimingPodStorageCount: 101
StatTimingReplenishmentBatchingAverage: 1.1249999999999999E-05
StatTimingReplenishmentBatchingOverall: 2.2499999999999998E-05
StatTimingReplenishmentBatchingCount: 2
StatTimingOrderBatchingAverage: 8.097551282051277E-05
StatTimingOrderBatchingOverall: 0.06316089999999996
StatTimingOrderBatchingCount: 780
>>> Overall
StatOverallBundlesPlaced: 0
StatOverallItemsOrdered: 667
StatOverallOrdersPlaced: 422
StatOverallBundlesRejected: 0
StatOverallOrdersRejected: 0
StatOverallBundlesHandled: 0
StatOverallItemsHandled: 721
StatOverallLinesHandled: 673
StatOverallOrdersHandled: 470
StatOverallCollisions: 0
StatOverallDistanceTraveled: 4980.082487339382
StatOverallDistanceEstimated: 4849
StatOverallAssignedTasks: 211
StatMaxMemoryUsed: 145,62109375
StatRealTimeUsed: 0.9178566
StatAverageTurnoverTime: 479.2055455241733
StatMedianTurnoverTime: 335.62194084798193
StatLowerQuartileTurnoverTime: 132.96676045807948
StatUpperQuartileTurnoverTime: 666.8234271247479
StatAverageThroughputTime: 101.59058547368137
StatMedianThroughputTime: 21.417590194952368
StatLowerQuartileThroughputTime: 12.840000000000003
StatUpperQuartileThroughputTime: 91.5013924853497

Marked tag finished after 1 tries!
.Fin. - SUCCESS
<<< Welcome to the RAWSimO CLI >>>
The time is: 06/25/2024 19:25:42
Starting RAWSimO wrapper with the following arguments:
Instance: ..\..\..\..\Material\Instances\10.Weighted30min Demand Gall\Dr\Weighted2.xinst
Setting: ..\..\..\..\Material\Instances\10.Weighted30min Demand Gall\Dr\Weighted2.xsett
ControlConfig: ..\..\..\..\Material\Instances\10.Weighted30min Demand Gall\Dr\Weighted2.xconf
StatisticsDir: ..\..\..\..\Material\Instances\10.Weighted30min Demand Gall\Dr
Seed: 1
Additionally the following tag was passed: 1, 0.5881818181818183, 1.0, 0.173, 0.295, 1.0
Adding handler for unhandled exceptions ...
Initializing ... 
Instance recognized!
Parsing setting config ...
Parsing control config ...
Parsing instance ...
StatisticsFolder: Weighted2-Dr_[[1, 0.5881818181818183, 1.0]]_1_[0.173, 0.295, 1.0].csv-1
Done!
