Executing ... 
 19:25:55 | >>> Warming up ...
 00:00:00 | >>> Warmup finished - starting simulation ...
 Realtime |   ETA    |  Sim.Time  | Progress | #Orders | #Bundles | Inv. | Distance | #Coll. |   Memory    
 00:00:00 |   n/a    | 0.00:00:00 |  0.00%   |    0    |    0     | 60%  |    0     |   0    | 143.83MB  
 00:00:00 | Cannot generate further orders - suspending generation for now
 00:00:00 | Cannot generate further orders - suspending generation for now
 00:00:00 | Cannot generate further orders - suspending generation for now
 00:00:00 | Cannot generate further orders - suspending generation for now
 00:00:00 | Cannot generate further orders - suspending generation for now
 00:00:00 | Cannot generate further orders - suspending generation for now
 00:00:00 | Cannot generate further orders - suspending generation for now
 00:00:00 | Cannot generate further orders - suspending generation for now
 00:00:00 | 00:00:00 | 0.00:30:00 | 100.00%  |   486   |    0     | 16%  |   4930   |   0    | 138.90MB  
 00:00:00 | >>> Simulation finished - writing results ...
 00:00:01 | >>> Results written
Simulation finished.
>>> Timings
StatTimingPathPlanningAverage: 0.00010084002333722289
StatTimingPathPlanningOverall: 0.08641990000000002
StatTimingPathPlanningCount: 857
StatTimingTaskAllocationAverage: 0.0018963318627450985
StatTimingTaskAllocationOverall: 0.3868517000000001
StatTimingTaskAllocationCount: 204
StatTimingItemStorageAverage: 9.491034482758632E-07
StatTimingItemStorageOverall: 0.0006881000000000008
StatTimingItemStorageCount: 725
StatTimingPodStorageAverage: 0.0016217422680412366
StatTimingPodStorageOverall: 0.15730899999999995
StatTimingPodStorageCount: 97
StatTimingReplenishmentBatchingAverage: 8.1E-06
StatTimingReplenishmentBatchingOverall: 1.62E-05
StatTimingReplenishmentBatchingCount: 2
StatTimingOrderBatchingAverage: 8.963639751552783E-05
StatTimingOrderBatchingOverall: 0.0721572999999999
StatTimingOrderBatchingCount: 805
>>> Overall
StatOverallBundlesPlaced: 0
StatOverallItemsOrdered: 667
StatOverallOrdersPlaced: 423
StatOverallBundlesRejected: 0
StatOverallOrdersRejected: 0
StatOverallBundlesHandled: 0
StatOverallItemsHandled: 739
StatOverallLinesHandled: 688
StatOverallOrdersHandled: 486
StatOverallCollisions: 0
StatOverallDistanceTraveled: 4929.682709708868
StatOverallDistanceEstimated: 4816
StatOverallAssignedTasks: 204
StatMaxMemoryUsed: 143,828125
StatRealTimeUsed: 0.9892585
StatAverageTurnoverTime: 454.5612320935652
StatMedianTurnoverTime: 345.1467604580792
StatLowerQuartileTurnoverTime: 144.35231601363495
StatUpperQuartileTurnoverTime: 626.1775035964606
StatAverageThroughputTime: 90.97470259389002
StatMedianThroughputTime: 24.133333333333354
StatLowerQuartileThroughputTime: 16.133333333333354
StatUpperQuartileThroughputTime: 81.02222222222241

Marked tag finished after 1 tries!
.Fin. - SUCCESS
<<< Welcome to the RAWSimO CLI >>>
The time is: 06/25/2024 19:25:56
Starting RAWSimO wrapper with the following arguments:
Instance: ..\..\..\..\Material\Instances\10.Weighted30min Demand Gall\Dr\Weighted2.xinst
Setting: ..\..\..\..\Material\Instances\10.Weighted30min Demand Gall\Dr\Weighted2.xsett
ControlConfig: ..\..\..\..\Material\Instances\10.Weighted30min Demand Gall\Dr\Weighted2.xconf
StatisticsDir: ..\..\..\..\Material\Instances\10.Weighted30min Demand Gall\Dr
Seed: 1
Additionally the following tag was passed: 1, 0.5881818181818183, 1.0, 0.173, 0.295, 1.0
Adding handler for unhandled exceptions ...
Initializing ... 
Instance recognized!
Parsing setting config ...
Parsing control config ...
Parsing instance ...
StatisticsFolder: Weighted2-Dr_[[1, 0.5881818181818183, 1.0]]_3_[0.173, 0.295, 1.0].csv-1
Done!
