Executing ... 
 09:41:33 | >>> Warming up ...
 00:00:00 | >>> Warmup finished - starting simulation ...
 Realtime |   ETA    |  Sim.Time  | Progress | #Orders | #Bundles | Inv. | Distance | #Coll. |   Memory    
 00:00:00 |   n/a    | 0.00:00:00 |  0.00%   |    0    |    0     | 60%  |    0     |   0    |  88.68MB  
 00:00:01 | Cannot generate further orders - suspending generation for now
 00:00:01 | Cannot generate further orders - suspending generation for now
 00:00:01 | Cannot generate further orders - suspending generation for now
 00:00:01 | Cannot generate further orders - suspending generation for now
 00:00:01 | Cannot generate further orders - suspending generation for now
 00:00:01 | Cannot generate further orders - suspending generation for now
 00:00:01 | Cannot generate further orders - suspending generation for now
 00:00:01 | Cannot generate further orders - suspending generation for now
 00:00:01 | Cannot generate further orders - suspending generation for now
 00:00:01 | 00:00:00 | 0.00:30:00 | 100.00%  |   479   |    0     | 16%  |   5083   |   0    |  86.41MB  
 00:00:01 | >>> Simulation finished - writing results ...
 00:00:01 | >>> Results written
Simulation finished.
>>> Timings
StatTimingPathPlanningAverage: 0.0001169036599763872
StatTimingPathPlanningOverall: 0.09901739999999995
StatTimingPathPlanningCount: 847
StatTimingTaskAllocationAverage: 0.0022126060465116272
StatTimingTaskAllocationOverall: 0.47571029999999986
StatTimingTaskAllocationCount: 215
StatTimingItemStorageAverage: 1.24992987377279E-06
StatTimingItemStorageOverall: 0.0008911999999999992
StatTimingItemStorageCount: 713
StatTimingPodStorageAverage: 0.00200826990291262
StatTimingPodStorageOverall: 0.20685179999999986
StatTimingPodStorageCount: 103
StatTimingReplenishmentBatchingAverage: 9.5E-06
StatTimingReplenishmentBatchingOverall: 1.9E-05
StatTimingReplenishmentBatchingCount: 2
StatTimingOrderBatchingAverage: 0.000113055
StatTimingOrderBatchingOverall: 0.0881829
StatTimingOrderBatchingCount: 780
>>> Overall
StatOverallBundlesPlaced: 0
StatOverallItemsOrdered: 635
StatOverallOrdersPlaced: 412
StatOverallBundlesRejected: 0
StatOverallOrdersRejected: 0
StatOverallBundlesHandled: 0
StatOverallItemsHandled: 729
StatOverallLinesHandled: 690
StatOverallOrdersHandled: 479
StatOverallCollisions: 0
StatOverallDistanceTraveled: 5083.41037890381
StatOverallDistanceEstimated: 4936
StatOverallAssignedTasks: 215
StatMaxMemoryUsed: 88,6796875
StatRealTimeUsed: 1.257349
StatAverageTurnoverTime: 450.7811442986861
StatMedianTurnoverTime: 300.68073594545945
StatLowerQuartileTurnoverTime: 112.0594444444444
StatUpperQuartileTurnoverTime: 643.9411111111121
StatAverageThroughputTime: 89.48466869468331
StatMedianThroughputTime: 21.179444444444457
StatLowerQuartileThroughputTime: 12.832128430809576
StatUpperQuartileThroughputTime: 78.7201081772605

Marked tag finished after 1 tries!
.Fin. - SUCCESS
<<< Welcome to the RAWSimO CLI >>>
The time is: 06/13/2024 09:41:34
Starting RAWSimO wrapper with the following arguments:
Instance: ..\..\..\..\Material\Instances\0.Weighted30min Demand separate\Da\Weighted2.xinst
Setting: ..\..\..\..\Material\Instances\0.Weighted30min Demand separate\Da\Weighted2.xsett
ControlConfig: ..\..\..\..\Material\Instances\0.Weighted30min Demand separate\Da\Weighted2.xconf
StatisticsDir: ..\..\..\..\Material\Instances\0.Weighted30min Demand separate\Da
Seed: 3
Additionally the following tag was passed: 1, 8.0104, 0.71, 0.224, 0.1, 0.312
Adding handler for unhandled exceptions ...
Initializing ... 
Instance recognized!
Parsing setting config ...
Parsing control config ...
Parsing instance ...
StatisticsFolder: Weighted2-Da_[[1, 8.0104, 0.71]]_3_[0.224, 0.1, 0.312].csv-3
Done!
