Executing ... 
 16:48:04 | >>> Warming up ...
 00:00:00 | >>> Warmup finished - starting simulation ...
 Realtime |   ETA    |  Sim.Time  | Progress | #Orders | #Bundles | Inv. | Distance | #Coll. |   Memory    
 00:00:00 |   n/a    | 0.00:00:00 |  0.00%   |    0    |    0     | 60%  |    0     |   0    | 104.59MB  
 00:00:00 | Cannot generate further orders - suspending generation for now
 00:00:00 | Cannot generate further orders - suspending generation for now
 00:00:00 | Cannot generate further orders - suspending generation for now
 00:00:00 | Cannot generate further orders - suspending generation for now
 00:00:00 | Cannot generate further orders - suspending generation for now
 00:00:01 | 00:00:00 | 0.00:30:00 | 100.00%  |   413   |    0     | 22%  |   5381   |   0    | 107.29MB  
 00:00:01 | >>> Simulation finished - writing results ...
 00:00:01 | >>> Results written
Simulation finished.
>>> Timings
StatTimingPathPlanningAverage: 0.0001014144262295082
StatTimingPathPlanningOverall: 0.09279420000000001
StatTimingPathPlanningCount: 915
StatTimingTaskAllocationAverage: 0.001522688461538463
StatTimingTaskAllocationOverall: 0.3563091000000003
StatTimingTaskAllocationCount: 234
StatTimingItemStorageAverage: 1.1301145662847819E-06
StatTimingItemStorageOverall: 0.0006905000000000018
StatTimingItemStorageCount: 611
StatTimingPodStorageAverage: 0.0013278642857142856
StatTimingPodStorageOverall: 0.1487208
StatTimingPodStorageCount: 112
StatTimingReplenishmentBatchingAverage: 7.45E-06
StatTimingReplenishmentBatchingOverall: 1.49E-05
StatTimingReplenishmentBatchingCount: 2
StatTimingOrderBatchingAverage: 9.52380300957592E-05
StatTimingOrderBatchingOverall: 0.06961899999999997
StatTimingOrderBatchingCount: 731
>>> Overall
StatOverallBundlesPlaced: 0
StatOverallItemsOrdered: 666
StatOverallOrdersPlaced: 430
StatOverallBundlesRejected: 0
StatOverallOrdersRejected: 0
StatOverallBundlesHandled: 0
StatOverallItemsHandled: 625
StatOverallLinesHandled: 588
StatOverallOrdersHandled: 413
StatOverallCollisions: 0
StatOverallDistanceTraveled: 5381.107854320979
StatOverallDistanceEstimated: 5250
StatOverallAssignedTasks: 234
StatMaxMemoryUsed: 108,55859375
StatRealTimeUsed: 1.0054703
StatAverageTurnoverTime: 504.22456168189257
StatMedianTurnoverTime: 400.70460370370506
StatLowerQuartileTurnoverTime: 176.34907647171553
StatUpperQuartileTurnoverTime: 707.1885281090811
StatAverageThroughputTime: 107.55092227676165
StatMedianThroughputTime: 20.364472768011638
StatLowerQuartileThroughputTime: 12.37907647171454
StatUpperQuartileThroughputTime: 81.02588081887166

Marked tag finished after 1 tries!
.Fin. - SUCCESS
<<< Welcome to the RAWSimO CLI >>>
The time is: 06/03/2024 16:48:06
Starting RAWSimO wrapper with the following arguments:
Instance: ..\..\..\..\Material\Instances\0.Weighted30min\Weighted2.xinst
Setting: ..\..\..\..\Material\Instances\0.Weighted30min\Weighted2.xsett
ControlConfig: ..\..\..\..\Material\Instances\0.Weighted30min\Weighted2.xconf
StatisticsDir: ..\..\..\..\Material\Instances\0.Weighted30min
Seed: 1
Additionally the following tag was passed: Dcwhigh
Adding handler for unhandled exceptions ...
Initializing ... 
Instance recognized!
Parsing setting config ...
Parsing control config ...
Parsing instance ...
StatisticsFolder: Weighted2-Dc_whigh_1.csv-1
Done!
