Executing ... 
 16:20:25 | >>> Warming up ...
 00:00:00 | >>> Warmup finished - starting simulation ...
 Realtime |   ETA    |  Sim.Time  | Progress | #Orders | #Bundles | Inv. | Distance | #Coll. |   Memory    
 00:00:00 |   n/a    | 0.00:00:00 |  0.00%   |    0    |    0     | 60%  |    0     |   0    |  92.51MB  
 00:00:01 | Cannot generate further orders - suspending generation for now
 00:00:01 | Cannot generate further orders - suspending generation for now
 00:00:01 | Cannot generate further orders - suspending generation for now
 00:00:01 | Cannot generate further orders - suspending generation for now
 00:00:01 | Cannot generate further orders - suspending generation for now
 00:00:01 | Cannot generate further orders - suspending generation for now
 00:00:01 | Cannot generate further orders - suspending generation for now
 00:00:01 | 00:00:00 | 0.00:30:00 | 100.00%  |   474   |    0     | 16%  |   5075   |   0    |  89.09MB  
 00:00:01 | >>> Simulation finished - writing results ...
 00:00:01 | >>> Results written
Simulation finished.
>>> Timings
StatTimingPathPlanningAverage: 0.00011745887096774202
StatTimingPathPlanningOverall: 0.10195430000000007
StatTimingPathPlanningCount: 868
StatTimingTaskAllocationAverage: 0.002330821100917432
StatTimingTaskAllocationOverall: 0.5081190000000001
StatTimingTaskAllocationCount: 218
StatTimingItemStorageAverage: 1.1917712691771263E-06
StatTimingItemStorageOverall: 0.0008544999999999996
StatTimingItemStorageCount: 717
StatTimingPodStorageAverage: 0.0021350361904761903
StatTimingPodStorageOverall: 0.22417879999999996
StatTimingPodStorageCount: 105
StatTimingReplenishmentBatchingAverage: 1.1750000000000001E-05
StatTimingReplenishmentBatchingOverall: 2.3500000000000002E-05
StatTimingReplenishmentBatchingCount: 2
StatTimingOrderBatchingAverage: 0.00010945746835443052
StatTimingOrderBatchingOverall: 0.08647140000000011
StatTimingOrderBatchingCount: 790
>>> Overall
StatOverallBundlesPlaced: 0
StatOverallItemsOrdered: 667
StatOverallOrdersPlaced: 422
StatOverallBundlesRejected: 0
StatOverallOrdersRejected: 0
StatOverallBundlesHandled: 0
StatOverallItemsHandled: 727
StatOverallLinesHandled: 687
StatOverallOrdersHandled: 474
StatOverallCollisions: 0
StatOverallDistanceTraveled: 5074.534294570534
StatOverallDistanceEstimated: 4943
StatOverallAssignedTasks: 218
StatMaxMemoryUsed: 92,58984375
StatRealTimeUsed: 1.2654715
StatAverageTurnoverTime: 493.4668191121568
StatMedianTurnoverTime: 349.36898268030217
StatLowerQuartileTurnoverTime: 165.63888888888857
StatUpperQuartileTurnoverTime: 718.6487084989917
StatAverageThroughputTime: 101.94339233643329
StatMedianThroughputTime: 24.232222222222163
StatLowerQuartileThroughputTime: 15.989999999999839
StatUpperQuartileThroughputTime: 82.88166666666802

Marked tag finished after 1 tries!
.Fin. - SUCCESS
<<< Welcome to the RAWSimO CLI >>>
The time is: 06/21/2024 16:20:26
Starting RAWSimO wrapper with the following arguments:
Instance: ..\..\..\..\Material\Instances\01.Weighted30min Demand Gall\Dr\Weighted2.xinst
Setting: ..\..\..\..\Material\Instances\01.Weighted30min Demand Gall\Dr\Weighted2.xsett
ControlConfig: ..\..\..\..\Material\Instances\01.Weighted30min Demand Gall\Dr\Weighted2.xconf
StatisticsDir: ..\..\..\..\Material\Instances\01.Weighted30min Demand Gall\Dr
Seed: 2
Additionally the following tag was passed: 1, 0.01, 1.0, 0.115, 0.5, 1.0
Adding handler for unhandled exceptions ...
Initializing ... 
Instance recognized!
Parsing setting config ...
Parsing control config ...
Parsing instance ...
StatisticsFolder: Weighted2-Dr_[[1, 0.01, 1.0]]_1_[0.115, 0.5, 1.0].csv-2
Done!
