Executing ... 
 09:38:10 | >>> Warming up ...
 00:00:00 | >>> Warmup finished - starting simulation ...
 Realtime |   ETA    |  Sim.Time  | Progress | #Orders | #Bundles | Inv. | Distance | #Coll. |   Memory    
 00:00:00 |   n/a    | 0.00:00:00 |  0.00%   |    0    |    0     | 60%  |    0     |   0    |  86.58MB  
 00:00:00 | Cannot generate further orders - suspending generation for now
 00:00:00 | Cannot generate further orders - suspending generation for now
 00:00:00 | Cannot generate further orders - suspending generation for now
 00:00:00 | Cannot generate further orders - suspending generation for now
 00:00:00 | Cannot generate further orders - suspending generation for now
 00:00:00 | Cannot generate further orders - suspending generation for now
 00:00:00 | Cannot generate further orders - suspending generation for now
 00:00:00 | Cannot generate further orders - suspending generation for now
 00:00:00 | Cannot generate further orders - suspending generation for now
 00:00:00 | 00:00:00 | 0.00:30:00 | 100.00%  |   479   |    0     | 16%  |   5061   |   0    |  84.58MB  
 00:00:00 | >>> Simulation finished - writing results ...
 00:00:01 | >>> Results written
Simulation finished.
>>> Timings
StatTimingPathPlanningAverage: 8.344801362088538E-05
StatTimingPathPlanningOverall: 0.07351770000000002
StatTimingPathPlanningCount: 881
StatTimingTaskAllocationAverage: 0.001665649047619046
StatTimingTaskAllocationOverall: 0.34978629999999966
StatTimingTaskAllocationCount: 210
StatTimingItemStorageAverage: 9.121297602256727E-07
StatTimingItemStorageOverall: 0.000646700000000002
StatTimingItemStorageCount: 709
StatTimingPodStorageAverage: 0.0015115841584158408
StatTimingPodStorageOverall: 0.15266999999999992
StatTimingPodStorageCount: 101
StatTimingReplenishmentBatchingAverage: 8.5E-06
StatTimingReplenishmentBatchingOverall: 1.7E-05
StatTimingReplenishmentBatchingCount: 2
StatTimingOrderBatchingAverage: 9.901521456436934E-05
StatTimingOrderBatchingOverall: 0.07614270000000002
StatTimingOrderBatchingCount: 769
>>> Overall
StatOverallBundlesPlaced: 0
StatOverallItemsOrdered: 648
StatOverallOrdersPlaced: 411
StatOverallBundlesRejected: 0
StatOverallOrdersRejected: 0
StatOverallBundlesHandled: 0
StatOverallItemsHandled: 736
StatOverallLinesHandled: 697
StatOverallOrdersHandled: 479
StatOverallCollisions: 0
StatOverallDistanceTraveled: 5060.91724025806
StatOverallDistanceEstimated: 4871
StatOverallAssignedTasks: 210
StatMaxMemoryUsed: 86,578125
StatRealTimeUsed: 0.9739992
StatAverageTurnoverTime: 476.53477057837944
StatMedianTurnoverTime: 304.6307359454598
StatLowerQuartileTurnoverTime: 140.66518758282564
StatUpperQuartileTurnoverTime: 703.7238888888888
StatAverageThroughputTime: 93.12176571837794
StatMedianThroughputTime: 22.08842712474626
StatLowerQuartileThroughputTime: 12.893795097475845
StatUpperQuartileThroughputTime: 82.31796536060341

Marked tag finished after 1 tries!
.Fin. - SUCCESS
<<< Welcome to the RAWSimO CLI >>>
The time is: 06/13/2024 09:38:11
Starting RAWSimO wrapper with the following arguments:
Instance: ..\..\..\..\Material\Instances\0.Weighted30min Demand separate\Da\Weighted2.xinst
Setting: ..\..\..\..\Material\Instances\0.Weighted30min Demand separate\Da\Weighted2.xsett
ControlConfig: ..\..\..\..\Material\Instances\0.Weighted30min Demand separate\Da\Weighted2.xconf
StatisticsDir: ..\..\..\..\Material\Instances\0.Weighted30min Demand separate\Da
Seed: 2
Additionally the following tag was passed: 1, 10.0, 1.039, 0.259, 0.1, 0.25
Adding handler for unhandled exceptions ...
Initializing ... 
Instance recognized!
Parsing setting config ...
Parsing control config ...
Parsing instance ...
StatisticsFolder: Weighted2-Da_[[1, 10.0, 1.039]]_1_[0.259, 0.1, 0.25].csv-2
Done!
