Executing ... 
 09:46:17 | >>> Warming up ...
 00:00:00 | >>> Warmup finished - starting simulation ...
 Realtime |   ETA    |  Sim.Time  | Progress | #Orders | #Bundles | Inv. | Distance | #Coll. |   Memory    
 00:00:00 |   n/a    | 0.00:00:00 |  0.00%   |    0    |    0     | 60%  |    0     |   0    | 132.29MB  
 00:00:00 | Cannot generate further orders - suspending generation for now
 00:00:00 | Cannot generate further orders - suspending generation for now
 00:00:00 | Cannot generate further orders - suspending generation for now
 00:00:00 | Cannot generate further orders - suspending generation for now
 00:00:00 | Cannot generate further orders - suspending generation for now
 00:00:00 | Cannot generate further orders - suspending generation for now
 00:00:00 | Cannot generate further orders - suspending generation for now
 00:00:01 | Cannot generate further orders - suspending generation for now
 00:00:01 | 00:00:00 | 0.00:30:00 | 100.00%  |   446   |    0     | 20%  |   5430   |   0    | 127.77MB  
 00:00:01 | >>> Simulation finished - writing results ...
 00:00:01 | >>> Results written
Simulation finished.
>>> Timings
StatTimingPathPlanningAverage: 8.726863425925917E-05
StatTimingPathPlanningOverall: 0.07540009999999993
StatTimingPathPlanningCount: 864
StatTimingTaskAllocationAverage: 0.0016262593886462876
StatTimingTaskAllocationOverall: 0.37241339999999984
StatTimingTaskAllocationCount: 229
StatTimingItemStorageAverage: 1.0179173047473233E-06
StatTimingItemStorageOverall: 0.0006647000000000021
StatTimingItemStorageCount: 653
StatTimingPodStorageAverage: 0.0013980706422018342
StatTimingPodStorageOverall: 0.15238969999999993
StatTimingPodStorageCount: 109
StatTimingReplenishmentBatchingAverage: 1.3700000000000001E-05
StatTimingReplenishmentBatchingOverall: 2.7400000000000002E-05
StatTimingReplenishmentBatchingCount: 2
StatTimingOrderBatchingAverage: 9.200172642762271E-05
StatTimingOrderBatchingOverall: 0.0692772999999999
StatTimingOrderBatchingCount: 753
>>> Overall
StatOverallBundlesPlaced: 0
StatOverallItemsOrdered: 648
StatOverallOrdersPlaced: 410
StatOverallBundlesRejected: 0
StatOverallOrdersRejected: 0
StatOverallBundlesHandled: 0
StatOverallItemsHandled: 666
StatOverallLinesHandled: 628
StatOverallOrdersHandled: 446
StatOverallCollisions: 0
StatOverallDistanceTraveled: 5429.837416507144
StatOverallDistanceEstimated: 5270
StatOverallAssignedTasks: 229
StatMaxMemoryUsed: 131,87109375
StatRealTimeUsed: 1.0235435
StatAverageTurnoverTime: 448.8055586229828
StatMedianTurnoverTime: 331.3177849706992
StatLowerQuartileTurnoverTime: 124.41165947374554
StatUpperQuartileTurnoverTime: 620.245274181317
StatAverageThroughputTime: 90.71125636401533
StatMedianThroughputTime: 19.359999999999843
StatLowerQuartileThroughputTime: 12.33055555555552
StatUpperQuartileThroughputTime: 81.62212843080988

Marked tag finished after 1 tries!
.Fin. - SUCCESS
<<< Welcome to the RAWSimO CLI >>>
The time is: 06/13/2024 09:46:18
Starting RAWSimO wrapper with the following arguments:
Instance: ..\..\..\..\Material\Instances\0.Weighted30min Demand separate\Db\Weighted2.xinst
Setting: ..\..\..\..\Material\Instances\0.Weighted30min Demand separate\Db\Weighted2.xsett
ControlConfig: ..\..\..\..\Material\Instances\0.Weighted30min Demand separate\Db\Weighted2.xconf
StatisticsDir: ..\..\..\..\Material\Instances\0.Weighted30min Demand separate\Db
Seed: 2
Additionally the following tag was passed: 1, 1.0478, 0.059, 0.118, 0.2, 1.0
Adding handler for unhandled exceptions ...
Initializing ... 
Instance recognized!
Parsing setting config ...
Parsing control config ...
Parsing instance ...
StatisticsFolder: Weighted2-Db_[[1, 1.0478, 0.059]]_3_[0.118, 0.2, 1.0].csv-2
Done!
