Executing ... 
 18:19:57 | >>> Warming up ...
 00:00:00 | >>> Warmup finished - starting simulation ...
 Realtime |   ETA    |  Sim.Time  | Progress | #Orders | #Bundles | Inv. | Distance | #Coll. |   Memory    
 00:00:00 |   n/a    | 0.00:00:00 |  0.00%   |    0    |    0     | 60%  |    0     |   0    | 105.12MB  
 00:00:00 | Cannot generate further orders - suspending generation for now
 00:00:00 | Cannot generate further orders - suspending generation for now
 00:00:00 | Cannot generate further orders - suspending generation for now
 00:00:00 | Cannot generate further orders - suspending generation for now
 00:00:00 | Cannot generate further orders - suspending generation for now
 00:00:00 | Cannot generate further orders - suspending generation for now
 00:00:00 | Cannot generate further orders - suspending generation for now
 00:00:01 | Cannot generate further orders - suspending generation for now
 00:00:01 | 00:00:00 | 0.00:30:00 | 100.00%  |   446   |    0     | 19%  |   5083   |   0    |  95.27MB  
 00:00:01 | >>> Simulation finished - writing results ...
 00:00:01 | >>> Results written
Simulation finished.
>>> Timings
StatTimingPathPlanningAverage: 9.48740229885057E-05
StatTimingPathPlanningOverall: 0.08254039999999996
StatTimingPathPlanningCount: 870
StatTimingTaskAllocationAverage: 0.0018710225352112665
StatTimingTaskAllocationOverall: 0.39852779999999977
StatTimingTaskAllocationCount: 213
StatTimingItemStorageAverage: 1.170196671709531E-06
StatTimingItemStorageOverall: 0.0007735
StatTimingItemStorageCount: 661
StatTimingPodStorageAverage: 0.0014647378640776697
StatTimingPodStorageOverall: 0.15086799999999997
StatTimingPodStorageCount: 103
StatTimingReplenishmentBatchingAverage: 1.4700000000000002E-05
StatTimingReplenishmentBatchingOverall: 2.9400000000000003E-05
StatTimingReplenishmentBatchingCount: 2
StatTimingOrderBatchingAverage: 9.295502717391291E-05
StatTimingOrderBatchingOverall: 0.0684148999999999
StatTimingOrderBatchingCount: 736
>>> Overall
StatOverallBundlesPlaced: 0
StatOverallItemsOrdered: 626
StatOverallOrdersPlaced: 406
StatOverallBundlesRejected: 0
StatOverallOrdersRejected: 0
StatOverallBundlesHandled: 0
StatOverallItemsHandled: 685
StatOverallLinesHandled: 647
StatOverallOrdersHandled: 446
StatOverallCollisions: 0
StatOverallDistanceTraveled: 5083.069368266679
StatOverallDistanceEstimated: 4982
StatOverallAssignedTasks: 213
StatMaxMemoryUsed: 104,984375
StatRealTimeUsed: 1.0304255
StatAverageTurnoverTime: 471.91302111924443
StatMedianTurnoverTime: 292.3758369297973
StatLowerQuartileTurnoverTime: 116.49323954192045
StatUpperQuartileTurnoverTime: 715.0007431383834
StatAverageThroughputTime: 91.38735724391069
StatMedianThroughputTime: 20.90370849898909
StatLowerQuartileThroughputTime: 13.012222222222192
StatUpperQuartileThroughputTime: 78.85611111111112

Marked tag finished after 1 tries!
.Fin. - SUCCESS
<<< Welcome to the RAWSimO CLI >>>
The time is: 06/05/2024 18:19:58
Starting RAWSimO wrapper with the following arguments:
Instance: ..\..\..\..\Material\Instances\0.Weighted30min Demand separate\Da\Weighted2.xinst
Setting: ..\..\..\..\Material\Instances\0.Weighted30min Demand separate\Da\Weighted2.xsett
ControlConfig: ..\..\..\..\Material\Instances\0.Weighted30min Demand separate\Da\Weighted2.xconf
StatisticsDir: ..\..\..\..\Material\Instances\0.Weighted30min Demand separate\Da
Seed: 1
Additionally the following tag was passed: wlow
Adding handler for unhandled exceptions ...
Initializing ... 
Instance recognized!
Parsing setting config ...
Parsing control config ...
Parsing instance ...
StatisticsFolder: Weighted2-Da_wlow_1.csv-1
Done!
