Executing ... 
 14:01:51 | >>> Warming up ...
 00:00:00 | >>> Warmup finished - starting simulation ...
 Realtime |   ETA    |  Sim.Time  | Progress | #Orders | #Bundles | Inv. | Distance | #Coll. |   Memory    
 00:00:00 |   n/a    | 0.00:00:00 |  0.00%   |    0    |    0     | 60%  |    0     |   0    | 125.53MB  
 00:00:00 | Cannot generate further orders - suspending generation for now
 00:00:00 | Cannot generate further orders - suspending generation for now
 00:00:00 | Cannot generate further orders - suspending generation for now
 00:00:00 | Cannot generate further orders - suspending generation for now
 00:00:00 | Cannot generate further orders - suspending generation for now
 00:00:00 | Cannot generate further orders - suspending generation for now
 00:00:00 | Cannot generate further orders - suspending generation for now
 00:00:00 | Cannot generate further orders - suspending generation for now
 00:00:00 | Cannot generate further orders - suspending generation for now
 00:00:01 | Cannot generate further orders - suspending generation for now
 00:00:01 | Cannot generate further orders - suspending generation for now
 00:00:01 | 00:00:00 | 0.00:30:00 | 100.00%  |   488   |    0     | 14%  |   5023   |   0    | 121.52MB  
 00:00:01 | >>> Simulation finished - writing results ...
 00:00:01 | >>> Results written
Simulation finished.
>>> Timings
StatTimingPathPlanningAverage: 0.00010745738916256154
StatTimingPathPlanningOverall: 0.08725539999999997
StatTimingPathPlanningCount: 812
StatTimingTaskAllocationAverage: 0.0018027799019607858
StatTimingTaskAllocationOverall: 0.3677671000000003
StatTimingTaskAllocationCount: 204
StatTimingItemStorageAverage: 1.0595075239398145E-06
StatTimingItemStorageOverall: 0.0007745000000000044
StatTimingItemStorageCount: 731
StatTimingPodStorageAverage: 0.0014770876288659805
StatTimingPodStorageOverall: 0.1432775000000001
StatTimingPodStorageCount: 97
StatTimingReplenishmentBatchingAverage: 7.5500000000000006E-06
StatTimingReplenishmentBatchingOverall: 1.5100000000000001E-05
StatTimingReplenishmentBatchingCount: 2
StatTimingOrderBatchingAverage: 8.383342036553517E-05
StatTimingOrderBatchingOverall: 0.06421639999999994
StatTimingOrderBatchingCount: 766
>>> Overall
StatOverallBundlesPlaced: 0
StatOverallItemsOrdered: 643
StatOverallOrdersPlaced: 409
StatOverallBundlesRejected: 0
StatOverallOrdersRejected: 0
StatOverallBundlesHandled: 0
StatOverallItemsHandled: 758
StatOverallLinesHandled: 716
StatOverallOrdersHandled: 488
StatOverallCollisions: 0
StatOverallDistanceTraveled: 5023.3874510910255
StatOverallDistanceEstimated: 4854
StatOverallAssignedTasks: 204
StatMaxMemoryUsed: 125,4453125
StatRealTimeUsed: 1.0551109
StatAverageTurnoverTime: 448.6277377489814
StatMedianTurnoverTime: 291.324725818683
StatLowerQuartileTurnoverTime: 129.60564934696848
StatUpperQuartileTurnoverTime: 682.3725035964615
StatAverageThroughputTime: 90.26711022248193
StatMedianThroughputTime: 25.150093791413383
StatLowerQuartileThroughputTime: 16.309444444444466
StatUpperQuartileThroughputTime: 93.5796320272716

Marked tag finished after 1 tries!
.Fin. - SUCCESS
<<< Welcome to the RAWSimO CLI >>>
The time is: 06/07/2024 14:01:52
Starting RAWSimO wrapper with the following arguments:
Instance: ..\..\..\..\Material\Instances\0.Weighted30min Demand separate\Dd\Weighted2.xinst
Setting: ..\..\..\..\Material\Instances\0.Weighted30min Demand separate\Dd\Weighted2.xsett
ControlConfig: ..\..\..\..\Material\Instances\0.Weighted30min Demand separate\Dd\Weighted2.xconf
StatisticsDir: ..\..\..\..\Material\Instances\0.Weighted30min Demand separate\Dd
Seed: 2
Additionally the following tag was passed: wmin
Adding handler for unhandled exceptions ...
Initializing ... 
Instance recognized!
Parsing setting config ...
Parsing control config ...
Parsing instance ...
StatisticsFolder: Weighted2-Dd_wmin_1.csv-2
Done!
