Executing ... 
 13:46:14 | >>> Warming up ...
 00:00:00 | >>> Warmup finished - starting simulation ...
 Realtime |   ETA    |  Sim.Time  | Progress | #Orders | #Bundles | Inv. | Distance | #Coll. |   Memory    
 00:00:00 |   n/a    | 0.00:00:00 |  0.00%   |    0    |    0     | 60%  |    0     |   0    |  96.24MB  
 00:00:00 | Cannot generate further orders - suspending generation for now
 00:00:00 | Cannot generate further orders - suspending generation for now
 00:00:01 | Cannot generate further orders - suspending generation for now
 00:00:01 | Cannot generate further orders - suspending generation for now
 00:00:01 | Cannot generate further orders - suspending generation for now
 00:00:01 | Cannot generate further orders - suspending generation for now
 00:00:01 | Cannot generate further orders - suspending generation for now
 00:00:01 | Cannot generate further orders - suspending generation for now
 00:00:01 | Cannot generate further orders - suspending generation for now
 00:00:01 | 00:00:00 | 0.00:30:00 | 100.00%  |   483   |    0     | 15%  |   4956   |   0    |  92.37MB  
 00:00:01 | >>> Simulation finished - writing results ...
 00:00:01 | >>> Results written
Simulation finished.
>>> Timings
StatTimingPathPlanningAverage: 0.0001070907203907204
StatTimingPathPlanningOverall: 0.08770730000000002
StatTimingPathPlanningCount: 819
StatTimingTaskAllocationAverage: 0.002134379807692309
StatTimingTaskAllocationOverall: 0.44395100000000026
StatTimingTaskAllocationCount: 208
StatTimingItemStorageAverage: 1.0711934156378609E-06
StatTimingItemStorageOverall: 0.0007809000000000006
StatTimingItemStorageCount: 729
StatTimingPodStorageAverage: 0.0019699080000000007
StatTimingPodStorageOverall: 0.19699080000000008
StatTimingPodStorageCount: 100
StatTimingReplenishmentBatchingAverage: 7.45E-06
StatTimingReplenishmentBatchingOverall: 1.49E-05
StatTimingReplenishmentBatchingCount: 2
StatTimingOrderBatchingAverage: 0.00010794617346938767
StatTimingOrderBatchingOverall: 0.08462979999999994
StatTimingOrderBatchingCount: 784
>>> Overall
StatOverallBundlesPlaced: 0
StatOverallItemsOrdered: 644
StatOverallOrdersPlaced: 408
StatOverallBundlesRejected: 0
StatOverallOrdersRejected: 0
StatOverallBundlesHandled: 0
StatOverallItemsHandled: 751
StatOverallLinesHandled: 711
StatOverallOrdersHandled: 483
StatOverallCollisions: 0
StatOverallDistanceTraveled: 4955.661536419746
StatOverallDistanceEstimated: 4771
StatOverallAssignedTasks: 208
StatMaxMemoryUsed: 97,234375
StatRealTimeUsed: 1.1848098
StatAverageTurnoverTime: 481.53620298640897
StatMedianTurnoverTime: 342.81084412272025
StatLowerQuartileTurnoverTime: 161.7323160136366
StatUpperQuartileTurnoverTime: 686.8956493469693
StatAverageThroughputTime: 95.8047000604912
StatMedianThroughputTime: 24.50888888888892
StatLowerQuartileThroughputTime: 16.246572875253833
StatUpperQuartileThroughputTime: 87.35611111111092

Marked tag finished after 1 tries!
.Fin. - SUCCESS
<<< Welcome to the RAWSimO CLI >>>
The time is: 06/07/2024 13:46:15
Starting RAWSimO wrapper with the following arguments:
Instance: ..\..\..\..\Material\Instances\0.Weighted30min Demand separate\Dd\Weighted2.xinst
Setting: ..\..\..\..\Material\Instances\0.Weighted30min Demand separate\Dd\Weighted2.xsett
ControlConfig: ..\..\..\..\Material\Instances\0.Weighted30min Demand separate\Dd\Weighted2.xconf
StatisticsDir: ..\..\..\..\Material\Instances\0.Weighted30min Demand separate\Dd
Seed: 2
Additionally the following tag was passed: [[1, 3, 2]]
Adding handler for unhandled exceptions ...
Initializing ... 
Instance recognized!
Parsing setting config ...
Parsing control config ...
Parsing instance ...
StatisticsFolder: Weighted2-Dd_[[1, 3, 2]]_2.csv-2
Done!
