Executing ... 
 19:22:52 | >>> Warming up ...
 00:00:00 | >>> Warmup finished - starting simulation ...
 Realtime |   ETA    |  Sim.Time  | Progress | #Orders | #Bundles | Inv. | Distance | #Coll. |   Memory    
 00:00:00 |   n/a    | 0.00:00:00 |  0.00%   |    0    |    0     | 60%  |    0     |   0    | 103.49MB  
 00:00:00 | Cannot generate further orders - suspending generation for now
 00:00:00 | Cannot generate further orders - suspending generation for now
 00:00:00 | Cannot generate further orders - suspending generation for now
 00:00:00 | Cannot generate further orders - suspending generation for now
 00:00:00 | Cannot generate further orders - suspending generation for now
 00:00:00 | Cannot generate further orders - suspending generation for now
 00:00:00 | Cannot generate further orders - suspending generation for now
 00:00:00 | Cannot generate further orders - suspending generation for now
 00:00:00 | Cannot generate further orders - suspending generation for now
 00:00:00 | Cannot generate further orders - suspending generation for now
 00:00:00 | Cannot generate further orders - suspending generation for now
 00:00:00 | Cannot generate further orders - suspending generation for now
 00:00:00 | 00:00:00 | 0.00:30:00 | 100.00%  |   510   |    0     | 13%  |   5019   |   0    |  98.44MB  
 00:00:00 | >>> Simulation finished - writing results ...
 00:00:00 | >>> Results written
Simulation finished.
>>> Timings
StatTimingPathPlanningAverage: 8.42071078431372E-05
StatTimingPathPlanningOverall: 0.06871299999999995
StatTimingPathPlanningCount: 816
StatTimingTaskAllocationAverage: 0.001666769158878503
StatTimingTaskAllocationOverall: 0.35668859999999963
StatTimingTaskAllocationCount: 214
StatTimingItemStorageAverage: 1.43965517241378E-06
StatTimingItemStorageOverall: 0.0010854999999999901
StatTimingItemStorageCount: 754
StatTimingPodStorageAverage: 0.0014392500000000002
StatTimingPodStorageOverall: 0.14680350000000003
StatTimingPodStorageCount: 102
StatTimingReplenishmentBatchingAverage: 7.7E-06
StatTimingReplenishmentBatchingOverall: 1.54E-05
StatTimingReplenishmentBatchingCount: 2
StatTimingOrderBatchingAverage: 8.594569288389522E-05
StatTimingOrderBatchingOverall: 0.06884250000000007
StatTimingOrderBatchingCount: 801
>>> Overall
StatOverallBundlesPlaced: 0
StatOverallItemsOrdered: 659
StatOverallOrdersPlaced: 422
StatOverallBundlesRejected: 0
StatOverallOrdersRejected: 0
StatOverallBundlesHandled: 0
StatOverallItemsHandled: 781
StatOverallLinesHandled: 734
StatOverallOrdersHandled: 510
StatOverallCollisions: 0
StatOverallDistanceTraveled: 5019.2767966049305
StatOverallDistanceEstimated: 4937
StatOverallAssignedTasks: 214
StatMaxMemoryUsed: 103,36328125
StatRealTimeUsed: 0.9199865
StatAverageTurnoverTime: 440.04394262915895
StatMedianTurnoverTime: 285.92500000000007
StatLowerQuartileTurnoverTime: 118.82796536060391
StatUpperQuartileTurnoverTime: 667.0894444444444
StatAverageThroughputTime: 87.0753429527945
StatMedianThroughputTime: 24.222222222222257
StatLowerQuartileThroughputTime: 15.669444444444451
StatUpperQuartileThroughputTime: 76.81564934696831

Marked tag finished after 1 tries!
.Fin. - SUCCESS
<<< Welcome to the RAWSimO CLI >>>
The time is: 06/25/2024 19:22:53
Starting RAWSimO wrapper with the following arguments:
Instance: ..\..\..\..\Material\Instances\10.Weighted30min Demand Gall\Dp\Weighted2.xinst
Setting: ..\..\..\..\Material\Instances\10.Weighted30min Demand Gall\Dp\Weighted2.xsett
ControlConfig: ..\..\..\..\Material\Instances\10.Weighted30min Demand Gall\Dp\Weighted2.xconf
StatisticsDir: ..\..\..\..\Material\Instances\10.Weighted30min Demand Gall\Dp
Seed: 1
Additionally the following tag was passed: 1, 0.82, 1.0, 0.194, 0.233, 1.0
Adding handler for unhandled exceptions ...
Initializing ... 
Instance recognized!
Parsing setting config ...
Parsing control config ...
Parsing instance ...
StatisticsFolder: Weighted2-Dp_[[1, 0.82, 1.0]]_1_[0.194, 0.233, 1.0].csv-1
Done!
