Executing ... 
 09:56:28 | >>> Warming up ...
 00:00:00 | >>> Warmup finished - starting simulation ...
 Realtime |   ETA    |  Sim.Time  | Progress | #Orders | #Bundles | Inv. | Distance | #Coll. |   Memory    
 00:00:00 |   n/a    | 0.00:00:00 |  0.00%   |    0    |    0     | 60%  |    0     |   0    | 108.61MB  
 00:00:00 | Cannot generate further orders - suspending generation for now
 00:00:00 | Cannot generate further orders - suspending generation for now
 00:00:00 | Cannot generate further orders - suspending generation for now
 00:00:00 | Cannot generate further orders - suspending generation for now
 00:00:00 | Cannot generate further orders - suspending generation for now
 00:00:00 | Cannot generate further orders - suspending generation for now
 00:00:00 | Cannot generate further orders - suspending generation for now
 00:00:00 | Cannot generate further orders - suspending generation for now
 00:00:00 | Cannot generate further orders - suspending generation for now
 00:00:01 | Cannot generate further orders - suspending generation for now
 00:00:01 | 00:00:00 | 0.00:30:00 | 100.00%  |   465   |    0     | 17%  |   5198   |   0    | 103.62MB  
 00:00:01 | >>> Simulation finished - writing results ...
 00:00:01 | >>> Results written
Simulation finished.
>>> Timings
StatTimingPathPlanningAverage: 9.002535377358481E-05
StatTimingPathPlanningOverall: 0.07634149999999992
StatTimingPathPlanningCount: 848
StatTimingTaskAllocationAverage: 0.0017248165898617516
StatTimingTaskAllocationOverall: 0.3742852000000001
StatTimingTaskAllocationCount: 217
StatTimingItemStorageAverage: 9.538793103448311E-07
StatTimingItemStorageOverall: 0.0006639000000000024
StatTimingItemStorageCount: 696
StatTimingPodStorageAverage: 0.0014966163461538457
StatTimingPodStorageOverall: 0.15564809999999996
StatTimingPodStorageCount: 104
StatTimingReplenishmentBatchingAverage: 6.8500000000000005E-06
StatTimingReplenishmentBatchingOverall: 1.3700000000000001E-05
StatTimingReplenishmentBatchingCount: 2
StatTimingOrderBatchingAverage: 9.260871794871784E-05
StatTimingOrderBatchingOverall: 0.07223479999999992
StatTimingOrderBatchingCount: 780
>>> Overall
StatOverallBundlesPlaced: 0
StatOverallItemsOrdered: 644
StatOverallOrdersPlaced: 408
StatOverallBundlesRejected: 0
StatOverallOrdersRejected: 0
StatOverallBundlesHandled: 0
StatOverallItemsHandled: 716
StatOverallLinesHandled: 677
StatOverallOrdersHandled: 465
StatOverallCollisions: 0
StatOverallDistanceTraveled: 5197.670765968337
StatOverallDistanceEstimated: 5101
StatOverallAssignedTasks: 217
StatMaxMemoryUsed: 108,609375
StatRealTimeUsed: 1.0247289
StatAverageTurnoverTime: 480.7900552459951
StatMedianTurnoverTime: 327.12362190049356
StatLowerQuartileTurnoverTime: 133.98444444444448
StatUpperQuartileTurnoverTime: 687.523232348999
StatAverageThroughputTime: 91.85533224626181
StatMedianThroughputTime: 20.304163070207096
StatLowerQuartileThroughputTime: 12.323333333333323
StatUpperQuartileThroughputTime: 82.07379509747716

Marked tag finished after 1 tries!
.Fin. - SUCCESS
<<< Welcome to the RAWSimO CLI >>>
The time is: 06/13/2024 09:56:30
Starting RAWSimO wrapper with the following arguments:
Instance: ..\..\..\..\Material\Instances\0.Weighted30min Demand separate\Dd\Weighted2.xinst
Setting: ..\..\..\..\Material\Instances\0.Weighted30min Demand separate\Dd\Weighted2.xsett
ControlConfig: ..\..\..\..\Material\Instances\0.Weighted30min Demand separate\Dd\Weighted2.xconf
StatisticsDir: ..\..\..\..\Material\Instances\0.Weighted30min Demand separate\Dd
Seed: 2
Additionally the following tag was passed: 1, 0.346, 0.3766666666666667, 0.175, 0.5, 0.5
Adding handler for unhandled exceptions ...
Initializing ... 
Instance recognized!
Parsing setting config ...
Parsing control config ...
Parsing instance ...
StatisticsFolder: Weighted2-Dd_[[1, 0.346, 0.3766666666666667]]_1_[0.175, 0.5, 0.5].csv-2
Done!
