Executing ... 
 09:52:09 | >>> Warming up ...
 00:00:00 | >>> Warmup finished - starting simulation ...
 Realtime |   ETA    |  Sim.Time  | Progress | #Orders | #Bundles | Inv. | Distance | #Coll. |   Memory    
 00:00:00 |   n/a    | 0.00:00:00 |  0.00%   |    0    |    0     | 60%  |    0     |   0    | 144.76MB  
 00:00:00 | Cannot generate further orders - suspending generation for now
 00:00:00 | Cannot generate further orders - suspending generation for now
 00:00:01 | Cannot generate further orders - suspending generation for now
 00:00:01 | Cannot generate further orders - suspending generation for now
 00:00:01 | Cannot generate further orders - suspending generation for now
 00:00:01 | Cannot generate further orders - suspending generation for now
 00:00:01 | Cannot generate further orders - suspending generation for now
 00:00:01 | Cannot generate further orders - suspending generation for now
 00:00:01 | Cannot generate further orders - suspending generation for now
 00:00:01 | Cannot generate further orders - suspending generation for now
 00:00:01 | 00:00:00 | 0.00:30:00 | 100.00%  |   508   |    0     | 14%  |   4905   |   0    | 139.15MB  
 00:00:01 | >>> Simulation finished - writing results ...
 00:00:01 | >>> Results written
Simulation finished.
>>> Timings
StatTimingPathPlanningAverage: 0.00011234632701421791
StatTimingPathPlanningOverall: 0.09482029999999991
StatTimingPathPlanningCount: 844
StatTimingTaskAllocationAverage: 0.0024755039800995033
StatTimingTaskAllocationOverall: 0.49757630000000014
StatTimingTaskAllocationCount: 201
StatTimingItemStorageAverage: 1.2710632570659468E-06
StatTimingItemStorageOverall: 0.0009443999999999986
StatTimingItemStorageCount: 743
StatTimingPodStorageAverage: 0.0018805531250000007
StatTimingPodStorageOverall: 0.18053310000000006
StatTimingPodStorageCount: 96
StatTimingReplenishmentBatchingAverage: 1.23E-05
StatTimingReplenishmentBatchingOverall: 2.46E-05
StatTimingReplenishmentBatchingCount: 2
StatTimingOrderBatchingAverage: 0.00010631357575757575
StatTimingOrderBatchingOverall: 0.0877087
StatTimingOrderBatchingCount: 825
>>> Overall
StatOverallBundlesPlaced: 0
StatOverallItemsOrdered: 665
StatOverallOrdersPlaced: 431
StatOverallBundlesRejected: 0
StatOverallOrdersRejected: 0
StatOverallBundlesHandled: 0
StatOverallItemsHandled: 760
StatOverallLinesHandled: 721
StatOverallOrdersHandled: 508
StatOverallCollisions: 0
StatOverallDistanceTraveled: 4905.2715354938155
StatOverallDistanceEstimated: 4779
StatOverallAssignedTasks: 201
StatMaxMemoryUsed: 144,7578125
StatRealTimeUsed: 1.2337442
StatAverageTurnoverTime: 424.101594270779
StatMedianTurnoverTime: 230.64074313838134
StatLowerQuartileTurnoverTime: 114.41120490252396
StatUpperQuartileTurnoverTime: 606.857503596461
StatAverageThroughputTime: 78.40475373766199
StatMedianThroughputTime: 24.68111111111125
StatLowerQuartileThroughputTime: 16.103145750507338
StatUpperQuartileThroughputTime: 81.30166666666672

Marked tag finished after 1 tries!
.Fin. - SUCCESS
<<< Welcome to the RAWSimO CLI >>>
The time is: 06/13/2024 09:52:10
Starting RAWSimO wrapper with the following arguments:
Instance: ..\..\..\..\Material\Instances\0.Weighted30min Demand separate\Dc\Weighted2.xinst
Setting: ..\..\..\..\Material\Instances\0.Weighted30min Demand separate\Dc\Weighted2.xsett
ControlConfig: ..\..\..\..\Material\Instances\0.Weighted30min Demand separate\Dc\Weighted2.xconf
StatisticsDir: ..\..\..\..\Material\Instances\0.Weighted30min Demand separate\Dc
Seed: 3
Additionally the following tag was passed: 1, 4.8812, 0.27199999999999996, 0.146, 0.143, 0.538
Adding handler for unhandled exceptions ...
Initializing ... 
Instance recognized!
Parsing setting config ...
Parsing control config ...
Parsing instance ...
StatisticsFolder: Weighted2-Dc_[[1, 4.8812, 0.27199999999999996]]_3_[0.146, 0.143, 0.538].csv-3
Done!
