Executing ... 
 21:26:41 | >>> Warming up ...
 00:00:00 | >>> Warmup finished - starting simulation ...
 Realtime |   ETA    |  Sim.Time  | Progress | #Orders | #Bundles | Inv. | Distance | #Coll. |   Memory    
 00:00:00 |   n/a    | 0.00:00:00 |  0.00%   |    0    |    0     | 60%  |    0     |   0    |  75.44MB  
 00:00:01 | Cannot generate further orders - suspending generation for now
 00:00:01 | Cannot generate further orders - suspending generation for now
 00:00:01 | Cannot generate further orders - suspending generation for now
 00:00:01 | Cannot generate further orders - suspending generation for now
 00:00:01 | Cannot generate further orders - suspending generation for now
 00:00:01 | Cannot generate further orders - suspending generation for now
 00:00:01 | Cannot generate further orders - suspending generation for now
 00:00:01 | Cannot generate further orders - suspending generation for now
 00:00:01 | Cannot generate further orders - suspending generation for now
 00:00:01 | Cannot generate further orders - suspending generation for now
 00:00:01 | 00:00:00 | 0.00:30:00 | 100.00%  |   457   |    0     | 17%  |   5207   |   0    |  73.88MB  
 00:00:01 | >>> Simulation finished - writing results ...
 00:00:01 | >>> Results written
Simulation finished.
>>> Timings
StatTimingPathPlanningAverage: 0.00012584349881796677
StatTimingPathPlanningOverall: 0.1064635999999999
StatTimingPathPlanningCount: 846
StatTimingTaskAllocationAverage: 0.0022799225806451615
StatTimingTaskAllocationOverall: 0.49474320000000005
StatTimingTaskAllocationCount: 217
StatTimingItemStorageAverage: 1.3573913043478243E-06
StatTimingItemStorageOverall: 0.0009365999999999988
StatTimingItemStorageCount: 690
StatTimingPodStorageAverage: 0.0020408846153846145
StatTimingPodStorageOverall: 0.2122519999999999
StatTimingPodStorageCount: 104
StatTimingReplenishmentBatchingAverage: 7.95E-06
StatTimingReplenishmentBatchingOverall: 1.59E-05
StatTimingReplenishmentBatchingCount: 2
StatTimingOrderBatchingAverage: 0.0001452736698499318
StatTimingOrderBatchingOverall: 0.10648560000000001
StatTimingOrderBatchingCount: 733
>>> Overall
StatOverallBundlesPlaced: 0
StatOverallItemsOrdered: 638
StatOverallOrdersPlaced: 391
StatOverallBundlesRejected: 0
StatOverallOrdersRejected: 0
StatOverallBundlesHandled: 0
StatOverallItemsHandled: 715
StatOverallLinesHandled: 668
StatOverallOrdersHandled: 457
StatOverallCollisions: 0
StatOverallDistanceTraveled: 5206.624730282447
StatOverallDistanceEstimated: 5053
StatOverallAssignedTasks: 217
StatMaxMemoryUsed: 77,08984375
StatRealTimeUsed: 1.3828324
StatAverageTurnoverTime: 482.66853609199313
StatMedianTurnoverTime: 314.4268542494923
StatLowerQuartileTurnoverTime: 120.34787156919242
StatUpperQuartileTurnoverTime: 715.0443506530328
StatAverageThroughputTime: 98.6054237904838
StatMedianThroughputTime: 23.248333333333562
StatLowerQuartileThroughputTime: 16.37148627676379
StatUpperQuartileThroughputTime: 81.47009379141275

Marked tag finished after 1 tries!
.Fin. - SUCCESS
<<< Welcome to the RAWSimO CLI >>>
The time is: 06/12/2024 21:26:42
Starting RAWSimO wrapper with the following arguments:
Instance: ..\..\..\..\Material\Instances\0.Weighted30min Demand separate\Da\Weighted2.xinst
Setting: ..\..\..\..\Material\Instances\0.Weighted30min Demand separate\Da\Weighted2.xsett
ControlConfig: ..\..\..\..\Material\Instances\0.Weighted30min Demand separate\Da\Weighted2.xconf
StatisticsDir: ..\..\..\..\Material\Instances\0.Weighted30min Demand separate\Da
Seed: 1
Additionally the following tag was passed: 1, 0.052, 1.039, 0.103, 1.0, 0.25
Adding handler for unhandled exceptions ...
Initializing ... 
Instance recognized!
Parsing setting config ...
Parsing control config ...
Parsing instance ...
StatisticsFolder: Weighted2-Da_[[1, 0.052, 1.039]]_1_[0.103, 1.0, 0.25].csv-1
Done!
