Executing ... 
 09:37:13 | >>> Warming up ...
 00:00:00 | >>> Warmup finished - starting simulation ...
 Realtime |   ETA    |  Sim.Time  | Progress | #Orders | #Bundles | Inv. | Distance | #Coll. |   Memory    
 00:00:00 |   n/a    | 0.00:00:00 |  0.00%   |    0    |    0     | 60%  |    0     |   0    |  74.99MB  
 00:00:00 | Cannot generate further orders - suspending generation for now
 00:00:00 | Cannot generate further orders - suspending generation for now
 00:00:00 | Cannot generate further orders - suspending generation for now
 00:00:00 | Cannot generate further orders - suspending generation for now
 00:00:00 | Cannot generate further orders - suspending generation for now
 00:00:00 | Cannot generate further orders - suspending generation for now
 00:00:00 | Cannot generate further orders - suspending generation for now
 00:00:00 | Cannot generate further orders - suspending generation for now
 00:00:00 | Cannot generate further orders - suspending generation for now
 00:00:00 | Cannot generate further orders - suspending generation for now
 00:00:00 | 00:00:00 | 0.00:30:00 | 100.00%  |   480   |    0     | 16%  |   5160   |   0    |  74.77MB  
 00:00:00 | >>> Simulation finished - writing results ...
 00:00:01 | >>> Results written
Simulation finished.
>>> Timings
StatTimingPathPlanningAverage: 9.405321637426902E-05
StatTimingPathPlanningOverall: 0.08041550000000001
StatTimingPathPlanningCount: 855
StatTimingTaskAllocationAverage: 0.0016431536697247714
StatTimingTaskAllocationOverall: 0.3582075000000002
StatTimingTaskAllocationCount: 218
StatTimingItemStorageAverage: 8.739803094233527E-07
StatTimingItemStorageOverall: 0.0006214000000000038
StatTimingItemStorageCount: 711
StatTimingPodStorageAverage: 0.0014550432692307688
StatTimingPodStorageOverall: 0.15132449999999995
StatTimingPodStorageCount: 104
StatTimingReplenishmentBatchingAverage: 8.05E-06
StatTimingReplenishmentBatchingOverall: 1.61E-05
StatTimingReplenishmentBatchingCount: 2
StatTimingOrderBatchingAverage: 8.10003861003861E-05
StatTimingOrderBatchingOverall: 0.0629373
StatTimingOrderBatchingCount: 777
>>> Overall
StatOverallBundlesPlaced: 0
StatOverallItemsOrdered: 635
StatOverallOrdersPlaced: 412
StatOverallBundlesRejected: 0
StatOverallOrdersRejected: 0
StatOverallBundlesHandled: 0
StatOverallItemsHandled: 732
StatOverallLinesHandled: 695
StatOverallOrdersHandled: 480
StatOverallCollisions: 0
StatOverallDistanceTraveled: 5159.98796359318
StatOverallDistanceEstimated: 4984
StatOverallAssignedTasks: 218
StatMaxMemoryUsed: 74,98828125
StatRealTimeUsed: 0.9889883
StatAverageTurnoverTime: 473.40180041052395
StatMedianTurnoverTime: 346.4079581676822
StatLowerQuartileTurnoverTime: 144.91665947374452
StatUpperQuartileTurnoverTime: 663.4480519590984
StatAverageThroughputTime: 93.14992541406575
StatMedianThroughputTime: 25.106666666667024
StatLowerQuartileThroughputTime: 16.38333333333344
StatUpperQuartileThroughputTime: 76.5417604580797

Marked tag finished after 1 tries!
.Fin. - SUCCESS
<<< Welcome to the RAWSimO CLI >>>
The time is: 06/13/2024 09:37:14
Starting RAWSimO wrapper with the following arguments:
Instance: ..\..\..\..\Material\Instances\0.Weighted30min Demand separate\Da\Weighted2.xinst
Setting: ..\..\..\..\Material\Instances\0.Weighted30min Demand separate\Da\Weighted2.xsett
ControlConfig: ..\..\..\..\Material\Instances\0.Weighted30min Demand separate\Da\Weighted2.xconf
StatisticsDir: ..\..\..\..\Material\Instances\0.Weighted30min Demand separate\Da
Seed: 3
Additionally the following tag was passed: 1, 0.052, 1.039, 0.103, 1.0, 0.25
Adding handler for unhandled exceptions ...
Initializing ... 
Instance recognized!
Parsing setting config ...
Parsing control config ...
Parsing instance ...
StatisticsFolder: Weighted2-Da_[[1, 0.052, 1.039]]_2_[0.103, 1.0, 0.25].csv-3
Done!
