Executing ... 
 10:01:12 | >>> Warming up ...
 00:00:00 | >>> Warmup finished - starting simulation ...
 Realtime |   ETA    |  Sim.Time  | Progress | #Orders | #Bundles | Inv. | Distance | #Coll. |   Memory    
 00:00:00 |   n/a    | 0.00:00:00 |  0.00%   |    0    |    0     | 60%  |    0     |   0    | 102.91MB  
 00:00:00 | Cannot generate further orders - suspending generation for now
 00:00:00 | Cannot generate further orders - suspending generation for now
 00:00:00 | Cannot generate further orders - suspending generation for now
 00:00:00 | Cannot generate further orders - suspending generation for now
 00:00:00 | Cannot generate further orders - suspending generation for now
 00:00:00 | Cannot generate further orders - suspending generation for now
 00:00:00 | Cannot generate further orders - suspending generation for now
 00:00:00 | Cannot generate further orders - suspending generation for now
 00:00:00 | Cannot generate further orders - suspending generation for now
 00:00:00 | Cannot generate further orders - suspending generation for now
 00:00:00 | Cannot generate further orders - suspending generation for now
 00:00:01 | Cannot generate further orders - suspending generation for now
 00:00:01 | Cannot generate further orders - suspending generation for now
 00:00:01 | 00:00:00 | 0.00:30:00 | 100.00%  |   500   |    0     | 13%  |   4879   |   0    |  99.71MB  
 00:00:01 | >>> Simulation finished - writing results ...
 00:00:01 | >>> Results written
Simulation finished.
>>> Timings
StatTimingPathPlanningAverage: 9.298066157760805E-05
StatTimingPathPlanningOverall: 0.07308279999999993
StatTimingPathPlanningCount: 786
StatTimingTaskAllocationAverage: 0.002061949
StatTimingTaskAllocationOverall: 0.41238980000000003
StatTimingTaskAllocationCount: 200
StatTimingItemStorageAverage: 9.78982597054889E-07
StatTimingItemStorageOverall: 0.000731300000000002
StatTimingItemStorageCount: 747
StatTimingPodStorageAverage: 0.0017064343749999993
StatTimingPodStorageOverall: 0.16381769999999993
StatTimingPodStorageCount: 96
StatTimingReplenishmentBatchingAverage: 9.849999999999999E-06
StatTimingReplenishmentBatchingOverall: 1.9699999999999998E-05
StatTimingReplenishmentBatchingCount: 2
StatTimingOrderBatchingAverage: 9.396939820742636E-05
StatTimingOrderBatchingOverall: 0.07339009999999999
StatTimingOrderBatchingCount: 781
>>> Overall
StatOverallBundlesPlaced: 0
StatOverallItemsOrdered: 667
StatOverallOrdersPlaced: 418
StatOverallBundlesRejected: 0
StatOverallOrdersRejected: 0
StatOverallBundlesHandled: 0
StatOverallItemsHandled: 783
StatOverallLinesHandled: 745
StatOverallOrdersHandled: 500
StatOverallCollisions: 0
StatOverallDistanceTraveled: 4879.361138271593
StatOverallDistanceEstimated: 4745
StatOverallAssignedTasks: 200
StatMaxMemoryUsed: 102,90625
StatRealTimeUsed: 1.0461769
StatAverageTurnoverTime: 456.6287178042825
StatMedianTurnoverTime: 319.1037013060634
StatLowerQuartileTurnoverTime: 139.75777777777768
StatUpperQuartileTurnoverTime: 664.8851875828293
StatAverageThroughputTime: 95.87106122619788
StatMedianThroughputTime: 25.3866666666667
StatLowerQuartileThroughputTime: 16.528427124745576
StatUpperQuartileThroughputTime: 87.76398268030178

Marked tag finished after 1 tries!
.Fin. - SUCCESS
<<< Welcome to the RAWSimO CLI >>>
The time is: 06/13/2024 10:01:13
Starting RAWSimO wrapper with the following arguments:
Instance: ..\..\..\..\Material\Instances\0.Weighted30min Demand separate\Df\Weighted2.xinst
Setting: ..\..\..\..\Material\Instances\0.Weighted30min Demand separate\Df\Weighted2.xsett
ControlConfig: ..\..\..\..\Material\Instances\0.Weighted30min Demand separate\Df\Weighted2.xconf
StatisticsDir: ..\..\..\..\Material\Instances\0.Weighted30min Demand separate\Df
Seed: 1
Additionally the following tag was passed: 1, 0.14666666666666667, 0.068, 0.14, 0.962, 1.0
Adding handler for unhandled exceptions ...
Initializing ... 
Instance recognized!
Parsing setting config ...
Parsing control config ...
Parsing instance ...
StatisticsFolder: Weighted2-Df_[[1, 0.14666666666666667, 0.068]]_2_[0.14, 0.962, 1.0].csv-1
Done!
