Executing ... 
 14:00:46 | >>> Warming up ...
 00:00:00 | >>> Warmup finished - starting simulation ...
 Realtime |   ETA    |  Sim.Time  | Progress | #Orders | #Bundles | Inv. | Distance | #Coll. |   Memory    
 00:00:00 |   n/a    | 0.00:00:00 |  0.00%   |    0    |    0     | 60%  |    0     |   0    | 115.34MB  
 00:00:00 | Cannot generate further orders - suspending generation for now
 00:00:00 | Cannot generate further orders - suspending generation for now
 00:00:00 | Cannot generate further orders - suspending generation for now
 00:00:00 | Cannot generate further orders - suspending generation for now
 00:00:00 | Cannot generate further orders - suspending generation for now
 00:00:00 | Cannot generate further orders - suspending generation for now
 00:00:00 | Cannot generate further orders - suspending generation for now
 00:00:00 | Cannot generate further orders - suspending generation for now
 00:00:01 | 00:00:00 | 0.00:30:00 | 100.00%  |   459   |    0     | 17%  |   5167   |   0    | 112.25MB  
 00:00:01 | >>> Simulation finished - writing results ...
 00:00:01 | >>> Results written
Simulation finished.
>>> Timings
StatTimingPathPlanningAverage: 8.724009546539386E-05
StatTimingPathPlanningOverall: 0.07310720000000005
StatTimingPathPlanningCount: 838
StatTimingTaskAllocationAverage: 0.0015328460829493078
StatTimingTaskAllocationOverall: 0.3326275999999998
StatTimingTaskAllocationCount: 217
StatTimingItemStorageAverage: 1.0689604685212315E-06
StatTimingItemStorageOverall: 0.0007301000000000011
StatTimingItemStorageCount: 683
StatTimingPodStorageAverage: 0.0013959883495145628
StatTimingPodStorageOverall: 0.14378679999999996
StatTimingPodStorageCount: 103
StatTimingReplenishmentBatchingAverage: 7.95E-06
StatTimingReplenishmentBatchingOverall: 1.59E-05
StatTimingReplenishmentBatchingCount: 2
StatTimingOrderBatchingAverage: 0.00011632
StatTimingOrderBatchingOverall: 0.0878216
StatTimingOrderBatchingCount: 755
>>> Overall
StatOverallBundlesPlaced: 0
StatOverallItemsOrdered: 664
StatOverallOrdersPlaced: 422
StatOverallBundlesRejected: 0
StatOverallOrdersRejected: 0
StatOverallBundlesHandled: 0
StatOverallItemsHandled: 708
StatOverallLinesHandled: 666
StatOverallOrdersHandled: 459
StatOverallCollisions: 0
StatOverallDistanceTraveled: 5166.5476136583
StatOverallDistanceEstimated: 5040
StatOverallAssignedTasks: 217
StatMaxMemoryUsed: 115,078125
StatRealTimeUsed: 1.0060338
StatAverageTurnoverTime: 452.87370610505036
StatMedianTurnoverTime: 312.41731601363506
StatLowerQuartileTurnoverTime: 142.01111111111112
StatUpperQuartileTurnoverTime: 677.2166666666667
StatAverageThroughputTime: 94.1680010338594
StatMedianThroughputTime: 21.99333333333402
StatLowerQuartileThroughputTime: 16.044632027270097
StatUpperQuartileThroughputTime: 80.88453823585814

Marked tag finished after 1 tries!
.Fin. - SUCCESS
<<< Welcome to the RAWSimO CLI >>>
The time is: 06/07/2024 14:00:47
Starting RAWSimO wrapper with the following arguments:
Instance: ..\..\..\..\Material\Instances\0.Weighted30min Demand separate\Db\Weighted2.xinst
Setting: ..\..\..\..\Material\Instances\0.Weighted30min Demand separate\Db\Weighted2.xsett
ControlConfig: ..\..\..\..\Material\Instances\0.Weighted30min Demand separate\Db\Weighted2.xconf
StatisticsDir: ..\..\..\..\Material\Instances\0.Weighted30min Demand separate\Db
Seed: 2
Additionally the following tag was passed: [[1, 5, 0.059]]
Adding handler for unhandled exceptions ...
Initializing ... 
Instance recognized!
Parsing setting config ...
Parsing control config ...
Parsing instance ...
StatisticsFolder: Weighted2-Db_[[1, 5, 0.059]]_2.csv-2
Done!
