Executing ... 
 14:00:26 | >>> Warming up ...
 00:00:00 | >>> Warmup finished - starting simulation ...
 Realtime |   ETA    |  Sim.Time  | Progress | #Orders | #Bundles | Inv. | Distance | #Coll. |   Memory    
 00:00:00 |   n/a    | 0.00:00:00 |  0.00%   |    0    |    0     | 60%  |    0     |   0    | 113.76MB  
 00:00:00 | Cannot generate further orders - suspending generation for now
 00:00:00 | Cannot generate further orders - suspending generation for now
 00:00:00 | Cannot generate further orders - suspending generation for now
 00:00:00 | Cannot generate further orders - suspending generation for now
 00:00:00 | Cannot generate further orders - suspending generation for now
 00:00:00 | Cannot generate further orders - suspending generation for now
 00:00:00 | 00:00:00 | 0.00:30:00 | 100.00%  |   429   |    0     | 21%  |   5351   |   0    | 109.38MB  
 00:00:00 | >>> Simulation finished - writing results ...
 00:00:00 | >>> Results written
Simulation finished.
>>> Timings
StatTimingPathPlanningAverage: 8.352541567695967E-05
StatTimingPathPlanningOverall: 0.07032840000000004
StatTimingPathPlanningCount: 842
StatTimingTaskAllocationAverage: 0.0015301345454545464
StatTimingTaskAllocationOverall: 0.3366296000000002
StatTimingTaskAllocationCount: 220
StatTimingItemStorageAverage: 9.361600000000057E-07
StatTimingItemStorageOverall: 0.0005851000000000035
StatTimingItemStorageCount: 625
StatTimingPodStorageAverage: 0.0013211349056603775
StatTimingPodStorageOverall: 0.1400403
StatTimingPodStorageCount: 106
StatTimingReplenishmentBatchingAverage: 8.15E-06
StatTimingReplenishmentBatchingOverall: 1.63E-05
StatTimingReplenishmentBatchingCount: 2
StatTimingOrderBatchingAverage: 7.957225352112665E-05
StatTimingOrderBatchingOverall: 0.05649629999999992
StatTimingOrderBatchingCount: 710
>>> Overall
StatOverallBundlesPlaced: 0
StatOverallItemsOrdered: 658
StatOverallOrdersPlaced: 418
StatOverallBundlesRejected: 0
StatOverallOrdersRejected: 0
StatOverallBundlesHandled: 0
StatOverallItemsHandled: 654
StatOverallLinesHandled: 618
StatOverallOrdersHandled: 429
StatOverallCollisions: 0
StatOverallDistanceTraveled: 5350.690940351006
StatOverallDistanceEstimated: 5115
StatOverallAssignedTasks: 220
StatMaxMemoryUsed: 114,3828125
StatRealTimeUsed: 0.9298702
StatAverageTurnoverTime: 499.07413459124956
StatMedianTurnoverTime: 387.90212843081054
StatLowerQuartileTurnoverTime: 170.1039826803028
StatUpperQuartileTurnoverTime: 718.1489898732311
StatAverageThroughputTime: 104.18577901608688
StatMedianThroughputTime: 17.29666666666651
StatLowerQuartileThroughputTime: 12.338888888888846
StatUpperQuartileThroughputTime: 80.6217604580794

Marked tag finished after 1 tries!
.Fin. - SUCCESS
<<< Welcome to the RAWSimO CLI >>>
The time is: 06/07/2024 14:00:27
Starting RAWSimO wrapper with the following arguments:
Instance: ..\..\..\..\Material\Instances\0.Weighted30min Demand separate\Db\Weighted2.xinst
Setting: ..\..\..\..\Material\Instances\0.Weighted30min Demand separate\Db\Weighted2.xsett
ControlConfig: ..\..\..\..\Material\Instances\0.Weighted30min Demand separate\Db\Weighted2.xconf
StatisticsDir: ..\..\..\..\Material\Instances\0.Weighted30min Demand separate\Db
Seed: 2
Additionally the following tag was passed: [[1, 0.059, 3]]
Adding handler for unhandled exceptions ...
Initializing ... 
Instance recognized!
Parsing setting config ...
Parsing control config ...
Parsing instance ...
StatisticsFolder: Weighted2-Db_[[1, 0.059, 3]]_2.csv-2
Done!
