Executing ... 
 09:24:04 | >>> Warming up ...
 00:00:00 | >>> Warmup finished - starting simulation ...
 Realtime |   ETA    |  Sim.Time  | Progress | #Orders | #Bundles | Inv. | Distance | #Coll. |   Memory    
 00:00:00 |   n/a    | 0.00:00:00 |  0.00%   |    0    |    0     | 60%  |    0     |   0    |  96.22MB  
 00:00:00 | Cannot generate further orders - suspending generation for now
 00:00:00 | Cannot generate further orders - suspending generation for now
 00:00:01 | Cannot generate further orders - suspending generation for now
 00:00:01 | Cannot generate further orders - suspending generation for now
 00:00:01 | Cannot generate further orders - suspending generation for now
 00:00:01 | Cannot generate further orders - suspending generation for now
 00:00:01 | Cannot generate further orders - suspending generation for now
 00:00:01 | Cannot generate further orders - suspending generation for now
 00:00:01 | 00:00:00 | 0.00:30:00 | 100.00%  |   465   |    0     | 17%  |   5030   |   0    |  96.97MB  
 00:00:01 | >>> Simulation finished - writing results ...
 00:00:01 | >>> Results written
Simulation finished.
>>> Timings
StatTimingPathPlanningAverage: 0.00010879853479853477
StatTimingPathPlanningOverall: 0.08910599999999998
StatTimingPathPlanningCount: 819
StatTimingTaskAllocationAverage: 0.001879312857142858
StatTimingTaskAllocationOverall: 0.39465570000000016
StatTimingTaskAllocationCount: 210
StatTimingItemStorageAverage: 1.134893617021276E-06
StatTimingItemStorageOverall: 0.0008000999999999996
StatTimingItemStorageCount: 705
StatTimingPodStorageAverage: 0.0015224158415841592
StatTimingPodStorageOverall: 0.15376400000000007
StatTimingPodStorageCount: 101
StatTimingReplenishmentBatchingAverage: 8.75E-06
StatTimingReplenishmentBatchingOverall: 1.75E-05
StatTimingReplenishmentBatchingCount: 2
StatTimingOrderBatchingAverage: 0.00011132207792207795
StatTimingOrderBatchingOverall: 0.08571800000000002
StatTimingOrderBatchingCount: 770
>>> Overall
StatOverallBundlesPlaced: 0
StatOverallItemsOrdered: 661
StatOverallOrdersPlaced: 413
StatOverallBundlesRejected: 0
StatOverallOrdersRejected: 0
StatOverallBundlesHandled: 0
StatOverallItemsHandled: 718
StatOverallLinesHandled: 679
StatOverallOrdersHandled: 465
StatOverallCollisions: 0
StatOverallDistanceTraveled: 5029.999999999993
StatOverallDistanceEstimated: 4869
StatOverallAssignedTasks: 210
StatMaxMemoryUsed: 96,97265625
StatRealTimeUsed: 1.1619776
StatAverageTurnoverTime: 484.51499647337914
StatMedianTurnoverTime: 324.399350653033
StatLowerQuartileTurnoverTime: 158.48722222222239
StatUpperQuartileTurnoverTime: 692.408809483319
StatAverageThroughputTime: 101.84625378175953
StatMedianThroughputTime: 24.49093072120712
StatLowerQuartileThroughputTime: 16.14435065303087
StatUpperQuartileThroughputTime: 81.37870849898474

Marked tag finished after 1 tries!
.Fin. - SUCCESS
<<< Welcome to the RAWSimO CLI >>>
The time is: 06/13/2024 09:24:06
Starting RAWSimO wrapper with the following arguments:
Instance: ..\..\..\..\Material\Instances\0.Weighted30min Demand separate\Da\Weighted2.xinst
Setting: ..\..\..\..\Material\Instances\0.Weighted30min Demand separate\Da\Weighted2.xsett
ControlConfig: ..\..\..\..\Material\Instances\0.Weighted30min Demand separate\Da\Weighted2.xconf
StatisticsDir: ..\..\..\..\Material\Instances\0.Weighted30min Demand separate\Da
Seed: 1
Additionally the following tag was passed: 1, 0.052, 0.052, 0.09, 0.13, 0.547
Adding handler for unhandled exceptions ...
Initializing ... 
Instance recognized!
Parsing setting config ...
Parsing control config ...
Parsing instance ...
StatisticsFolder: Weighted2-Da_[[1, 0.052, 0.052]]_2_[0.09, 0.13, 0.547].csv-1
Done!
