Executing ... 
 09:50:23 | >>> Warming up ...
 00:00:00 | >>> Warmup finished - starting simulation ...
 Realtime |   ETA    |  Sim.Time  | Progress | #Orders | #Bundles | Inv. | Distance | #Coll. |   Memory    
 00:00:00 |   n/a    | 0.00:00:00 |  0.00%   |    0    |    0     | 60%  |    0     |   0    | 136.18MB  
 00:00:00 | Cannot generate further orders - suspending generation for now
 00:00:00 | Cannot generate further orders - suspending generation for now
 00:00:01 | Cannot generate further orders - suspending generation for now
 00:00:01 | Cannot generate further orders - suspending generation for now
 00:00:01 | Cannot generate further orders - suspending generation for now
 00:00:01 | Cannot generate further orders - suspending generation for now
 00:00:01 | Cannot generate further orders - suspending generation for now
 00:00:01 | Cannot generate further orders - suspending generation for now
 00:00:01 | Cannot generate further orders - suspending generation for now
 00:00:01 | 00:00:00 | 0.00:30:00 | 100.00%  |   492   |    0     | 15%  |   4781   |   0    | 138.55MB  
 00:00:01 | >>> Simulation finished - writing results ...
 00:00:01 | >>> Results written
Simulation finished.
>>> Timings
StatTimingPathPlanningAverage: 9.9644361833953E-05
StatTimingPathPlanningOverall: 0.08041300000000007
StatTimingPathPlanningCount: 807
StatTimingTaskAllocationAverage: 0.0022257903381642493
StatTimingTaskAllocationOverall: 0.46073859999999955
StatTimingTaskAllocationCount: 207
StatTimingItemStorageAverage: 1.2735900962861032E-06
StatTimingItemStorageOverall: 0.0009258999999999971
StatTimingItemStorageCount: 727
StatTimingPodStorageAverage: 0.0021361616161616167
StatTimingPodStorageOverall: 0.21148000000000006
StatTimingPodStorageCount: 99
StatTimingReplenishmentBatchingAverage: 9.25E-06
StatTimingReplenishmentBatchingOverall: 1.85E-05
StatTimingReplenishmentBatchingCount: 2
StatTimingOrderBatchingAverage: 0.000120680904522613
StatTimingOrderBatchingOverall: 0.09606199999999994
StatTimingOrderBatchingCount: 796
>>> Overall
StatOverallBundlesPlaced: 0
StatOverallItemsOrdered: 667
StatOverallOrdersPlaced: 423
StatOverallBundlesRejected: 0
StatOverallOrdersRejected: 0
StatOverallBundlesHandled: 0
StatOverallItemsHandled: 756
StatOverallLinesHandled: 715
StatOverallOrdersHandled: 492
StatOverallCollisions: 0
StatOverallDistanceTraveled: 4780.704507870358
StatOverallDistanceEstimated: 4630
StatOverallAssignedTasks: 207
StatMaxMemoryUsed: 141,671875
StatRealTimeUsed: 1.2140065
StatAverageTurnoverTime: 430.59136325117066
StatMedianTurnoverTime: 227.55731601363652
StatLowerQuartileTurnoverTime: 116.80740261212395
StatUpperQuartileTurnoverTime: 583.8937950974774
StatAverageThroughputTime: 84.95140936028977
StatMedianThroughputTime: 20.811760458079675
StatLowerQuartileThroughputTime: 12.83222222222227
StatUpperQuartileThroughputTime: 75.69277777777756

Marked tag finished after 1 tries!
.Fin. - SUCCESS
<<< Welcome to the RAWSimO CLI >>>
The time is: 06/13/2024 09:50:24
Starting RAWSimO wrapper with the following arguments:
Instance: ..\..\..\..\Material\Instances\0.Weighted30min Demand separate\Dc\Weighted2.xinst
Setting: ..\..\..\..\Material\Instances\0.Weighted30min Demand separate\Dc\Weighted2.xsett
ControlConfig: ..\..\..\..\Material\Instances\0.Weighted30min Demand separate\Dc\Weighted2.xconf
StatisticsDir: ..\..\..\..\Material\Instances\0.Weighted30min Demand separate\Dc
Seed: 2
Additionally the following tag was passed: 1, 2.4696, 0.48599999999999993, 0.194, 0.143, 0.4
Adding handler for unhandled exceptions ...
Initializing ... 
Instance recognized!
Parsing setting config ...
Parsing control config ...
Parsing instance ...
StatisticsFolder: Weighted2-Dc_[[1, 2.4696, 0.48599999999999993]]_1_[0.194, 0.143, 0.4].csv-2
Done!
