Executing ... 
 19:20:08 | >>> Warming up ...
 00:00:00 | >>> Warmup finished - starting simulation ...
 Realtime |   ETA    |  Sim.Time  | Progress | #Orders | #Bundles | Inv. | Distance | #Coll. |   Memory    
 00:00:00 |   n/a    | 0.00:00:00 |  0.00%   |    0    |    0     | 60%  |    0     |   0    | 112.51MB  
 00:00:00 | Cannot generate further orders - suspending generation for now
 00:00:00 | Cannot generate further orders - suspending generation for now
 00:00:00 | Cannot generate further orders - suspending generation for now
 00:00:00 | Cannot generate further orders - suspending generation for now
 00:00:00 | Cannot generate further orders - suspending generation for now
 00:00:00 | Cannot generate further orders - suspending generation for now
 00:00:00 | Cannot generate further orders - suspending generation for now
 00:00:00 | Cannot generate further orders - suspending generation for now
 00:00:00 | Cannot generate further orders - suspending generation for now
 00:00:00 | Cannot generate further orders - suspending generation for now
 00:00:00 | 00:00:00 | 0.00:30:00 | 100.00%  |   496   |    0     | 15%  |   5087   |   0    | 107.92MB  
 00:00:00 | >>> Simulation finished - writing results ...
 00:00:01 | >>> Results written
Simulation finished.
>>> Timings
StatTimingPathPlanningAverage: 9.353349001175082E-05
StatTimingPathPlanningOverall: 0.07959699999999995
StatTimingPathPlanningCount: 851
StatTimingTaskAllocationAverage: 0.0015948516129032253
StatTimingTaskAllocationOverall: 0.3460827999999999
StatTimingTaskAllocationCount: 217
StatTimingItemStorageAverage: 9.75923392612865E-07
StatTimingItemStorageOverall: 0.0007134000000000043
StatTimingItemStorageCount: 731
StatTimingPodStorageAverage: 0.0014237019230769236
StatTimingPodStorageOverall: 0.14806500000000006
StatTimingPodStorageCount: 104
StatTimingReplenishmentBatchingAverage: 0.000196
StatTimingReplenishmentBatchingOverall: 0.000392
StatTimingReplenishmentBatchingCount: 2
StatTimingOrderBatchingAverage: 8.064506172839508E-05
StatTimingOrderBatchingOverall: 0.06532250000000002
StatTimingOrderBatchingCount: 810
>>> Overall
StatOverallBundlesPlaced: 0
StatOverallItemsOrdered: 665
StatOverallOrdersPlaced: 426
StatOverallBundlesRejected: 0
StatOverallOrdersRejected: 0
StatOverallBundlesHandled: 0
StatOverallItemsHandled: 753
StatOverallLinesHandled: 707
StatOverallOrdersHandled: 496
StatOverallCollisions: 0
StatOverallDistanceTraveled: 5087.381551234558
StatOverallDistanceEstimated: 4933
StatOverallAssignedTasks: 217
StatMaxMemoryUsed: 113,0390625
StatRealTimeUsed: 0.9398156
StatAverageTurnoverTime: 461.8413009230074
StatMedianTurnoverTime: 307.4550937914129
StatLowerQuartileTurnoverTime: 149.66499999999883
StatUpperQuartileTurnoverTime: 651.2415800681762
StatAverageThroughputTime: 96.0640794605958
StatMedianThroughputTime: 24.094444444444377
StatLowerQuartileThroughputTime: 15.768888888888796
StatUpperQuartileThroughputTime: 81.81703463939493

Marked tag finished after 1 tries!
.Fin. - SUCCESS
<<< Welcome to the RAWSimO CLI >>>
The time is: 06/25/2024 19:20:09
Starting RAWSimO wrapper with the following arguments:
Instance: ..\..\..\..\Material\Instances\10.Weighted30min Demand Gall\Dp\Weighted2.xinst
Setting: ..\..\..\..\Material\Instances\10.Weighted30min Demand Gall\Dp\Weighted2.xsett
ControlConfig: ..\..\..\..\Material\Instances\10.Weighted30min Demand Gall\Dp\Weighted2.xconf
StatisticsDir: ..\..\..\..\Material\Instances\10.Weighted30min Demand Gall\Dp
Seed: 6
Additionally the following tag was passed: 1, 0.09999999999999999, 1.0, 0.083, 0.827, 1.0
Adding handler for unhandled exceptions ...
Initializing ... 
Instance recognized!
Parsing setting config ...
Parsing control config ...
Parsing instance ...
StatisticsFolder: Weighted2-Dp_[[1, 0.09999999999999999, 1.0]]_3_[0.083, 0.827, 1.0].csv-6
Done!
