Executing ... 
 09:59:41 | >>> Warming up ...
 00:00:00 | >>> Warmup finished - starting simulation ...
 Realtime |   ETA    |  Sim.Time  | Progress | #Orders | #Bundles | Inv. | Distance | #Coll. |   Memory    
 00:00:00 |   n/a    | 0.00:00:00 |  0.00%   |    0    |    0     | 60%  |    0     |   0    | 109.14MB  
 00:00:00 | Cannot generate further orders - suspending generation for now
 00:00:00 | Cannot generate further orders - suspending generation for now
 00:00:00 | Cannot generate further orders - suspending generation for now
 00:00:00 | Cannot generate further orders - suspending generation for now
 00:00:00 | Cannot generate further orders - suspending generation for now
 00:00:00 | Cannot generate further orders - suspending generation for now
 00:00:00 | Cannot generate further orders - suspending generation for now
 00:00:00 | Cannot generate further orders - suspending generation for now
 00:00:00 | Cannot generate further orders - suspending generation for now
 00:00:00 | Cannot generate further orders - suspending generation for now
 00:00:00 | Cannot generate further orders - suspending generation for now
 00:00:01 | Cannot generate further orders - suspending generation for now
 00:00:01 | Cannot generate further orders - suspending generation for now
 00:00:01 | Cannot generate further orders - suspending generation for now
 00:00:01 | 00:00:00 | 0.00:30:00 | 100.00%  |   531   |    0     | 10%  |   4629   |   0    | 104.88MB  
 00:00:01 | >>> Simulation finished - writing results ...
 00:00:01 | >>> Results written
Simulation finished.
>>> Timings
StatTimingPathPlanningAverage: 9.721354581673307E-05
StatTimingPathPlanningOverall: 0.0732018
StatTimingPathPlanningCount: 753
StatTimingTaskAllocationAverage: 0.0020323010152284264
StatTimingTaskAllocationOverall: 0.40036330000000003
StatTimingTaskAllocationCount: 197
StatTimingItemStorageAverage: 9.295597484276782E-07
StatTimingItemStorageOverall: 0.0007390000000000042
StatTimingItemStorageCount: 795
StatTimingPodStorageAverage: 0.0017523031914893628
StatTimingPodStorageOverall: 0.1647165000000001
StatTimingPodStorageCount: 94
StatTimingReplenishmentBatchingAverage: 7.9E-06
StatTimingReplenishmentBatchingOverall: 1.58E-05
StatTimingReplenishmentBatchingCount: 2
StatTimingOrderBatchingAverage: 9.757358722358728E-05
StatTimingOrderBatchingOverall: 0.07942490000000005
StatTimingOrderBatchingCount: 814
>>> Overall
StatOverallBundlesPlaced: 0
StatOverallItemsOrdered: 627
StatOverallOrdersPlaced: 404
StatOverallBundlesRejected: 0
StatOverallOrdersRejected: 0
StatOverallBundlesHandled: 0
StatOverallItemsHandled: 827
StatOverallLinesHandled: 787
StatOverallOrdersHandled: 531
StatOverallCollisions: 0
StatOverallDistanceTraveled: 4629.2894936912835
StatOverallDistanceEstimated: 4582
StatOverallAssignedTasks: 197
StatMaxMemoryUsed: 109,140625
StatRealTimeUsed: 1.1131391
StatAverageTurnoverTime: 441.6084278703101
StatMedianTurnoverTime: 285.2697186257618
StatLowerQuartileTurnoverTime: 143.46611830403276
StatUpperQuartileTurnoverTime: 608.2412986939368
StatAverageThroughputTime: 86.97876552638712
StatMedianThroughputTime: 35.348888888889405
StatLowerQuartileThroughputTime: 20.38111111111084
StatUpperQuartileThroughputTime: 92.7289826803044

Marked tag finished after 1 tries!
.Fin. - SUCCESS
<<< Welcome to the RAWSimO CLI >>>
The time is: 06/13/2024 09:59:42
Starting RAWSimO wrapper with the following arguments:
Instance: ..\..\..\..\Material\Instances\0.Weighted30min Demand separate\De\Weighted2.xinst
Setting: ..\..\..\..\Material\Instances\0.Weighted30min Demand separate\De\Weighted2.xsett
ControlConfig: ..\..\..\..\Material\Instances\0.Weighted30min Demand separate\De\Weighted2.xconf
StatisticsDir: ..\..\..\..\Material\Instances\0.Weighted30min Demand separate\De
Seed: 2
Additionally the following tag was passed: 1, 0.2935, 0.058, 0.15, 0.517, 1.0
Adding handler for unhandled exceptions ...
Initializing ... 
Instance recognized!
Parsing setting config ...
Parsing control config ...
Parsing instance ...
StatisticsFolder: Weighted2-De_[[1, 0.2935, 0.058]]_1_[0.15, 0.517, 1.0].csv-2
Done!
