Executing ... 
 19:24:52 | >>> Warming up ...
 00:00:00 | >>> Warmup finished - starting simulation ...
 Realtime |   ETA    |  Sim.Time  | Progress | #Orders | #Bundles | Inv. | Distance | #Coll. |   Memory    
 00:00:00 |   n/a    | 0.00:00:00 |  0.00%   |    0    |    0     | 60%  |    0     |   0    | 145.68MB  
 00:00:00 | Cannot generate further orders - suspending generation for now
 00:00:00 | Cannot generate further orders - suspending generation for now
 00:00:00 | Cannot generate further orders - suspending generation for now
 00:00:00 | Cannot generate further orders - suspending generation for now
 00:00:00 | Cannot generate further orders - suspending generation for now
 00:00:00 | Cannot generate further orders - suspending generation for now
 00:00:00 | Cannot generate further orders - suspending generation for now
 00:00:00 | 00:00:00 | 0.00:30:00 | 100.00%  |   457   |    0     | 17%  |   5169   |   0    | 141.21MB  
 00:00:00 | >>> Simulation finished - writing results ...
 00:00:00 | >>> Results written
Simulation finished.
>>> Timings
StatTimingPathPlanningAverage: 9.036426155580611E-05
StatTimingPathPlanningOverall: 0.08015310000000002
StatTimingPathPlanningCount: 887
StatTimingTaskAllocationAverage: 0.0016442936363636356
StatTimingTaskAllocationOverall: 0.36174459999999986
StatTimingTaskAllocationCount: 220
StatTimingItemStorageAverage: 8.559593023255872E-07
StatTimingItemStorageOverall: 0.000588900000000004
StatTimingItemStorageCount: 688
StatTimingPodStorageAverage: 0.0013908650943396234
StatTimingPodStorageOverall: 0.14743170000000008
StatTimingPodStorageCount: 106
StatTimingReplenishmentBatchingAverage: 7.05E-06
StatTimingReplenishmentBatchingOverall: 1.41E-05
StatTimingReplenishmentBatchingCount: 2
StatTimingOrderBatchingAverage: 8.068000000000002E-05
StatTimingOrderBatchingOverall: 0.062123600000000015
StatTimingOrderBatchingCount: 770
>>> Overall
StatOverallBundlesPlaced: 0
StatOverallItemsOrdered: 664
StatOverallOrdersPlaced: 421
StatOverallBundlesRejected: 0
StatOverallOrdersRejected: 0
StatOverallBundlesHandled: 0
StatOverallItemsHandled: 708
StatOverallLinesHandled: 669
StatOverallOrdersHandled: 457
StatOverallCollisions: 0
StatOverallDistanceTraveled: 5168.938457187949
StatOverallDistanceEstimated: 5078
StatOverallAssignedTasks: 220
StatMaxMemoryUsed: 145,67578125
StatRealTimeUsed: 0.9341579
StatAverageTurnoverTime: 464.9318466571183
StatMedianTurnoverTime: 310.62574313838104
StatLowerQuartileTurnoverTime: 165.46601731969827
StatUpperQuartileTurnoverTime: 638.9571284308118
StatAverageThroughputTime: 96.92979141116291
StatMedianThroughputTime: 23.094444444444477
StatLowerQuartileThroughputTime: 16.076017319698224
StatUpperQuartileThroughputTime: 87.01666666666674

Marked tag finished after 1 tries!
.Fin. - SUCCESS
<<< Welcome to the RAWSimO CLI >>>
The time is: 06/25/2024 19:24:53
Starting RAWSimO wrapper with the following arguments:
Instance: ..\..\..\..\Material\Instances\10.Weighted30min Demand Gall\Dr\Weighted2.xinst
Setting: ..\..\..\..\Material\Instances\10.Weighted30min Demand Gall\Dr\Weighted2.xsett
ControlConfig: ..\..\..\..\Material\Instances\10.Weighted30min Demand Gall\Dr\Weighted2.xconf
StatisticsDir: ..\..\..\..\Material\Instances\10.Weighted30min Demand Gall\Dr
Seed: 2
Additionally the following tag was passed: 1, 0.15454545454545457, 1.0, 0.091, 0.586, 1.0
Adding handler for unhandled exceptions ...
Initializing ... 
Instance recognized!
Parsing setting config ...
Parsing control config ...
Parsing instance ...
StatisticsFolder: Weighted2-Dr_[[1, 0.15454545454545457, 1.0]]_3_[0.091, 0.586, 1.0].csv-2
Done!
