<<< Welcome to the RAWSimO CLI >>>
The time is: 04/02/2024 13:32:06
Starting RAWSimO wrapper with the following arguments:
Instance: ..\..\..\..\Material\Instances\Eva\LargeBaseScenario.xinst
Setting: ..\..\..\..\Material\Instances\Eva\LargeBaseScenario1800sec.xsett
ControlConfig: ..\..\..\..\Material\Instances\Eva\LargeBaseScenario.xconf
StatisticsDir: ..\..\..\..\Material\Instances\Eva
Seed: 0
Adding handler for unhandled exceptions ...
Initializing ... 
Instance recognized!
Parsing setting config ...
Parsing control config ...
Parsing instance ...
StatisticsFolder: LargeBaseScenario-LargeBaseScenario1800sec-LargeBaseScenario-0
DataFile: TBD 
Done!
Executing ... 
 13:32:07 | >>> Warming up ...
 00:00:00 | >>> Warmup finished - starting simulation ...
 Realtime |   ETA    |  Sim.Time  | Progress | #Orders | #Bundles | Inv. | Distance | #Coll. |   Memory    
 00:00:00 |   n/a    | 0.00:00:00 |  0.00%   |    0    |    0     | 70%  |    0     |   0    |  79.41MB  
 00:00:03 | Cannot generate further orders - suspending generation for now
 00:00:03 | Cannot generate further orders - suspending generation for now
 00:00:03 | Cannot generate further orders - suspending generation for now
 00:00:03 | Cannot generate further orders - suspending generation for now
 00:00:03 | Cannot generate further orders - suspending generation for now
 00:00:04 | 00:00:00 | 0.00:30:00 | 100.00%  |   505   |    0     | 18%  |  14347   |   0    |  89.61MB  
 00:00:04 | >>> Simulation finished - writing results ...
 00:00:04 | >>> Results written
Simulation finished.
>>> Timings
StatTimingPathPlanningAverage: 0.00022014570074475239
StatTimingPathPlanningOverall: 0.32515519999999926
StatTimingPathPlanningCount: 1477
StatTimingTaskAllocationAverage: 0.004940012658227845
StatTimingTaskAllocationOverall: 2.3415659999999985
StatTimingTaskAllocationCount: 474
StatTimingItemStorageAverage: 3.0504252733900347E-06
StatTimingItemStorageOverall: 0.0025104999999999984
StatTimingItemStorageCount: 823
StatTimingPodStorageAverage: 0.004156971232876713
StatTimingPodStorageOverall: 0.9103767000000003
StatTimingPodStorageCount: 219
StatTimingReplenishmentBatchingAverage: 0.0015972
StatTimingReplenishmentBatchingOverall: 0.0047916
StatTimingReplenishmentBatchingCount: 3
StatTimingOrderBatchingAverage: 0.00020179017751479302
StatTimingOrderBatchingOverall: 0.1705127000000001
StatTimingOrderBatchingCount: 845
>>> Overall
StatOverallBundlesPlaced: 0
StatOverallItemsOrdered: 803
StatOverallOrdersPlaced: 491
StatOverallBundlesRejected: 0
StatOverallOrdersRejected: 0
StatOverallBundlesHandled: 0
StatOverallItemsHandled: 855
StatOverallLinesHandled: 810
StatOverallOrdersHandled: 505
StatOverallCollisions: 0
StatOverallDistanceTraveled: 14346.688609223444
StatOverallDistanceEstimated: 13695
StatOverallAssignedTasks: 474
StatMaxMemoryUsed: 89,61328125
StatRealTimeUsed: 4.0213429
StatAverageTurnoverTime: 515.7226253300149
StatMedianTurnoverTime: 385.4124026121267
StatLowerQuartileTurnoverTime: 203.07870849898478
StatUpperQuartileTurnoverTime: 739.2128967226198
StatAverageThroughputTime: 144.62040851645168
StatMedianThroughputTime: 90.86963202727111
StatLowerQuartileThroughputTime: 50.19000000000028
StatUpperQuartileThroughputTime: 161.1364104458528

Marked tag finished after 1 tries!
.Fin. - SUCCESS
