Executing ... 
 19:21:00 | >>> Warming up ...
 00:00:00 | >>> Warmup finished - starting simulation ...
 Realtime |   ETA    |  Sim.Time  | Progress | #Orders | #Bundles | Inv. | Distance | #Coll. |   Memory    
 00:00:00 |   n/a    | 0.00:00:00 |  0.00%   |    0    |    0     | 60%  |    0     |   0    | 112.02MB  
 00:00:00 | Cannot generate further orders - suspending generation for now
 00:00:00 | Cannot generate further orders - suspending generation for now
 00:00:00 | Cannot generate further orders - suspending generation for now
 00:00:00 | Cannot generate further orders - suspending generation for now
 00:00:00 | Cannot generate further orders - suspending generation for now
 00:00:00 | Cannot generate further orders - suspending generation for now
 00:00:00 | Cannot generate further orders - suspending generation for now
 00:00:00 | Cannot generate further orders - suspending generation for now
 00:00:00 | Cannot generate further orders - suspending generation for now
 00:00:00 | Cannot generate further orders - suspending generation for now
 00:00:00 | Cannot generate further orders - suspending generation for now
 00:00:00 | 00:00:00 | 0.00:30:00 | 100.00%  |   494   |    0     | 14%  |   4980   |   0    | 108.10MB  
 00:00:00 | >>> Simulation finished - writing results ...
 00:00:00 | >>> Results written
Simulation finished.
>>> Timings
StatTimingPathPlanningAverage: 9.048855421686746E-05
StatTimingPathPlanningOverall: 0.07510549999999999
StatTimingPathPlanningCount: 830
StatTimingTaskAllocationAverage: 0.0016195802884615392
StatTimingTaskAllocationOverall: 0.33687270000000014
StatTimingTaskAllocationCount: 208
StatTimingItemStorageAverage: 1.7332885906040204E-06
StatTimingItemStorageOverall: 0.0012912999999999952
StatTimingItemStorageCount: 745
StatTimingPodStorageAverage: 0.0014919979797979792
StatTimingPodStorageOverall: 0.14770779999999994
StatTimingPodStorageCount: 99
StatTimingReplenishmentBatchingAverage: 7.1E-06
StatTimingReplenishmentBatchingOverall: 1.42E-05
StatTimingReplenishmentBatchingCount: 2
StatTimingOrderBatchingAverage: 8.405812499999993E-05
StatTimingOrderBatchingOverall: 0.06724649999999995
StatTimingOrderBatchingCount: 800
>>> Overall
StatOverallBundlesPlaced: 0
StatOverallItemsOrdered: 656
StatOverallOrdersPlaced: 419
StatOverallBundlesRejected: 0
StatOverallOrdersRejected: 0
StatOverallBundlesHandled: 0
StatOverallItemsHandled: 770
StatOverallLinesHandled: 722
StatOverallOrdersHandled: 494
StatOverallCollisions: 0
StatOverallDistanceTraveled: 4980.485531693556
StatOverallDistanceEstimated: 4926
StatOverallAssignedTasks: 208
StatMaxMemoryUsed: 112,4375
StatRealTimeUsed: 0.9207044
StatAverageTurnoverTime: 458.6738674160018
StatMedianTurnoverTime: 326.9529653606037
StatLowerQuartileTurnoverTime: 155.28074313838135
StatUpperQuartileTurnoverTime: 651.5502813742386
StatAverageThroughputTime: 92.630204093645
StatMedianThroughputTime: 27.764999999999986
StatLowerQuartileThroughputTime: 16.253701306063533
StatUpperQuartileThroughputTime: 86.79249640353919

Marked tag finished after 1 tries!
.Fin. - SUCCESS
<<< Welcome to the RAWSimO CLI >>>
The time is: 06/25/2024 19:21:01
Starting RAWSimO wrapper with the following arguments:
Instance: ..\..\..\..\Material\Instances\10.Weighted30min Demand Gall\Dp\Weighted2.xinst
Setting: ..\..\..\..\Material\Instances\10.Weighted30min Demand Gall\Dp\Weighted2.xsett
ControlConfig: ..\..\..\..\Material\Instances\10.Weighted30min Demand Gall\Dp\Weighted2.xconf
StatisticsDir: ..\..\..\..\Material\Instances\10.Weighted30min Demand Gall\Dp
Seed: 1
Additionally the following tag was passed: 1, 0.37, 1.0, 0.158, 0.427, 1.0
Adding handler for unhandled exceptions ...
Initializing ... 
Instance recognized!
Parsing setting config ...
Parsing control config ...
Parsing instance ...
StatisticsFolder: Weighted2-Dp_[[1, 0.37, 1.0]]_1_[0.158, 0.427, 1.0].csv-1
Done!
