Executing ... 
 09:24:50 | >>> Warming up ...
 00:00:00 | >>> Warmup finished - starting simulation ...
 Realtime |   ETA    |  Sim.Time  | Progress | #Orders | #Bundles | Inv. | Distance | #Coll. |   Memory    
 00:00:00 |   n/a    | 0.00:00:00 |  0.00%   |    0    |    0     | 60%  |    0     |   0    |  78.82MB  
 00:00:00 | Cannot generate further orders - suspending generation for now
 00:00:00 | Cannot generate further orders - suspending generation for now
 00:00:00 | Cannot generate further orders - suspending generation for now
 00:00:00 | Cannot generate further orders - suspending generation for now
 00:00:00 | Cannot generate further orders - suspending generation for now
 00:00:01 | Cannot generate further orders - suspending generation for now
 00:00:01 | Cannot generate further orders - suspending generation for now
 00:00:01 | Cannot generate further orders - suspending generation for now
 00:00:01 | Cannot generate further orders - suspending generation for now
 00:00:01 | 00:00:00 | 0.00:30:00 | 100.00%  |   492   |    0     | 16%  |   5130   |   0    |  73.76MB  
 00:00:01 | >>> Simulation finished - writing results ...
 00:00:01 | >>> Results written
Simulation finished.
>>> Timings
StatTimingPathPlanningAverage: 9.43046373365042E-05
StatTimingPathPlanningOverall: 0.07931020000000003
StatTimingPathPlanningCount: 841
StatTimingTaskAllocationAverage: 0.002017905238095238
StatTimingTaskAllocationOverall: 0.4237601
StatTimingTaskAllocationCount: 210
StatTimingItemStorageAverage: 9.594182825484794E-07
StatTimingItemStorageOverall: 0.000692700000000002
StatTimingItemStorageCount: 722
StatTimingPodStorageAverage: 0.0016039534653465343
StatTimingPodStorageOverall: 0.16199929999999996
StatTimingPodStorageCount: 101
StatTimingReplenishmentBatchingAverage: 8.1E-06
StatTimingReplenishmentBatchingOverall: 1.62E-05
StatTimingReplenishmentBatchingCount: 2
StatTimingOrderBatchingAverage: 8.730854271356788E-05
StatTimingOrderBatchingOverall: 0.06949760000000003
StatTimingOrderBatchingCount: 796
>>> Overall
StatOverallBundlesPlaced: 0
StatOverallItemsOrdered: 656
StatOverallOrdersPlaced: 429
StatOverallBundlesRejected: 0
StatOverallOrdersRejected: 0
StatOverallBundlesHandled: 0
StatOverallItemsHandled: 739
StatOverallLinesHandled: 700
StatOverallOrdersHandled: 492
StatOverallCollisions: 0
StatOverallDistanceTraveled: 5129.931809312174
StatOverallDistanceEstimated: 4994
StatOverallAssignedTasks: 210
StatMaxMemoryUsed: 78,7265625
StatRealTimeUsed: 1.092381
StatAverageTurnoverTime: 442.08400343063107
StatMedianTurnoverTime: 244.53573594545765
StatLowerQuartileTurnoverTime: 94.95333333333338
StatUpperQuartileTurnoverTime: 581.9423232065609
StatAverageThroughputTime: 93.28285406423092
StatMedianThroughputTime: 20.668888888889
StatLowerQuartileThroughputTime: 12.663888888888891
StatUpperQuartileThroughputTime: 73.50277777777865

Marked tag finished after 1 tries!
.Fin. - SUCCESS
<<< Welcome to the RAWSimO CLI >>>
The time is: 06/13/2024 09:24:51
Starting RAWSimO wrapper with the following arguments:
Instance: ..\..\..\..\Material\Instances\0.Weighted30min Demand separate\Da\Weighted2.xinst
Setting: ..\..\..\..\Material\Instances\0.Weighted30min Demand separate\Da\Weighted2.xsett
ControlConfig: ..\..\..\..\Material\Instances\0.Weighted30min Demand separate\Da\Weighted2.xconf
StatisticsDir: ..\..\..\..\Material\Instances\0.Weighted30min Demand separate\Da
Seed: 3
Additionally the following tag was passed: 1, 1, 1, 0.236, 0.23, 0.25
Adding handler for unhandled exceptions ...
Initializing ... 
Instance recognized!
Parsing setting config ...
Parsing control config ...
Parsing instance ...
StatisticsFolder: Weighted2-Da_[[1, 1, 1]]_2_[0.236, 0.23, 0.25].csv-3
Done!
