Executing ... 
 19:28:24 | >>> Warming up ...
 00:00:00 | >>> Warmup finished - starting simulation ...
 Realtime |   ETA    |  Sim.Time  | Progress | #Orders | #Bundles | Inv. | Distance | #Coll. |   Memory    
 00:00:00 |   n/a    | 0.00:00:00 |  0.00%   |    0    |    0     | 60%  |    0     |   0    | 155.71MB  
 00:00:00 | Cannot generate further orders - suspending generation for now
 00:00:00 | Cannot generate further orders - suspending generation for now
 00:00:00 | Cannot generate further orders - suspending generation for now
 00:00:00 | Cannot generate further orders - suspending generation for now
 00:00:00 | Cannot generate further orders - suspending generation for now
 00:00:00 | Cannot generate further orders - suspending generation for now
 00:00:00 | Cannot generate further orders - suspending generation for now
 00:00:00 | Cannot generate further orders - suspending generation for now
 00:00:00 | Cannot generate further orders - suspending generation for now
 00:00:01 | Cannot generate further orders - suspending generation for now
 00:00:01 | 00:00:00 | 0.00:30:00 | 100.00%  |   490   |    0     | 13%  |   4952   |   0    | 150.50MB  
 00:00:01 | >>> Simulation finished - writing results ...
 00:00:01 | >>> Results written
Simulation finished.
>>> Timings
StatTimingPathPlanningAverage: 9.423362944162429E-05
StatTimingPathPlanningOverall: 0.07425609999999994
StatTimingPathPlanningCount: 788
StatTimingTaskAllocationAverage: 0.0018604032710280369
StatTimingTaskAllocationOverall: 0.3981262999999999
StatTimingTaskAllocationCount: 214
StatTimingItemStorageAverage: 9.898950131233626E-07
StatTimingItemStorageOverall: 0.0007543000000000023
StatTimingItemStorageCount: 762
StatTimingPodStorageAverage: 0.0016164640776699017
StatTimingPodStorageOverall: 0.1664957999999999
StatTimingPodStorageCount: 103
StatTimingReplenishmentBatchingAverage: 7.4E-06
StatTimingReplenishmentBatchingOverall: 1.48E-05
StatTimingReplenishmentBatchingCount: 2
StatTimingOrderBatchingAverage: 9.953935242839327E-05
StatTimingOrderBatchingOverall: 0.0799300999999998
StatTimingOrderBatchingCount: 803
>>> Overall
StatOverallBundlesPlaced: 0
StatOverallItemsOrdered: 667
StatOverallOrdersPlaced: 410
StatOverallBundlesRejected: 0
StatOverallOrdersRejected: 0
StatOverallBundlesHandled: 0
StatOverallItemsHandled: 779
StatOverallLinesHandled: 726
StatOverallOrdersHandled: 490
StatOverallCollisions: 0
StatOverallDistanceTraveled: 4951.615568046743
StatOverallDistanceEstimated: 4842
StatOverallAssignedTasks: 214
StatMaxMemoryUsed: 154,0078125
StatRealTimeUsed: 1.017729
StatAverageTurnoverTime: 460.10467053140655
StatMedianTurnoverTime: 346.77823234899756
StatLowerQuartileTurnoverTime: 156.83787156919024
StatUpperQuartileTurnoverTime: 654.1728787621117
StatAverageThroughputTime: 94.32864294406286
StatMedianThroughputTime: 28.20703463939617
StatLowerQuartileThroughputTime: 16.482777777777756
StatUpperQuartileThroughputTime: 83.11564934696912

Marked tag finished after 1 tries!
.Fin. - SUCCESS
<<< Welcome to the RAWSimO CLI >>>
The time is: 06/25/2024 19:28:25
Starting RAWSimO wrapper with the following arguments:
Instance: ..\..\..\..\Material\Instances\10.Weighted30min Demand Gall\Dr\Weighted2.xinst
Setting: ..\..\..\..\Material\Instances\10.Weighted30min Demand Gall\Dr\Weighted2.xsett
ControlConfig: ..\..\..\..\Material\Instances\10.Weighted30min Demand Gall\Dr\Weighted2.xconf
StatisticsDir: ..\..\..\..\Material\Instances\10.Weighted30min Demand Gall\Dr
Seed: 5
Additionally the following tag was passed: 1, 1.6, 1.0, 0.216, 0.143, 1.0
Adding handler for unhandled exceptions ...
Initializing ... 
Instance recognized!
Parsing setting config ...
Parsing control config ...
Parsing instance ...
StatisticsFolder: Weighted2-Dr_[[1, 1.6, 1.0]]_3_[0.216, 0.143, 1.0].csv-5
Done!
