Executing ... 
 09:40:44 | >>> Warming up ...
 00:00:00 | >>> Warmup finished - starting simulation ...
 Realtime |   ETA    |  Sim.Time  | Progress | #Orders | #Bundles | Inv. | Distance | #Coll. |   Memory    
 00:00:00 |   n/a    | 0.00:00:00 |  0.00%   |    0    |    0     | 60%  |    0     |   0    |  78.01MB  
 00:00:00 | Cannot generate further orders - suspending generation for now
 00:00:00 | Cannot generate further orders - suspending generation for now
 00:00:00 | Cannot generate further orders - suspending generation for now
 00:00:00 | Cannot generate further orders - suspending generation for now
 00:00:00 | Cannot generate further orders - suspending generation for now
 00:00:00 | Cannot generate further orders - suspending generation for now
 00:00:00 | Cannot generate further orders - suspending generation for now
 00:00:00 | Cannot generate further orders - suspending generation for now
 00:00:01 | Cannot generate further orders - suspending generation for now
 00:00:01 | 00:00:00 | 0.00:30:00 | 100.00%  |   488   |    0     | 15%  |   5053   |   0    |  74.23MB  
 00:00:01 | >>> Simulation finished - writing results ...
 00:00:01 | >>> Results written
Simulation finished.
>>> Timings
StatTimingPathPlanningAverage: 9.73690058479532E-05
StatTimingPathPlanningOverall: 0.08325049999999998
StatTimingPathPlanningCount: 855
StatTimingTaskAllocationAverage: 0.001910581683168318
StatTimingTaskAllocationOverall: 0.38593750000000027
StatTimingTaskAllocationCount: 202
StatTimingItemStorageAverage: 9.410788381742746E-07
StatTimingItemStorageOverall: 0.0006804000000000005
StatTimingItemStorageCount: 723
StatTimingPodStorageAverage: 0.0016720515463917525
StatTimingPodStorageOverall: 0.162189
StatTimingPodStorageCount: 97
StatTimingReplenishmentBatchingAverage: 7.1E-06
StatTimingReplenishmentBatchingOverall: 1.42E-05
StatTimingReplenishmentBatchingCount: 2
StatTimingOrderBatchingAverage: 8.875562579013905E-05
StatTimingOrderBatchingOverall: 0.0702057
StatTimingOrderBatchingCount: 791
>>> Overall
StatOverallBundlesPlaced: 0
StatOverallItemsOrdered: 658
StatOverallOrdersPlaced: 430
StatOverallBundlesRejected: 0
StatOverallOrdersRejected: 0
StatOverallBundlesHandled: 0
StatOverallItemsHandled: 742
StatOverallLinesHandled: 702
StatOverallOrdersHandled: 488
StatOverallCollisions: 0
StatOverallDistanceTraveled: 5053.148584930622
StatOverallDistanceEstimated: 4926
StatOverallAssignedTasks: 202
StatMaxMemoryUsed: 78,01171875
StatRealTimeUsed: 1.0275454
StatAverageTurnoverTime: 489.4128616848099
StatMedianTurnoverTime: 355.50888888888903
StatLowerQuartileTurnoverTime: 114.34499999999998
StatUpperQuartileTurnoverTime: 677.4088888888895
StatAverageThroughputTime: 92.16655422589997
StatMedianThroughputTime: 24.8216666666666
StatLowerQuartileThroughputTime: 16.122871569190693
StatUpperQuartileThroughputTime: 79.94777777777858

Marked tag finished after 1 tries!
.Fin. - SUCCESS
<<< Welcome to the RAWSimO CLI >>>
The time is: 06/13/2024 09:40:45
Starting RAWSimO wrapper with the following arguments:
Instance: ..\..\..\..\Material\Instances\0.Weighted30min Demand separate\Da\Weighted2.xinst
Setting: ..\..\..\..\Material\Instances\0.Weighted30min Demand separate\Da\Weighted2.xsett
ControlConfig: ..\..\..\..\Material\Instances\0.Weighted30min Demand separate\Da\Weighted2.xconf
StatisticsDir: ..\..\..\..\Material\Instances\0.Weighted30min Demand separate\Da
Seed: 3
Additionally the following tag was passed: 1, 6.0207999999999995, 1.039, 0.259, 0.1, 0.25
Adding handler for unhandled exceptions ...
Initializing ... 
Instance recognized!
Parsing setting config ...
Parsing control config ...
Parsing instance ...
StatisticsFolder: Weighted2-Da_[[1, 6.0207999999999995, 1.039]]_2_[0.259, 0.1, 0.25].csv-3
Done!
