Executing ... 
 19:10:46 | >>> Warming up ...
 00:00:00 | >>> Warmup finished - starting simulation ...
 Realtime |   ETA    |  Sim.Time  | Progress | #Orders | #Bundles | Inv. | Distance | #Coll. |   Memory    
 00:00:00 |   n/a    | 0.00:00:00 |  0.00%   |    0    |    0     | 60%  |    0     |   0    |  88.51MB  
 00:00:00 | Cannot generate further orders - suspending generation for now
 00:00:00 | Cannot generate further orders - suspending generation for now
 00:00:00 | Cannot generate further orders - suspending generation for now
 00:00:00 | Cannot generate further orders - suspending generation for now
 00:00:00 | Cannot generate further orders - suspending generation for now
 00:00:00 | Cannot generate further orders - suspending generation for now
 00:00:01 | Cannot generate further orders - suspending generation for now
 00:00:01 | Cannot generate further orders - suspending generation for now
 00:00:01 | 00:00:00 | 0.00:30:00 | 100.00%  |   465   |    0     | 18%  |   5231   |   0    |  74.39MB  
 00:00:01 | >>> Simulation finished - writing results ...
 00:00:01 | >>> Results written
Simulation finished.
>>> Timings
StatTimingPathPlanningAverage: 9.116307151230948E-05
StatTimingPathPlanningOverall: 0.07776209999999999
StatTimingPathPlanningCount: 853
StatTimingTaskAllocationAverage: 0.001976308715596332
StatTimingTaskAllocationOverall: 0.4308353000000004
StatTimingTaskAllocationCount: 218
StatTimingItemStorageAverage: 1.0686046511627913E-06
StatTimingItemStorageOverall: 0.0007352000000000004
StatTimingItemStorageCount: 688
StatTimingPodStorageAverage: 0.0016588336538461543
StatTimingPodStorageOverall: 0.17251870000000005
StatTimingPodStorageCount: 104
StatTimingReplenishmentBatchingAverage: 7.8E-06
StatTimingReplenishmentBatchingOverall: 1.56E-05
StatTimingReplenishmentBatchingCount: 2
StatTimingOrderBatchingAverage: 8.592209150326789E-05
StatTimingOrderBatchingOverall: 0.06573039999999994
StatTimingOrderBatchingCount: 765
>>> Overall
StatOverallBundlesPlaced: 0
StatOverallItemsOrdered: 657
StatOverallOrdersPlaced: 418
StatOverallBundlesRejected: 0
StatOverallOrdersRejected: 0
StatOverallBundlesHandled: 0
StatOverallItemsHandled: 704
StatOverallLinesHandled: 663
StatOverallOrdersHandled: 465
StatOverallCollisions: 0
StatOverallDistanceTraveled: 5231.268890444905
StatOverallDistanceEstimated: 5150
StatOverallAssignedTasks: 218
StatMaxMemoryUsed: 87,578125
StatRealTimeUsed: 1.0705147
StatAverageTurnoverTime: 462.2187381000996
StatMedianTurnoverTime: 298.70045457122194
StatLowerQuartileTurnoverTime: 117.42259738787374
StatUpperQuartileTurnoverTime: 677.6933333333336
StatAverageThroughputTime: 90.42520279574035
StatMedianThroughputTime: 19.892864376269586
StatLowerQuartileThroughputTime: 12.822965360603519
StatUpperQuartileThroughputTime: 73.83379509747738

Marked tag finished after 1 tries!
.Fin. - SUCCESS
<<< Welcome to the RAWSimO CLI >>>
The time is: 06/12/2024 19:10:47
Starting RAWSimO wrapper with the following arguments:
Instance: ..\..\..\..\Material\Instances\0.Weighted30min Demand separate\Da\Weighted2.xinst
Setting: ..\..\..\..\Material\Instances\0.Weighted30min Demand separate\Da\Weighted2.xsett
ControlConfig: ..\..\..\..\Material\Instances\0.Weighted30min Demand separate\Da\Weighted2.xconf
StatisticsDir: ..\..\..\..\Material\Instances\0.Weighted30min Demand separate\Da
Seed: 2
Additionally the following tag was passed: [[1, 2.539, 0.052]]
Adding handler for unhandled exceptions ...
Initializing ... 
Instance recognized!
Parsing setting config ...
Parsing control config ...
Parsing instance ...
StatisticsFolder: Weighted2-Da_[[1, 2.539, 0.052]]_2.csv-2
Done!
