Executing ... 
 16:48:16 | >>> Warming up ...
 00:00:00 | >>> Warmup finished - starting simulation ...
 Realtime |   ETA    |  Sim.Time  | Progress | #Orders | #Bundles | Inv. | Distance | #Coll. |   Memory    
 00:00:00 |   n/a    | 0.00:00:00 |  0.00%   |    0    |    0     | 60%  |    0     |   0    |  71.96MB  
 00:00:00 | Cannot generate further orders - suspending generation for now
 00:00:00 | Cannot generate further orders - suspending generation for now
 00:00:00 | Cannot generate further orders - suspending generation for now
 00:00:00 | Cannot generate further orders - suspending generation for now
 00:00:00 | Cannot generate further orders - suspending generation for now
 00:00:00 | Cannot generate further orders - suspending generation for now
 00:00:01 | 00:00:00 | 0.00:30:00 | 100.00%  |   439   |    0     | 20%  |   5334   |   0    |  73.56MB  
 00:00:01 | >>> Simulation finished - writing results ...
 00:00:01 | >>> Results written
Simulation finished.
>>> Timings
StatTimingPathPlanningAverage: 8.64633835457706E-05
StatTimingPathPlanningOverall: 0.07461790000000003
StatTimingPathPlanningCount: 863
StatTimingTaskAllocationAverage: 0.0015907452282157668
StatTimingTaskAllocationOverall: 0.3833695999999998
StatTimingTaskAllocationCount: 241
StatTimingItemStorageAverage: 1.005727554179571E-06
StatTimingItemStorageOverall: 0.0006497000000000028
StatTimingItemStorageCount: 646
StatTimingPodStorageAverage: 0.0012672068965517238
StatTimingPodStorageOverall: 0.14699599999999996
StatTimingPodStorageCount: 116
StatTimingReplenishmentBatchingAverage: 8.05E-06
StatTimingReplenishmentBatchingOverall: 1.61E-05
StatTimingReplenishmentBatchingCount: 2
StatTimingOrderBatchingAverage: 8.210592991913746E-05
StatTimingOrderBatchingOverall: 0.06092259999999999
StatTimingOrderBatchingCount: 742
>>> Overall
StatOverallBundlesPlaced: 0
StatOverallItemsOrdered: 663
StatOverallOrdersPlaced: 421
StatOverallBundlesRejected: 0
StatOverallOrdersRejected: 0
StatOverallBundlesHandled: 0
StatOverallItemsHandled: 661
StatOverallLinesHandled: 619
StatOverallOrdersHandled: 439
StatOverallCollisions: 0
StatOverallDistanceTraveled: 5334.396954326148
StatOverallDistanceEstimated: 5199
StatOverallAssignedTasks: 241
StatMaxMemoryUsed: 73,5625
StatRealTimeUsed: 1.0043756
StatAverageTurnoverTime: 454.949644226749
StatMedianTurnoverTime: 310.83342712474644
StatLowerQuartileTurnoverTime: 120.40222222222235
StatUpperQuartileTurnoverTime: 635.0319408479838
StatAverageThroughputTime: 90.00670555122402
StatMedianThroughputTime: 16.223333333333585
StatLowerQuartileThroughputTime: 11.847777777777992
StatUpperQuartileThroughputTime: 64.1257431383824

Marked tag finished after 1 tries!
.Fin. - SUCCESS
<<< Welcome to the RAWSimO CLI >>>
The time is: 06/03/2024 16:48:17
Starting RAWSimO wrapper with the following arguments:
Instance: ..\..\..\..\Material\Instances\0.Weighted30min\Weighted2.xinst
Setting: ..\..\..\..\Material\Instances\0.Weighted30min\Weighted2.xsett
ControlConfig: ..\..\..\..\Material\Instances\0.Weighted30min\Weighted2.xconf
StatisticsDir: ..\..\..\..\Material\Instances\0.Weighted30min
Seed: 2
Additionally the following tag was passed: Ddwhigh
Adding handler for unhandled exceptions ...
Initializing ... 
Instance recognized!
Parsing setting config ...
Parsing control config ...
Parsing instance ...
StatisticsFolder: Weighted2-Dd_whigh_1.csv-2
Done!
