Executing ... 
 16:48:17 | >>> Warming up ...
 00:00:00 | >>> Warmup finished - starting simulation ...
 Realtime |   ETA    |  Sim.Time  | Progress | #Orders | #Bundles | Inv. | Distance | #Coll. |   Memory    
 00:00:00 |   n/a    | 0.00:00:00 |  0.00%   |    0    |    0     | 60%  |    0     |   0    |  85.36MB  
 00:00:00 | Cannot generate further orders - suspending generation for now
 00:00:00 | Cannot generate further orders - suspending generation for now
 00:00:00 | Cannot generate further orders - suspending generation for now
 00:00:00 | Cannot generate further orders - suspending generation for now
 00:00:00 | Cannot generate further orders - suspending generation for now
 00:00:00 | Cannot generate further orders - suspending generation for now
 00:00:00 | Cannot generate further orders - suspending generation for now
 00:00:00 | Cannot generate further orders - suspending generation for now
 00:00:00 | Cannot generate further orders - suspending generation for now
 00:00:00 | Cannot generate further orders - suspending generation for now
 00:00:01 | 00:00:00 | 0.00:30:00 | 100.00%  |   532   |    0     | 11%  |   4774   |   0    |  85.00MB  
 00:00:01 | >>> Simulation finished - writing results ...
 00:00:01 | >>> Results written
Simulation finished.
>>> Timings
StatTimingPathPlanningAverage: 9.730945273631847E-05
StatTimingPathPlanningOverall: 0.07823680000000005
StatTimingPathPlanningCount: 804
StatTimingTaskAllocationAverage: 0.001771120689655173
StatTimingTaskAllocationOverall: 0.3595375000000001
StatTimingTaskAllocationCount: 203
StatTimingItemStorageAverage: 9.097989949748766E-07
StatTimingItemStorageOverall: 0.0007242000000000018
StatTimingItemStorageCount: 796
StatTimingPodStorageAverage: 0.001591991666666667
StatTimingPodStorageOverall: 0.15283120000000003
StatTimingPodStorageCount: 96
StatTimingReplenishmentBatchingAverage: 7.95E-06
StatTimingReplenishmentBatchingOverall: 1.59E-05
StatTimingReplenishmentBatchingCount: 2
StatTimingOrderBatchingAverage: 9.144963768115942E-05
StatTimingOrderBatchingOverall: 0.0757203
StatTimingOrderBatchingCount: 828
>>> Overall
StatOverallBundlesPlaced: 0
StatOverallItemsOrdered: 664
StatOverallOrdersPlaced: 429
StatOverallBundlesRejected: 0
StatOverallOrdersRejected: 0
StatOverallBundlesHandled: 0
StatOverallItemsHandled: 822
StatOverallLinesHandled: 781
StatOverallOrdersHandled: 532
StatOverallCollisions: 0
StatOverallDistanceTraveled: 4773.904460802456
StatOverallDistanceEstimated: 4678
StatOverallAssignedTasks: 203
StatMaxMemoryUsed: 84,99609375
StatRealTimeUsed: 1.0187015
StatAverageTurnoverTime: 465.60686459282886
StatMedianTurnoverTime: 298.70611111111106
StatLowerQuartileTurnoverTime: 128.98731601363517
StatUpperQuartileTurnoverTime: 714.8316666666667
StatAverageThroughputTime: 88.74301942498465
StatMedianThroughputTime: 28.60666666666725
StatLowerQuartileThroughputTime: 17.008427124746234
StatUpperQuartileThroughputTime: 79.89388888888993

Marked tag finished after 1 tries!
.Fin. - SUCCESS
<<< Welcome to the RAWSimO CLI >>>
The time is: 06/03/2024 16:48:18
Starting RAWSimO wrapper with the following arguments:
Instance: ..\..\..\..\Material\Instances\0.Weighted30min\Weighted2.xinst
Setting: ..\..\..\..\Material\Instances\0.Weighted30min\Weighted2.xsett
ControlConfig: ..\..\..\..\Material\Instances\0.Weighted30min\Weighted2.xconf
StatisticsDir: ..\..\..\..\Material\Instances\0.Weighted30min
Seed: 1
Additionally the following tag was passed: Ddwhigh
Adding handler for unhandled exceptions ...
Initializing ... 
Instance recognized!
Parsing setting config ...
Parsing control config ...
Parsing instance ...
StatisticsFolder: Weighted2-Dd_whigh_2.csv-1
Done!
