Executing ... 
 09:39:42 | >>> Warming up ...
 00:00:00 | >>> Warmup finished - starting simulation ...
 Realtime |   ETA    |  Sim.Time  | Progress | #Orders | #Bundles | Inv. | Distance | #Coll. |   Memory    
 00:00:00 |   n/a    | 0.00:00:00 |  0.00%   |    0    |    0     | 60%  |    0     |   0    |  81.40MB  
 00:00:00 | Cannot generate further orders - suspending generation for now
 00:00:00 | Cannot generate further orders - suspending generation for now
 00:00:00 | Cannot generate further orders - suspending generation for now
 00:00:00 | Cannot generate further orders - suspending generation for now
 00:00:00 | Cannot generate further orders - suspending generation for now
 00:00:01 | Cannot generate further orders - suspending generation for now
 00:00:01 | Cannot generate further orders - suspending generation for now
 00:00:01 | Cannot generate further orders - suspending generation for now
 00:00:01 | Cannot generate further orders - suspending generation for now
 00:00:01 | Cannot generate further orders - suspending generation for now
 00:00:01 | 00:00:00 | 0.00:30:00 | 100.00%  |   474   |    0     | 17%  |   5234   |   0    |  83.64MB  
 00:00:01 | >>> Simulation finished - writing results ...
 00:00:01 | >>> Results written
Simulation finished.
>>> Timings
StatTimingPathPlanningAverage: 9.644882629107993E-05
StatTimingPathPlanningOverall: 0.0821744000000001
StatTimingPathPlanningCount: 852
StatTimingTaskAllocationAverage: 0.002098642201834864
StatTimingTaskAllocationOverall: 0.4575040000000003
StatTimingTaskAllocationCount: 218
StatTimingItemStorageAverage: 1.0257102272727293E-06
StatTimingItemStorageOverall: 0.0007221000000000015
StatTimingItemStorageCount: 704
StatTimingPodStorageAverage: 0.001587528846153846
StatTimingPodStorageOverall: 0.16510299999999997
StatTimingPodStorageCount: 104
StatTimingReplenishmentBatchingAverage: 1.155E-05
StatTimingReplenishmentBatchingOverall: 2.31E-05
StatTimingReplenishmentBatchingCount: 2
StatTimingOrderBatchingAverage: 0.00010012554002541286
StatTimingOrderBatchingOverall: 0.07879879999999992
StatTimingOrderBatchingCount: 787
>>> Overall
StatOverallBundlesPlaced: 0
StatOverallItemsOrdered: 637
StatOverallOrdersPlaced: 413
StatOverallBundlesRejected: 0
StatOverallOrdersRejected: 0
StatOverallBundlesHandled: 0
StatOverallItemsHandled: 720
StatOverallLinesHandled: 681
StatOverallOrdersHandled: 474
StatOverallCollisions: 0
StatOverallDistanceTraveled: 5234.213020423984
StatOverallDistanceEstimated: 5084
StatOverallAssignedTasks: 218
StatMaxMemoryUsed: 86,2421875
StatRealTimeUsed: 1.1607033
StatAverageTurnoverTime: 430.63927258898303
StatMedianTurnoverTime: 248.92194804090533
StatLowerQuartileTurnoverTime: 101.22860751465015
StatUpperQuartileTurnoverTime: 653.7668614424206
StatAverageThroughputTime: 85.39961822772214
StatMedianThroughputTime: 19.74944444444509
StatLowerQuartileThroughputTime: 12.44777777777773
StatUpperQuartileThroughputTime: 73.92888888888922

Marked tag finished after 1 tries!
.Fin. - SUCCESS
<<< Welcome to the RAWSimO CLI >>>
The time is: 06/13/2024 09:39:44
Starting RAWSimO wrapper with the following arguments:
Instance: ..\..\..\..\Material\Instances\0.Weighted30min Demand separate\Da\Weighted2.xinst
Setting: ..\..\..\..\Material\Instances\0.Weighted30min Demand separate\Da\Weighted2.xsett
ControlConfig: ..\..\..\..\Material\Instances\0.Weighted30min Demand separate\Da\Weighted2.xconf
StatisticsDir: ..\..\..\..\Material\Instances\0.Weighted30min Demand separate\Da
Seed: 3
Additionally the following tag was passed: 1, 4.0312, 0.71, 0.224, 0.1, 0.312
Adding handler for unhandled exceptions ...
Initializing ... 
Instance recognized!
Parsing setting config ...
Parsing control config ...
Parsing instance ...
StatisticsFolder: Weighted2-Da_[[1, 4.0312, 0.71]]_2_[0.224, 0.1, 0.312].csv-3
Done!
