Executing ... 
 09:46:50 | >>> Warming up ...
 00:00:00 | >>> Warmup finished - starting simulation ...
 Realtime |   ETA    |  Sim.Time  | Progress | #Orders | #Bundles | Inv. | Distance | #Coll. |   Memory    
 00:00:00 |   n/a    | 0.00:00:00 |  0.00%   |    0    |    0     | 60%  |    0     |   0    | 102.25MB  
 00:00:00 | Cannot generate further orders - suspending generation for now
 00:00:00 | Cannot generate further orders - suspending generation for now
 00:00:00 | Cannot generate further orders - suspending generation for now
 00:00:00 | Cannot generate further orders - suspending generation for now
 00:00:00 | Cannot generate further orders - suspending generation for now
 00:00:00 | Cannot generate further orders - suspending generation for now
 00:00:01 | Cannot generate further orders - suspending generation for now
 00:00:01 | Cannot generate further orders - suspending generation for now
 00:00:01 | 00:00:00 | 0.00:30:00 | 100.00%  |   479   |    0     | 15%  |   5137   |   0    | 105.33MB  
 00:00:01 | >>> Simulation finished - writing results ...
 00:00:01 | >>> Results written
Simulation finished.
>>> Timings
StatTimingPathPlanningAverage: 8.430910179640716E-05
StatTimingPathPlanningOverall: 0.07039809999999998
StatTimingPathPlanningCount: 835
StatTimingTaskAllocationAverage: 0.001984027142857143
StatTimingTaskAllocationOverall: 0.41664570000000006
StatTimingTaskAllocationCount: 210
StatTimingItemStorageAverage: 9.401106500691568E-07
StatTimingItemStorageOverall: 0.0006797000000000004
StatTimingItemStorageCount: 723
StatTimingPodStorageAverage: 0.001793377
StatTimingPodStorageOverall: 0.17933770000000002
StatTimingPodStorageCount: 100
StatTimingReplenishmentBatchingAverage: 1.2050000000000002E-05
StatTimingReplenishmentBatchingOverall: 2.4100000000000003E-05
StatTimingReplenishmentBatchingCount: 2
StatTimingOrderBatchingAverage: 8.871582278481007E-05
StatTimingOrderBatchingOverall: 0.07008549999999995
StatTimingOrderBatchingCount: 790
>>> Overall
StatOverallBundlesPlaced: 0
StatOverallItemsOrdered: 667
StatOverallOrdersPlaced: 421
StatOverallBundlesRejected: 0
StatOverallOrdersRejected: 0
StatOverallBundlesHandled: 0
StatOverallItemsHandled: 743
StatOverallLinesHandled: 702
StatOverallOrdersHandled: 479
StatOverallCollisions: 0
StatOverallDistanceTraveled: 5137.405628709813
StatOverallDistanceEstimated: 5047
StatOverallAssignedTasks: 210
StatMaxMemoryUsed: 107,4609375
StatRealTimeUsed: 1.0460047
StatAverageTurnoverTime: 482.00937002547107
StatMedianTurnoverTime: 307.52046895706496
StatLowerQuartileTurnoverTime: 129.69509379141272
StatUpperQuartileTurnoverTime: 745.87934346011
StatAverageThroughputTime: 89.7079819512083
StatMedianThroughputTime: 24.649444444444384
StatLowerQuartileThroughputTime: 16.493982680301656
StatUpperQuartileThroughputTime: 83.61620490252426

Marked tag finished after 1 tries!
.Fin. - SUCCESS
<<< Welcome to the RAWSimO CLI >>>
The time is: 06/13/2024 09:46:51
Starting RAWSimO wrapper with the following arguments:
Instance: ..\..\..\..\Material\Instances\0.Weighted30min Demand separate\Db\Weighted2.xinst
Setting: ..\..\..\..\Material\Instances\0.Weighted30min Demand separate\Db\Weighted2.xsett
ControlConfig: ..\..\..\..\Material\Instances\0.Weighted30min Demand separate\Db\Weighted2.xconf
StatisticsDir: ..\..\..\..\Material\Instances\0.Weighted30min Demand separate\Db
Seed: 2
Additionally the following tag was passed: 1, 1.0478, 0.794, 0.229, 0.22, 0.333
Adding handler for unhandled exceptions ...
Initializing ... 
Instance recognized!
Parsing setting config ...
Parsing control config ...
Parsing instance ...
StatisticsFolder: Weighted2-Db_[[1, 1.0478, 0.794]]_2_[0.229, 0.22, 0.333].csv-2
Done!
