Executing ... 
 18:20:27 | >>> Warming up ...
 00:00:00 | >>> Warmup finished - starting simulation ...
 Realtime |   ETA    |  Sim.Time  | Progress | #Orders | #Bundles | Inv. | Distance | #Coll. |   Memory    
 00:00:00 |   n/a    | 0.00:00:00 |  0.00%   |    0    |    0     | 60%  |    0     |   0    |  80.96MB  
 00:00:00 | Cannot generate further orders - suspending generation for now
 00:00:00 | Cannot generate further orders - suspending generation for now
 00:00:00 | Cannot generate further orders - suspending generation for now
 00:00:00 | Cannot generate further orders - suspending generation for now
 00:00:00 | Cannot generate further orders - suspending generation for now
 00:00:00 | Cannot generate further orders - suspending generation for now
 00:00:00 | Cannot generate further orders - suspending generation for now
 00:00:01 | Cannot generate further orders - suspending generation for now
 00:00:01 | Cannot generate further orders - suspending generation for now
 00:00:01 | Cannot generate further orders - suspending generation for now
 00:00:01 | 00:00:00 | 0.00:30:00 | 100.00%  |   492   |    0     | 15%  |   5006   |   0    |  85.60MB  
 00:00:01 | >>> Simulation finished - writing results ...
 00:00:01 | >>> Results written
Simulation finished.
>>> Timings
StatTimingPathPlanningAverage: 0.00010517880562060877
StatTimingPathPlanningOverall: 0.0898226999999999
StatTimingPathPlanningCount: 854
StatTimingTaskAllocationAverage: 0.0019789970297029694
StatTimingTaskAllocationOverall: 0.3997573999999998
StatTimingTaskAllocationCount: 202
StatTimingItemStorageAverage: 1.1199460916442023E-06
StatTimingItemStorageOverall: 0.0008309999999999982
StatTimingItemStorageCount: 742
StatTimingPodStorageAverage: 0.0016776061855670098
StatTimingPodStorageOverall: 0.16272779999999995
StatTimingPodStorageCount: 97
StatTimingReplenishmentBatchingAverage: 1.24E-05
StatTimingReplenishmentBatchingOverall: 2.48E-05
StatTimingReplenishmentBatchingCount: 2
StatTimingOrderBatchingAverage: 9.237810945273617E-05
StatTimingOrderBatchingOverall: 0.07427199999999988
StatTimingOrderBatchingCount: 804
>>> Overall
StatOverallBundlesPlaced: 0
StatOverallItemsOrdered: 664
StatOverallOrdersPlaced: 424
StatOverallBundlesRejected: 0
StatOverallOrdersRejected: 0
StatOverallBundlesHandled: 0
StatOverallItemsHandled: 756
StatOverallLinesHandled: 716
StatOverallOrdersHandled: 492
StatOverallCollisions: 0
StatOverallDistanceTraveled: 5006.461494258879
StatOverallDistanceEstimated: 4823
StatOverallAssignedTasks: 202
StatMaxMemoryUsed: 88,375
StatRealTimeUsed: 1.077504
StatAverageTurnoverTime: 462.7156922761403
StatMedianTurnoverTime: 316.92684705657064
StatLowerQuartileTurnoverTime: 137.78231601363512
StatUpperQuartileTurnoverTime: 698.1683405262631
StatAverageThroughputTime: 87.9890725314803
StatMedianThroughputTime: 24.442777777777835
StatLowerQuartileThroughputTime: 13.22842712474619
StatUpperQuartileThroughputTime: 86.80000000000155

Marked tag finished after 1 tries!
.Fin. - SUCCESS
<<< Welcome to the RAWSimO CLI >>>
The time is: 06/05/2024 18:20:28
Starting RAWSimO wrapper with the following arguments:
Instance: ..\..\..\..\Material\Instances\0.Weighted30min Demand separate\Dd\Weighted2.xinst
Setting: ..\..\..\..\Material\Instances\0.Weighted30min Demand separate\Dd\Weighted2.xsett
ControlConfig: ..\..\..\..\Material\Instances\0.Weighted30min Demand separate\Dd\Weighted2.xconf
StatisticsDir: ..\..\..\..\Material\Instances\0.Weighted30min Demand separate\Dd
Seed: 2
Additionally the following tag was passed: wlow
Adding handler for unhandled exceptions ...
Initializing ... 
Instance recognized!
Parsing setting config ...
Parsing control config ...
Parsing instance ...
StatisticsFolder: Weighted2-Dd_wlow_1.csv-2
Done!
