Executing ... 
 09:55:56 | >>> Warming up ...
 00:00:00 | >>> Warmup finished - starting simulation ...
 Realtime |   ETA    |  Sim.Time  | Progress | #Orders | #Bundles | Inv. | Distance | #Coll. |   Memory    
 00:00:00 |   n/a    | 0.00:00:00 |  0.00%   |    0    |    0     | 60%  |    0     |   0    | 106.93MB  
 00:00:01 | Cannot generate further orders - suspending generation for now
 00:00:01 | Cannot generate further orders - suspending generation for now
 00:00:01 | Cannot generate further orders - suspending generation for now
 00:00:01 | Cannot generate further orders - suspending generation for now
 00:00:01 | Cannot generate further orders - suspending generation for now
 00:00:01 | Cannot generate further orders - suspending generation for now
 00:00:01 | Cannot generate further orders - suspending generation for now
 00:00:01 | Cannot generate further orders - suspending generation for now
 00:00:01 | Cannot generate further orders - suspending generation for now
 00:00:01 | 00:00:00 | 0.00:30:00 | 100.00%  |   490   |    0     | 16%  |   5065   |   0    | 104.62MB  
 00:00:01 | >>> Simulation finished - writing results ...
 00:00:01 | >>> Results written
Simulation finished.
>>> Timings
StatTimingPathPlanningAverage: 0.00015346377672209049
StatTimingPathPlanningOverall: 0.12921650000000018
StatTimingPathPlanningCount: 842
StatTimingTaskAllocationAverage: 0.0028023590697674413
StatTimingTaskAllocationOverall: 0.6025071999999999
StatTimingTaskAllocationCount: 215
StatTimingItemStorageAverage: 2.1181058495821743E-06
StatTimingItemStorageOverall: 0.0015208000000000012
StatTimingItemStorageCount: 718
StatTimingPodStorageAverage: 0.002458751456310679
StatTimingPodStorageOverall: 0.2532513999999999
StatTimingPodStorageCount: 103
StatTimingReplenishmentBatchingAverage: 9.7E-06
StatTimingReplenishmentBatchingOverall: 1.94E-05
StatTimingReplenishmentBatchingCount: 2
StatTimingOrderBatchingAverage: 0.00015338541409147102
StatTimingOrderBatchingOverall: 0.12408880000000005
StatTimingOrderBatchingCount: 809
>>> Overall
StatOverallBundlesPlaced: 0
StatOverallItemsOrdered: 660
StatOverallOrdersPlaced: 427
StatOverallBundlesRejected: 0
StatOverallOrdersRejected: 0
StatOverallBundlesHandled: 0
StatOverallItemsHandled: 735
StatOverallLinesHandled: 695
StatOverallOrdersHandled: 490
StatOverallCollisions: 0
StatOverallDistanceTraveled: 5065.247566389971
StatOverallDistanceEstimated: 4952
StatOverallAssignedTasks: 215
StatMaxMemoryUsed: 106,92578125
StatRealTimeUsed: 1.5770253
StatAverageTurnoverTime: 445.9704160611603
StatMedianTurnoverTime: 332.65593072120765
StatLowerQuartileTurnoverTime: 138.2244444444447
StatUpperQuartileTurnoverTime: 623.7144444444443
StatAverageThroughputTime: 100.87402083271013
StatMedianThroughputTime: 24.222222222222257
StatLowerQuartileThroughputTime: 14.508888888888919
StatUpperQuartileThroughputTime: 88.01851372323733

Marked tag finished after 1 tries!
.Fin. - SUCCESS
<<< Welcome to the RAWSimO CLI >>>
The time is: 06/13/2024 09:55:58
Starting RAWSimO wrapper with the following arguments:
Instance: ..\..\..\..\Material\Instances\0.Weighted30min Demand separate\Dd\Weighted2.xinst
Setting: ..\..\..\..\Material\Instances\0.Weighted30min Demand separate\Dd\Weighted2.xsett
ControlConfig: ..\..\..\..\Material\Instances\0.Weighted30min Demand separate\Dd\Weighted2.xconf
StatisticsDir: ..\..\..\..\Material\Instances\0.Weighted30min Demand separate\Dd
Seed: 3
Additionally the following tag was passed: 1, 0.346, 0.05, 0.139, 0.408, 1.0
Adding handler for unhandled exceptions ...
Initializing ... 
Instance recognized!
Parsing setting config ...
Parsing control config ...
Parsing instance ...
StatisticsFolder: Weighted2-Dd_[[1, 0.346, 0.05]]_1_[0.139, 0.408, 1.0].csv-3
Done!
