Executing ... 
 13:59:28 | >>> Warming up ...
 00:00:00 | >>> Warmup finished - starting simulation ...
 Realtime |   ETA    |  Sim.Time  | Progress | #Orders | #Bundles | Inv. | Distance | #Coll. |   Memory    
 00:00:00 |   n/a    | 0.00:00:00 |  0.00%   |    0    |    0     | 60%  |    0     |   0    | 111.43MB  
 00:00:00 | Cannot generate further orders - suspending generation for now
 00:00:00 | Cannot generate further orders - suspending generation for now
 00:00:00 | Cannot generate further orders - suspending generation for now
 00:00:00 | Cannot generate further orders - suspending generation for now
 00:00:00 | Cannot generate further orders - suspending generation for now
 00:00:00 | Cannot generate further orders - suspending generation for now
 00:00:00 | Cannot generate further orders - suspending generation for now
 00:00:00 | Cannot generate further orders - suspending generation for now
 00:00:00 | Cannot generate further orders - suspending generation for now
 00:00:00 | 00:00:00 | 0.00:30:00 | 100.00%  |   486   |    0     | 17%  |   5039   |   0    | 106.72MB  
 00:00:00 | >>> Simulation finished - writing results ...
 00:00:01 | >>> Results written
Simulation finished.
>>> Timings
StatTimingPathPlanningAverage: 8.078772348033385E-05
StatTimingPathPlanningOverall: 0.0677809000000001
StatTimingPathPlanningCount: 839
StatTimingTaskAllocationAverage: 0.001642932394366197
StatTimingTaskAllocationOverall: 0.34994459999999994
StatTimingTaskAllocationCount: 213
StatTimingItemStorageAverage: 1.076553672316384E-06
StatTimingItemStorageOverall: 0.0007621999999999999
StatTimingItemStorageCount: 708
StatTimingPodStorageAverage: 0.0013985245098039217
StatTimingPodStorageOverall: 0.1426495
StatTimingPodStorageCount: 102
StatTimingReplenishmentBatchingAverage: 8.550000000000001E-06
StatTimingReplenishmentBatchingOverall: 1.7100000000000002E-05
StatTimingReplenishmentBatchingCount: 2
StatTimingOrderBatchingAverage: 7.94137279596977E-05
StatTimingOrderBatchingOverall: 0.06305449999999997
StatTimingOrderBatchingCount: 794
>>> Overall
StatOverallBundlesPlaced: 0
StatOverallItemsOrdered: 656
StatOverallOrdersPlaced: 429
StatOverallBundlesRejected: 0
StatOverallOrdersRejected: 0
StatOverallBundlesHandled: 0
StatOverallItemsHandled: 723
StatOverallLinesHandled: 683
StatOverallOrdersHandled: 486
StatOverallCollisions: 0
StatOverallDistanceTraveled: 5039.029719508397
StatOverallDistanceEstimated: 4945
StatOverallAssignedTasks: 213
StatMaxMemoryUsed: 111,41015625
StatRealTimeUsed: 0.9728209
StatAverageTurnoverTime: 459.37707785902904
StatMedianTurnoverTime: 316.32648627676264
StatLowerQuartileTurnoverTime: 127.35851372323782
StatUpperQuartileTurnoverTime: 665.403520916159
StatAverageThroughputTime: 91.49573116425341
StatMedianThroughputTime: 21.181666666666843
StatLowerQuartileThroughputTime: 13.830555555555634
StatUpperQuartileThroughputTime: 79.36564934696707

Marked tag finished after 1 tries!
.Fin. - SUCCESS
<<< Welcome to the RAWSimO CLI >>>
The time is: 06/07/2024 13:59:29
Starting RAWSimO wrapper with the following arguments:
Instance: ..\..\..\..\Material\Instances\0.Weighted30min Demand separate\Da\Weighted2.xinst
Setting: ..\..\..\..\Material\Instances\0.Weighted30min Demand separate\Da\Weighted2.xsett
ControlConfig: ..\..\..\..\Material\Instances\0.Weighted30min Demand separate\Da\Weighted2.xconf
StatisticsDir: ..\..\..\..\Material\Instances\0.Weighted30min Demand separate\Da
Seed: 1
Additionally the following tag was passed: [[1, 0.052, 1]]
Adding handler for unhandled exceptions ...
Initializing ... 
Instance recognized!
Parsing setting config ...
Parsing control config ...
Parsing instance ...
StatisticsFolder: Weighted2-Da_[[1, 0.052, 1]]_2.csv-1
Done!
